<?xml version="1.0" encoding="UTF-8"?>
<gml:FeatureCollection xmlns:xsi="http://www.w3.org/2001/XMLSchema-instance"
    xmlns:aqd="http://dd.eionet.europa.eu/schemaset/id2011850eu-1.0"
    xmlns:base="http://inspire.ec.europa.eu/schemas/base/3.3"
    xmlns:base2="http://inspire.ec.europa.eu/schemas/base2/1.0"
    xmlns:ef="http://inspire.ec.europa.eu/schemas/ef/3.0"
    xmlns:gml="http://www.opengis.net/gml/3.2"
    xmlns:ompr="http://inspire.ec.europa.eu/schemas/ompr/2.0" 
    xmlns:sam="http://www.opengis.net/sampling/2.0"
    xmlns:sams="http://www.opengis.net/samplingSpatial/2.0" 
    xmlns:xlink="http://www.w3.org/1999/xlink"
    xmlns:gmd="http://www.isotc211.org/2005/gmd"
    xmlns:gco="http://www.isotc211.org/2005/gco"
    xmlns:om="http://www.opengis.net/om/2.0"
    xmlns:swe="http://www.opengis.net/swe/2.0" 
    xmlns:am="http://inspire.ec.europa.eu/schemas/am/3.0"
    xmlns:ad="urn:x-inspire:specification:gmlas:Addresses:3.0"
    xmlns:gn="urn:x-inspire:specification:gmlas:GeographicalNames:3.0"
    xsi:schemaLocation="http://dd.eionet.europa.eu/schemaset/id2011850eu-1.0 http://dd.eionet.europa.eu/schemas/id2011850eu-1.0/AirQualityReporting.xsd"
    gml:id="Zones">
<gml:featureMember>
    <aqd:AQD_ReportingHeader gml:id="ReportingHeader">
        <aqd:change>true</aqd:change>
        <aqd:changeDescription>Change Description</aqd:changeDescription>
        <aqd:inspireId>
            <base:Identifier>
            <base:localId>Zones</base:localId>
            <base:namespace>PT.APA.AQD</base:namespace>
            </base:Identifier>
        </aqd:inspireId>
        <aqd:reportingAuthority>
            <base2:RelatedParty>
                <base2:individualName>
                    <gmd:LocalisedCharacterString>Dilia Jardim</gmd:LocalisedCharacterString>
                </base2:individualName>
                <base2:organisationName>
                    <gmd:LocalisedCharacterString>Agencia Portuguesa do Ambiente</gmd:LocalisedCharacterString>
                </base2:organisationName>
                <base2:contact>
                    <base2:Contact>
                        <base2:address>
                            <ad:AddressRepresentation>
                                <ad:adminUnit>
                                    <gn:GeographicalName>
                                        <gn:language nilReason="missing" xsi:nil="true"/>
                                        <gn:nativeness nilReason="missing" xsi:nil="true"/>
                                        <gn:nameStatus nilReason="missing" xsi:nil="true"/>
                                        <gn:sourceOfName nilReason="missing" xsi:nil="true"/>
                                        <gn:pronunciation nilReason="missing" xsi:nil="true"/>
                                        <gn:spelling>
                                            <gn:SpellingOfName>
                                                <gn:text>Rua da Murgueira, 9/9A - Zambujal Ap. 7585</gn:text>
                                                <gn:script nilReason="missing" xsi:nil="true"/>
                                            </gn:SpellingOfName>
                                        </gn:spelling>
                                    </gn:GeographicalName>
                                </ad:adminUnit>
                                <ad:locatorDesignator>Amadora</ad:locatorDesignator>
                                <ad:postCode xsi:nil="false">2611-865</ad:postCode>
                            </ad:AddressRepresentation>
                        </base2:address>
                        <base2:electronicMailAddress>dilia.jardim@apambiente.pt</base2:electronicMailAddress>
                        <base2:telephoneVoice>+351214728200</base2:telephoneVoice>
                        <base2:website>http://www.apambiente.pt</base2:website>
                    </base2:Contact>
                </base2:contact>
                <base2:role/>
            </base2:RelatedParty>
        </aqd:reportingAuthority>
        <aqd:reportingPeriod>
            <gml:TimePeriod gml:id="ReportingPeriod">
                <gml:beginPosition>2014-01-01T00:00:00Z</gml:beginPosition>
                <gml:endPosition>2014-12-31T00:00:00Z</gml:endPosition>
            </gml:TimePeriod>
        </aqd:reportingPeriod>
        <aqd:content xlink:href="PT.APA.AQD/ZON.PT3001"/>
    </aqd:AQD_ReportingHeader>
</gml:featureMember>
        <gml:featureMember>
<aqd:AQD_Zone gml:id="ZON.PT3001">
    <am:inspireId>
        <base:Identifier>
            <base:localId>ZON.PT3001</base:localId>
            <base:namespace>PT.APA.AQD</base:namespace>
        </base:Identifier>
    </am:inspireId>
    <am:name>
        <gn:GeographicalName>
            <gn:language>por</gn:language>
            <gn:nativeness xsi:nil="true" nilReason="missing" />
            <gn:nameStatus xsi:nil="true" nilReason="missing" />
            <gn:sourceOfName xsi:nil="true" nilReason="missing" />
            <gn:pronunciation xsi:nil="true" nilReason="missing" />
            <gn:spelling>
                <gn:SpellingOfName>
                    <gn:text>AML Norte</gn:text>
                    <gn:script nilReason="unknown" xsi:nil="true"/>
                </gn:SpellingOfName>
            </gn:spelling>
        </gn:GeographicalName>
    </am:name>        
    <am:geometry xlink:href="PT3001.gml" />
    <am:zoneType xlink:href="http://inspire.ec.europa.eu/codeList/ZoneTypeCode/airQualityManagementZone"/>
    <am:designationPeriod>
	<gml:TimePeriod gml:id="ZON.PT3001.DesignationPeriod">
            <gml:beginPosition>1997-01-01</gml:beginPosition>
            <gml:endPosition indeterminatePosition="unknown"/>
        </gml:TimePeriod>
    </am:designationPeriod>
    <am:environmentalDomain xlink:href="http://dd.eionet.europa.eu/vocabulary/common/environmentaldomain/air"/>
    <am:competentAuthority>
        <base2:RelatedParty>
            <base2:individualName>
                <gco:CharacterString>Dilia Jardim</gco:CharacterString>
            </base2:individualName>
            <base2:organisationName>
                <gco:CharacterString>Agencia Portuguesa do Ambiente</gco:CharacterString>
            </base2:organisationName>
            <base2:contact>
                <base2:Contact>
                    <base2:address>
                        <ad:AddressRepresentation>
                            <ad:adminUnit>
                                <gn:GeographicalName>
                                    <gn:language>eng</gn:language>
                                    <gn:nativeness xsi:nil="true" nilReason="missing"/>
                                    <gn:nameStatus xsi:nil="true" nilReason="missing"/>
                                    <gn:sourceOfName xsi:nil="true" nilReason="missing"/>
                                    <gn:pronunciation xsi:nil="true" nilReason="missing"/>
                                    <gn:spelling>
                                        <gn:SpellingOfName>
                                            <gn:text>Rua da Murgueira, 9/9A - Zambujal Ap. 7585</gn:text>
                                            <gn:script xsi:nil="true" nilReason="missing"/>
                                        </gn:SpellingOfName>
                                    </gn:spelling>
                                </gn:GeographicalName>
                            </ad:adminUnit>
                            <ad:locatorDesignator>Amadora</ad:locatorDesignator>
                            <ad:postCode xsi:nil="false">2611-865</ad:postCode>
                        </ad:AddressRepresentation>
                    </base2:address>
                    <base2:electronicMailAddress>dilia.jardim@apambiente.pt</base2:electronicMailAddress>
                    <base2:telephoneVoice>+351214728200</base2:telephoneVoice>
                    <base2:website>http://www.apambiente.pt</base2:website>
                </base2:Contact>
            </base2:contact>
        </base2:RelatedParty>
    </am:competentAuthority>
    <am:beginLifespanVersion>2014-07-11T10:01:43</am:beginLifespanVersion>
    <am:legalBasis>
        <base2:LegislationCitation gml:id="ZON.PT3001.LegislationCitation">
            <base2:name>2011/850/EC</base2:name>
            <base2:shortName>AQ IPR for e-Reporting</base2:shortName>
            <base2:date>
                <gmd:CI_Date>
                    <gmd:date>
                        <gco:Date>2011-12-12</gco:Date>
                    </gmd:date>
                    <gmd:dateType/>
                </gmd:CI_Date>
            </base2:date>
            <base2:link>http://rod.eionet.europa.eu/instruments/650</base2:link>
            <base2:identificationNumber>2011/850/EC</base2:identificationNumber>
            <base2:officialDocumentNumber>OJ L 335, 17.12.2011, p. 86&#x2013;106</base2:officialDocumentNumber>
            <base2:dateEnteredIntoForce>2014-01-01</base2:dateEnteredIntoForce>
            <base2:level xlink:href="http://inspire.ec.europa.eu/codeList/LegislationLevelValue/european"/>
        </base2:LegislationCitation>
    </am:legalBasis>
        
    <aqd:zoneCode>PT3001</aqd:zoneCode>
    <aqd:aqdZoneType xlink:href="http://dd.eionet.europa.eu/vocabulary/aq/zonetype/agg"/> 
    <aqd:residentPopulation>1000000</aqd:residentPopulation>
    <aqd:residentPopulationYear>
        <gml:TimeInstant gml:id="ZON.PT3001.ResidentPopulationTime">
            <gml:timePosition>2010</gml:timePosition>
	</gml:TimeInstant>
    </aqd:residentPopulationYear>
    <aqd:area uom="km2">1</aqd:area>

    
    <aqd:pollutants>
<aqd:Pollutant>
<aqd:pollutantCode xlink:href="http://dd.eionet.europa.eu/vocabulary/aq/pollutant/5" />
<aqd:protectionTarget xlink:href="http://dd.eionet.europa.eu/vocabulary/aq/protectiontarget/H" />
</aqd:Pollutant>
</aqd:pollutants>
<aqd:pollutants>
<aqd:Pollutant>
<aqd:pollutantCode xlink:href="http://dd.eionet.europa.eu/vocabulary/aq/pollutant/8" />
<aqd:protectionTarget xlink:href="http://dd.eionet.europa.eu/vocabulary/aq/protectiontarget/H" />
</aqd:Pollutant>
</aqd:pollutants>

    <aqd:timeExtensionExemption xlink:href="http://dd.eionet.europa.eu/vocabulary/aq/timeextensiontypes/none"/>    
        
</aqd:AQD_Zone>
</gml:featureMember>
</gml:FeatureCollection>
