<?xml version="1.0" encoding="UTF-8"?>
<gml:FeatureCollection xsi:schemaLocation="http://aqd.ec.europa.eu/aqd/0.3.7c  http://dd.eionet.europa.eu/schemas/id2011850eu-1.0/AirQualityReporting.xsd" gml:id="HR_DOC_TYPE_D" xmlns:xsi="http://www.w3.org/2001/XMLSchema-instance" xmlns:gml="http://www.opengis.net/gml/3.2" xmlns:id2="http://dd.eionet.europa.eu/schemaset/id2011850eu-1.0" xmlns:ns="http://inspire.ec.europa.eu/schemas/base/3.3" xmlns:ns1="http://inspire.ec.europa.eu/schemas/ef/3.0" xmlns:xlink="http://www.w3.org/1999/xlink" xmlns:ns2="http://inspire.ec.europa.eu/schemas/base2/1.0" xmlns:gmd="http://www.isotc211.org/2005/gmd" xmlns:ad="urn:x-inspire:specification:gmlas:Addresses:3.0" xmlns:gn="urn:x-inspire:specification:gmlas:GeographicalNames:3.0" xmlns:ns3="http://inspire.ec.europa.eu/schemas/ompr/2.0" xmlns:sam="http://www.opengis.net/sampling/2.0" xmlns:sams="http://www.opengis.net/samplingSpatial/2.0">
  <gml:featureMember>
    <id2:AQD_ReportingHeader gml:id="HR_DOC_TYPE_D">
      <id2:change>false</id2:change>
      <id2:changeDescription/>
      <id2:inspireId>
        <ns:Identifier>
          <ns:localId>HR_DOC_TYPE_D</ns:localId>
          <ns:namespace>aqd.azo.hr</ns:namespace>
          <ns:versionId>1.0</ns:versionId>
        </ns:Identifier>
      </id2:inspireId>
    </id2:AQD_ReportingHeader>
  </gml:featureMember>
  <gml:featureMember>
    <id2:AQD_SamplingPoint gml:id="HR_DOC_TYPE_D_SAMPLINGPOINT_401">
      <ns1:inspireId>
        <ns:Identifier>
          <ns:localId>HR_DOC_TYPE_D_SAMPLINGPOINT_401</ns:localId>
          <ns:namespace>aqd.azo.hr</ns:namespace>
          <ns:versionId>1.0</ns:versionId>
        </ns:Identifier>
      </ns1:inspireId>
      <ns1:name>Automatic analyzer</ns1:name>
      <ns1:additionalDescription>.</ns1:additionalDescription>
      <ns1:mediaMonitored xlink:href="http://inspire.ec.europa.eu/codeList/MediaValue/air"/>
      <ns1:responsibleParty>
        <ns2:RelatedParty/>
      </ns1:responsibleParty>
      <ns1:responsibleParty>
        <ns2:RelatedParty>
          <ns2:individualName>
            <gmd:PT_FreeText>
              <gmd:textGroup>
                <gmd:LocalisedCharacterString>Državni hidrometeorološki zavod/Ministarstvo zaštite okoliša i prirode</gmd:LocalisedCharacterString>
              </gmd:textGroup>
            </gmd:PT_FreeText>
          </ns2:individualName>
          <ns2:organisationName>
            <gmd:PT_FreeText>
              <gmd:textGroup>
                <gmd:LocalisedCharacterString>Državna mreža za trajno praćenje kvalitete zraka</gmd:LocalisedCharacterString>
              </gmd:textGroup>
            </gmd:PT_FreeText>
          </ns2:organisationName>
          <ns2:contact>
            <ns2:Contact>
              <ns2:address>
                <ad:AddressRepresentation>
                  <ad:adminUnit>
                    <gn:GeographicalName>
                      <gn:language>cro</gn:language>
                      <gn:nativeness>cro</gn:nativeness>
                      <gn:nameStatus xsi:nil="true" nilReason="unknown"/>
                      <gn:sourceOfName xsi:nil="true" nilReason="unknown"/>
                      <gn:pronunciation xsi:nil="true" nilReason="unknown"/>
                      <gn:spelling>
                        <gn:SpellingOfName>
                          <gn:text>Zagreb-Sloboština</gn:text>
                          <gn:script xsi:nil="true" nilReason="unknown"/>
                        </gn:SpellingOfName>
                      </gn:spelling>
                    </gn:GeographicalName>
                  </ad:adminUnit>
                  <ad:locatorDesignator>Grič 3</ad:locatorDesignator>
                </ad:AddressRepresentation>
              </ns2:address>
              <ns2:electronicMailAddress>kraljevic@cirus.dhz.hr</ns2:electronicMailAddress>
              <ns2:telephoneVoice>01/4565685</ns2:telephoneVoice>
              <ns2:website xsi:nil="true"/>
            </ns2:Contact>
          </ns2:contact>
        </ns2:RelatedParty>
      </ns1:responsibleParty>
      <ns1:observingCapability>
        <ns1:ObservingCapability gml:id="HR_DOC_TYPE_D_SAMPLINGPOINT_401_OBSERVINGCAPABILITY_RH0101_401">
          <ns1:observingTime>
            <gml:TimePeriod gml:id="HR_DOC_TYPE_D_SAMPLINGPOINT_401_OBSERVINGCAPABILITY_RH0101_TIMEPERIOD">
              <gml:beginPosition>2003-02-11</gml:beginPosition>
              <gml:endPosition/>
            </gml:TimePeriod>
          </ns1:observingTime>
          <ns1:processType xlink:href="http://inspire.ec.europa.eu/codeList/ProcessTypeValue/process"/>
          <ns1:resultNature xlink:href="http://inspire.ec.europa.eu/codeList/ResultNatureValue/primary"/>
          <ns1:procedure xlink:href="HR_DOC_TYPE_D_SAMPLINGPOINT_401_SAMPLINGPOINTPROCESS_RH0101_401"/>
          <ns1:featureOfInterest xlink:href="HR_DOC_TYPE_D_SAMPLINGPOINT_401_SAMPLINGPOINT_401"/>
          <ns1:observedProperty xlink:href="http://dd.eionet.europa.eu/vocabulary/aq/pollutant/9"/>
        </ns1:ObservingCapability>
      </ns1:observingCapability>
      <ns1:measurementRegime xlink:href="continuous data collection"/>
      <ns1:mobile>false</ns1:mobile>
      <ns1:operationalActivityPeriod>
        <ns1:OperationalActivityPeriod gml:id="HR_DOC_TYPE_D_SAMPLINGPOINT_401_TIMEPERIOD_STATION_RH0101">
          <ns1:activityTime>
            <gml:TimePeriod gml:id="HR_DOC_TYPE_D_SAMPLINGPOINT_401_TIMEPERIOD_STATION_RH0101_TIMEPERIOD">
              <gml:beginPosition>2003-02-11</gml:beginPosition>
              <gml:endPosition/>
            </gml:TimePeriod>
          </ns1:activityTime>
        </ns1:OperationalActivityPeriod>
      </ns1:operationalActivityPeriod>
      <id2:assessmentType xlink:href="http://dd.eionet.europa.eu/vocabulary/aq/assessmenttype/fixed"/>
      <id2:relevantEmissions>
        <id2:RelevantEmissions>
          <id2:mainEmissionSources xlink:href=""/>
          <id2:stationClassification xlink:href="http://dd.eionet.europa.eu/vocabulary/aq/stationclassification/traffic"/>
          <id2:trafficEmissions uom="t/km.year">0.0</id2:trafficEmissions>
        </id2:RelevantEmissions>
      </id2:relevantEmissions>
      <id2:usedAQD>false</id2:usedAQD>
      <id2:environmentalObjective>
        <id2:EnvironmentalObjective>
          <id2:objectiveType xlink:href="http://dd.eionet.europa.eu/vocabulary/aq/objectivetype/LV"/>
          <id2:reportingMetric xlink:href="http://dd.eionet.europa.eu/vocabulary/aq/reportingmetric/hrsAbove"/>
          <id2:protectionTarget xlink:href="http://dd.eionet.europa.eu/vocabulary/aq/protectiontarget/H"/>
        </id2:EnvironmentalObjective>
      </id2:environmentalObjective>
      <id2:changeAEIStations/>
      <id2:zone xlink:href="./HR_B_201407090935.xml#HR00ZG"/>
    </id2:AQD_SamplingPoint>
  </gml:featureMember>
  <gml:featureMember>
    <id2:AQD_SamplingPointProcess gml:id="HR_DOC_TYPE_D_SAMPLINGPOINT_401_SAMPLINGPOINTPROCESS_RH0101_401">
      <gml:description>Chemiluminescence</gml:description>
      <ns3:inspireId>
        <ns:Identifier>
          <ns:localId>HR_DOC_TYPE_D_SAMPLINGPOINT_401_SAMPLINGPOINTPROCESS_RH0101_401</ns:localId>
          <ns:namespace>aqd.azo.hr</ns:namespace>
          <ns:versionId>1.0</ns:versionId>
        </ns:Identifier>
      </ns3:inspireId>
      <ns3:type>Chemiluminescence</ns3:type>
      <ns3:responsibleParty>
        <ns2:RelatedParty/>
      </ns3:responsibleParty>
      <ns3:responsibleParty>
        <ns2:RelatedParty>
          <ns2:individualName>
            <gmd:PT_FreeText>
              <gmd:textGroup>
                <gmd:LocalisedCharacterString>Državni hidrometeorološki zavod/Ministarstvo zaštite okoliša i prirode</gmd:LocalisedCharacterString>
              </gmd:textGroup>
            </gmd:PT_FreeText>
          </ns2:individualName>
          <ns2:organisationName>
            <gmd:PT_FreeText>
              <gmd:textGroup>
                <gmd:LocalisedCharacterString>Državna mreža za trajno praćenje kvalitete zraka</gmd:LocalisedCharacterString>
              </gmd:textGroup>
            </gmd:PT_FreeText>
          </ns2:organisationName>
          <ns2:contact>
            <ns2:Contact>
              <ns2:address>
                <ad:AddressRepresentation>
                  <ad:adminUnit>
                    <gn:GeographicalName>
                      <gn:language>cro</gn:language>
                      <gn:nativeness>cro</gn:nativeness>
                      <gn:nameStatus xsi:nil="true" nilReason="unknown"/>
                      <gn:sourceOfName xsi:nil="true" nilReason="unknown"/>
                      <gn:pronunciation xsi:nil="true" nilReason="unknown"/>
                      <gn:spelling>
                        <gn:SpellingOfName>
                          <gn:text>Zagreb-Sloboština</gn:text>
                          <gn:script xsi:nil="true" nilReason="unknown"/>
                        </gn:SpellingOfName>
                      </gn:spelling>
                    </gn:GeographicalName>
                  </ad:adminUnit>
                  <ad:locatorDesignator>Grič 3</ad:locatorDesignator>
                </ad:AddressRepresentation>
              </ns2:address>
              <ns2:electronicMailAddress>kraljevic@cirus.dhz.hr</ns2:electronicMailAddress>
              <ns2:telephoneVoice>01/4565685</ns2:telephoneVoice>
              <ns2:website xsi:nil="true"/>
            </ns2:Contact>
          </ns2:contact>
        </ns2:RelatedParty>
      </ns3:responsibleParty>
      <id2:measurementType xlink:href="http://dd.eionet.europa.eu/vocabulary/aq/measurementtype/automatic"/>
      <id2:measurementMethod>
        <id2:MeasurementMethod>
          <id2:measurementMethod xlink:href="http://dd.eionet.europa.eu/vocabulary/aq/measurementmethod/chemi"/>
        </id2:MeasurementMethod>
      </id2:measurementMethod>
      <id2:measurementEquipment>
        <id2:MeasurementEquipment>
          <id2:equipment xlink:href="http://dd.eionet.europa.eu/vocabulary/aq/measurementequipment/horibaAPNA360"/>
        </id2:MeasurementEquipment>
      </id2:measurementEquipment>
      <id2:equivalenceDemonstration>
        <id2:EquivalenceDemonstration>
          <id2:equivalenceDemonstrated xlink:href=""/>
          <id2:demonstrationReport>NA</id2:demonstrationReport>
        </id2:EquivalenceDemonstration>
      </id2:equivalenceDemonstration>
      <id2:dataQuality>
        <id2:DataQuality>
          <id2:detectionLimit uom="http://dd.eionet.europa.eu/vocabulary/uom/concentration/ug.m-2.day-1">8.23</id2:detectionLimit>
          <id2:documentation>NA</id2:documentation>
          <id2:qaReport>NA</id2:qaReport>
        </id2:DataQuality>
      </id2:dataQuality>
      <id2:duration>
        <id2:TimeReferences>
          <id2:unit xlink:href="Hour"/>
          <id2:numUnits>1</id2:numUnits>
        </id2:TimeReferences>
      </id2:duration>
      <id2:cadence>
        <id2:TimeReferences>
          <id2:unit xlink:href="Hour"/>
          <id2:numUnits>1</id2:numUnits>
        </id2:TimeReferences>
      </id2:cadence>
    </id2:AQD_SamplingPointProcess>
  </gml:featureMember>
  <gml:featureMember>
    <id2:AQD_Sample gml:id="HR_DOC_TYPE_D_SAMPLINGPOINT_401_SAMPLINGPOINT_401">
      <sam:sampledFeature xlink:href="RepresentativeArea"/>
      <sams:shape>
        <gml:Point gml:id="HR_DOC_TYPE_D_SAMPLINGPOINT_401_SAMPLINGPOINT_401_SAMBLECORDINATES">
          <gml:pos srsDimension="2" srsName="urn:ogc:def:crs:EPSG: 4258">45.80033888888889 15.974072222222222</gml:pos>
        </gml:Point>
      </sams:shape>
      <id2:inspireId>
        <ns:Identifier>
          <ns:localId>HR_DOC_TYPE_D_SAMPLINGPOINT_401_SAMPLINGPOINT_401</ns:localId>
          <ns:namespace>aqd.azo.hr</ns:namespace>
          <ns:versionId>1.0</ns:versionId>
        </ns:Identifier>
      </id2:inspireId>
      <id2:inletHeight uom="m">4.0</id2:inletHeight>
      <id2:buildingDistance uom="m">30.0</id2:buildingDistance>
      <id2:kerbDistance uom="m">5.0</id2:kerbDistance>
    </id2:AQD_Sample>
  </gml:featureMember>
  <gml:featureMember>
    <id2:AQD_Station gml:id="HR_DOC_TYPE_D_STATION_RH0101">
      <ns1:inspireId>
        <ns:Identifier>
          <ns:localId>HR_DOC_TYPE_D_STATION_RH0101</ns:localId>
          <ns:namespace>aqd.azo.hr</ns:namespace>
          <ns:versionId>1.0</ns:versionId>
        </ns:Identifier>
      </ns1:inspireId>
      <ns1:name>ZAGREB-1</ns1:name>
      <ns1:mediaMonitored xlink:href="http://inspire.ec.europa.eu/codeList/MediaValue/air"/>
      <ns1:geometry>
        <gml:Point gml:id="HR_DOC_TYPE_D_STATION_RH0101_POLYGON_27">
          <gml:pos srsDimension="2" srsName="urn:ogc:def:crs:EPSG: 4258">15.974072222222222 45.80033888888889</gml:pos>
        </gml:Point>
      </ns1:geometry>
      <ns1:measurementRegime xlink:href="continuous data collection"/>
      <ns1:mobile>false</ns1:mobile>
      <ns1:operationalActivityPeriod>
        <ns1:OperationalActivityPeriod gml:id="HR_DOC_TYPE_D_STATION_RH0101_TIMEPERIOD">
          <ns1:activityTime>
            <gml:TimePeriod gml:id="HR_DOC_TYPE_D_STATION_RH0101_TIMEPERIOD_TIMEPERIOD">
              <gml:beginPosition>2003-02-11</gml:beginPosition>
              <gml:endPosition/>
            </gml:TimePeriod>
          </ns1:activityTime>
        </ns1:OperationalActivityPeriod>
      </ns1:operationalActivityPeriod>
      <ns1:belongsTo xlink:href="HR_DOC_TYPE_D_NETWORKPREFIX_58"/>
      <id2:natlStationCode>RH0101</id2:natlStationCode>
      <id2:municipality>Zagreb-Sloboština</id2:municipality>
      <id2:EUStationCode>HR0007A</id2:EUStationCode>
      <id2:areaClassification xlink:href="http://dd.eionet.europa.eu/vocabulary/aq/areaclassification/rural "/>
      <id2:dispersionSituation>
        <id2:DispersionSituation>
          <id2:distanceJunction uom="m">5</id2:distanceJunction>
          <id2:trafficVolume>0</id2:trafficVolume>
          <id2:heavy-dutyFraction>0.0</id2:heavy-dutyFraction>
          <id2:trafficSpeed uom="km/h">0</id2:trafficSpeed>
          <id2:streetWidth uom="m">0</id2:streetWidth>
          <id2:heightFacades uom="m">0</id2:heightFacades>
        </id2:DispersionSituation>
      </id2:dispersionSituation>
      <id2:altitude uom="m">0</id2:altitude>
    </id2:AQD_Station>
  </gml:featureMember>
  <gml:featureMember>
    <id2:AQD_Network gml:id="HR_DOC_TYPE_D_NETWORKPREFIX_58">
      <gml:name>Državna mreža za trajno praćenje kvalitete zraka</gml:name>
      <ns1:inspireId>
        <ns:Identifier>
          <ns:localId>HR_DOC_TYPE_D_NETWORKPREFIX_58</ns:localId>
          <ns:namespace>aqd.azo.hr</ns:namespace>
          <ns:versionId>1.0</ns:versionId>
        </ns:Identifier>
      </ns1:inspireId>
      <ns1:name>HR_DOC_TYPE_D_NETWORKPREFIX_58</ns1:name>
      <ns1:mediaMonitored xlink:href="http://inspire.ec.europa.eu/codeList/MediaValue/air"/>
      <ns1:responsibleParty>
        <ns2:RelatedParty>
          <ns2:individualName>
            <gmd:PT_FreeText>
              <gmd:textGroup>
                <gmd:LocalisedCharacterString>Državni hidrometeorološki zavod/Ministarstvo zaštite okoliša i prirode</gmd:LocalisedCharacterString>
              </gmd:textGroup>
            </gmd:PT_FreeText>
          </ns2:individualName>
          <ns2:organisationName>
            <gmd:PT_FreeText>
              <gmd:textGroup>
                <gmd:LocalisedCharacterString>Državna mreža za trajno praćenje kvalitete zraka</gmd:LocalisedCharacterString>
              </gmd:textGroup>
            </gmd:PT_FreeText>
          </ns2:organisationName>
          <ns2:contact>
            <ns2:Contact>
              <ns2:address>
                <ad:AddressRepresentation>
                  <ad:adminUnit>
                    <gn:GeographicalName>
                      <gn:language>cro</gn:language>
                      <gn:nativeness>cro</gn:nativeness>
                      <gn:nameStatus xsi:nil="true" nilReason="unknown"/>
                      <gn:sourceOfName xsi:nil="true" nilReason="unknown"/>
                      <gn:pronunciation xsi:nil="true" nilReason="unknown"/>
                      <gn:spelling>
                        <gn:SpellingOfName>
                          <gn:text>Zagreb-Sloboština</gn:text>
                          <gn:script xsi:nil="true" nilReason="unknown"/>
                        </gn:SpellingOfName>
                      </gn:spelling>
                    </gn:GeographicalName>
                  </ad:adminUnit>
                  <ad:locatorDesignator>Grič 3</ad:locatorDesignator>
                </ad:AddressRepresentation>
              </ns2:address>
              <ns2:electronicMailAddress>kraljevic@cirus.dhz.hr</ns2:electronicMailAddress>
              <ns2:telephoneVoice>01/4565685</ns2:telephoneVoice>
              <ns2:website xsi:nil="true"/>
            </ns2:Contact>
          </ns2:contact>
        </ns2:RelatedParty>
      </ns1:responsibleParty>
      <ns1:organisationLevel xlink:href="Državni hidrometeorološki zavod/Ministarstvo zaštite okoliša i prirode"/>
      <id2:networkType xlink:href="http://dd.eionet.europa.eu/vocabulary/aq/networktype/urban"/>
      <id2:operationActivityPeriod>
        <gml:TimePeriod gml:id="HR_DOC_TYPE_D_NETWORKPREFIX_58_TIMEPERIOD_TIMEPERIOD_58">
          <gml:beginPosition/>
          <gml:endPosition/>
        </gml:TimePeriod>
      </id2:operationActivityPeriod>
      <id2:aggregationTimeZone xlink:href="http://dd.eionet.europa.eu/vocabulary/aq/timezone/UTC+01"/>
    </id2:AQD_Network>
  </gml:featureMember>
  <gml:featureMember>
    <id2:AQD_Network gml:id="HR_DOC_TYPE_D_NETWORKPREFIX_65">
      <gml:name>Mjerna mreža Cemex Hrvatska d.o.o.</gml:name>
      <ns1:inspireId>
        <ns:Identifier>
          <ns:localId>HR_DOC_TYPE_D_NETWORKPREFIX_65</ns:localId>
          <ns:namespace>aqd.azo.hr</ns:namespace>
          <ns:versionId>1.0</ns:versionId>
        </ns:Identifier>
      </ns1:inspireId>
      <ns1:name>HR_DOC_TYPE_D_NETWORKPREFIX_65</ns1:name>
      <ns1:mediaMonitored xlink:href="http://inspire.ec.europa.eu/codeList/MediaValue/air"/>
      <ns1:responsibleParty>
        <ns2:RelatedParty>
          <ns2:individualName>
            <gmd:PT_FreeText>
              <gmd:textGroup>
                <gmd:LocalisedCharacterString>CEMEX Hrvatska d.d.</gmd:LocalisedCharacterString>
              </gmd:textGroup>
            </gmd:PT_FreeText>
          </ns2:individualName>
          <ns2:organisationName>
            <gmd:PT_FreeText>
              <gmd:textGroup>
                <gmd:LocalisedCharacterString>Mjerna mreža Cemex Hrvatska d.o.o.</gmd:LocalisedCharacterString>
              </gmd:textGroup>
            </gmd:PT_FreeText>
          </ns2:organisationName>
          <ns2:contact>
            <ns2:Contact>
              <ns2:address>
                <ad:AddressRepresentation>
                  <ad:adminUnit>
                    <gn:GeographicalName>
                      <gn:language>cro</gn:language>
                      <gn:nativeness>cro</gn:nativeness>
                      <gn:nameStatus xsi:nil="true" nilReason="unknown"/>
                      <gn:sourceOfName xsi:nil="true" nilReason="unknown"/>
                      <gn:pronunciation xsi:nil="true" nilReason="unknown"/>
                      <gn:spelling>
                        <gn:SpellingOfName>
                          <gn:text>Blinjski Kut</gn:text>
                          <gn:script xsi:nil="true" nilReason="unknown"/>
                        </gn:SpellingOfName>
                      </gn:spelling>
                    </gn:GeographicalName>
                  </ad:adminUnit>
                  <ad:locatorDesignator>F. Tuđmana 45</ad:locatorDesignator>
                </ad:AddressRepresentation>
              </ns2:address>
              <ns2:electronicMailAddress>merica.pletikosic@cemex.com</ns2:electronicMailAddress>
              <ns2:telephoneVoice>021201079</ns2:telephoneVoice>
              <ns2:website xsi:nil="true"/>
            </ns2:Contact>
          </ns2:contact>
        </ns2:RelatedParty>
      </ns1:responsibleParty>
      <ns1:organisationLevel xlink:href="CEMEX Hrvatska d.d."/>
      <id2:networkType xlink:href="http://dd.eionet.europa.eu/vocabulary/aq/networktype/local"/>
      <id2:operationActivityPeriod>
        <gml:TimePeriod gml:id="HR_DOC_TYPE_D_NETWORKPREFIX_65_TIMEPERIOD_TIMEPERIOD_65">
          <gml:beginPosition/>
          <gml:endPosition/>
        </gml:TimePeriod>
      </id2:operationActivityPeriod>
      <id2:aggregationTimeZone xlink:href="http://dd.eionet.europa.eu/vocabulary/aq/timezone/UTC+01"/>
    </id2:AQD_Network>
  </gml:featureMember>
  <gml:featureMember>
    <id2:AQD_Model gml:id="MEDIA_MONITORED_CILJ_ID_1_POLUTANT_1_1">
      <gml:description>Testna objektivna procjena</gml:description>
      <ns1:inspireId>
        <ns:Identifier>
          <ns:localId>MEDIA_MONITORED_CILJ_ID_1_POLUTANT_1_LOCAL</ns:localId>
          <ns:namespace>aqd.azo.hr</ns:namespace>
          <ns:versionId>1.0</ns:versionId>
        </ns:Identifier>
      </ns1:inspireId>
      <ns1:name/>
      <ns1:mediaMonitored xlink:href=""/>
      <ns1:observingCapability>
        <ns1:ObservingCapability gml:id="MEDIA_MONITORED_CILJ_ID_1_POLUTANT_1_MODEL_OBJECTIVE_ESTIMATION_1">
          <ns1:observingTime>
            <gml:TimePeriod gml:id="MEDIA_MONITORED_CILJ_ID_1_POLUTANT_1_MODEL_TIMEPERIOD_1">
              <gml:beginPosition>2001-01-01</gml:beginPosition>
              <gml:endPosition/>
            </gml:TimePeriod>
          </ns1:observingTime>
          <ns1:processType xlink:href="http://inspire.ec.europa.eu/codeList/ProcessTypeValue/process"/>
          <ns1:resultNature xlink:href="http://inspire.ec.europa.eu/codeList/ResultNatureValue/primary"/>
          <ns1:procedure xlink:href="MEDIA_MONITORED_CILJ_ID_1_POLUTANT_1_1"/>
          <ns1:featureOfInterest>
            <id2:AQD_ModelArea gml:id="MEDIA_MONITORED_CILJ_ID_1_POLUTANT_1_MODEL_MODEL_GEOMETRY_ID_0">
              <gml:name>MODEL</gml:name>
              <sam:sampledFeature xsi:nil="true" nilReason="inapplicable"/>
              <sams:shape>
                <gml:MultiSurface gml:id="MEDIA_MONITORED_CILJ_ID_1_POLUTANT_1_MODEL_MODEL_GEOMETRY_MULTISURFICE_ID_1" srsName="urn:ogc:def:crs:EPSG::4258">
                  <gml:surfaceMember>
                    <gml:Polygon gml:id="MEDIA_MONITORED_CILJ_ID_1_POLUTANT_1_MODEL_0">
                      <gml:exterior>
                        <gml:LinearRing>
                          <gml:posList srsDimension="2">45.58539 18.61786 45.58664 18.61571 45.58681 18.61543 45.58698 18.61528 45.58721 18.61509 45.58771 18.61474 45.58851 18.61417 45.5893 18.61361 45.59001 18.61311 45.59204 18.61155 45.59234 18.61128 45.59365 18.6101 45.59419 18.60905 45.59439 18.60886 45.59542 18.60789 45.59558 18.60726 45.59569 18.60687 45.5957 18.60682 45.59414 18.60544 45.59226 18.60452 45.59076 18.60391 45.58962 18.60345 45.58892 18.60316 45.58775 18.6027 45.58746 18.60258 45.58697 18.60211 45.58685 18.60199 45.58641 18.60115 45.58626 18.59965 45.58618 18.59884 45.58571 18.59385 45.58578 18.59285 45.58578 18.59266 45.58579 18.59181 45.5858 18.58926 45.58579 18.58884 45.58577 18.58801 45.58584 18.58693 45.58574 18.5861 45.58551 18.58526 45.58545 18.58516 45.58527 18.58486 45.58503 18.58471 45.58496 18.58467 45.58494 18.58464 45.58466 18.58426 45.58493 18.58378 45.58525 18.58354 45.58535 18.58341 45.58565 18.58301 45.58585 18.58292 45.58618 18.58277 45.58752 18.58249 45.58801 18.5819 45.58845 18.58156 45.58956 18.58114 45.58973 18.58114 45.58994 18.58114 45.59066 18.5807 45.59102 18.58044 45.59159 18.58003 45.59205 18.57979 45.59215 18.57974 45.5927 18.5794 45.59347 18.57909 45.59411 18.57883 45.59508 18.57777 45.59535 18.57747 45.59555 18.57716 45.59588 18.57664 45.5962 18.57602 45.59643 18.57556 45.59487 18.57307 45.5937 18.57121 45.59268 18.56958 45.59317 18.56881 45.59046 18.56474 45.58514 18.55676 45.58453 18.56207 45.58445 18.56279 45.57831 18.56156 45.57465 18.56083 45.56585 18.55887 45.56497 18.5585 45.56495 18.55849 45.56493 18.55848 45.56479 18.55825 45.56469 18.55808 45.56438 18.5571 45.56241 18.55869 45.55963 18.56091 45.55852 18.5615 45.55789 18.56074 45.55724 18.5616 45.55704 18.56093 45.55692 18.56051 45.55433 18.56206 45.55218 18.56093 45.55196 18.56092 45.55138 18.56089 45.55049 18.56193 45.55062 18.5629 45.55015 18.5636 45.55085 18.56582 45.5527 18.57173 45.54941 18.57377 45.54742 18.57477 45.54551 18.57529 45.54508 18.57544 45.54451 18.57564 45.54469 18.57872 45.54642 18.57905 45.54843 18.58 45.54927 18.58088 45.54992 18.58237 45.55018 18.58548 45.54981 18.58579 45.54872 18.58668 45.54822 18.58649 45.54775 18.5863 45.54666 18.58463 45.5452 18.58875 45.54299 18.59494 45.54291 18.59528 45.54278 18.59584 45.54248 18.59621 45.54227 18.59648 45.54181 18.59665 45.5409 18.59715 45.53766 18.59837 45.53786 18.59924 45.5384 18.60149 45.53841 18.60161 45.53867 18.60404 45.53877 18.60489 45.5374 18.60555 45.537 18.60574 45.53588 18.61017 45.53585 18.61401 45.53585 18.61404 45.5356 18.6192 45.53372 18.62005 45.53371 18.61972 45.5337 18.6195 45.53256 18.62001 45.53126 18.62061 45.53103 18.62071 45.53096 18.62073 45.52928 18.62145 45.52877 18.61984 45.52855 18.61915 45.52625 18.61982 45.52327 18.62103 45.52052 18.62178 45.51997 18.61974 45.51771 18.62061 45.51493 18.62156 45.51149 18.62244 45.50962 18.62126 45.50963 18.62126 45.50974 18.62149 45.50996 18.62335 45.51015 18.625 45.51034 18.62605 45.51038 18.62628 45.51044 18.62661 45.51051 18.62695 45.51063 18.62764 45.51014 18.63128 45.51031 18.63273 45.51125 18.64089 45.51138 18.64168 45.51151 18.64252 45.51073 18.64426 45.51324 18.65414 45.51609 18.66533 45.5151 18.66604 45.51407 18.66678 45.51476 18.66852 45.51564 18.67076 45.51608 18.67148 45.51664 18.67241 45.51698 18.67412 45.51702 18.67437 45.51783 18.67728 45.51791 18.67789 45.51809 18.6794 45.51811 18.6797 45.51813 18.68005 45.51728 18.67966 45.51621 18.67918 45.51681 18.68098 45.51747 18.68298 45.51767 18.68394 45.51784 18.68478 45.51783 18.68574 45.51783 18.68626 45.51782 18.68665 45.51775 18.68811 45.5177 18.68932 45.51768 18.69015 45.51767 18.69062 45.51766 18.69132 45.51764 18.69222 45.51839 18.69242 45.51896 18.69258 45.52008 18.69468 45.52083 18.69644 45.52115 18.69742 45.52113 18.69763 45.52113 18.69765 45.52111 18.6979 45.52092 18.69813 45.52036 18.69879 45.51878 18.70114 45.51844 18.70165 45.5167 18.70383 45.51586 18.70385 45.51531 18.70387 45.51435 18.704 45.51414 18.70416 45.51378 18.70444 45.51358 18.70465 45.51315 18.70511 45.5128 18.70568 45.51247 18.70623 45.50948 18.7096 45.50862 18.71049 45.50652 18.71267 45.50458 18.71484 45.50128 18.71853 45.50079 18.719 45.50015 18.71961 45.49931 18.72043 45.494 18.72563 45.48846 18.71552 45.48642 18.71757 45.48701 18.71881 45.48721 18.71923 45.48697 18.71947 45.48671 18.71973 45.48214 18.72437 45.48127 18.72294 45.47551 18.72883 45.47562 18.72908 45.47608 18.73014 45.47582 18.73039 45.47536 18.73084 45.47428 18.73189 45.47378 18.73239 45.47328 18.73136 45.47322 18.73123 45.46447 18.74058 45.4594 18.746 45.45985 18.747 45.46046 18.74836 45.45901 18.74977 45.45823 18.75052 45.4577 18.75104 45.45543 18.75323 45.45518 18.75284 45.45421 18.75127 45.45055 18.75543 45.44466 18.76109 45.44515 18.76642 45.44536 18.76866 45.44597 18.77728 45.4466 18.7862 45.45504 18.79344 45.4558 18.7941 45.4566 18.79479 45.45756 18.79552 45.45828 18.79612 45.45911 18.79682 45.46015 18.79763 45.46049 18.79793 45.4613 18.79865 45.46191 18.79948 45.46283 18.80072 45.46426 18.80251 45.45812 18.81576 45.45809 18.81583 45.45779 18.81647 45.46336 18.8274 45.46464 18.82992 45.46531 18.83093 45.46593 18.83187 45.46641 18.83239 45.46789 18.83404 45.46878 18.83503 45.46805 18.83618 45.46402 18.84249 45.4649 18.84254 45.46614 18.84347 45.46714 18.84515 45.46962 18.84742 45.4706 18.84845 45.47081 18.84897 45.47108 18.8496 45.47346 18.85081 45.47559 18.8519 45.47729 18.85068 45.47821 18.85004 45.47837 18.84992 45.47893 18.84952 45.47889 18.84883 45.47955 18.84865 45.48162 18.84809 45.47875 18.83134 45.48232 18.82707 45.48146 18.82566 45.48205 18.82479 45.4821 18.82471 45.4827 18.824 45.48271 18.824 45.48331 18.8233 45.48409 18.82239 45.4902 18.81532 45.49391 18.81104 45.4954 18.80927 45.498 18.80618 45.49866 18.8054 45.50015 18.80393 45.5007 18.80334 45.50269 18.80122 45.50489 18.79835 45.50498 18.79996 45.50504 18.80094 45.5064 18.80179 45.50832 18.80299 45.50922 18.8074 45.50983 18.81035 45.51351 18.81759 45.51392 18.81846 45.51406 18.81896 45.51421 18.81951 45.51568 18.82588 45.51672 18.82994 45.51749 18.834 45.51761 18.83465 45.51847 18.83879 45.51902 18.84005 45.51905 18.84012 45.5191 18.8402 45.51909 18.84022 45.51645 18.84821 45.51705 18.84835 45.52024 18.84906 45.52001 18.85172 45.51987 18.85325 45.52455 18.85807 45.53043 18.86461 45.53382 18.86001 45.53393 18.86024 45.53395 18.86028 45.53425 18.8605 45.53512 18.86115 45.53602 18.8621 45.53673 18.86285 45.53807 18.86327 45.53899 18.8634 45.53931 18.86345 45.54149 18.86306 45.54351 18.862 45.54473 18.8613 45.54636 18.86037 45.54801 18.85988 45.5502 18.85916 45.55126 18.85884 45.55198 18.85867 45.55221 18.85861 45.55178 18.85589 45.55155 18.8538 45.55137 18.8525 45.55119 18.85117 45.55085 18.84873 45.55074 18.84785 45.55047 18.84578 45.55016 18.84323 45.54984 18.84102 45.54965 18.83901 45.55252 18.83902 45.55379 18.83903 45.55521 18.83821 45.5587 18.83532 45.55837 18.83481 45.5583 18.8347 45.5582 18.83456 45.55815 18.83447 45.55738 18.83356 45.55643 18.8325 45.55619 18.83227 45.55544 18.83154 45.55463 18.8307 45.55405 18.83009 45.55359 18.82945 45.5524 18.82776 45.55121 18.82594 45.55035 18.82463 45.54978 18.82346 45.54972 18.82255 45.54971 18.82236 45.54994 18.82126 45.55041 18.81864 45.5509 18.81596 45.55113 18.81403 45.55127 18.81317 45.55133 18.81281 45.55133 18.81224 45.55134 18.81166 45.55119 18.81044 45.55106 18.80892 45.55074 18.80703 45.55064 18.80656 45.55031 18.80503 45.54948 18.80165 45.54902 18.80012 45.54855 18.79838 45.54786 18.79637 45.54711 18.7943 45.54594 18.7905 45.54587 18.79015 45.54541 18.78808 45.54448 18.78329 45.54421 18.78138 45.54413 18.78081 45.54382 18.77812 45.54304 18.77311 45.54275 18.77165 45.54263 18.77068 45.54258 18.77033 45.5425 18.76896 45.54252 18.76837 45.54253 18.76801 45.54258 18.76758 45.54268 18.76691 45.54305 18.76576 45.54325 18.76522 45.54354 18.76445 45.54567 18.76138 45.54694 18.75972 45.54827 18.75821 45.54898 18.75753 45.55368 18.75439 45.55502 18.75341 45.55533 18.75315 45.55691 18.75176 45.55787 18.7507 45.55796 18.75061 45.55831 18.7499 45.55964 18.74727 45.56031 18.74554 45.56149 18.74178 45.56189 18.74031 45.56216 18.73931 45.56241 18.73805 45.56255 18.73731 45.56304 18.7348 45.56426 18.73497 45.56524 18.73533 45.56588 18.73557 45.56816 18.73729 45.56837 18.73688 45.56874 18.73617 45.56891 18.73586 45.56947 18.73479 45.56947 18.7347 45.56953 18.73283 45.5696 18.73062 45.56947 18.72914 45.56936 18.72794 45.56941 18.72594 45.57373 18.72717 45.57486 18.72749 45.57589 18.72225 45.5757 18.72216 45.57501 18.72187 45.57484 18.72091 45.57447 18.71891 45.57418 18.71582 45.57399 18.71381 45.574 18.71351 45.57414 18.70771 45.57414 18.70766 45.57414 18.70758 45.57404 18.70333 45.57418 18.7023 45.57425 18.70186 45.5743 18.70155 45.5745 18.70021 45.575 18.69824 45.57506 18.69794 45.5753 18.69774 45.57542 18.69774 45.57557 18.69773 45.57617 18.69794 45.57674 18.69813 45.57741 18.69838 45.57816 18.69865 45.57939 18.6991 45.57982 18.69926 45.57951 18.69873 45.57919 18.69818 45.57872 18.69737 45.57883 18.69732 45.57894 18.69726 45.57974 18.69684 45.57868 18.69538 45.57843 18.69503 45.57707 18.69296 45.57697 18.69278 45.57678 18.69243 45.57657 18.69133 45.57664 18.69029 45.57665 18.69017 45.57676 18.6897 45.57743 18.68897 45.57903 18.68683 45.57937 18.68647 45.58051 18.68527 45.58037 18.68515 45.58032 18.68511 45.57987 18.68471 45.57887 18.68383 45.5781 18.68257 45.57799 18.68226 45.5769 18.67918 45.5761 18.67644 45.57557 18.67375 45.57542 18.67279 45.57481 18.66906 45.57475 18.66859 45.57473 18.66845 45.57446 18.66658 45.57602 18.66576 45.5762 18.66449 45.57647 18.66162 45.57651 18.6609 45.57653 18.66058 45.57661 18.65929 45.57659 18.65919 45.57658 18.65916 45.57656 18.65904 45.57653 18.65893 45.57612 18.65678 45.57558 18.65419 45.57526 18.65264 45.57512 18.65243 45.57451 18.65155 45.57313 18.65028 45.57321 18.64932 45.57324 18.649 45.57327 18.64867 45.57417 18.64563 45.57459 18.64389 45.57481 18.64295 45.57578 18.64072 45.57622 18.63974 45.57752 18.63617 45.57856 18.63333 45.57876 18.63277 45.57916 18.63144 45.57965 18.62979 45.58098 18.62653 45.58322 18.62191 45.58504 18.61851 45.58539 18.61786</gml:posList>
                        </gml:LinearRing>
                      </gml:exterior>
                    </gml:Polygon>
                  </gml:surfaceMember>
                  <gml:surfaceMember>
                    <gml:Polygon gml:id="MEDIA_MONITORED_CILJ_ID_1_POLUTANT_1_MODEL_1">
                      <gml:exterior>
                        <gml:LinearRing>
                          <gml:posList srsDimension="2">43.53632 16.44603 43.53633 16.44595 43.53635 16.44583 43.53636 16.44577 43.53636 16.44567 43.53636 16.44564 43.5363 16.44553 43.53628 16.44549 43.53625 16.44546 43.53625 16.44541 43.53627 16.44531 43.53631 16.44525 43.53634 16.4452 43.53636 16.44515 43.53636 16.44511 43.53633 16.44507 43.53628 16.44505 43.53627 16.44505 43.53623 16.44507 43.53618 16.44506 43.53617 16.44503 43.53616 16.44501 43.53615 16.44496 43.53608 16.44494 43.53605 16.44497 43.53603 16.44501 43.53601 16.4451 43.53596 16.44522 43.53592 16.44531 43.53586 16.44545 43.53581 16.44556 43.53577 16.44563 43.53575 16.44572 43.53572 16.44586 43.53571 16.44596 43.5357 16.44609 43.53571 16.44619 43.53571 16.44634 43.53573 16.44645 43.53575 16.44652 43.53577 16.44661 43.53582 16.44672 43.5359 16.44682 43.53596 16.44688 43.53602 16.44691 43.53607 16.44694 43.5361 16.44695 43.53616 16.44693 43.5362 16.44691 43.53624 16.44685 43.53627 16.44669 43.53627 16.44659 43.53629 16.44624 43.53631 16.44614 43.53631 16.44606 43.53632 16.44603</gml:posList>
                        </gml:LinearRing>
                      </gml:exterior>
                    </gml:Polygon>
                  </gml:surfaceMember>
                  <gml:surfaceMember>
                    <gml:Polygon gml:id="MEDIA_MONITORED_CILJ_ID_1_POLUTANT_1_MODEL_2">
                      <gml:exterior>
                        <gml:LinearRing>
                          <gml:posList srsDimension="2">43.5241 16.27317 43.52423 16.27303 43.52422 16.27295 43.52411 16.27273 43.52411 16.27255 43.52415 16.27241 43.52418 16.27197 43.5242 16.27185 43.52419 16.27134 43.52413 16.2709 43.52411 16.27066 43.52404 16.27038 43.52387 16.2703 43.52368 16.27027 43.52361 16.2703 43.52359 16.27033 43.52356 16.27033 43.52352 16.27028 43.52349 16.27019 43.52348 16.27005 43.52346 16.27 43.52338 16.26998 43.52328 16.27 43.52322 16.27004 43.52318 16.27012 43.52317 16.27023 43.52316 16.27038 43.52322 16.27054 43.5233 16.27071 43.52333 16.27081 43.52339 16.2709 43.52343 16.27102 43.52344 16.2712 43.52335 16.27143 43.52333 16.27153 43.52332 16.27164 43.52334 16.27178 43.5234 16.27192 43.52366 16.27231 43.52398 16.27303 43.52405 16.27314 43.5241 16.27317</gml:posList>
                        </gml:LinearRing>
                      </gml:exterior>
                    </gml:Polygon>
                  </gml:surfaceMember>
                  <gml:surfaceMember>
                    <gml:Polygon gml:id="MEDIA_MONITORED_CILJ_ID_1_POLUTANT_1_MODEL_3">
                      <gml:exterior>
                        <gml:LinearRing>
                          <gml:posList srsDimension="2">43.53223 16.62762 43.53593 16.61962 43.53767 16.61631 43.5403 16.61131 43.54111 16.6062 43.54171 16.60247 43.54347 16.59755 43.54423 16.59546 43.54561 16.5916 43.54567 16.59138 43.55182 16.56993 43.54666 16.55449 43.54665 16.55448 43.53908 16.54702 43.53779 16.54575 43.53381 16.54183 43.52571 16.53386 43.52554 16.53369 43.52528 16.53343 43.52418 16.53231 43.5238 16.53233 43.52227 16.5324 43.5212 16.53209 43.52076 16.53196 43.52034 16.53138 43.52031 16.53073 43.52082 16.52759 43.52085 16.52737 43.52087 16.52717 43.52108 16.52521 43.52124 16.52365 43.52161 16.5209 43.52245 16.51679 43.52222 16.51677 43.52275 16.51441 43.52311 16.51282 43.52404 16.51043 43.52548 16.50914 43.52566 16.50823 43.52586 16.50814 43.52599 16.50812 43.52641 16.50805 43.52654 16.50788 43.52693 16.50737 43.52783 16.50512 43.52803 16.50462 43.5281 16.50444 43.52815 16.5043 43.52854 16.50169 43.52869 16.50063 43.5287 16.50055 43.52877 16.50005 43.52885 16.4986 43.52892 16.49734 43.52914 16.49595 43.52925 16.49528 43.52927 16.49517 43.52928 16.49343 43.52929 16.48958 43.52929 16.48867 43.5293 16.48409 43.52931 16.48405 43.52931 16.48403 43.52931 16.48388 43.52932 16.48332 43.52932 16.48297 43.52933 16.48279 43.52934 16.48203 43.52755 16.47447 43.52755 16.47446 43.52753 16.47424 43.52753 16.47418 43.52752 16.47414 43.5275 16.4741 43.52746 16.47403 43.52744 16.47398 43.52742 16.47395 43.52742 16.47391 43.52744 16.47388 43.52753 16.47378 43.52759 16.47376 43.52762 16.47374 43.52766 16.47367 43.52767 16.47356 43.52767 16.47353 43.52766 16.47351 43.52762 16.47346 43.52757 16.47339 43.52753 16.47332 43.5275 16.4732 43.52752 16.47295 43.52754 16.4728 43.52756 16.47262 43.52758 16.47246 43.52761 16.47216 43.52764 16.47185 43.52769 16.4715 43.52773 16.47116 43.52775 16.47097 43.52776 16.47084 43.52777 16.4707 43.52788 16.4707 43.52789 16.4705 43.5278 16.4705 43.52783 16.47027 43.52784 16.47007 43.52786 16.46994 43.5279 16.46971 43.52792 16.46958 43.52795 16.46919 43.52799 16.4689 43.528 16.46883 43.52806 16.46885 43.52809 16.46865 43.52802 16.46863 43.52806 16.46829 43.52809 16.46799 43.52815 16.46746 43.52821 16.46701 43.52829 16.46625 43.52831 16.46603 43.52841 16.46517 43.52843 16.46504 43.52848 16.46467 43.52847 16.4646 43.5284 16.46437 43.52829 16.46405 43.52799 16.46315 43.52795 16.46303 43.52793 16.46297 43.52787 16.46292 43.52774 16.46276 43.52768 16.46269 43.52766 16.46267 43.52761 16.4626 43.52759 16.46249 43.52759 16.4623 43.52758 16.46222 43.52748 16.46193 43.5274 16.46173 43.52734 16.46158 43.5273 16.4615 43.52728 16.4614 43.52725 16.46132 43.5272 16.4612 43.52716 16.4611 43.52714 16.46102 43.52713 16.46088 43.52714 16.46086 43.52717 16.46081 43.52725 16.46074 43.52736 16.46073 43.52743 16.46071 43.52749 16.46064 43.52752 16.46055 43.52756 16.46043 43.52758 16.4604 43.52768 16.46038 43.52773 16.46037 43.52777 16.46031 43.52777 16.46023 43.5278 16.46006 43.52783 16.45989 43.52785 16.45977 43.52789 16.45971 43.52795 16.45964 43.52798 16.45961 43.52803 16.45954 43.52806 16.4595 43.52806 16.45943 43.52807 16.4591 43.52805 16.45896 43.52802 16.45873 43.52799 16.45854 43.52797 16.45836 43.52795 16.45814 43.52793 16.45791 43.52791 16.45758 43.52787 16.4572 43.52785 16.45706 43.52785 16.45696 43.52788 16.45681 43.52791 16.45659 43.52791 16.45632 43.5279 16.45612 43.52788 16.45594 43.52788 16.45573 43.52791 16.45564 43.52792 16.45561 43.52792 16.4555 43.5279 16.45545 43.52791 16.45538 43.52798 16.45527 43.52814 16.45511 43.52824 16.45505 43.52832 16.45495 43.52839 16.45486 43.52845 16.45481 43.52854 16.4547 43.52856 16.45467 43.52863 16.45454 43.52869 16.45441 43.52871 16.45435 43.52873 16.45426 43.52876 16.4542 43.52879 16.45406 43.52881 16.45391 43.52882 16.45356 43.52881 16.45344 43.5288 16.45331 43.52881 16.45323 43.52886 16.45323 43.52887 16.45309 43.52882 16.45309 43.52878 16.45306 43.52876 16.45302 43.52876 16.45295 43.52881 16.45271 43.52886 16.45252 43.52892 16.45227 43.52896 16.45214 43.52899 16.45206 43.52903 16.452 43.52905 16.45196 43.52906 16.4518 43.52905 16.45175 43.52899 16.4516 43.52897 16.45154 43.52898 16.45106 43.52897 16.45101 43.52893 16.45092 43.52883 16.45059 43.52897 16.45049 43.52892 16.45038 43.52878 16.45048 43.52861 16.45059 43.52851 16.45066 43.52846 16.45065 43.5284 16.45058 43.52828 16.45043 43.52818 16.45031 43.52803 16.45013 43.52795 16.45001 43.52787 16.44992 43.52782 16.44983 43.52781 16.44974 43.52782 16.44925 43.5278 16.44921 43.52775 16.44918 43.52768 16.44913 43.52765 16.4491 43.52764 16.44908 43.52776 16.44889 43.52785 16.44873 43.5279 16.44866 43.52791 16.44865 43.52793 16.44865 43.52795 16.44867 43.52805 16.44875 43.52817 16.44884 43.52828 16.44891 43.52832 16.44893 43.52852 16.44909 43.52857 16.44913 43.52862 16.44918 43.52865 16.44918 43.52875 16.44913 43.52892 16.44905 43.52904 16.44896 43.52912 16.44893 43.52924 16.44888 43.52933 16.44887 43.52942 16.44888 43.52948 16.44891 43.5295 16.44891 43.52954 16.44885 43.52972 16.44863 43.52983 16.44854 43.52989 16.44843 43.52994 16.44829 43.53 16.44813 43.53003 16.44779 43.53002 16.44755 43.53001 16.44746 43.53001 16.44737 43.53009 16.44722 43.53021 16.44691 43.53023 16.44688 43.53022 16.44683 43.5302 16.44677 43.53017 16.44676 43.52988 16.44664 43.52953 16.44645 43.52907 16.44625 43.52864 16.44604 43.52836 16.4459 43.52828 16.44586 43.52825 16.44584 43.52818 16.44583 43.52788 16.44568 43.52777 16.44562 43.5277 16.44557 43.52733 16.44539 43.52726 16.44536 43.52719 16.44537 43.52707 16.44549 43.52694 16.44562 43.52684 16.44572 43.52679 16.44571 43.52632 16.44546 43.52621 16.4454 43.52615 16.44539 43.52595 16.44528 43.52582 16.44521 43.52545 16.44501 43.52532 16.44495 43.52485 16.44474 43.5244 16.4445 43.5239 16.44426 43.5237 16.44415 43.52369 16.44412 43.52369 16.44404 43.52375 16.44382 43.52381 16.44363 43.52384 16.44359 43.5239 16.4436 43.52405 16.4437 43.52415 16.44373 43.52442 16.44387 43.5246 16.44399 43.52503 16.44422 43.52522 16.44429 43.52535 16.44438 43.52572 16.44457 43.52586 16.44466 43.52591 16.44447 43.52573 16.44437 43.52528 16.44414 43.52485 16.44395 43.52497 16.4435 43.52531 16.44353 43.52554 16.44358 43.52598 16.44366 43.52599 16.44349 43.52568 16.44343 43.52525 16.44335 43.52492 16.44331 43.52447 16.44321 43.52417 16.44316 43.52419 16.44275 43.5244 16.4428 43.52466 16.44286 43.52505 16.44295 43.52539 16.44299 43.52584 16.44309 43.52624 16.44315 43.52625 16.44305 43.52578 16.44298 43.52576 16.44293 43.52576 16.44285 43.52578 16.44282 43.52608 16.4429 43.5263 16.44292 43.52631 16.44276 43.52581 16.4427 43.52569 16.44264 43.52517 16.44252 43.52477 16.44245 43.52439 16.44237 43.52443 16.44201 43.52493 16.44212 43.52536 16.4422 43.52564 16.44225 43.52564 16.44207 43.52446 16.44183 43.52444 16.44173 43.52448 16.4415 43.52473 16.44156 43.52504 16.44163 43.52528 16.44166 43.52551 16.44172 43.52554 16.44172 43.52555 16.44155 43.52515 16.44147 43.5248 16.4414 43.52455 16.44135 43.5245 16.44133 43.52451 16.44104 43.52457 16.44101 43.52487 16.44108 43.52521 16.44114 43.52545 16.44119 43.52561 16.44122 43.52566 16.4406 43.52543 16.44053 43.52541 16.44046 43.52546 16.44008 43.5255 16.44 43.52559 16.44001 43.52563 16.44005 43.52571 16.44005 43.5258 16.43998 43.52587 16.43998 43.52608 16.44005 43.52621 16.44004 43.52621 16.43991 43.52605 16.4399 43.526 16.43988 43.52593 16.43986 43.52589 16.43984 43.52587 16.43981 43.52607 16.43977 43.52615 16.43975 43.52633 16.4398 43.52651 16.43983 43.52663 16.43981 43.52667 16.43976 43.52668 16.43962 43.52666 16.43956 43.52652 16.43942 43.52637 16.43932 43.52624 16.43925 43.52614 16.43918 43.52609 16.43911 43.52608 16.43902 43.52611 16.43898 43.52615 16.439 43.52624 16.43914 43.52636 16.43916 43.52641 16.43913 43.52654 16.43903 43.52667 16.43887 43.52671 16.4388 43.52676 16.43873 43.52687 16.43861 43.52694 16.43855 43.52712 16.43859 43.52734 16.4389 43.5274 16.43897 43.52746 16.43904 43.52757 16.43913 43.5278 16.43922 43.52792 16.43931 43.52797 16.43939 43.528 16.4395 43.52803 16.43967 43.5281 16.43976 43.5282 16.43988 43.52827 16.44008 43.52831 16.44027 43.52833 16.44038 43.52842 16.44049 43.5285 16.44051 43.52857 16.44045 43.52875 16.44 43.52884 16.43959 43.52892 16.43935 43.52893 16.43919 43.52895 16.43896 43.52898 16.43885 43.529 16.43871 43.52896 16.43855 43.52887 16.43821 43.52883 16.43803 43.52878 16.43792 43.52876 16.4378 43.52875 16.4376 43.52874 16.4375 43.52872 16.43739 43.52862 16.43725 43.52854 16.4371 43.52848 16.43694 43.52841 16.43665 43.52837 16.4365 43.52832 16.4364 43.52828 16.43619 43.52827 16.43577 43.52827 16.43565 43.52822 16.43548 43.52817 16.43538 43.52815 16.43531 43.52813 16.43526 43.52811 16.43517 43.52806 16.43513 43.52793 16.43494 43.52782 16.43464 43.52779 16.43458 43.52773 16.43425 43.52768 16.43401 43.52764 16.4338 43.52764 16.43374 43.52774 16.43375 43.52777 16.43307 43.52755 16.43305 43.52754 16.43291 43.52766 16.4324 43.52773 16.43193 43.52788 16.43116 43.52799 16.43051 43.52813 16.42978 43.52835 16.42864 43.52841 16.42839 43.52845 16.42807 43.52858 16.42746 43.52861 16.42713 43.5286 16.42705 43.52837 16.42633 43.52817 16.42586 43.52809 16.42562 43.52788 16.42513 43.52772 16.42471 43.5275 16.42417 43.52737 16.42386 43.52724 16.42349 43.52718 16.42336 43.52708 16.42347 43.52723 16.42389 43.52734 16.42413 43.52738 16.42429 43.52744 16.42437 43.52751 16.4246 43.52765 16.42494 43.52772 16.42514 43.52785 16.42546 43.52799 16.42581 43.52805 16.42593 43.52813 16.42617 43.52832 16.42665 43.52839 16.42683 43.52841 16.4273 43.52841 16.42761 43.52831 16.42804 43.52822 16.42865 43.5281 16.42918 43.52804 16.42949 43.52786 16.43051 43.52775 16.43109 43.52764 16.43164 43.5275 16.4323 43.52749 16.43244 43.52745 16.43266 43.52743 16.43276 43.52738 16.43276 43.52707 16.4325 43.52698 16.43242 43.52665 16.43216 43.52663 16.4321 43.52671 16.43166 43.5267 16.43164 43.52496 16.43091 43.52494 16.43109 43.52524 16.43121 43.52526 16.43125 43.52521 16.43145 43.52519 16.43155 43.52517 16.43158 43.5249 16.43152 43.52464 16.43143 43.52461 16.4314 43.5246 16.4313 43.52459 16.43115 43.5246 16.4311 43.52439 16.43104 43.52434 16.43099 43.52432 16.43067 43.52433 16.43036 43.52434 16.43033 43.52453 16.43034 43.52468 16.42731 43.52483 16.42436 43.52572 16.4243 43.52627 16.42423 43.52625 16.42404 43.52577 16.4241 43.52535 16.42412 43.52492 16.42415 43.52465 16.42419 43.52459 16.42417 43.52455 16.42414 43.52455 16.42402 43.52456 16.42389 43.52459 16.4238 43.52459 16.42371 43.52457 16.4236 43.52458 16.42352 43.52461 16.42347 43.52461 16.42344 43.52458 16.42338 43.52454 16.42332 43.52449 16.42317 43.52445 16.42297 43.52444 16.42282 43.5244 16.42258 43.52437 16.42244 43.52434 16.42231 43.52433 16.42224 43.52431 16.42215 43.52428 16.42205 43.52415 16.42188 43.52407 16.42183 43.52387 16.42175 43.52362 16.4217 43.52349 16.42169 43.52325 16.42175 43.52312 16.42182 43.52301 16.4219 43.52293 16.422 43.52284 16.42209 43.5228 16.42209 43.52275 16.42203 43.52273 16.42189 43.52272 16.42183 43.52271 16.42148 43.52269 16.42134 43.52264 16.42126 43.52258 16.42116 43.52258 16.42107 43.52258 16.42098 43.52256 16.42091 43.52255 16.42084 43.52249 16.42084 43.52245 16.42089 43.52241 16.42105 43.52236 16.42111 43.52227 16.42119 43.52221 16.42127 43.52217 16.42152 43.52211 16.42178 43.522 16.42229 43.52195 16.42275 43.5219 16.42329 43.52188 16.42375 43.52185 16.4239 43.52178 16.42407 43.5217 16.42424 43.52163 16.42434 43.52098 16.42429 43.52097 16.42441 43.52133 16.42447 43.52136 16.42452 43.52133 16.42469 43.52134 16.42494 43.5213 16.42509 43.52132 16.42518 43.52137 16.4252 43.5214 16.42522 43.52139 16.4253 43.52139 16.42542 43.52139 16.42551 43.52136 16.42577 43.52133 16.42606 43.52131 16.4263 43.52128 16.42655 43.52128 16.4267 43.52117 16.42682 43.52114 16.42687 43.5211 16.42694 43.52109 16.42705 43.52112 16.42717 43.52114 16.42724 43.52115 16.42733 43.52113 16.42744 43.5211 16.42753 43.52109 16.42763 43.52111 16.42774 43.52116 16.42786 43.52116 16.42803 43.52114 16.4282 43.5211 16.42829 43.52095 16.42837 43.52082 16.42843 43.52079 16.42845 43.52077 16.42844 43.52076 16.42827 43.52072 16.42823 43.52053 16.42815 43.52041 16.4281 43.52037 16.42806 43.52037 16.42797 43.52069 16.42799 43.5207 16.42786 43.52039 16.42784 43.52039 16.42768 43.52044 16.42764 43.52077 16.42762 43.52077 16.42749 43.52043 16.42752 43.52041 16.42747 43.52041 16.42738 43.52053 16.4273 43.52072 16.42723 43.52082 16.42719 43.52079 16.42706 43.52066 16.42712 43.52051 16.42718 43.52044 16.42718 43.52045 16.42693 43.52061 16.42684 43.52076 16.42677 43.52072 16.42664 43.52038 16.42681 43.52033 16.42689 43.52026 16.42795 43.52023 16.42798 43.51936 16.42794 43.51933 16.42809 43.51933 16.42822 43.51933 16.42841 43.51927 16.42852 43.51918 16.42857 43.51912 16.42856 43.51891 16.42847 43.51881 16.42835 43.51874 16.42831 43.5184 16.42801 43.51823 16.4278 43.51823 16.42777 43.51842 16.4278 43.51843 16.42766 43.51816 16.42763 43.51808 16.42759 43.51792 16.42739 43.51786 16.4273 43.51782 16.42726 43.51782 16.42715 43.51784 16.42709 43.51789 16.42701 43.51793 16.42696 43.5185 16.4271 43.51846 16.42648 43.51774 16.4263 43.51772 16.42642 43.51789 16.42646 43.51785 16.42668 43.51781 16.42683 43.51781 16.42688 43.51771 16.42708 43.51763 16.4272 43.51759 16.42725 43.51756 16.42725 43.51738 16.42711 43.51712 16.42692 43.51704 16.42685 43.51694 16.42677 43.51689 16.42675 43.51684 16.42673 43.51684 16.42662 43.51683 16.42657 43.51669 16.42647 43.5166 16.42639 43.51658 16.42636 43.51657 16.42633 43.51657 16.42629 43.51688 16.42603 43.51683 16.42594 43.51674 16.42603 43.5167 16.42605 43.5166 16.42615 43.51654 16.42619 43.51651 16.42618 43.51648 16.42614 43.51645 16.42609 43.51634 16.42608 43.5163 16.42604 43.51618 16.42576 43.5161 16.4255 43.51605 16.42521 43.51604 16.42499 43.51604 16.42497 43.51608 16.42495 43.51609 16.42479 43.51602 16.42449 43.51598 16.42429 43.51597 16.42421 43.51593 16.42405 43.51589 16.42378 43.51586 16.42364 43.51581 16.42352 43.51578 16.42346 43.51576 16.42339 43.51577 16.42337 43.51592 16.42319 43.51616 16.42288 43.51618 16.42286 43.5161 16.42261 43.51604 16.42226 43.51596 16.42172 43.51586 16.42176 43.51591 16.42208 43.51595 16.42238 43.516 16.42263 43.51606 16.42283 43.51606 16.42286 43.51595 16.42298 43.51591 16.42303 43.51587 16.42303 43.51571 16.42258 43.51559 16.42225 43.51553 16.42205 43.51551 16.42181 43.51541 16.4218 43.51542 16.42202 43.51546 16.42223 43.51558 16.42252 43.51569 16.42278 43.51575 16.42296 43.51578 16.42307 43.5158 16.4231 43.51582 16.42315 43.5157 16.42328 43.51565 16.42328 43.51498 16.42228 43.51495 16.42217 43.51494 16.42194 43.51496 16.42192 43.51517 16.42183 43.51514 16.4217 43.51501 16.42175 43.51491 16.42179 43.51486 16.42174 43.51475 16.42113 43.51466 16.42065 43.51464 16.42053 43.51466 16.42046 43.51499 16.42047 43.51509 16.42117 43.51518 16.42117 43.51514 16.42086 43.51512 16.42065 43.51511 16.42048 43.51554 16.42047 43.51563 16.42046 43.51567 16.42055 43.51569 16.42072 43.51572 16.42095 43.51581 16.42092 43.51578 16.42073 43.51576 16.42062 43.51574 16.42045 43.5157 16.42038 43.51565 16.42034 43.51561 16.42034 43.51553 16.42036 43.51466 16.42034 43.51463 16.42031 43.51462 16.42015 43.5146 16.41997 43.51455 16.41977 43.51455 16.41946 43.51461 16.41906 43.51465 16.41878 43.51467 16.41859 43.51468 16.41796 43.51469 16.41791 43.51472 16.41765 43.51472 16.41721 43.5147 16.41704 43.51471 16.41678 43.51476 16.41665 43.51476 16.41613 43.51475 16.41599 43.51469 16.41589 43.51464 16.41576 43.51464 16.41563 43.51462 16.41554 43.51458 16.41544 43.51457 16.4153 43.51461 16.41512 43.51467 16.41485 43.5147 16.41478 43.51469 16.41461 43.5147 16.41429 43.51474 16.41346 43.51477 16.41252 43.51478 16.41237 43.51486 16.41229 43.5149 16.41221 43.5149 16.41206 43.51495 16.41173 43.51495 16.41119 43.51494 16.41073 43.51488 16.41038 43.51484 16.41016 43.51483 16.4099 43.51481 16.40972 43.5148 16.40961 43.51489 16.40939 43.51495 16.40923 43.51495 16.409 43.51494 16.40889 43.51495 16.40881 43.51497 16.40843 43.51499 16.40821 43.51505 16.40791 43.51505 16.40764 43.515 16.40739 43.51493 16.40714 43.51467 16.4069 43.5145 16.40677 43.51447 16.40669 43.51448 16.40662 43.51467 16.40638 43.51476 16.40628 43.51499 16.40561 43.51515 16.40505 43.51523 16.40488 43.5153 16.40476 43.51535 16.40471 43.51562 16.40463 43.51578 16.40455 43.51586 16.40434 43.51589 16.40348 43.51585 16.40334 43.51582 16.40314 43.51581 16.40298 43.51584 16.40281 43.51586 16.40261 43.51585 16.40252 43.51571 16.40227 43.51548 16.40184 43.51528 16.40156 43.51521 16.40148 43.5151 16.40144 43.51504 16.40136 43.515 16.40129 43.51496 16.40129 43.5149 16.40124 43.51491 16.40097 43.51482 16.40097 43.5148 16.40118 43.51473 16.40118 43.51458 16.40126 43.51448 16.40135 43.51443 16.40145 43.5144 16.40154 43.51428 16.40157 43.51423 16.40161 43.51418 16.40161 43.51415 16.40155 43.51411 16.40145 43.51413 16.40124 43.51417 16.40116 43.51417 16.40107 43.51409 16.40074 43.51393 16.4002 43.51386 16.39991 43.51375 16.39951 43.51364 16.39919 43.51356 16.39891 43.51347 16.39861 43.51342 16.39841 43.51339 16.39808 43.51336 16.39792 43.51333 16.39775 43.51329 16.39755 43.51318 16.39732 43.51301 16.39702 43.5129 16.39678 43.5128 16.39657 43.5127 16.39639 43.51261 16.39621 43.51249 16.39589 43.51239 16.39562 43.5122 16.39522 43.51213 16.39514 43.51198 16.39483 43.51185 16.39454 43.51172 16.39428 43.51162 16.39408 43.51154 16.3939 43.51149 16.39383 43.5114 16.39367 43.51127 16.39343 43.51124 16.39331 43.51103 16.39301 43.51092 16.39268 43.51084 16.39246 43.51075 16.39222 43.5107 16.39199 43.51065 16.3918 43.51057 16.39162 43.5105 16.39151 43.51048 16.39136 43.51044 16.39125 43.51027 16.39105 43.51019 16.39093 43.51013 16.39085 43.5102 16.39081 43.51012 16.39059 43.51006 16.39064 43.51002 16.39042 43.50998 16.39017 43.50995 16.38995 43.50991 16.38972 43.50988 16.38967 43.50985 16.38958 43.5098 16.38931 43.50978 16.38924 43.50972 16.3891 43.50964 16.38898 43.5095 16.38885 43.50936 16.38871 43.5093 16.38858 43.50929 16.38852 43.50922 16.38838 43.50913 16.38829 43.50868 16.3882 43.50862 16.38819 43.50861 16.38818 43.50855 16.38817 43.5085 16.38813 43.50833 16.38782 43.50829 16.38776 43.50826 16.38772 43.50806 16.38768 43.50805 16.38779 43.50818 16.38782 43.50824 16.38787 43.50829 16.38798 43.50839 16.38812 43.50842 16.38819 43.50843 16.38828 43.50795 16.38827 43.50793 16.38856 43.5079 16.38857 43.50785 16.38858 43.50782 16.38854 43.50781 16.38832 43.50779 16.38807 43.50771 16.38807 43.5077 16.38827 43.50772 16.38837 43.50773 16.38851 43.50773 16.38871 43.50773 16.38874 43.50773 16.38894 43.50769 16.38917 43.50767 16.38931 43.50765 16.38945 43.50768 16.38958 43.5077 16.38975 43.50767 16.39002 43.50765 16.39026 43.50765 16.39048 43.50768 16.39054 43.50768 16.39065 43.50763 16.39086 43.50762 16.39099 43.50763 16.39133 43.50762 16.39167 43.50763 16.39185 43.50763 16.3923 43.50768 16.3925 43.50773 16.39279 43.50774 16.39296 43.50776 16.39333 43.50777 16.39371 43.5078 16.39384 43.50784 16.39413 43.50791 16.39463 43.50792 16.39498 43.50796 16.39534 43.50798 16.39568 43.50802 16.3961 43.50805 16.39651 43.50807 16.39682 43.50804 16.39764 43.50802 16.3984 43.50799 16.39876 43.50795 16.39901 43.5079 16.3993 43.50789 16.39943 43.50784 16.39957 43.50775 16.39966 43.50766 16.39971 43.50757 16.39977 43.50745 16.39987 43.50735 16.40001 43.50728 16.40018 43.50718 16.40037 43.507 16.40059 43.50684 16.40065 43.50663 16.40062 43.50654 16.40058 43.50639 16.40055 43.50624 16.40053 43.50615 16.40057 43.50608 16.40062 43.50602 16.40071 43.50593 16.4008 43.5058 16.40087 43.50566 16.40092 43.50555 16.40097 43.50545 16.40106 43.50538 16.40114 43.50531 16.40117 43.50515 16.40118 43.50504 16.40119 43.50498 16.40123 43.50492 16.40134 43.50487 16.40147 43.50482 16.40153 43.50475 16.40151 43.50468 16.40147 43.50463 16.40147 43.50458 16.40149 43.50454 16.40156 43.50447 16.40201 43.5044 16.40246 43.50431 16.40292 43.5042 16.40342 43.50402 16.40475 43.504 16.405 43.50395 16.40533 43.50388 16.40585 43.50381 16.40644 43.50377 16.40694 43.50376 16.4073 43.50377 16.40752 43.50376 16.40793 43.50382 16.4082 43.50392 16.40838 43.50409 16.40859 43.50413 16.40879 43.50413 16.40889 43.50413 16.40896 43.50407 16.40915 43.50398 16.40929 43.50394 16.40928 43.50389 16.40903 43.5038 16.40908 43.50384 16.40927 43.50384 16.40933 43.5038 16.40936 43.50372 16.40939 43.50366 16.40949 43.50366 16.40973 43.50365 16.40988 43.5036 16.41015 43.50361 16.41034 43.50358 16.41082 43.50353 16.41111 43.50351 16.41144 43.5035 16.41156 43.5035 16.41165 43.5035 16.41176 43.50347 16.41198 43.50338 16.41226 43.5033 16.41254 43.50329 16.41255 43.50319 16.4129 43.50318 16.41299 43.50317 16.41314 43.50315 16.41325 43.50307 16.41341 43.50303 16.41355 43.50303 16.41367 43.50307 16.41385 43.50317 16.41408 43.5033 16.41438 43.50343 16.41467 43.50353 16.41492 43.50365 16.41532 43.50375 16.41567 43.50382 16.41607 43.50384 16.4163 43.50387 16.41649 43.50384 16.41671 43.50378 16.4169 43.50375 16.41704 43.50376 16.41736 43.50381 16.41767 43.50384 16.41781 43.50386 16.41792 43.50385 16.41814 43.50382 16.41828 43.50368 16.41844 43.50356 16.41846 43.5035 16.41846 43.50345 16.41841 43.50339 16.41834 43.50329 16.41836 43.50325 16.41843 43.50326 16.41855 43.50327 16.41863 43.50319 16.41884 43.50316 16.41899 43.50314 16.41921 43.5031 16.41937 43.50306 16.41948 43.50306 16.41953 43.50306 16.41963 43.50304 16.41968 43.50302 16.41966 43.50299 16.41958 43.50298 16.41952 43.50295 16.41945 43.50291 16.41945 43.50287 16.41947 43.50286 16.41955 43.50284 16.41976 43.50284 16.41995 43.50279 16.42023 43.50273 16.4204 43.50272 16.42055 43.50267 16.42071 43.50258 16.42086 43.50254 16.42107 43.50252 16.42118 43.50254 16.42125 43.50262 16.42129 43.5027 16.42126 43.50286 16.42124 43.50297 16.42124 43.50304 16.42128 43.50311 16.42135 43.50319 16.42147 43.50323 16.42166 43.50323 16.4219 43.50318 16.42224 43.50308 16.42254 43.50293 16.42306 43.50285 16.42323 43.50272 16.42351 43.50248 16.42382 43.50234 16.42403 43.5023 16.42414 43.50223 16.42417 43.50215 16.42413 43.50207 16.42406 43.50197 16.42395 43.50208 16.4237 43.50201 16.42365 43.5019 16.42389 43.50189 16.42392 43.50185 16.42389 43.50182 16.42385 43.50171 16.42376 43.50166 16.42372 43.50161 16.42369 43.50154 16.42362 43.50153 16.42359 43.50156 16.42346 43.5016 16.42337 43.50151 16.42331 43.50144 16.42348 43.50141 16.42359 43.50136 16.42361 43.50135 16.42361 43.50131 16.42359 43.50127 16.42359 43.50119 16.4238 43.50112 16.42397 43.50109 16.42409 43.50106 16.42423 43.501 16.42432 43.50089 16.42447 43.50085 16.42463 43.5008 16.42493 43.50076 16.42535 43.50073 16.42622 43.50073 16.4263 43.50072 16.42654 43.5007 16.42676 43.50067 16.42699 43.50065 16.42718 43.50065 16.42735 43.50066 16.42748 43.50068 16.42769 43.50069 16.42788 43.50069 16.42814 43.50071 16.42828 43.50071 16.42837 43.50067 16.42851 43.50064 16.42866 43.50061 16.42881 43.5006 16.42895 43.50062 16.42902 43.50062 16.42921 43.50061 16.42939 43.50057 16.42958 43.50065 16.42962 43.50069 16.42949 43.50072 16.42944 43.50083 16.42944 43.50087 16.42947 43.50117 16.42949 43.50173 16.42956 43.50212 16.42962 43.50218 16.42954 43.50229 16.42911 43.50221 16.42907 43.50214 16.4293 43.50211 16.42939 43.5021 16.42946 43.50206 16.4295 43.50166 16.42943 43.50135 16.42939 43.50114 16.42939 43.50102 16.42936 43.50089 16.42934 43.50087 16.42929 43.50101 16.42895 43.50111 16.42898 43.50118 16.429 43.5013 16.42903 43.50139 16.42902 43.50139 16.4289 43.5013 16.4289 43.50119 16.42889 43.50106 16.42884 43.50105 16.42877 43.50112 16.42855 43.50119 16.42849 43.50132 16.4285 43.50143 16.42851 43.50146 16.42853 43.50161 16.42857 43.5018 16.42863 43.50182 16.42851 43.50164 16.42847 43.50133 16.42837 43.50131 16.42836 43.5013 16.42834 43.50132 16.42829 43.50142 16.42823 43.50149 16.42821 43.50171 16.42836 43.50175 16.42826 43.50155 16.42812 43.50152 16.42809 43.50152 16.42804 43.50155 16.42799 43.50172 16.428 43.50172 16.42771 43.50174 16.42746 43.50195 16.42746 43.50209 16.42749 43.50227 16.42751 43.50231 16.42752 43.50234 16.42749 43.50243 16.42749 43.50245 16.42754 43.50246 16.4276 43.50246 16.42776 43.50244 16.42791 43.50242 16.42799 43.50241 16.428 43.50225 16.428 43.50225 16.42813 43.50271 16.42811 43.50282 16.42818 43.50286 16.4282 43.50299 16.42837 43.5031 16.42848 43.50311 16.42849 43.50322 16.42857 43.5033 16.42862 43.50336 16.42866 43.50357 16.42888 43.50376 16.42908 43.50418 16.42953 43.50435 16.42969 43.50458 16.42988 43.50477 16.43009 43.50493 16.43026 43.50532 16.43084 43.5054 16.43099 43.5054 16.43114 43.50539 16.43118 43.50538 16.43139 43.50543 16.43149 43.50556 16.43155 43.50564 16.43159 43.50572 16.43159 43.50578 16.43156 43.50581 16.43158 43.50589 16.43168 43.50594 16.4318 43.50605 16.43193 43.50609 16.43203 43.50619 16.43218 43.50621 16.43225 43.50622 16.43232 43.50631 16.43242 43.50632 16.43253 43.50639 16.43263 43.5064 16.43268 43.50643 16.4328 43.50645 16.43284 43.50646 16.43295 43.50647 16.43301 43.50647 16.43304 43.50648 16.43308 43.5065 16.4331 43.50656 16.43314 43.50661 16.43319 43.50666 16.43322 43.50676 16.43331 43.50686 16.43335 43.50697 16.4334 43.50699 16.43343 43.50703 16.43347 43.50706 16.43357 43.5071 16.43375 43.50712 16.43391 43.50713 16.43405 43.50715 16.43419 43.50714 16.43429 43.50713 16.43438 43.5071 16.43445 43.50709 16.43446 43.50709 16.43461 43.50727 16.43461 43.50731 16.43466 43.50727 16.43527 43.50723 16.43572 43.50738 16.43574 43.50741 16.43532 43.50743 16.43524 43.50743 16.43474 43.50745 16.4346 43.50767 16.43459 43.50767 16.43461 43.50772 16.43499 43.50776 16.43517 43.50778 16.43541 43.50779 16.43547 43.50781 16.43564 43.50784 16.43593 43.50787 16.43618 43.50789 16.43639 43.50793 16.43649 43.50793 16.43657 43.50792 16.4368 43.50784 16.43712 43.50776 16.43737 43.5077 16.43755 43.50765 16.43772 43.50763 16.43777 43.50751 16.43777 43.50751 16.43788 43.50744 16.43809 43.50739 16.43826 43.50737 16.4383 43.50724 16.43875 43.50718 16.4389 43.50716 16.43902 43.50712 16.4391 43.50711 16.43924 43.5071 16.43928 43.50705 16.43929 43.5067 16.43911 43.50667 16.4391 43.50667 16.43848 43.50675 16.43848 43.50675 16.4382 43.50643 16.43819 43.50642 16.43915 43.50643 16.43924 43.50642 16.43983 43.50641 16.44053 43.50642 16.44069 43.50642 16.44096 43.50642 16.441 43.50641 16.44125 43.50637 16.44132 43.50626 16.44137 43.50591 16.44156 43.50575 16.44164 43.50563 16.4417 43.50551 16.4418 43.50534 16.44187 43.50522 16.44195 43.50517 16.44197 43.50513 16.44196 43.5051 16.44191 43.50477 16.44058 43.50471 16.44038 43.50449 16.44052 43.50465 16.44116 43.50479 16.44172 43.50483 16.44191 43.50487 16.44198 43.50487 16.44206 43.50485 16.44207 43.50479 16.44208 43.50472 16.44211 43.50459 16.44214 43.5045 16.44219 43.5044 16.44221 43.50425 16.44225 43.50411 16.44229 43.50379 16.44238 43.50357 16.44243 43.50349 16.44248 43.50338 16.44251 43.50328 16.44251 43.50327 16.44251 43.50327 16.44193 43.50324 16.44185 43.50324 16.44131 43.50324 16.44059 43.50321 16.44042 43.5032 16.43971 43.50261 16.43971 43.5026 16.4403 43.50263 16.44055 43.50264 16.44125 43.50264 16.4418 43.50261 16.44184 43.50234 16.44177 43.50199 16.44166 43.50176 16.44155 43.50168 16.44152 43.50156 16.44147 43.50145 16.44142 43.50142 16.4414 43.50135 16.44126 43.50133 16.44118 43.50132 16.44089 43.50132 16.4405 43.50134 16.43922 43.50135 16.43813 43.50118 16.43813 43.50121 16.43636 43.50105 16.43637 43.50103 16.43687 43.50098 16.43763 43.50097 16.43814 43.50092 16.43934 43.50085 16.44066 43.50078 16.44187 43.50077 16.4421 43.50072 16.44224 43.50068 16.44232 43.50066 16.44235 43.50065 16.44253 43.50067 16.44274 43.50067 16.44297 43.50065 16.44314 43.50064 16.44318 43.5006 16.44344 43.50054 16.44369 43.5004 16.4442 43.50036 16.44448 43.50032 16.44464 43.5003 16.44479 43.50025 16.44512 43.50022 16.44537 43.50022 16.4455 43.50024 16.44566 43.50024 16.44585 43.50029 16.44603 43.50035 16.4462 43.50038 16.44622 43.5004 16.44621 43.50045 16.44615 43.50047 16.4461 43.50049 16.44604 43.50051 16.44599 43.50056 16.44594 43.50078 16.44576 43.50092 16.44569 43.50099 16.44561 43.50107 16.44559 43.50117 16.44556 43.5013 16.44557 43.5014 16.44564 43.50146 16.44567 43.50149 16.44571 43.50151 16.44573 43.50156 16.44573 43.50163 16.44583 43.50178 16.44602 43.50187 16.4461 43.5019 16.44614 43.50199 16.44631 43.50216 16.44659 43.50226 16.4468 43.50235 16.44708 43.50237 16.44721 43.50239 16.44731 43.5024 16.44743 43.5024 16.44757 43.50237 16.44772 43.50229 16.44787 43.50217 16.44807 43.50211 16.44817 43.50205 16.44827 43.50203 16.44831 43.50198 16.4484 43.50183 16.44834 43.50166 16.44855 43.50176 16.4487 43.50147 16.44916 43.50136 16.44902 43.50128 16.44913 43.50138 16.44928 43.50128 16.44941 43.50122 16.44942 43.50101 16.4495 43.50092 16.44955 43.50082 16.44959 43.50079 16.4496 43.50078 16.44937 43.50066 16.44937 43.50063 16.44969 43.50061 16.44993 43.5006 16.45019 43.50059 16.45045 43.50055 16.45077 43.50054 16.45098 43.50053 16.45117 43.50051 16.45125 43.50047 16.45134 43.50042 16.45143 43.50036 16.45149 43.50032 16.45152 43.50027 16.45154 43.50024 16.45156 43.50012 16.45156 43.50006 16.45155 43.4999 16.45162 43.4998 16.45174 43.49971 16.45184 43.49968 16.45199 43.49973 16.45215 43.49981 16.45231 43.49991 16.45243 43.49997 16.45247 43.50005 16.45246 43.50012 16.45246 43.5002 16.45243 43.50034 16.45244 43.50047 16.45253 43.50055 16.45263 43.50056 16.45267 43.50058 16.45268 43.50061 16.4527 43.50062 16.45275 43.50068 16.4529 43.50074 16.45303 43.50077 16.45322 43.50079 16.45331 43.5008 16.4539 43.50078 16.45409 43.50077 16.4542 43.50076 16.4543 43.50067 16.45441 43.50062 16.45447 43.50052 16.45448 43.50045 16.45438 43.50035 16.45414 43.50026 16.45421 43.50031 16.45432 43.50032 16.45446 43.50032 16.45456 43.50023 16.45467 43.50013 16.45479 43.50008 16.45484 43.5 16.45491 43.49973 16.45517 43.49965 16.45526 43.4996 16.45539 43.4995 16.45553 43.49947 16.45569 43.49949 16.45589 43.49952 16.45613 43.49955 16.45624 43.49958 16.4563 43.49963 16.45631 43.4997 16.45628 43.49979 16.45637 43.50001 16.45666 43.50009 16.45681 43.50015 16.45674 43.50042 16.45644 43.50047 16.45643 43.50059 16.45664 43.50068 16.45675 43.50069 16.4568 43.50068 16.45687 43.50063 16.45695 43.50068 16.45701 43.50074 16.45695 43.50079 16.45697 43.50087 16.4571 43.50091 16.45722 43.50094 16.45724 43.50095 16.45727 43.50095 16.45734 43.50087 16.45746 43.50081 16.4576 43.50081 16.45766 43.50081 16.45769 43.50086 16.45777 43.5009 16.45782 43.50092 16.45784 43.50093 16.45787 43.50092 16.45791 43.50088 16.45796 43.50084 16.45803 43.50081 16.45806 43.5007 16.45807 43.50067 16.458 43.50053 16.45725 43.50047 16.45728 43.50052 16.45756 43.50055 16.4577 43.50058 16.45787 43.5006 16.458 43.5006 16.45805 43.50058 16.45806 43.50057 16.45806 43.50047 16.45789 43.50041 16.45774 43.50038 16.45758 43.50035 16.45745 43.5003 16.4573 43.50027 16.45719 43.50025 16.45713 43.50019 16.45716 43.50024 16.45729 43.50025 16.45739 43.50031 16.4576 43.50034 16.45777 43.50036 16.45785 43.50038 16.45798 43.50044 16.45812 43.50049 16.45822 43.50053 16.45828 43.50058 16.45829 43.5007 16.45834 43.50079 16.45844 43.50085 16.45866 43.50086 16.45887 43.5009 16.45901 43.50093 16.45916 43.50096 16.45927 43.50097 16.45935 43.50097 16.45979 43.50095 16.45987 43.50087 16.45996 43.50081 16.46002 43.50075 16.46006 43.50068 16.46016 43.50064 16.46028 43.50062 16.46031 43.50061 16.46062 43.50065 16.46077 43.50072 16.46102 43.50075 16.46113 43.5008 16.46127 43.50083 16.46148 43.5009 16.46167 43.50094 16.46181 43.50102 16.46201 43.50106 16.46214 43.5011 16.46226 43.50114 16.46241 43.50115 16.46252 43.50116 16.46262 43.50116 16.46289 43.50113 16.46305 43.50114 16.46323 43.50115 16.46327 43.5012 16.46335 43.50128 16.46342 43.50132 16.46345 43.50139 16.46347 43.50154 16.46356 43.50161 16.4636 43.50165 16.46372 43.50168 16.4638 43.5017 16.46387 43.50173 16.4639 43.50183 16.46394 43.5019 16.46396 43.50198 16.46411 43.50205 16.46429 43.50213 16.46459 43.50218 16.4648 43.50221 16.46494 43.50223 16.46511 43.50224 16.46525 43.50226 16.46534 43.50225 16.4657 43.50221 16.46594 43.50218 16.46603 43.50212 16.46624 43.50206 16.4664 43.50195 16.4666 43.50185 16.46673 43.50175 16.46682 43.50166 16.46688 43.50152 16.46696 43.50145 16.467 43.50136 16.46705 43.50128 16.46712 43.50119 16.46723 43.50116 16.46733 43.50116 16.46762 43.5012 16.46776 43.50126 16.46792 43.50128 16.46807 43.5013 16.46814 43.50135 16.46823 43.50137 16.46832 43.50144 16.46848 43.50157 16.46871 43.50161 16.46888 43.50164 16.46905 43.50166 16.4692 43.50166 16.46936 43.50169 16.46944 43.50169 16.46953 43.50168 16.46956 43.50161 16.46958 43.50156 16.46963 43.50155 16.4697 43.50154 16.46982 43.50152 16.46991 43.50151 16.4701 43.50152 16.47031 43.50156 16.47042 43.50171 16.47056 43.50178 16.47067 43.50183 16.47076 43.5019 16.47082 43.50203 16.47095 43.50211 16.47111 43.50214 16.47121 43.50217 16.4713 43.50217 16.47155 43.50217 16.47167 43.50217 16.47169 43.50214 16.47171 43.50203 16.4717 43.50192 16.47161 43.50186 16.47156 43.50176 16.47151 43.50144 16.47149 43.50135 16.47146 43.50117 16.47132 43.5011 16.47152 43.50128 16.47164 43.50136 16.47168 43.50142 16.47171 43.50151 16.47178 43.50155 16.47184 43.50156 16.47191 43.50155 16.47194 43.50149 16.47206 43.50147 16.47213 43.50147 16.47221 43.50143 16.47234 43.50118 16.47311 43.50115 16.47321 43.50113 16.47321 43.50108 16.47318 43.50095 16.4731 43.50087 16.47306 43.50082 16.47303 43.50078 16.47302 43.50072 16.473 43.50068 16.47302 43.50066 16.47311 43.50064 16.4733 43.50065 16.47349 43.50071 16.47366 43.50086 16.47385 43.50101 16.47404 43.50105 16.47409 43.50111 16.47413 43.50135 16.47446 43.50143 16.47455 43.50146 16.47461 43.50155 16.47473 43.50167 16.47489 43.50178 16.47505 43.50187 16.47524 43.50192 16.47536 43.50193 16.47588 43.50192 16.47613 43.50193 16.47624 43.50196 16.47639 43.50204 16.47662 43.50211 16.47677 43.50221 16.47687 43.50228 16.47694 43.50235 16.47696 43.5024 16.47695 43.5025 16.47681 43.50253 16.47674 43.50254 16.47667 43.50255 16.47662 43.50263 16.47635 43.50269 16.47617 43.50275 16.47597 43.50281 16.47587 43.5029 16.47581 43.50301 16.4758 43.50308 16.47586 43.50317 16.47593 43.50321 16.47597 43.50327 16.47603 43.50329 16.47608 43.50327 16.47621 43.50326 16.47635 43.50325 16.4767 43.50327 16.47689 43.5033 16.47717 43.50331 16.47726 43.50333 16.47741 43.50337 16.47779 43.5034 16.47804 43.5034 16.4784 43.50341 16.47869 43.50344 16.47905 43.50344 16.47923 43.50344 16.47937 43.50339 16.47952 43.50336 16.4796 43.50329 16.47974 43.50317 16.47989 43.50302 16.48014 43.50299 16.48018 43.50293 16.4803 43.50288 16.48043 43.5028 16.4806 43.50264 16.4808 43.50247 16.48097 43.50243 16.48109 43.50241 16.48134 43.50237 16.4815 43.5023 16.48164 43.50218 16.48183 43.50203 16.48208 43.50197 16.48227 43.50194 16.48239 43.50191 16.48251 43.50188 16.48263 43.50187 16.48291 43.5019 16.4831 43.50194 16.48325 43.50197 16.48347 43.50198 16.48362 43.50204 16.48384 43.5021 16.48413 43.50214 16.48437 43.50218 16.4846 43.50218 16.48496 43.50215 16.48523 43.50212 16.48545 43.50212 16.48587 43.50215 16.48605 43.50215 16.48615 43.50211 16.48637 43.50202 16.48683 43.50197 16.48713 43.50186 16.48771 43.50176 16.48797 43.50172 16.48815 43.50168 16.4884 43.50167 16.48853 43.50165 16.48861 43.50164 16.48899 43.50165 16.48914 43.50168 16.48936 43.50172 16.48957 43.50175 16.48971 43.50176 16.48987 43.50178 16.49001 43.50182 16.49014 43.50184 16.49032 43.50187 16.49055 43.50188 16.49067 43.50188 16.49106 43.50186 16.49131 43.50185 16.49152 43.50179 16.49184 43.5017 16.49225 43.50164 16.49256 43.50162 16.49268 43.50136 16.49268 43.50138 16.493 43.50141 16.49331 43.50139 16.49345 43.50131 16.49358 43.50129 16.49359 43.50129 16.49361 43.50128 16.49366 43.50164 16.49458 43.50167 16.4946 43.50175 16.4946 43.50179 16.49456 43.50187 16.49455 43.50191 16.49464 43.50195 16.49479 43.50201 16.49498 43.50205 16.49517 43.5021 16.49538 43.50214 16.49559 43.50221 16.49591 43.50223 16.49609 43.50225 16.49642 43.50224 16.49682 43.50225 16.49716 43.50224 16.49756 43.50223 16.49779 43.50223 16.49789 43.50218 16.49824 43.50215 16.49846 43.50211 16.49861 43.50203 16.49886 43.50195 16.49911 43.50188 16.49926 43.50178 16.4996 43.50173 16.49979 43.50171 16.49991 43.50167 16.50028 43.50167 16.50044 43.50167 16.50066 43.50166 16.50114 43.50165 16.50128 43.50163 16.50195 43.50159 16.50243 43.50155 16.50279 43.50154 16.50291 43.50152 16.50323 43.50151 16.50385 43.5015 16.50399 43.50144 16.50468 43.50142 16.50519 43.5014 16.50556 43.50138 16.50567 43.50137 16.5057 43.50136 16.50588 43.50135 16.50619 43.50132 16.50637 43.50125 16.50659 43.50114 16.5069 43.50109 16.50711 43.50104 16.50726 43.50101 16.50748 43.501 16.50766 43.501 16.50796 43.50104 16.50821 43.50106 16.5084 43.50107 16.50861 43.50103 16.50901 43.50101 16.50927 43.50098 16.50979 43.50099 16.50992 43.501 16.51004 43.501 16.51027 43.50099 16.51043 43.50095 16.51057 43.50091 16.51072 43.50086 16.5109 43.5008 16.511 43.50078 16.51103 43.50078 16.51109 43.50075 16.51114 43.50073 16.5112 43.5007 16.51125 43.50069 16.5113 43.50068 16.51138 43.50066 16.51165 43.50065 16.51179 43.50065 16.51192 43.50067 16.51207 43.5007 16.51239 43.50073 16.51269 43.50074 16.51295 43.50074 16.51311 43.50074 16.51351 43.50075 16.51359 43.50076 16.51373 43.50078 16.51397 43.50078 16.51426 43.50077 16.51462 43.50073 16.51483 43.50072 16.51497 43.50071 16.51524 43.5007 16.51547 43.5007 16.51576 43.50065 16.51597 43.50061 16.51617 43.50049 16.51648 43.50048 16.5166 43.50048 16.5168 43.5005 16.51715 43.5005 16.51737 43.50049 16.51754 43.5004 16.51787 43.50038 16.51802 43.50035 16.51821 43.50033 16.51854 43.5003 16.51875 43.50024 16.51888 43.50017 16.51901 43.50012 16.51905 43.49997 16.51952 43.49988 16.51978 43.49963 16.52032 43.49944 16.52084 43.49935 16.52099 43.49923 16.52111 43.49911 16.52128 43.49896 16.52166 43.49884 16.52182 43.4987 16.52185 43.49859 16.52197 43.4985 16.52208 43.49835 16.52251 43.49823 16.52264 43.49781 16.5231 43.49776 16.52322 43.49773 16.52342 43.49771 16.52356 43.49768 16.52372 43.49762 16.52387 43.49762 16.52392 43.49763 16.52397 43.49765 16.52399 43.49766 16.52406 43.49767 16.52428 43.49768 16.52433 43.49773 16.52437 43.49776 16.52442 43.49777 16.52446 43.49777 16.52451 43.49778 16.52458 43.4978 16.52462 43.49797 16.52484 43.49802 16.52495 43.49808 16.52499 43.49816 16.52505 43.49818 16.52513 43.49819 16.52518 43.49814 16.5253 43.49821 16.52537 43.49828 16.52524 43.49839 16.52536 43.4984 16.52542 43.49835 16.52551 43.49842 16.52559 43.49848 16.52549 43.49853 16.52551 43.49856 16.5256 43.49849 16.52573 43.49856 16.52581 43.49866 16.52567 43.49879 16.52567 43.49892 16.52592 43.49903 16.52584 43.49911 16.52592 43.49926 16.52616 43.4994 16.52601 43.49923 16.52569 43.49957 16.52537 43.49952 16.52526 43.49942 16.52535 43.49936 16.52534 43.49935 16.52495 43.49948 16.52405 43.49953 16.52367 43.49955 16.52341 43.4996 16.52331 43.49976 16.52331 43.49987 16.52328 43.5 16.52322 43.50027 16.52314 43.50057 16.52308 43.50079 16.52303 43.50096 16.52301 43.50099 16.52302 43.50102 16.52305 43.50142 16.52365 43.50155 16.52383 43.5019 16.52442 43.50203 16.5246 43.50231 16.52509 43.50239 16.52521 43.50249 16.52534 43.50267 16.52569 43.50274 16.52585 43.50281 16.52604 43.5029 16.5263 43.5029 16.52631 43.50298 16.52662 43.50298 16.52679 43.50298 16.52697 43.50297 16.5271 43.50296 16.52724 43.50293 16.52752 43.50292 16.52759 43.5029 16.52764 43.50288 16.5277 43.50285 16.52775 43.50279 16.52782 43.50263 16.52794 43.50239 16.52819 43.50233 16.52824 43.50231 16.52829 43.50229 16.52831 43.50229 16.52834 43.50228 16.52835 43.50227 16.52838 43.50228 16.5284 43.50231 16.52843 43.50235 16.52846 43.50246 16.52849 43.50251 16.5285 43.50261 16.5285 43.50283 16.5285 43.50307 16.52852 43.50315 16.52854 43.50334 16.52855 43.50355 16.52858 43.50371 16.52862 43.50385 16.52868 43.50397 16.52875 43.50411 16.52887 43.5042 16.52898 43.50426 16.52907 43.50434 16.52921 43.50443 16.52937 43.50447 16.52952 43.5045 16.52964 43.50455 16.52981 43.50456 16.53 43.50458 16.53005 43.50459 16.53016 43.50461 16.53026 43.50464 16.53036 43.50469 16.53046 43.50474 16.53053 43.50477 16.53055 43.50483 16.53057 43.50487 16.53057 43.5049 16.53058 43.50492 16.53058 43.50493 16.53062 43.50493 16.53064 43.50492 16.53068 43.50491 16.53072 43.50489 16.53076 43.50487 16.53081 43.50485 16.53085 43.50482 16.53087 43.50481 16.53087 43.50477 16.53087 43.50469 16.53089 43.50464 16.53091 43.50462 16.53091 43.50456 16.53096 43.50452 16.53099 43.50445 16.53106 43.50443 16.53109 43.50471 16.53118 43.50484 16.53122 43.50503 16.53129 43.50559 16.53147 43.50571 16.53173 43.50572 16.53174 43.50623 16.53286 43.50645 16.53376 43.50645 16.53376 43.50671 16.53484 43.50781 16.53518 43.50871 16.53665 43.50872 16.53704 43.50873 16.5372 43.51085 16.53755 43.51272 16.53748 43.51333 16.53912 43.51338 16.53924 43.51374 16.54022 43.51521 16.54127 43.51552 16.54154 43.5156 16.54161 43.51587 16.54184 43.51616 16.54208 43.51628 16.54219 43.51642 16.54231 43.5166 16.5426 43.51686 16.54303 43.51775 16.54351 43.51824 16.5437 43.5185 16.54367 43.51856 16.54366 43.51865 16.54365 43.51874 16.54393 43.51877 16.54406 43.51065 16.55464 43.51055 16.55477 43.50828 16.55705 43.50775 16.55758 43.50724 16.55809 43.50139 16.56385 43.50018 16.56504 43.50017 16.56505 43.49727 16.56823 43.49281 16.57313 43.49264 16.57342 43.4899 16.57797 43.48778 16.5815 43.47678 16.59018 43.47674 16.59037 43.47667 16.59067 43.47233 16.60523 43.47509 16.60921 43.47582 16.61027 43.47721 16.61234 43.47725 16.61243 43.47738 16.61275 43.47752 16.61292 43.47762 16.61306 43.47788 16.6132 43.47792 16.61322 43.47815 16.61353 43.47884 16.61446 43.47901 16.61486 43.4792 16.6153 43.47966 16.61665 43.47997 16.61756 43.48077 16.61968 43.48097 16.62023 43.48104 16.62042 43.48109 16.62047 43.48126 16.62063 43.48135 16.62072 43.48154 16.62072 43.48188 16.62071 43.4823 16.62017 43.4825 16.61991 43.48362 16.62034 43.48386 16.62008 43.48474 16.61988 43.48486 16.61972 43.48496 16.61958 43.4851 16.61907 43.48512 16.61904 43.48519 16.61893 43.4853 16.61877 43.48523 16.61862 43.48519 16.61853 43.48554 16.6185 43.48639 16.61811 43.48699 16.61732 43.48704 16.61725 43.48711 16.61722 43.48748 16.61705 43.48777 16.6175 43.48791 16.61754 43.48818 16.61721 43.48864 16.61661 43.48947 16.61776 43.48994 16.61742 43.49038 16.6171 43.49094 16.61699 43.49131 16.6167 43.49209 16.6161 43.49218 16.61603 43.49228 16.61595 43.49367 16.61521 43.49507 16.61397 43.49568 16.61357 43.49627 16.61319 43.49726 16.61417 43.49885 16.61565 43.49923 16.616 43.50025 16.61686 43.50214 16.6184 43.50399 16.61991 43.5069 16.62201 43.5102 16.62594 43.5151 16.63163 43.51936 16.63521 43.51956 16.63538 43.52591 16.64015 43.52654 16.64019 43.53164 16.64055 43.53642 16.64095 43.53655 16.64096 43.53683 16.64088 43.53582 16.63951 43.53148 16.63358 43.53223 16.62762</gml:posList>
                        </gml:LinearRing>
                      </gml:exterior>
                    </gml:Polygon>
                  </gml:surfaceMember>
                  <gml:surfaceMember>
                    <gml:Polygon gml:id="MEDIA_MONITORED_CILJ_ID_1_POLUTANT_1_MODEL_4">
                      <gml:exterior>
                        <gml:LinearRing>
                          <gml:posList srsDimension="2">43.53555 16.44877 43.53557 16.44886 43.53561 16.44892 43.53568 16.44897 43.53574 16.44896 43.53577 16.4489 43.53579 16.44875 43.53579 16.44863 43.53577 16.44858 43.53571 16.44849 43.53568 16.44847 43.53562 16.44848 43.53556 16.44853 43.53554 16.44866 43.53555 16.44877</gml:posList>
                        </gml:LinearRing>
                      </gml:exterior>
                    </gml:Polygon>
                  </gml:surfaceMember>
                  <gml:surfaceMember>
                    <gml:Polygon gml:id="MEDIA_MONITORED_CILJ_ID_1_POLUTANT_1_MODEL_5">
                      <gml:exterior>
                        <gml:LinearRing>
                          <gml:posList srsDimension="2">43.53573 16.44815 43.53576 16.4482 43.53579 16.4482 43.53581 16.44818 43.53583 16.44811 43.53583 16.44802 43.53581 16.44797 43.53578 16.44796 43.53574 16.44798 43.53572 16.44806 43.53573 16.44815</gml:posList>
                        </gml:LinearRing>
                      </gml:exterior>
                    </gml:Polygon>
                  </gml:surfaceMember>
                  <gml:surfaceMember>
                    <gml:Polygon gml:id="MEDIA_MONITORED_CILJ_ID_1_POLUTANT_1_MODEL_6">
                      <gml:exterior>
                        <gml:LinearRing>
                          <gml:posList srsDimension="2">43.50078 16.19384 43.50089 16.19396 43.50099 16.19398 43.50116 16.19394 43.50117 16.19395 43.50127 16.19382 43.50128 16.19367 43.50127 16.19355 43.50123 16.19346 43.50116 16.1934 43.50105 16.19338 43.50095 16.1934 43.50082 16.19352 43.50078 16.19362 43.50076 16.19373 43.50078 16.19384</gml:posList>
                        </gml:LinearRing>
                      </gml:exterior>
                    </gml:Polygon>
                  </gml:surfaceMember>
                  <gml:surfaceMember>
                    <gml:Polygon gml:id="MEDIA_MONITORED_CILJ_ID_1_POLUTANT_1_MODEL_7">
                      <gml:exterior>
                        <gml:LinearRing>
                          <gml:posList srsDimension="2">43.51051 16.31127 43.5106 16.31114 43.51069 16.31105 43.5108 16.31086 43.51097 16.31059 43.51113 16.31042 43.51124 16.31014 43.51129 16.30999 43.51141 16.3098 43.51147 16.30969 43.51139 16.30966 43.5113 16.30962 43.50764 16.30806 43.50767 16.30783 43.50759 16.3078 43.50747 16.30776 43.50733 16.30772 43.50716 16.30767 43.50696 16.30797 43.50541 16.30738 43.50029 16.3059 43.49979 16.30564 43.49848 16.3057 43.49762 16.30547 43.49557 16.3057 43.49401 16.30505 43.49377 16.3052 43.49337 16.30466 43.49032 16.30504 43.48761 16.30525 43.48649 16.30519 43.48639 16.30395 43.48555 16.30397 43.48606 16.30228 43.48648 16.30104 43.48631 16.30097 43.4862 16.30093 43.4861 16.3009 43.48605 16.30115 43.48594 16.30136 43.48586 16.30148 43.48585 16.30162 43.48581 16.30167 43.4857 16.30169 43.4856 16.30188 43.48559 16.30206 43.48553 16.30235 43.48554 16.303 43.48545 16.30324 43.48498 16.30403 43.48486 16.30411 43.48467 16.30411 43.48445 16.30426 43.48435 16.30442 43.48432 16.30453 43.48428 16.30455 43.48418 16.30455 43.4841 16.30462 43.48401 16.30499 43.48386 16.30538 43.48379 16.30566 43.48376 16.30586 43.48377 16.30609 43.48383 16.30632 43.48385 16.30662 43.48391 16.30674 43.48402 16.30687 43.48406 16.30699 43.48399 16.30783 43.48379 16.30852 43.48367 16.30884 43.48365 16.30904 43.48367 16.30948 43.48364 16.3097 43.48363 16.30998 43.48354 16.31026 43.48341 16.31055 43.48336 16.31093 43.48332 16.31133 43.48318 16.31203 43.48298 16.31313 43.48287 16.31355 43.48273 16.31381 43.4827 16.31389 43.48269 16.31398 43.48269 16.31418 43.48265 16.31425 43.48255 16.31448 43.48253 16.3146 43.48261 16.31567 43.48259 16.31693 43.4825 16.31764 43.48246 16.31789 43.48243 16.3182 43.4824 16.31844 43.48237 16.31865 43.4823 16.31882 43.4823 16.31907 43.48247 16.31947 43.48274 16.3199 43.48281 16.32012 43.48277 16.32097 43.48283 16.32126 43.48282 16.32249 43.48277 16.3227 43.48278 16.32291 43.48273 16.32308 43.48274 16.32318 43.48284 16.32341 43.48288 16.32358 43.48285 16.32377 43.48278 16.32408 43.48278 16.32442 43.4827 16.32474 43.48266 16.32509 43.48255 16.32542 43.48251 16.32562 43.48245 16.32583 43.48244 16.32599 43.48248 16.32607 43.48256 16.32609 43.48256 16.32615 43.48254 16.32623 43.4825 16.32629 43.4825 16.32641 43.48252 16.32664 43.4826 16.32701 43.48269 16.32721 43.48285 16.32774 43.48284 16.32796 43.48285 16.32813 43.48275 16.32828 43.48276 16.32849 43.48282 16.32885 43.48289 16.32902 43.48288 16.32929 43.48283 16.32954 43.48282 16.33004 43.48276 16.33036 43.48272 16.33055 43.48271 16.33138 43.48268 16.33164 43.48265 16.33236 43.48268 16.3325 43.4827 16.33285 43.48269 16.33344 43.48265 16.33374 43.48246 16.33422 43.48242 16.33445 43.48244 16.33502 43.48241 16.33616 43.48227 16.3368 43.4823 16.33759 43.48224 16.33795 43.48224 16.33838 43.48218 16.33867 43.48217 16.33914 43.4822 16.33924 43.48219 16.33944 43.48207 16.33996 43.4821 16.34077 43.48213 16.34092 43.48208 16.34124 43.48209 16.34203 43.48219 16.34266 43.48219 16.34282 43.48215 16.34293 43.48215 16.343 43.48207 16.34315 43.48206 16.34328 43.48206 16.34331 43.48209 16.34349 43.48223 16.34367 43.48239 16.34402 43.4824 16.34454 43.48252 16.34486 43.48253 16.34496 43.48248 16.34505 43.48248 16.34511 43.48259 16.34528 43.48262 16.34561 43.48259 16.34579 43.48259 16.34608 43.48256 16.3465 43.48259 16.34667 43.4826 16.34684 43.48256 16.34696 43.48251 16.34699 43.48244 16.34701 43.48242 16.34704 43.48239 16.34708 43.48238 16.34718 43.48246 16.34731 43.48247 16.34743 43.48243 16.34822 43.48233 16.34904 43.48232 16.34928 43.48236 16.34948 43.48233 16.35015 43.48238 16.35042 43.48238 16.35092 43.48243 16.35117 43.48253 16.35141 43.48261 16.35211 43.4827 16.35228 43.48283 16.35247 43.48286 16.35262 43.48288 16.35298 43.48294 16.35329 43.483 16.35343 43.48301 16.35355 43.48297 16.3537 43.48297 16.35387 43.48311 16.3542 43.48318 16.35477 43.4833 16.35512 43.48331 16.35531 43.48332 16.35603 43.48344 16.35632 43.48348 16.35642 43.48344 16.3565 43.48339 16.35649 43.48336 16.35645 43.4833 16.35645 43.48326 16.35652 43.48323 16.35662 43.4832 16.35704 43.48311 16.35728 43.48311 16.35739 43.48318 16.35751 43.48321 16.35771 43.48334 16.35801 43.48339 16.35823 43.48339 16.35838 43.48333 16.3586 43.48333 16.3587 43.48333 16.35879 43.48336 16.35889 43.48345 16.35899 43.4835 16.35908 43.48358 16.35927 43.48359 16.3594 43.4836 16.35983 43.48365 16.36012 43.48372 16.3612 43.48375 16.36133 43.48378 16.3616 43.48378 16.36195 43.48374 16.36215 43.48371 16.3624 43.48375 16.36274 43.4837 16.36291 43.48364 16.36304 43.48364 16.36317 43.48371 16.36323 43.48376 16.36341 43.48375 16.36401 43.48373 16.36418 43.48373 16.36427 43.48379 16.36439 43.48381 16.36455 43.48374 16.36474 43.48375 16.36531 43.48381 16.36551 43.48382 16.36578 43.48396 16.36626 43.48395 16.36675 43.484 16.36702 43.48399 16.36774 43.48396 16.36794 43.48389 16.36812 43.4839 16.36853 43.48395 16.3688 43.48393 16.36905 43.48398 16.36925 43.48412 16.36945 43.48426 16.36982 43.48429 16.37 43.48429 16.37024 43.48432 16.37036 43.48436 16.37059 43.48439 16.37067 43.48438 16.37087 43.48437 16.37097 43.48435 16.37109 43.48434 16.37121 43.48436 16.37129 43.48436 16.37137 43.48433 16.37148 43.48428 16.37173 43.48424 16.37192 43.48424 16.37213 43.48424 16.37228 43.48428 16.37239 43.48431 16.37243 43.48432 16.37246 43.48433 16.37248 43.48431 16.37263 43.48429 16.37286 43.48427 16.37293 43.48423 16.37304 43.48416 16.37325 43.48414 16.37344 43.48413 16.37365 43.48411 16.37382 43.48409 16.37398 43.48405 16.37414 43.48401 16.37431 43.48397 16.37455 43.48397 16.37473 43.48399 16.37485 43.48402 16.37501 43.48402 16.37513 43.48403 16.37528 43.48405 16.37536 43.48408 16.37545 43.48421 16.3757 43.48422 16.37593 43.48422 16.37605 43.48425 16.37621 43.48426 16.37631 43.48428 16.37638 43.4843 16.37645 43.48429 16.37651 43.48427 16.37659 43.4842 16.37675 43.48415 16.37691 43.48413 16.37697 43.48414 16.37724 43.48417 16.37735 43.48419 16.37749 43.48421 16.37762 43.48421 16.37777 43.48419 16.37791 43.48417 16.37805 43.48416 16.37814 43.48419 16.37848 43.48417 16.3786 43.48417 16.37877 43.48423 16.37906 43.48431 16.37949 43.48433 16.37966 43.48435 16.37977 43.48434 16.38006 43.48435 16.38019 43.48438 16.38038 43.48443 16.38061 43.4844 16.38077 43.4844 16.38093 43.48442 16.38121 43.48445 16.38138 43.48451 16.38175 43.48452 16.3819 43.48453 16.38205 43.48465 16.38232 43.48473 16.38254 43.48481 16.3829 43.48485 16.38304 43.48488 16.38321 43.48487 16.3835 43.48487 16.3836 43.48486 16.38373 43.48487 16.38385 43.48488 16.38408 43.48496 16.38436 43.48503 16.38461 43.48506 16.38472 43.48508 16.38481 43.48518 16.38496 43.48521 16.38503 43.48522 16.38518 43.48518 16.3853 43.48518 16.38553 43.4852 16.38572 43.48523 16.38581 43.48526 16.38595 43.48529 16.38614 43.4853 16.38633 43.48531 16.38651 43.48533 16.38669 43.4854 16.38691 43.48546 16.3871 43.48547 16.38713 43.48546 16.38744 43.48548 16.3876 43.4855 16.3877 43.48553 16.38779 43.48556 16.38787 43.48566 16.38806 43.48571 16.38812 43.48575 16.3882 43.48579 16.38833 43.4858 16.38843 43.48583 16.38855 43.48589 16.38864 43.48597 16.38873 43.48605 16.38882 43.48611 16.3889 43.48615 16.38902 43.48618 16.38912 43.48622 16.38925 43.48625 16.38935 43.4864 16.38956 43.48648 16.38967 43.48652 16.38979 43.48655 16.38988 43.48663 16.39005 43.48669 16.39015 43.48676 16.39027 43.48691 16.39047 43.48704 16.39066 43.48719 16.39086 43.48733 16.39103 43.48749 16.39125 43.48758 16.39139 43.48764 16.39146 43.4877 16.39154 43.48777 16.3916 43.48781 16.39169 43.48789 16.39186 43.48799 16.39195 43.48801 16.39197 43.48802 16.39198 43.48808 16.39198 43.48817 16.39201 43.48826 16.39207 43.48832 16.39213 43.48834 16.39215 43.48846 16.39218 43.48893 16.39218 43.48901 16.39218 43.4892 16.39215 43.48927 16.39211 43.48937 16.39195 43.48944 16.39177 43.48946 16.39165 43.48954 16.39147 43.48957 16.39135 43.48957 16.39126 43.48957 16.39114 43.48961 16.39099 43.48967 16.39082 43.48968 16.39068 43.48968 16.39045 43.48969 16.39035 43.48971 16.39023 43.48974 16.39012 43.48983 16.3899 43.48985 16.38973 43.48992 16.38934 43.48994 16.38924 43.48995 16.38903 43.48997 16.38884 43.48996 16.38817 43.48998 16.38795 43.48999 16.38783 43.49002 16.38771 43.49003 16.38752 43.49002 16.38737 43.49002 16.38702 43.49002 16.38686 43.49001 16.38664 43.48999 16.38657 43.48994 16.38641 43.4899 16.38623 43.48989 16.38591 43.48988 16.3857 43.48984 16.38558 43.48979 16.38542 43.48978 16.38518 43.48977 16.38494 43.48976 16.38486 43.48972 16.38478 43.48965 16.38465 43.48959 16.38448 43.48956 16.38428 43.48949 16.38412 43.48935 16.38388 43.48931 16.38369 43.48926 16.38351 43.48921 16.38341 43.48915 16.38329 43.48914 16.38319 43.48909 16.38293 43.48909 16.38276 43.48911 16.38253 43.48911 16.38238 43.48909 16.38227 43.48907 16.3821 43.48901 16.38194 43.48898 16.38177 43.48894 16.38152 43.48889 16.38127 43.48886 16.38112 43.48884 16.38099 43.48885 16.38091 43.48886 16.38074 43.48885 16.38063 43.48882 16.38049 43.48879 16.3804 43.48878 16.38034 43.48875 16.3803 43.48867 16.38024 43.48862 16.38017 43.48856 16.38002 43.48851 16.37984 43.48843 16.37964 43.48833 16.37929 43.48826 16.37909 43.48821 16.37899 43.48817 16.37888 43.48814 16.37865 43.4881 16.37842 43.48804 16.37826 43.48798 16.37809 43.48796 16.37788 43.48796 16.3778 43.48797 16.37776 43.48799 16.37768 43.48799 16.37753 43.48797 16.37746 43.48794 16.37729 43.48791 16.37711 43.4879 16.37696 43.48793 16.37682 43.48804 16.37641 43.48809 16.37617 43.48813 16.37592 43.48813 16.3758 43.48812 16.37567 43.48813 16.37538 43.48817 16.37517 43.4882 16.375 43.48823 16.37477 43.48824 16.37467 43.48829 16.37455 43.48835 16.37435 43.48837 16.37417 43.4884 16.37397 43.48846 16.37368 43.48849 16.37354 43.48857 16.37327 43.48865 16.37311 43.4887 16.37298 43.48879 16.37278 43.48887 16.37256 43.48893 16.37246 43.48903 16.37235 43.48912 16.37229 43.48929 16.37217 43.48945 16.37205 43.48954 16.37198 43.48974 16.37179 43.48988 16.37156 43.48992 16.37142 43.48997 16.37123 43.49001 16.37105 43.49006 16.37092 43.4901 16.37073 43.49014 16.37041 43.49014 16.37024 43.49011 16.37013 43.49007 16.37 43.49009 16.36981 43.49007 16.36963 43.49002 16.36951 43.49001 16.36926 43.4899 16.36901 43.4899 16.36881 43.48995 16.36866 43.49002 16.36852 43.49007 16.36845 43.49027 16.36825 43.4904 16.36805 43.49059 16.36774 43.49072 16.3673 43.49081 16.36708 43.49088 16.36698 43.49108 16.36689 43.4916 16.36675 43.49188 16.36663 43.49213 16.36647 43.49235 16.3664 43.49239 16.36635 43.49242 16.3663 43.49242 16.36618 43.49244 16.36613 43.49248 16.3661 43.49255 16.3661 43.49262 16.36603 43.49275 16.36561 43.4929 16.3653 43.49288 16.36502 43.49285 16.36492 43.49273 16.36477 43.49231 16.36466 43.49214 16.36457 43.492 16.36445 43.4919 16.36441 43.49172 16.3644 43.49161 16.36433 43.49155 16.36413 43.49148 16.36353 43.49141 16.36321 43.49142 16.36307 43.49143 16.36299 43.49189 16.36241 43.49195 16.36226 43.49204 16.36185 43.49212 16.36157 43.49227 16.36108 43.49238 16.36054 43.49238 16.36032 43.49233 16.36004 43.49223 16.3594 43.49213 16.35904 43.49208 16.35877 43.49199 16.35857 43.49178 16.35832 43.49175 16.35822 43.49176 16.3581 43.49191 16.35761 43.49195 16.35729 43.49196 16.35699 43.492 16.35663 43.49207 16.35645 43.49213 16.35612 43.49214 16.35578 43.49218 16.35552 43.49225 16.35522 43.49238 16.35475 43.49242 16.35448 43.49255 16.35401 43.49264 16.35356 43.49265 16.35272 43.49262 16.35255 43.49264 16.35243 43.49271 16.35229 43.4928 16.35219 43.49302 16.35202 43.49319 16.35173 43.49326 16.35127 43.49333 16.35094 43.49337 16.3507 43.4934 16.35032 43.49353 16.34993 43.49367 16.34924 43.49376 16.34899 43.49398 16.34858 43.49423 16.34821 43.4944 16.34793 43.49454 16.34766 43.49496 16.3468 43.495 16.34661 43.49505 16.34645 43.49516 16.34636 43.49534 16.34629 43.49547 16.34614 43.49563 16.3458 43.49582 16.34524 43.49593 16.34494 43.49601 16.34454 43.49615 16.34394 43.49628 16.34326 43.49639 16.34295 43.49668 16.34238 43.4969 16.34179 43.49709 16.34155 43.49725 16.34146 43.49736 16.34141 43.49759 16.34127 43.49791 16.341 43.49828 16.34079 43.49841 16.34071 43.49859 16.3405 43.49875 16.34022 43.49885 16.34001 43.49898 16.34018 43.49902 16.3402 43.49928 16.34052 43.49965 16.34044 43.49963 16.34025 43.49932 16.34033 43.49892 16.33983 43.49916 16.33928 43.49927 16.33893 43.49943 16.33858 43.49955 16.33852 43.49969 16.33876 43.49946 16.33919 43.49958 16.3393 43.4998 16.33892 43.49997 16.33899 43.50003 16.339 43.50049 16.33886 43.50072 16.33879 43.5009 16.33867 43.50114 16.3383 43.50127 16.33791 43.50129 16.33759 43.50133 16.33747 43.50151 16.33722 43.50156 16.33709 43.50155 16.3369 43.5015 16.33681 43.50148 16.33675 43.5015 16.33666 43.50155 16.33659 43.50165 16.33643 43.50167 16.33609 43.50171 16.33593 43.50171 16.33567 43.50175 16.33543 43.50179 16.33527 43.50176 16.33485 43.50179 16.33471 43.5019 16.33449 43.50194 16.33424 43.50197 16.33304 43.50194 16.33276 43.50195 16.33221 43.50191 16.33211 43.5019 16.33201 43.5019 16.33196 43.5019 16.33179 43.50187 16.33167 43.50178 16.33149 43.50173 16.33104 43.5016 16.33058 43.5016 16.33037 43.50173 16.33013 43.50185 16.33001 43.50193 16.32997 43.50204 16.32993 43.50211 16.32995 43.50219 16.33011 43.50227 16.33013 43.50237 16.33012 43.50261 16.32988 43.50272 16.32971 43.503 16.32886 43.50303 16.3282 43.50299 16.32809 43.50301 16.32797 43.50309 16.32781 43.50312 16.32764 43.50311 16.32704 43.5031 16.32685 43.50314 16.32658 43.50315 16.32623 43.50317 16.32607 43.50325 16.3259 43.50339 16.3256 43.5036 16.3253 43.50374 16.3252 43.50406 16.32484 43.50418 16.32476 43.50449 16.32438 43.50464 16.32403 43.50466 16.32388 43.50471 16.32374 43.50482 16.32359 43.5049 16.32342 43.50492 16.3231 43.50495 16.32295 43.50525 16.3225 43.50542 16.32197 43.50547 16.32189 43.50558 16.3218 43.50612 16.32154 43.50638 16.32138 43.50663 16.32128 43.50685 16.32111 43.5072 16.32094 43.50726 16.32087 43.50727 16.32065 43.50723 16.32055 43.50725 16.32046 43.50756 16.31999 43.50771 16.31977 43.50803 16.31922 43.50808 16.31906 43.50828 16.31857 43.50834 16.31839 43.50838 16.31808 43.50839 16.31775 43.5084 16.31765 43.50843 16.31758 43.50855 16.31723 43.50873 16.31664 43.5089 16.31616 43.50901 16.31589 43.50921 16.31542 43.50934 16.31513 43.50964 16.31456 43.50995 16.31399 43.51019 16.31356 43.51025 16.3134 43.51042 16.3131 43.51049 16.31286 43.51054 16.31268 43.51054 16.31232 43.5105 16.31192 43.51049 16.31165 43.51051 16.31127</gml:posList>
                        </gml:LinearRing>
                      </gml:exterior>
                    </gml:Polygon>
                  </gml:surfaceMember>
                  <gml:surfaceMember>
                    <gml:Polygon gml:id="MEDIA_MONITORED_CILJ_ID_1_POLUTANT_1_MODEL_8">
                      <gml:exterior>
                        <gml:LinearRing>
                          <gml:posList srsDimension="2">43.45812 16.14112 43.45815 16.14099 43.45855 16.14037 43.4587 16.13993 43.45876 16.13965 43.45896 16.13909 43.45918 16.13862 43.45934 16.13808 43.45941 16.13773 43.45954 16.13717 43.45956 16.13653 43.45953 16.13603 43.45943 16.13549 43.45943 16.13519 43.45938 16.1347 43.45922 16.1343 43.45917 16.13405 43.45912 16.13394 43.45907 16.13389 43.45898 16.13385 43.45891 16.13377 43.4588 16.1336 43.45863 16.13348 43.45828 16.13327 43.45797 16.13316 43.4576 16.13296 43.45646 16.13294 43.45598 16.13308 43.4554 16.13351 43.45511 16.13368 43.455 16.13373 43.4549 16.1338 43.45476 16.13396 43.45471 16.1341 43.45469 16.13426 43.45442 16.13486 43.45432 16.13519 43.45424 16.13554 43.45407 16.136 43.45389 16.1364 43.45371 16.13669 43.45335 16.13698 43.453 16.13739 43.45287 16.13766 43.45284 16.1379 43.45285 16.13907 43.45276 16.13951 43.45252 16.14018 43.45245 16.1405 43.45235 16.14109 43.45229 16.14175 43.45231 16.14188 43.45232 16.14215 43.4524 16.14231 43.45241 16.14239 43.4524 16.14244 43.45228 16.14266 43.45223 16.14279 43.4522 16.14305 43.45215 16.14341 43.45211 16.14356 43.45205 16.14373 43.45196 16.14395 43.45183 16.14389 43.45179 16.14406 43.45192 16.14413 43.45188 16.14449 43.45186 16.14459 43.45181 16.14469 43.45168 16.14462 43.45164 16.14476 43.45179 16.14485 43.45167 16.14513 43.45157 16.1454 43.45152 16.1456 43.45143 16.14584 43.45124 16.14605 43.45115 16.14613 43.45108 16.14607 43.45108 16.14587 43.45099 16.14588 43.45099 16.14602 43.45096 16.14605 43.4509 16.14599 43.45089 16.14564 43.45102 16.14564 43.45102 16.14551 43.45092 16.1455 43.45082 16.14546 43.45068 16.1453 43.45045 16.14499 43.45039 16.14483 43.45037 16.14468 43.45024 16.14469 43.45009 16.14478 43.44964 16.145 43.44962 16.14512 43.44955 16.14519 43.44945 16.14503 43.44938 16.14512 43.44947 16.14531 43.44944 16.14537 43.44934 16.14536 43.44925 16.14544 43.44917 16.14543 43.44903 16.14542 43.44902 16.14552 43.44898 16.14553 43.4489 16.14545 43.44881 16.14548 43.44865 16.14548 43.44859 16.14547 43.44857 16.14543 43.44857 16.1454 43.44858 16.14528 43.44866 16.14503 43.44875 16.1448 43.44882 16.14486 43.44887 16.14479 43.44879 16.14472 43.44882 16.14462 43.44892 16.14463 43.44894 16.14448 43.44886 16.14446 43.44914 16.14387 43.44925 16.14354 43.44956 16.14314 43.44975 16.14305 43.44997 16.14307 43.44997 16.14327 43.45006 16.14327 43.45007 16.14308 43.45028 16.14308 43.45046 16.14288 43.4505 16.14278 43.45061 16.14227 43.45063 16.14175 43.45045 16.13963 43.45031 16.13942 43.45011 16.13935 43.44996 16.13937 43.44951 16.13963 43.44938 16.1397 43.44925 16.13976 43.44906 16.13982 43.44892 16.13986 43.44889 16.13981 43.44886 16.13971 43.44878 16.13976 43.44883 16.13993 43.44869 16.13998 43.44845 16.13999 43.44835 16.14003 43.44813 16.14015 43.4481 16.14009 43.44804 16.14009 43.44803 16.14023 43.44796 16.14026 43.44786 16.14023 43.44782 16.14011 43.44789 16.14 43.44794 16.14006 43.44799 16.13999 43.44795 16.13992 43.44799 16.13988 43.44805 16.13994 43.44811 16.13985 43.44805 16.13977 43.44808 16.13969 43.44815 16.13977 43.44821 16.13968 43.44813 16.13958 43.44829 16.13922 43.44845 16.13887 43.44867 16.1386 43.44896 16.13823 43.44936 16.13742 43.44967 16.13696 43.44989 16.13655 43.45017 16.13612 43.45039 16.13569 43.45046 16.13547 43.45046 16.13525 43.45041 16.13507 43.4502 16.13475 43.45017 16.13455 43.45016 16.13435 43.45019 16.13423 43.45037 16.13403 43.45089 16.13362 43.45097 16.13348 43.45103 16.13329 43.45103 16.13298 43.45098 16.13224 43.45099 16.13214 43.45103 16.13196 43.45133 16.13126 43.45155 16.13049 43.45164 16.13021 43.45172 16.12986 43.45182 16.1293 43.45188 16.12898 43.45195 16.12855 43.45203 16.12813 43.45213 16.12737 43.45213 16.12672 43.45203 16.12611 43.45193 16.12564 43.45172 16.12499 43.45129 16.12412 43.45112 16.12387 43.45058 16.12334 43.45024 16.12308 43.44985 16.12283 43.44889 16.12226 43.44867 16.12214 43.44844 16.12204 43.44793 16.12186 43.44762 16.12176 43.44718 16.12169 43.44679 16.12177 43.44635 16.12193 43.44601 16.12202 43.44571 16.12216 43.44517 16.12252 43.44499 16.12269 43.44477 16.12281 43.44455 16.12303 43.44418 16.12357 43.44409 16.12372 43.44391 16.12423 43.44377 16.12452 43.44369 16.12489 43.44369 16.12532 43.44365 16.12546 43.44354 16.12558 43.44338 16.1257 43.44305 16.12587 43.4427 16.12621 43.44252 16.12645 43.44241 16.12669 43.44237 16.12714 43.44232 16.12729 43.44227 16.12737 43.44219 16.12741 43.44203 16.12745 43.4419 16.12743 43.44181 16.12738 43.4418 16.12722 43.44188 16.12722 43.44189 16.12715 43.44181 16.12715 43.4418 16.12655 43.44178 16.12628 43.44179 16.12613 43.44201 16.12544 43.44209 16.12503 43.44213 16.12479 43.44219 16.12444 43.44223 16.12419 43.44232 16.12407 43.44234 16.12391 43.44231 16.1238 43.44219 16.12366 43.44207 16.12349 43.44178 16.12335 43.4415 16.12303 43.44133 16.1229 43.44083 16.12263 43.44067 16.12257 43.43995 16.12257 43.43986 16.1225 43.43983 16.1224 43.43984 16.12232 43.43992 16.12223 43.44041 16.12196 43.44084 16.1216 43.44099 16.12153 43.4413 16.12151 43.44143 16.12148 43.44146 16.12143 43.4415 16.12143 43.44162 16.12162 43.4417 16.12168 43.44192 16.12168 43.44241 16.12151 43.44301 16.12115 43.44326 16.12087 43.44355 16.12016 43.44356 16.12007 43.44356 16.11982 43.44355 16.11962 43.44351 16.1195 43.44342 16.11925 43.44296 16.11853 43.44268 16.11783 43.44255 16.11765 43.44233 16.1175 43.44216 16.11741 43.44187 16.1173 43.44165 16.11726 43.44137 16.11731 43.44116 16.11748 43.44089 16.11757 43.44022 16.11756 43.43993 16.11762 43.43971 16.11762 43.43961 16.11756 43.43955 16.11748 43.43952 16.11729 43.4394 16.11715 43.4392 16.11705 43.43887 16.11693 43.4387 16.11672 43.43845 16.11641 43.4381 16.11617 43.43778 16.11589 43.43755 16.11571 43.43743 16.11558 43.43736 16.11546 43.43723 16.11538 43.43721 16.11533 43.43723 16.11526 43.43727 16.11516 43.43745 16.11469 43.43754 16.11437 43.43758 16.11404 43.4376 16.11367 43.43756 16.11272 43.43749 16.1122 43.43736 16.1116 43.43722 16.11121 43.43708 16.11093 43.43692 16.11068 43.43674 16.11051 43.43661 16.11031 43.43647 16.11011 43.43636 16.11008 43.43632 16.11012 43.43629 16.1102 43.43628 16.1103 43.43624 16.11029 43.43623 16.11024 43.43624 16.11 43.43622 16.10995 43.43617 16.1099 43.43591 16.10992 43.4358 16.10997 43.43568 16.11004 43.43548 16.11031 43.43542 16.11056 43.43536 16.11067 43.43527 16.11077 43.43519 16.11087 43.43515 16.11112 43.43509 16.11122 43.43498 16.11133 43.4349 16.1115 43.43476 16.11178 43.43462 16.112 43.43449 16.11212 43.43443 16.11227 43.43431 16.11231 43.43417 16.11224 43.43397 16.11225 43.43382 16.1122 43.4337 16.11208 43.43355 16.11198 43.4335 16.1119 43.43348 16.11178 43.43347 16.11116 43.43336 16.11037 43.43329 16.11016 43.43311 16.10958 43.433 16.10935 43.43288 16.10918 43.43275 16.10905 43.43259 16.10897 43.43205 16.10858 43.43179 16.10848 43.4316 16.10838 43.43116 16.10828 43.43102 16.10825 43.43068 16.10812 43.43026 16.10809 43.43008 16.10819 43.4299 16.10843 43.42981 16.10863 43.42975 16.10887 43.42974 16.10939 43.42967 16.11008 43.42966 16.1109 43.42961 16.11122 43.42959 16.11188 43.42968 16.11216 43.42968 16.11299 43.42967 16.11323 43.42961 16.11351 43.42937 16.1142 43.42895 16.11481 43.42892 16.11491 43.42888 16.11503 43.42889 16.11518 43.42891 16.11528 43.42889 16.1154 43.42882 16.1155 43.4288 16.11559 43.42878 16.11582 43.42872 16.11616 43.42874 16.11646 43.42881 16.11659 43.42888 16.11666 43.42897 16.11674 43.42946 16.11692 43.4301 16.11691 43.43018 16.11696 43.43023 16.11706 43.43021 16.11719 43.43015 16.11733 43.42994 16.11768 43.42986 16.11783 43.42979 16.11811 43.42978 16.11836 43.42984 16.11853 43.42987 16.11863 43.43003 16.11886 43.43009 16.11895 43.43014 16.11907 43.43013 16.11918 43.43007 16.11929 43.42992 16.11942 43.42977 16.11957 43.42953 16.11966 43.42947 16.11968 43.42941 16.11976 43.42937 16.11983 43.42932 16.12008 43.42931 16.12025 43.42931 16.12043 43.42929 16.1206 43.42929 16.12074 43.42943 16.12093 43.42951 16.12102 43.42958 16.12123 43.42965 16.12139 43.4297 16.12154 43.42966 16.12168 43.42922 16.12208 43.42899 16.12212 43.42892 16.12217 43.42871 16.12222 43.42855 16.12253 43.42846 16.12249 43.42845 16.12236 43.42841 16.1223 43.4283 16.12228 43.4282 16.12235 43.42807 16.12258 43.42799 16.12287 43.42788 16.12314 43.42784 16.12366 43.42791 16.12405 43.42819 16.12505 43.42833 16.1254 43.42836 16.12562 43.42832 16.12578 43.42827 16.12586 43.42816 16.12594 43.42776 16.12605 43.42769 16.12612 43.42762 16.12622 43.42751 16.12652 43.42748 16.12703 43.42749 16.12786 43.42755 16.1285 43.42754 16.12901 43.42746 16.12936 43.42745 16.12949 43.42746 16.1296 43.42753 16.12973 43.42756 16.12988 43.42756 16.13007 43.42752 16.1302 43.42752 16.13035 43.42756 16.1304 43.42763 16.13038 43.42773 16.13034 43.42781 16.13029 43.42786 16.13031 43.42786 16.13038 43.42781 16.13045 43.42777 16.13052 43.42776 16.13055 43.42778 16.13057 43.42783 16.13057 43.42799 16.13058 43.42805 16.13065 43.42809 16.1308 43.42806 16.13085 43.42797 16.13087 43.42793 16.13095 43.42796 16.13119 43.42795 16.13132 43.428 16.13139 43.42807 16.13137 43.42812 16.13128 43.4282 16.13137 43.42818 16.13146 43.42821 16.13154 43.4283 16.13164 43.42848 16.13187 43.42864 16.13222 43.42869 16.13234 43.42885 16.13264 43.42906 16.13312 43.4292 16.13334 43.42942 16.13352 43.42976 16.1339 43.43011 16.1341 43.43038 16.13418 43.43073 16.13449 43.43093 16.1346 43.43128 16.13462 43.43133 16.13469 43.43135 16.13484 43.4314 16.13496 43.43138 16.13509 43.43122 16.1353 43.43113 16.1355 43.43109 16.13575 43.43099 16.136 43.43101 16.13627 43.43116 16.1364 43.43123 16.13645 43.43124 16.13652 43.43122 16.1366 43.43117 16.13684 43.43113 16.13696 43.43078 16.1374 43.43069 16.13762 43.43067 16.13774 43.43067 16.13799 43.4307 16.13814 43.43099 16.13859 43.43118 16.13878 43.43121 16.13889 43.4312 16.13899 43.43107 16.13918 43.43096 16.13945 43.43074 16.13972 43.43051 16.13994 43.43045 16.14003 43.43034 16.14033 43.43028 16.14057 43.43018 16.14075 43.43015 16.14091 43.43006 16.14146 43.42995 16.14175 43.42969 16.14222 43.42962 16.14241 43.42954 16.14278 43.42952 16.1431 43.42947 16.14331 43.42949 16.14389 43.42955 16.14418 43.4296 16.14461 43.42966 16.14501 43.42976 16.14521 43.42989 16.14558 43.43005 16.14574 43.43009 16.14581 43.43008 16.14588 43.43002 16.14589 43.42992 16.14589 43.42986 16.14591 43.42985 16.146 43.42996 16.14613 43.43017 16.1462 43.43055 16.14643 43.43076 16.14659 43.43092 16.14676 43.43142 16.14709 43.43157 16.14724 43.43169 16.14732 43.43207 16.1478 43.43248 16.1481 43.43269 16.14818 43.43298 16.14818 43.43329 16.14807 43.43356 16.14783 43.43435 16.14673 43.43464 16.14622 43.43495 16.14583 43.4355 16.14492 43.43564 16.1448 43.43575 16.14475 43.43585 16.14479 43.43591 16.14483 43.43602 16.14498 43.43607 16.14513 43.43612 16.14558 43.43626 16.14588 43.43626 16.14602 43.4362 16.14622 43.43608 16.14664 43.436 16.14678 43.43594 16.1471 43.43594 16.1474 43.43603 16.1478 43.43626 16.1483 43.43631 16.14854 43.43629 16.14869 43.43623 16.14881 43.43594 16.14918 43.43576 16.14973 43.43572 16.14994 43.43568 16.15012 43.43568 16.15046 43.43565 16.15061 43.43564 16.15085 43.43572 16.15123 43.43581 16.15145 43.43586 16.15182 43.43598 16.15207 43.43616 16.15257 43.43635 16.15284 43.43651 16.15295 43.43669 16.153 43.43701 16.15321 43.43731 16.15332 43.43775 16.15332 43.43808 16.15325 43.4382 16.15318 43.43847 16.15316 43.43855 16.15321 43.43876 16.15324 43.43882 16.15327 43.43885 16.15336 43.43881 16.15351 43.43863 16.15375 43.43854 16.15395 43.4385 16.15414 43.4385 16.15466 43.43844 16.15483 43.43831 16.15503 43.43816 16.15502 43.43806 16.15503 43.43762 16.15534 43.43699 16.15607 43.43682 16.15609 43.4367 16.15601 43.43661 16.15601 43.4365 16.15613 43.43641 16.15613 43.43634 16.15606 43.43614 16.15608 43.43594 16.15625 43.43579 16.15648 43.43563 16.15688 43.43546 16.15757 43.43545 16.15767 43.43546 16.15782 43.43557 16.15799 43.43558 16.15807 43.43556 16.15818 43.43553 16.15828 43.43557 16.15846 43.43561 16.15856 43.43559 16.15864 43.43554 16.15871 43.43505 16.15902 43.43452 16.1595 43.43443 16.15955 43.43425 16.1598 43.43389 16.16013 43.43337 16.16096 43.43324 16.16126 43.43299 16.1617 43.43253 16.16243 43.43242 16.16277 43.43222 16.16326 43.43223 16.16334 43.43234 16.16342 43.43239 16.16354 43.43239 16.16359 43.43234 16.16364 43.43214 16.16363 43.4321 16.16368 43.43205 16.16375 43.43195 16.16427 43.43195 16.16462 43.43202 16.16504 43.43201 16.16546 43.43196 16.16576 43.43189 16.16605 43.43186 16.1663 43.4319 16.1665 43.43196 16.16687 43.43195 16.16766 43.43199 16.16805 43.43211 16.16845 43.43223 16.1687 43.4323 16.16885 43.43244 16.169 43.4327 16.16913 43.43293 16.16931 43.4332 16.16943 43.43345 16.16949 43.43421 16.16987 43.43442 16.16993 43.43463 16.16998 43.43517 16.17016 43.43544 16.17029 43.43626 16.17051 43.43668 16.17051 43.43699 16.17046 43.43714 16.17039 43.43741 16.17033 43.4376 16.17018 43.43779 16.17018 43.43785 16.17013 43.43802 16.16997 43.43812 16.16992 43.43839 16.1699 43.43847 16.16988 43.43867 16.16985 43.43875 16.16979 43.43876 16.16973 43.43869 16.16964 43.43854 16.16951 43.43851 16.16938 43.43862 16.16927 43.43878 16.16919 43.43897 16.16921 43.4392 16.16936 43.43942 16.1695 43.43951 16.16956 43.43961 16.16965 43.43967 16.16983 43.43972 16.17018 43.43973 16.17043 43.43988 16.171 43.44016 16.1714 43.44041 16.17162 43.44057 16.17185 43.44068 16.17215 43.44074 16.17254 43.44071 16.17393 43.44078 16.1743 43.44083 16.17444 43.44095 16.17485 43.44102 16.175 43.44133 16.17542 43.44139 16.17558 43.44159 16.17585 43.4417 16.17601 43.4416 16.17623 43.4417 16.17635 43.44181 16.17614 43.44186 16.17625 43.44204 16.1765 43.44225 16.1765 43.44263 16.17636 43.44301 16.17615 43.44324 16.17595 43.44336 16.17578 43.44372 16.17549 43.44401 16.17515 43.44427 16.17494 43.44505 16.17444 43.44517 16.1743 43.44526 16.17424 43.4454 16.17412 43.44554 16.17407 43.44567 16.17406 43.44579 16.17408 43.44603 16.17419 43.44618 16.17426 43.44634 16.17433 43.44663 16.17444 43.44675 16.17452 43.44706 16.17454 43.44722 16.1746 43.4476 16.17456 43.44818 16.17429 43.44849 16.17408 43.44867 16.17379 43.4488 16.17332 43.44891 16.17307 43.4491 16.1727 43.44912 16.17268 43.44916 16.17263 43.44921 16.17262 43.44928 16.17266 43.44967 16.17311 43.44981 16.17319 43.44995 16.17324 43.45021 16.17325 43.45046 16.17315 43.45082 16.17286 43.45095 16.17269 43.45104 16.1725 43.45113 16.17221 43.45117 16.17192 43.45119 16.17171 43.45124 16.17135 43.45129 16.17117 43.45136 16.17107 43.45149 16.171 43.45181 16.17095 43.45236 16.17072 43.45263 16.17045 43.45307 16.16989 43.45321 16.16975 43.45343 16.16963 43.45355 16.16951 43.45365 16.16935 43.45376 16.1691 43.45383 16.16889 43.45387 16.16862 43.4539 16.16837 43.45391 16.16823 43.45397 16.16813 43.45408 16.16813 43.45425 16.16823 43.45465 16.16829 43.4549 16.16825 43.45532 16.16806 43.45539 16.16798 43.45577 16.16767 43.45597 16.16743 43.45627 16.16704 43.45635 16.16684 43.45659 16.16648 43.45678 16.16591 43.45686 16.16554 43.45708 16.1648 43.45716 16.16416 43.45719 16.16325 43.45714 16.16263 43.45709 16.16251 43.45707 16.16226 43.45707 16.16209 43.45709 16.16201 43.45715 16.16194 43.45725 16.16187 43.45761 16.16182 43.4579 16.16166 43.45812 16.16136 43.45833 16.16085 43.45848 16.15972 43.45851 16.1589 43.45839 16.1585 43.45808 16.1581 43.45806 16.15802 43.45807 16.15795 43.45812 16.15787 43.45821 16.15778 43.45856 16.15767 43.45872 16.15752 43.45885 16.15735 43.45898 16.15699 43.45903 16.15676 43.45907 16.15651 43.4591 16.15567 43.45907 16.15533 43.459 16.15471 43.45896 16.15356 43.4589 16.15322 43.45886 16.15305 43.45879 16.15268 43.45877 16.15243 43.45862 16.15146 43.4586 16.15123 43.45857 16.15102 43.45848 16.15067 43.45841 16.15018 43.45832 16.14995 43.4582 16.1498 43.45804 16.14967 43.45779 16.14952 43.45718 16.14943 43.45714 16.14937 43.45713 16.14931 43.45713 16.14921 43.45722 16.14879 43.4575 16.14815 43.45762 16.14773 43.45767 16.14742 43.45762 16.14655 43.45746 16.14546 43.45747 16.14483 43.4575 16.14446 43.45761 16.14386 43.45766 16.14341 43.4578 16.1428 43.45792 16.14219 43.45803 16.14197 43.4581 16.14177 43.45812 16.14161 43.45811 16.14123 43.45812 16.14112</gml:posList>
                        </gml:LinearRing>
                      </gml:exterior>
                    </gml:Polygon>
                  </gml:surfaceMember>
                  <gml:surfaceMember>
                    <gml:Polygon gml:id="MEDIA_MONITORED_CILJ_ID_1_POLUTANT_1_MODEL_9">
                      <gml:exterior>
                        <gml:LinearRing>
                          <gml:posList srsDimension="2">43.5301 16.43902 43.5301 16.4389 43.5301 16.43886 43.53008 16.43879 43.53004 16.43877 43.52999 16.43877 43.52996 16.43881 43.52995 16.43891 43.52996 16.43898 43.52998 16.43906 43.53 16.43908 43.53003 16.4391 43.53007 16.43908 43.5301 16.43902</gml:posList>
                        </gml:LinearRing>
                      </gml:exterior>
                    </gml:Polygon>
                  </gml:surfaceMember>
                  <gml:surfaceMember>
                    <gml:Polygon gml:id="MEDIA_MONITORED_CILJ_ID_1_POLUTANT_1_MODEL_10">
                      <gml:exterior>
                        <gml:LinearRing>
                          <gml:posList srsDimension="2">43.48228 16.34687 43.48231 16.34691 43.48236 16.34693 43.48241 16.34692 43.48243 16.3469 43.48243 16.34681 43.48239 16.34676 43.48235 16.34674 43.4823 16.34674 43.48229 16.34678 43.48228 16.34683 43.48228 16.34687</gml:posList>
                        </gml:LinearRing>
                      </gml:exterior>
                    </gml:Polygon>
                  </gml:surfaceMember>
                  <gml:surfaceMember>
                    <gml:Polygon gml:id="MEDIA_MONITORED_CILJ_ID_1_POLUTANT_1_MODEL_11">
                      <gml:exterior>
                        <gml:LinearRing>
                          <gml:posList srsDimension="2">43.5363 16.44415 43.53633 16.44421 43.53637 16.44421 43.53641 16.44419 43.53645 16.44412 43.53649 16.44399 43.53648 16.44394 43.53644 16.44389 43.53638 16.44389 43.53631 16.44396 43.5363 16.44404 43.5363 16.44415</gml:posList>
                        </gml:LinearRing>
                      </gml:exterior>
                    </gml:Polygon>
                  </gml:surfaceMember>
                  <gml:surfaceMember>
                    <gml:Polygon gml:id="MEDIA_MONITORED_CILJ_ID_1_POLUTANT_1_MODEL_12">
                      <gml:exterior>
                        <gml:LinearRing>
                          <gml:posList srsDimension="2">43.52418 16.27612 43.52478 16.27707 43.52487 16.27707 43.52499 16.2769 43.52509 16.27673 43.52508 16.27667 43.52503 16.27654 43.52499 16.27652 43.52493 16.27655 43.52484 16.27661 43.52482 16.27661 43.52477 16.2766 43.52471 16.27653 43.5246 16.27632 43.52448 16.2761 43.52445 16.276 43.52438 16.2757 43.52434 16.2754 43.52428 16.27524 43.52422 16.27512 43.52417 16.27496 43.52417 16.27481 43.52423 16.27462 43.52423 16.27435 43.52414 16.27404 43.52415 16.27389 43.52416 16.27384 43.52418 16.27379 43.52424 16.27374 43.52436 16.27375 43.52442 16.27367 43.52442 16.2736 43.52437 16.27352 43.5241 16.27352 43.52401 16.27359 43.52397 16.27369 43.52396 16.27411 43.524 16.27433 43.52403 16.27466 43.52404 16.2749 43.52402 16.27547 43.52405 16.27582 43.52418 16.27612</gml:posList>
                        </gml:LinearRing>
                      </gml:exterior>
                    </gml:Polygon>
                  </gml:surfaceMember>
                  <gml:surfaceMember>
                    <gml:Polygon gml:id="MEDIA_MONITORED_CILJ_ID_1_POLUTANT_1_MODEL_13">
                      <gml:exterior>
                        <gml:LinearRing>
                          <gml:posList srsDimension="2">43.58534 16.47565 43.58764 16.46715 43.58899 16.45595 43.58951 16.45112 43.59091 16.43813 43.58676 16.43165 43.57105 16.4132 43.57031 16.41939 43.56908 16.42981 43.56988 16.43096 43.56776 16.43584 43.56765 16.43788 43.5643 16.44156 43.56311 16.44468 43.56216 16.44651 43.55815 16.44554 43.55785 16.44637 43.55773 16.44671 43.55741 16.44693 43.55711 16.44713 43.55668 16.44741 43.55464 16.45812 43.55378 16.45839 43.55337 16.45931 43.55231 16.45945 43.55222 16.45946 43.54973 16.45886 43.54956 16.45882 43.54943 16.45879 43.54928 16.45875 43.54927 16.45875 43.54846 16.45855 43.54768 16.45837 43.54695 16.45819 43.54557 16.45761 43.5454 16.45765 43.54498 16.45772 43.54496 16.45772 43.54459 16.45796 43.54444 16.4589 43.54356 16.46023 43.54197 16.46066 43.54189 16.46071 43.54184 16.46073 43.54177 16.46079 43.54135 16.46103 43.53981 16.46194 43.53767 16.46171 43.53765 16.46173 43.53763 16.46188 43.53769 16.462 43.5377 16.46207 43.53764 16.46211 43.53747 16.46211 43.53726 16.46213 43.53719 16.46217 43.53709 16.4623 43.53706 16.46235 43.53705 16.46262 43.53702 16.46275 43.53695 16.46286 43.53694 16.4629 43.53669 16.46284 43.53667 16.46289 43.53645 16.46399 43.53644 16.46411 43.53639 16.46435 43.53628 16.46484 43.53621 16.46528 43.53624 16.46541 43.53631 16.4655 43.53634 16.46557 43.53634 16.46571 43.53627 16.46573 43.53626 16.46572 43.53623 16.4656 43.53614 16.46569 43.53617 16.46578 43.53618 16.46606 43.53619 16.46633 43.53627 16.46635 43.53635 16.46629 43.53645 16.46633 43.53649 16.46634 43.53657 16.46635 43.53663 16.4664 43.53671 16.46661 43.53677 16.46677 43.53689 16.4671 43.53694 16.46727 43.537 16.46743 43.53703 16.46754 43.53699 16.46758 43.5369 16.46762 43.53682 16.46764 43.53646 16.46766 43.53643 16.46761 43.53642 16.46733 43.53634 16.46734 43.53634 16.46767 43.53637 16.46774 43.53646 16.46779 43.53686 16.46778 43.53694 16.46778 43.53699 16.46788 43.53701 16.46809 43.53706 16.46822 43.53708 16.46826 43.5371 16.46832 43.53724 16.46834 43.53729 16.46835 43.53737 16.46847 43.53739 16.4686 43.53738 16.46885 43.53715 16.46953 43.53711 16.46979 43.53708 16.46991 43.53702 16.46999 43.53688 16.47008 43.53678 16.47015 43.53669 16.47019 43.53662 16.47024 43.53638 16.47073 43.5363 16.47099 43.53599 16.47141 43.53594 16.47153 43.53592 16.47186 43.53594 16.47197 43.53593 16.47214 43.5359 16.47228 43.53591 16.47246 43.53593 16.47265 43.53592 16.47287 43.53585 16.47321 43.53572 16.47356 43.53572 16.47358 43.53556 16.47404 43.53537 16.47445 43.5352 16.47476 43.53506 16.47499 43.53503 16.47508 43.53492 16.47531 43.53486 16.47553 43.53486 16.47565 43.53486 16.47567 43.53486 16.47577 43.53484 16.47581 43.53472 16.47594 43.53459 16.47607 43.53425 16.4748 43.53385 16.47505 43.53376 16.47512 43.53344 16.47528 43.53314 16.47542 43.53284 16.47555 43.53288 16.47569 43.53322 16.47552 43.5342 16.47501 43.53422 16.47501 43.53425 16.4751 43.53436 16.47557 43.53436 16.47563 43.53304 16.47682 43.53299 16.47683 43.5327 16.47686 43.53268 16.4768 43.53265 16.47655 43.53259 16.47609 43.5325 16.47609 43.53252 16.47639 43.53256 16.4767 43.53258 16.47687 43.5326 16.477 43.53258 16.47711 43.53248 16.47724 43.53235 16.47734 43.53221 16.47741 43.53213 16.47744 43.53211 16.4774 43.53212 16.47674 43.53215 16.47652 43.53214 16.47624 43.53215 16.47579 43.53218 16.47559 43.53219 16.4754 43.53219 16.47513 43.53218 16.47498 43.5322 16.47483 43.53225 16.47462 43.53237 16.47431 43.53244 16.47407 43.53248 16.47392 43.5325 16.47377 43.5325 16.47364 43.53245 16.47337 43.53243 16.47324 43.53243 16.47317 43.53243 16.47295 43.53249 16.47275 43.53253 16.47263 43.53255 16.47254 43.53255 16.47247 43.53252 16.47241 43.53247 16.47233 43.53243 16.47229 43.53242 16.47225 43.53245 16.47219 43.53247 16.47211 43.53246 16.47207 43.53244 16.47203 43.53242 16.47198 43.5324 16.47189 43.5324 16.47153 43.53238 16.47147 43.53235 16.4714 43.53231 16.47136 43.53202 16.47133 43.53191 16.47125 43.53182 16.47117 43.53174 16.47111 43.53168 16.47108 43.53161 16.47101 43.53157 16.47095 43.53151 16.47087 43.53148 16.4708 43.53147 16.47065 43.53149 16.4705 43.53152 16.4704 43.53158 16.47032 43.53163 16.4703 43.53165 16.47032 43.53171 16.47038 43.53179 16.4704 43.5318 16.47041 43.53185 16.47037 43.53193 16.4703 43.53197 16.4703 43.53204 16.47025 43.53211 16.47014 43.53216 16.47011 43.53223 16.4701 43.53228 16.47014 43.53235 16.47013 43.53241 16.47005 43.53243 16.46998 43.53245 16.46991 43.53248 16.46984 43.53252 16.46979 43.53255 16.46973 43.53257 16.46969 43.53258 16.46964 43.53258 16.46958 43.53257 16.46952 43.53257 16.46941 43.53254 16.46936 43.53251 16.46931 43.5325 16.46929 43.53249 16.46926 43.53248 16.46918 43.53249 16.46914 43.53252 16.46908 43.53255 16.46901 43.53256 16.46899 43.53257 16.46886 43.53256 16.46884 43.53256 16.46881 43.53254 16.4688 43.53254 16.46878 43.53254 16.4687 43.53256 16.46862 43.53257 16.46857 43.53258 16.4685 43.5326 16.46847 43.53265 16.46846 43.53267 16.46842 43.53267 16.46841 43.53266 16.46838 43.53264 16.46835 43.53261 16.46834 43.53258 16.46833 43.53256 16.46832 43.53252 16.4683 43.53248 16.4683 43.5324 16.46834 43.53233 16.46836 43.53228 16.46838 43.53223 16.46837 43.5322 16.46835 43.53217 16.46833 43.53207 16.46823 43.53204 16.46819 43.532 16.46814 43.53199 16.46809 43.53199 16.46799 43.53202 16.4679 43.53204 16.46783 43.53205 16.46778 43.53207 16.46772 43.53207 16.46765 43.53207 16.46757 43.53205 16.46748 43.53201 16.46743 43.53195 16.46734 43.53192 16.46729 43.53189 16.46721 43.53189 16.46713 43.53187 16.46708 43.53185 16.46697 43.53184 16.46683 43.53183 16.46681 43.53181 16.46678 43.5318 16.46667 43.53178 16.46658 43.53177 16.46656 43.53175 16.46646 43.53172 16.46641 43.53167 16.46635 43.53156 16.46633 43.53155 16.46633 43.53102 16.46632 43.53104 16.46648 43.53105 16.46662 43.53106 16.46674 43.53109 16.46685 43.53111 16.46692 43.53111 16.46702 43.5311 16.46703 43.53103 16.46701 43.53088 16.46693 43.53085 16.46687 43.53083 16.46674 43.53081 16.4666 43.5308 16.46654 43.53078 16.46633 43.5306 16.46628 43.53058 16.46627 43.5306 16.46547 43.53051 16.46547 43.5305 16.46574 43.53045 16.4658 43.53043 16.46581 43.53038 16.46582 43.53022 16.46586 43.53018 16.46604 43.53014 16.46631 43.5301 16.46653 43.53006 16.46668 43.53005 16.46676 43.52983 16.46675 43.52982 16.46697 43.52979 16.46707 43.52976 16.46719 43.52973 16.46727 43.52917 16.46949 43.52916 16.46955 43.52908 16.46993 43.52901 16.4702 43.52901 16.47026 43.52909 16.47039 43.52908 16.47063 43.52906 16.47077 43.52902 16.47086 43.52901 16.47091 43.529 16.47096 43.52889 16.47114 43.52879 16.47126 43.52873 16.4714 43.52868 16.47162 43.52864 16.47178 43.52862 16.47183 43.52859 16.47184 43.52858 16.47182 43.52862 16.47169 43.52854 16.47165 43.52849 16.47176 43.52845 16.47193 43.52837 16.47222 43.52836 16.47229 43.52835 16.47237 43.52831 16.47251 43.52823 16.47273 43.52819 16.47285 43.52817 16.47297 43.52815 16.47307 43.52814 16.47312 43.52815 16.47318 43.52818 16.47319 43.52819 16.47318 43.52822 16.47313 43.52825 16.47307 43.52827 16.47305 43.5283 16.47304 43.52831 16.47305 43.52832 16.47309 43.52829 16.47318 43.52822 16.4733 43.52815 16.47346 43.52811 16.47356 43.5281 16.47367 43.52806 16.4738 43.52802 16.47392 43.52799 16.47401 43.52797 16.47408 43.52793 16.47414 43.52786 16.47418 43.5278 16.47423 43.52773 16.47435 43.52768 16.47445 43.52765 16.4745 43.52762 16.47452 43.52757 16.47451 43.52755 16.47447 43.52934 16.48203 43.52933 16.48279 43.52932 16.48297 43.52932 16.48332 43.52931 16.48388 43.52931 16.48403 43.52931 16.48405 43.5293 16.48409 43.52929 16.48867 43.52929 16.48958 43.52928 16.49343 43.52927 16.49517 43.52925 16.49528 43.52914 16.49595 43.52892 16.49734 43.52885 16.4986 43.52877 16.50005 43.5287 16.50055 43.52869 16.50063 43.52854 16.50169 43.52815 16.5043 43.5281 16.50444 43.52803 16.50462 43.52783 16.50512 43.52693 16.50737 43.52654 16.50788 43.52641 16.50805 43.52599 16.50812 43.52586 16.50814 43.52566 16.50823 43.52548 16.50914 43.52404 16.51043 43.52311 16.51282 43.52275 16.51441 43.52222 16.51677 43.52245 16.51679 43.52161 16.5209 43.52124 16.52365 43.52108 16.52521 43.52087 16.52717 43.52085 16.52737 43.52082 16.52759 43.52031 16.53073 43.52034 16.53138 43.52076 16.53196 43.5212 16.53209 43.52227 16.5324 43.5238 16.53233 43.52418 16.53231 43.52528 16.53343 43.52554 16.53369 43.52571 16.53386 43.53381 16.54183 43.53779 16.54575 43.53908 16.54702 43.54665 16.55448 43.54666 16.55449 43.54359 16.54804 43.5416 16.5422 43.54063 16.53936 43.54085 16.539 43.54181 16.53183 43.54281 16.52439 43.5429 16.52369 43.5429 16.52365 43.54292 16.52334 43.54297 16.52261 43.54277 16.52197 43.54229 16.52035 43.54156 16.51793 43.54151 16.51742 43.54142 16.51669 43.54133 16.51563 43.5413 16.51527 43.54116 16.5136 43.54035 16.51169 43.54018 16.5104 43.54016 16.51024 43.54058 16.50863 43.54075 16.50799 43.54068 16.50763 43.5406 16.50724 43.54024 16.50551 43.54033 16.50498 43.54052 16.50383 43.54055 16.50329 43.54061 16.50251 43.54063 16.50225 43.54063 16.50215 43.54063 16.50208 43.54062 16.50173 43.54061 16.50151 43.54059 16.50077 43.54041 16.49927 43.54023 16.49871 43.53999 16.49798 43.54001 16.49728 43.53977 16.49649 43.5397 16.49624 43.53936 16.49598 43.53914 16.49581 43.53832 16.49517 43.53802 16.49481 43.53764 16.49321 43.53767 16.49266 43.53778 16.49239 43.5378 16.49233 43.53825 16.49191 43.5388 16.49278 43.53932 16.49327 43.54008 16.49386 43.54093 16.4947 43.54112 16.49489 43.5414 16.49517 43.54153 16.49532 43.54174 16.49554 43.54184 16.49565 43.54267 16.49584 43.54332 16.49593 43.54361 16.49599 43.54425 16.49611 43.54463 16.49627 43.54483 16.49636 43.54491 16.49645 43.5454 16.49701 43.54551 16.49713 43.54601 16.49748 43.54652 16.49784 43.54695 16.49802 43.54711 16.49808 43.54738 16.49802 43.5479 16.4979 43.54798 16.49813 43.54808 16.49842 43.54824 16.49856 43.54833 16.49864 43.54871 16.49866 43.5497 16.4986 43.55012 16.49821 43.55047 16.49799 43.55065 16.49787 43.5515 16.498 43.55276 16.49818 43.55315 16.49883 43.55331 16.49893 43.55372 16.4992 43.55405 16.4993 43.5544 16.49941 43.55652 16.4991 43.55686 16.4991 43.55692 16.4991 43.55694 16.4991 43.55716 16.49937 43.5572 16.49942 43.55721 16.49944 43.55723 16.49946 43.5573 16.49955 43.55751 16.49992 43.55768 16.50021 43.55785 16.50041 43.55803 16.50064 43.55831 16.5015 43.55848 16.50249 43.559 16.50665 43.55918 16.50677 43.56042 16.50758 43.56078 16.50678 43.56124 16.50576 43.5614 16.50557 43.5615 16.50546 43.5619 16.50583 43.5623 16.5069 43.56271 16.5079 43.56345 16.50831 43.56374 16.5076 43.56404 16.50699 43.56412 16.50685 43.56421 16.5067 43.56433 16.5065 43.56445 16.50631 43.56451 16.50621 43.56453 16.50618 43.56443 16.50588 43.56436 16.50564 43.56453 16.50505 43.56482 16.50402 43.56522 16.50338 43.5653 16.50325 43.56602 16.50142 43.5662 16.49936 43.56703 16.49964 43.56739 16.49976 43.56804 16.49834 43.56858 16.49811 43.57 16.49753 43.57014 16.49747 43.57318 16.49623 43.57523 16.49539 43.57576 16.49517 43.57576 16.49516 43.58015 16.49351 43.58431 16.49284 43.58471 16.49192 43.58495 16.48594 43.58465 16.48352 43.58534 16.47565</gml:posList>
                        </gml:LinearRing>
                      </gml:exterior>
                    </gml:Polygon>
                  </gml:surfaceMember>
                  <gml:surfaceMember>
                    <gml:Polygon gml:id="MEDIA_MONITORED_CILJ_ID_1_POLUTANT_1_MODEL_14">
                      <gml:exterior>
                        <gml:LinearRing>
                          <gml:posList srsDimension="2">43.41548 16.1302 43.41593 16.12993 43.41606 16.12979 43.41615 16.12973 43.41622 16.12975 43.41626 16.12983 43.41629 16.12986 43.41638 16.12987 43.41667 16.12972 43.41678 16.12963 43.41702 16.12931 43.41718 16.12917 43.41733 16.12909 43.41742 16.12897 43.41771 16.12876 43.41791 16.12871 43.41818 16.12852 43.41889 16.12776 43.41907 16.12763 43.41934 16.12745 43.41952 16.12723 43.41956 16.12709 43.41967 16.12688 43.41982 16.12648 43.41997 16.12598 43.42002 16.12542 43.42005 16.12509 43.42012 16.1248 43.42022 16.12455 43.42044 16.12414 43.42047 16.12398 43.42051 16.12387 43.42073 16.12353 43.42079 16.12326 43.42083 16.12308 43.4209 16.12294 43.42098 16.12242 43.421 16.12197 43.42107 16.12167 43.42111 16.12114 43.42112 16.12069 43.42105 16.12037 43.42103 16.12027 43.42092 16.12002 43.4209 16.11983 43.42086 16.11968 43.4208 16.11942 43.42073 16.11919 43.42068 16.11909 43.42065 16.11903 43.42059 16.11898 43.42049 16.1189 43.42044 16.11885 43.42029 16.1188 43.42006 16.11879 43.41988 16.11877 43.41974 16.11874 43.41962 16.11872 43.41953 16.11874 43.41948 16.11874 43.41942 16.11876 43.41936 16.11879 43.41926 16.11882 43.4192 16.11885 43.4191 16.11891 43.41887 16.11909 43.41877 16.11918 43.41866 16.1192 43.41852 16.11927 43.41844 16.11933 43.41831 16.11947 43.41819 16.11967 43.41806 16.11981 43.41795 16.11989 43.41787 16.11994 43.41778 16.12 43.41769 16.12014 43.41754 16.12058 43.41739 16.12077 43.41721 16.12087 43.41705 16.12104 43.41701 16.1212 43.41701 16.12136 43.41692 16.12158 43.41613 16.12265 43.41597 16.12297 43.41588 16.12321 43.41584 16.12345 43.41583 16.12386 43.41579 16.12402 43.4157 16.12445 43.41561 16.12479 43.41549 16.12511 43.41546 16.12533 43.41514 16.12611 43.41508 16.12637 43.41503 16.12666 43.41504 16.12717 43.41508 16.12732 43.41511 16.12782 43.41509 16.12821 43.41499 16.12877 43.41489 16.12942 43.41482 16.12971 43.41472 16.12998 43.41472 16.13016 43.41475 16.13024 43.41481 16.13031 43.41499 16.13031 43.41548 16.1302</gml:posList>
                        </gml:LinearRing>
                      </gml:exterior>
                    </gml:Polygon>
                  </gml:surfaceMember>
                  <gml:surfaceMember>
                    <gml:Polygon gml:id="MEDIA_MONITORED_CILJ_ID_1_POLUTANT_1_MODEL_15">
                      <gml:exterior>
                        <gml:LinearRing>
                          <gml:posList srsDimension="2">43.50331 16.41773 43.50335 16.41775 43.5034 16.41774 43.50341 16.41768 43.5035 16.41744 43.50353 16.41731 43.50353 16.41723 43.50349 16.41711 43.50343 16.41709 43.50338 16.41714 43.50334 16.41731 43.5033 16.41745 43.5033 16.41761 43.50331 16.41773</gml:posList>
                        </gml:LinearRing>
                      </gml:exterior>
                    </gml:Polygon>
                  </gml:surfaceMember>
                  <gml:surfaceMember>
                    <gml:Polygon gml:id="MEDIA_MONITORED_CILJ_ID_1_POLUTANT_1_MODEL_16">
                      <gml:exterior>
                        <gml:LinearRing>
                          <gml:posList srsDimension="2">43.50097 16.19453 43.50102 16.19461 43.50111 16.19461 43.50115 16.19455 43.50115 16.19446 43.5011 16.19436 43.50101 16.19434 43.50095 16.19441 43.50097 16.19453</gml:posList>
                        </gml:LinearRing>
                      </gml:exterior>
                    </gml:Polygon>
                  </gml:surfaceMember>
                  <gml:surfaceMember>
                    <gml:Polygon gml:id="MEDIA_MONITORED_CILJ_ID_1_POLUTANT_1_MODEL_17">
                      <gml:exterior>
                        <gml:LinearRing>
                          <gml:posList srsDimension="2">43.53204 16.41892 43.53206 16.41902 43.53211 16.41913 43.53213 16.41918 43.53219 16.41928 43.53224 16.41933 43.53231 16.41933 43.53237 16.41928 43.53241 16.41917 43.53247 16.41895 43.53251 16.4188 43.53251 16.41862 43.53246 16.41851 43.53238 16.41832 43.53234 16.4183 43.53228 16.41829 43.53221 16.4183 43.53213 16.41834 43.53206 16.41845 43.53205 16.41851 43.53204 16.4188 43.53204 16.41892</gml:posList>
                        </gml:LinearRing>
                      </gml:exterior>
                    </gml:Polygon>
                  </gml:surfaceMember>
                  <gml:surfaceMember>
                    <gml:Polygon gml:id="MEDIA_MONITORED_CILJ_ID_1_POLUTANT_1_MODEL_18">
                      <gml:exterior>
                        <gml:LinearRing>
                          <gml:posList srsDimension="2">43.53004 16.44206 43.53004 16.44215 43.53004 16.44222 43.53008 16.44226 43.53011 16.44225 43.53014 16.44218 43.53014 16.44204 43.53014 16.44199 43.53011 16.44196 43.53008 16.44193 43.53005 16.44194 43.53004 16.44199 43.53004 16.44206</gml:posList>
                        </gml:LinearRing>
                      </gml:exterior>
                    </gml:Polygon>
                  </gml:surfaceMember>
                  <gml:surfaceMember>
                    <gml:Polygon gml:id="MEDIA_MONITORED_CILJ_ID_1_POLUTANT_1_MODEL_19">
                      <gml:exterior>
                        <gml:LinearRing>
                          <gml:posList srsDimension="2">43.43915 16.1757 43.43917 16.1755 43.43911 16.17543 43.43906 16.17543 43.43891 16.17555 43.43882 16.17557 43.43844 16.17554 43.43835 16.17561 43.43816 16.17566 43.43729 16.17564 43.43706 16.17571 43.4363 16.17621 43.43617 16.17624 43.43601 16.17633 43.4359 16.17644 43.43581 16.17657 43.43564 16.17684 43.43542 16.17701 43.43535 16.17711 43.43526 16.1775 43.43519 16.17766 43.43507 16.17784 43.43501 16.178 43.43503 16.17841 43.43496 16.17866 43.43493 16.17884 43.43495 16.17905 43.43506 16.17948 43.43523 16.17973 43.43534 16.1798 43.43545 16.17985 43.43572 16.17986 43.43621 16.17965 43.43679 16.17921 43.43783 16.17802 43.43864 16.17727 43.43904 16.17674 43.43908 16.17664 43.43909 16.17605 43.43915 16.1757</gml:posList>
                        </gml:LinearRing>
                      </gml:exterior>
                    </gml:Polygon>
                  </gml:surfaceMember>
                  <gml:surfaceMember>
                    <gml:Polygon gml:id="MEDIA_MONITORED_CILJ_ID_1_POLUTANT_1_MODEL_20">
                      <gml:exterior>
                        <gml:LinearRing>
                          <gml:posList srsDimension="2">43.61492 16.16578 43.61634 16.16225 43.61873 16.15849 43.6225 16.15256 43.63276 16.12911 43.63405 16.12445 43.63457 16.1198 43.63522 16.11535 43.63521 16.11534 43.63382 16.11369 43.63223 16.11217 43.63011 16.10907 43.62385 16.10477 43.61081 16.10193 43.60721 16.12015 43.6062 16.12685 43.60595 16.12702 43.59896 16.1466 43.59136 16.13963 43.58951 16.13969 43.58562 16.13618 43.58513 16.13613 43.58476 16.13545 43.58497 16.13448 43.58404 16.1342 43.5833 16.1345 43.58321 16.1344 43.58272 16.13387 43.58307 16.13279 43.58257 16.13228 43.58108 16.13075 43.58107 16.13074 43.58077 16.13044 43.57982 16.12754 43.57465 16.12228 43.5711 16.12087 43.57087 16.12015 43.57032 16.11866 43.56949 16.11859 43.56863 16.11823 43.56701 16.11742 43.56519 16.11722 43.56329 16.11797 43.56246 16.12194 43.56141 16.12361 43.56116 16.12529 43.56117 16.1253 43.56329 16.12842 43.56199 16.12955 43.56016 16.13114 43.55943 16.13178 43.55922 16.13386 43.55881 16.13546 43.55403 16.1529 43.55377 16.16391 43.54637 16.17411 43.5434 16.1758 43.54183 16.17746 43.53948 16.18042 43.53812 16.18174 43.53784 16.18201 43.53634 16.18246 43.53509 16.18097 43.53227 16.17992 43.52775 16.17913 43.52517 16.18017 43.51993 16.17957 43.51978 16.17876 43.5193 16.17619 43.51874 16.17388 43.51718 16.17242 43.51258 16.17026 43.51255 16.17024 43.51254 16.17047 43.5125 16.17067 43.51248 16.17129 43.51248 16.17161 43.5125 16.17184 43.51251 16.17235 43.51257 16.17295 43.51262 16.1732 43.51269 16.17367 43.51272 16.17391 43.51277 16.17458 43.51284 16.17496 43.51291 16.17523 43.51294 16.17555 43.513 16.17583 43.51302 16.1761 43.51299 16.17647 43.51298 16.17684 43.51303 16.17704 43.51305 16.17741 43.51305 16.17764 43.51305 16.17805 43.51295 16.17832 43.51289 16.17847 43.51283 16.17859 43.51282 16.17882 43.51288 16.17903 43.51302 16.17922 43.51325 16.17943 43.51331 16.1795 43.5133 16.17957 43.5133 16.17959 43.51326 16.17961 43.51308 16.17968 43.51289 16.17963 43.51292 16.1794 43.51283 16.17938 43.5128 16.17962 43.51271 16.17961 43.51248 16.17957 43.51243 16.17982 43.51239 16.18004 43.51232 16.18016 43.5122 16.18015 43.51219 16.18027 43.51231 16.18028 43.51207 16.18093 43.51196 16.18093 43.51195 16.18105 43.51207 16.18106 43.51186 16.18157 43.51182 16.18179 43.51176 16.182 43.5116 16.18228 43.51154 16.18262 43.51142 16.18288 43.51139 16.183 43.51137 16.18312 43.51129 16.18313 43.5113 16.18327 43.51138 16.18326 43.51141 16.18334 43.51141 16.18385 43.51133 16.18388 43.51135 16.184 43.51144 16.18398 43.51147 16.18401 43.51146 16.18414 43.51133 16.1842 43.51136 16.18431 43.51146 16.18426 43.51148 16.18457 43.51124 16.18476 43.51128 16.18488 43.5115 16.1847 43.51157 16.18473 43.51167 16.18491 43.51168 16.18502 43.51169 16.18522 43.51165 16.18536 43.51157 16.18542 43.51147 16.18549 43.5115 16.18561 43.51167 16.18548 43.51171 16.18546 43.51175 16.18551 43.51174 16.18555 43.51172 16.18562 43.51154 16.18578 43.51141 16.18579 43.51125 16.18576 43.51117 16.18565 43.51117 16.18553 43.51116 16.1854 43.5111 16.18533 43.51106 16.18529 43.511 16.18523 43.51104 16.18508 43.51096 16.18503 43.51091 16.18518 43.51081 16.18516 43.51065 16.1851 43.51061 16.18507 43.51066 16.18487 43.51057 16.18482 43.51052 16.18501 43.51047 16.185 43.51036 16.18488 43.51024 16.18465 43.51019 16.18449 43.51017 16.18438 43.51015 16.18433 43.5101 16.18413 43.51 16.18389 43.50988 16.18357 43.51001 16.18351 43.50997 16.18338 43.50986 16.18344 43.50981 16.18329 43.50975 16.18307 43.50986 16.18302 43.50982 16.1829 43.50973 16.18296 43.50971 16.18291 43.50966 16.18268 43.50978 16.18261 43.50975 16.18251 43.50964 16.18257 43.50962 16.18254 43.50959 16.18242 43.50956 16.18231 43.50968 16.18226 43.50964 16.18214 43.50953 16.18219 43.5095 16.18216 43.50943 16.18194 43.50935 16.18171 43.50946 16.18162 43.50942 16.18152 43.50931 16.18161 43.50919 16.18141 43.50928 16.18132 43.50921 16.1812 43.50913 16.18129 43.50907 16.18118 43.50913 16.18112 43.50908 16.18103 43.50901 16.1811 43.50895 16.1809 43.50907 16.18076 43.50902 16.18068 43.50891 16.18078 43.50871 16.18054 43.50877 16.18047 43.5087 16.18037 43.50865 16.18043 43.50851 16.18031 43.50847 16.18029 43.50851 16.18019 43.50844 16.18014 43.50839 16.18027 43.50834 16.18024 43.50819 16.18023 43.50819 16.18013 43.5081 16.18013 43.50809 16.18028 43.50801 16.18038 43.50785 16.1802 43.5078 16.18029 43.50793 16.18047 43.50791 16.18052 43.50786 16.18066 43.50774 16.1809 43.50767 16.18106 43.50756 16.18122 43.50751 16.1813 43.50733 16.18106 43.50727 16.18114 43.50744 16.18139 43.50737 16.18158 43.5073 16.18175 43.50723 16.1819 43.50706 16.18182 43.50702 16.18193 43.50717 16.18201 43.50716 16.18211 43.50712 16.18225 43.50706 16.18251 43.50703 16.18258 43.50687 16.18245 43.5068 16.18259 43.50696 16.18273 43.50695 16.18297 43.50695 16.18345 43.50699 16.18367 43.50704 16.1839 43.50711 16.18405 43.50735 16.18477 43.50748 16.18494 43.50764 16.18534 43.5079 16.18567 43.50792 16.18574 43.50803 16.18589 43.5081 16.18612 43.50811 16.18627 43.50808 16.18641 43.50795 16.18673 43.50791 16.18708 43.50781 16.1874 43.50775 16.18829 43.5078 16.18891 43.5079 16.18938 43.508 16.18976 43.50811 16.19012 43.5082 16.19052 43.50831 16.19088 43.50851 16.19162 43.50856 16.19186 43.50855 16.19264 43.50865 16.19304 43.50874 16.19343 43.50883 16.1939 43.5089 16.19407 43.50903 16.19422 43.50925 16.19462 43.50954 16.19489 43.50965 16.19506 43.50985 16.1954 43.50998 16.19565 43.51014 16.1961 43.5102 16.1965 43.5103 16.19679 43.51039 16.19724 43.51048 16.19752 43.51069 16.19794 43.51082 16.19815 43.51098 16.19836 43.51117 16.19843 43.5116 16.1985 43.51162 16.19865 43.5112 16.19912 43.51111 16.19936 43.51106 16.19967 43.51108 16.20015 43.51116 16.20099 43.51113 16.20125 43.5111 16.20194 43.51106 16.20225 43.51104 16.20269 43.51099 16.20293 43.511 16.20337 43.51103 16.20376 43.51098 16.20395 43.51091 16.20416 43.51085 16.20426 43.51055 16.20474 43.51044 16.20502 43.51034 16.20541 43.51027 16.2058 43.51025 16.20597 43.51023 16.20679 43.5102 16.20697 43.51019 16.20711 43.51019 16.20723 43.51022 16.20733 43.51024 16.20744 43.51022 16.20759 43.51019 16.20773 43.51002 16.2081 43.51002 16.20821 43.51006 16.20832 43.51011 16.20833 43.51019 16.20825 43.51023 16.20823 43.51031 16.20829 43.51041 16.20847 43.51049 16.2088 43.51052 16.209 43.51054 16.20908 43.51055 16.20915 43.51042 16.2092 43.51045 16.20938 43.51058 16.20933 43.5107 16.20953 43.51079 16.20978 43.51079 16.20993 43.5107 16.21019 43.5107 16.2103 43.51074 16.21038 43.5108 16.21037 43.51086 16.21034 43.51096 16.21038 43.51102 16.21042 43.51109 16.21065 43.5111 16.21081 43.51112 16.21097 43.51112 16.21134 43.5111 16.21153 43.51108 16.21161 43.51096 16.21181 43.51109 16.21199 43.51119 16.21184 43.51123 16.21184 43.51128 16.21187 43.51148 16.21195 43.51153 16.21197 43.51159 16.21195 43.51164 16.21199 43.51169 16.21209 43.51173 16.2122 43.51181 16.21243 43.51191 16.21257 43.51201 16.21263 43.51215 16.2127 43.51229 16.21288 43.5124 16.21302 43.5124 16.21303 43.51241 16.21305 43.51231 16.21322 43.51239 16.21331 43.5125 16.21313 43.51267 16.21335 43.51279 16.21349 43.51283 16.21354 43.51273 16.21373 43.51279 16.21381 43.5129 16.21364 43.51313 16.21382 43.51331 16.21403 43.51358 16.21428 43.51376 16.2145 43.51388 16.21464 43.51394 16.2147 43.51382 16.21487 43.51389 16.21498 43.51398 16.21484 43.51413 16.21499 43.51425 16.21521 43.51438 16.21539 43.51454 16.2156 43.51464 16.21572 43.51477 16.21583 43.51492 16.21593 43.51506 16.21596 43.51512 16.21602 43.51514 16.21606 43.51503 16.21617 43.51509 16.21629 43.51516 16.21623 43.51523 16.21619 43.5154 16.21625 43.51552 16.21639 43.51605 16.21712 43.5163 16.21782 43.51638 16.21817 43.51642 16.21839 43.51643 16.21843 43.51662 16.2189 43.51663 16.21911 43.51669 16.21935 43.51682 16.21961 43.51691 16.21988 43.51708 16.22016 43.5172 16.22056 43.51728 16.22075 43.51747 16.22133 43.51765 16.22178 43.51771 16.222 43.51783 16.2224 43.51788 16.22263 43.51785 16.22285 43.51767 16.22276 43.51764 16.22287 43.51784 16.22298 43.51785 16.22416 43.5177 16.22485 43.51758 16.2252 43.51752 16.22543 43.51748 16.22574 43.51735 16.22615 43.51719 16.22605 43.51715 16.22619 43.51732 16.22629 43.51713 16.22679 43.5171 16.22699 43.51712 16.22772 43.51696 16.22772 43.51696 16.22704 43.51687 16.22705 43.51687 16.22767 43.51661 16.22768 43.5166 16.22784 43.51681 16.22784 43.51686 16.22855 43.51692 16.22906 43.51694 16.22961 43.51694 16.22977 43.51694 16.2298 43.5169 16.23008 43.51684 16.23033 43.5167 16.23031 43.51669 16.23049 43.5168 16.2305 43.51677 16.23079 43.51664 16.23133 43.51651 16.23163 43.51603 16.23178 43.51584 16.23185 43.51577 16.23201 43.51573 16.23207 43.5153 16.23202 43.51531 16.23179 43.51521 16.23179 43.51519 16.23226 43.5155 16.23226 43.51605 16.23242 43.5161 16.23243 43.51612 16.23247 43.51611 16.23253 43.51609 16.23283 43.51604 16.23305 43.51602 16.23332 43.51613 16.2335 43.51614 16.23361 43.51611 16.23372 43.51607 16.23393 43.51603 16.23406 43.51586 16.23406 43.51573 16.23595 43.51593 16.23599 43.51617 16.2361 43.51631 16.23628 43.51631 16.23667 43.51625 16.23693 43.51624 16.23717 43.51629 16.23736 43.5163 16.23781 43.51643 16.23831 43.51632 16.23837 43.51634 16.23849 43.51636 16.23864 43.51633 16.2388 43.5164 16.23892 43.51651 16.23896 43.5165 16.23931 43.51638 16.23937 43.51623 16.23937 43.51623 16.23949 43.51645 16.2395 43.51644 16.23963 43.51624 16.23962 43.51624 16.23974 43.51647 16.23976 43.5165 16.2399 43.5165 16.24037 43.51645 16.24051 43.51642 16.24065 43.51642 16.24088 43.5163 16.24121 43.5163 16.24133 43.51624 16.24149 43.51613 16.24156 43.516 16.24171 43.51596 16.2419 43.51591 16.24208 43.51585 16.24217 43.51576 16.24222 43.51564 16.2423 43.51548 16.24258 43.51819 16.24161 43.52001 16.24125 43.5213 16.2404 43.52251 16.23795 43.52271 16.23788 43.52322 16.23771 43.52386 16.23733 43.52571 16.23577 43.52669 16.2361 43.52777 16.23588 43.5287 16.2351 43.52953 16.23487 43.52963 16.23484 43.53111 16.23442 43.53211 16.2342 43.53589 16.23483 43.53705 16.23544 43.53811 16.23641 43.54038 16.23672 43.54575 16.23477 43.54863 16.23573 43.55011 16.24516 43.55028 16.24698 43.55532 16.25237 43.55566 16.25241 43.5558 16.25183 43.55609 16.2518 43.55652 16.25148 43.55792 16.24652 43.55855 16.2461 43.5588 16.24563 43.55904 16.24521 43.55872 16.24236 43.55944 16.2413 43.55971 16.24084 43.55996 16.24008 43.56047 16.23937 43.56334 16.23602 43.56485 16.23286 43.56933 16.22328 43.56975 16.22264 43.57815 16.21539 43.5934 16.20736 43.59488 16.20666 43.59648 16.20666 43.59732 16.20722 43.59798 16.20756 43.59897 16.20768 43.60048 16.20771 43.60081 16.20827 43.6023 16.20939 43.60301 16.20944 43.60374 16.20956 43.6049 16.20969 43.60505 16.21013 43.60687 16.21002 43.60913 16.21093 43.6114 16.21222 43.61145 16.21041 43.61145 16.21023 43.61108 16.20503 43.61312 16.18751 43.61354 16.18388 43.6138 16.18135 43.61411 16.17841 43.61447 16.17483 43.61353 16.16924 43.61492 16.16578</gml:posList>
                        </gml:LinearRing>
                      </gml:exterior>
                    </gml:Polygon>
                  </gml:surfaceMember>
                  <gml:surfaceMember>
                    <gml:Polygon gml:id="MEDIA_MONITORED_CILJ_ID_1_POLUTANT_1_MODEL_21">
                      <gml:exterior>
                        <gml:LinearRing>
                          <gml:posList srsDimension="2">43.51658 16.26551 43.51659 16.26457 43.51655 16.26392 43.51656 16.26363 43.5166 16.26304 43.51659 16.26224 43.51655 16.26201 43.51651 16.26166 43.5165 16.26153 43.51642 16.26107 43.51636 16.2606 43.51631 16.26013 43.51625 16.25978 43.51623 16.25959 43.51624 16.25945 43.51652 16.25947 43.51664 16.25914 43.5165 16.25907 43.51647 16.25926 43.51624 16.25925 43.5162 16.25906 43.51617 16.25883 43.51625 16.25883 43.51625 16.25875 43.51617 16.25874 43.51615 16.25853 43.51618 16.25826 43.5162 16.25795 43.51613 16.25752 43.51602 16.25681 43.51594 16.25655 43.51588 16.25638 43.51581 16.2563 43.51581 16.25624 43.51601 16.25595 43.51591 16.2558 43.51585 16.25589 43.51586 16.25596 43.51573 16.25616 43.51544 16.25574 43.51529 16.25536 43.51523 16.25507 43.51519 16.25459 43.51518 16.25425 43.5152 16.254 43.5152 16.25383 43.5153 16.25383 43.51532 16.25362 43.51522 16.25361 43.51515 16.25248 43.51517 16.2524 43.51518 16.25237 43.51522 16.25229 43.51517 16.25219 43.51513 16.25214 43.51508 16.25193 43.51498 16.25178 43.51485 16.25141 43.51468 16.25105 43.51454 16.25067 43.51451 16.2506 43.51415 16.2505 43.51405 16.25048 43.51397 16.25042 43.51391 16.24996 43.51357 16.24875 43.51372 16.24864 43.5136 16.24826 43.51345 16.24836 43.51338 16.24833 43.5133 16.24826 43.51317 16.2481 43.51286 16.24709 43.51286 16.24705 43.51282 16.24681 43.51279 16.24658 43.51287 16.24651 43.51287 16.24641 43.51278 16.24627 43.51282 16.24602 43.51291 16.24521 43.51292 16.24509 43.51292 16.24468 43.51291 16.24435 43.51293 16.24396 43.51293 16.24377 43.51286 16.24351 43.51282 16.24312 43.51272 16.24257 43.51269 16.24235 43.51271 16.24183 43.5127 16.24167 43.51261 16.24149 43.51254 16.24126 43.51249 16.24098 43.51247 16.24079 43.51236 16.24064 43.51229 16.24038 43.51223 16.23997 43.51219 16.23976 43.51204 16.23937 43.51174 16.23854 43.51171 16.23821 43.51161 16.23796 43.51156 16.23792 43.51152 16.23793 43.51149 16.23829 43.51145 16.23868 43.51137 16.23898 43.51132 16.23913 43.5113 16.23934 43.51134 16.23947 43.51131 16.23957 43.51121 16.23975 43.51121 16.23997 43.51119 16.24005 43.5111 16.24025 43.51109 16.24038 43.51112 16.24055 43.51118 16.24074 43.51117 16.24083 43.51116 16.2409 43.51108 16.24107 43.51106 16.24119 43.51107 16.24134 43.51098 16.24165 43.51099 16.24195 43.51103 16.24206 43.51102 16.24215 43.51098 16.24232 43.51096 16.24252 43.51099 16.24293 43.51103 16.24319 43.51105 16.24344 43.51109 16.24375 43.51113 16.24432 43.51117 16.24457 43.51121 16.24487 43.51126 16.24522 43.51136 16.24534 43.51138 16.24552 43.51132 16.24561 43.51124 16.24565 43.51099 16.24567 43.51072 16.24576 43.50991 16.24589 43.50982 16.24599 43.50989 16.24618 43.50999 16.24612 43.51006 16.24608 43.51117 16.24588 43.51031 16.2478 43.51065 16.24817 43.51073 16.24831 43.51072 16.24866 43.51072 16.24907 43.51075 16.24934 43.51076 16.24994 43.5109 16.25073 43.51089 16.25083 43.51085 16.25085 43.51071 16.25084 43.51068 16.25088 43.51066 16.25095 43.51069 16.25129 43.51075 16.25145 43.5108 16.25155 43.51086 16.25158 43.51091 16.25164 43.5109 16.25172 43.51085 16.25188 43.51078 16.25202 43.51074 16.25222 43.51072 16.25248 43.51067 16.25258 43.51057 16.2527 43.51052 16.25285 43.51053 16.2531 43.51031 16.25344 43.51029 16.25361 43.51022 16.25379 43.51018 16.25383 43.51006 16.2539 43.50998 16.25398 43.50985 16.25415 43.50969 16.25424 43.50946 16.25451 43.5094 16.25463 43.50933 16.25479 43.50915 16.25521 43.50911 16.25538 43.50899 16.25564 43.50877 16.25596 43.50843 16.25637 43.50832 16.25657 43.50811 16.25688 43.50778 16.25744 43.50758 16.25791 43.50743 16.25823 43.50723 16.25862 43.50705 16.25889 43.50687 16.25897 43.50665 16.25895 43.50651 16.25895 43.50613 16.25885 43.5061 16.25883 43.50605 16.25902 43.50602 16.25914 43.50503 16.26109 43.50542 16.26171 43.50525 16.26199 43.5054 16.26266 43.50548 16.26305 43.50504 16.26367 43.50569 16.26426 43.50587 16.26513 43.50636 16.26517 43.50653 16.26595 43.50729 16.26599 43.5073 16.26603 43.5074 16.26681 43.50747 16.26732 43.50652 16.26904 43.5076 16.27201 43.50609 16.27257 43.5056 16.27429 43.50518 16.27515 43.50541 16.27629 43.5054 16.27651 43.5054 16.27743 43.50505 16.27797 43.50374 16.27805 43.50158 16.27898 43.50031 16.27988 43.50008 16.28005 43.49452 16.28313 43.49428 16.28391 43.49288 16.28463 43.48684 16.29732 43.4868 16.2974 43.48664 16.29761 43.48652 16.29785 43.48641 16.29844 43.48626 16.29896 43.4862 16.29938 43.48621 16.29965 43.48615 16.30066 43.4861 16.3009 43.4862 16.30093 43.48631 16.30097 43.48648 16.30104 43.48606 16.30228 43.48555 16.30397 43.48639 16.30395 43.48649 16.30519 43.48761 16.30525 43.49032 16.30504 43.49337 16.30466 43.49377 16.3052 43.49401 16.30505 43.49557 16.3057 43.49762 16.30547 43.49848 16.3057 43.49979 16.30564 43.50029 16.3059 43.50541 16.30738 43.50696 16.30797 43.50716 16.30767 43.50733 16.30772 43.50747 16.30776 43.50759 16.3078 43.50767 16.30783 43.50764 16.30806 43.5113 16.30962 43.51139 16.30966 43.51147 16.30969 43.51152 16.30959 43.51156 16.30902 43.51163 16.3088 43.51167 16.30851 43.51169 16.30757 43.51161 16.30713 43.51154 16.30694 43.5115 16.3067 43.51147 16.30647 43.51143 16.30634 43.51151 16.30639 43.51158 16.30617 43.5115 16.30612 43.51163 16.30574 43.51171 16.30579 43.51178 16.30559 43.51171 16.30553 43.51187 16.30509 43.51196 16.30513 43.51202 16.30493 43.51193 16.30487 43.51202 16.30451 43.5121 16.30456 43.51219 16.3043 43.51209 16.30423 43.5126 16.30378 43.5127 16.30366 43.51275 16.30348 43.51281 16.30339 43.51289 16.30336 43.51305 16.30334 43.51314 16.30319 43.5132 16.30295 43.51331 16.30275 43.51349 16.30244 43.51355 16.30211 43.51363 16.30174 43.51367 16.30083 43.5139 16.30062 43.51407 16.30031 43.51397 16.30023 43.51389 16.3004 43.51381 16.30051 43.51371 16.3006 43.5137 16.30038 43.51373 16.29968 43.51374 16.29931 43.51376 16.29874 43.51381 16.29834 43.51381 16.29804 43.51383 16.29752 43.51388 16.2971 43.5139 16.29643 43.51391 16.29574 43.51391 16.29541 43.51392 16.29478 43.51395 16.29465 43.51399 16.29454 43.5141 16.29434 43.51419 16.29408 43.51426 16.29382 43.51427 16.29322 43.51423 16.29293 43.51423 16.29268 43.51423 16.29236 43.51439 16.29179 43.51423 16.29172 43.51419 16.29197 43.51414 16.29208 43.51404 16.29169 43.51398 16.29157 43.51382 16.29114 43.51375 16.29087 43.51365 16.29057 43.51361 16.29044 43.51359 16.29011 43.51361 16.29005 43.51366 16.28989 43.51383 16.28928 43.51388 16.28886 43.51393 16.28867 43.51399 16.28847 43.51399 16.28822 43.51396 16.28788 43.51384 16.2876 43.51373 16.28745 43.51364 16.28721 43.51358 16.28698 43.51351 16.28652 43.51351 16.28636 43.5134 16.28606 43.51336 16.2859 43.51342 16.28544 43.51351 16.28485 43.5135 16.2844 43.51346 16.28404 43.51341 16.28377 43.51328 16.28335 43.51327 16.28299 43.51326 16.28211 43.51337 16.28139 43.51337 16.28133 43.51339 16.28088 43.5134 16.28062 43.51339 16.28021 43.5134 16.27971 43.51347 16.27941 43.51363 16.27916 43.51408 16.27856 43.51421 16.27811 43.51423 16.278 43.5143 16.27765 43.5143 16.27733 43.5142 16.27693 43.51399 16.27605 43.51398 16.27589 43.514 16.27577 43.51412 16.27535 43.51429 16.27516 43.51446 16.27505 43.51478 16.27463 43.51482 16.2745 43.51484 16.27434 43.51493 16.27412 43.51497 16.27387 43.51492 16.27334 43.51497 16.27323 43.51498 16.27317 43.51501 16.27307 43.51513 16.27282 43.51538 16.27221 43.51556 16.27162 43.51569 16.27112 43.5158 16.27063 43.51587 16.2702 43.51596 16.2697 43.51598 16.26895 43.51607 16.26847 43.51617 16.268 43.51629 16.26751 43.51642 16.26688 43.51649 16.26621 43.51658 16.26551</gml:posList>
                        </gml:LinearRing>
                      </gml:exterior>
                    </gml:Polygon>
                  </gml:surfaceMember>
                  <gml:surfaceMember>
                    <gml:Polygon gml:id="MEDIA_MONITORED_CILJ_ID_1_POLUTANT_1_MODEL_22">
                      <gml:exterior>
                        <gml:LinearRing>
                          <gml:posList srsDimension="2">43.52988 16.44183 43.52989 16.44187 43.52991 16.44188 43.52995 16.44187 43.52997 16.44183 43.52999 16.44175 43.52998 16.44169 43.52995 16.44167 43.52992 16.44168 43.52989 16.44172 43.52988 16.44176 43.52988 16.44183</gml:posList>
                        </gml:LinearRing>
                      </gml:exterior>
                    </gml:Polygon>
                  </gml:surfaceMember>
                  <gml:surfaceMember>
                    <gml:Polygon gml:id="MEDIA_MONITORED_CILJ_ID_1_POLUTANT_1_MODEL_23">
                      <gml:exterior>
                        <gml:LinearRing>
                          <gml:posList srsDimension="2">43.53094 16.46313 43.53099 16.46333 43.53102 16.46345 43.53109 16.46364 43.53112 16.46379 43.53117 16.46391 43.53117 16.46399 43.5312 16.46404 43.53124 16.46413 43.53125 16.46444 43.53125 16.46472 43.53127 16.46488 43.53133 16.46492 43.53146 16.46504 43.53153 16.46513 43.53163 16.46528 43.53168 16.46537 43.53184 16.46553 43.53186 16.46555 43.53188 16.46554 43.53192 16.46546 43.53194 16.46536 43.53205 16.46504 43.53211 16.46479 43.53222 16.46444 43.5323 16.46409 43.5323 16.46397 43.53235 16.46372 43.53243 16.46341 43.53249 16.46324 43.53255 16.46302 43.53256 16.46278 43.53255 16.46268 43.53252 16.46233 43.53249 16.46199 43.53248 16.46172 43.53248 16.46155 43.53246 16.46137 43.53244 16.46131 43.53242 16.46128 43.53235 16.46125 43.53227 16.46123 43.53207 16.46116 43.53199 16.46112 43.53188 16.46107 43.53176 16.461 43.53168 16.46098 43.53159 16.46095 43.53146 16.46094 43.53134 16.46096 43.53119 16.46103 43.53103 16.46111 43.53097 16.46118 43.53094 16.46124 43.53094 16.46134 43.53088 16.46145 43.53082 16.46166 43.53078 16.4619 43.53076 16.46211 43.53076 16.46232 43.53077 16.46256 43.53082 16.46274 43.53088 16.46294 43.53094 16.46313</gml:posList>
                        </gml:LinearRing>
                      </gml:exterior>
                    </gml:Polygon>
                  </gml:surfaceMember>
                  <gml:surfaceMember>
                    <gml:Polygon gml:id="MEDIA_MONITORED_CILJ_ID_1_POLUTANT_1_MODEL_24">
                      <gml:exterior>
                        <gml:LinearRing>
                          <gml:posList srsDimension="2">43.52973 16.44174 43.52974 16.44177 43.52975 16.44178 43.52977 16.44178 43.52979 16.44178 43.52981 16.44176 43.52983 16.44168 43.52985 16.44159 43.52988 16.44152 43.5299 16.44143 43.52989 16.44133 43.52987 16.44126 43.52985 16.44124 43.52983 16.44124 43.5298 16.44124 43.52979 16.44127 43.52977 16.44132 43.52975 16.44138 43.52974 16.44161 43.52973 16.44174</gml:posList>
                        </gml:LinearRing>
                      </gml:exterior>
                    </gml:Polygon>
                  </gml:surfaceMember>
                  <gml:surfaceMember>
                    <gml:Polygon gml:id="MEDIA_MONITORED_CILJ_ID_1_POLUTANT_1_MODEL_25">
                      <gml:exterior>
                        <gml:LinearRing>
                          <gml:posList srsDimension="2">43.69103 16.37244 43.69465 16.37017 43.69876 16.36659 43.69269 16.35822 43.6877 16.35135 43.68772 16.35088 43.68723 16.35101 43.68637 16.35124 43.68538 16.3515 43.6852 16.34929 43.68495 16.3485 43.68433 16.34826 43.68298 16.34629 43.68212 16.3466 43.66769 16.34028 43.65331 16.34224 43.64857 16.37002 43.64802 16.3732 43.63951 16.37154 43.63792 16.37003 43.63551 16.36917 43.63397 16.36789 43.63114 16.36738 43.63053 16.36681 43.63007 16.3668 43.62537 16.36662 43.62416 16.36715 43.62237 16.366 43.62217 16.36618 43.62204 16.36679 43.61387 16.36663 43.61353 16.36428 43.6125 16.35721 43.61217 16.35754 43.61144 16.35825 43.61119 16.35931 43.61004 16.3591 43.59977 16.37038 43.59838 16.37197 43.59767 16.37507 43.58629 16.37635 43.58087 16.37379 43.57816 16.37241 43.57753 16.37271 43.57601 16.37343 43.5752 16.37754 43.57517 16.37772 43.57511 16.37801 43.57432 16.38339 43.57352 16.38879 43.57153 16.39915 43.57108 16.40151 43.57066 16.40369 43.57072 16.40828 43.57073 16.40888 43.57105 16.4132 43.58676 16.43165 43.59091 16.43813 43.58951 16.45112 43.58899 16.45595 43.58764 16.46715 43.58534 16.47565 43.58465 16.48352 43.58495 16.48594 43.58471 16.49192 43.58431 16.49284 43.58015 16.49351 43.57576 16.49516 43.57576 16.49517 43.57523 16.49539 43.57318 16.49623 43.57014 16.49747 43.57 16.49753 43.56858 16.49811 43.56804 16.49834 43.56739 16.49976 43.56703 16.49964 43.5662 16.49936 43.56602 16.50142 43.5653 16.50325 43.56522 16.50338 43.56482 16.50402 43.56453 16.50505 43.56436 16.50564 43.56443 16.50588 43.56453 16.50618 43.56451 16.50621 43.56445 16.50631 43.56433 16.5065 43.56421 16.5067 43.56412 16.50685 43.56404 16.50699 43.56374 16.5076 43.56345 16.50831 43.56271 16.5079 43.5623 16.5069 43.5619 16.50583 43.5615 16.50546 43.5614 16.50557 43.56124 16.50576 43.56078 16.50678 43.56042 16.50758 43.55918 16.50677 43.559 16.50665 43.55848 16.50249 43.55831 16.5015 43.55803 16.50064 43.55785 16.50041 43.55768 16.50021 43.55751 16.49992 43.5573 16.49955 43.55723 16.49946 43.55721 16.49944 43.5572 16.49942 43.55716 16.49937 43.55694 16.4991 43.55692 16.4991 43.55686 16.4991 43.55652 16.4991 43.5544 16.49941 43.55405 16.4993 43.55372 16.4992 43.55331 16.49893 43.55315 16.49883 43.55276 16.49818 43.5515 16.498 43.55065 16.49787 43.55047 16.49799 43.55012 16.49821 43.5497 16.4986 43.54871 16.49866 43.54833 16.49864 43.54824 16.49856 43.54808 16.49842 43.54798 16.49813 43.5479 16.4979 43.54738 16.49802 43.54711 16.49808 43.54695 16.49802 43.54652 16.49784 43.54601 16.49748 43.54551 16.49713 43.5454 16.49701 43.54491 16.49645 43.54483 16.49636 43.54463 16.49627 43.54425 16.49611 43.54361 16.49599 43.54332 16.49593 43.54267 16.49584 43.54184 16.49565 43.54174 16.49554 43.54153 16.49532 43.5414 16.49517 43.54112 16.49489 43.54093 16.4947 43.54008 16.49386 43.53932 16.49327 43.5388 16.49278 43.53825 16.49191 43.5378 16.49233 43.53778 16.49239 43.53767 16.49266 43.53764 16.49321 43.53802 16.49481 43.53832 16.49517 43.53914 16.49581 43.53936 16.49598 43.5397 16.49624 43.53977 16.49649 43.54001 16.49728 43.53999 16.49798 43.54023 16.49871 43.54041 16.49927 43.54059 16.50077 43.54061 16.50151 43.54062 16.50173 43.54063 16.50208 43.54063 16.50215 43.54063 16.50225 43.54061 16.50251 43.54055 16.50329 43.54052 16.50383 43.54033 16.50498 43.54024 16.50551 43.5406 16.50724 43.54068 16.50763 43.54075 16.50799 43.54058 16.50863 43.54016 16.51024 43.54018 16.5104 43.54035 16.51169 43.54116 16.5136 43.5413 16.51527 43.54133 16.51563 43.54142 16.51669 43.54151 16.51742 43.54156 16.51793 43.54229 16.52035 43.54277 16.52197 43.54297 16.52261 43.54292 16.52334 43.5429 16.52365 43.5429 16.52369 43.54281 16.52439 43.54181 16.53183 43.54085 16.539 43.54063 16.53936 43.5416 16.5422 43.54359 16.54804 43.54666 16.55449 43.55182 16.56993 43.55559 16.56812 43.55837 16.56679 43.56906 16.56093 43.5707 16.56003 43.57212 16.55926 43.57448 16.55797 43.57605 16.55743 43.57644 16.5573 43.57757 16.5566 43.57839 16.55619 43.57908 16.55578 43.57973 16.5553 43.5807 16.55458 43.58075 16.5544 43.58077 16.55435 43.58079 16.55428 43.58085 16.55409 43.58088 16.55399 43.5805 16.5531 43.58001 16.55198 43.58663 16.54635 43.58833 16.53988 43.59008 16.53322 43.59011 16.53311 43.59341 16.5305 43.6006 16.52896 43.60074 16.52893 43.61437 16.52522 43.61639 16.52646 43.6174 16.52708 43.61986 16.53416 43.62069 16.53296 43.6219 16.53124 43.62347 16.53171 43.62502 16.52996 43.62502 16.52986 43.62503 16.52969 43.62549 16.52968 43.63124 16.52504 43.63328 16.52698 43.63337 16.52695 43.63381 16.52683 43.63456 16.5268 43.63594 16.52675 43.63653 16.52698 43.63662 16.52703 43.63701 16.52727 43.63711 16.52741 43.64152 16.52615 43.6423 16.52592 43.64314 16.52572 43.64579 16.51995 43.64697 16.51738 43.65863 16.50738 43.66099 16.50536 43.65787 16.49951 43.65681 16.49948 43.65459 16.49941 43.65443 16.49921 43.65393 16.49858 43.65122 16.49517 43.65122 16.49515 43.64995 16.49314 43.64857 16.48914 43.64903 16.48711 43.64897 16.48707 43.64877 16.4869 43.64831 16.4865 43.64834 16.48596 43.64792 16.48526 43.64722 16.48412 43.64614 16.48418 43.64538 16.48373 43.64476 16.48237 43.64101 16.48092 43.64098 16.4809 43.64059 16.47875 43.64078 16.47801 43.63754 16.46857 43.63461 16.46001 43.63422 16.45714 43.63395 16.45347 43.63398 16.45321 43.63437 16.44904 43.63971 16.45033 43.64041 16.45122 43.64217 16.45342 43.64195 16.45121 43.64407 16.44991 43.64418 16.44962 43.64502 16.4491 43.65269 16.44846 43.66285 16.44762 43.66841 16.43989 43.67157 16.4355 43.67127 16.43484 43.67413 16.42657 43.67918 16.416 43.67919 16.41599 43.67927 16.41582 43.68177 16.40721 43.68531 16.39501 43.69103 16.37244</gml:posList>
                        </gml:LinearRing>
                      </gml:exterior>
                    </gml:Polygon>
                  </gml:surfaceMember>
                  <gml:surfaceMember>
                    <gml:Polygon gml:id="MEDIA_MONITORED_CILJ_ID_1_POLUTANT_1_MODEL_26">
                      <gml:exterior>
                        <gml:LinearRing>
                          <gml:posList srsDimension="2">43.55269 16.2853 43.55377 16.28506 43.55436 16.28443 43.55469 16.28338 43.5548 16.28281 43.55476 16.28261 43.55468 16.28215 43.55432 16.28103 43.55411 16.27859 43.55345 16.27445 43.55292 16.27147 43.55274 16.26958 43.5521 16.2678 43.5519 16.2662 43.55205 16.26515 43.55196 16.26463 43.5519 16.2643 43.5519 16.26427 43.55183 16.26388 43.5468 16.25646 43.55028 16.25313 43.55058 16.25262 43.55088 16.25209 43.55082 16.2514 43.55082 16.25134 43.55078 16.25095 43.55071 16.2501 43.55028 16.24698 43.55011 16.24516 43.54863 16.23573 43.54575 16.23477 43.54038 16.23672 43.53811 16.23641 43.53705 16.23544 43.53589 16.23483 43.53211 16.2342 43.53111 16.23442 43.52963 16.23484 43.52953 16.23487 43.5287 16.2351 43.52777 16.23588 43.52669 16.2361 43.52571 16.23577 43.52386 16.23733 43.52322 16.23771 43.52271 16.23788 43.52251 16.23795 43.5213 16.2404 43.52001 16.24125 43.51819 16.24161 43.51548 16.24258 43.51547 16.24259 43.51545 16.24301 43.51534 16.24335 43.51532 16.2436 43.51533 16.24364 43.51537 16.24382 43.5154 16.24388 43.51569 16.24437 43.51574 16.24452 43.51586 16.2448 43.51598 16.24517 43.51599 16.24518 43.51605 16.24542 43.51621 16.24573 43.5165 16.24636 43.51652 16.24641 43.5166 16.24654 43.51677 16.24681 43.51726 16.24775 43.51733 16.24791 43.51746 16.2481 43.51774 16.24847 43.51782 16.24874 43.51802 16.24918 43.51814 16.24943 43.51817 16.24955 43.51817 16.24965 43.51817 16.24997 43.51817 16.25024 43.51819 16.25048 43.51825 16.25069 43.51826 16.25083 43.51826 16.25149 43.51823 16.25177 43.51816 16.25191 43.51807 16.25202 43.51802 16.2521 43.51801 16.25217 43.51803 16.25225 43.51807 16.25247 43.51811 16.25267 43.51815 16.253 43.51802 16.25307 43.51826 16.2534 43.5183 16.25372 43.51831 16.2538 43.51829 16.25385 43.51789 16.25402 43.51793 16.2542 43.51838 16.25401 43.51842 16.25438 43.51843 16.25452 43.51818 16.25467 43.51823 16.25482 43.51844 16.25469 43.51848 16.25481 43.51845 16.25486 43.51829 16.25495 43.51833 16.25509 43.51855 16.25495 43.51869 16.25529 43.51851 16.25542 43.51857 16.25557 43.51874 16.25543 43.51887 16.25567 43.51873 16.25579 43.51877 16.25586 43.5189 16.25609 43.51902 16.25605 43.51907 16.25608 43.51915 16.25628 43.51929 16.25668 43.51936 16.25681 43.51945 16.2569 43.51958 16.25696 43.51971 16.257 43.51979 16.2571 43.51983 16.25721 43.51986 16.25729 43.51989 16.25736 43.52 16.25757 43.52006 16.25778 43.52009 16.25787 43.52022 16.25831 43.52034 16.25883 43.52053 16.25974 43.52054 16.25975 43.52063 16.26017 43.5207 16.26048 43.52081 16.26091 43.52087 16.26116 43.52097 16.26144 43.52111 16.2618 43.52144 16.26251 43.52162 16.26285 43.52165 16.26289 43.52177 16.26306 43.52199 16.26343 43.52204 16.26351 43.52229 16.26391 43.52236 16.26404 43.52253 16.26431 43.52262 16.26446 43.52275 16.26469 43.52281 16.2648 43.52275 16.26486 43.52286 16.26502 43.52292 16.26495 43.52305 16.26517 43.52318 16.26544 43.52323 16.26563 43.52322 16.26573 43.52322 16.26587 43.52327 16.26622 43.52336 16.26672 43.52348 16.26701 43.52358 16.26721 43.52363 16.2674 43.52361 16.26802 43.52337 16.26882 43.52336 16.26893 43.52339 16.26901 43.52343 16.26906 43.52356 16.26913 43.52359 16.2692 43.52358 16.26928 43.52348 16.26937 43.5234 16.26947 43.5234 16.26957 43.52348 16.26971 43.52368 16.26995 43.52375 16.27002 43.5238 16.27003 43.52389 16.27011 43.52402 16.27015 43.52407 16.27017 43.52409 16.27018 43.52415 16.27032 43.52426 16.27063 43.52426 16.27078 43.52429 16.27094 43.52432 16.27115 43.52432 16.27137 43.52433 16.27148 43.52436 16.27158 43.52448 16.27175 43.52461 16.27185 43.52476 16.27191 43.52483 16.27198 43.52493 16.27211 43.52506 16.27214 43.52525 16.27216 43.52535 16.27225 43.52559 16.27257 43.5257 16.27274 43.5257 16.27289 43.52568 16.27303 43.52564 16.27312 43.52548 16.27337 43.5254 16.27352 43.52533 16.27382 43.5253 16.27413 43.52534 16.2745 43.52539 16.27472 43.52543 16.27474 43.52564 16.27471 43.52571 16.27472 43.52573 16.27478 43.52573 16.2749 43.5256 16.27513 43.52559 16.27525 43.52578 16.27553 43.52592 16.27584 43.52591 16.27614 43.52584 16.2766 43.52587 16.27683 43.52594 16.27698 43.52609 16.27705 43.52624 16.27708 43.52635 16.27719 43.5264 16.27733 43.52644 16.27754 43.52647 16.27773 43.52647 16.27782 43.52644 16.27792 43.52639 16.27801 43.52628 16.27806 43.52614 16.27799 43.52596 16.27778 43.52583 16.27759 43.52568 16.27744 43.52557 16.27742 43.52548 16.27748 43.52543 16.27762 43.52541 16.27773 43.52543 16.27794 43.52549 16.27813 43.52557 16.27829 43.52565 16.27838 43.52575 16.27843 43.52611 16.27853 43.52634 16.27853 43.52647 16.27858 43.52659 16.27868 43.52662 16.27877 43.52666 16.27892 43.52678 16.27911 43.52679 16.27917 43.52676 16.27925 43.52664 16.27939 43.52652 16.27961 43.52642 16.27965 43.52636 16.2797 43.52632 16.27975 43.52632 16.27979 43.52634 16.27982 43.52641 16.27985 43.52647 16.2799 43.52647 16.28009 43.52644 16.28016 43.5264 16.28028 43.5263 16.28046 43.52625 16.28055 43.52626 16.28065 43.52628 16.2808 43.52631 16.28095 43.52637 16.28154 43.52637 16.28231 43.52632 16.2827 43.52623 16.2829 43.52608 16.28311 43.52603 16.28318 43.5259 16.28319 43.52582 16.28325 43.52577 16.28331 43.52576 16.28338 43.52576 16.28345 43.52581 16.28357 43.52589 16.28368 43.52592 16.28387 43.52591 16.284 43.52588 16.28421 43.52582 16.28439 43.5257 16.28464 43.52567 16.28482 43.52566 16.28506 43.52561 16.28543 43.52564 16.28566 43.52574 16.28588 43.52574 16.28602 43.52568 16.2862 43.52556 16.28648 43.52545 16.28656 43.52532 16.28652 43.5252 16.28653 43.52505 16.28661 43.525 16.28665 43.52494 16.28686 43.5249 16.28707 43.52479 16.28731 43.52475 16.28743 43.52471 16.28757 43.52471 16.2877 43.52474 16.28791 43.52482 16.28832 43.52484 16.28853 43.52487 16.2888 43.52492 16.28893 43.52506 16.28914 43.52516 16.28938 43.52522 16.28956 43.52524 16.28975 43.52525 16.28992 43.52539 16.29018 43.52545 16.29033 43.52555 16.2907 43.52566 16.29096 43.52581 16.29119 43.52592 16.29148 43.52592 16.2917 43.52592 16.29209 43.52592 16.29228 43.52574 16.29222 43.52572 16.29237 43.52592 16.29243 43.52591 16.29273 43.52584 16.29317 43.52579 16.29363 43.52574 16.294 43.5257 16.2943 43.52556 16.2943 43.52556 16.2946 43.52573 16.29462 43.52578 16.29487 43.52449 16.2945 43.52446 16.29469 43.52581 16.29505 43.52587 16.29512 43.52605 16.29523 43.52621 16.29532 43.52642 16.2954 43.52652 16.29547 43.52661 16.29556 43.52681 16.29578 43.52694 16.29622 43.52695 16.2966 43.52694 16.29687 43.527 16.29717 43.52707 16.29759 43.52713 16.29786 43.52714 16.2981 43.52709 16.29826 43.52696 16.29818 43.52692 16.29828 43.52707 16.29838 43.52712 16.29853 43.5272 16.29888 43.52722 16.29936 43.52729 16.2996 43.52747 16.30008 43.52753 16.30018 43.52759 16.3002 43.52766 16.30012 43.52772 16.30007 43.52781 16.30011 43.5284 16.30038 43.5287 16.30047 43.52901 16.30043 43.53001 16.29842 43.53366 16.29734 43.53379 16.29719 43.53475 16.29618 43.53549 16.29568 43.53569 16.29456 43.5364 16.29363 43.53727 16.29249 43.5374 16.29232 43.53819 16.29223 43.53854 16.29188 43.53928 16.29148 43.54017 16.29169 43.54096 16.29152 43.54155 16.29255 43.54192 16.29285 43.54249 16.29283 43.54366 16.29249 43.5437 16.29248 43.54378 16.29246 43.54551 16.29195 43.55005 16.29064 43.54997 16.2894 43.54991 16.2886 43.54962 16.28708 43.54953 16.28559 43.55269 16.2853</gml:posList>
                        </gml:LinearRing>
                      </gml:exterior>
                    </gml:Polygon>
                  </gml:surfaceMember>
                  <gml:surfaceMember>
                    <gml:Polygon gml:id="MEDIA_MONITORED_CILJ_ID_1_POLUTANT_1_MODEL_27">
                      <gml:exterior>
                        <gml:LinearRing>
                          <gml:posList srsDimension="2">43.53613 16.44387 43.53615 16.44391 43.53619 16.44393 43.53622 16.44393 43.53625 16.44387 43.53625 16.4438 43.53624 16.44377 43.53621 16.44372 43.53619 16.4437 43.53615 16.44371 43.53612 16.44377 43.53613 16.44387</gml:posList>
                        </gml:LinearRing>
                      </gml:exterior>
                    </gml:Polygon>
                  </gml:surfaceMember>
                  <gml:surfaceMember>
                    <gml:Polygon gml:id="MEDIA_MONITORED_CILJ_ID_1_POLUTANT_1_MODEL_28">
                      <gml:exterior>
                        <gml:LinearRing>
                          <gml:posList srsDimension="2">43.44218 16.17847 43.44216 16.17808 43.44208 16.17783 43.4419 16.17753 43.44172 16.1775 43.44121 16.17782 43.44116 16.17782 43.44114 16.17777 43.44111 16.17764 43.44106 16.1776 43.44099 16.17763 43.44097 16.17774 43.44096 16.17791 43.44092 16.17796 43.44062 16.17803 43.44051 16.1781 43.44034 16.17837 43.44028 16.17871 43.44028 16.17913 43.44026 16.17949 43.44027 16.1799 43.44041 16.18007 43.44058 16.18013 43.44086 16.18013 43.44104 16.18011 43.44151 16.17985 43.44166 16.17973 43.44201 16.17922 43.44216 16.17877 43.44216 16.17865 43.44218 16.17847</gml:posList>
                        </gml:LinearRing>
                      </gml:exterior>
                    </gml:Polygon>
                  </gml:surfaceMember>
                  <gml:surfaceMember>
                    <gml:Polygon gml:id="MEDIA_MONITORED_CILJ_ID_1_POLUTANT_1_MODEL_29">
                      <gml:exterior>
                        <gml:LinearRing>
                          <gml:posList srsDimension="2">43.59945 16.34836 43.5996 16.34685 43.59826 16.34623 43.59807 16.34615 43.59803 16.34533 43.59728 16.34446 43.59555 16.34371 43.59372 16.34365 43.5794 16.34213 43.58098 16.32604 43.58313 16.31509 43.58394 16.31238 43.58448 16.30961 43.58454 16.30845 43.58459 16.30766 43.58428 16.30594 43.58385 16.3035 43.58379 16.29906 43.58696 16.28994 43.58723 16.28915 43.58762 16.28804 43.58524 16.28489 43.58381 16.283 43.58031 16.27837 43.57596 16.27713 43.56757 16.27232 43.55878 16.2631 43.55874 16.26369 43.5557 16.26083 43.55586 16.25974 43.55582 16.25923 43.55558 16.25592 43.55532 16.25237 43.55028 16.24698 43.55071 16.2501 43.55078 16.25095 43.55082 16.25134 43.55082 16.2514 43.55088 16.25209 43.55058 16.25262 43.55028 16.25313 43.5468 16.25646 43.55183 16.26388 43.5519 16.26427 43.5519 16.2643 43.55196 16.26463 43.55205 16.26515 43.5519 16.2662 43.5521 16.2678 43.55274 16.26958 43.55292 16.27147 43.55345 16.27445 43.55411 16.27859 43.55432 16.28103 43.55468 16.28215 43.55476 16.28261 43.5548 16.28281 43.55469 16.28338 43.55436 16.28443 43.55377 16.28506 43.55269 16.2853 43.54953 16.28559 43.54962 16.28708 43.54991 16.2886 43.54997 16.2894 43.55005 16.29064 43.54551 16.29195 43.54378 16.29246 43.5437 16.29248 43.54366 16.29249 43.54249 16.29283 43.54192 16.29285 43.54155 16.29255 43.54096 16.29152 43.54017 16.29169 43.53928 16.29148 43.53854 16.29188 43.53819 16.29223 43.5374 16.29232 43.53727 16.29249 43.5364 16.29363 43.53569 16.29456 43.53549 16.29568 43.53475 16.29618 43.53379 16.29719 43.53366 16.29734 43.53001 16.29842 43.52901 16.30043 43.52905 16.30043 43.52914 16.30048 43.52923 16.3006 43.52938 16.30085 43.52948 16.30103 43.52947 16.3012 43.52916 16.30134 43.52921 16.30154 43.52943 16.30145 43.52958 16.30144 43.52976 16.30147 43.52991 16.30158 43.53007 16.30175 43.53016 16.30184 43.53029 16.30188 43.53042 16.30184 43.53052 16.30187 43.53111 16.30244 43.53129 16.30274 43.53136 16.30291 43.53144 16.30308 43.53144 16.30325 43.5314 16.30348 43.53136 16.30365 43.53106 16.30372 43.53108 16.30393 43.53128 16.3039 43.5314 16.30389 43.53148 16.30407 43.53156 16.30427 43.5315 16.30435 43.53135 16.30439 43.53138 16.30455 43.53155 16.30451 43.5316 16.30449 43.5317 16.30449 43.53176 16.30455 43.53183 16.30475 43.53198 16.30496 43.53215 16.30504 43.53225 16.30513 43.53232 16.30525 43.53234 16.30537 43.53246 16.30554 43.53278 16.30573 43.53285 16.30583 43.53292 16.30601 43.53303 16.30608 43.53316 16.30625 43.53316 16.30632 43.533 16.30657 43.53302 16.30665 43.53306 16.30673 43.53323 16.30681 43.53335 16.30682 43.53355 16.30682 43.53364 16.30684 43.53369 16.30687 43.53372 16.30694 43.53378 16.30699 43.53387 16.30698 43.53399 16.30693 43.53416 16.30682 43.53456 16.30685 43.53495 16.3069 43.53509 16.30698 43.53519 16.30706 43.53532 16.30708 43.53582 16.30719 43.53618 16.30741 43.5364 16.3076 43.53653 16.30778 43.53658 16.30796 43.53661 16.30812 43.53665 16.30818 43.5367 16.30819 43.53678 16.30815 43.53688 16.30804 43.53702 16.30823 43.53681 16.30851 43.53692 16.30866 43.53706 16.30849 43.53715 16.30833 43.5372 16.30828 43.53725 16.30834 43.53725 16.30845 43.53727 16.30854 43.5373 16.30863 43.53738 16.30864 43.53746 16.30862 43.53755 16.30874 43.53738 16.30915 43.53749 16.30926 43.53767 16.30893 43.53785 16.30888 43.53794 16.30889 43.53809 16.30899 43.53837 16.30915 43.53865 16.30933 43.53879 16.30943 43.53892 16.30953 43.53904 16.30973 43.53912 16.30995 43.53911 16.31018 43.53904 16.31042 43.53901 16.31068 43.53902 16.31086 43.53907 16.31105 43.53917 16.31123 43.53937 16.31143 43.53968 16.31192 43.53978 16.31223 43.53984 16.31253 43.5399 16.31272 43.53974 16.3129 43.53961 16.31293 43.53963 16.31314 43.53991 16.31308 43.53996 16.31322 43.54 16.31358 43.53984 16.31367 43.53989 16.31383 43.54007 16.31377 43.54019 16.31395 43.54026 16.31411 43.54028 16.31425 43.54011 16.31438 43.54018 16.31454 43.54033 16.31444 43.5404 16.31439 43.54046 16.31444 43.54056 16.31478 43.5406 16.31499 43.54063 16.3153 43.54065 16.31557 43.54069 16.31585 43.54074 16.31605 43.54038 16.31621 43.54014 16.31653 43.54004 16.31655 43.53999 16.31645 43.53996 16.31625 43.5398 16.3163 43.53983 16.31659 43.53991 16.31687 43.5403 16.31675 43.54034 16.31658 43.54039 16.31649 43.5405 16.31639 43.54076 16.31627 43.54089 16.31631 43.5412 16.31671 43.5413 16.31691 43.54129 16.31712 43.54118 16.3173 43.54109 16.31737 43.54098 16.31738 43.54089 16.31744 43.54087 16.3175 43.54091 16.31759 43.54099 16.31762 43.54111 16.31763 43.54129 16.3179 43.54136 16.31811 43.54142 16.31841 43.54143 16.31845 43.5415 16.31862 43.5416 16.31881 43.54167 16.31889 43.54166 16.31902 43.5414 16.31922 43.54148 16.31936 43.54168 16.3192 43.54178 16.31926 43.54179 16.31953 43.54176 16.31974 43.54155 16.3197 43.54154 16.31987 43.54173 16.31992 43.54181 16.31998 43.54183 16.32021 43.54171 16.32027 43.5416 16.32027 43.54159 16.32044 43.54177 16.32047 43.54185 16.32049 43.54192 16.32061 43.54195 16.32072 43.54194 16.32082 43.54185 16.32085 43.54175 16.3209 43.54173 16.32104 43.54176 16.32116 43.5422 16.32169 43.54234 16.32183 43.54253 16.32196 43.5427 16.32213 43.54281 16.32229 43.54286 16.32244 43.54307 16.32272 43.54324 16.32295 43.54349 16.32332 43.54357 16.32346 43.54365 16.32356 43.54373 16.32373 43.54379 16.32388 43.54383 16.32413 43.54388 16.3243 43.54402 16.32446 43.54417 16.3246 43.54474 16.32559 43.5451 16.32616 43.54534 16.32678 43.54553 16.32726 43.54576 16.32766 43.54576 16.32786 43.54574 16.32805 43.54571 16.32822 43.5457 16.32836 43.54566 16.32849 43.5455 16.32858 43.54538 16.32867 43.54547 16.32883 43.54578 16.32878 43.54586 16.32887 43.54621 16.32955 43.54583 16.33002 43.54592 16.33015 43.5461 16.32998 43.54622 16.32994 43.54629 16.32994 43.54634 16.33003 43.54635 16.33007 43.54638 16.33025 43.54636 16.33045 43.54632 16.33044 43.54632 16.33034 43.54619 16.33035 43.54618 16.33062 43.54622 16.33078 43.54626 16.33094 43.54632 16.33107 43.5464 16.33114 43.54655 16.33118 43.54671 16.33129 43.54686 16.33134 43.547 16.33143 43.54722 16.33171 43.54736 16.33193 43.54746 16.33222 43.54757 16.33248 43.54764 16.33267 43.54773 16.33286 43.54778 16.33305 43.54787 16.33328 43.54789 16.33344 43.54786 16.33359 43.54782 16.33382 43.54777 16.33403 43.5478 16.33439 43.54778 16.33475 43.54773 16.33498 43.54758 16.33525 43.54752 16.33547 43.54754 16.3357 43.54757 16.3359 43.54766 16.33624 43.54776 16.33675 43.54776 16.33701 43.54767 16.33718 43.54762 16.33732 43.54762 16.33735 43.54764 16.33756 43.54767 16.33779 43.54765 16.33805 43.54768 16.33886 43.5475 16.33886 43.54731 16.33818 43.54707 16.33771 43.54696 16.3378 43.54711 16.33809 43.54721 16.33835 43.54736 16.33891 43.54729 16.33901 43.54737 16.33949 43.54777 16.33943 43.5485 16.34038 43.54924 16.34136 43.54924 16.34168 43.54939 16.34171 43.5494 16.3419 43.54942 16.3422 43.54949 16.34276 43.54947 16.34297 43.54932 16.34306 43.54951 16.34364 43.54963 16.34406 43.54965 16.34413 43.54974 16.34443 43.54986 16.34478 43.54991 16.34504 43.54988 16.34511 43.54977 16.34515 43.54915 16.34494 43.54909 16.34528 43.54957 16.34543 43.54967 16.34584 43.54993 16.34572 43.55032 16.34627 43.55044 16.34648 43.55082 16.34713 43.551 16.34763 43.55103 16.34783 43.55101 16.34806 43.55094 16.34821 43.55086 16.34837 43.55086 16.34849 43.55097 16.34864 43.55105 16.34887 43.55105 16.34929 43.55102 16.35028 43.55099 16.3515 43.55096 16.35157 43.55087 16.35162 43.55078 16.35175 43.55077 16.35181 43.55078 16.35186 43.55085 16.3519 43.55101 16.35205 43.55101 16.35254 43.55101 16.35284 43.55101 16.35304 43.55093 16.35306 43.55093 16.35317 43.55099 16.35318 43.55097 16.35374 43.55087 16.35378 43.55086 16.35308 43.55076 16.35309 43.55076 16.35397 43.55092 16.35395 43.55097 16.35396 43.55097 16.35413 43.55098 16.35431 43.5509 16.35432 43.5509 16.35465 43.55078 16.35465 43.55078 16.3548 43.55087 16.35479 43.55082 16.35508 43.55076 16.35508 43.55068 16.35504 43.55065 16.35518 43.55072 16.35522 43.55066 16.35547 43.55031 16.35517 43.55023 16.35538 43.55053 16.3556 43.55056 16.35565 43.55057 16.35595 43.5507 16.35596 43.55076 16.35611 43.55112 16.35704 43.55126 16.35756 43.55126 16.35786 43.55121 16.35803 43.55119 16.35828 43.55106 16.35827 43.55105 16.35808 43.55091 16.35807 43.55097 16.35848 43.55131 16.35849 43.55136 16.35863 43.55126 16.35868 43.5513 16.3589 43.55139 16.35886 43.55141 16.35902 43.55117 16.35908 43.55115 16.35977 43.55111 16.35997 43.55105 16.36027 43.5509 16.36076 43.55075 16.36066 43.55068 16.36082 43.55082 16.36094 43.55074 16.36106 43.55054 16.36108 43.55062 16.36161 43.55063 16.36211 43.55047 16.36256 43.5503 16.36292 43.55016 16.36321 43.5499 16.36332 43.54994 16.3635 43.55029 16.36334 43.55041 16.36333 43.55046 16.3634 43.55047 16.36348 43.55056 16.364 43.55056 16.36464 43.55059 16.36508 43.55038 16.36504 43.55032 16.36429 43.55019 16.36408 43.55001 16.36397 43.5497 16.36386 43.54968 16.36402 43.54996 16.36412 43.55018 16.36431 43.55022 16.36448 43.55025 16.36475 43.55024 16.36514 43.55019 16.36562 43.5504 16.36574 43.5505 16.366 43.55047 16.36652 43.55046 16.36667 43.55042 16.36706 43.55035 16.36762 43.55021 16.36801 43.55004 16.36826 43.54981 16.36826 43.5498 16.36842 43.54989 16.36843 43.54997 16.36845 43.54995 16.36871 43.54975 16.36869 43.54975 16.36883 43.54989 16.36886 43.54989 16.36906 43.54971 16.36907 43.54971 16.36923 43.54981 16.36925 43.54971 16.36962 43.54964 16.36961 43.54964 16.36977 43.5497 16.36978 43.54982 16.36997 43.54981 16.37018 43.54983 16.37032 43.54985 16.37039 43.54986 16.3705 43.54985 16.37067 43.54984 16.37069 43.5498 16.37108 43.54975 16.37141 43.54971 16.3716 43.5497 16.37182 43.54964 16.37204 43.5496 16.37225 43.54952 16.37255 43.54947 16.3727 43.5494 16.37301 43.54938 16.37324 43.54935 16.37353 43.54932 16.37377 43.54929 16.37404 43.54926 16.37445 43.54925 16.37465 43.54923 16.37485 43.54922 16.37492 43.54915 16.37539 43.54908 16.37566 43.54905 16.3758 43.54905 16.37586 43.54905 16.37595 43.549 16.37613 43.54892 16.37631 43.54875 16.37658 43.54866 16.37662 43.54855 16.37671 43.54847 16.37672 43.5484 16.37677 43.5483 16.37695 43.54822 16.3771 43.54814 16.37722 43.54808 16.37737 43.54806 16.37766 43.54803 16.37776 43.54801 16.3778 43.54791 16.37784 43.54794 16.37796 43.54804 16.37791 43.54809 16.37794 43.54812 16.37805 43.5482 16.3782 43.54827 16.3784 43.54836 16.37861 43.54841 16.37868 43.54845 16.37888 43.54852 16.37915 43.54854 16.37927 43.54854 16.37948 43.54851 16.3795 43.54839 16.37951 43.54839 16.37964 43.54855 16.37964 43.54858 16.37973 43.5486 16.37996 43.54862 16.38013 43.54865 16.38023 43.54864 16.38034 43.54861 16.38043 43.54857 16.38046 43.54844 16.38047 43.54845 16.38059 43.54859 16.38059 43.54862 16.38063 43.54864 16.38073 43.54868 16.38086 43.5487 16.38092 43.54873 16.38102 43.54875 16.3811 43.54875 16.38127 43.54869 16.38138 43.54851 16.3814 43.54851 16.38149 43.54871 16.38149 43.54873 16.38149 43.54875 16.38153 43.54876 16.38159 43.54875 16.38195 43.54871 16.38227 43.5487 16.38245 43.5487 16.38266 43.54868 16.38283 43.54866 16.38288 43.54864 16.3829 43.54859 16.38294 43.54855 16.38308 43.54852 16.38323 43.54848 16.38336 43.54846 16.38344 43.54838 16.38347 43.54837 16.38419 43.54855 16.38421 43.54858 16.38425 43.54858 16.38441 43.54853 16.38465 43.54852 16.38477 43.54838 16.38477 43.54838 16.38453 43.54829 16.38455 43.54827 16.38503 43.54825 16.38505 43.54823 16.38534 43.54823 16.38549 43.54826 16.38552 43.54827 16.38562 43.54823 16.38575 43.54818 16.38584 43.54815 16.38588 43.5481 16.3859 43.54771 16.38579 43.54769 16.38591 43.54802 16.38603 43.54804 16.38604 43.54805 16.38627 43.5481 16.38637 43.5481 16.38653 43.54807 16.38674 43.54805 16.38689 43.54808 16.38704 43.54812 16.3872 43.54821 16.38736 43.54824 16.38749 43.54826 16.38754 43.54826 16.3877 43.54824 16.38819 43.54825 16.38826 43.54827 16.38828 43.54827 16.38898 43.54823 16.38909 43.54819 16.38919 43.5481 16.38936 43.54805 16.38945 43.54798 16.38954 43.54789 16.38964 43.54778 16.38978 43.54765 16.38996 43.54758 16.39007 43.54753 16.3902 43.54751 16.39032 43.54751 16.39041 43.54757 16.39053 43.54768 16.39071 43.54769 16.39075 43.54778 16.39092 43.54784 16.39101 43.5479 16.39107 43.54796 16.39117 43.548 16.39119 43.54808 16.39116 43.54813 16.39114 43.54824 16.39128 43.54836 16.39154 43.5484 16.39172 43.54842 16.39198 43.54841 16.39203 43.5484 16.39227 43.54829 16.39257 43.54814 16.39313 43.54805 16.39372 43.54794 16.39433 43.54787 16.3947 43.54781 16.39504 43.54781 16.39514 43.54782 16.39519 43.5478 16.39532 43.54776 16.39542 43.54766 16.39542 43.54766 16.39504 43.54758 16.39504 43.54758 16.39497 43.54749 16.39497 43.54748 16.39515 43.54753 16.39515 43.54757 16.3952 43.54757 16.39524 43.54757 16.39559 43.54774 16.39561 43.54777 16.39562 43.54779 16.39567 43.54779 16.3957 43.54777 16.39573 43.5476 16.39572 43.54749 16.39612 43.54759 16.39631 43.54765 16.39639 43.5476 16.39645 43.54749 16.39637 43.54731 16.39655 43.54736 16.39668 43.54747 16.39658 43.54752 16.39663 43.54755 16.39673 43.54758 16.39686 43.54757 16.39722 43.54751 16.3975 43.54751 16.39752 43.54749 16.39771 43.54747 16.39787 43.54747 16.39804 43.54746 16.39814 43.54741 16.39818 43.54729 16.39816 43.54728 16.39829 43.5474 16.3983 43.54743 16.39839 43.54741 16.3991 43.54725 16.3991 43.54725 16.39923 43.54741 16.39923 43.5474 16.39942 43.54724 16.39943 43.54724 16.39957 43.54743 16.39958 43.54743 16.39971 43.54738 16.3998 43.54721 16.39982 43.54722 16.39993 43.54732 16.39993 43.54736 16.39998 43.54736 16.40021 43.54737 16.40043 43.54737 16.40053 43.54735 16.40058 43.54733 16.40059 43.54717 16.40056 43.54717 16.40068 43.54735 16.40071 43.54735 16.40079 43.54734 16.40089 43.54731 16.40095 43.5473 16.40097 43.54729 16.40098 43.54692 16.40095 43.54692 16.40109 43.54725 16.40113 43.54726 16.4012 43.54725 16.40127 43.54721 16.40136 43.54717 16.40144 43.54716 16.40148 43.54713 16.40151 43.54708 16.40152 43.54703 16.40157 43.54701 16.40161 43.54699 16.40162 43.54691 16.40157 43.54688 16.40167 43.54698 16.40176 43.54699 16.40181 43.54699 16.40186 43.54697 16.40189 43.54694 16.40193 43.54687 16.40193 43.54679 16.40195 43.54676 16.40224 43.54669 16.40253 43.54663 16.40277 43.5467 16.40281 43.54675 16.40265 43.54681 16.40265 43.54681 16.40275 43.54678 16.40288 43.54674 16.40298 43.54671 16.40308 43.54669 16.40314 43.54667 16.40315 43.54657 16.40307 43.54652 16.40317 43.54662 16.40328 43.54663 16.40333 43.54659 16.40337 43.54658 16.40341 43.54657 16.40348 43.54654 16.40351 43.54648 16.40346 43.54643 16.40341 43.54636 16.40351 43.54646 16.40361 43.54648 16.40364 43.54646 16.40368 43.54639 16.40373 43.54634 16.40375 43.54623 16.40364 43.54618 16.4037 43.54623 16.4038 43.54623 16.40382 43.54617 16.40388 43.54608 16.40392 43.5458 16.40394 43.54562 16.40389 43.54555 16.40385 43.54548 16.40384 43.54543 16.40384 43.5454 16.40391 43.54541 16.40416 43.54552 16.40423 43.54594 16.40424 43.54612 16.40424 43.54625 16.40429 43.54636 16.40438 43.54645 16.40456 43.54652 16.4047 43.54653 16.40478 43.54656 16.40481 43.54656 16.40492 43.54651 16.40517 43.54647 16.40539 43.54645 16.40553 43.54643 16.40559 43.54642 16.40562 43.54631 16.40551 43.54626 16.40561 43.54637 16.40573 43.54644 16.40583 43.54643 16.40598 43.54628 16.40611 43.54597 16.40642 43.54587 16.40626 43.5458 16.40633 43.54587 16.40644 43.54584 16.4065 43.54576 16.4066 43.54558 16.4068 43.54545 16.40695 43.54537 16.4071 43.54531 16.40737 43.5453 16.40759 43.54522 16.40782 43.54507 16.40807 43.54504 16.40829 43.54501 16.40854 43.54496 16.40881 43.54494 16.40889 43.54493 16.40918 43.5449 16.40941 43.54486 16.40956 43.54479 16.4096 43.54456 16.40958 43.54455 16.40967 43.54396 16.40972 43.54396 16.41008 43.54404 16.41009 43.54404 16.40987 43.54409 16.40984 43.54449 16.4098 43.54454 16.4099 43.54461 16.40992 43.54467 16.40992 43.54472 16.40999 43.54471 16.41035 43.54471 16.4106 43.54479 16.4109 43.5449 16.41105 43.54505 16.41113 43.54518 16.41127 43.54524 16.41144 43.54526 16.41168 43.54523 16.41181 43.54515 16.41194 43.54501 16.41217 43.54488 16.41242 43.54482 16.41261 43.54478 16.41288 43.54478 16.41311 43.54483 16.41331 43.54489 16.41343 43.54497 16.41344 43.54507 16.41334 43.54517 16.41325 43.5452 16.41327 43.54525 16.41332 43.54523 16.41363 43.5452 16.41406 43.54517 16.41443 43.54516 16.41474 43.54508 16.41498 43.54507 16.41579 43.54512 16.41581 43.54517 16.41576 43.54522 16.41591 43.54526 16.41621 43.54526 16.41623 43.54526 16.41664 43.54532 16.41719 43.54537 16.41741 43.54541 16.41755 43.54553 16.41769 43.54567 16.41774 43.54575 16.41777 43.54583 16.41801 43.54586 16.41829 43.54582 16.41855 43.54571 16.41885 43.54556 16.4191 43.54533 16.41934 43.54513 16.41948 43.54492 16.41956 43.54487 16.41958 43.54475 16.41963 43.54469 16.41981 43.54471 16.42004 43.54482 16.42021 43.54502 16.42046 43.54518 16.42066 43.54535 16.42084 43.54552 16.42125 43.54561 16.42165 43.54571 16.42215 43.54574 16.42228 43.54581 16.42269 43.54587 16.42306 43.5459 16.42347 43.54592 16.42367 43.54589 16.42402 43.54581 16.42432 43.54573 16.42468 43.54567 16.42497 43.54566 16.42499 43.54528 16.42501 43.54531 16.42481 43.54517 16.4248 43.54503 16.42567 43.54483 16.42669 43.54468 16.42748 43.54469 16.42759 43.54467 16.42771 43.54459 16.42794 43.54456 16.42804 43.54456 16.42808 43.54455 16.42817 43.54457 16.42818 43.5446 16.42818 43.54491 16.42798 43.54513 16.42783 43.54528 16.42772 43.54539 16.42766 43.54547 16.4277 43.54557 16.42784 43.54561 16.42801 43.54559 16.42851 43.54547 16.42893 43.54537 16.42929 43.5453 16.4295 43.54526 16.42969 43.54524 16.42997 43.54523 16.43028 43.54525 16.43046 43.54524 16.43067 43.5451 16.4309 43.545 16.43107 43.54487 16.43131 43.54478 16.43147 43.54474 16.43154 43.54472 16.43158 43.54447 16.43154 43.54445 16.43166 43.54466 16.43171 43.54473 16.4318 43.54477 16.43224 43.54479 16.43234 43.54483 16.43259 43.54486 16.43275 43.54489 16.4329 43.54489 16.43313 43.54471 16.43366 43.54463 16.43384 43.54462 16.43387 43.54456 16.43389 43.5445 16.4339 43.54446 16.43396 43.54443 16.43419 43.54438 16.43446 43.54427 16.4347 43.54413 16.43488 43.54403 16.43498 43.54396 16.43512 43.54399 16.43538 43.54405 16.43547 43.54412 16.43562 43.54413 16.43563 43.54413 16.43567 43.54398 16.43583 43.54404 16.43596 43.54418 16.43583 43.54422 16.43584 43.54426 16.4359 43.54428 16.436 43.5443 16.43609 43.5443 16.43616 43.54429 16.43636 43.54423 16.43648 43.54416 16.43666 43.54408 16.43676 43.544 16.43691 43.54394 16.43698 43.5439 16.43698 43.54385 16.43699 43.54384 16.437 43.54382 16.43675 43.54374 16.43676 43.54375 16.43702 43.54373 16.43705 43.54369 16.43705 43.54364 16.43702 43.54358 16.43699 43.54349 16.43695 43.54338 16.43701 43.54334 16.43703 43.54319 16.43688 43.54313 16.43699 43.54323 16.43708 43.54325 16.43713 43.5432 16.43721 43.5431 16.43745 43.54307 16.43759 43.54315 16.43766 43.54316 16.43787 43.54317 16.43794 43.54306 16.43802 43.54304 16.43802 43.54299 16.43795 43.54292 16.43805 43.54308 16.43826 43.54288 16.43852 43.54272 16.43832 43.54265 16.4384 43.54279 16.4386 43.54277 16.43865 43.54273 16.4387 43.54268 16.43878 43.54264 16.43883 43.54257 16.43892 43.54255 16.43895 43.54251 16.43901 43.54246 16.4391 43.54245 16.43912 43.54239 16.43919 43.54238 16.43919 43.54234 16.43919 43.54236 16.43876 43.54225 16.43877 43.54224 16.43915 43.54224 16.43919 43.54223 16.43919 43.54213 16.43916 43.54211 16.43914 43.542 16.43903 43.54191 16.43887 43.54178 16.43861 43.54165 16.4384 43.54152 16.43827 43.54142 16.43819 43.54125 16.43804 43.54102 16.43795 43.54086 16.4379 43.54064 16.43789 43.54048 16.43793 43.54011 16.43804 43.53992 16.43814 43.53975 16.43826 43.53955 16.43851 43.53948 16.4386 43.53938 16.43871 43.53931 16.43872 43.53927 16.43869 43.53883 16.43924 43.53875 16.43956 43.53873 16.43998 43.53875 16.4405 43.53878 16.44102 43.53879 16.44157 43.53881 16.44192 43.53882 16.4421 43.53886 16.44219 43.53892 16.44222 43.53895 16.44225 43.53898 16.44236 43.53901 16.44274 43.53905 16.443 43.53906 16.44326 43.53899 16.44353 43.53896 16.4437 43.53901 16.44404 43.53903 16.44443 43.53905 16.44454 43.53905 16.44467 43.53904 16.44484 43.53902 16.44487 43.53896 16.4449 43.53889 16.44509 43.53887 16.44537 43.53879 16.44561 43.53867 16.44584 43.53856 16.44597 43.53842 16.44601 43.53824 16.44597 43.53814 16.44601 43.5381 16.44606 43.53809 16.44619 43.53802 16.44625 43.53794 16.44632 43.5379 16.4464 43.53792 16.44648 43.538 16.44665 43.53809 16.44677 43.53817 16.44689 43.53825 16.44695 43.53834 16.4471 43.53836 16.44718 43.53824 16.44741 43.53803 16.44772 43.53795 16.44799 43.53793 16.44826 43.53803 16.44877 43.53804 16.44917 43.53797 16.4496 43.53787 16.45016 43.53783 16.45061 43.53776 16.45137 43.53776 16.45156 43.53781 16.45194 43.53786 16.45238 43.53783 16.45282 43.53771 16.45307 43.53757 16.45328 43.53751 16.45341 43.5375 16.45364 43.53757 16.45435 43.53761 16.45459 43.53723 16.45472 43.53737 16.4557 43.53768 16.45563 43.53773 16.45581 43.5379 16.45688 43.53803 16.45691 43.53822 16.45729 43.53838 16.45768 43.53841 16.45778 43.53837 16.45795 43.53732 16.45795 43.5373 16.45886 43.5384 16.45894 43.53844 16.45898 43.53843 16.45944 43.53861 16.45946 43.53864 16.45951 43.53864 16.4597 43.53862 16.45974 43.53852 16.45972 43.53847 16.45976 43.53844 16.45991 43.53844 16.46002 43.53839 16.46011 43.53834 16.46029 43.53835 16.46043 43.53845 16.46063 43.5385 16.46075 43.53852 16.46091 43.53846 16.46112 43.53826 16.46131 43.53787 16.46155 43.53772 16.46164 43.53767 16.46171 43.53981 16.46194 43.54135 16.46103 43.54177 16.46079 43.54184 16.46073 43.54189 16.46071 43.54197 16.46066 43.54356 16.46023 43.54444 16.4589 43.54459 16.45796 43.54496 16.45772 43.54498 16.45772 43.5454 16.45765 43.54557 16.45761 43.54695 16.45819 43.54768 16.45837 43.54846 16.45855 43.54927 16.45875 43.54928 16.45875 43.54943 16.45879 43.54956 16.45882 43.54973 16.45886 43.55222 16.45946 43.55231 16.45945 43.55337 16.45931 43.55378 16.45839 43.55464 16.45812 43.55668 16.44741 43.55711 16.44713 43.55741 16.44693 43.55773 16.44671 43.55785 16.44637 43.55815 16.44554 43.56216 16.44651 43.56311 16.44468 43.5643 16.44156 43.56765 16.43788 43.56776 16.43584 43.56988 16.43096 43.56908 16.42981 43.57031 16.41939 43.57105 16.4132 43.57073 16.40888 43.57072 16.40828 43.57066 16.40369 43.57108 16.40151 43.57153 16.39915 43.57352 16.38879 43.57432 16.38339 43.57511 16.37801 43.57517 16.37772 43.5752 16.37754 43.57601 16.37343 43.57753 16.37271 43.57816 16.37241 43.58087 16.37379 43.58629 16.37635 43.59767 16.37507 43.59838 16.37197 43.59849 16.37025 43.5986 16.3572 43.59945 16.34836</gml:posList>
                        </gml:LinearRing>
                      </gml:exterior>
                    </gml:Polygon>
                  </gml:surfaceMember>
                  <gml:surfaceMember>
                    <gml:Polygon gml:id="MEDIA_MONITORED_CILJ_ID_1_POLUTANT_1_MODEL_30">
                      <gml:exterior>
                        <gml:LinearRing>
                          <gml:posList srsDimension="2">43.45357 16.11235 43.4537 16.11253 43.45386 16.11259 43.45398 16.11263 43.45416 16.11258 43.4544 16.11226 43.45442 16.1122 43.45442 16.11212 43.45437 16.11202 43.45428 16.11196 43.45412 16.11192 43.4539 16.11193 43.45368 16.11197 43.45355 16.1121 43.45353 16.1122 43.45357 16.11235</gml:posList>
                        </gml:LinearRing>
                      </gml:exterior>
                    </gml:Polygon>
                  </gml:surfaceMember>
                  <gml:surfaceMember>
                    <gml:Polygon gml:id="MEDIA_MONITORED_CILJ_ID_1_POLUTANT_1_MODEL_31">
                      <gml:exterior>
                        <gml:LinearRing>
                          <gml:posList srsDimension="2">43.50017 16.56505 43.50018 16.56504 43.50139 16.56385 43.50724 16.55809 43.50775 16.55758 43.50828 16.55705 43.51055 16.55477 43.51065 16.55464 43.51877 16.54406 43.51874 16.54393 43.51865 16.54365 43.51856 16.54366 43.5185 16.54367 43.51824 16.5437 43.51775 16.54351 43.51686 16.54303 43.5166 16.5426 43.51642 16.54231 43.51628 16.54219 43.51616 16.54208 43.51587 16.54184 43.5156 16.54161 43.51552 16.54154 43.51521 16.54127 43.51374 16.54022 43.51338 16.53924 43.51333 16.53912 43.51272 16.53748 43.51085 16.53755 43.50873 16.5372 43.50872 16.53704 43.50871 16.53665 43.50781 16.53518 43.50671 16.53484 43.50645 16.53376 43.50645 16.53376 43.50623 16.53286 43.50572 16.53174 43.50571 16.53173 43.50559 16.53147 43.50503 16.53129 43.50484 16.53122 43.50471 16.53118 43.50443 16.53109 43.50441 16.53114 43.50438 16.53123 43.50433 16.53139 43.50429 16.53153 43.5042 16.53195 43.50417 16.53206 43.50414 16.53224 43.5041 16.53235 43.50408 16.53241 43.50405 16.53253 43.50399 16.53265 43.50389 16.53287 43.50385 16.533 43.50381 16.53308 43.50379 16.53313 43.50378 16.5332 43.50369 16.53334 43.50366 16.53339 43.50361 16.53344 43.50357 16.53347 43.50344 16.53358 43.50326 16.53375 43.50314 16.53384 43.50313 16.53384 43.50311 16.53383 43.50309 16.5338 43.50308 16.53376 43.50302 16.53368 43.50298 16.53365 43.50291 16.53363 43.50282 16.53365 43.50275 16.5337 43.50268 16.53376 43.50266 16.53377 43.50253 16.53378 43.50245 16.53376 43.5023 16.53376 43.50207 16.53379 43.50205 16.53381 43.50201 16.53381 43.50196 16.53382 43.50192 16.53384 43.50185 16.53389 43.50177 16.53396 43.5016 16.53415 43.50152 16.53423 43.5014 16.53434 43.50138 16.53435 43.50134 16.53435 43.50115 16.53433 43.50107 16.53434 43.50088 16.53432 43.50068 16.53433 43.50055 16.53437 43.50041 16.5344 43.50026 16.53447 43.5001 16.53451 43.49998 16.53467 43.49981 16.53472 43.49972 16.53465 43.49967 16.53425 43.49963 16.53418 43.49953 16.53417 43.49948 16.5341 43.49945 16.53404 43.49941 16.534 43.49935 16.534 43.49929 16.53408 43.49928 16.53418 43.49928 16.53433 43.49927 16.53441 43.49925 16.53447 43.49908 16.53478 43.4989 16.5349 43.49841 16.53548 43.49827 16.53558 43.49813 16.5356 43.49796 16.53554 43.49741 16.53558 43.49723 16.53565 43.4971 16.53571 43.49684 16.53578 43.49659 16.53591 43.49642 16.53595 43.49621 16.53598 43.49608 16.53607 43.49601 16.53615 43.49595 16.53614 43.49594 16.53613 43.4959 16.53608 43.49583 16.53598 43.49562 16.53586 43.49527 16.5356 43.49513 16.53554 43.49495 16.53555 43.49479 16.53566 43.49458 16.53579 43.49443 16.53591 43.4943 16.53602 43.49418 16.53609 43.49388 16.5363 43.49382 16.53641 43.49377 16.53653 43.49351 16.53675 43.49322 16.53701 43.49297 16.53717 43.49282 16.53717 43.49274 16.5371 43.49267 16.53698 43.49251 16.53672 43.49257 16.53658 43.49249 16.53651 43.4924 16.53672 43.49229 16.53699 43.4922 16.53714 43.4921 16.53706 43.49213 16.53698 43.49207 16.53691 43.49195 16.53716 43.4918 16.53755 43.4917 16.53784 43.49163 16.53798 43.49158 16.53813 43.49133 16.53882 43.49102 16.53846 43.49118 16.5381 43.49104 16.53797 43.49097 16.53813 43.49081 16.53802 43.49068 16.53835 43.491 16.53866 43.49093 16.53881 43.49108 16.53897 43.49093 16.53929 43.49077 16.5395 43.49061 16.53971 43.4905 16.53984 43.49017 16.54042 43.4899 16.54102 43.48978 16.54144 43.4895 16.54197 43.48943 16.54207 43.48917 16.54229 43.48899 16.54247 43.48876 16.54269 43.48845 16.54306 43.4882 16.54325 43.48816 16.54324 43.48811 16.54326 43.48804 16.54334 43.48792 16.54355 43.48787 16.54373 43.48786 16.54396 43.48782 16.54411 43.48777 16.54448 43.48777 16.54461 43.48772 16.54483 43.48767 16.54492 43.48751 16.54474 43.48745 16.54485 43.48761 16.54501 43.48756 16.54511 43.48739 16.54551 43.48707 16.54608 43.48647 16.54711 43.4858 16.54787 43.48544 16.54815 43.48531 16.5482 43.48501 16.54828 43.48493 16.54834 43.48479 16.54861 43.48466 16.54906 43.48459 16.54961 43.48455 16.55005 43.48445 16.55057 43.48437 16.55102 43.48435 16.55112 43.48426 16.55161 43.48416 16.55199 43.48404 16.55241 43.48379 16.55306 43.4837 16.55325 43.48355 16.55312 43.48351 16.55323 43.48363 16.55334 43.48355 16.5535 43.48341 16.55377 43.4832 16.55409 43.48272 16.55481 43.48256 16.55466 43.48251 16.55477 43.48265 16.5549 43.48222 16.55557 43.48203 16.55599 43.48185 16.55624 43.48148 16.55667 43.48121 16.55708 43.48115 16.55717 43.48103 16.55702 43.48097 16.5571 43.48109 16.55725 43.48101 16.55736 43.48092 16.55748 43.48081 16.55732 43.48074 16.55742 43.48085 16.55758 43.48081 16.55763 43.48035 16.55818 43.48029 16.55825 43.48016 16.55807 43.4801 16.55816 43.48023 16.55835 43.48017 16.55845 43.48005 16.55856 43.47988 16.55866 43.4794 16.55882 43.47933 16.55891 43.47928 16.55897 43.479 16.55947 43.47869 16.55985 43.47802 16.56056 43.47736 16.5611 43.47702 16.56153 43.47679 16.56139 43.47676 16.56129 43.47668 16.56134 43.47672 16.56146 43.47696 16.56163 43.47683 16.5618 43.47671 16.56192 43.4766 16.562 43.47646 16.56182 43.4764 16.56189 43.47655 16.56209 43.47647 16.56216 43.47629 16.56238 43.47605 16.56264 43.47514 16.56386 43.47498 16.56407 43.47474 16.56432 43.47446 16.56457 43.47424 16.56483 43.47419 16.56495 43.47418 16.56507 43.47419 16.56523 43.47414 16.56575 43.47409 16.56609 43.47404 16.56634 43.47396 16.56654 43.47374 16.56655 43.47374 16.56668 43.47394 16.56667 43.47389 16.5669 43.47382 16.56709 43.47371 16.56715 43.47366 16.56723 43.47364 16.56732 43.4736 16.56754 43.47313 16.56744 43.47315 16.56732 43.473 16.56728 43.47294 16.56762 43.47358 16.56778 43.47363 16.56823 43.47363 16.5684 43.47356 16.56865 43.47345 16.56896 43.47332 16.56923 43.47321 16.5694 43.47302 16.56975 43.47281 16.5701 43.47261 16.57054 43.4724 16.57081 43.47221 16.57113 43.47205 16.57151 43.47186 16.57182 43.47153 16.5722 43.47152 16.57221 43.47111 16.57262 43.47058 16.57325 43.4704 16.57342 43.47016 16.57363 43.46973 16.57403 43.46896 16.57462 43.46882 16.57477 43.46857 16.57517 43.4685 16.57537 43.46808 16.5762 43.46787 16.57652 43.46742 16.57705 43.46707 16.5777 43.46679 16.57804 43.46641 16.57844 43.46587 16.57922 43.46569 16.57952 43.46558 16.57965 43.46626 16.58177 43.4666 16.58218 43.46681 16.58244 43.46691 16.58249 43.46726 16.58263 43.46782 16.5834 43.46829 16.58403 43.46967 16.58591 43.471 16.58771 43.47144 16.58832 43.47192 16.58855 43.47227 16.58859 43.47304 16.58959 43.47312 16.58989 43.47317 16.59009 43.47356 16.59023 43.47356 16.59023 43.47397 16.59024 43.47433 16.59024 43.4747 16.59042 43.47518 16.59065 43.47678 16.59018 43.48778 16.5815 43.4899 16.57797 43.49264 16.57342 43.49281 16.57313 43.49727 16.56823 43.50017 16.56505</gml:posList>
                        </gml:LinearRing>
                      </gml:exterior>
                    </gml:Polygon>
                  </gml:surfaceMember>
                  <gml:surfaceMember>
                    <gml:Polygon gml:id="MEDIA_MONITORED_CILJ_ID_1_POLUTANT_1_MODEL_32">
                      <gml:exterior>
                        <gml:LinearRing>
                          <gml:posList srsDimension="2">43.52234 16.4155 43.52237 16.41558 43.5224 16.41562 43.52245 16.41564 43.52249 16.41561 43.52252 16.41557 43.52256 16.41549 43.52257 16.41539 43.52259 16.41529 43.52262 16.41515 43.52261 16.41504 43.5226 16.41497 43.52258 16.41489 43.52256 16.41486 43.52251 16.41486 43.52246 16.4149 43.52242 16.415 43.5224 16.41507 43.52238 16.41516 43.52236 16.41524 43.52235 16.41535 43.52234 16.4155</gml:posList>
                        </gml:LinearRing>
                      </gml:exterior>
                    </gml:Polygon>
                  </gml:surfaceMember>
                  <gml:surfaceMember>
                    <gml:Polygon gml:id="MEDIA_MONITORED_CILJ_ID_1_POLUTANT_1_MODEL_33">
                      <gml:exterior>
                        <gml:LinearRing>
                          <gml:posList srsDimension="2">43.53583 16.44778 43.53586 16.44782 43.5359 16.44782 43.53594 16.4478 43.53593 16.44775 43.53592 16.44769 43.53591 16.44765 43.53588 16.44764 43.53584 16.44766 43.53583 16.44769 43.53582 16.44773 43.53583 16.44778</gml:posList>
                        </gml:LinearRing>
                      </gml:exterior>
                    </gml:Polygon>
                  </gml:surfaceMember>
                  <gml:surfaceMember>
                    <gml:Polygon gml:id="MEDIA_MONITORED_CILJ_ID_1_POLUTANT_1_MODEL_34">
                      <gml:exterior>
                        <gml:LinearRing>
                          <gml:posList srsDimension="2">43.515 16.24743 43.5152 16.24825 43.51535 16.24914 43.51548 16.25012 43.51556 16.2506 43.51557 16.2507 43.51567 16.25107 43.51582 16.25159 43.51592 16.25192 43.51596 16.25194 43.5161 16.2519 43.51616 16.25194 43.51629 16.25213 43.51662 16.25261 43.51671 16.25261 43.518 16.25174 43.51805 16.25167 43.51807 16.25154 43.51807 16.25137 43.51805 16.25097 43.51803 16.25071 43.51799 16.25038 43.51797 16.25024 43.51794 16.25002 43.51794 16.24947 43.51789 16.24934 43.51746 16.24858 43.51648 16.24687 43.51643 16.24673 43.51632 16.24656 43.51621 16.24627 43.51608 16.24595 43.51589 16.24595 43.51576 16.24601 43.51565 16.24608 43.51556 16.24615 43.51542 16.24624 43.51526 16.24636 43.51515 16.24647 43.51512 16.2465 43.51501 16.24662 43.51495 16.2467 43.51489 16.24681 43.51487 16.24694 43.515 16.24743</gml:posList>
                        </gml:LinearRing>
                      </gml:exterior>
                    </gml:Polygon>
                  </gml:surfaceMember>
                  <gml:surfaceMember>
                    <gml:Polygon gml:id="MEDIA_MONITORED_CILJ_ID_1_POLUTANT_1_MODEL_35">
                      <gml:exterior>
                        <gml:LinearRing>
                          <gml:posList srsDimension="2">43.42905 16.12026 43.42907 16.12034 43.42907 16.12046 43.42912 16.12054 43.42915 16.12054 43.42921 16.12047 43.42921 16.12034 43.4292 16.12026 43.42915 16.12012 43.42915 16.12007 43.4291 16.12002 43.42907 16.12002 43.42903 16.12005 43.42901 16.12011 43.42905 16.12026</gml:posList>
                        </gml:LinearRing>
                      </gml:exterior>
                    </gml:Polygon>
                  </gml:surfaceMember>
                  <gml:surfaceMember>
                    <gml:Polygon gml:id="MEDIA_MONITORED_CILJ_ID_1_POLUTANT_1_MODEL_36">
                      <gml:exterior>
                        <gml:LinearRing>
                          <gml:posList srsDimension="2">43.41209 16.13601 43.4122 16.13616 43.4125 16.13624 43.41328 16.13623 43.41349 16.13618 43.41368 16.13609 43.41371 16.13609 43.41386 16.13602 43.41404 16.13585 43.41417 16.13565 43.41444 16.13479 43.41446 16.13462 43.41441 16.13447 43.41429 16.1343 43.41409 16.13417 43.41373 16.13417 43.41359 16.13424 43.4133 16.13433 43.41292 16.13462 43.41275 16.13484 43.41242 16.13515 43.41219 16.13547 43.41209 16.13576 43.41209 16.13601</gml:posList>
                        </gml:LinearRing>
                      </gml:exterior>
                    </gml:Polygon>
                  </gml:surfaceMember>
                  <gml:surfaceMember>
                    <gml:Polygon gml:id="MEDIA_MONITORED_CILJ_ID_1_POLUTANT_1_MODEL_37">
                      <gml:exterior>
                        <gml:LinearRing>
                          <gml:posList srsDimension="2">43.45569 16.07574 43.45578 16.07549 43.4558 16.07467 43.45579 16.0743 43.45571 16.074 43.45571 16.0737 43.4557 16.07252 43.45568 16.07238 43.45558 16.07212 43.45533 16.07187 43.45517 16.07177 43.45491 16.07174 43.45458 16.0718 43.45435 16.07176 43.45418 16.07169 43.45391 16.0716 43.45382 16.07153 43.45362 16.07125 43.45356 16.07112 43.45346 16.07101 43.45339 16.07095 43.45332 16.07085 43.45327 16.07063 43.45322 16.07026 43.4532 16.07013 43.45313 16.06996 43.45297 16.06976 43.4528 16.06966 43.45254 16.06955 43.45232 16.06954 43.45211 16.06945 43.45196 16.06928 43.45184 16.06909 43.45172 16.06899 43.45157 16.06899 43.45137 16.06909 43.45112 16.06909 43.45089 16.06895 43.45069 16.0689 43.45062 16.06885 43.45058 16.06878 43.45059 16.0686 43.45066 16.06842 43.4507 16.06828 43.45091 16.0677 43.45109 16.06733 43.45118 16.067 43.45119 16.06644 43.45126 16.06621 43.4514 16.06598 43.45155 16.06561 43.4516 16.06553 43.45186 16.06489 43.45195 16.06457 43.45201 16.06418 43.45202 16.06304 43.45201 16.06281 43.45197 16.0626 43.45186 16.06243 43.45172 16.06227 43.45103 16.06177 43.45092 16.06164 43.45072 16.06136 43.45058 16.06114 43.45053 16.06097 43.4505 16.06077 43.45051 16.06061 43.45054 16.06037 43.45069 16.05983 43.45083 16.05948 43.45115 16.0588 43.45122 16.0585 43.45137 16.05811 43.45148 16.05784 43.45159 16.0576 43.45164 16.05733 43.45165 16.057 43.45166 16.05665 43.45169 16.05632 43.45167 16.05604 43.45148 16.0556 43.45136 16.05537 43.4512 16.0549 43.45109 16.05467 43.45067 16.0541 43.45 16.05359 43.44913 16.05323 43.44846 16.05315 43.44812 16.05314 43.44799 16.05319 43.4475 16.05354 43.44714 16.05384 43.44674 16.05406 43.44653 16.05411 43.44642 16.05417 43.44593 16.05421 43.44589 16.05426 43.44587 16.05444 43.44582 16.05448 43.44577 16.05446 43.44573 16.05436 43.44568 16.05436 43.4456 16.05442 43.44552 16.05457 43.44547 16.05482 43.44549 16.05524 43.44563 16.05579 43.4458 16.05629 43.4461 16.05691 43.44623 16.05731 43.44644 16.05778 43.44649 16.05796 43.44677 16.05858 43.4473 16.05935 43.44739 16.05953 43.44745 16.0596 43.4478 16.06042 43.44792 16.0612 43.44793 16.06139 43.44788 16.06176 43.44773 16.06225 43.44751 16.06272 43.44736 16.06289 43.44722 16.06306 43.44624 16.06373 43.446 16.06395 43.44578 16.06424 43.44543 16.06468 43.44505 16.06524 43.44481 16.06583 43.44478 16.06603 43.44469 16.06721 43.44468 16.06792 43.44472 16.06818 43.44472 16.0686 43.44475 16.06892 43.4448 16.069 43.44492 16.06896 43.44498 16.06902 43.44498 16.06912 43.44493 16.06922 43.44482 16.06919 43.44475 16.06927 43.44474 16.06939 43.44481 16.06979 43.44497 16.07015 43.44513 16.07061 43.44537 16.0716 43.44548 16.07187 43.4456 16.07205 43.44567 16.0722 43.44574 16.07242 43.44577 16.07274 43.44581 16.07292 43.44584 16.07329 43.44584 16.074 43.44574 16.07457 43.44572 16.07509 43.44577 16.07541 43.44582 16.07554 43.44621 16.07604 43.44625 16.07616 43.44625 16.07623 43.44625 16.07631 43.44617 16.07661 43.44589 16.07734 43.4456 16.07805 43.44549 16.07842 43.44526 16.0795 43.44518 16.08005 43.44513 16.08056 43.44501 16.08114 43.44497 16.08185 43.44489 16.08217 43.4448 16.08244 43.44467 16.08266 43.44435 16.08282 43.44406 16.08289 43.44392 16.08282 43.44379 16.08267 43.44362 16.08231 43.44345 16.08212 43.44331 16.08185 43.44309 16.08147 43.44273 16.08099 43.44262 16.08074 43.44244 16.08049 43.44237 16.08044 43.44205 16.08031 43.4416 16.08025 43.44146 16.08013 43.44131 16.0801 43.4412 16.07996 43.44113 16.07996 43.44108 16.07999 43.44101 16.07997 43.44097 16.0799 43.44087 16.0798 43.44074 16.07977 43.44058 16.07967 43.4404 16.07967 43.44031 16.07961 43.44009 16.07963 43.44004 16.07958 43.43997 16.07958 43.43988 16.07968 43.43974 16.07967 43.43963 16.0796 43.43948 16.0796 43.43939 16.07967 43.4393 16.07967 43.43914 16.07984 43.43901 16.07986 43.43894 16.07998 43.43887 16.08008 43.43874 16.08013 43.43867 16.08031 43.43861 16.08033 43.43845 16.08032 43.43832 16.08039 43.43827 16.08057 43.43821 16.08064 43.43813 16.08059 43.43809 16.08064 43.43808 16.08071 43.43801 16.08078 43.43795 16.08082 43.43787 16.0809 43.43773 16.08095 43.4377 16.08102 43.4376 16.08112 43.43747 16.08122 43.43738 16.08122 43.43732 16.08129 43.43731 16.08136 43.43722 16.08147 43.43714 16.08156 43.43705 16.08171 43.43693 16.08188 43.43688 16.08191 43.43684 16.082 43.43683 16.08213 43.43682 16.08219 43.4368 16.08221 43.43676 16.08224 43.43667 16.08233 43.43657 16.08251 43.43654 16.08259 43.43626 16.08298 43.4359 16.08359 43.43575 16.08393 43.43559 16.08458 43.43551 16.08499 43.43545 16.08531 43.43545 16.0857 43.4355 16.0861 43.43552 16.08648 43.43563 16.08702 43.43577 16.08736 43.4362 16.08797 43.43646 16.08864 43.43659 16.08881 43.43675 16.08894 43.43721 16.08914 43.43743 16.08922 43.43779 16.08928 43.43795 16.08938 43.438 16.08946 43.43804 16.08955 43.43804 16.0906 43.43811 16.09075 43.43822 16.09082 43.43829 16.09087 43.43829 16.09092 43.43824 16.09097 43.43815 16.09098 43.43811 16.09102 43.43811 16.09109 43.43817 16.09122 43.4385 16.09211 43.4386 16.09228 43.43871 16.09243 43.43887 16.09256 43.43925 16.09259 43.43945 16.09258 43.4397 16.09255 43.43986 16.09245 43.44005 16.09228 43.44031 16.09194 43.44052 16.09172 43.44083 16.09161 43.44101 16.09149 43.44113 16.09134 43.44123 16.09116 43.44134 16.09102 43.44144 16.09095 43.4417 16.09091 43.44186 16.09078 43.44224 16.09069 43.44242 16.0906 43.44283 16.09053 43.44304 16.09053 43.44323 16.09049 43.44336 16.09049 43.44339 16.09054 43.44346 16.09057 43.44355 16.09054 43.44362 16.09043 43.44368 16.09037 43.44382 16.09038 43.4439 16.09052 43.44393 16.0907 43.44398 16.09077 43.44415 16.0908 43.44424 16.09085 43.44463 16.0913 43.44464 16.09138 43.44464 16.0915 43.4447 16.09158 43.44482 16.09163 43.44488 16.0917 43.44488 16.0918 43.44494 16.09203 43.44514 16.0923 43.44525 16.0926 43.4453 16.09292 43.44538 16.09315 43.44545 16.09347 43.44552 16.09359 43.4457 16.09409 43.4458 16.09461 43.44589 16.09486 43.44596 16.09506 43.44612 16.09561 43.44615 16.0959 43.44616 16.09608 43.44613 16.09625 43.44585 16.09734 43.44584 16.09782 43.44596 16.09817 43.44625 16.0982 43.44647 16.09818 43.44663 16.09809 43.44676 16.09792 43.44683 16.09769 43.44691 16.09703 43.44692 16.09666 43.44687 16.09599 43.44693 16.09574 43.44696 16.0955 43.44704 16.09528 43.44711 16.0951 43.4472 16.09486 43.44726 16.09456 43.44728 16.09407 43.4474 16.09333 43.44756 16.09289 43.44776 16.09248 43.44821 16.09166 43.44833 16.09152 43.44908 16.09035 43.44921 16.09025 43.44932 16.09023 43.44941 16.09018 43.44946 16.09011 43.44955 16.09002 43.44982 16.09036 43.44989 16.09024 43.44957 16.08984 43.44964 16.08969 43.4498 16.08948 43.45009 16.0891 43.45027 16.08931 43.45013 16.08959 43.4502 16.08966 43.45037 16.08937 43.45042 16.08934 43.45048 16.08934 43.45069 16.08959 43.45085 16.08988 43.45092 16.08993 43.45108 16.08996 43.45141 16.08999 43.45168 16.08992 43.45182 16.08991 43.45218 16.0899 43.4527 16.09014 43.45308 16.09018 43.45337 16.09018 43.45362 16.09011 43.45415 16.09002 43.45425 16.0899 43.4544 16.08982 43.45467 16.08958 43.455 16.08917 43.45529 16.08853 43.45537 16.08827 43.45543 16.08796 43.45555 16.08724 43.45554 16.08589 43.45547 16.08551 43.45522 16.08472 43.45512 16.08425 43.45507 16.08398 43.45499 16.08311 43.45497 16.08294 43.4549 16.08257 43.45489 16.08244 43.45485 16.08229 43.45476 16.08187 43.45472 16.08167 43.45468 16.08142 43.45454 16.08123 43.45433 16.08111 43.45424 16.08104 43.45405 16.0807 43.45391 16.08057 43.45382 16.08042 43.45379 16.0802 43.45361 16.0799 43.45351 16.07965 43.45349 16.07948 43.45356 16.07926 43.45391 16.07877 43.45423 16.07836 43.45484 16.07743 43.45502 16.07703 43.45525 16.0767 43.45543 16.07652 43.45556 16.07617 43.45564 16.07591 43.45569 16.07574</gml:posList>
                        </gml:LinearRing>
                      </gml:exterior>
                    </gml:Polygon>
                  </gml:surfaceMember>
                  <gml:surfaceMember>
                    <gml:Polygon gml:id="MEDIA_MONITORED_CILJ_ID_1_POLUTANT_1_MODEL_38">
                      <gml:exterior>
                        <gml:LinearRing>
                          <gml:posList srsDimension="2">45.44123 14.57911 45.44335 14.57346 45.44621 14.57304 45.44829 14.5728 45.44941 14.57191 45.45143 14.57014 45.45335 14.56851 45.45532 14.56673 45.45706 14.56484 45.45896 14.56259 45.4602 14.56119 45.46455 14.55719 45.46663 14.55523 45.467 14.5549 45.46832 14.55371 45.46594 14.55314 45.46507 14.55275 45.46432 14.55149 45.46312 14.55072 45.46228 14.55057 45.46133 14.55082 45.46044 14.55048 45.45921 14.54983 45.45812 14.5493 45.45733 14.54873 45.45639 14.54834 45.45573 14.54789 45.45505 14.54735 45.45429 14.54667 45.45305 14.54659 45.4519 14.54576 45.45092 14.5453 45.44949 14.54404 45.44919 14.54261 45.4479 14.54195 45.4468 14.54141 45.44607 14.54062 45.44517 14.53985 45.44445 14.53882 45.44339 14.53803 45.44217 14.53773 45.44096 14.53713 45.43984 14.53639 45.43809 14.5351 45.43729 14.53483 45.43691 14.5347 45.43623 14.53465 45.43569 14.53512 45.43547 14.53538 45.43519 14.53542 45.4347 14.53554 45.43441 14.53545 45.43433 14.53513 45.43377 14.53488 45.43318 14.53486 45.43271 14.53498 45.4326 14.53515 45.43212 14.53548 45.43177 14.53564 45.43154 14.53568 45.43106 14.53516 45.43071 14.53474 45.43012 14.53422 45.42935 14.53368 45.4283 14.53311 45.42738 14.53258 45.42662 14.53167 45.42589 14.53036 45.42521 14.52962 45.4243 14.52958 45.4234 14.53006 45.42285 14.52991 45.4223 14.52925 45.42215 14.52817 45.42248 14.52675 45.42223 14.52589 45.4222 14.52577 45.42142 14.52465 45.42057 14.52357 45.42052 14.52258 45.42024 14.52194 45.42005 14.52057 45.41982 14.5197 45.4192 14.51869 45.41925 14.51761 45.41922 14.51759 45.41893 14.51734 45.41876 14.5172 45.41872 14.51716 45.41798 14.51721 45.41712 14.51642 45.41646 14.51614 45.41585 14.51562 45.41517 14.51526 45.41509 14.51495 45.41511 14.51357 45.41509 14.51341 45.41506 14.51322 45.4149 14.51213 45.41436 14.51049 45.41368 14.50951 45.41287 14.50847 45.41247 14.5075 45.41227 14.507 45.41149 14.50631 45.41079 14.50709 45.4103 14.5071 45.40976 14.50627 45.40978 14.50554 45.40988 14.5046 45.40989 14.50452 45.4099 14.50435 45.40995 14.50375 45.40964 14.50384 45.40937 14.50391 45.40871 14.50376 45.408 14.50275 45.40718 14.50192 45.40726 14.50157 45.40721 14.50011 45.40734 14.49855 45.40718 14.49833 45.40675 14.49776 45.40569 14.49749 45.40463 14.49626 45.40423 14.49561 45.40398 14.49532 45.40362 14.4949 45.4034 14.49349 45.40312 14.49228 45.40235 14.49096 45.40171 14.48972 45.40062 14.48871 45.39939 14.48783 45.39823 14.48573 45.39801 14.48527 45.39719 14.48602 45.39658 14.48701 45.39589 14.48786 45.39528 14.48848 45.39514 14.48827 45.39474 14.48871 45.39431 14.48928 45.3937 14.49045 45.39302 14.49136 45.39262 14.49182 45.39232 14.49207 45.39181 14.49248 45.39074 14.49307 45.38967 14.49434 45.38902 14.49502 45.38865 14.49532 45.38782 14.49598 45.38696 14.49651 45.38684 14.49659 45.38555 14.49685 45.38437 14.49712 45.38326 14.49754 45.38172 14.49781 45.38082 14.49799 45.38012 14.49808 45.37983 14.4973 45.37945 14.49673 45.37899 14.49617 45.3787 14.49532 45.37858 14.4945 45.37862 14.49367 45.37864 14.49355 45.37867 14.4934 45.37871 14.49312 45.37834 14.49246 45.37793 14.49199 45.37734 14.49163 45.37647 14.49119 45.37644 14.48981 45.37633 14.48726 45.37618 14.48359 45.37616 14.48283 45.37608 14.48201 45.37551 14.48052 45.37546 14.48035 45.37535 14.48001 45.3751 14.47934 45.37485 14.4787 45.37486 14.47791 45.37485 14.47761 45.37483 14.47727 45.37451 14.47633 45.37511 14.47547 45.37506 14.47537 45.37481 14.47478 45.37437 14.47366 45.37507 14.47302 45.37605 14.47274 45.37689 14.47239 45.37775 14.47196 45.3784 14.47146 45.37888 14.47098 45.37966 14.4705 45.38036 14.47022 45.38081 14.46998 45.3811 14.46982 45.38109 14.46962 45.38106 14.46906 45.38083 14.46824 45.38024 14.46793 45.37977 14.4678 45.37955 14.46769 45.37933 14.46751 45.379 14.46818 45.37876 14.46799 45.37855 14.4682 45.37823 14.46792 45.37833 14.46765 45.37827 14.46732 45.37874 14.46691 45.37876 14.46685 45.3789 14.46634 45.37889 14.46633 45.37889 14.46631 45.37888 14.4663 45.37871 14.46575 45.3788 14.46532 45.37898 14.46495 45.37916 14.46431 45.37956 14.46306 45.37985 14.46185 45.38008 14.46096 45.3801 14.46051 45.38029 14.46027 45.38043 14.4601 45.38053 14.45937 45.38104 14.4587 45.38104 14.45818 45.38103 14.45814 45.38088 14.45766 45.38045 14.45688 45.3797 14.4567 45.37943 14.45637 45.37919 14.45522 45.37899 14.45423 45.37906 14.45319 45.37899 14.45307 45.37878 14.45267 45.37815 14.45208 45.37777 14.45164 45.37846 14.45035 45.37792 14.45015 45.37748 14.44952 45.3774 14.44941 45.37758 14.44884 45.37788 14.44801 45.37587 14.44704 45.37545 14.4465 45.37541 14.44597 45.37542 14.44589 45.37548 14.4453 45.37545 14.44512 45.3754 14.44476 45.37489 14.44454 45.37441 14.44434 45.37417 14.44399 45.37386 14.4435 45.37353 14.44297 45.37355 14.44244 45.3734 14.44202 45.3732 14.44224 45.37282 14.4423 45.37246 14.44221 45.37212 14.44267 45.37185 14.44302 45.37145 14.44301 45.37144 14.44199 45.37132 14.44102 45.37 14.44144 45.36911 14.44171 45.36796 14.44287 45.3672 14.44257 45.36665 14.44243 45.36605 14.44267 45.36559 14.44335 45.36517 14.44379 45.36465 14.44452 45.3643 14.4447 45.3638 14.44508 45.36309 14.44506 45.3622 14.44554 45.36185 14.44599 45.36152 14.4464 45.36107 14.44637 45.36048 14.44606 45.35988 14.44577 45.35931 14.4459 45.35895 14.44638 45.35869 14.44672 45.35812 14.44728 45.35818 14.44794 45.35816 14.44849 45.35832 14.44903 45.35846 14.44943 45.35855 14.45003 45.35857 14.45067 45.35861 14.45117 45.35876 14.45177 45.35883 14.45216 45.35886 14.45252 45.35897 14.45292 45.35951 14.45268 45.35987 14.45258 45.36016 14.45277 45.36053 14.45323 45.36087 14.45371 45.36128 14.45423 45.36145 14.45459 45.36143 14.45483 45.36141 14.45499 45.36133 14.45538 45.36123 14.45581 45.36128 14.45632 45.36135 14.45657 45.36136 14.45662 45.36128 14.45673 45.36093 14.45722 45.36087 14.45732 45.36044 14.45767 45.35988 14.45834 45.35931 14.45898 45.35881 14.45961 45.35823 14.46028 45.35772 14.4608 45.35749 14.46084 45.35729 14.46113 45.357 14.46092 45.35672 14.46073 45.35668 14.4616 45.35663 14.46219 45.35654 14.46294 45.35648 14.46348 45.35667 14.46366 45.35686 14.46362 45.35717 14.46352 45.35743 14.46385 45.35759 14.46427 45.35781 14.4649 45.35819 14.46524 45.35822 14.46568 45.35828 14.4664 45.35831 14.46661 45.35834 14.46678 45.35835 14.46685 45.35836 14.46692 45.35835 14.46714 45.35834 14.46745 45.35832 14.46792 45.35826 14.46857 45.35803 14.46899 45.3574 14.4696 45.35703 14.47007 45.35651 14.47078 45.3562 14.47109 45.3558 14.47136 45.35523 14.47165 45.35479 14.47185 45.35384 14.47227 45.35286 14.47288 45.352 14.47318 45.3512 14.47338 45.35034 14.47347 45.34951 14.47374 45.3494 14.474 45.34925 14.47382 45.34866 14.474 45.34858 14.47382 45.3485 14.47362 45.3482 14.47345 45.34788 14.47343 45.34768 14.47341 45.34676 14.47377 45.34572 14.47409 45.34519 14.47435 45.345 14.47445 45.3448 14.47451 45.34462 14.47472 45.34454 14.4751 45.3446 14.47537 45.3447 14.47574 45.34473 14.47583 45.34476 14.47591 45.34477 14.47591 45.34477 14.47593 45.34477 14.47625 45.34466 14.4763 45.34448 14.47622 45.34432 14.47595 45.34402 14.47555 45.34303 14.47619 45.34204 14.47845 45.34156 14.47961 45.34103 14.48052 45.34025 14.4815 45.33977 14.48223 45.33938 14.48291 45.33905 14.48287 45.33825 14.4829 45.33772 14.48315 45.33696 14.48387 45.33611 14.48444 45.33545 14.48491 45.33474 14.48525 45.33547 14.48641 45.33591 14.48698 45.33634 14.48749 45.33679 14.48803 45.3371 14.48834 45.33749 14.48863 45.33763 14.48892 45.33775 14.48935 45.33802 14.48992 45.33819 14.4905 45.33847 14.49088 45.3389 14.49151 45.33914 14.49201 45.3394 14.49265 45.3396 14.49321 45.33989 14.49408 45.34026 14.49533 45.34103 14.49689 45.34202 14.49909 45.3426 14.5005 45.34318 14.5021 45.34291 14.5024 45.34278 14.50253 45.34264 14.5029 45.3427 14.50333 45.34277 14.50385 45.34291 14.50411 45.34315 14.5044 45.34339 14.50456 45.34364 14.50452 45.34382 14.50429 45.34403 14.5038 45.34463 14.50496 45.34509 14.50596 45.34561 14.50727 45.3462 14.50872 45.34659 14.50963 45.34692 14.51084 45.3472 14.51191 45.34757 14.51264 45.34798 14.51309 45.3485 14.51376 45.34886 14.51424 45.34944 14.51485 45.34983 14.51547 45.35019 14.51589 45.35071 14.51644 45.35173 14.51741 45.3523 14.51815 45.35255 14.51842 45.35306 14.51931 45.35352 14.51965 45.35393 14.5199 45.35434 14.52031 45.35487 14.52063 45.35523 14.52117 45.35537 14.52183 45.35543 14.52272 45.35548 14.52345 45.3555 14.52419 45.35561 14.52457 45.3559 14.52517 45.35625 14.5258 45.35665 14.52641 45.3571 14.52692 45.35755 14.52755 45.35782 14.52824 45.35804 14.52912 45.35846 14.53032 45.35859 14.53126 45.35901 14.53246 45.35908 14.53304 45.35953 14.53444 45.36001 14.53574 45.36012 14.53677 45.36023 14.53792 45.36039 14.53889 45.36044 14.53924 45.36048 14.53948 45.36052 14.53969 45.36038 14.54012 45.36026 14.5405 45.36017 14.54079 45.36 14.54178 45.35963 14.54335 45.35947 14.54496 45.35869 14.54605 45.35888 14.54746 45.35956 14.5488 45.35962 14.54933 45.35966 14.5497 45.35962 14.54996 45.35958 14.55023 45.35939 14.55131 45.35876 14.55196 45.35852 14.55306 45.35898 14.55477 45.35963 14.55618 45.36026 14.55732 45.36089 14.55821 45.36152 14.55902 45.36242 14.56063 45.36266 14.56148 45.36351 14.56299 45.3639 14.5639 45.36524 14.56653 45.36705 14.57031 45.3676 14.57146 45.36852 14.57318 45.37011 14.57507 45.37087 14.5773 45.37109 14.57859 45.37194 14.57977 45.37204 14.58051 45.37282 14.58118 45.37281 14.58126 45.37277 14.58162 45.37257 14.58311 45.37246 14.58403 45.37287 14.58548 45.37328 14.58668 45.37368 14.5875 45.37453 14.58812 45.3751 14.58835 45.37549 14.58873 45.37594 14.58918 45.37597 14.58921 45.37609 14.58933 45.37616 14.5894 45.37585 14.59008 45.37601 14.59101 45.37631 14.59199 45.3767 14.59283 45.37755 14.59376 45.37812 14.59444 45.37841 14.59546 45.37945 14.59622 45.38009 14.59634 45.38069 14.59654 45.38112 14.59708 45.38157 14.59764 45.38186 14.59743 45.38247 14.59785 45.38313 14.59713 45.38353 14.59692 45.38472 14.59754 45.38672 14.59857 45.39465 14.60258 45.40232 14.60647 45.41167 14.61126 45.42105 14.61609 45.43038 14.62081 45.43126 14.62126 45.42968 14.60904 45.43273 14.59035 45.43409 14.58666 45.43421 14.58632 45.43425 14.58623 45.43414 14.58565 45.44123 14.57911</gml:posList>
                        </gml:LinearRing>
                      </gml:exterior>
                    </gml:Polygon>
                  </gml:surfaceMember>
                  <gml:surfaceMember>
                    <gml:Polygon gml:id="MEDIA_MONITORED_CILJ_ID_1_POLUTANT_1_MODEL_39">
                      <gml:exterior>
                        <gml:LinearRing>
                          <gml:posList srsDimension="2">45.40033 14.37011 45.40059 14.37003 45.40085 14.36995 45.40094 14.36993 45.40094 14.36958 45.40082 14.3696 45.40012 14.36906 45.3998 14.3679 45.39981 14.36714 45.39958 14.36638 45.39995 14.36506 45.40011 14.36428 45.40021 14.3639 45.40033 14.3635 45.40046 14.36304 45.40038 14.3627 45.40036 14.36259 45.40027 14.36219 45.40031 14.36115 45.40055 14.35997 45.4004 14.35964 45.4001 14.35896 45.40015 14.35821 45.39995 14.35806 45.39981 14.35795 45.3995 14.35772 45.39865 14.35802 45.39858 14.35724 45.39895 14.35679 45.39923 14.35645 45.39899 14.35549 45.39932 14.35461 45.39902 14.35361 45.39839 14.3537 45.39769 14.35355 45.39692 14.35344 45.3962 14.35335 45.39547 14.35326 45.39476 14.35318 45.39397 14.35285 45.39362 14.35198 45.39395 14.35094 45.39338 14.35097 45.39304 14.35 45.39252 14.34927 45.39218 14.34824 45.39287 14.3471 45.39281 14.34665 45.39278 14.34637 45.39259 14.34544 45.39326 14.34423 45.39331 14.34347 45.39332 14.34323 45.39305 14.34326 45.39287 14.34328 45.39281 14.34328 45.39246 14.34332 45.39157 14.34376 45.39102 14.34364 45.39069 14.34279 45.38984 14.34249 45.38947 14.3414 45.38886 14.34139 45.38815 14.3413 45.38741 14.34173 45.38703 14.34094 45.38651 14.34081 45.38588 14.34034 45.38524 14.3394 45.38454 14.33895 45.38444 14.33875 45.38399 14.33791 45.38367 14.33745 45.38325 14.33719 45.38293 14.337 45.3822 14.33503 45.38161 14.33352 45.38088 14.33188 45.38049 14.33204 45.38023 14.33149 45.37979 14.33126 45.37929 14.33127 45.37885 14.33073 45.37841 14.33003 45.3776 14.32886 45.37739 14.3279 45.37699 14.3272 45.37667 14.32723 45.37614 14.32729 45.37566 14.32686 45.37532 14.32654 45.3753 14.32652 45.37457 14.32617 45.37424 14.32597 45.37375 14.32598 45.37328 14.32587 45.37259 14.32594 45.37216 14.32573 45.37199 14.32564 45.37187 14.32498 45.37094 14.32472 45.37013 14.32448 45.36964 14.32479 45.36928 14.32508 45.36906 14.32525 45.36907 14.32527 45.37006 14.32654 45.36994 14.32748 45.36964 14.32753 45.36921 14.32764 45.36892 14.32763 45.36857 14.32748 45.36853 14.32785 45.36847 14.32839 45.36839 14.32903 45.36851 14.32947 45.36853 14.33005 45.36878 14.33066 45.36883 14.33096 45.36887 14.33121 45.36874 14.33142 45.36846 14.33185 45.36853 14.33227 45.36844 14.33252 45.3683 14.3329 45.36799 14.33322 45.36792 14.33373 45.36828 14.33475 45.36819 14.33524 45.36813 14.33587 45.36835 14.33705 45.36836 14.3371 45.36837 14.33722 45.36839 14.33729 45.36842 14.3375 45.36829 14.33835 45.36813 14.33923 45.36798 14.34045 45.36792 14.341 45.36768 14.34187 45.36779 14.34217 45.36776 14.34271 45.36775 14.34274 45.36754 14.34299 45.36746 14.34382 45.3675 14.34382 45.36762 14.34383 45.36775 14.34387 45.36785 14.34389 45.36786 14.34392 45.36786 14.34394 45.3679 14.3441 45.36779 14.34434 45.3677 14.34454 45.36743 14.3443 45.36731 14.3442 45.36724 14.34414 45.36718 14.34392 45.36678 14.34395 45.36648 14.34292 45.36625 14.34276 45.36592 14.34219 45.36566 14.34097 45.36546 14.34026 45.36525 14.33935 45.36544 14.33859 45.36542 14.33851 45.36529 14.33807 45.36528 14.33804 45.36503 14.33765 45.36487 14.3375 45.36476 14.33798 45.36441 14.33813 45.36422 14.33791 45.36383 14.33766 45.36325 14.33741 45.36248 14.33755 45.36163 14.33752 45.36106 14.33755 45.36018 14.3376 45.35996 14.33802 45.35972 14.33846 45.35893 14.34033 45.35727 14.34362 45.35651 14.34544 45.35567 14.34715 45.35523 14.34807 45.35497 14.34887 45.35499 14.34962 45.35479 14.35062 45.35464 14.35167 45.35463 14.3527 45.35435 14.3537 45.35402 14.35452 45.35372 14.35493 45.35333 14.35566 45.35265 14.35709 45.35308 14.35701 45.3536 14.35682 45.35407 14.35678 45.35501 14.35672 45.3551 14.35665 45.35555 14.35633 45.35573 14.35615 45.35601 14.35595 45.35632 14.35578 45.35677 14.35585 45.35732 14.35598 45.3577 14.35598 45.35824 14.35593 45.3586 14.35597 45.35881 14.35606 45.35893 14.3561 45.35904 14.35624 45.35905 14.35625 45.35916 14.35653 45.35916 14.35658 45.35917 14.35665 45.35918 14.35675 45.35919 14.35685 45.35917 14.35699 45.35914 14.35718 45.35896 14.35737 45.3588 14.35758 45.35864 14.35771 45.35879 14.35818 45.35912 14.35805 45.35913 14.35821 45.35934 14.35826 45.35952 14.35829 45.35962 14.35831 45.35958 14.35838 45.35956 14.35841 45.3595 14.35853 45.35926 14.35877 45.35891 14.35882 45.35864 14.35895 45.35831 14.35932 45.35826 14.3596 45.35841 14.36005 45.35855 14.36017 45.35863 14.36025 45.35898 14.36059 45.35926 14.36096 45.35936 14.36111 45.35943 14.36121 45.35934 14.36156 45.35942 14.36172 45.35974 14.36238 45.3596 14.36259 45.35938 14.36292 45.35934 14.36351 45.35923 14.36391 45.35922 14.36452 45.35927 14.36485 45.35931 14.36517 45.35931 14.36524 45.35926 14.36573 45.35922 14.36627 45.35968 14.36675 45.36004 14.36733 45.36036 14.36756 45.36094 14.3677 45.36096 14.36794 45.36096 14.36795 45.36097 14.36796 45.36094 14.36807 45.36089 14.36828 45.36091 14.36848 45.36128 14.36871 45.36174 14.36884 45.36209 14.36935 45.36241 14.36987 45.36258 14.37011 45.36287 14.37032 45.36317 14.37013 45.36347 14.3696 45.36371 14.36911 45.36367 14.36954 45.36377 14.36987 45.36402 14.37041 45.36424 14.3704 45.36429 14.37024 45.3645 14.36991 45.36512 14.36943 45.36537 14.36905 45.36569 14.3688 45.36577 14.36847 45.36599 14.36808 45.36613 14.36822 45.36658 14.36836 45.36709 14.36843 45.36744 14.36837 45.36854 14.36787 45.36911 14.3677 45.36945 14.36784 45.3697 14.36773 45.36993 14.3674 45.37133 14.36708 45.3717 14.36808 45.37219 14.36705 45.3735 14.36728 45.37424 14.36735 45.37514 14.36723 45.37547 14.36722 45.37597 14.36778 45.37666 14.36734 45.37794 14.36668 45.37858 14.36647 45.37884 14.36614 45.37968 14.3655 45.38005 14.36494 45.38055 14.36436 45.38091 14.36377 45.38157 14.36345 45.38154 14.36558 45.38201 14.36617 45.3823 14.36663 45.38241 14.36683 45.38242 14.36759 45.38254 14.3685 45.38262 14.36952 45.38287 14.37031 45.38315 14.37097 45.38353 14.37137 45.38415 14.37161 45.38458 14.37099 45.38484 14.37063 45.38519 14.37093 45.38577 14.37137 45.3866 14.37145 45.38695 14.37144 45.38731 14.37133 45.38745 14.37065 45.38758 14.37001 45.38785 14.36969 45.38817 14.36941 45.38839 14.3693 45.38844 14.36971 45.38853 14.36998 45.38882 14.3703 45.38931 14.37029 45.3898 14.37036 45.38981 14.37102 45.39003 14.37099 45.39027 14.37157 45.39036 14.37217 45.39077 14.37275 45.3915 14.37268 45.39202 14.3727 45.39231 14.37235 45.39236 14.37176 45.39241 14.37108 45.39294 14.37087 45.39326 14.37084 45.39371 14.37117 45.39408 14.37165 45.39437 14.37203 45.39542 14.37228 45.39599 14.37219 45.39665 14.37231 45.39721 14.37219 45.39733 14.37167 45.39741 14.37127 45.39778 14.3711 45.39822 14.37099 45.39857 14.37108 45.3989 14.37077 45.39966 14.37041 45.40033 14.37011</gml:posList>
                        </gml:LinearRing>
                      </gml:exterior>
                    </gml:Polygon>
                  </gml:surfaceMember>
                  <gml:surfaceMember>
                    <gml:Polygon gml:id="MEDIA_MONITORED_CILJ_ID_1_POLUTANT_1_MODEL_40">
                      <gml:exterior>
                        <gml:LinearRing>
                          <gml:posList srsDimension="2">45.29972 14.27616 45.29998 14.27571 45.30024 14.27536 45.30052 14.27509 45.30074 14.27486 45.30109 14.27468 45.30171 14.27086 45.30359 14.27088 45.30427 14.27089 45.30446 14.27054 45.30396 14.27019 45.30359 14.26953 45.30328 14.26848 45.30226 14.26791 45.30127 14.26738 45.30058 14.26667 45.30035 14.26646 45.30009 14.26623 45.29987 14.2659 45.29952 14.2655 45.29809 14.26471 45.29752 14.26459 45.29699 14.2644 45.29736 14.26279 45.29753 14.26189 45.29767 14.26081 45.29767 14.26005 45.29767 14.25965 45.29761 14.25893 45.29758 14.25862 45.29757 14.25854 45.29739 14.25741 45.2975 14.25668 45.29749 14.25631 45.29748 14.25604 45.29746 14.25522 45.29733 14.25407 45.29736 14.252 45.29716 14.2508 45.29711 14.25049 45.29706 14.24995 45.29713 14.24903 45.2973 14.24837 45.29765 14.24667 45.29768 14.24553 45.29772 14.24521 45.29734 14.24507 45.29508 14.24423 45.29527 14.24283 45.29533 14.24211 45.29532 14.23977 45.29536 14.23901 45.29545 14.23537 45.2957 14.23347 45.29579 14.23214 45.2961 14.23009 45.29629 14.22904 45.29634 14.22827 45.2965 14.22721 45.29664 14.22669 45.29684 14.22616 45.29709 14.22608 45.29753 14.22608 45.298 14.22622 45.29951 14.22685 45.30011 14.22692 45.3002 14.22675 45.3003 14.22645 45.30054 14.22607 45.30081 14.22547 45.3011 14.22461 45.30157 14.22351 45.30232 14.221 45.30257 14.22068 45.30273 14.22027 45.30282 14.21999 45.30284 14.21857 45.30285 14.21843 45.30288 14.21805 45.30289 14.21793 45.30289 14.21791 45.30287 14.21774 45.30284 14.21755 45.30283 14.21745 45.3028 14.2164 45.3028 14.2163 45.30283 14.2155 45.30289 14.21406 45.30288 14.21401 45.30287 14.21393 45.30277 14.21305 45.30276 14.2118 45.30284 14.21088 45.30177 14.20968 45.30137 14.209 45.30011 14.20726 45.29956 14.20665 45.29895 14.20577 45.29775 14.2044 45.29735 14.2043 45.29669 14.20434 45.29594 14.20417 45.29527 14.20411 45.29336 14.20406 45.29251 14.20386 45.29194 14.20388 45.29129 14.20384 45.291 14.20371 45.29066 14.20372 45.29025 14.20361 45.28939 14.20358 45.28853 14.2034 45.28821 14.20324 45.28769 14.20308 45.28615 14.20206 45.28505 14.2019 45.28374 14.20175 45.28268 14.20154 45.28037 14.2012 45.27961 14.20129 45.27896 14.20101 45.27841 14.20086 45.27777 14.19991 45.27683 14.1986 45.27628 14.19755 45.27592 14.19704 45.27529 14.19702 45.27503 14.19711 45.27478 14.19718 45.27474 14.19721 45.27451 14.19736 45.27408 14.19769 45.27393 14.19781 45.27387 14.19788 45.27374 14.19804 45.27372 14.19816 45.27369 14.19833 45.27353 14.19874 45.27346 14.19915 45.27323 14.19969 45.27307 14.19986 45.27305 14.19988 45.27269 14.20013 45.27232 14.20025 45.27225 14.20027 45.27208 14.20033 45.27198 14.20045 45.27195 14.20049 45.2719 14.20059 45.27183 14.20076 45.27168 14.20108 45.27162 14.20112 45.27143 14.20126 45.2713 14.20132 45.27122 14.20136 45.27117 14.20141 45.27106 14.20153 45.27075 14.20198 45.27058 14.20223 45.27029 14.20271 45.26998 14.20323 45.26994 14.20329 45.26977 14.20352 45.26941 14.20382 45.26929 14.20397 45.26918 14.2041 45.26905 14.20424 45.26899 14.20453 45.26897 14.20474 45.26896 14.2049 45.2691 14.20724 45.26913 14.2076 45.26939 14.20885 45.26963 14.20953 45.26975 14.21014 45.27015 14.21127 45.27041 14.21237 45.27128 14.2151 45.27129 14.21512 45.2713 14.21517 45.27134 14.21534 45.27155 14.21631 45.2717 14.21744 45.27185 14.21815 45.27189 14.2193 45.27189 14.21946 45.2719 14.21991 45.27192 14.22057 45.2719 14.22074 45.27188 14.22093 45.27186 14.22231 45.27169 14.2235 45.27162 14.22449 45.27151 14.22541 45.27124 14.22656 45.27127 14.22696 45.27125 14.22697 45.27121 14.22701 45.27098 14.2272 45.27089 14.22727 45.27078 14.22737 45.26954 14.2283 45.2687 14.22932 45.26821 14.22985 45.26767 14.23023 45.26734 14.23063 45.26708 14.23104 45.2668 14.23132 45.26601 14.23231 45.26562 14.23307 45.26517 14.23384 45.26467 14.23575 45.26412 14.23835 45.2641 14.23923 45.2641 14.23925 45.2641 14.23941 45.26413 14.24007 45.2641 14.24022 45.2641 14.24026 45.26409 14.24032 45.26396 14.24117 45.26394 14.24131 45.2637 14.24239 45.26356 14.24301 45.26302 14.24479 45.2628 14.24524 45.26269 14.24601 45.26246 14.24663 45.26234 14.24721 45.2621 14.24766 45.26193 14.24818 45.26162 14.24899 45.26107 14.24989 45.2608 14.25047 45.26071 14.25131 45.26047 14.25256 45.26044 14.2534 45.26045 14.25362 45.26047 14.25418 45.26049 14.25441 45.26048 14.25462 45.26046 14.25498 45.26059 14.25655 45.26074 14.25727 45.2608 14.25779 45.26094 14.2584 45.26095 14.25843 45.26095 14.25845 45.26096 14.25846 45.26097 14.25853 45.26107 14.25876 45.26118 14.25997 45.26135 14.26042 45.26266 14.26153 45.26331 14.26194 45.26402 14.26248 45.26417 14.2626 45.26428 14.2627 45.26471 14.26307 45.26474 14.26309 45.26477 14.26335 45.26479 14.26349 45.26479 14.26373 45.26474 14.2642 45.26464 14.26522 45.26471 14.26531 45.26476 14.26549 45.26477 14.26625 45.26479 14.26648 45.26484 14.2667 45.26501 14.26732 45.26501 14.26755 45.26507 14.26766 45.26517 14.26778 45.26528 14.26807 45.26548 14.26846 45.26552 14.26884 45.26558 14.26898 45.2657 14.26922 45.26576 14.2695 45.26589 14.26983 45.26605 14.27003 45.2665 14.27033 45.2667 14.27064 45.26683 14.27097 45.26694 14.27112 45.26708 14.27122 45.26726 14.27122 45.26744 14.27111 45.26755 14.27102 45.26763 14.27085 45.26764 14.27068 45.26765 14.27052 45.26773 14.27032 45.26787 14.27011 45.26796 14.26981 45.26801 14.26958 45.26806 14.26942 45.26814 14.26929 45.26826 14.26922 45.26878 14.26923 45.26898 14.26926 45.26946 14.2693 45.26968 14.26939 45.26983 14.26942 45.27006 14.26949 45.27026 14.26952 45.27044 14.26957 45.2708 14.26973 45.27109 14.26997 45.27134 14.27022 45.27145 14.27036 45.27149 14.27047 45.27151 14.27062 45.27151 14.27081 45.27148 14.27099 45.27135 14.27132 45.27127 14.27148 45.27116 14.27162 45.27102 14.27126 45.27093 14.27134 45.27101 14.2717 45.27099 14.27181 45.27137 14.27189 45.27143 14.27191 45.27151 14.27201 45.27159 14.27241 45.27169 14.27259 45.27175 14.27269 45.27188 14.27271 45.27196 14.27269 45.27202 14.27266 45.27209 14.27252 45.27217 14.27245 45.27227 14.27247 45.27233 14.27255 45.27281 14.27255 45.27288 14.27254 45.27295 14.27249 45.27315 14.27221 45.27333 14.27211 45.2735 14.27208 45.27369 14.2722 45.27388 14.27238 45.27418 14.27248 45.27424 14.27253 45.27443 14.27255 45.27471 14.27276 45.27481 14.27278 45.27598 14.27276 45.27627 14.2728 45.27654 14.27291 45.27694 14.27311 45.2773 14.27328 45.27749 14.27328 45.27759 14.27325 45.27787 14.27295 45.27809 14.27284 45.27827 14.27283 45.27836 14.27288 45.27851 14.27301 45.27858 14.27301 45.2787 14.27283 45.27881 14.2728 45.27895 14.27295 45.27904 14.27298 45.27926 14.27282 45.27939 14.27279 45.27973 14.27279 45.28018 14.27286 45.28023 14.27283 45.28059 14.27258 45.28062 14.27254 45.28068 14.27255 45.28075 14.27268 45.28084 14.27267 45.28095 14.27265 45.28104 14.27257 45.28111 14.27257 45.28117 14.27264 45.28124 14.27275 45.28154 14.27268 45.28162 14.27269 45.28169 14.27274 45.28181 14.27283 45.28185 14.27289 45.28184 14.273 45.28189 14.27307 45.28204 14.27317 45.28207 14.27319 45.28214 14.27321 45.28223 14.27317 45.28232 14.27319 45.28241 14.27328 45.28252 14.27344 45.28267 14.27354 45.28283 14.27352 45.28292 14.27344 45.283 14.27328 45.28307 14.27312 45.28311 14.27305 45.28318 14.27308 45.28326 14.27326 45.28339 14.27337 45.2835 14.27342 45.28363 14.2734 45.28387 14.27335 45.28398 14.27342 45.28407 14.27356 45.28411 14.27358 45.28417 14.27359 45.28425 14.27357 45.28438 14.2736 45.28454 14.27365 45.28472 14.27372 45.28495 14.27369 45.2851 14.27356 45.28542 14.27355 45.28562 14.27353 45.2857 14.27358 45.28582 14.27373 45.28592 14.27376 45.28599 14.27375 45.28607 14.27381 45.28618 14.27391 45.2863 14.2739 45.28636 14.27383 45.28637 14.27375 45.28639 14.27365 45.28649 14.2735 45.28662 14.27347 45.28676 14.27349 45.2869 14.27357 45.287 14.27367 45.28707 14.27383 45.28711 14.27405 45.28715 14.27421 45.28717 14.27428 45.28719 14.27438 45.28715 14.27458 45.28718 14.27468 45.2873 14.27483 45.28739 14.27506 45.28752 14.27514 45.28779 14.27519 45.28786 14.27525 45.28791 14.27533 45.28792 14.27535 45.288 14.27536 45.28813 14.27533 45.28823 14.27538 45.28833 14.27543 45.28846 14.27555 45.28858 14.27556 45.28871 14.27568 45.28889 14.27573 45.28905 14.27596 45.28911 14.27599 45.28923 14.27598 45.28932 14.27606 45.28941 14.27606 45.28948 14.27601 45.2897 14.27603 45.28991 14.27634 45.29005 14.27635 45.2901 14.27638 45.29016 14.27644 45.29017 14.27654 45.29021 14.27669 45.29027 14.27679 45.29036 14.27693 45.29044 14.27711 45.29048 14.27727 45.29051 14.27744 45.29051 14.27757 45.29044 14.27774 45.29032 14.27791 45.2902 14.27803 45.29007 14.27808 45.28991 14.2781 45.28978 14.27809 45.28966 14.27809 45.28967 14.27829 45.29053 14.27827 45.29056 14.27865 45.29056 14.2787 45.29117 14.27865 45.29118 14.27829 45.29111 14.27828 45.29111 14.27815 45.29118 14.27815 45.29118 14.27802 45.29112 14.27789 45.29112 14.27739 45.29114 14.27738 45.29118 14.2774 45.29123 14.27742 45.29142 14.27759 45.29125 14.27779 45.29132 14.27793 45.29146 14.27777 45.29184 14.27774 45.29197 14.2777 45.29218 14.27757 45.29238 14.27751 45.29254 14.27756 45.2927 14.27755 45.29278 14.2776 45.29284 14.2777 45.29294 14.27765 45.29297 14.2777 45.29296 14.27776 45.29288 14.2778 45.29286 14.27793 45.29292 14.278 45.29299 14.278 45.29313 14.27792 45.29324 14.27792 45.2933 14.27789 45.29336 14.27781 45.29343 14.27769 45.29348 14.27752 45.29376 14.2774 45.29399 14.27756 45.29416 14.27753 45.29432 14.2775 45.29455 14.27747 45.29471 14.27752 45.29491 14.27752 45.29518 14.27751 45.29541 14.27748 45.29558 14.27738 45.29577 14.27735 45.29588 14.27724 45.29597 14.27715 45.2961 14.27717 45.29628 14.27727 45.29676 14.27727 45.29707 14.27721 45.2972 14.27729 45.29732 14.27749 45.2974 14.27754 45.2977 14.27753 45.29795 14.27776 45.29802 14.27793 45.29828 14.27827 45.29832 14.27837 45.29834 14.27855 45.2983 14.27889 45.29834 14.27905 45.29838 14.27909 45.29841 14.27916 45.29841 14.27923 45.29843 14.27937 45.29849 14.27954 45.29867 14.27974 45.29881 14.27974 45.29887 14.27962 45.29894 14.27958 45.29898 14.27961 45.29901 14.27976 45.2991 14.27982 45.29913 14.27992 45.29908 14.28 45.29908 14.28007 45.29912 14.28012 45.29936 14.28014 45.29947 14.28023 45.29955 14.28037 45.29963 14.28057 45.29967 14.2808 45.29976 14.28098 45.29994 14.28102 45.30017 14.28089 45.30026 14.28089 45.30039 14.28104 45.30055 14.28129 45.30084 14.28163 45.30109 14.28183 45.30163 14.28201 45.30167 14.28172 45.30176 14.28135 45.30212 14.28042 45.30221 14.27986 45.30212 14.27968 45.30206 14.27956 45.30137 14.27925 45.3007 14.27909 45.30047 14.27881 45.30028 14.2785 45.30008 14.27798 45.29999 14.27771 45.29985 14.27726 45.29988 14.27714 45.30007 14.27705 45.30008 14.27698 45.30009 14.27692 45.30009 14.27687 45.30009 14.27682 45.30003 14.27663 45.29974 14.27654 45.29967 14.27641 45.29972 14.27616</gml:posList>
                        </gml:LinearRing>
                      </gml:exterior>
                    </gml:Polygon>
                  </gml:surfaceMember>
                  <gml:surfaceMember>
                    <gml:Polygon gml:id="MEDIA_MONITORED_CILJ_ID_1_POLUTANT_1_MODEL_41">
                      <gml:exterior>
                        <gml:LinearRing>
                          <gml:posList srsDimension="2">45.39075 14.20201 45.39154 14.19325 45.39166 14.1917 45.39187 14.1902 45.39208 14.18875 45.38889 14.18568 45.38577 14.18253 45.38374 14.18366 45.37875 14.18582 45.37686 14.18653 45.37679 14.18655 45.37672 14.18712 45.37658 14.18786 45.37394 14.1927 45.3727 14.1958 45.37118 14.19922 45.37006 14.20194 45.36873 14.20256 45.3678 14.20266 45.35747 14.20332 45.34762 14.20385 45.3465 14.20397 45.34579 14.20448 45.34397 14.20521 45.34215 14.20583 45.33948 14.20736 45.33562 14.20992 45.33255 14.21226 45.32872 14.21459 45.32735 14.21525 45.32759 14.21306 45.32814 14.21017 45.32879 14.20607 45.32895 14.20432 45.32884 14.20322 45.3282 14.20214 45.32698 14.2004 45.32455 14.19623 45.32372 14.1953 45.32324 14.19513 45.32231 14.19479 45.32119 14.19449 45.31844 14.19408 45.31801 14.1938 45.31767 14.19344 45.31686 14.19228 45.31622 14.1911 45.31553 14.19052 45.31317 14.18916 45.31274 14.18853 45.31162 14.18793 45.3093 14.18703 45.30755 14.18661 45.30611 14.18606 45.30371 14.18598 45.30179 14.18632 45.29985 14.18635 45.29891 14.18653 45.29665 14.18705 45.29514 14.18735 45.29372 14.18819 45.29266 14.18876 45.29201 14.18906 45.29103 14.18915 45.28954 14.18901 45.28817 14.18867 45.28559 14.18793 45.28508 14.1877 45.28413 14.18818 45.28307 14.18834 45.28213 14.18839 45.2817 14.1886 45.28036 14.18947 45.27797 14.19116 45.2759 14.1927 45.27522 14.19343 45.27504 14.19347 45.27504 14.19403 45.27504 14.19454 45.275 14.19479 45.27507 14.19535 45.27519 14.19568 45.27527 14.19616 45.27547 14.19651 45.2756 14.19667 45.27569 14.19677 45.27587 14.19698 45.27592 14.19704 45.27628 14.19755 45.27683 14.1986 45.27777 14.19991 45.27841 14.20086 45.27896 14.20101 45.27961 14.20129 45.28037 14.2012 45.28268 14.20154 45.28374 14.20175 45.28505 14.2019 45.28615 14.20206 45.28769 14.20308 45.28821 14.20324 45.28853 14.2034 45.28939 14.20358 45.29025 14.20361 45.29066 14.20372 45.291 14.20371 45.29129 14.20384 45.29194 14.20388 45.29251 14.20386 45.29336 14.20406 45.29527 14.20411 45.29594 14.20417 45.29669 14.20434 45.29735 14.2043 45.29775 14.2044 45.29895 14.20577 45.29956 14.20665 45.30011 14.20726 45.30137 14.209 45.30177 14.20968 45.30284 14.21088 45.30276 14.2118 45.30277 14.21305 45.30287 14.21393 45.30288 14.21401 45.30289 14.21406 45.30283 14.2155 45.3028 14.2163 45.3028 14.2164 45.30283 14.21745 45.30284 14.21755 45.30287 14.21774 45.30289 14.21791 45.30289 14.21793 45.30288 14.21805 45.30285 14.21843 45.30284 14.21857 45.30282 14.21999 45.30273 14.22027 45.30257 14.22068 45.30232 14.221 45.30157 14.22351 45.3011 14.22461 45.30081 14.22547 45.30054 14.22607 45.3003 14.22645 45.3002 14.22675 45.30011 14.22692 45.29951 14.22685 45.298 14.22622 45.29753 14.22608 45.29709 14.22608 45.29684 14.22616 45.29664 14.22669 45.2965 14.22721 45.29634 14.22827 45.29629 14.22904 45.2961 14.23009 45.29579 14.23214 45.2957 14.23347 45.29545 14.23537 45.29536 14.23901 45.29532 14.23977 45.29533 14.24211 45.29527 14.24283 45.29508 14.24423 45.29734 14.24507 45.29772 14.24521 45.29768 14.24553 45.29765 14.24667 45.2973 14.24837 45.29713 14.24903 45.29706 14.24995 45.29711 14.25049 45.29716 14.2508 45.29736 14.252 45.29733 14.25407 45.29746 14.25522 45.29748 14.25604 45.29749 14.25631 45.2975 14.25668 45.29739 14.25741 45.29757 14.25854 45.29758 14.25862 45.29761 14.25893 45.29767 14.25965 45.29767 14.26005 45.29767 14.26081 45.29753 14.26189 45.29736 14.26279 45.29699 14.2644 45.29752 14.26459 45.29809 14.26471 45.29952 14.2655 45.29987 14.2659 45.30009 14.26623 45.30035 14.26646 45.30058 14.26667 45.30127 14.26738 45.30226 14.26791 45.30328 14.26848 45.30359 14.26953 45.30396 14.27019 45.30446 14.27054 45.30427 14.27089 45.30359 14.27088 45.30171 14.27086 45.30109 14.27468 45.30074 14.27486 45.30052 14.27509 45.30024 14.27536 45.29998 14.27571 45.29972 14.27616 45.29967 14.27641 45.29974 14.27654 45.30003 14.27663 45.30009 14.27682 45.30009 14.27687 45.30009 14.27692 45.30008 14.27698 45.30007 14.27705 45.29988 14.27714 45.29985 14.27726 45.29999 14.27771 45.30008 14.27798 45.30028 14.2785 45.30047 14.27881 45.3007 14.27909 45.30137 14.27925 45.30206 14.27956 45.30212 14.27968 45.30221 14.27986 45.30212 14.28042 45.30176 14.28135 45.30167 14.28172 45.30163 14.28201 45.30174 14.28205 45.30183 14.28205 45.30205 14.28194 45.30225 14.28196 45.30241 14.28209 45.30257 14.28227 45.30297 14.28272 45.30317 14.28285 45.30335 14.28286 45.30349 14.28274 45.30382 14.28248 45.30399 14.28227 45.3041 14.28212 45.3043 14.28186 45.30482 14.28142 45.30507 14.28123 45.30553 14.28112 45.30571 14.28109 45.30591 14.28112 45.306 14.28122 45.30619 14.28159 45.30572 14.28188 45.30578 14.28207 45.30624 14.28179 45.30627 14.28185 45.30649 14.28228 45.30638 14.28252 45.30617 14.28288 45.30613 14.28298 45.306 14.28336 45.30599 14.28352 45.30598 14.28372 45.30602 14.28388 45.30617 14.28416 45.3066 14.28482 45.30682 14.28522 45.30695 14.28537 45.30749 14.28567 45.30789 14.28605 45.30827 14.2863 45.3085 14.28635 45.30904 14.28634 45.30938 14.28651 45.30965 14.28653 45.30982 14.28671 45.31052 14.2871 45.31055 14.28691 45.30996 14.28655 45.3099 14.28649 45.30994 14.28636 45.31003 14.28613 45.31006 14.28602 45.31021 14.28602 45.31037 14.28603 45.31046 14.28616 45.31061 14.28617 45.31069 14.28612 45.31077 14.28612 45.31081 14.28617 45.3107 14.28642 45.31079 14.28649 45.31089 14.28624 45.31101 14.28625 45.31111 14.28628 45.31126 14.2863 45.3114 14.28621 45.31149 14.28612 45.31213 14.28614 45.31229 14.28619 45.31245 14.28624 45.31252 14.2863 45.31304 14.28671 45.31335 14.28705 45.31352 14.28726 45.31361 14.28752 45.31366 14.28779 45.31366 14.28792 45.31373 14.28804 45.31384 14.28805 45.31395 14.28799 45.31411 14.28801 45.31418 14.28811 45.31429 14.28842 45.31449 14.28857 45.31456 14.28867 45.31467 14.28895 45.31469 14.2891 45.3148 14.28936 45.31504 14.28966 45.31518 14.28971 45.31529 14.28978 45.3154 14.28991 45.31542 14.29024 45.31551 14.29039 45.31562 14.29047 45.31587 14.29044 45.31598 14.29049 45.31624 14.29074 45.31657 14.29089 45.31668 14.29097 45.31686 14.29119 45.31712 14.29139 45.31726 14.29147 45.31755 14.29147 45.3178 14.29151 45.31815 14.29187 45.31843 14.29194 45.31851 14.29196 45.31869 14.29211 45.31876 14.29222 45.31885 14.29244 45.31887 14.2928 45.31893 14.29295 45.31898 14.29303 45.31909 14.29333 45.31921 14.29346 45.31929 14.29361 45.3193 14.29378 45.31926 14.29392 45.31908 14.29418 45.31906 14.29441 45.31894 14.29459 45.31894 14.29487 45.31881 14.2951 45.31881 14.29528 45.31891 14.2954 45.31901 14.29545 45.31907 14.29553 45.31906 14.29564 45.31904 14.29569 45.31903 14.29581 45.31914 14.29592 45.31943 14.29614 45.31956 14.29631 45.31961 14.29651 45.31963 14.29692 45.31976 14.29723 45.32008 14.29757 45.32038 14.29796 45.32078 14.29821 45.32128 14.29828 45.32141 14.29832 45.32168 14.29835 45.32181 14.29843 45.32193 14.29858 45.32202 14.29861 45.32224 14.29855 45.32233 14.29857 45.32238 14.29868 45.32238 14.29888 45.32247 14.29901 45.32249 14.29918 45.32255 14.29926 45.32274 14.29923 45.32283 14.29928 45.32291 14.29938 45.32309 14.29938 45.32316 14.29953 45.3237 14.29955 45.3239 14.29973 45.32422 14.29978 45.32429 14.29984 45.32437 14.29993 45.32457 14.2999 45.32462 14.29997 45.32465 14.30001 45.32472 14.30009 45.32482 14.30011 45.325 14.30012 45.32514 14.30007 45.32527 14.29999 45.32532 14.29992 45.32534 14.29981 45.32568 14.29983 45.32581 14.29978 45.32589 14.29981 45.32599 14.29993 45.3261 14.30003 45.32621 14.29999 45.32629 14.29993 45.32647 14.29998 45.32678 14.30025 45.32694 14.30033 45.32702 14.30033 45.32717 14.30023 45.3273 14.30011 45.32732 14.30011 45.3277 14.30008 45.32779 14.30012 45.3278 14.3002 45.32777 14.30041 45.32818 14.30084 45.32816 14.3013 45.32828 14.30132 45.32855 14.3015 45.32878 14.30167 45.32908 14.30176 45.32929 14.30198 45.32944 14.30206 45.32963 14.30225 45.33008 14.30243 45.33024 14.30244 45.33036 14.30196 45.3305 14.30203 45.33036 14.30252 45.33069 14.30289 45.33078 14.30291 45.33099 14.30311 45.33112 14.30317 45.33124 14.30319 45.33135 14.30316 45.33152 14.30308 45.33165 14.30305 45.33174 14.30313 45.3318 14.3032 45.33185 14.30327 45.33191 14.30336 45.33204 14.30351 45.33232 14.3039 45.33257 14.30351 45.33271 14.30379 45.33264 14.30387 45.33289 14.30439 45.33301 14.30426 45.33311 14.30441 45.33335 14.30482 45.3335 14.30508 45.33361 14.30529 45.33358 14.30548 45.33341 14.3055 45.33338 14.30565 45.33357 14.30567 45.33358 14.30614 45.33378 14.30631 45.33375 14.30647 45.33349 14.30647 45.33334 14.30657 45.33328 14.30666 45.33329 14.30678 45.3334 14.30688 45.33352 14.3069 45.33359 14.307 45.33354 14.30716 45.33364 14.30723 45.33374 14.30707 45.33387 14.30722 45.33391 14.30734 45.3338 14.30765 45.33391 14.30777 45.33404 14.30764 45.33421 14.30774 45.33437 14.30788 45.33458 14.30809 45.33479 14.30836 45.33489 14.30841 45.33502 14.30842 45.33505 14.30849 45.33508 14.30875 45.33506 14.30902 45.33498 14.30923 45.33492 14.30946 45.33485 14.30964 45.33469 14.30983 45.3346 14.31 45.33455 14.31017 45.33455 14.31046 45.33457 14.31054 45.33458 14.31072 45.3346 14.31088 45.3346 14.31108 45.33466 14.31116 45.33497 14.31123 45.3355 14.31142 45.33565 14.31097 45.33618 14.31118 45.33622 14.31104 45.33651 14.31115 45.33686 14.31129 45.33701 14.3114 45.33716 14.3111 45.33673 14.31065 45.33653 14.3106 45.33623 14.31048 45.33621 14.31047 45.33634 14.3103 45.3366 14.30998 45.33672 14.30983 45.33678 14.30986 45.33682 14.31006 45.33692 14.31011 45.33706 14.31012 45.33717 14.31016 45.33728 14.31024 45.33736 14.31038 45.33741 14.31041 45.33744 14.31036 45.33746 14.31022 45.33756 14.31011 45.33764 14.31018 45.33779 14.31053 45.33788 14.31053 45.33792 14.3104 45.33797 14.31035 45.338 14.3104 45.338 14.31068 45.33808 14.31078 45.33852 14.31078 45.33843 14.31051 45.33842 14.31044 45.33846 14.31038 45.33855 14.3103 45.33863 14.31035 45.33872 14.31077 45.33887 14.31088 45.33935 14.31082 45.33943 14.31087 45.33944 14.3109 45.3395 14.311 45.3395 14.31112 45.33938 14.31143 45.33938 14.31163 45.3395 14.31191 45.33951 14.31207 45.33945 14.31217 45.33945 14.31227 45.33949 14.31235 45.33962 14.31247 45.33971 14.31247 45.33984 14.31243 45.34001 14.31247 45.34012 14.31257 45.34025 14.31285 45.34039 14.31292 45.34057 14.31292 45.34099 14.31276 45.34115 14.31276 45.34118 14.31281 45.34115 14.31294 45.34115 14.31312 45.34101 14.31338 45.34101 14.31361 45.3411 14.31378 45.34121 14.31388 45.34125 14.31411 45.34139 14.31432 45.34159 14.31447 45.34165 14.31444 45.34171 14.31444 45.34175 14.31457 45.34177 14.31472 45.34193 14.31484 45.34204 14.31487 45.34237 14.31535 45.34253 14.31548 45.34268 14.31547 45.34316 14.3157 45.34377 14.31572 45.34379 14.31572 45.3439 14.31577 45.34401 14.31597 45.34403 14.31655 45.34405 14.31673 45.34411 14.31689 45.34436 14.31724 45.34461 14.31749 45.34498 14.31797 45.3453 14.31863 45.34545 14.31883 45.34553 14.31894 45.34561 14.31904 45.34588 14.31934 45.3463 14.32 45.34652 14.3201 45.34673 14.32025 45.34703 14.32053 45.34707 14.32059 45.34708 14.32065 45.34724 14.32096 45.3477 14.32185 45.34785 14.32166 45.34763 14.32125 45.3475 14.32099 45.34747 14.3208 45.34752 14.32067 45.34761 14.3206 45.3476 14.32035 45.34764 14.32031 45.3477 14.32035 45.34777 14.32049 45.34784 14.32059 45.3484 14.32061 45.34841 14.32116 45.34855 14.32117 45.34856 14.32061 45.34895 14.32066 45.34922 14.3207 45.34967 14.32074 45.35009 14.32089 45.35032 14.32104 45.3506 14.32134 45.35063 14.32145 45.3506 14.32177 45.35071 14.3218 45.35074 14.32158 45.35087 14.32161 45.35095 14.32158 45.35103 14.32158 45.35115 14.3216 45.35117 14.3216 45.35124 14.32166 45.35128 14.32175 45.35132 14.32188 45.35133 14.32244 45.35134 14.323 45.35129 14.32342 45.35122 14.32372 45.35117 14.32385 45.35113 14.32423 45.3511 14.32433 45.3511 14.32456 45.35115 14.32476 45.35128 14.32492 45.35141 14.3249 45.35148 14.3249 45.35155 14.32496 45.35173 14.32504 45.3522 14.32514 45.35252 14.32516 45.35277 14.32523 45.3529 14.32533 45.35317 14.32535 45.35351 14.32525 45.35369 14.32527 45.35389 14.32537 45.35411 14.32555 45.35452 14.32575 45.35474 14.32608 45.35498 14.32623 45.35512 14.32645 45.35532 14.32694 45.35547 14.32711 45.3556 14.32719 45.3557 14.32734 45.3558 14.32767 45.35582 14.32793 45.35594 14.32815 45.35594 14.32833 45.35598 14.32849 45.35616 14.32887 45.35622 14.32943 45.35626 14.32955 45.35624 14.32966 45.35617 14.32979 45.35617 14.3305 45.35615 14.33077 45.35613 14.33092 45.35612 14.33105 45.35609 14.33122 45.35602 14.3315 45.35593 14.3318 45.35586 14.33198 45.3558 14.33214 45.35573 14.3323 45.35561 14.33242 45.35543 14.33246 45.35525 14.33241 45.35534 14.33269 45.35556 14.33284 45.35581 14.33316 45.35609 14.33353 45.35615 14.33362 45.35617 14.33365 45.35626 14.33382 45.35619 14.33411 45.35611 14.33441 45.35599 14.33471 45.35588 14.33501 45.3561 14.33513 45.35627 14.33532 45.35659 14.33573 45.35661 14.33575 45.35681 14.33546 45.35714 14.33467 45.35786 14.33247 45.35792 14.33224 45.35814 14.33132 45.35827 14.3301 45.35844 14.32925 45.35861 14.32867 45.35896 14.32858 45.35993 14.3295 45.36013 14.32944 45.36021 14.32918 45.36024 14.3291 45.36024 14.32909 45.3602 14.32872 45.36037 14.32816 45.36071 14.32706 45.36071 14.32706 45.36054 14.32676 45.36031 14.32638 45.36019 14.32581 45.35996 14.32542 45.35963 14.32543 45.35936 14.32552 45.35909 14.32549 45.35881 14.32526 45.35868 14.32485 45.35857 14.32438 45.35867 14.32413 45.35898 14.32386 45.35915 14.32384 45.35918 14.32352 45.35906 14.32337 45.35892 14.32336 45.35794 14.32281 45.35763 14.32237 45.35758 14.32219 45.35746 14.32174 45.35735 14.32149 45.35726 14.32128 45.35719 14.32103 45.35717 14.32097 45.35699 14.32084 45.3569 14.32078 45.3567 14.32046 45.35648 14.31999 45.35699 14.31918 45.35704 14.31903 45.35713 14.31877 45.35727 14.31862 45.35733 14.31856 45.35759 14.31837 45.35779 14.31832 45.35832 14.31775 45.3588 14.31714 45.35771 14.31536 45.35748 14.31498 45.3572 14.31481 45.35694 14.31452 45.35678 14.3141 45.3567 14.31361 45.35675 14.31362 45.35682 14.31363 45.35676 14.31322 45.35673 14.31304 45.35666 14.31251 45.35665 14.31213 45.35666 14.31195 45.35773 14.31158 45.35778 14.31093 45.35792 14.30965 45.35794 14.30953 45.35794 14.30949 45.35759 14.30963 45.35723 14.30929 45.35688 14.30899 45.35641 14.30855 45.35596 14.30829 45.35554 14.30803 45.3551 14.30784 45.35465 14.30758 45.35425 14.30723 45.35415 14.30705 45.35411 14.30674 45.35413 14.3059 45.35444 14.3053 45.3543 14.30512 45.35396 14.30507 45.35367 14.30525 45.35341 14.30542 45.35325 14.30537 45.35229 14.30488 45.35212 14.30462 45.35191 14.30388 45.35181 14.30318 45.35165 14.30299 45.35147 14.30304 45.35131 14.30374 45.35123 14.30386 45.35113 14.30402 45.3511 14.30402 45.3509 14.30405 45.35047 14.3041 45.35021 14.30445 45.35006 14.30478 45.35001 14.30491 45.34983 14.305 45.34962 14.30495 45.3489 14.30479 45.34878 14.30472 45.34801 14.30428 45.34798 14.30426 45.34683 14.3038 45.34621 14.30338 45.34493 14.30206 45.34308 14.30027 45.34189 14.29941 45.34056 14.29827 45.34016 14.29816 45.33925 14.29765 45.33827 14.29667 45.33825 14.29666 45.33829 14.29637 45.33846 14.29496 45.33869 14.29414 45.33888 14.29292 45.33919 14.29191 45.33952 14.29154 45.33958 14.29134 45.33989 14.29103 45.34015 14.29076 45.34091 14.2902 45.34113 14.29009 45.34157 14.28986 45.34256 14.28956 45.34356 14.28895 45.34469 14.28773 45.34539 14.28667 45.34616 14.28581 45.347 14.28462 45.34851 14.28207 45.34887 14.28157 45.34984 14.282 45.35072 14.2822 45.35121 14.28234 45.3519 14.28263 45.35238 14.28291 45.35386 14.2829 45.35412 14.28283 45.35454 14.28254 45.35605 14.2818 45.35707 14.28163 45.3577 14.28143 45.3585 14.28048 45.35886 14.27971 45.35929 14.27918 45.35976 14.27869 45.35994 14.27844 45.36016 14.27792 45.36098 14.27644 45.36137 14.27546 45.36171 14.27473 45.36265 14.27194 45.36311 14.27079 45.36393 14.26826 45.36417 14.26766 45.36432 14.26742 45.36455 14.26686 45.36611 14.2626 45.36669 14.26082 45.36714 14.2593 45.36762 14.25788 45.3677 14.25753 45.36899 14.25443 45.36918 14.25329 45.36938 14.25241 45.37033 14.25033 45.37083 14.24879 45.37128 14.24798 45.37164 14.24712 45.37227 14.24531 45.37317 14.24164 45.37358 14.24015 45.37443 14.23801 45.37507 14.2366 45.37577 14.23475 45.37636 14.23286 45.37678 14.23116 45.37707 14.23054 45.37707 14.23012 45.37707 14.23005 45.37704 14.22985 45.37696 14.22939 45.37696 14.22862 45.37687 14.22652 45.37693 14.22571 45.37693 14.22545 45.37693 14.22498 45.37688 14.22366 45.37693 14.22256 45.37717 14.22203 45.37788 14.22067 45.37817 14.21997 45.37914 14.21861 45.37935 14.21784 45.37992 14.21692 45.38064 14.21585 45.38166 14.21421 45.38268 14.21215 45.383 14.21207 45.38359 14.21183 45.38428 14.21118 45.38525 14.21041 45.38625 14.20969 45.38727 14.20908 45.38869 14.20807 45.38919 14.2075 45.38983 14.20694 45.39013 14.20664 45.39025 14.20652 45.39039 14.20639 45.39063 14.20614 45.39061 14.20536 45.39075 14.20201</gml:posList>
                        </gml:LinearRing>
                      </gml:exterior>
                    </gml:Polygon>
                  </gml:surfaceMember>
                  <gml:surfaceMember>
                    <gml:Polygon gml:id="MEDIA_MONITORED_CILJ_ID_1_POLUTANT_1_MODEL_42">
                      <gml:exterior>
                        <gml:LinearRing>
                          <gml:posList srsDimension="2">45.53733 14.48966 45.53681 14.48875 45.53689 14.4883 45.53699 14.48774 45.53678 14.48641 45.53674 14.48614 45.53671 14.48596 45.53655 14.48505 45.5364 14.48447 45.53626 14.48391 45.53603 14.48296 45.53589 14.48291 45.53554 14.48277 45.53485 14.48144 45.53458 14.47996 45.53457 14.47913 45.53445 14.47871 45.53421 14.47835 45.53413 14.4782 45.53401 14.47797 45.53397 14.47758 45.53403 14.47718 45.53403 14.47708 45.53402 14.47706 45.53402 14.477 45.53386 14.47666 45.53388 14.4762 45.53386 14.4761 45.53383 14.47589 45.53366 14.47562 45.53356 14.47546 45.53359 14.4754 45.53364 14.4753 45.5334 14.47499 45.53309 14.47455 45.53299 14.47439 45.53292 14.47428 45.53282 14.47412 45.53267 14.47387 45.53246 14.47351 45.53223 14.47318 45.53193 14.47291 45.53187 14.47286 45.53176 14.47277 45.53148 14.4727 45.53114 14.47245 45.53103 14.47204 45.53092 14.47154 45.53079 14.47138 45.53061 14.47125 45.53031 14.47105 45.53025 14.47103 45.53018 14.471 45.53017 14.47095 45.53012 14.47074 45.53008 14.4706 45.53002 14.47057 45.52978 14.4702 45.52938 14.47 45.52925 14.46973 45.52903 14.46946 45.52892 14.46938 45.52869 14.46923 45.52842 14.46893 45.52801 14.46863 45.52772 14.46838 45.52754 14.46791 45.5273 14.46746 45.52714 14.46723 45.52692 14.46689 45.5266 14.46653 45.52649 14.4664 45.52632 14.46583 45.52623 14.4656 45.52613 14.46536 45.52597 14.46495 45.52564 14.46432 45.52532 14.46387 45.52511 14.46361 45.52496 14.46342 45.52481 14.46297 45.52472 14.46272 45.52464 14.46263 45.52447 14.46246 45.52425 14.46224 45.5241 14.46191 45.52391 14.46151 45.52374 14.46116 45.5235 14.4608 45.52328 14.46041 45.523 14.46001 45.52276 14.45972 45.52251 14.45955 45.52217 14.45935 45.52207 14.45921 45.5217 14.45874 45.52137 14.45804 45.52128 14.45788 45.5209 14.45722 45.52049 14.45644 45.52017 14.45575 45.51983 14.45506 45.51978 14.45451 45.51972 14.45397 45.51966 14.45347 45.51955 14.45248 45.51944 14.45195 45.51921 14.45141 45.51903 14.451 45.51898 14.4507 45.51893 14.45013 45.51886 14.44991 45.51877 14.44959 45.51857 14.44913 45.51842 14.44882 45.51813 14.44825 45.51801 14.44809 45.51795 14.44801 45.51784 14.44775 45.51772 14.44748 45.51764 14.44725 45.51753 14.4469 45.51737 14.44629 45.51712 14.44554 45.51696 14.44493 45.51691 14.44447 45.51683 14.44349 45.51676 14.44271 45.51638 14.44199 45.51634 14.44194 45.5162 14.44174 45.51592 14.44141 45.51569 14.44114 45.51539 14.4408 45.51471 14.44013 45.51417 14.43978 45.51367 14.43943 45.51352 14.43932 45.51309 14.43899 45.51269 14.43869 45.51229 14.4384 45.51213 14.43829 45.51172 14.43804 45.51105 14.43762 45.51077 14.43725 45.51059 14.43666 45.51049 14.43623 45.51043 14.43591 45.5103 14.4351 45.51024 14.43478 45.51014 14.43431 45.51007 14.434 45.50999 14.43361 45.50992 14.43339 45.50978 14.43287 45.50954 14.432 45.50947 14.43187 45.5093 14.43156 45.50903 14.43112 45.50867 14.43053 45.50838 14.43003 45.50795 14.42934 45.50766 14.42882 45.50754 14.42856 45.50744 14.42835 45.50733 14.4282 45.50715 14.42797 45.50701 14.42772 45.50694 14.42759 45.50736 14.42699 45.50771 14.4269 45.50796 14.42685 45.5083 14.42692 45.50837 14.42687 45.50851 14.42678 45.50861 14.42608 45.5088 14.42546 45.50897 14.42514 45.50911 14.42451 45.50931 14.42404 45.50935 14.42396 45.50951 14.42364 45.50968 14.42329 45.50974 14.42316 45.50978 14.423 45.50981 14.42289 45.50986 14.42272 45.50976 14.42229 45.50967 14.4222 45.50961 14.42215 45.50944 14.4222 45.50906 14.42174 45.5092 14.42117 45.50922 14.42073 45.50923 14.42052 45.5096 14.41983 45.50972 14.41955 45.50973 14.4193 45.5097 14.41921 45.50968 14.41917 45.50977 14.41844 45.50978 14.41833 45.50978 14.41825 45.50981 14.41789 45.50986 14.41725 45.50992 14.41628 45.50992 14.41624 45.5099 14.4157 45.50984 14.41563 45.50979 14.41558 45.50938 14.41541 45.50912 14.41525 45.50881 14.41504 45.50868 14.41497 45.50846 14.41485 45.50817 14.41496 45.50795 14.41475 45.5077 14.41438 45.50757 14.41376 45.50742 14.41341 45.50731 14.41315 45.50725 14.41295 45.50709 14.41247 45.50702 14.41214 45.50697 14.41135 45.50693 14.4112 45.5069 14.41107 45.50669 14.41071 45.50641 14.41061 45.50628 14.41053 45.50611 14.41043 45.50581 14.40985 45.50578 14.40975 45.50558 14.40912 45.50569 14.40842 45.50526 14.40833 45.50491 14.4083 45.50472 14.408 45.50465 14.40773 45.50469 14.40749 45.50471 14.40736 45.505 14.40677 45.50505 14.40612 45.50503 14.40589 45.50501 14.40577 45.50486 14.40549 45.50476 14.40534 45.5047 14.40523 45.50469 14.40492 45.50469 14.40485 45.50473 14.40456 45.50483 14.40399 45.50466 14.40372 45.50446 14.40321 45.50435 14.40282 45.5043 14.40265 45.50429 14.40254 45.50428 14.40237 45.50431 14.40209 45.50415 14.40183 45.50396 14.40151 45.50354 14.40075 45.50296 14.40003 45.50282 14.39979 45.50273 14.3992 45.50275 14.39839 45.50257 14.39853 45.5024 14.39867 45.502 14.39901 45.50198 14.39902 45.50162 14.39932 45.50148 14.39944 45.50122 14.39967 45.50095 14.3999 45.50067 14.40014 45.50031 14.39986 45.49992 14.39956 45.49978 14.39945 45.49962 14.39931 45.49933 14.39908 45.49899 14.39881 45.4989 14.39874 45.49881 14.39866 45.49848 14.39841 45.49804 14.39805 45.49779 14.39785 45.4973 14.39745 45.49686 14.3971 45.49661 14.3969 45.49642 14.39675 45.49608 14.39646 45.49601 14.39639 45.49561 14.39599 45.49513 14.39554 45.49467 14.39512 45.49447 14.39486 45.49432 14.39468 45.49418 14.39453 45.49393 14.39424 45.49388 14.39399 45.49384 14.39372 45.49393 14.39315 45.49392 14.39279 45.49397 14.39235 45.49431 14.39183 45.49435 14.39171 45.49441 14.39153 45.49452 14.3912 45.49451 14.39103 45.49451 14.39084 45.49451 14.39075 45.49451 14.39068 45.49427 14.39031 45.49423 14.39024 45.49424 14.38992 45.49422 14.38986 45.49421 14.38979 45.49404 14.38966 45.494 14.38961 45.49396 14.38953 45.4939 14.38908 45.49385 14.3887 45.49383 14.38862 45.4938 14.3885 45.49377 14.38847 45.4937 14.38838 45.49361 14.38831 45.49358 14.38828 45.49353 14.38814 45.49351 14.38789 45.49357 14.38758 45.49354 14.38743 45.49346 14.38703 45.49348 14.38681 45.49337 14.38666 45.49327 14.3865 45.4932 14.38639 45.49264 14.38563 45.49251 14.38546 45.49167 14.38429 45.49121 14.38363 45.4907 14.38291 45.48996 14.3819 45.48971 14.38155 45.48876 14.3802 45.48779 14.37877 45.48764 14.37814 45.48736 14.37701 45.48695 14.37516 45.48657 14.37333 45.48618 14.37151 45.4858 14.36964 45.48543 14.36779 45.48503 14.36596 45.48464 14.36411 45.48437 14.36284 45.48487 14.36255 45.48501 14.36267 45.48502 14.36202 45.485 14.36202 45.48468 14.36189 45.48455 14.3615 45.48463 14.36052 45.48474 14.35908 45.48492 14.35717 45.48498 14.35665 45.48512 14.35528 45.4852 14.35449 45.48531 14.35339 45.48559 14.35074 45.48501 14.34928 45.48494 14.3491 45.4849 14.34901 45.48407 14.34701 45.48306 14.34576 45.4825 14.34505 45.48206 14.3445 45.48121 14.34348 45.48116 14.34334 45.4811 14.34315 45.48092 14.34327 45.48032 14.34261 45.48033 14.34256 45.48035 14.34241 45.48072 14.34192 45.47993 14.33934 45.47971 14.33904 45.47876 14.33807 45.47764 14.33683 45.47685 14.33546 45.47598 14.3339 45.47547 14.33334 45.47451 14.33229 45.47444 14.33215 45.47367 14.33076 45.47294 14.32945 45.47224 14.32815 45.47203 14.3275 45.47168 14.32641 45.47047 14.32262 45.4696 14.32393 45.4691 14.32543 45.46854 14.32673 45.46793 14.32763 45.46713 14.32884 45.46568 14.33001 45.46478 14.33065 45.46384 14.33125 45.46273 14.33199 45.4617 14.3326 45.46106 14.33305 45.45943 14.33307 45.45938 14.3329 45.45926 14.33254 45.45878 14.33289 45.45852 14.33241 45.45834 14.332 45.45839 14.33189 45.45849 14.33168 45.45866 14.33126 45.4587 14.33107 45.45874 14.33083 45.45874 14.33081 45.45874 14.33074 45.45873 14.33063 45.45866 14.33047 45.4585 14.33029 45.45728 14.32909 45.45583 14.32788 45.45511 14.32739 45.45493 14.32767 45.45339 14.32729 45.45236 14.32686 45.45153 14.32651 45.45078 14.32602 45.45002 14.32554 45.44937 14.32539 45.44851 14.32541 45.44783 14.32544 45.44773 14.3246 45.44699 14.32402 45.44628 14.32404 45.44553 14.32394 45.44467 14.32384 45.44397 14.32387 45.443 14.32362 45.44157 14.32352 45.43971 14.32334 45.43838 14.32319 45.43697 14.32314 45.43375 14.32248 45.43117 14.32145 45.43098 14.32137 45.43077 14.32129 45.43089 14.32075 45.43344 14.31765 45.43383 14.31521 45.43408 14.31367 45.43418 14.3132 45.43438 14.31222 45.43359 14.31154 45.43278 14.31085 45.43066 14.30916 45.42933 14.308 45.42791 14.30655 45.42552 14.30379 45.42461 14.30617 45.42449 14.30748 45.42454 14.30857 45.42438 14.3089 45.42401 14.30968 45.42378 14.31056 45.4232 14.31107 45.42273 14.31188 45.42243 14.31271 45.42225 14.31357 45.42126 14.31471 45.42052 14.31486 45.41996 14.3155 45.41944 14.31661 45.41887 14.3173 45.4183 14.3178 45.41728 14.3188 45.41707 14.31957 45.4162 14.3197 45.41492 14.31989 45.41409 14.31921 45.41358 14.31859 45.41289 14.31821 45.41247 14.31741 45.41275 14.31707 45.41332 14.31636 45.41286 14.31581 45.41285 14.3158 45.41258 14.31547 45.41187 14.31492 45.4112 14.31449 45.41091 14.31433 45.41054 14.31411 45.40953 14.31391 45.40899 14.31377 45.40801 14.31423 45.40745 14.31466 45.40676 14.31537 45.40661 14.31539 45.40584 14.31552 45.40575 14.31558 45.40516 14.31597 45.4045 14.31631 45.40395 14.31666 45.40284 14.31734 45.4026 14.31752 45.40199 14.31795 45.40115 14.31855 45.40027 14.3202 45.39975 14.32034 45.39897 14.32057 45.3983 14.32032 45.39752 14.32079 45.3979 14.32185 45.39866 14.32324 45.39873 14.32406 45.39883 14.32539 45.3993 14.32668 45.39944 14.32706 45.39975 14.32784 45.39974 14.32815 45.39972 14.32859 45.39904 14.32896 45.39846 14.3294 45.39744 14.32985 45.39668 14.33134 45.39581 14.33226 45.39512 14.3323 45.39418 14.33326 45.39336 14.33375 45.39274 14.33394 45.39197 14.3336 45.39187 14.33382 45.39144 14.33466 45.39078 14.33479 45.39005 14.3352 45.38952 14.3357 45.38855 14.33612 45.38762 14.33625 45.38753 14.33701 45.38675 14.33761 45.38608 14.3384 45.38524 14.3394 45.38588 14.34034 45.38651 14.34081 45.38703 14.34094 45.38741 14.34173 45.38815 14.3413 45.38886 14.34139 45.38947 14.3414 45.38984 14.34249 45.39069 14.34279 45.39102 14.34364 45.39157 14.34376 45.39246 14.34332 45.39281 14.34328 45.39287 14.34328 45.39305 14.34326 45.39332 14.34323 45.39331 14.34347 45.39326 14.34423 45.39259 14.34544 45.39278 14.34637 45.39281 14.34665 45.39287 14.3471 45.39218 14.34824 45.39252 14.34927 45.39304 14.35 45.39338 14.35097 45.39395 14.35094 45.39362 14.35198 45.39397 14.35285 45.39476 14.35318 45.39547 14.35326 45.3962 14.35335 45.39692 14.35344 45.39769 14.35355 45.39839 14.3537 45.39902 14.35361 45.39932 14.35461 45.39899 14.35549 45.39923 14.35645 45.39895 14.35679 45.39858 14.35724 45.39865 14.35802 45.3995 14.35772 45.39981 14.35795 45.39995 14.35806 45.40015 14.35821 45.4001 14.35896 45.4004 14.35964 45.40055 14.35997 45.40031 14.36115 45.40027 14.36219 45.40036 14.36259 45.40038 14.3627 45.40046 14.36304 45.40033 14.3635 45.40021 14.3639 45.40011 14.36428 45.39995 14.36506 45.39958 14.36638 45.39981 14.36714 45.3998 14.3679 45.40012 14.36906 45.40082 14.3696 45.40094 14.36958 45.40185 14.36947 45.4022 14.37046 45.40275 14.37067 45.40292 14.37077 45.40343 14.37105 45.40338 14.37184 45.40373 14.37266 45.40456 14.37309 45.40511 14.37414 45.40549 14.37431 45.40567 14.3744 45.40599 14.37455 45.40586 14.37584 45.40603 14.37692 45.40657 14.37758 45.40732 14.37769 45.40811 14.37759 45.40904 14.37749 45.40912 14.37769 45.40933 14.37827 45.40942 14.37852 45.40939 14.37867 45.40935 14.37899 45.40929 14.37938 45.40932 14.38026 45.41024 14.38011 45.41087 14.37999 45.41162 14.38094 45.41217 14.38069 45.41282 14.38045 45.41334 14.38128 45.41394 14.3824 45.41401 14.38252 45.41488 14.3821 45.41564 14.38177 45.4171 14.38113 45.41834 14.38038 45.41958 14.37946 45.42117 14.37824 45.42128 14.37902 45.42137 14.37917 45.42157 14.3795 45.42149 14.37965 45.42114 14.38028 45.42124 14.38068 45.42064 14.3813 45.42052 14.38143 45.42078 14.38204 45.4207 14.38278 45.42099 14.38273 45.42124 14.3829 45.42127 14.38292 45.42155 14.38306 45.42154 14.38315 45.42146 14.38355 45.42116 14.38421 45.42075 14.3849 45.42027 14.38558 45.41976 14.3862 45.41928 14.38687 45.41883 14.38735 45.41808 14.38866 45.4177 14.38933 45.41743 14.39005 45.4174 14.39065 45.41785 14.3909 45.4181 14.39085 45.41807 14.39114 45.41827 14.39128 45.41828 14.39145 45.41832 14.39181 45.41805 14.392 45.41794 14.39209 45.41795 14.39247 45.41813 14.39293 45.41842 14.39337 45.41882 14.39339 45.41879 14.39355 45.41875 14.39375 45.41875 14.39376 45.41864 14.39384 45.4185 14.39393 45.41831 14.39417 45.41812 14.39405 45.41792 14.39414 45.41779 14.3944 45.41781 14.39482 45.41742 14.39509 45.41695 14.39541 45.41639 14.39581 45.41608 14.39616 45.41533 14.39747 45.41519 14.39788 45.4147 14.39961 45.41425 14.4013 45.41389 14.40296 45.41345 14.40494 45.41343 14.40627 45.41343 14.40656 45.41331 14.40914 45.41323 14.4112 45.41313 14.41312 45.4131 14.41485 45.41393 14.41662 45.41469 14.41845 45.41553 14.4203 45.41641 14.42229 45.41651 14.42176 45.4168 14.42123 45.41736 14.42102 45.41795 14.4208 45.41865 14.42069 45.41915 14.4205 45.4197 14.42026 45.42008 14.41998 45.42054 14.41979 45.42094 14.41982 45.42136 14.41998 45.42154 14.42024 45.42181 14.42073 45.42205 14.42142 45.42237 14.4223 45.42291 14.423 45.42365 14.42369 45.42413 14.42409 45.42463 14.42432 45.42528 14.42404 45.42591 14.4235 45.42629 14.42292 45.42677 14.42193 45.42705 14.42125 45.42753 14.42018 45.42802 14.4188 45.4284 14.41758 45.42885 14.41638 45.42925 14.41497 45.42972 14.41309 45.43026 14.41258 45.43111 14.41287 45.43163 14.41364 45.43226 14.41354 45.43263 14.41279 45.43324 14.41199 45.43402 14.41199 45.43523 14.41185 45.43548 14.41268 45.43625 14.41326 45.43692 14.41272 45.43747 14.41265 45.43822 14.41192 45.43875 14.41178 45.4394 14.41125 45.43989 14.4104 45.44075 14.40992 45.44139 14.40986 45.44225 14.40936 45.44264 14.41029 45.44334 14.4114 45.44396 14.4125 45.44451 14.41334 45.44496 14.41412 45.4456 14.41518 45.44621 14.41629 45.44706 14.41765 45.44747 14.41841 45.44814 14.41996 45.44822 14.42079 45.44823 14.42132 45.4484 14.42244 45.44895 14.42345 45.44961 14.42436 45.45002 14.42561 45.45029 14.42715 45.45071 14.42853 45.45099 14.42954 45.45164 14.43151 45.4517 14.43163 45.45235 14.43305 45.45328 14.43435 45.45437 14.43536 45.45519 14.4363 45.45644 14.43778 45.45767 14.43925 45.45915 14.44096 45.46052 14.44257 45.46174 14.44415 45.46305 14.44642 45.46397 14.44764 45.46458 14.44839 45.46553 14.44948 45.46665 14.45065 45.46748 14.451 45.46833 14.45136 45.4694 14.45177 45.47022 14.45193 45.47099 14.45207 45.47118 14.45182 45.47198 14.45184 45.47275 14.45229 45.47266 14.45261 45.47317 14.45303 45.47365 14.45338 45.47406 14.45304 45.4743 14.45296 45.47504 14.45264 45.47599 14.4524 45.47728 14.45198 45.47787 14.45225 45.4785 14.45226 45.47932 14.45199 45.48002 14.45252 45.4802 14.45378 45.48084 14.45561 45.48159 14.45596 45.48241 14.45635 45.48314 14.45679 45.4839 14.4574 45.48461 14.45787 45.48571 14.45855 45.48669 14.45989 45.48732 14.4598 45.4884 14.45963 45.48965 14.45953 45.49053 14.45941 45.49137 14.45935 45.49223 14.45933 45.49301 14.45913 45.49387 14.45865 45.49476 14.45855 45.49609 14.4591 45.49668 14.45996 45.49745 14.46087 45.49822 14.46165 45.49865 14.46266 45.49883 14.46364 45.49918 14.46465 45.49952 14.46603 45.49981 14.46612 45.50047 14.46633 45.50116 14.46653 45.50205 14.46705 45.50249 14.4673 45.50369 14.46764 45.50462 14.46787 45.5061 14.46841 45.50638 14.46975 45.50736 14.47237 45.5076 14.47225 45.50807 14.47203 45.50894 14.4716 45.51039 14.47111 45.51169 14.47081 45.51345 14.47059 45.51452 14.4705 45.51568 14.47058 45.51827 14.47053 45.51844 14.47053 45.5193 14.47072 45.52004 14.47144 45.52093 14.47281 45.52095 14.47325 45.52099 14.47378 45.52099 14.47394 45.52089 14.47469 45.52088 14.47475 45.52083 14.4751 45.52074 14.47621 45.52081 14.47723 45.52085 14.47773 45.52083 14.47873 45.52135 14.48067 45.52248 14.48033 45.52284 14.48025 45.52311 14.48019 45.52368 14.48043 45.5245 14.48081 45.52514 14.48128 45.52543 14.4822 45.52594 14.4828 45.5265 14.4835 45.52696 14.48381 45.52831 14.48579 45.52897 14.48676 45.52956 14.48756 45.52983 14.48768 45.53022 14.48786 45.53077 14.48798 45.53134 14.48816 45.53177 14.48831 45.53196 14.48838 45.53252 14.48851 45.53324 14.48872 45.53371 14.48877 45.53392 14.4888 45.53451 14.4891 45.53536 14.48941 45.53568 14.4895 45.53595 14.48958 45.53649 14.48961 45.53733 14.48966</gml:posList>
                        </gml:LinearRing>
                      </gml:exterior>
                    </gml:Polygon>
                  </gml:surfaceMember>
                  <gml:surfaceMember>
                    <gml:Polygon gml:id="MEDIA_MONITORED_CILJ_ID_1_POLUTANT_1_MODEL_43">
                      <gml:exterior>
                        <gml:LinearRing>
                          <gml:posList srsDimension="2">45.42149 14.37965 45.42157 14.3795 45.42137 14.37917 45.42128 14.37902 45.42117 14.37824 45.41958 14.37946 45.41834 14.38038 45.4171 14.38113 45.41564 14.38177 45.41488 14.3821 45.41401 14.38252 45.41394 14.3824 45.41334 14.38128 45.41282 14.38045 45.41217 14.38069 45.41162 14.38094 45.41087 14.37999 45.41024 14.38011 45.40932 14.38026 45.40929 14.37938 45.40935 14.37899 45.40939 14.37867 45.40942 14.37852 45.40933 14.37827 45.40912 14.37769 45.40904 14.37749 45.40811 14.37759 45.40732 14.37769 45.40657 14.37758 45.40603 14.37692 45.40586 14.37584 45.40599 14.37455 45.40567 14.3744 45.40549 14.37431 45.40511 14.37414 45.40456 14.37309 45.40373 14.37266 45.40338 14.37184 45.40343 14.37105 45.40292 14.37077 45.40275 14.37067 45.4022 14.37046 45.40185 14.36947 45.40094 14.36958 45.40094 14.36993 45.40085 14.36995 45.40059 14.37003 45.40033 14.37011 45.39966 14.37041 45.3989 14.37077 45.39857 14.37108 45.39822 14.37099 45.39778 14.3711 45.39741 14.37127 45.39733 14.37167 45.39721 14.37219 45.39665 14.37231 45.39599 14.37219 45.39542 14.37228 45.39437 14.37203 45.39408 14.37165 45.39371 14.37117 45.39326 14.37084 45.39294 14.37087 45.39241 14.37108 45.39236 14.37176 45.39231 14.37235 45.39202 14.3727 45.3915 14.37268 45.39077 14.37275 45.39036 14.37217 45.39027 14.37157 45.39003 14.37099 45.38981 14.37102 45.3898 14.37036 45.38931 14.37029 45.38882 14.3703 45.38853 14.36998 45.38844 14.36971 45.38839 14.3693 45.38817 14.36941 45.38785 14.36969 45.38758 14.37001 45.38745 14.37065 45.38731 14.37133 45.38695 14.37144 45.3866 14.37145 45.38577 14.37137 45.38519 14.37093 45.38484 14.37063 45.38458 14.37099 45.38415 14.37161 45.38353 14.37137 45.38315 14.37097 45.38287 14.37031 45.38262 14.36952 45.38254 14.3685 45.38242 14.36759 45.38241 14.36683 45.3823 14.36663 45.38201 14.36617 45.38154 14.36558 45.38157 14.36345 45.38091 14.36377 45.38055 14.36436 45.38005 14.36494 45.37968 14.3655 45.37884 14.36614 45.37858 14.36647 45.37794 14.36668 45.37666 14.36734 45.37597 14.36778 45.37547 14.36722 45.37514 14.36723 45.37424 14.36735 45.3735 14.36728 45.37219 14.36705 45.3717 14.36808 45.37133 14.36708 45.36993 14.3674 45.3697 14.36773 45.36945 14.36784 45.36911 14.3677 45.36854 14.36787 45.36744 14.36837 45.36743 14.36846 45.36741 14.36866 45.36739 14.36892 45.36736 14.36957 45.36733 14.37004 45.3672 14.37053 45.36683 14.37106 45.36662 14.37139 45.36628 14.37189 45.3662 14.37234 45.36618 14.37278 45.36625 14.37309 45.36631 14.37336 45.3663 14.3736 45.36628 14.37391 45.36629 14.3746 45.36626 14.37486 45.36619 14.37537 45.36606 14.37606 45.36587 14.37651 45.36575 14.37665 45.36542 14.37589 45.36517 14.37599 45.36507 14.37593 45.36498 14.37552 45.3644 14.37534 45.36396 14.37528 45.36342 14.37535 45.36311 14.37644 45.36293 14.37704 45.3626 14.37791 45.36241 14.37838 45.36225 14.37867 45.36216 14.37883 45.36223 14.37942 45.36213 14.37958 45.36206 14.37969 45.36221 14.38002 45.36207 14.38008 45.36178 14.38022 45.36136 14.38037 45.36097 14.38056 45.3606 14.38088 45.36027 14.38128 45.36025 14.38132 45.36013 14.38168 45.36003 14.38201 45.35995 14.38239 45.35999 14.38261 45.36003 14.38279 45.36022 14.38305 45.36032 14.38319 45.36055 14.38343 45.36058 14.38365 45.36058 14.38424 45.36074 14.38478 45.36084 14.3851 45.36083 14.38552 45.3609 14.38602 45.36073 14.38646 45.36038 14.38733 45.35995 14.38727 45.3596 14.38735 45.35951 14.38748 45.35966 14.38792 45.35961 14.38799 45.35948 14.38814 45.35958 14.38852 45.35961 14.38864 45.35966 14.38892 45.35964 14.38896 45.35958 14.38909 45.35921 14.3892 45.35895 14.38912 45.35875 14.38922 45.3585 14.38916 45.35838 14.38958 45.35843 14.38983 45.35836 14.39016 45.35832 14.39046 45.35854 14.39072 45.35886 14.39084 45.35919 14.39113 45.35946 14.39146 45.35956 14.39171 45.3596 14.39198 45.35999 14.39186 45.36004 14.3932 45.36012 14.39394 45.36015 14.39413 45.36015 14.3942 45.35993 14.39489 45.36023 14.39523 45.36029 14.39528 45.36076 14.39575 45.3608 14.3958 45.36095 14.39603 45.36112 14.39654 45.36123 14.39735 45.36134 14.39786 45.36156 14.39822 45.36169 14.39843 45.36189 14.39879 45.36199 14.39914 45.36206 14.39941 45.36182 14.40003 45.36176 14.40017 45.36154 14.40067 45.3614 14.40098 45.36123 14.40133 45.3612 14.40225 45.36106 14.403 45.36109 14.40335 45.36146 14.40357 45.36194 14.4036 45.36198 14.4036 45.36238 14.40365 45.36273 14.40374 45.36309 14.40348 45.36344 14.40309 45.36363 14.40266 45.364 14.40219 45.36436 14.40203 45.36469 14.40211 45.36518 14.40187 45.36553 14.40179 45.36589 14.40197 45.36621 14.40218 45.36644 14.40192 45.36674 14.40171 45.36703 14.4015 45.36716 14.40172 45.36724 14.40188 45.36732 14.40202 45.36731 14.40213 45.36727 14.4025 45.36704 14.40297 45.36713 14.40316 45.36727 14.40342 45.36777 14.40425 45.36834 14.40487 45.36855 14.40523 45.3687 14.40584 45.36917 14.4064 45.36969 14.40725 45.37004 14.40792 45.37057 14.40808 45.37093 14.40823 45.37139 14.40879 45.37106 14.40928 45.37101 14.40935 45.37084 14.4096 45.37076 14.4109 45.37143 14.41124 45.37157 14.41129 45.37174 14.41136 45.37173 14.412 45.37188 14.41244 45.37231 14.41261 45.37271 14.41296 45.37319 14.41281 45.37375 14.41251 45.37407 14.41209 45.37424 14.41169 45.37455 14.4121 45.37472 14.41239 45.37496 14.41283 45.37497 14.41286 45.375 14.41291 45.37502 14.41295 45.37494 14.41347 45.37523 14.41409 45.3754 14.41476 45.37533 14.41535 45.37504 14.41567 45.37457 14.41598 45.37428 14.4163 45.37422 14.4168 45.37427 14.41751 45.37419 14.41855 45.37436 14.41897 45.3748 14.41918 45.37504 14.4193 45.37529 14.41942 45.3752 14.41953 45.37512 14.41962 45.37527 14.42071 45.37541 14.4209 45.37587 14.4212 45.37587 14.42121 45.37602 14.42168 45.37599 14.42218 45.37631 14.42329 45.37659 14.42336 45.37708 14.42322 45.37741 14.42292 45.37788 14.42398 45.37838 14.42462 45.37871 14.4255 45.37934 14.42673 45.38019 14.42759 45.38148 14.4262 45.38224 14.42562 45.38344 14.4247 45.38452 14.42369 45.38555 14.42276 45.38642 14.42201 45.38715 14.42084 45.3874 14.42061 45.38802 14.41977 45.38855 14.41905 45.38872 14.41875 45.3889 14.41841 45.38909 14.41791 45.38947 14.41814 45.38981 14.4187 45.39025 14.41897 45.3909 14.41917 45.39128 14.41931 45.39177 14.41912 45.39189 14.41856 45.39206 14.4183 45.39236 14.41876 45.39238 14.41873 45.39248 14.41853 45.39244 14.41835 45.39241 14.41821 45.39237 14.41805 45.39236 14.41799 45.39235 14.41661 45.39234 14.41623 45.39258 14.41613 45.39269 14.41573 45.3928 14.41478 45.39295 14.41414 45.39296 14.41378 45.39324 14.413 45.39347 14.41213 45.39352 14.41159 45.39346 14.4111 45.39364 14.41097 45.39402 14.4107 45.39437 14.41033 45.39488 14.41005 45.39506 14.40959 45.39519 14.40895 45.3952 14.40866 45.39521 14.40857 45.39522 14.40829 45.39515 14.40817 45.39512 14.40813 45.39505 14.40802 45.39498 14.40744 45.39503 14.40727 45.39507 14.40711 45.3953 14.40727 45.39581 14.40704 45.3962 14.40674 45.39647 14.40617 45.39657 14.40548 45.39666 14.40472 45.39735 14.40462 45.39771 14.40423 45.39902 14.40377 45.3999 14.40332 45.40086 14.40302 45.4019 14.4028 45.40282 14.4028 45.40365 14.40284 45.40366 14.4022 45.40514 14.40177 45.40536 14.40178 45.40536 14.40141 45.40512 14.40115 45.40561 14.4008 45.40643 14.4005 45.40668 14.40059 45.40732 14.40043 45.40774 14.4 45.40809 14.40036 45.40873 14.39997 45.40904 14.39934 45.40997 14.39903 45.41044 14.39907 45.41101 14.39884 45.41111 14.39861 45.41152 14.39838 45.41164 14.39806 45.41199 14.39795 45.41263 14.39779 45.41297 14.39789 45.41309 14.39848 45.41334 14.39872 45.41383 14.39845 45.41406 14.39829 45.4142 14.39843 45.41482 14.39775 45.41533 14.39747 45.41608 14.39616 45.41639 14.39581 45.41695 14.39541 45.41742 14.39509 45.41781 14.39482 45.41779 14.3944 45.41792 14.39414 45.41812 14.39405 45.41831 14.39417 45.4185 14.39393 45.41864 14.39384 45.41875 14.39376 45.41875 14.39375 45.41879 14.39355 45.41882 14.39339 45.41842 14.39337 45.41813 14.39293 45.41795 14.39247 45.41794 14.39209 45.41805 14.392 45.41832 14.39181 45.41828 14.39145 45.41827 14.39128 45.41807 14.39114 45.4181 14.39085 45.41785 14.3909 45.4174 14.39065 45.41743 14.39005 45.4177 14.38933 45.41808 14.38866 45.41883 14.38735 45.41928 14.38687 45.41976 14.3862 45.42027 14.38558 45.42075 14.3849 45.42116 14.38421 45.42146 14.38355 45.42154 14.38315 45.42155 14.38306 45.42127 14.38292 45.42124 14.3829 45.42099 14.38273 45.4207 14.38278 45.42078 14.38204 45.42052 14.38143 45.42064 14.3813 45.42124 14.38068 45.42114 14.38028 45.42149 14.37965</gml:posList>
                        </gml:LinearRing>
                      </gml:exterior>
                    </gml:Polygon>
                  </gml:surfaceMember>
                  <gml:surfaceMember>
                    <gml:Polygon gml:id="MEDIA_MONITORED_CILJ_ID_1_POLUTANT_1_MODEL_44">
                      <gml:exterior>
                        <gml:LinearRing>
                          <gml:posList srsDimension="2">45.37638 14.43855 45.3768 14.4387 45.37695 14.43762 45.37706 14.43715 45.37742 14.43684 45.37859 14.43704 45.37911 14.43724 45.37983 14.43692 45.38048 14.43683 45.38197 14.43391 45.38244 14.43363 45.38358 14.43342 45.38394 14.43308 45.3842 14.43284 45.38366 14.4318 45.38303 14.43082 45.38248 14.42979 45.3814 14.42878 45.38076 14.4283 45.38019 14.42759 45.37934 14.42673 45.37871 14.4255 45.37838 14.42462 45.37788 14.42398 45.37741 14.42292 45.37708 14.42322 45.37659 14.42336 45.37631 14.42329 45.37599 14.42218 45.37602 14.42168 45.37587 14.42121 45.37587 14.4212 45.37541 14.4209 45.37527 14.42071 45.37512 14.41962 45.3752 14.41953 45.37529 14.41942 45.37504 14.4193 45.3748 14.41918 45.37436 14.41897 45.37419 14.41855 45.37427 14.41751 45.37422 14.4168 45.37428 14.4163 45.37457 14.41598 45.37504 14.41567 45.37533 14.41535 45.3754 14.41476 45.37523 14.41409 45.37494 14.41347 45.37502 14.41295 45.375 14.41291 45.37497 14.41286 45.37496 14.41283 45.37472 14.41239 45.37455 14.4121 45.37424 14.41169 45.37407 14.41209 45.37375 14.41251 45.37319 14.41281 45.37271 14.41296 45.37231 14.41261 45.37188 14.41244 45.37173 14.412 45.37174 14.41136 45.37157 14.41129 45.37143 14.41124 45.37076 14.4109 45.37084 14.4096 45.37101 14.40935 45.37106 14.40928 45.37139 14.40879 45.37093 14.40823 45.37057 14.40808 45.37004 14.40792 45.36969 14.40725 45.36917 14.4064 45.3687 14.40584 45.36855 14.40523 45.36834 14.40487 45.36777 14.40425 45.36727 14.40342 45.36713 14.40316 45.36704 14.40297 45.36727 14.4025 45.36731 14.40213 45.36732 14.40202 45.36724 14.40188 45.36716 14.40172 45.36703 14.4015 45.36674 14.40171 45.36644 14.40192 45.36621 14.40218 45.36589 14.40197 45.36553 14.40179 45.36518 14.40187 45.36469 14.40211 45.36436 14.40203 45.364 14.40219 45.36363 14.40266 45.36344 14.40309 45.36309 14.40348 45.36273 14.40374 45.36238 14.40365 45.36198 14.4036 45.36194 14.4036 45.36146 14.40357 45.36109 14.40335 45.36106 14.403 45.3612 14.40225 45.36123 14.40133 45.3614 14.40098 45.36154 14.40067 45.36176 14.40017 45.36182 14.40003 45.36206 14.39941 45.36199 14.39914 45.36189 14.39879 45.36169 14.39843 45.36156 14.39822 45.36134 14.39786 45.36123 14.39735 45.36112 14.39654 45.36095 14.39603 45.3608 14.3958 45.36076 14.39575 45.36029 14.39528 45.36023 14.39523 45.35993 14.39489 45.36015 14.3942 45.36015 14.39413 45.36012 14.39394 45.36004 14.3932 45.35999 14.39186 45.3596 14.39198 45.35956 14.39171 45.35946 14.39146 45.35919 14.39113 45.35886 14.39084 45.35854 14.39072 45.35832 14.39046 45.35836 14.39016 45.35843 14.38983 45.35838 14.38958 45.3585 14.38916 45.35875 14.38922 45.35895 14.38912 45.35921 14.3892 45.35958 14.38909 45.35964 14.38896 45.35966 14.38892 45.35961 14.38864 45.35958 14.38852 45.35948 14.38814 45.35961 14.38799 45.35966 14.38792 45.35951 14.38748 45.3596 14.38735 45.35995 14.38727 45.36038 14.38733 45.36073 14.38646 45.3609 14.38602 45.36083 14.38552 45.36084 14.3851 45.36074 14.38478 45.36058 14.38424 45.36058 14.38365 45.36055 14.38343 45.36032 14.38319 45.36022 14.38305 45.36003 14.38279 45.35999 14.38261 45.35995 14.38239 45.36003 14.38201 45.36013 14.38168 45.36025 14.38132 45.36027 14.38128 45.3606 14.38088 45.36097 14.38056 45.36136 14.38037 45.36178 14.38022 45.36207 14.38008 45.36221 14.38002 45.36206 14.37969 45.36213 14.37958 45.36223 14.37942 45.36216 14.37883 45.36225 14.37867 45.36241 14.37838 45.3626 14.37791 45.36293 14.37704 45.36311 14.37644 45.36342 14.37535 45.36396 14.37528 45.3644 14.37534 45.36498 14.37552 45.36507 14.37593 45.36517 14.37599 45.36542 14.37589 45.36575 14.37665 45.36587 14.37651 45.36606 14.37606 45.36619 14.37537 45.36626 14.37486 45.36629 14.3746 45.36628 14.37391 45.3663 14.3736 45.36631 14.37336 45.36625 14.37309 45.36618 14.37278 45.3662 14.37234 45.36628 14.37189 45.36662 14.37139 45.36683 14.37106 45.3672 14.37053 45.36733 14.37004 45.36736 14.36957 45.36739 14.36892 45.36741 14.36866 45.36743 14.36846 45.36744 14.36837 45.36709 14.36843 45.36658 14.36836 45.36613 14.36822 45.36599 14.36808 45.36577 14.36847 45.36569 14.3688 45.36537 14.36905 45.36512 14.36943 45.3645 14.36991 45.36429 14.37024 45.36424 14.3704 45.36402 14.37041 45.36377 14.36987 45.36367 14.36954 45.36371 14.36911 45.36347 14.3696 45.36317 14.37013 45.36287 14.37032 45.36258 14.37011 45.36241 14.36987 45.36209 14.36935 45.36174 14.36884 45.36128 14.36871 45.36091 14.36848 45.36089 14.36828 45.36094 14.36807 45.36097 14.36796 45.36096 14.36795 45.36096 14.36794 45.36094 14.3677 45.36036 14.36756 45.36004 14.36733 45.35968 14.36675 45.35922 14.36627 45.35926 14.36573 45.35931 14.36524 45.35931 14.36517 45.35927 14.36485 45.35922 14.36452 45.35923 14.36391 45.35934 14.36351 45.35938 14.36292 45.3596 14.36259 45.35974 14.36238 45.35942 14.36172 45.35934 14.36156 45.35943 14.36121 45.35936 14.36111 45.35926 14.36096 45.35898 14.36059 45.35863 14.36025 45.35855 14.36017 45.35841 14.36005 45.35826 14.3596 45.35831 14.35932 45.35864 14.35895 45.35891 14.35882 45.35926 14.35877 45.3595 14.35853 45.35956 14.35841 45.35958 14.35838 45.35962 14.35831 45.35952 14.35829 45.35934 14.35826 45.35913 14.35821 45.35912 14.35805 45.35879 14.35818 45.35864 14.35771 45.3588 14.35758 45.35896 14.35737 45.35914 14.35718 45.35917 14.35699 45.35919 14.35685 45.35918 14.35675 45.35917 14.35665 45.35916 14.35658 45.35916 14.35653 45.35905 14.35625 45.35904 14.35624 45.35893 14.3561 45.35881 14.35606 45.3586 14.35597 45.35824 14.35593 45.3577 14.35598 45.35732 14.35598 45.35677 14.35585 45.35632 14.35578 45.35601 14.35595 45.35573 14.35615 45.35555 14.35633 45.3551 14.35665 45.35501 14.35672 45.35407 14.35678 45.3536 14.35682 45.35308 14.35701 45.35265 14.35709 45.35333 14.35566 45.35372 14.35493 45.35402 14.35452 45.35435 14.3537 45.35463 14.3527 45.35464 14.35167 45.35479 14.35062 45.35499 14.34962 45.35497 14.34887 45.35523 14.34807 45.35567 14.34715 45.35651 14.34544 45.35727 14.34362 45.35893 14.34033 45.35972 14.33846 45.35996 14.33802 45.35895 14.33714 45.35815 14.33643 45.35801 14.33644 45.3574 14.33659 45.35718 14.33658 45.35694 14.33622 45.35661 14.33575 45.35659 14.33573 45.35627 14.33532 45.3561 14.33513 45.35588 14.33501 45.35599 14.33471 45.35611 14.33441 45.35619 14.33411 45.35626 14.33382 45.35617 14.33365 45.35615 14.33362 45.35609 14.33353 45.35581 14.33316 45.35556 14.33284 45.35534 14.33269 45.35525 14.33241 45.35523 14.3324 45.35512 14.33232 45.35499 14.33222 45.35489 14.3321 45.35471 14.332 45.35373 14.33201 45.35292 14.33222 45.3523 14.33241 45.35224 14.33249 45.35225 14.33281 45.35223 14.33289 45.35187 14.33341 45.35178 14.33377 45.35175 14.33406 45.35179 14.33441 45.3518 14.33453 45.35184 14.33466 45.35189 14.33491 45.35193 14.33505 45.35195 14.33514 45.35193 14.33526 45.35184 14.3354 45.35179 14.33553 45.35179 14.33573 45.35187 14.33594 45.35187 14.33601 45.3518 14.33614 45.35182 14.33691 45.35175 14.33706 45.35164 14.33714 45.35096 14.3372 45.35078 14.3373 45.35065 14.33753 45.35067 14.33792 45.35067 14.33804 45.35064 14.3381 45.35053 14.33815 45.35046 14.33815 45.35037 14.33828 45.3503 14.33853 45.35023 14.33864 45.35021 14.33877 45.35023 14.33892 45.35024 14.33907 45.35021 14.33912 45.3501 14.33915 45.35004 14.33926 45.35002 14.33951 45.34987 14.33969 45.34987 14.33979 45.3499 14.33986 45.34993 14.33991 45.34991 14.34002 45.34982 14.34015 45.34982 14.3404 45.34995 14.34073 45.34995 14.34096 45.35002 14.34109 45.35008 14.34129 45.35008 14.3416 45.35012 14.3417 45.35012 14.34185 45.35008 14.34193 45.35002 14.342 45.34985 14.34198 45.34972 14.34198 45.34953 14.34211 45.34941 14.3422 45.34923 14.34241 45.34922 14.34255 45.34925 14.34269 45.34923 14.34283 45.34912 14.34289 45.34899 14.34291 45.34853 14.34361 45.34849 14.34376 45.34831 14.34399 45.34824 14.34422 45.34823 14.34453 45.34816 14.34466 45.34814 14.34489 45.34801 14.34514 45.34798 14.34596 45.34795 14.34622 45.34788 14.3464 45.34773 14.3466 45.34756 14.34696 45.34749 14.34706 45.3474 14.34712 45.34727 14.3473 45.34722 14.34748 45.34708 14.34771 45.34704 14.34781 45.34705 14.34799 45.34702 14.34809 45.34697 14.34817 45.34679 14.34865 45.34665 14.34895 45.34665 14.34917 45.34661 14.34945 45.34653 14.34963 45.34649 14.34975 45.34649 14.34988 45.34645 14.35002 45.34632 14.35037 45.3463 14.3507 45.34625 14.35093 45.34614 14.35116 45.34609 14.35137 45.34591 14.35173 45.34584 14.35229 45.34579 14.35242 45.34563 14.35234 45.34557 14.35242 45.34557 14.35256 45.34557 14.35257 45.34563 14.3528 45.34559 14.35296 45.34543 14.35319 45.34546 14.35355 45.34545 14.35367 45.34531 14.35388 45.3453 14.35399 45.34534 14.35406 45.34535 14.35416 45.34526 14.35439 45.34526 14.35467 45.34548 14.35495 45.34556 14.35509 45.34559 14.35523 45.34555 14.35537 45.34534 14.35574 45.34512 14.356 45.34511 14.35615 45.34498 14.35638 45.34495 14.35664 45.34486 14.35674 45.34481 14.35687 45.34473 14.35697 45.34461 14.35705 45.34454 14.35705 45.34439 14.35721 45.34434 14.35736 45.34409 14.35772 45.34406 14.35787 45.34401 14.35794 45.34395 14.35795 45.34382 14.35818 45.34375 14.35821 45.34366 14.35834 45.34363 14.35859 45.3434 14.3589 45.34336 14.35918 45.34327 14.35949 45.34327 14.35969 45.34315 14.36018 45.34317 14.36042 45.34315 14.36054 45.34308 14.36064 45.34299 14.36069 45.3429 14.36074 45.34276 14.36095 45.34265 14.36121 45.3426 14.36149 45.34262 14.36187 45.34275 14.36215 45.34304 14.36246 45.34316 14.36266 45.34322 14.36278 45.34326 14.36299 45.34324 14.36308 45.34318 14.36312 45.34309 14.36312 45.34266 14.36312 45.34234 14.36325 45.34225 14.36333 45.34213 14.36354 45.34202 14.36359 45.34193 14.36382 45.34193 14.36405 45.34204 14.36445 45.34202 14.36479 45.34181 14.3651 45.34176 14.36527 45.3417 14.36556 45.3417 14.36563 45.34169 14.36604 45.34162 14.36625 45.34162 14.36642 45.34165 14.36662 45.34161 14.36678 45.34153 14.36689 45.34135 14.36715 45.34119 14.36767 45.34112 14.36783 45.34103 14.36794 45.34098 14.36807 45.34096 14.3684 45.34091 14.36868 45.34091 14.36914 45.34102 14.36929 45.34117 14.36939 45.34123 14.36943 45.34123 14.36954 45.34128 14.36959 45.34137 14.36967 45.34135 14.36977 45.34124 14.36998 45.34124 14.37003 45.34135 14.3702 45.3414 14.37043 45.34147 14.37059 45.34147 14.37065 45.34147 14.37066 45.3414 14.37075 45.34129 14.37083 45.34112 14.371 45.34099 14.37113 45.34086 14.37128 45.34081 14.37144 45.34081 14.37164 45.34083 14.3718 45.34084 14.37198 45.34083 14.37217 45.34078 14.3723 45.34071 14.37239 45.34063 14.37243 45.34052 14.37243 45.34042 14.37246 45.34036 14.37262 45.34034 14.37273 45.3403 14.37282 45.34023 14.37291 45.34019 14.37302 45.34021 14.37318 45.34023 14.37334 45.34022 14.37353 45.34023 14.37371 45.34023 14.37392 45.34016 14.37422 45.34011 14.37451 45.34006 14.37465 45.33997 14.37484 45.33989 14.37503 45.3398 14.37519 45.33976 14.37531 45.33975 14.37539 45.33973 14.37544 45.33966 14.37551 45.33961 14.37555 45.33956 14.37561 45.33956 14.37563 45.33956 14.37569 45.3396 14.37577 45.33965 14.37584 45.3397 14.37588 45.33971 14.37593 45.33968 14.37601 45.33963 14.37606 45.3396 14.37616 45.33965 14.37623 45.33972 14.37635 45.33971 14.37641 45.33965 14.37648 45.33952 14.37652 45.33939 14.37663 45.33922 14.37688 45.33911 14.37709 45.33905 14.37725 45.33901 14.3774 45.339 14.37748 45.33904 14.37765 45.33913 14.37793 45.33922 14.37825 45.33925 14.37836 45.33925 14.37845 45.33922 14.3786 45.33916 14.37883 45.33914 14.37891 45.33911 14.37905 45.33895 14.379 45.33879 14.37895 45.33882 14.37841 45.33882 14.37814 45.3387 14.37813 45.33868 14.37876 45.33866 14.37908 45.33877 14.37911 45.33899 14.37919 45.33905 14.37935 45.33904 14.37956 45.33901 14.37969 45.3389 14.3799 45.33872 14.38015 45.33864 14.38033 45.33857 14.38047 45.33847 14.38057 45.3384 14.38067 45.3384 14.38078 45.33839 14.38096 45.33837 14.38121 45.33835 14.38134 45.33828 14.38159 45.33822 14.38191 45.33817 14.38216 45.33814 14.38259 45.33812 14.38288 45.3381 14.38308 45.33796 14.3833 45.33784 14.3836 45.33777 14.38397 45.33776 14.38413 45.33772 14.38429 45.33766 14.3844 45.33763 14.38453 45.33763 14.38468 45.33762 14.38485 45.33757 14.38496 45.33749 14.38508 45.33745 14.38518 45.33744 14.38537 45.33742 14.3859 45.33742 14.3861 45.3375 14.38629 45.33754 14.3864 45.33756 14.38654 45.33755 14.38666 45.33749 14.38674 45.33736 14.38685 45.33726 14.38705 45.33722 14.38723 45.33723 14.38737 45.33723 14.38755 45.33732 14.38784 45.33738 14.38801 45.33739 14.38821 45.33734 14.38844 45.33725 14.38858 45.33712 14.38862 45.33682 14.38861 45.33676 14.38893 45.33635 14.38884 45.33635 14.3884 45.33642 14.38815 45.33634 14.3881 45.33624 14.38836 45.33619 14.38932 45.33627 14.38932 45.33629 14.38939 45.33621 14.38946 45.33655 14.39025 45.33667 14.39054 45.33646 14.39074 45.33632 14.39046 45.33617 14.39059 45.33634 14.39102 45.336 14.39134 45.33655 14.39274 45.33635 14.39289 45.33645 14.39317 45.33619 14.39335 45.33601 14.3929 45.33588 14.39298 45.33667 14.39649 45.33619 14.39672 45.33555 14.39399 45.33537 14.39398 45.33505 14.39275 45.33503 14.39256 45.33504 14.3924 45.33519 14.39184 45.33506 14.39176 45.33486 14.39243 45.33484 14.39259 45.33487 14.3928 45.33521 14.39405 45.33519 14.39445 45.33514 14.39495 45.3351 14.39526 45.33503 14.39559 45.33502 14.39577 45.33503 14.39586 45.33523 14.39616 45.33523 14.39729 45.33521 14.39973 45.33521 14.39992 45.33476 14.39993 45.33475 14.40021 45.33526 14.4002 45.33526 14.40082 45.33486 14.40083 45.33486 14.40175 45.33449 14.40177 45.33449 14.401 45.33462 14.40098 45.33462 14.4007 45.33455 14.4007 45.33456 14.39988 45.33448 14.39968 45.33436 14.39981 45.33441 14.39998 45.33438 14.40078 45.33435 14.4019 45.33433 14.4033 45.33424 14.40347 45.33412 14.40345 45.33394 14.40373 45.33412 14.40401 45.33427 14.4039 45.33426 14.40449 45.33422 14.4046 45.33395 14.40503 45.33391 14.40521 45.33391 14.40599 45.33393 14.4061 45.33406 14.40642 45.3343 14.40685 45.3344 14.40703 45.33443 14.40717 45.33445 14.40918 45.33443 14.40944 45.33443 14.40954 45.33436 14.40994 45.33428 14.41031 45.33406 14.41084 45.33374 14.41139 45.3339 14.41159 45.33395 14.41145 45.33415 14.41161 45.33345 14.41377 45.33304 14.41356 45.33265 14.41335 45.3326 14.41323 45.33256 14.41314 45.33265 14.41256 45.33275 14.4126 45.33282 14.4123 45.33274 14.41227 45.33278 14.41208 45.33286 14.4121 45.33293 14.41175 45.33284 14.41171 45.33286 14.41156 45.33296 14.41158 45.33298 14.41129 45.3329 14.41128 45.33292 14.41103 45.33293 14.41078 45.33282 14.41077 45.33278 14.41128 45.33278 14.41148 45.33254 14.41261 45.33246 14.41304 45.33246 14.41322 45.33252 14.41339 45.33266 14.41354 45.33281 14.41366 45.33267 14.41414 45.3326 14.41436 45.33216 14.41578 45.33212 14.41605 45.33207 14.41645 45.33177 14.41733 45.33167 14.41768 45.33151 14.41803 45.33142 14.41853 45.33134 14.41915 45.33133 14.41949 45.33127 14.41971 45.33122 14.42 45.33122 14.42019 45.3312 14.4203 45.33113 14.4205 45.33093 14.42083 45.33084 14.42098 45.33078 14.42103 45.33076 14.42104 45.3306 14.421 45.3304 14.42091 45.32993 14.42089 45.32959 14.42096 45.32949 14.42105 45.32941 14.42118 45.32936 14.42142 45.32933 14.42169 45.33059 14.4223 45.33025 14.42391 45.33016 14.42436 45.32987 14.42601 45.32973 14.42668 45.32882 14.42605 45.32848 14.42696 45.3294 14.4277 45.32865 14.42999 45.32832 14.43102 45.32824 14.43126 45.32809 14.43168 45.32674 14.43077 45.32635 14.43186 45.32797 14.43308 45.32707 14.43568 45.32592 14.43489 45.32555 14.43585 45.32681 14.4367 45.3265 14.43757 45.32696 14.43793 45.32671 14.4386 45.32617 14.43824 45.32593 14.43878 45.32651 14.43918 45.3263 14.43973 45.32617 14.44009 45.32567 14.4398 45.32555 14.44099 45.32582 14.44118 45.32568 14.44151 45.32551 14.4419 45.3247 14.44124 45.32409 14.4407 45.32391 14.44054 45.32391 14.43989 45.32406 14.43982 45.32405 14.43869 45.32411 14.4383 45.32414 14.43765 45.32434 14.43491 45.32445 14.43331 45.32456 14.43201 45.32468 14.43152 45.32479 14.43123 45.32553 14.42903 45.32581 14.42823 45.32601 14.42758 45.32654 14.42593 45.32663 14.42566 45.32672 14.42492 45.32681 14.42403 45.32715 14.42096 45.3272 14.42056 45.3272 14.42022 45.32714 14.41928 45.32696 14.41932 45.32702 14.42031 45.32702 14.4206 45.32696 14.42119 45.32646 14.42555 45.32636 14.42587 45.32596 14.42705 45.32498 14.4299 45.32433 14.43196 45.32425 14.43221 45.32422 14.4325 45.32419 14.43318 45.32385 14.43793 45.32376 14.43862 45.32363 14.43875 45.32302 14.43882 45.32309 14.4391 45.3236 14.43912 45.32354 14.43999 45.32352 14.44018 45.32375 14.44003 45.32375 14.44034 45.32355 14.44042 45.32347 14.44066 45.32329 14.44144 45.32289 14.44305 45.32288 14.44312 45.32318 14.44381 45.32305 14.44424 45.32298 14.44414 45.32295 14.4444 45.32266 14.44408 45.32194 14.44332 45.32196 14.44324 45.32221 14.44212 45.32199 14.44192 45.32165 14.44286 45.32163 14.44291 45.32144 14.44272 45.32145 14.44262 45.32168 14.44108 45.32193 14.43944 45.32202 14.43887 45.32253 14.43893 45.32254 14.43874 45.32201 14.43864 45.32171 14.43785 45.3216 14.43793 45.32184 14.43865 45.32151 14.44105 45.32124 14.44254 45.3212 14.44285 45.32126 14.44327 45.3217 14.44524 45.32197 14.44639 45.32204 14.44698 45.32203 14.44783 45.32199 14.44799 45.32178 14.44852 45.32166 14.44894 45.32252 14.44968 45.32263 14.4497 45.32272 14.45013 45.32221 14.45011 45.32219 14.45068 45.32193 14.45062 45.32192 14.45077 45.32213 14.45086 45.32192 14.45198 45.3218 14.45194 45.32178 14.45211 45.32188 14.45216 45.32167 14.45354 45.32158 14.45362 45.32153 14.45374 45.3215 14.45383 45.32149 14.45397 45.32151 14.4541 45.32155 14.45423 45.32155 14.45434 45.3215 14.45474 45.32146 14.45486 45.3214 14.45498 45.32125 14.45512 45.32111 14.45536 45.32102 14.45554 45.32091 14.45597 45.3209 14.4563 45.32093 14.45679 45.32104 14.45715 45.32118 14.45743 45.32123 14.4576 45.32124 14.45804 45.32122 14.45851 45.3212 14.45867 45.32118 14.45881 45.32111 14.45909 45.321 14.45947 45.32074 14.45999 45.3204 14.46067 45.32003 14.46124 45.31988 14.46157 45.31977 14.46145 45.31969 14.46157 45.3198 14.46171 45.31968 14.46191 45.31955 14.46226 45.31941 14.46266 45.31931 14.46289 45.31923 14.46304 45.31904 14.46317 45.3189 14.4633 45.3188 14.46352 45.31876 14.46373 45.3187 14.4639 45.31871 14.46421 45.31862 14.46447 45.31847 14.46473 45.31839 14.46483 45.31832 14.46485 45.31818 14.4649 45.31806 14.46505 45.31798 14.46514 45.31794 14.46529 45.31792 14.4655 45.31787 14.46571 45.31777 14.46596 45.31769 14.46615 45.31761 14.46621 45.31745 14.46631 45.31716 14.46637 45.31699 14.46642 45.31686 14.46659 45.3168 14.46665 45.3167 14.4667 45.31663 14.46684 45.31651 14.46692 45.31626 14.46705 45.3161 14.46714 45.31597 14.46725 45.31593 14.46737 45.3159 14.46749 45.31576 14.46766 45.31567 14.46776 45.31566 14.46808 45.3157 14.46833 45.31568 14.4686 45.31559 14.469 45.31552 14.46922 45.31543 14.46937 45.31531 14.46939 45.31519 14.46945 45.31505 14.46947 45.31491 14.46949 45.31477 14.46959 45.31471 14.46973 45.31462 14.46987 45.31448 14.46996 45.3143 14.47002 45.31415 14.47008 45.31401 14.4702 45.31392 14.47037 45.31387 14.47053 45.31401 14.47059 45.31394 14.47078 45.31368 14.47088 45.31384 14.47019 45.31374 14.47016 45.31358 14.47069 45.31338 14.4712 45.31326 14.47146 45.31311 14.47163 45.31297 14.47185 45.31278 14.47215 45.31258 14.47242 45.31246 14.47258 45.31237 14.47295 45.31221 14.47358 45.31207 14.47399 45.31183 14.47457 45.31184 14.47462 45.31212 14.47439 45.31221 14.47453 45.31199 14.47479 45.31204 14.47488 45.3123 14.47464 45.31239 14.47477 45.3121 14.47506 45.31204 14.47506 45.31175 14.47463 45.31176 14.47445 45.31167 14.47445 45.31167 14.47464 45.3117 14.47477 45.31202 14.47525 45.31209 14.47555 45.31212 14.47564 45.31226 14.47563 45.31243 14.47566 45.31251 14.47573 45.31255 14.47586 45.31255 14.47601 45.31263 14.47618 45.31274 14.47629 45.31282 14.47639 45.31288 14.4766 45.31304 14.47677 45.31316 14.47688 45.31326 14.47681 45.3134 14.4767 45.31368 14.47624 45.3139 14.47642 45.31405 14.47649 45.3143 14.47644 45.31533 14.4759 45.31596 14.47549 45.31614 14.47549 45.31622 14.4755 45.31625 14.47557 45.31641 14.47589 45.31637 14.47604 45.31632 14.47626 45.31601 14.47676 45.31562 14.47746 45.31532 14.47806 45.31524 14.47863 45.3155 14.47922 45.31579 14.47996 45.31599 14.48022 45.3163 14.48062 45.31647 14.48029 45.31684 14.48064 45.31714 14.48085 45.31732 14.48101 45.31775 14.48095 45.31795 14.48108 45.31838 14.48145 45.31871 14.48134 45.31884 14.48239 45.31906 14.48306 45.31931 14.48365 45.31937 14.48423 45.31951 14.48469 45.3196 14.48527 45.31961 14.48532 45.31961 14.48547 45.3196 14.4859 45.31956 14.48658 45.3195 14.48716 45.31969 14.48786 45.31971 14.48796 45.31957 14.48891 45.31841 14.49075 45.31874 14.49116 45.31887 14.49133 45.31888 14.49152 45.31895 14.49333 45.31899 14.49452 45.31891 14.49469 45.31886 14.4948 45.3187 14.49512 45.3186 14.49533 45.31842 14.49569 45.31798 14.4966 45.31752 14.49762 45.31702 14.4984 45.3165 14.49917 45.31575 14.49998 45.31536 14.50074 45.31531 14.50132 45.31495 14.50264 45.31469 14.50351 45.31423 14.50408 45.31398 14.50475 45.31373 14.50568 45.31334 14.50711 45.3133 14.5072 45.3132 14.5074 45.31298 14.50788 45.31265 14.50844 45.31248 14.50917 45.31218 14.51032 45.31184 14.51112 45.31141 14.51214 45.3113 14.51274 45.31118 14.51335 45.3111 14.51397 45.3111 14.51519 45.31129 14.51615 45.31153 14.51753 45.31154 14.51755 45.31167 14.51801 45.31182 14.51852 45.31182 14.51873 45.31181 14.51901 45.31174 14.51963 45.31146 14.52021 45.31121 14.52055 45.31088 14.52088 45.31063 14.52131 45.31059 14.52177 45.31056 14.52201 45.3095 14.5228 45.30895 14.52314 45.30831 14.5236 45.30787 14.52383 45.30744 14.52414 45.3074 14.52414 45.30884 14.52772 45.30909 14.52797 45.30944 14.52855 45.30973 14.52977 45.30995 14.52901 45.31017 14.52925 45.31046 14.52993 45.31072 14.52998 45.31138 14.53 45.31162 14.52982 45.31342 14.53221 45.31384 14.53247 45.31386 14.53234 45.31395 14.53133 45.31423 14.53058 45.31441 14.53042 45.31477 14.53059 45.31501 14.53067 45.31522 14.53072 45.31544 14.53066 45.31556 14.53053 45.31565 14.53027 45.31565 14.53004 45.3156 14.52971 45.31548 14.52927 45.3158 14.52886 45.31619 14.52833 45.31663 14.52764 45.31675 14.52756 45.3169 14.52747 45.31662 14.52615 45.31638 14.5254 45.31601 14.52426 45.31574 14.52373 45.31535 14.5227 45.31513 14.52185 45.31541 14.52164 45.31606 14.52124 45.31667 14.5209 45.31708 14.52058 45.31755 14.51989 45.31783 14.5191 45.31824 14.51808 45.31864 14.51675 45.31889 14.51569 45.31912 14.51457 45.31947 14.51334 45.31971 14.51296 45.31972 14.51294 45.31974 14.51291 45.32018 14.51204 45.32061 14.51118 45.32106 14.51043 45.32153 14.50952 45.32203 14.50856 45.32242 14.50783 45.32281 14.50747 45.32328 14.50712 45.32351 14.50678 45.32365 14.50612 45.32382 14.50546 45.32414 14.50496 45.32458 14.50442 45.32461 14.50436 45.32485 14.5037 45.3251 14.50272 45.32531 14.50214 45.32547 14.50171 45.32591 14.50091 45.32656 14.49968 45.32709 14.49887 45.32764 14.49805 45.32808 14.49712 45.32855 14.49589 45.32882 14.49533 45.32914 14.49467 45.32965 14.49389 45.33007 14.49308 45.33018 14.49288 45.33056 14.49215 45.33094 14.49139 45.33125 14.49063 45.33158 14.48965 45.33211 14.48847 45.33279 14.48757 45.33347 14.4867 45.33474 14.48525 45.33545 14.48491 45.33611 14.48444 45.33696 14.48387 45.33772 14.48315 45.33825 14.4829 45.33905 14.48287 45.33938 14.48291 45.33977 14.48223 45.34025 14.4815 45.34103 14.48052 45.34156 14.47961 45.34204 14.47845 45.34303 14.47619 45.34402 14.47555 45.34432 14.47595 45.34448 14.47622 45.34466 14.4763 45.34477 14.47625 45.34477 14.47593 45.34477 14.47591 45.34476 14.47591 45.34473 14.47583 45.3447 14.47574 45.3446 14.47537 45.34454 14.4751 45.34462 14.47472 45.3448 14.47451 45.345 14.47445 45.34519 14.47435 45.34572 14.47409 45.34676 14.47377 45.34768 14.47341 45.34788 14.47343 45.3482 14.47345 45.3485 14.47362 45.34858 14.47382 45.34866 14.474 45.34925 14.47382 45.3494 14.474 45.34951 14.47374 45.35034 14.47347 45.3512 14.47338 45.352 14.47318 45.35286 14.47288 45.35384 14.47227 45.35479 14.47185 45.35523 14.47165 45.3558 14.47136 45.3562 14.47109 45.35651 14.47078 45.35703 14.47007 45.3574 14.4696 45.35803 14.46899 45.35826 14.46857 45.35832 14.46792 45.35834 14.46745 45.35835 14.46714 45.35836 14.46692 45.35835 14.46685 45.35834 14.46678 45.35831 14.46661 45.35828 14.4664 45.35822 14.46568 45.35819 14.46524 45.35781 14.4649 45.35759 14.46427 45.35743 14.46385 45.35717 14.46352 45.35686 14.46362 45.35667 14.46366 45.35648 14.46348 45.35654 14.46294 45.35663 14.46219 45.35668 14.4616 45.35672 14.46073 45.357 14.46092 45.35729 14.46113 45.35749 14.46084 45.35772 14.4608 45.35823 14.46028 45.35881 14.45961 45.35931 14.45898 45.35988 14.45834 45.36044 14.45767 45.36087 14.45732 45.36093 14.45722 45.36128 14.45673 45.36136 14.45662 45.36135 14.45657 45.36128 14.45632 45.36123 14.45581 45.36133 14.45538 45.36141 14.45499 45.36143 14.45483 45.36145 14.45459 45.36128 14.45423 45.36087 14.45371 45.36053 14.45323 45.36016 14.45277 45.35987 14.45258 45.35951 14.45268 45.35897 14.45292 45.35886 14.45252 45.35883 14.45216 45.35876 14.45177 45.35861 14.45117 45.35857 14.45067 45.35855 14.45003 45.35846 14.44943 45.35832 14.44903 45.35816 14.44849 45.35818 14.44794 45.35812 14.44728 45.35869 14.44672 45.35895 14.44638 45.35931 14.4459 45.35988 14.44577 45.36048 14.44606 45.36107 14.44637 45.36152 14.4464 45.36185 14.44599 45.3622 14.44554 45.36309 14.44506 45.3638 14.44508 45.3643 14.4447 45.36465 14.44452 45.36517 14.44379 45.36559 14.44335 45.36605 14.44267 45.36665 14.44243 45.3672 14.44257 45.36796 14.44287 45.36911 14.44171 45.37 14.44144 45.37132 14.44102 45.37239 14.44069 45.37301 14.44046 45.37364 14.44009 45.37441 14.43994 45.3749 14.44026 45.37524 14.44084 45.37602 14.4397 45.37638 14.43855</gml:posList>
                        </gml:LinearRing>
                      </gml:exterior>
                    </gml:Polygon>
                  </gml:surfaceMember>
                  <gml:surfaceMember>
                    <gml:Polygon gml:id="MEDIA_MONITORED_CILJ_ID_1_POLUTANT_1_MODEL_45">
                      <gml:exterior>
                        <gml:LinearRing>
                          <gml:posList srsDimension="2">45.2453 14.55933 45.24532 14.55933 45.24538 14.55932 45.24545 14.55926 45.24554 14.55921 45.24558 14.55916 45.24566 14.55905 45.24575 14.55898 45.24579 14.559 45.24587 14.55903 45.2459 14.55896 45.2459 14.55893 45.24589 14.55885 45.24587 14.55873 45.2458 14.5587 45.24573 14.55868 45.24566 14.55872 45.24556 14.55877 45.24545 14.55876 45.24538 14.55889 45.24535 14.55904 45.24533 14.55913 45.24529 14.55921 45.24528 14.55927 45.2453 14.55933</gml:posList>
                        </gml:LinearRing>
                      </gml:exterior>
                    </gml:Polygon>
                  </gml:surfaceMember>
                  <gml:surfaceMember>
                    <gml:Polygon gml:id="MEDIA_MONITORED_CILJ_ID_1_POLUTANT_1_MODEL_46">
                      <gml:exterior>
                        <gml:LinearRing>
                          <gml:posList srsDimension="2">45.31957 14.48891 45.31971 14.48796 45.31969 14.48786 45.3195 14.48716 45.31956 14.48658 45.3196 14.4859 45.31961 14.48547 45.31961 14.48532 45.3196 14.48527 45.31951 14.48469 45.31937 14.48423 45.31931 14.48365 45.31906 14.48306 45.31884 14.48239 45.31871 14.48134 45.31838 14.48145 45.31795 14.48108 45.31775 14.48095 45.31732 14.48101 45.31714 14.48085 45.31684 14.48064 45.31647 14.48029 45.3163 14.48062 45.31599 14.48022 45.31579 14.47996 45.3155 14.47922 45.31524 14.47863 45.31532 14.47806 45.31562 14.47746 45.31601 14.47676 45.31632 14.47626 45.31637 14.47604 45.31641 14.47589 45.31625 14.47557 45.31622 14.4755 45.31614 14.47549 45.31596 14.47549 45.31533 14.4759 45.3143 14.47644 45.31405 14.47649 45.3139 14.47642 45.31368 14.47624 45.3134 14.4767 45.31326 14.47681 45.31316 14.47688 45.31334 14.47705 45.31337 14.47717 45.31346 14.47731 45.31352 14.47745 45.31354 14.47764 45.31354 14.47782 45.31368 14.47799 45.31377 14.47787 45.31394 14.47803 45.3139 14.47816 45.31404 14.47828 45.31409 14.47816 45.31427 14.47833 45.31423 14.47842 45.31434 14.47852 45.31455 14.47812 45.31474 14.47805 45.31483 14.47807 45.31491 14.47813 45.31494 14.4782 45.31491 14.47836 45.31481 14.47851 45.31487 14.47863 45.31499 14.47847 45.31509 14.4786 45.31506 14.47867 45.3151 14.47907 45.31517 14.47961 45.31488 14.47919 45.31478 14.47937 45.3154 14.48038 45.31603 14.48139 45.31618 14.48162 45.31587 14.48216 45.31539 14.48163 45.31557 14.48125 45.31454 14.48007 45.31444 14.48008 45.31402 14.48075 45.31404 14.48086 45.3152 14.48217 45.3153 14.48217 45.31539 14.48214 45.31543 14.48207 45.31544 14.48199 45.31544 14.48185 45.31583 14.48229 45.31576 14.48238 45.31583 14.48249 45.31562 14.48288 45.31551 14.48275 45.31539 14.48293 45.31547 14.48305 45.31536 14.48321 45.31524 14.48324 45.31509 14.48341 45.31399 14.4821 45.31307 14.48101 45.31288 14.48079 45.31209 14.47984 45.31157 14.47922 45.31141 14.47938 45.31141 14.4792 45.31126 14.47919 45.31126 14.47934 45.31115 14.47929 45.31109 14.47927 45.31099 14.47927 45.31088 14.47933 45.31074 14.4794 45.31107 14.47699 45.31093 14.47694 45.31059 14.47923 45.31047 14.4793 45.31031 14.4795 45.31018 14.47975 45.31011 14.47995 45.31004 14.48027 45.30996 14.48057 45.30985 14.48079 45.30972 14.481 45.30946 14.48132 45.30929 14.48157 45.30915 14.48185 45.3091 14.48195 45.30905 14.48218 45.30879 14.48216 45.30879 14.48231 45.30898 14.48235 45.30891 14.48258 45.3088 14.48285 45.30868 14.48308 45.30855 14.48335 45.30826 14.48382 45.3078 14.48453 45.30754 14.48499 45.3073 14.4853 45.3072 14.48545 45.30714 14.48554 45.30713 14.48562 45.30713 14.48565 45.30715 14.48573 45.30714 14.48588 45.30713 14.48611 45.30713 14.48626 45.30716 14.48646 45.30727 14.48669 45.30737 14.48695 45.30743 14.48713 45.30759 14.48732 45.3078 14.4875 45.30795 14.48764 45.30805 14.48779 45.30809 14.48792 45.30808 14.48804 45.30802 14.48816 45.30802 14.48817 45.3078 14.48849 45.30768 14.48866 45.30763 14.48873 45.30757 14.48875 45.30755 14.48875 45.30754 14.48857 45.30746 14.48858 45.30746 14.48873 45.30733 14.48873 45.30734 14.48858 45.30724 14.48859 45.30724 14.48875 45.30718 14.48872 45.30713 14.48863 45.30707 14.4884 45.30702 14.48829 45.30699 14.48818 45.30699 14.48808 45.30696 14.48807 45.3069 14.48807 45.30684 14.48812 45.30676 14.48817 45.30662 14.48818 45.30642 14.48815 45.30626 14.4881 45.30616 14.48799 45.30607 14.48779 45.30601 14.48766 45.30592 14.48756 45.30569 14.48746 45.30529 14.48727 45.30521 14.48727 45.30513 14.48733 45.30508 14.48742 45.30498 14.48754 45.30495 14.48756 45.30485 14.48763 45.30468 14.48781 45.30459 14.48786 45.3045 14.48785 45.30443 14.48786 45.30437 14.48795 45.30428 14.48807 45.30424 14.48811 45.30416 14.48812 45.30399 14.48807 45.30366 14.48804 45.30333 14.48798 45.30316 14.488 45.30305 14.48802 45.30291 14.48811 45.30274 14.48829 45.30246 14.48871 45.30232 14.48891 45.30221 14.48899 45.30201 14.48909 45.3018 14.4892 45.30161 14.48936 45.30142 14.4895 45.3013 14.48967 45.30104 14.48995 45.30084 14.4901 45.30072 14.49021 45.30064 14.49034 45.3006 14.4904 45.30054 14.49045 45.30048 14.49048 45.30041 14.49052 45.30037 14.49057 45.30035 14.49066 45.30033 14.49076 45.30027 14.49087 45.30018 14.49094 45.30009 14.49097 45.30001 14.491 45.29996 14.49105 45.29994 14.49111 45.2999 14.49125 45.29987 14.49136 45.29977 14.49148 45.29959 14.49171 45.29949 14.49184 45.29934 14.49195 45.29923 14.49201 45.2991 14.49205 45.29898 14.49209 45.29893 14.49213 45.29887 14.49222 45.29877 14.49238 45.29868 14.49248 45.29855 14.49255 45.29846 14.49259 45.29836 14.49263 45.29825 14.49268 45.29806 14.49294 45.29803 14.49311 45.29798 14.49327 45.29789 14.49343 45.29769 14.49355 45.29759 14.49362 45.29752 14.49372 45.29752 14.49393 45.29757 14.49433 45.2977 14.49484 45.29787 14.49536 45.29799 14.49549 45.29802 14.49561 45.29801 14.49574 45.29798 14.49576 45.29792 14.49582 45.29777 14.49579 45.2972 14.49554 45.29691 14.49552 45.29662 14.4956 45.29641 14.49588 45.29628 14.49603 45.29617 14.49624 45.29608 14.49637 45.29587 14.49652 45.29558 14.49655 45.29536 14.49668 45.29529 14.49681 45.29526 14.49706 45.29517 14.49732 45.29512 14.4974 45.29494 14.49742 45.29481 14.49763 45.29478 14.49773 45.29478 14.49783 45.29481 14.49791 45.29483 14.49803 45.2948 14.49819 45.29463 14.49827 45.29454 14.49837 45.29453 14.49873 45.29437 14.49898 45.29423 14.49952 45.29421 14.49999 45.29421 14.50003 45.29427 14.50014 45.29439 14.50029 45.29443 14.50041 45.29439 14.50059 45.29434 14.50064 45.29423 14.50087 45.29418 14.50118 45.2942 14.50212 45.29422 14.50229 45.29428 14.50248 45.29431 14.50266 45.29427 14.50276 45.29423 14.50285 45.2942 14.50292 45.29419 14.50304 45.29412 14.50332 45.2939 14.50371 45.29385 14.50388 45.29383 14.50416 45.29385 14.50438 45.29388 14.5045 45.29387 14.50467 45.2938 14.50478 45.29362 14.50488 45.29355 14.50501 45.29348 14.50526 45.29335 14.50555 45.29335 14.50578 45.29339 14.50592 45.29335 14.506 45.29329 14.50605 45.29323 14.50604 45.29317 14.50601 45.29305 14.50601 45.29295 14.50594 45.29285 14.50593 45.29272 14.50596 45.29262 14.50601 45.29247 14.50619 45.29233 14.50663 45.29228 14.50708 45.29215 14.50754 45.29205 14.50829 45.29193 14.50872 45.29195 14.50913 45.29198 14.50923 45.29213 14.50943 45.29214 14.5095 45.29213 14.50964 45.29207 14.50979 45.292 14.50983 45.29184 14.50982 45.29177 14.50987 45.29163 14.5101 45.29159 14.51031 45.29153 14.51037 45.29144 14.5103 45.29136 14.51033 45.29121 14.51064 45.2911 14.51083 45.29105 14.511 45.29098 14.51143 45.29073 14.5121 45.29068 14.51235 45.2905 14.51286 45.29043 14.51297 45.29036 14.5132 45.29034 14.51335 45.29038 14.51342 45.29038 14.51353 45.29035 14.51357 45.29029 14.5136 45.2902 14.51378 45.29018 14.51392 45.29019 14.51413 45.29017 14.51427 45.2901 14.51437 45.28981 14.51432 45.28974 14.51437 45.28972 14.51445 45.28959 14.51453 45.2895 14.51476 45.28952 14.51495 45.28956 14.51506 45.28954 14.51517 45.28946 14.51521 45.28942 14.51524 45.28936 14.51528 45.28913 14.51542 45.28899 14.51571 45.28877 14.51594 45.28874 14.51604 45.28875 14.5163 45.28877 14.51636 45.28875 14.51642 45.28868 14.51642 45.2885 14.51655 45.288 14.51712 45.28775 14.5173 45.28761 14.51745 45.28755 14.51758 45.28759 14.51783 45.28758 14.51791 45.28756 14.51801 45.28743 14.51809 45.28736 14.51809 45.28705 14.51837 45.28682 14.51852 45.28661 14.51881 45.28643 14.51894 45.28619 14.5192 45.286 14.51953 45.28592 14.51966 45.28567 14.51984 45.28551 14.52006 45.28535 14.52031 45.2852 14.52073 45.28494 14.52145 45.28475 14.52181 45.28468 14.52214 45.28455 14.52233 45.28442 14.52247 45.2843 14.52265 45.28414 14.52317 45.28413 14.52355 45.28412 14.52368 45.28426 14.52438 45.28438 14.52445 45.28449 14.52453 45.28467 14.52456 45.28467 14.52433 45.28453 14.52434 45.28452 14.52407 45.28443 14.52404 45.28446 14.52385 45.28462 14.52387 45.28461 14.52367 45.28476 14.52368 45.28472 14.524 45.2848 14.52405 45.28484 14.5238 45.28492 14.52397 45.28497 14.52448 45.28497 14.52492 45.28492 14.52517 45.28485 14.5254 45.28467 14.52579 45.28449 14.5262 45.28444 14.52631 45.28433 14.52663 45.28423 14.52686 45.28413 14.52698 45.28401 14.52714 45.28387 14.52735 45.28376 14.52748 45.28369 14.52781 45.28364 14.52804 45.28361 14.52914 45.28368 14.52952 45.28379 14.52981 45.28384 14.52998 45.28386 14.53005 45.28383 14.53013 45.28375 14.53021 45.28369 14.53019 45.28359 14.53013 45.28332 14.52985 45.28309 14.52957 45.28294 14.52937 45.28287 14.52932 45.2828 14.52935 45.28278 14.52963 45.28282 14.52973 45.28289 14.5298 45.28287 14.52988 45.28261 14.53085 45.28232 14.5317 45.28216 14.53188 45.28196 14.53257 45.2817 14.5332 45.28165 14.53405 45.28159 14.53435 45.28154 14.53461 45.28111 14.53596 45.28099 14.53691 45.28087 14.53732 45.28053 14.53785 45.2804 14.53816 45.28028 14.53839 45.28006 14.5387 45.27978 14.53898 45.27946 14.53962 45.27933 14.5398 45.27915 14.54003 45.27905 14.53989 45.27898 14.54001 45.27908 14.54013 45.27903 14.54019 45.2788 14.54051 45.27869 14.54039 45.27861 14.54054 45.27869 14.54066 45.27847 14.54098 45.27837 14.54112 45.27827 14.54101 45.2782 14.54112 45.27831 14.54125 45.27811 14.54157 45.27806 14.54163 45.27798 14.54153 45.27792 14.54162 45.27798 14.54174 45.27779 14.54201 45.27779 14.54216 45.27792 14.54254 45.27788 14.5429 45.27792 14.543 45.27801 14.54307 45.27805 14.54323 45.27805 14.54369 45.27812 14.54407 45.27811 14.54473 45.27816 14.54501 45.27816 14.54529 45.27806 14.54562 45.27793 14.54583 45.27761 14.54632 45.27752 14.54657 45.27743 14.54708 45.27749 14.54767 45.27744 14.54876 45.27748 14.54904 45.2775 14.54927 45.27752 14.5495 45.27754 14.55075 45.27761 14.55162 45.27761 14.55192 45.27767 14.55225 45.27767 14.55246 45.27773 14.55261 45.27782 14.55269 45.27792 14.55269 45.27803 14.55258 45.27814 14.55256 45.27826 14.55245 45.27837 14.5523 45.27852 14.55217 45.27871 14.55204 45.27878 14.55186 45.27891 14.55168 45.27911 14.55153 45.27932 14.55115 45.27948 14.55107 45.27956 14.55112 45.27959 14.55119 45.27956 14.55137 45.27959 14.55173 45.27978 14.55247 45.2798 14.55275 45.2799 14.55313 45.27991 14.55344 45.27985 14.55359 45.27971 14.55377 45.27966 14.554 45.27953 14.55428 45.27952 14.55464 45.27942 14.5549 45.27941 14.55501 45.27942 14.55517 45.27948 14.55553 45.27954 14.55609 45.27954 14.55637 45.2795 14.5565 45.27952 14.55685 45.27963 14.55724 45.27971 14.55734 45.27992 14.55734 45.2801 14.55723 45.28039 14.5572 45.28102 14.55672 45.28147 14.55646 45.28186 14.55612 45.28199 14.55604 45.28209 14.55609 45.28217 14.5562 45.2822 14.55632 45.2822 14.55645 45.28208 14.55704 45.2821 14.55757 45.28223 14.55798 45.28246 14.55844 45.28254 14.55897 45.28257 14.55907 45.28265 14.55918 45.28297 14.5594 45.28326 14.55973 45.28346 14.55996 45.28353 14.56006 45.28378 14.56019 45.28411 14.56023 45.28427 14.56018 45.28472 14.55985 45.28492 14.55967 45.28527 14.55928 45.28563 14.55892 45.28583 14.55877 45.28626 14.55818 45.28682 14.55761 45.28692 14.55743 45.28698 14.55741 45.28717 14.55713 45.28723 14.5571 45.28739 14.55684 45.28753 14.55666 45.28768 14.55648 45.28789 14.5563 45.28802 14.55625 45.28811 14.55607 45.28821 14.55587 45.28837 14.55577 45.28848 14.55576 45.28861 14.55574 45.28868 14.55564 45.28875 14.55545 45.28873 14.55539 45.28841 14.55436 45.28831 14.55371 45.28818 14.55271 45.28839 14.55186 45.28882 14.55131 45.28912 14.5509 45.28974 14.55031 45.28993 14.55018 45.28996 14.55014 45.29007 14.54999 45.29027 14.55005 45.29027 14.55004 45.29033 14.54995 45.29033 14.54994 45.29038 14.54985 45.29037 14.5498 45.29032 14.54964 45.29023 14.54949 45.29016 14.54928 45.29041 14.54917 45.2908 14.549 45.291 14.54894 45.29108 14.54891 45.29105 14.54871 45.29122 14.54864 45.29168 14.5485 45.29196 14.54847 45.29241 14.5481 45.29263 14.54763 45.2928 14.54727 45.2927 14.54709 45.2928 14.54683 45.29312 14.54637 45.2934 14.54605 45.29351 14.54581 45.29361 14.5456 45.29349 14.54546 45.29343 14.54539 45.29337 14.54531 45.29357 14.5449 45.29422 14.54384 45.29497 14.54239 45.29536 14.54144 45.2959 14.54042 45.29645 14.53928 45.29685 14.5384 45.29716 14.53769 45.2977 14.53705 45.29774 14.53702 45.29821 14.5366 45.29842 14.53624 45.2989 14.5357 45.29891 14.53564 45.29903 14.53527 45.29905 14.53517 45.29897 14.53457 45.29897 14.53393 45.29898 14.53346 45.29923 14.53268 45.29956 14.53201 45.30005 14.53091 45.30051 14.53019 45.30107 14.52918 45.3013 14.52859 45.30168 14.5279 45.30203 14.52699 45.30213 14.52684 45.3025 14.52631 45.30292 14.5257 45.30343 14.52497 45.30392 14.52422 45.30443 14.52391 45.30495 14.52391 45.30541 14.52397 45.30597 14.52393 45.30628 14.524 45.30706 14.52411 45.3074 14.52414 45.30744 14.52414 45.30787 14.52383 45.30831 14.5236 45.30895 14.52314 45.3095 14.5228 45.31056 14.52201 45.31059 14.52177 45.31063 14.52131 45.31088 14.52088 45.31121 14.52055 45.31146 14.52021 45.31174 14.51963 45.31181 14.51901 45.31182 14.51873 45.31182 14.51852 45.31167 14.51801 45.31154 14.51755 45.31153 14.51753 45.31129 14.51615 45.3111 14.51519 45.3111 14.51397 45.31118 14.51335 45.3113 14.51274 45.31141 14.51214 45.31184 14.51112 45.31218 14.51032 45.31248 14.50917 45.31265 14.50844 45.31298 14.50788 45.3132 14.5074 45.3133 14.5072 45.31334 14.50711 45.31373 14.50568 45.31398 14.50475 45.31423 14.50408 45.31469 14.50351 45.31495 14.50264 45.31531 14.50132 45.31536 14.50074 45.31575 14.49998 45.3165 14.49917 45.31702 14.4984 45.31752 14.49762 45.31798 14.4966 45.31842 14.49569 45.3186 14.49533 45.3187 14.49512 45.31886 14.4948 45.31891 14.49469 45.31899 14.49452 45.31895 14.49333 45.31888 14.49152 45.31887 14.49133 45.31874 14.49116 45.31841 14.49075 45.31957 14.48891</gml:posList>
                        </gml:LinearRing>
                      </gml:exterior>
                    </gml:Polygon>
                  </gml:surfaceMember>
                  <gml:surfaceMember>
                    <gml:Polygon gml:id="MEDIA_MONITORED_CILJ_ID_1_POLUTANT_1_MODEL_47">
                      <gml:exterior>
                        <gml:LinearRing>
                          <gml:posList srsDimension="2">45.24443 14.5572 45.24445 14.557 45.24457 14.55679 45.24464 14.55649 45.24479 14.55613 45.24493 14.55585 45.24516 14.55564 45.2452 14.55549 45.2453 14.55539 45.24538 14.55516 45.24555 14.5549 45.24564 14.55477 45.24577 14.55462 45.24581 14.55452 45.2458 14.55439 45.24579 14.55434 45.24568 14.55429 45.24559 14.55419 45.24528 14.55414 45.24516 14.55422 45.24498 14.55447 45.24485 14.55458 45.24464 14.55458 45.24456 14.5545 45.24453 14.5544 45.24433 14.5543 45.24418 14.55405 45.24415 14.55371 45.24422 14.55343 45.24427 14.55336 45.2443 14.55328 45.24427 14.55323 45.24409 14.55321 45.24378 14.553 45.24371 14.5529 45.24366 14.5529 45.24359 14.55295 45.24353 14.55306 45.24324 14.55326 45.24303 14.55365 45.24255 14.55396 45.24242 14.554 45.24197 14.55432 45.24181 14.55437 45.24132 14.55468 45.24127 14.55478 45.24125 14.55481 45.24117 14.55492 45.24111 14.55511 45.241 14.55529 45.24086 14.55532 45.24071 14.55522 45.24061 14.55519 45.24055 14.55504 45.24055 14.55501 45.24055 14.55489 45.24064 14.55466 45.24073 14.55451 45.24078 14.5544 45.24094 14.5541 45.24143 14.5534 45.24173 14.55315 45.24204 14.55299 45.2422 14.55286 45.24232 14.55274 45.24238 14.55263 45.24252 14.55243 45.2427 14.55217 45.24277 14.55212 45.24279 14.55194 45.24272 14.55187 45.24254 14.55187 45.24246 14.55187 45.24241 14.55187 45.24234 14.55187 45.24216 14.55187 45.24196 14.55164 45.24174 14.55159 45.24171 14.55154 45.24171 14.55129 45.24165 14.55126 45.2416 14.55131 45.24153 14.55131 45.24144 14.55142 45.2414 14.55205 45.24133 14.55223 45.24137 14.55246 45.24135 14.55272 45.24121 14.55283 45.24112 14.5529 45.24094 14.55318 45.24078 14.55321 45.24074 14.55316 45.24074 14.55303 45.24078 14.55293 45.2411 14.55267 45.24111 14.55259 45.2411 14.55254 45.24104 14.55252 45.24076 14.55254 45.24061 14.55247 45.24052 14.55247 45.2404 14.55257 45.24029 14.55257 45.24009 14.55268 45.23982 14.55288 45.23961 14.55288 45.23939 14.55276 45.23914 14.55248 45.23903 14.55215 45.23901 14.55169 45.23894 14.55154 45.23879 14.55141 45.23859 14.55131 45.2384 14.55119 45.23798 14.55086 45.2372 14.55053 45.23706 14.55043 45.23679 14.55043 45.23659 14.55054 45.23636 14.55079 45.23609 14.55098 45.23589 14.55123 45.2357 14.55136 45.23561 14.55149 45.23541 14.55162 45.23534 14.55162 45.2353 14.55157 45.23526 14.55141 45.23526 14.55116 45.23519 14.55088 45.23521 14.55075 45.23533 14.55057 45.2354 14.55039 45.23558 14.55016 45.23558 14.54999 45.23547 14.54988 45.23544 14.54978 45.23544 14.5496 45.23556 14.54932 45.23562 14.54912 45.23569 14.54904 45.23576 14.54881 45.23583 14.54869 45.23592 14.54861 45.23622 14.5484 45.23639 14.54817 45.23674 14.54728 45.23674 14.54702 45.23666 14.5469 45.23665 14.54669 45.23661 14.54659 45.2367 14.54618 45.23686 14.54577 45.23688 14.54537 45.23673 14.54496 45.2367 14.5447 45.2368 14.54445 45.23689 14.54437 45.237 14.54445 45.23706 14.54451 45.23715 14.54462 45.23747 14.5446 45.23759 14.54447 45.23759 14.54431 45.23753 14.54431 45.23745 14.54439 45.23738 14.54432 45.23721 14.54404 45.23718 14.54381 45.23701 14.54333 45.23698 14.5433 45.23694 14.54302 45.23678 14.54269 45.23674 14.54239 45.2366 14.54206 45.23658 14.54175 45.23616 14.54073 45.23608 14.54012 45.2359 14.53962 45.23592 14.53939 45.23599 14.53918 45.23606 14.53911 45.2361 14.539 45.23615 14.5386 45.23626 14.53836 45.23643 14.5378 45.23645 14.53772 45.23647 14.53761 45.23647 14.53741 45.23643 14.53712 45.23639 14.53696 45.23625 14.53673 45.23618 14.53668 45.23589 14.53666 45.23575 14.53674 45.23571 14.53682 45.23562 14.53687 45.2355 14.53707 45.23542 14.5373 45.23528 14.53748 45.23514 14.53789 45.23496 14.5381 45.23491 14.53838 45.2348 14.53862 45.23481 14.53873 45.23478 14.53881 45.23472 14.53889 45.23446 14.53907 45.2343 14.5393 45.23396 14.53963 45.2339 14.53981 45.23391 14.53994 45.23412 14.5405 45.23411 14.5407 45.23398 14.54091 45.23378 14.54116 45.23364 14.54132 45.23353 14.54147 45.23343 14.54165 45.23323 14.54193 45.23309 14.54229 45.233 14.54242 45.23264 14.5428 45.23253 14.54303 45.23239 14.54316 45.23221 14.54321 45.23181 14.54304 45.23165 14.54314 45.23147 14.54334 45.23117 14.54353 45.23084 14.54383 45.23034 14.54394 45.23028 14.5439 45.23025 14.54365 45.23016 14.54365 45.23018 14.54409 45.23005 14.54404 45.22983 14.54371 45.22955 14.54341 45.22938 14.5434 45.22899 14.54347 45.22883 14.54342 45.2287 14.54349 45.22859 14.54362 45.22832 14.54357 45.22825 14.54363 45.2282 14.54378 45.2282 14.54398 45.22823 14.54411 45.22827 14.54467 45.22829 14.54482 45.22829 14.54495 45.22864 14.54602 45.22871 14.54614 45.22891 14.54635 45.22931 14.54662 45.22938 14.54677 45.22947 14.54685 45.22947 14.54693 45.22942 14.547 45.22929 14.54708 45.2292 14.54718 45.22911 14.54725 45.22908 14.54736 45.22911 14.54762 45.22911 14.54792 45.22906 14.54805 45.22885 14.54833 45.22868 14.54846 45.22858 14.54861 45.22845 14.54874 45.22813 14.54908 45.22791 14.54923 45.22783 14.54926 45.22775 14.54923 45.22764 14.54916 45.22752 14.54913 45.22737 14.54924 45.22732 14.54934 45.22725 14.5494 45.22722 14.54947 45.22697 14.54967 45.22666 14.54994 45.2266 14.54973 45.22652 14.54978 45.22657 14.54997 45.22649 14.55003 45.22625 14.55014 45.22576 14.55036 45.22574 14.55015 45.22565 14.55017 45.22566 14.5504 45.22556 14.55042 45.22554 14.55026 45.22545 14.55029 45.22547 14.5505 45.22524 14.55062 45.2252 14.55043 45.22515 14.55046 45.22518 14.55069 45.22484 14.55088 45.22482 14.55068 45.22476 14.55069 45.22479 14.5509 45.2245 14.55097 45.22449 14.55078 45.2244 14.55078 45.22441 14.55104 45.22432 14.55102 45.22428 14.55079 45.22418 14.55081 45.22421 14.55106 45.22401 14.55113 45.22396 14.55098 45.22388 14.55105 45.22393 14.55125 45.22387 14.55132 45.22371 14.55148 45.2235 14.55172 45.22316 14.55171 45.22302 14.55163 45.22276 14.55154 45.22263 14.55146 45.22274 14.55127 45.22265 14.55116 45.22252 14.55134 45.22236 14.55119 45.22225 14.55106 45.22214 14.55103 45.22194 14.55096 45.22172 14.55092 45.22171 14.55073 45.22161 14.55074 45.22161 14.55092 45.22127 14.55102 45.22073 14.55104 45.22042 14.5511 45.21939 14.55158 45.21925 14.55167 45.21903 14.5518 45.21892 14.55184 45.21884 14.55177 45.21876 14.55177 45.21862 14.55185 45.21844 14.55181 45.21823 14.55176 45.21815 14.55163 45.21812 14.55133 45.21817 14.55119 45.21817 14.55101 45.21807 14.55086 45.21797 14.55079 45.21773 14.55079 45.21757 14.55076 45.21721 14.55068 45.21658 14.55062 45.21645 14.55064 45.21636 14.5507 45.21626 14.55085 45.21619 14.55094 45.2161 14.55106 45.21595 14.55118 45.21593 14.55136 45.21594 14.5515 45.21582 14.55172 45.21569 14.55185 45.21552 14.55189 45.21552 14.5517 45.2154 14.5517 45.21539 14.55189 45.21525 14.55186 45.21489 14.55173 45.21465 14.55156 45.21446 14.55145 45.21438 14.55144 45.21439 14.55125 45.2143 14.55125 45.2143 14.55143 45.21373 14.55142 45.21372 14.55125 45.21358 14.55125 45.21357 14.55147 45.2134 14.55145 45.21329 14.55142 45.213 14.55125 45.21276 14.55113 45.21214 14.55112 45.21199 14.55108 45.21188 14.55102 45.21188 14.55089 45.2119 14.55081 45.21204 14.55071 45.21213 14.55055 45.2124 14.55024 45.2126 14.55012 45.21273 14.54996 45.21274 14.54971 45.21256 14.5495 45.21251 14.54938 45.21236 14.54933 45.21181 14.54933 45.21163 14.54949 45.21151 14.54956 45.21128 14.54962 45.21107 14.5498 45.211 14.5499 45.21089 14.55 45.21092 14.55017 45.2107 14.55037 45.21063 14.55027 45.21052 14.55041 45.21065 14.5506 45.21086 14.55044 45.21093 14.55059 45.21082 14.55072 45.21092 14.55089 45.21064 14.55128 45.2105 14.55147 45.21033 14.55161 45.21002 14.55187 45.2098 14.55199 45.20955 14.5522 45.20939 14.55241 45.20924 14.55262 45.20907 14.55285 45.20889 14.55298 45.20874 14.55298 45.20858 14.55288 45.20839 14.55276 45.20816 14.55249 45.20802 14.5523 45.20791 14.55212 45.20784 14.55197 45.20786 14.55181 45.20793 14.55165 45.20821 14.55152 45.20841 14.55124 45.20843 14.55109 45.2085 14.55089 45.20866 14.55066 45.20873 14.5506 45.20879 14.55043 45.20881 14.55036 45.20879 14.55029 45.2087 14.55026 45.20857 14.55027 45.20821 14.55053 45.2081 14.55069 45.20789 14.5512 45.20773 14.55143 45.20753 14.55143 45.20737 14.55125 45.20726 14.55102 45.20709 14.55044 45.20688 14.54988 45.20684 14.54955 45.20688 14.54932 45.20696 14.54917 45.20721 14.54886 45.20764 14.54847 45.20775 14.54832 45.20841 14.54774 45.20849 14.5476 45.20864 14.54743 45.20879 14.54729 45.20904 14.54699 45.20926 14.54683 45.20972 14.54617 45.2099 14.54576 45.21003 14.54558 45.21026 14.54545 45.2104 14.54532 45.21069 14.54527 45.21078 14.54516 45.2108 14.54506 45.21092 14.54491 45.21101 14.54486 45.21114 14.54486 45.21153 14.54457 45.21164 14.54457 45.21175 14.54465 45.21231 14.54464 45.2126 14.54454 45.21285 14.54433 45.21374 14.54303 45.21403 14.54272 45.21419 14.54254 45.21441 14.54231 45.21464 14.54203 45.21489 14.54177 45.21501 14.54169 45.21523 14.54146 45.21532 14.54128 45.21534 14.54113 45.21538 14.54107 45.21543 14.54105 45.21553 14.54098 45.21568 14.54092 45.21582 14.54069 45.21609 14.54051 45.21625 14.54026 45.21647 14.54015 45.21661 14.54 45.21684 14.53985 45.2169 14.53985 45.21702 14.53972 45.21742 14.53954 45.2176 14.53936 45.21772 14.53935 45.21781 14.5393 45.21796 14.5391 45.21828 14.53894 45.21837 14.53881 45.21855 14.53871 45.21862 14.53861 45.21878 14.53851 45.21898 14.5382 45.2191 14.53812 45.21925 14.53809 45.21934 14.53789 45.21982 14.5374 45.2202 14.5372 45.22036 14.53704 45.22074 14.53689 45.22084 14.53681 45.22104 14.53665 45.22127 14.53655 45.22145 14.5364 45.22185 14.53621 45.22201 14.53609 45.2221 14.53596 45.22273 14.53552 45.22289 14.53537 45.22294 14.53526 45.22316 14.53516 45.22334 14.53498 45.22363 14.53493 45.22377 14.53477 45.22406 14.53457 45.22438 14.53428 45.2249 14.53387 45.22508 14.53379 45.2252 14.53362 45.22533 14.53349 45.22549 14.53333 45.22583 14.53308 45.22637 14.53277 45.22651 14.53276 45.22659 14.53259 45.22673 14.53248 45.22694 14.53223 45.22802 14.53158 45.22876 14.53106 45.22899 14.53073 45.22903 14.5304 45.22897 14.53017 45.22883 14.53002 45.22875 14.52997 45.22859 14.52992 45.22828 14.52972 45.22812 14.52954 45.22794 14.52926 45.22769 14.52906 45.2276 14.52899 45.22727 14.52877 45.22704 14.52856 45.22695 14.52841 45.22657 14.52815 45.22642 14.52813 45.22626 14.52803 45.22612 14.528 45.22592 14.5279 45.22543 14.52753 45.2252 14.5274 45.22466 14.52741 45.22433 14.52759 45.22419 14.52774 45.22399 14.52805 45.22381 14.52823 45.22367 14.52846 45.22335 14.52889 45.22313 14.529 45.22299 14.52912 45.22284 14.52921 45.22273 14.52931 45.22247 14.52944 45.22229 14.52946 45.22206 14.52946 45.2218 14.52967 45.22179 14.52972 45.22168 14.5298 45.22157 14.5298 45.22136 14.52998 45.22123 14.53001 45.22106 14.52989 45.22098 14.52983 45.2208 14.52996 45.2203 14.53017 45.22001 14.53014 45.21994 14.53019 45.21974 14.5302 45.21959 14.53012 45.21941 14.52987 45.21936 14.52969 45.21929 14.52967 45.21911 14.52995 45.21894 14.53005 45.21868 14.53023 45.21846 14.53041 45.21814 14.53059 45.21796 14.53057 45.21787 14.53047 45.21781 14.53029 45.21774 14.53024 45.21729 14.53022 45.21644 14.5304 45.21612 14.53066 45.21585 14.53104 45.21571 14.53124 45.21562 14.53135 45.21555 14.53155 45.21546 14.53175 45.21541 14.53196 45.21534 14.53212 45.21514 14.5323 45.21507 14.53255 45.21507 14.53271 45.21503 14.53296 45.21487 14.53334 45.21478 14.53355 45.21459 14.53388 45.21416 14.53488 45.21403 14.53508 45.21386 14.53534 45.21362 14.53582 45.21335 14.53611 45.21273 14.53657 45.21253 14.53682 45.21237 14.53703 45.21205 14.53744 45.21199 14.53749 45.21178 14.53767 45.21147 14.53808 45.21097 14.53849 45.21084 14.53865 45.21063 14.53878 45.21045 14.53878 45.21005 14.53903 45.20962 14.5395 45.20945 14.53965 45.20933 14.53975 45.20923 14.53988 45.20909 14.54001 45.2088 14.54019 45.20862 14.54037 45.20833 14.54058 45.20823 14.5407 45.20796 14.54086 45.20788 14.54096 45.20769 14.54106 45.20743 14.54107 45.20718 14.54125 45.20713 14.54135 45.20693 14.54153 45.20672 14.54181 45.20639 14.54214 45.20577 14.54296 45.20539 14.54325 45.20509 14.54348 45.20478 14.54366 45.2046 14.54368 45.2046 14.54346 45.20449 14.54347 45.20448 14.54367 45.20426 14.54366 45.20419 14.54372 45.20399 14.54374 45.20397 14.54344 45.20384 14.54345 45.20384 14.54374 45.20367 14.54374 45.20352 14.54387 45.2033 14.54397 45.20329 14.54372 45.20318 14.54372 45.20319 14.54397 45.20275 14.54424 45.20268 14.5443 45.20253 14.54419 45.20248 14.54435 45.2026 14.54445 45.20259 14.54454 45.20248 14.54472 45.20237 14.5448 45.20201 14.5448 45.20198 14.54457 45.20187 14.54461 45.20191 14.54487 45.20167 14.54501 45.20141 14.54539 45.20132 14.54567 45.20125 14.54618 45.20118 14.54641 45.20112 14.54651 45.20098 14.54674 45.20083 14.5468 45.20056 14.5468 45.2004 14.5467 45.20022 14.54645 45.20008 14.54634 45.19993 14.54635 45.19972 14.5465 45.1994 14.54688 45.1992 14.54699 45.19929 14.54685 45.19941 14.54671 45.19954 14.54658 45.19972 14.54619 45.19982 14.54604 45.19984 14.54591 45.19982 14.54581 45.19962 14.54553 45.19957 14.5453 45.19962 14.54505 45.19987 14.54472 45.19991 14.54461 45.19993 14.54436 45.19989 14.54416 45.19978 14.54398 45.19949 14.54365 45.19944 14.54345 45.19947 14.54332 45.19958 14.54319 45.19974 14.54309 45.19994 14.54304 45.20039 14.54306 45.20051 14.54298 45.20058 14.54285 45.20069 14.54244 45.20078 14.54237 45.20092 14.54234 45.2012 14.54242 45.20129 14.54244 45.20137 14.54266 45.20147 14.54259 45.20138 14.54234 45.20143 14.54216 45.20141 14.54173 45.20148 14.54152 45.20157 14.54142 45.20184 14.54126 45.20196 14.54126 45.20202 14.54121 45.20211 14.54088 45.20214 14.54052 45.20234 14.53978 45.20235 14.53935 45.20217 14.53798 45.20195 14.53762 45.20184 14.53729 45.20171 14.53712 45.2017 14.53704 45.20153 14.53691 45.20144 14.53674 45.20115 14.53648 45.20083 14.53638 45.2007 14.53641 45.20057 14.53636 45.20018 14.53634 45.20011 14.53629 45.19998 14.53598 45.20002 14.53563 45.20002 14.53537 45.20001 14.53525 45.19998 14.53511 45.19989 14.53494 45.19987 14.53481 45.19978 14.53466 45.19976 14.53451 45.19963 14.53438 45.19953 14.53441 45.19943 14.53436 45.19936 14.53423 45.19929 14.53418 45.19907 14.53416 45.19895 14.53403 45.19884 14.53398 45.19861 14.53398 45.19837 14.53409 45.1983 14.53409 45.19821 14.53401 45.19805 14.53401 45.19789 14.53414 45.19756 14.5343 45.19744 14.5344 45.1973 14.53447 45.19711 14.53463 45.19699 14.53466 45.19679 14.53481 45.19645 14.53497 45.19607 14.53497 45.19564 14.53475 45.19523 14.53475 45.1951 14.5347 45.19501 14.5346 45.1949 14.53457 45.19477 14.53463 45.19447 14.53465 45.19434 14.53473 45.19402 14.53473 45.19393 14.53468 45.19382 14.53469 45.19355 14.53492 45.19321 14.5351 45.19308 14.53515 45.19292 14.53515 45.19276 14.53523 45.1926 14.5352 45.19246 14.53536 45.19244 14.53543 45.19231 14.53561 45.19226 14.53564 45.19161 14.53567 45.19155 14.53577 45.19122 14.53628 45.19113 14.53629 45.19086 14.53603 45.19077 14.53603 45.19062 14.53593 45.1901 14.53594 45.19005 14.53599 45.18969 14.53599 45.18929 14.53622 45.18906 14.53625 45.18879 14.53638 45.18857 14.53638 45.18846 14.53643 45.18832 14.53657 45.1883 14.53659 45.18805 14.53684 45.188 14.53695 45.18778 14.53705 45.18771 14.53718 45.18768 14.53738 45.18764 14.53743 45.18757 14.53738 45.18753 14.53728 45.18753 14.53708 45.1876 14.53687 45.18758 14.53657 45.18742 14.53649 45.18731 14.5366 45.18728 14.5367 45.18722 14.5367 45.18717 14.5365 45.1871 14.53642 45.18699 14.53625 45.18688 14.53596 45.18673 14.53571 45.18639 14.53525 45.1863 14.53515 45.18614 14.53495 45.18599 14.5349 45.18585 14.53493 45.1857 14.53478 45.1856 14.53475 45.18538 14.5348 45.18531 14.5347 45.18509 14.53455 45.18482 14.53445 45.18471 14.53448 45.18437 14.53443 45.18417 14.53451 45.18405 14.53451 45.18367 14.53469 45.18333 14.53469 45.1832 14.53477 45.18299 14.53482 45.1829 14.5349 45.18229 14.53491 45.18173 14.53504 45.18158 14.53517 45.18135 14.53524 45.18106 14.53545 45.18099 14.53555 45.18094 14.53555 45.18062 14.53581 45.18049 14.53586 45.1804 14.53599 45.18022 14.53609 45.18011 14.5363 45.1799 14.53643 45.17986 14.53648 45.17986 14.53654 45.17991 14.53664 45.1799 14.53673 45.17986 14.53681 45.17981 14.53686 45.1797 14.5368 45.17965 14.53684 45.17954 14.53704 45.1794 14.53717 45.17936 14.5373 45.17936 14.53763 45.17927 14.53791 45.1792 14.53799 45.17899 14.53799 45.1787 14.53784 45.17863 14.53784 45.17839 14.53769 45.17819 14.53764 45.17796 14.53769 45.17697 14.5377 45.17668 14.53765 45.17636 14.53765 45.17612 14.53776 45.17607 14.53788 45.17612 14.53801 45.17612 14.53809 45.17606 14.53817 45.17595 14.53832 45.17579 14.53872 45.17575 14.53898 45.17561 14.53949 45.17559 14.53964 45.17543 14.5401 45.17543 14.54018 45.17556 14.54051 45.1756 14.54068 45.17567 14.54079 45.17567 14.54089 45.17547 14.54089 45.17534 14.54084 45.17516 14.54105 45.17507 14.54107 45.17493 14.5412 45.17479 14.54125 45.17445 14.54148 45.17432 14.54171 45.17405 14.54189 45.17398 14.54207 45.1739 14.54219 45.17378 14.54235 45.17364 14.54256 45.17348 14.54269 45.17337 14.54276 45.17305 14.54277 45.17287 14.54292 45.17269 14.54292 45.17247 14.54277 45.17229 14.54272 45.1722 14.54275 45.17206 14.54288 45.17201 14.54316 45.17156 14.54308 45.17121 14.54311 45.17119 14.54321 45.1713 14.54324 45.17132 14.54334 45.17114 14.5436 45.17102 14.54395 45.17093 14.54403 45.17082 14.54403 45.17071 14.54411 45.17064 14.54421 45.17061 14.54439 45.17043 14.54462 45.17039 14.5448 45.17043 14.54487 45.17043 14.54503 45.17032 14.54521 45.17021 14.54531 45.17005 14.54536 45.16989 14.54536 45.16976 14.54545 45.16968 14.54544 45.16961 14.5454 45.16949 14.54541 45.16939 14.54547 45.16923 14.54567 45.1691 14.54595 45.16898 14.54616 45.16874 14.54636 45.16851 14.54647 45.16802 14.5465 45.16796 14.54638 45.16793 14.54626 45.16799 14.54612 45.16798 14.54597 45.16825 14.54566 45.16818 14.54551 45.1679 14.54579 45.16782 14.54576 45.16766 14.54558 45.16753 14.5453 45.16737 14.54518 45.16724 14.54523 45.16719 14.54536 45.16725 14.54561 45.1672 14.54575 45.16703 14.54561 45.16689 14.54562 45.16674 14.54557 45.16657 14.54545 45.16641 14.54516 45.16624 14.54486 45.16607 14.54455 45.16588 14.5442 45.16545 14.54356 45.16563 14.54332 45.16555 14.54325 45.16536 14.54345 45.16516 14.54318 45.16534 14.54294 45.16527 14.54284 45.1651 14.54305 45.16503 14.54299 45.16497 14.54284 45.16491 14.54269 45.16491 14.5425 45.16494 14.54233 45.165 14.54221 45.16522 14.54248 45.1653 14.54234 45.16511 14.54211 45.16525 14.54189 45.16556 14.54206 45.16558 14.54192 45.16523 14.54171 45.16484 14.54138 45.16471 14.54123 45.1646 14.5411 45.16444 14.5409 45.16436 14.54075 45.16454 14.54048 45.16447 14.54037 45.16426 14.54065 45.16418 14.54065 45.16405 14.54063 45.16391 14.54064 45.16366 14.54071 45.16351 14.54069 45.16333 14.54067 45.16341 14.54048 45.16334 14.54035 45.16315 14.54059 45.16301 14.54043 45.1628 14.54011 45.16264 14.53987 45.16245 14.53952 45.16213 14.53883 45.162 14.53853 45.16177 14.538 45.16153 14.53764 45.16136 14.5375 45.16119 14.53732 45.16105 14.53712 45.16089 14.53692 45.16079 14.53679 45.16064 14.5366 45.16042 14.53631 45.16011 14.53604 45.15987 14.53579 45.15957 14.53553 45.15914 14.53521 45.15879 14.53506 45.15842 14.53495 45.15784 14.53489 45.15777 14.53483 45.15739 14.53465 45.15727 14.53468 45.15718 14.53475 45.1566 14.53478 45.1564 14.53453 45.15633 14.53441 45.15628 14.5343 45.15624 14.53418 45.15611 14.53395 45.15611 14.53383 45.15608 14.53377 45.15591 14.53377 45.15582 14.53373 45.1557 14.53377 45.15561 14.53377 45.15548 14.53365 45.15527 14.53362 45.15519 14.53352 45.15496 14.5334 45.15483 14.5334 45.15465 14.53353 45.1545 14.53357 45.15433 14.53361 45.15402 14.53369 45.15396 14.53371 45.15388 14.53374 45.15368 14.53389 45.15363 14.53397 45.15358 14.53415 45.15354 14.53461 45.15348 14.53472 45.15338 14.53473 45.15327 14.53476 45.15318 14.53474 45.15309 14.53466 45.15291 14.53468 45.1528 14.53471 45.15248 14.53472 45.15237 14.53467 45.15221 14.53459 45.15208 14.53449 45.15197 14.53434 45.15196 14.53403 45.1519 14.53386 45.15183 14.53381 45.15167 14.53381 45.15161 14.53376 45.15132 14.53368 45.1512 14.53338 45.15113 14.53331 45.15111 14.53315 45.15107 14.53307 45.15106 14.53296 45.15101 14.53287 45.15099 14.53273 45.15096 14.53262 45.15094 14.53249 45.15095 14.53225 45.15092 14.53206 45.15081 14.53198 45.15076 14.53183 45.15058 14.53163 45.1505 14.53127 45.15041 14.53115 45.1504 14.53104 45.15029 14.53094 45.15023 14.53079 45.15025 14.53049 45.15036 14.53028 45.15048 14.52972 45.15053 14.52962 45.15056 14.52943 45.15058 14.52927 45.1506 14.52908 45.15061 14.52892 45.15062 14.52873 45.15062 14.52863 45.15071 14.52842 45.15085 14.52832 45.15092 14.52832 45.15103 14.52839 45.15112 14.52857 45.1513 14.52865 45.15195 14.52864 45.15211 14.52854 45.15227 14.52851 45.1524 14.52843 45.15251 14.52831 45.15262 14.52828 45.15283 14.52805 45.1529 14.52792 45.15299 14.52767 45.15299 14.52728 45.15297 14.52719 45.15295 14.52711 45.1529 14.52695 45.15259 14.52668 45.15257 14.52663 45.15243 14.52655 45.15234 14.52654 45.15226 14.52657 45.15222 14.52654 45.15222 14.52646 45.15218 14.52635 45.15212 14.5263 45.15194 14.52633 45.15155 14.52615 45.1514 14.52615 45.15131 14.52592 45.15127 14.5259 45.15122 14.52488 45.15125 14.52481 45.15123 14.52455 45.15125 14.5243 45.15132 14.52414 45.15132 14.52402 45.15141 14.52384 45.15144 14.52369 45.15144 14.52323 45.15139 14.52318 45.15128 14.52287 45.15115 14.52272 45.15115 14.52262 45.15103 14.52234 45.15074 14.52211 45.15065 14.52209 45.1505 14.52219 45.15041 14.52219 45.15034 14.52224 45.15023 14.52242 45.15018 14.52245 45.15021 14.524 45.15025 14.52581 45.15024 14.52584 45.15011 14.52678 45.1501 14.52688 45.14962 14.53172 45.14938 14.5347 45.14927 14.53915 45.14872 14.53964 45.14837 14.54037 45.14816 14.54111 45.1481 14.54192 45.14816 14.5427 45.14836 14.54351 45.14837 14.54388 45.14838 14.54421 45.14838 14.54425 45.14819 14.54485 45.14817 14.5449 45.14783 14.54538 45.14748 14.546 45.14751 14.54637 45.14785 14.54713 45.14967 14.5465 45.15123 14.54599 45.1527 14.54568 45.15462 14.54548 45.15672 14.54612 45.15799 14.54661 45.15833 14.5469 45.15877 14.54736 45.15923 14.54798 45.16057 14.55052 45.1608 14.5506 45.16167 14.54971 45.16225 14.54976 45.16318 14.5503 45.16456 14.55121 45.16517 14.55207 45.16605 14.55404 45.16679 14.55545 45.16731 14.55641 45.16708 14.55654 45.16638 14.5587 45.16602 14.56012 45.16593 14.56168 45.16598 14.56277 45.16621 14.56384 45.16655 14.5652 45.16672 14.56611 45.16675 14.56625 45.16667 14.56674 45.16663 14.56703 45.16616 14.56788 45.16604 14.56894 45.1656 14.57004 45.1648 14.57056 45.16395 14.57063 45.16308 14.57022 45.16248 14.5701 45.16133 14.57021 45.16098 14.57036 45.16008 14.57089 45.15951 14.57105 45.15794 14.57124 45.15673 14.57131 45.15464 14.57199 45.15407 14.57251 45.15334 14.5741 45.15333 14.57511 45.15318 14.5763 45.15324 14.57679 45.1534 14.57753 45.154 14.57937 45.15481 14.58097 45.1553 14.58159 45.15575 14.58224 45.15688 14.58271 45.15965 14.58335 45.16487 14.58473 45.16543 14.5847 45.16581 14.58475 45.16633 14.58467 45.16653 14.58476 45.16717 14.5844 45.16769 14.58399 45.16848 14.58248 45.16877 14.58179 45.16912 14.58053 45.16968 14.57875 45.17044 14.57724 45.17084 14.57692 45.17145 14.57623 45.17189 14.57557 45.17264 14.57595 45.17336 14.57624 45.17476 14.57736 45.17672 14.57925 45.17778 14.58044 45.17951 14.58266 45.18101 14.58408 45.181 14.58432 45.18094 14.58578 45.18088 14.58733 45.18025 14.59112 45.18031 14.59153 45.18073 14.59312 45.18162 14.59493 45.18225 14.59603 45.18251 14.59669 45.18262 14.59706 45.18263 14.59728 45.18264 14.59747 45.18265 14.59755 45.18261 14.59812 45.18244 14.5991 45.18223 14.59984 45.18217 14.60032 45.18217 14.60077 45.18228 14.6011 45.18252 14.60143 45.18301 14.60176 45.18393 14.60193 45.18454 14.60197 45.18485 14.60223 45.1852 14.60324 45.18647 14.60747 45.18667 14.60841 45.1871 14.6098 45.18756 14.61143 45.18761 14.61181 45.18767 14.61217 45.18766 14.61221 45.18765 14.61229 45.18756 14.61309 45.18756 14.6131 45.18756 14.61313 45.18755 14.61314 45.18751 14.61323 45.18747 14.61341 45.18742 14.61346 45.18738 14.61356 45.18747 14.61388 45.18747 14.6139 45.18726 14.61387 45.18724 14.61402 45.18744 14.61406 45.18746 14.6142 45.18739 14.61429 45.18721 14.61421 45.18717 14.61436 45.18731 14.61443 45.18726 14.6146 45.18731 14.61471 45.18742 14.6147 45.18746 14.61496 45.18741 14.61509 45.18744 14.61516 45.18755 14.61521 45.18757 14.61539 45.18761 14.61544 45.18786 14.61544 45.18798 14.61539 45.18804 14.61544 45.1882 14.61544 45.18831 14.61562 45.18845 14.61561 45.18854 14.61556 45.18861 14.61561 45.18876 14.61561 45.18883 14.61554 45.18887 14.61559 45.18882 14.6157 45.18887 14.61579 45.18892 14.61584 45.18914 14.61579 45.18923 14.61571 45.18932 14.61576 45.18932 14.61584 45.18928 14.61589 45.1893 14.61596 45.18941 14.61596 45.18948 14.61617 45.18966 14.61614 45.18982 14.61622 45.19 14.61621 45.19013 14.61609 45.19027 14.61601 45.19034 14.61591 45.19049 14.61577 45.19054 14.61578 45.19056 14.61603 45.19061 14.61605 45.19067 14.61601 45.19072 14.61606 45.19081 14.61606 45.19092 14.61595 45.191 14.6159 45.19104 14.61593 45.19106 14.61603 45.19115 14.61608 45.19119 14.61616 45.1913 14.61621 45.19142 14.61621 45.19153 14.61633 45.19164 14.61633 45.19178 14.61625 45.19178 14.61608 45.19191 14.61592 45.19232 14.61566 45.19254 14.61548 45.19263 14.61548 45.19297 14.61523 45.19306 14.6152 45.19317 14.61502 45.19347 14.61477 45.19352 14.61477 45.1936 14.61469 45.19365 14.61469 45.19374 14.61476 45.19388 14.61474 45.19399 14.61453 45.19406 14.61448 45.19419 14.61448 45.19433 14.61438 45.19449 14.61405 45.19476 14.61384 45.19479 14.61375 45.19476 14.61369 45.19473 14.61361 45.19474 14.61356 45.19485 14.61346 45.19492 14.61333 45.19523 14.61313 45.19528 14.61305 45.19528 14.61297 45.19534 14.61287 45.19544 14.61284 45.19564 14.61269 45.19598 14.61266 45.19618 14.61236 45.19643 14.61225 45.19649 14.61217 45.19656 14.61192 45.19666 14.61174 45.19673 14.6117 45.19685 14.61175 45.19692 14.61171 45.19694 14.61161 45.19693 14.61154 45.19686 14.61136 45.19697 14.61098 45.19706 14.61082 45.19713 14.61067 45.19724 14.61026 45.19722 14.61016 45.19713 14.61013 45.19698 14.61013 45.19662 14.61014 45.19646 14.61004 45.19641 14.61004 45.19637 14.61002 45.19636 14.60997 45.19635 14.60986 45.19642 14.60971 45.19764 14.60886 45.19773 14.60873 45.19784 14.60865 45.19793 14.60873 45.19809 14.60873 45.19849 14.60857 45.19867 14.60847 45.1987 14.60839 45.19881 14.60832 45.19892 14.60814 45.19904 14.60806 45.19919 14.60803 45.19939 14.60788 45.19967 14.60785 45.19985 14.60795 45.19991 14.60805 45.2 14.60805 45.2 14.60795 45.20009 14.60775 45.20048 14.60746 45.20055 14.60746 45.20072 14.60736 45.20088 14.60713 45.20113 14.60695 45.2012 14.60682 45.20129 14.60682 45.20151 14.60697 45.20165 14.60697 45.2017 14.6069 45.2017 14.60682 45.20178 14.60667 45.20196 14.60666 45.20199 14.60661 45.20204 14.6065 45.20215 14.6062 45.20226 14.60613 45.2024 14.60613 45.20269 14.60602 45.2028 14.60592 45.20285 14.60572 45.20309 14.60559 45.20325 14.60533 45.20326 14.60487 45.20337 14.60467 45.20346 14.60464 45.20353 14.60472 45.20361 14.6049 45.20367 14.60497 45.20375 14.60505 45.20386 14.60505 45.20393 14.605 45.20402 14.60487 45.20405 14.60472 45.20411 14.60464 45.2044 14.60446 45.20468 14.60435 45.20483 14.60425 45.20492 14.6041 45.2052 14.60397 45.20524 14.60389 45.20547 14.60376 45.20556 14.60358 45.20589 14.6034 45.20594 14.6032 45.20599 14.60312 45.20635 14.60294 45.20653 14.60274 45.20663 14.60267 45.20671 14.60261 45.20676 14.60253 45.20698 14.6021 45.20723 14.60194 45.20725 14.60174 45.20732 14.60159 45.2074 14.60156 45.2075 14.60163 45.20761 14.60158 45.20777 14.60133 45.20779 14.6012 45.20782 14.60115 45.20789 14.6011 45.20802 14.6011 45.20814 14.60087 45.20822 14.60082 45.20834 14.60082 45.20852 14.60069 45.20873 14.6006 45.20886 14.60043 45.20899 14.60035 45.20907 14.60017 45.20917 14.60005 45.20928 14.59997 45.20942 14.59997 45.20947 14.60002 45.20962 14.59999 45.20981 14.59961 45.20993 14.59948 45.20996 14.5994 45.21005 14.5993 45.21012 14.59915 45.21019 14.5991 45.21028 14.5991 45.21042 14.59917 45.21059 14.59917 45.21066 14.59897 45.21082 14.59884 45.2109 14.59871 45.21098 14.59863 45.21105 14.59845 45.21116 14.59842 45.21127 14.59847 45.21138 14.59845 45.21157 14.59825 45.21191 14.59814 45.212 14.59804 45.21209 14.59784 45.21224 14.59771 45.21231 14.59768 45.2124 14.59758 45.21263 14.59748 45.21272 14.59732 45.21297 14.59709 45.21322 14.59694 45.21328 14.59683 45.21364 14.59665 45.21371 14.59655 45.2138 14.5963 45.2138 14.59619 45.21385 14.59609 45.21414 14.59606 45.2143 14.59599 45.21455 14.59573 45.21461 14.59555 45.2148 14.59547 45.21509 14.59512 45.21525 14.59509 45.21527 14.59497 45.21525 14.59489 45.21529 14.59478 45.21536 14.59473 45.21565 14.59473 45.21583 14.59442 45.21597 14.59432 45.21608 14.59401 45.21617 14.59399 45.21622 14.59391 45.21625 14.59358 45.21633 14.5935 45.21651 14.59342 45.21658 14.5933 45.21663 14.59327 45.21683 14.59286 45.21706 14.59268 45.21715 14.59268 45.21724 14.5926 45.21738 14.59258 45.21742 14.59253 45.21744 14.5924 45.21762 14.59227 45.21771 14.59209 45.21781 14.59203 45.2179 14.59194 45.21807 14.59183 45.21814 14.59173 45.21832 14.5916 45.21833 14.59155 45.21848 14.59148 45.21855 14.5913 45.21869 14.59119 45.21877 14.59119 45.21889 14.59109 45.21909 14.59101 45.21916 14.59096 45.21925 14.59081 45.21961 14.5906 45.21979 14.59037 45.21986 14.59022 45.22008 14.59011 45.22011 14.59006 45.22011 14.58991 45.22016 14.58978 45.22016 14.58971 45.2202 14.5896 45.22027 14.58947 45.22032 14.5893 45.2204 14.58925 45.22067 14.58927 45.22079 14.58922 45.22099 14.58899 45.22115 14.58888 45.2212 14.58878 45.22156 14.58852 45.2216 14.58845 45.22167 14.5884 45.22175 14.5884 45.22186 14.58836 45.22212 14.58816 45.22225 14.58816 45.22243 14.58803 45.22253 14.58801 45.22277 14.58775 45.22298 14.58762 45.22305 14.58752 45.22314 14.58747 45.22322 14.58734 45.2233 14.58726 45.22338 14.58711 45.2235 14.58703 45.22356 14.58696 45.22364 14.58675 45.224 14.58647 45.22416 14.58621 45.22442 14.58603 45.2246 14.58583 45.22474 14.58562 45.22477 14.58547 45.22499 14.58521 45.22502 14.58509 45.22513 14.58493 45.22526 14.58486 45.22532 14.5849 45.22538 14.58498 45.22543 14.58501 45.22549 14.58498 45.22547 14.58478 45.22551 14.58468 45.22558 14.5846 45.22592 14.58444 45.22599 14.58444 45.22616 14.58421 45.22635 14.58406 45.22653 14.58398 45.22659 14.5839 45.22678 14.5838 45.227 14.58362 45.22705 14.58362 45.2273 14.58342 45.22754 14.58339 45.22761 14.58329 45.22788 14.58308 45.22835 14.58285 45.2284 14.58277 45.22876 14.58251 45.22899 14.58238 45.22957 14.58187 45.22982 14.58179 45.23003 14.58161 45.23012 14.58159 45.2303 14.58171 45.23063 14.58202 45.23077 14.58209 45.23081 14.58214 45.23088 14.58222 45.23106 14.58234 45.23142 14.58272 45.23164 14.58303 45.23173 14.58318 45.23198 14.58356 45.23201 14.58366 45.232 14.58379 45.23181 14.58427 45.23174 14.58466 45.23174 14.58494 45.23181 14.58518 45.23183 14.58532 45.23179 14.58542 45.23162 14.58557 45.23153 14.58567 45.23149 14.5858 45.2314 14.58591 45.23138 14.58598 45.23112 14.58637 45.23104 14.58655 45.2309 14.58678 45.23083 14.58697 45.23074 14.58713 45.23044 14.58758 45.23033 14.58784 45.23027 14.588 45.23023 14.58811 45.23013 14.58818 45.22999 14.58824 45.22979 14.58839 45.22964 14.58859 45.22948 14.58888 45.22939 14.58906 45.2292 14.58941 45.22914 14.58962 45.22914 14.58977 45.22909 14.59005 45.22897 14.59043 45.22892 14.59097 45.22879 14.59145 45.22874 14.59178 45.2287 14.59186 45.22866 14.59196 45.22854 14.59212 45.22813 14.59291 45.22793 14.59329 45.22784 14.59345 45.22774 14.5936 45.22765 14.59383 45.22756 14.59393 45.2275 14.59411 45.22736 14.59437 45.22725 14.59465 45.22724 14.595 45.2272 14.59511 45.2272 14.59549 45.22717 14.59569 45.2271 14.5959 45.22692 14.59615 45.22681 14.59646 45.22669 14.59707 45.22658 14.59743 45.22633 14.59802 45.2263 14.59814 45.22628 14.59825 45.22628 14.5985 45.22621 14.59876 45.22621 14.59898 45.22617 14.59909 45.22605 14.59927 45.22598 14.59944 45.22587 14.59947 45.22572 14.59958 45.22567 14.59978 45.22556 14.59993 45.22546 14.60001 45.22528 14.60044 45.22521 14.60065 45.22517 14.60083 45.22503 14.60136 45.22501 14.60172 45.22496 14.60202 45.22482 14.60251 45.22476 14.60302 45.22469 14.60332 45.22466 14.60345 45.22464 14.60362 45.22462 14.60386 45.22466 14.60396 45.22479 14.60394 45.22498 14.60365 45.22511 14.60337 45.22521 14.60317 45.22529 14.60299 45.22548 14.60273 45.22582 14.6025 45.22633 14.60237 45.22645 14.6024 45.22665 14.60229 45.22676 14.60193 45.22687 14.60178 45.22721 14.60147 45.22726 14.60137 45.22744 14.60124 45.22751 14.60114 45.22758 14.60089 45.22767 14.60076 45.22782 14.60068 45.22789 14.60058 45.22796 14.60025 45.22807 14.60009 45.22821 14.60001 45.22833 14.59984 45.22842 14.59975 45.2285 14.59963 45.22878 14.59942 45.22891 14.59922 45.22912 14.59912 45.22923 14.59886 45.2295 14.59868 45.22954 14.59863 45.22957 14.59835 45.22962 14.59817 45.22968 14.59812 45.22982 14.59781 45.22995 14.59774 45.23 14.59763 45.23014 14.59752 45.23022 14.59743 45.23041 14.59727 45.23056 14.59725 45.23075 14.59709 45.23101 14.59696 45.2312 14.59684 45.23135 14.59663 45.23186 14.59617 45.23206 14.59599 45.23237 14.59573 45.23253 14.59553 45.23269 14.59545 45.23284 14.59514 45.23305 14.59501 45.23316 14.59481 45.23339 14.59465 45.23355 14.5944 45.23366 14.59422 45.23391 14.59399 45.23409 14.59373 45.23438 14.59348 45.2345 14.5934 45.23474 14.59319 45.23499 14.59294 45.23524 14.59258 45.23538 14.59237 45.23551 14.59225 45.23558 14.59209 45.23651 14.59137 45.23674 14.59109 45.23687 14.59091 45.23701 14.59078 45.23728 14.5906 45.23746 14.59058 45.23759 14.59065 45.2377 14.59078 45.23793 14.59083 45.23802 14.59093 45.23826 14.59105 45.23836 14.59116 45.2386 14.59115 45.23869 14.59125 45.23883 14.5913 45.23887 14.59136 45.23892 14.59136 45.23896 14.5913 45.23899 14.59121 45.23903 14.59115 45.23903 14.59102 45.2389 14.59082 45.23884 14.59053 45.23898 14.59034 45.23891 14.59022 45.23874 14.59039 45.2386 14.59029 45.23851 14.59014 45.23822 14.58988 45.23811 14.58973 45.23796 14.5894 45.23787 14.5893 45.2378 14.5891 45.2378 14.58902 45.23791 14.58879 45.23812 14.58864 45.23828 14.58861 45.23841 14.58853 45.23855 14.58828 45.23877 14.5881 45.23893 14.58782 45.23902 14.58758 45.23911 14.58738 45.23912 14.58715 45.23927 14.58684 45.23932 14.58644 45.23937 14.58628 45.23953 14.58605 45.23955 14.58598 45.23955 14.58575 45.2396 14.58562 45.2396 14.58547 45.23968 14.58521 45.23966 14.58473 45.23971 14.58452 45.23982 14.58434 45.23989 14.58422 45.24001 14.58388 45.24008 14.58378 45.24019 14.58365 45.2403 14.58358 45.24048 14.58296 45.24057 14.58283 45.24073 14.58248 45.24092 14.5822 45.24101 14.58199 45.24101 14.58181 45.24107 14.58148 45.24123 14.58105 45.24122 14.58072 45.24139 14.58041 45.24142 14.57992 45.24162 14.57964 45.24169 14.57934 45.24174 14.57921 45.24181 14.57913 45.24181 14.57883 45.24179 14.57862 45.24176 14.57843 45.24174 14.57819 45.24159 14.57796 45.2416 14.57762 45.24148 14.5772 45.24134 14.57702 45.24096 14.577 45.2408 14.57691 45.24067 14.57692 45.24054 14.57695 45.24037 14.57696 45.24013 14.57706 45.23963 14.57716 45.2394 14.57726 45.23912 14.57742 45.23894 14.57742 45.23878 14.57729 45.23863 14.57729 45.23826 14.57735 45.23812 14.57741 45.23794 14.57748 45.23738 14.57789 45.23724 14.57807 45.23708 14.57812 45.23672 14.57812 45.23662 14.57809 45.23652 14.57813 45.23643 14.57825 45.23626 14.5785 45.23615 14.57867 45.23607 14.57884 45.23596 14.579 45.23582 14.57918 45.23573 14.57925 45.23546 14.57925 45.23526 14.57923 45.23513 14.57914 45.23486 14.57889 45.23501 14.57835 45.23489 14.5783 45.23474 14.5788 45.23466 14.57899 45.23458 14.57883 45.23454 14.57868 45.23436 14.57837 45.23425 14.57809 45.23421 14.57766 45.23428 14.57695 45.23444 14.57633 45.23467 14.57608 45.23478 14.57574 45.23487 14.57562 45.23494 14.57557 45.23521 14.57556 45.2353 14.57546 45.23539 14.57528 45.23553 14.57515 45.23568 14.57518 45.23572 14.5753 45.23578 14.57532 45.23584 14.57528 45.23588 14.57515 45.23595 14.5751 45.23604 14.5751 45.23607 14.57505 45.23607 14.57487 45.23602 14.57477 45.23609 14.57441 45.23607 14.57393 45.23614 14.57365 45.23616 14.57359 45.23649 14.57378 45.23654 14.57366 45.23621 14.57344 45.23619 14.57334 45.23637 14.57275 45.23642 14.57264 45.23678 14.57291 45.23683 14.57277 45.2365 14.57249 45.23666 14.57219 45.23684 14.57173 45.23703 14.57145 45.2371 14.57124 45.23726 14.57091 45.23735 14.57078 45.2375 14.57045 45.23764 14.5703 45.2378 14.57009 45.238 14.56979 45.23807 14.56961 45.2382 14.56948 45.2383 14.56927 45.23843 14.56881 45.23855 14.56856 45.23875 14.56828 45.23882 14.56817 45.23898 14.56794 45.23932 14.56751 45.23943 14.56743 45.23984 14.56684 45.23997 14.56674 45.24024 14.56633 45.24041 14.56615 45.24063 14.56584 45.24102 14.56551 45.24117 14.56533 45.24136 14.56517 45.24151 14.565 45.24163 14.56492 45.24169 14.56482 45.24181 14.56474 45.24188 14.56464 45.2421 14.56451 45.24224 14.56435 45.24233 14.56435 45.24255 14.56425 45.24267 14.56415 45.24285 14.56412 45.24293 14.56417 45.24298 14.56427 45.24307 14.56427 45.24325 14.56406 45.24345 14.56394 45.24345 14.56383 45.24348 14.56373 45.24355 14.56365 45.24366 14.56327 45.24368 14.56297 45.24362 14.56276 45.24362 14.56261 45.24377 14.5622 45.24376 14.56197 45.24382 14.56187 45.24385 14.56159 45.24391 14.56141 45.24389 14.561 45.24394 14.56082 45.24394 14.56057 45.24388 14.56034 45.24395 14.56003 45.24397 14.55975 45.24401 14.55968 45.24411 14.55881 45.24417 14.55871 45.24422 14.55843 45.24423 14.55818 45.24423 14.55799 45.24426 14.55786 45.24434 14.55766 45.24434 14.55748 45.24443 14.5572</gml:posList>
                        </gml:LinearRing>
                      </gml:exterior>
                    </gml:Polygon>
                  </gml:surfaceMember>
                  <gml:surfaceMember>
                    <gml:Polygon gml:id="MEDIA_MONITORED_CILJ_ID_1_POLUTANT_1_MODEL_48">
                      <gml:exterior>
                        <gml:LinearRing>
                          <gml:posList srsDimension="2">45.28632 14.58101 45.2867 14.58082 45.28702 14.58057 45.28749 14.5803 45.28793 14.58 45.28831 14.57972 45.28844 14.57954 45.28872 14.57916 45.28873 14.57914 45.28868 14.5784 45.28841 14.57797 45.28815 14.57762 45.28785 14.5772 45.28747 14.57704 45.28705 14.57694 45.28676 14.57642 45.28666 14.57583 45.2864 14.5753 45.28633 14.57522 45.28615 14.57501 45.28607 14.57511 45.28602 14.57526 45.28579 14.57631 45.28574 14.57656 45.28565 14.57695 45.28558 14.57713 45.28554 14.57736 45.28542 14.57771 45.2854 14.57784 45.28513 14.57853 45.28492 14.57892 45.28474 14.57904 45.28456 14.5791 45.28434 14.57915 45.28404 14.57915 45.28377 14.57923 45.28366 14.57931 45.28359 14.57944 45.28344 14.57954 45.28269 14.57995 45.28245 14.58013 45.28237 14.58024 45.28233 14.58034 45.28224 14.58047 45.28208 14.5807 45.28177 14.58098 45.2817 14.58103 45.2816 14.58108 45.28145 14.58108 45.28122 14.58114 45.28104 14.58125 45.28045 14.58121 45.28043 14.58132 45.28019 14.58125 45.27999 14.58117 45.28005 14.58102 45.28031 14.58105 45.28032 14.58091 45.27999 14.58088 45.27991 14.58111 45.27974 14.58095 45.2796 14.58077 45.27956 14.58063 45.27954 14.58039 45.27953 14.58018 45.27952 14.57998 45.27957 14.57969 45.27964 14.57937 45.27973 14.57921 45.2798 14.57888 45.27989 14.57847 45.27995 14.57802 45.27996 14.57768 45.27996 14.57719 45.28001 14.57691 45.28008 14.5762 45.28008 14.57592 45.28003 14.57561 45.27988 14.57528 45.27979 14.57518 45.27968 14.5749 45.27966 14.5747 45.27972 14.57416 45.27993 14.5734 45.28016 14.57301 45.28023 14.57283 45.28032 14.57276 45.28057 14.5724 45.28075 14.57189 45.28081 14.57178 45.28127 14.57096 45.28152 14.57025 45.28189 14.56933 45.282 14.56892 45.28202 14.56874 45.28207 14.56861 45.28223 14.56774 45.28228 14.56718 45.28235 14.56677 45.28235 14.5657 45.28229 14.56537 45.28216 14.56491 45.28191 14.56451 45.28153 14.56421 45.28135 14.56413 45.28124 14.56408 45.28099 14.56401 45.28067 14.56409 45.2804 14.56424 45.28022 14.56447 45.2802 14.56455 45.28 14.56485 45.27993 14.56506 45.27967 14.5657 45.27954 14.56585 45.27938 14.56596 45.27895 14.56609 45.27861 14.56617 45.27844 14.56619 45.27816 14.56619 45.2777 14.56587 45.27738 14.56556 45.27698 14.56501 45.27682 14.5647 45.27678 14.56447 45.27672 14.56429 45.27671 14.56381 45.27681 14.56317 45.27684 14.56294 45.27683 14.56264 45.2769 14.56238 45.2769 14.56215 45.27683 14.56208 45.27668 14.56208 45.27652 14.56218 45.27638 14.56241 45.27611 14.56282 45.27582 14.5633 45.27577 14.56341 45.27572 14.56349 45.27504 14.56454 45.27489 14.56487 45.2748 14.56525 45.27476 14.56551 45.27477 14.56579 45.27482 14.56607 45.27488 14.56632 45.27487 14.5666 45.27485 14.56688 45.2748 14.56708 45.27469 14.56721 45.27452 14.56704 45.27442 14.56719 45.27425 14.56701 45.27435 14.56682 45.27419 14.56668 45.27388 14.56732 45.27379 14.56749 45.27345 14.56807 45.27335 14.56805 45.2733 14.568 45.2733 14.56789 45.27337 14.56773 45.27337 14.56761 45.27336 14.56753 45.27328 14.56743 45.27322 14.56735 45.27299 14.56741 45.27282 14.56746 45.27261 14.56749 45.2724 14.56728 45.27164 14.56821 45.27136 14.56839 45.27117 14.56801 45.27119 14.56784 45.27103 14.56756 45.27109 14.56737 45.2712 14.56719 45.27141 14.56681 45.27157 14.56655 45.27168 14.56659 45.2719 14.56622 45.27214 14.56609 45.2724 14.56603 45.27268 14.5658 45.2728 14.56565 45.27291 14.56548 45.27304 14.56521 45.27313 14.56493 45.27324 14.56437 45.27329 14.56424 45.27346 14.5632 45.27347 14.56307 45.27352 14.56287 45.27352 14.56269 45.27361 14.56223 45.2736 14.56207 45.27362 14.5619 45.27362 14.56146 45.2736 14.56141 45.2734 14.56129 45.27333 14.56108 45.27337 14.5607 45.27345 14.56042 45.27345 14.56016 45.27325 14.55994 45.27311 14.55991 45.27297 14.55989 45.27278 14.55988 45.27267 14.55991 45.27257 14.55992 45.27234 14.56002 45.27221 14.56015 45.27212 14.56058 45.27203 14.56076 45.27191 14.56094 45.27176 14.56104 45.2716 14.56107 45.27126 14.561 45.27099 14.561 45.27087 14.56108 45.27079 14.5612 45.27079 14.56131 45.27092 14.56156 45.2709 14.56174 45.2708 14.56184 45.2706 14.56182 45.27049 14.56189 45.27045 14.56207 45.2704 14.56215 45.27007 14.56204 45.27029 14.56114 45.27022 14.56113 45.26999 14.56203 45.26991 14.56201 45.26984 14.56198 45.26947 14.56191 45.26908 14.56191 45.26871 14.56206 45.26857 14.56209 45.26787 14.56255 45.26774 14.5626 45.2676 14.5626 45.26727 14.56276 45.26704 14.56279 45.26689 14.56269 45.26679 14.56264 45.2667 14.56261 45.2665 14.56259 45.26583 14.56262 45.26578 14.56252 45.26572 14.56224 45.26563 14.56216 45.26552 14.56216 45.26536 14.56227 45.26524 14.5625 45.2652 14.5625 45.26506 14.56237 45.26495 14.56265 45.26513 14.56278 45.26513 14.56285 45.26508 14.5629 45.26495 14.56319 45.26485 14.56375 45.26481 14.56377 45.26476 14.56393 45.26461 14.56413 45.26456 14.56416 45.26442 14.56439 45.26431 14.56469 45.26423 14.56496 45.2642 14.56508 45.26411 14.56521 45.26354 14.56557 45.26341 14.56577 45.26336 14.5658 45.26322 14.566 45.26315 14.56618 45.26306 14.56628 45.26281 14.56692 45.26275 14.567 45.26266 14.56728 45.26259 14.56738 45.2625 14.56764 45.26241 14.56777 45.26207 14.56805 45.26193 14.56825 45.26184 14.56831 45.26164 14.56854 45.26128 14.56882 45.26091 14.56933 45.26075 14.56946 45.26062 14.56964 45.26056 14.56973 45.2605 14.56985 45.26046 14.56987 45.2603 14.57023 45.26025 14.57041 45.2601 14.57069 45.26 14.57082 45.25992 14.57097 45.25978 14.57118 45.25973 14.5712 45.25949 14.57153 45.25917 14.57187 45.25905 14.57195 45.25885 14.5722 45.25869 14.57259 45.25865 14.57279 45.25858 14.57289 45.25797 14.57328 45.25767 14.57359 45.25756 14.57377 45.2575 14.57379 45.25738 14.57397 45.25736 14.5742 45.2574 14.57428 45.25744 14.57472 45.25747 14.57496 45.25746 14.57504 45.25735 14.57504 45.25717 14.57494 45.25702 14.57492 45.25657 14.57492 45.2558 14.57508 45.25568 14.57512 45.25555 14.57516 45.2553 14.57531 45.25509 14.57538 45.25496 14.57543 45.25487 14.57549 45.25474 14.57555 45.25448 14.57567 45.2542 14.57586 45.2541 14.57588 45.25393 14.57606 45.25382 14.57616 45.25364 14.57639 45.25348 14.57652 45.25336 14.57652 45.25325 14.57642 45.25318 14.57632 45.25309 14.57622 45.25298 14.57608 45.25287 14.57594 45.25271 14.57572 45.25262 14.57557 45.25228 14.57508 45.25211 14.57488 45.252 14.57473 45.25187 14.57456 45.25166 14.57427 45.25149 14.57402 45.25086 14.57314 45.2507 14.57293 45.25052 14.57269 45.25043 14.5726 45.2503 14.57247 45.24992 14.57219 45.24988 14.57217 45.2496 14.5722 45.24944 14.57232 45.24927 14.57235 45.24915 14.57243 45.24884 14.57271 45.24863 14.57299 45.24857 14.57311 45.24854 14.57327 45.24843 14.57381 45.24847 14.57457 45.24847 14.57489 45.24848 14.57521 45.24848 14.57676 45.24841 14.57707 45.24839 14.57743 45.24848 14.5776 45.24848 14.57773 45.24852 14.57783 45.24856 14.57885 45.2486 14.57895 45.24862 14.57954 45.24865 14.57982 45.24893 14.58081 45.24895 14.58099 45.24922 14.5816 45.24927 14.58193 45.24933 14.58208 45.24933 14.58218 45.24938 14.58229 45.2494 14.58259 45.24937 14.58284 45.2493 14.58308 45.24924 14.5831 45.2492 14.5831 45.24893 14.58305 45.24863 14.58294 45.24816 14.5829 45.24814 14.58298 45.24802 14.58304 45.24787 14.58316 45.24773 14.58334 45.24754 14.58393 45.24752 14.58408 45.24741 14.58431 45.24734 14.58465 45.24718 14.58508 45.24696 14.58543 45.24682 14.5856 45.24666 14.58582 45.2466 14.58588 45.24655 14.586 45.24643 14.58626 45.24636 14.58636 45.24631 14.58653 45.24627 14.5867 45.24616 14.58692 45.24591 14.58725 45.24575 14.58746 45.24562 14.5876 45.24546 14.58784 45.24541 14.58787 45.24528 14.58805 45.24503 14.58861 45.24486 14.58885 45.24478 14.58899 45.24472 14.58917 45.24459 14.58963 45.24457 14.58984 45.24437 14.59042 45.24434 14.59068 45.24425 14.59091 45.24416 14.59162 45.24375 14.59295 45.24343 14.59364 45.2434 14.59379 45.24322 14.59423 45.24316 14.59438 45.24293 14.59505 45.24275 14.59538 45.24256 14.59569 45.24245 14.59581 45.24214 14.5963 45.24195 14.59651 45.2418 14.59663 45.24159 14.59684 45.24149 14.59692 45.24139 14.59704 45.24124 14.59718 45.24103 14.5974 45.2409 14.59754 45.24076 14.59769 45.24051 14.59787 45.2397 14.59823 45.23938 14.59836 45.23902 14.59846 45.2388 14.59857 45.23855 14.59867 45.23814 14.59905 45.23809 14.59918 45.23805 14.59941 45.23812 14.59969 45.23813 14.60007 45.23816 14.60043 45.2384 14.60101 45.23854 14.60124 45.23865 14.60155 45.2388 14.60165 45.23894 14.60193 45.23894 14.60208 45.23882 14.60213 45.23869 14.60203 45.23853 14.60198 45.23846 14.60193 45.23833 14.60193 45.23815 14.60181 45.23784 14.60173 45.23777 14.60165 45.23748 14.60155 45.23737 14.60151 45.23721 14.60155 45.23689 14.60164 45.23667 14.60187 45.23639 14.60263 45.23637 14.60289 45.23661 14.6036 45.23684 14.60388 45.23664 14.60389 45.23664 14.60405 45.23684 14.60401 45.23679 14.60413 45.23674 14.60429 45.23658 14.60459 45.23652 14.60492 45.23656 14.60513 45.23663 14.60531 45.23663 14.60553 45.23667 14.60561 45.23678 14.60566 45.2368 14.60581 45.23672 14.60592 45.23662 14.60594 45.23656 14.60607 45.23637 14.6061 45.236 14.60595 45.23552 14.60564 45.23494 14.6055 45.23471 14.60537 45.23458 14.60542 45.23454 14.60559 45.23458 14.60575 45.23467 14.60601 45.23467 14.60613 45.235 14.6071 45.23508 14.60721 45.23508 14.60733 45.23494 14.6073 45.23489 14.60747 45.23499 14.60762 45.23497 14.60771 45.23462 14.60795 45.23452 14.60802 45.23429 14.60835 45.23415 14.60823 45.2341 14.60836 45.23421 14.60848 45.23391 14.60879 45.23375 14.60909 45.23366 14.60932 45.23357 14.6095 45.23349 14.60964 45.23339 14.61005 45.23325 14.60994 45.23321 14.61007 45.23334 14.61017 45.23328 14.6103 45.23319 14.61044 45.23314 14.61068 45.23315 14.61072 45.23413 14.61219 45.23445 14.6126 45.23473 14.61295 45.23488 14.61312 45.2357 14.61415 45.23649 14.61519 45.2376 14.61602 45.23761 14.61697 45.23785 14.61756 45.23817 14.61767 45.23903 14.61841 45.23947 14.6182 45.23967 14.61859 45.23954 14.61927 45.24059 14.6207 45.24113 14.62159 45.24174 14.6225 45.24235 14.62337 45.24379 14.62568 45.24395 14.6259 45.2447 14.62706 45.24552 14.62802 45.24616 14.62881 45.24689 14.62971 45.24766 14.63026 45.24839 14.63038 45.24904 14.63067 45.24945 14.63093 45.24964 14.63105 45.25005 14.63138 45.25068 14.63231 45.25156 14.63304 45.25244 14.63404 45.25318 14.63479 45.25396 14.63584 45.2544 14.63636 45.25496 14.63661 45.25552 14.63764 45.25585 14.63794 45.2563 14.63835 45.25702 14.63792 45.25748 14.63703 45.25782 14.63616 45.25805 14.63569 45.25794 14.63467 45.25823 14.63384 45.25894 14.63173 45.25911 14.63067 45.25935 14.62941 45.25974 14.6276 45.25988 14.62637 45.26029 14.62447 45.26071 14.62275 45.26153 14.62054 45.26185 14.61954 45.26204 14.61898 45.26246 14.61789 45.26265 14.61737 45.26285 14.61677 45.26313 14.61609 45.26332 14.61563 45.26362 14.61529 45.26423 14.61525 45.26483 14.61502 45.26543 14.61471 45.26605 14.61436 45.26617 14.61429 45.26648 14.61412 45.26691 14.61403 45.26747 14.61383 45.26829 14.61287 45.26886 14.61213 45.26952 14.61142 45.26985 14.61105 45.27024 14.61026 45.27082 14.6092 45.2713 14.60816 45.27169 14.60743 45.27196 14.60706 45.27235 14.60613 45.27283 14.60495 45.27323 14.60416 45.27351 14.60336 45.27392 14.60265 45.27449 14.60187 45.27482 14.601 45.27485 14.60034 45.27487 14.59993 45.2751 14.59919 45.27532 14.59887 45.27544 14.59819 45.27544 14.59744 45.2755 14.59671 45.27581 14.59712 45.276 14.59741 45.27629 14.59741 45.27639 14.59699 45.27649 14.59666 45.2767 14.59631 45.27703 14.59599 45.27742 14.59585 45.27785 14.59564 45.27844 14.59544 45.2787 14.59458 45.27891 14.59395 45.27919 14.59316 45.27957 14.59234 45.27986 14.59158 45.2802 14.59112 45.28078 14.59041 45.28153 14.58958 45.2818 14.58905 45.28225 14.58865 45.28271 14.58822 45.28317 14.5878 45.28374 14.5871 45.28429 14.58648 45.28481 14.58561 45.2852 14.58496 45.28563 14.58392 45.28587 14.58379 45.28631 14.58335 45.28671 14.58288 45.28685 14.5825 45.28702 14.58202 45.28699 14.5819 45.28692 14.58167 45.28661 14.58141 45.2863 14.58138 45.28605 14.58125 45.28632 14.58101</gml:posList>
                        </gml:LinearRing>
                      </gml:exterior>
                    </gml:Polygon>
                  </gml:surfaceMember>
                  <gml:surfaceMember>
                    <gml:Polygon gml:id="MEDIA_MONITORED_CILJ_ID_1_POLUTANT_1_MODEL_49">
                      <gml:exterior>
                        <gml:LinearRing>
                          <gml:posList srsDimension="2">45.38044 14.62786 45.3832 14.62212 45.38648 14.62195 45.3915 14.6217 45.39399 14.62579 45.4158 14.62769 45.41695 14.62626 45.43126 14.62126 45.43038 14.62081 45.42105 14.61609 45.41167 14.61126 45.40232 14.60647 45.39465 14.60258 45.38672 14.59857 45.38472 14.59754 45.38353 14.59692 45.38313 14.59713 45.38247 14.59785 45.38186 14.59743 45.38157 14.59764 45.38112 14.59708 45.38069 14.59654 45.38009 14.59634 45.37945 14.59622 45.37841 14.59546 45.37812 14.59444 45.37755 14.59376 45.3767 14.59283 45.37631 14.59199 45.37601 14.59101 45.37585 14.59008 45.37616 14.5894 45.37609 14.58933 45.37597 14.58921 45.37594 14.58918 45.37549 14.58873 45.3751 14.58835 45.37453 14.58812 45.37368 14.5875 45.37328 14.58668 45.37287 14.58548 45.37246 14.58403 45.37257 14.58311 45.37277 14.58162 45.37281 14.58126 45.37282 14.58118 45.37204 14.58051 45.37194 14.57977 45.37109 14.57859 45.37087 14.5773 45.37011 14.57507 45.36852 14.57318 45.3676 14.57146 45.36705 14.57031 45.36524 14.56653 45.3639 14.5639 45.36351 14.56299 45.36266 14.56148 45.36242 14.56063 45.36152 14.55902 45.36089 14.55821 45.36026 14.55732 45.35963 14.55618 45.35898 14.55477 45.35852 14.55306 45.35876 14.55196 45.35939 14.55131 45.35958 14.55023 45.35962 14.54996 45.35966 14.5497 45.35962 14.54933 45.35956 14.5488 45.35888 14.54746 45.35869 14.54605 45.35947 14.54496 45.35963 14.54335 45.36 14.54178 45.36017 14.54079 45.36026 14.5405 45.36038 14.54012 45.36052 14.53969 45.36048 14.53948 45.36044 14.53924 45.36039 14.53889 45.36023 14.53792 45.36012 14.53677 45.36001 14.53574 45.35953 14.53444 45.35908 14.53304 45.35901 14.53246 45.35859 14.53126 45.35846 14.53032 45.35804 14.52912 45.35782 14.52824 45.35755 14.52755 45.3571 14.52692 45.35665 14.52641 45.35625 14.5258 45.3559 14.52517 45.35561 14.52457 45.3555 14.52419 45.35548 14.52345 45.35543 14.52272 45.35537 14.52183 45.35523 14.52117 45.35487 14.52063 45.35434 14.52031 45.35393 14.5199 45.35352 14.51965 45.35306 14.51931 45.35255 14.51842 45.3523 14.51815 45.35173 14.51741 45.35071 14.51644 45.35019 14.51589 45.34983 14.51547 45.34944 14.51485 45.34886 14.51424 45.3485 14.51376 45.34798 14.51309 45.34757 14.51264 45.3472 14.51191 45.34692 14.51084 45.34659 14.50963 45.3462 14.50872 45.34561 14.50727 45.34509 14.50596 45.34463 14.50496 45.34403 14.5038 45.34382 14.50429 45.34364 14.50452 45.34339 14.50456 45.34315 14.5044 45.34291 14.50411 45.34277 14.50385 45.3427 14.50333 45.34264 14.5029 45.34278 14.50253 45.34291 14.5024 45.34318 14.5021 45.3426 14.5005 45.34202 14.49909 45.34103 14.49689 45.34026 14.49533 45.33989 14.49408 45.3396 14.49321 45.3394 14.49265 45.33914 14.49201 45.3389 14.49151 45.33847 14.49088 45.33819 14.4905 45.33802 14.48992 45.33775 14.48935 45.33763 14.48892 45.33749 14.48863 45.3371 14.48834 45.33679 14.48803 45.33634 14.48749 45.33591 14.48698 45.33547 14.48641 45.33474 14.48525 45.33347 14.4867 45.33279 14.48757 45.33211 14.48847 45.33158 14.48965 45.33125 14.49063 45.33094 14.49139 45.33056 14.49215 45.33018 14.49288 45.33007 14.49308 45.32965 14.49389 45.32914 14.49467 45.32882 14.49533 45.32855 14.49589 45.32808 14.49712 45.32764 14.49805 45.32709 14.49887 45.32656 14.49968 45.32591 14.50091 45.32547 14.50171 45.32531 14.50214 45.3251 14.50272 45.32485 14.5037 45.32461 14.50436 45.32458 14.50442 45.32414 14.50496 45.32382 14.50546 45.32365 14.50612 45.32351 14.50678 45.32328 14.50712 45.32281 14.50747 45.32242 14.50783 45.32203 14.50856 45.32153 14.50952 45.32106 14.51043 45.32061 14.51118 45.32018 14.51204 45.31974 14.51291 45.31972 14.51294 45.31971 14.51296 45.31947 14.51334 45.31912 14.51457 45.31889 14.51569 45.31864 14.51675 45.31824 14.51808 45.31783 14.5191 45.31755 14.51989 45.31708 14.52058 45.31667 14.5209 45.31606 14.52124 45.31541 14.52164 45.31513 14.52185 45.31535 14.5227 45.31574 14.52373 45.31601 14.52426 45.31638 14.5254 45.31662 14.52615 45.3169 14.52747 45.31675 14.52756 45.31663 14.52764 45.31619 14.52833 45.3158 14.52886 45.31548 14.52927 45.3156 14.52971 45.31565 14.53004 45.31565 14.53027 45.31556 14.53053 45.31544 14.53066 45.31522 14.53072 45.31501 14.53067 45.31477 14.53059 45.31441 14.53042 45.31423 14.53058 45.31395 14.53133 45.31386 14.53234 45.31384 14.53247 45.31342 14.53221 45.31162 14.52982 45.31138 14.53 45.31072 14.52998 45.31046 14.52993 45.31017 14.52925 45.30995 14.52901 45.30973 14.52977 45.30944 14.52855 45.30909 14.52797 45.30884 14.52772 45.3074 14.52414 45.30706 14.52411 45.30628 14.524 45.30597 14.52393 45.30541 14.52397 45.30495 14.52391 45.30443 14.52391 45.30392 14.52422 45.30343 14.52497 45.30292 14.5257 45.3025 14.52631 45.30213 14.52684 45.30203 14.52699 45.30168 14.5279 45.3013 14.52859 45.30107 14.52918 45.30051 14.53019 45.30005 14.53091 45.29956 14.53201 45.29923 14.53268 45.29898 14.53346 45.29897 14.53393 45.29897 14.53457 45.29905 14.53517 45.29903 14.53527 45.29891 14.53564 45.2989 14.5357 45.29842 14.53624 45.29821 14.5366 45.29774 14.53702 45.2977 14.53705 45.29716 14.53769 45.29685 14.5384 45.29645 14.53928 45.2959 14.54042 45.29536 14.54144 45.29497 14.54239 45.29422 14.54384 45.29357 14.5449 45.29337 14.54531 45.29343 14.54539 45.29349 14.54546 45.29361 14.5456 45.29351 14.54581 45.2934 14.54605 45.29312 14.54637 45.2928 14.54683 45.2927 14.54709 45.2928 14.54727 45.29263 14.54763 45.29241 14.5481 45.29196 14.54847 45.29168 14.5485 45.29122 14.54864 45.29105 14.54871 45.29108 14.54891 45.291 14.54894 45.2908 14.549 45.29041 14.54917 45.29016 14.54928 45.29023 14.54949 45.29032 14.54964 45.29037 14.5498 45.29038 14.54985 45.29033 14.54994 45.29033 14.54995 45.29027 14.55004 45.29027 14.55005 45.29007 14.54999 45.28996 14.55014 45.28993 14.55018 45.28974 14.55031 45.28912 14.5509 45.28882 14.55131 45.28839 14.55186 45.28818 14.55271 45.28831 14.55371 45.28841 14.55436 45.28873 14.55539 45.28875 14.55545 45.2888 14.55528 45.28888 14.55523 45.28895 14.55523 45.28904 14.5552 45.28909 14.55515 45.28913 14.55505 45.28945 14.55481 45.28954 14.55476 45.2897 14.55476 45.29001 14.55458 45.29035 14.5543 45.29055 14.55422 45.29076 14.55406 45.29092 14.55388 45.29135 14.55358 45.29144 14.55365 45.29174 14.55348 45.29176 14.55371 45.29197 14.55366 45.29195 14.55343 45.29265 14.55313 45.29271 14.55312 45.29277 14.55335 45.29289 14.55332 45.29307 14.55318 45.29318 14.55329 45.29325 14.55315 45.29314 14.55304 45.29324 14.55285 45.29335 14.55295 45.29342 14.55282 45.29331 14.55272 45.29345 14.55247 45.29354 14.55257 45.29359 14.55246 45.2935 14.55237 45.29362 14.55215 45.29371 14.55223 45.29376 14.55213 45.29367 14.55204 45.29381 14.55179 45.2939 14.55186 45.29393 14.55179 45.29385 14.55171 45.29395 14.55152 45.29404 14.55158 45.29409 14.55148 45.29401 14.55141 45.29413 14.55119 45.2942 14.55126 45.29426 14.55114 45.29419 14.55108 45.29427 14.55093 45.29434 14.55098 45.29439 14.55087 45.29433 14.55082 45.29447 14.55055 45.29453 14.55059 45.29458 14.5505 45.29435 14.55025 45.29462 14.54966 45.29456 14.54962 45.29498 14.54884 45.29506 14.54868 45.29522 14.54819 45.29583 14.54717 45.29601 14.54668 45.29627 14.54617 45.29647 14.54591 45.29665 14.54588 45.29676 14.5457 45.29683 14.5455 45.29683 14.54542 45.29694 14.54519 45.29702 14.54484 45.29713 14.54471 45.29715 14.54463 45.29744 14.5443 45.29769 14.54417 45.29803 14.54406 45.29848 14.54371 45.29873 14.5438 45.29881 14.54349 45.2987 14.54344 45.29867 14.54362 45.29856 14.54357 45.29856 14.54331 45.29862 14.54305 45.29865 14.54265 45.29876 14.54255 45.2989 14.5425 45.29899 14.54237 45.29899 14.54212 45.29888 14.54191 45.29905 14.54168 45.29942 14.54142 45.29962 14.54135 45.29973 14.54135 45.29994 14.54139 45.30027 14.54165 45.30041 14.5417 45.30053 14.5419 45.30061 14.5418 45.30067 14.54172 45.30054 14.54154 45.30054 14.54149 45.30066 14.54134 45.30071 14.5412 45.30082 14.54136 45.30106 14.54106 45.30098 14.54093 45.30084 14.54111 45.3008 14.54102 45.30084 14.54093 45.30091 14.54065 45.30096 14.53988 45.30137 14.53914 45.30141 14.53891 45.30146 14.53881 45.30156 14.53839 45.30161 14.53828 45.30169 14.53819 45.30218 14.53781 45.30275 14.53716 45.30295 14.53701 45.30309 14.53688 45.30322 14.53674 45.30331 14.53696 45.30357 14.53689 45.30355 14.53676 45.30337 14.5368 45.30332 14.53665 45.30427 14.53669 45.30464 14.53694 45.30478 14.537 45.30492 14.53703 45.30519 14.537 45.30534 14.53696 45.3055 14.53684 45.30576 14.53644 45.30605 14.53602 45.3062 14.53614 45.30628 14.53599 45.30606 14.53582 45.30598 14.53591 45.30587 14.53579 45.306 14.5356 45.30626 14.5358 45.3063 14.53569 45.30622 14.53562 45.30629 14.53543 45.30638 14.5354 45.30662 14.53549 45.30681 14.53559 45.30704 14.53601 45.30709 14.53612 45.30712 14.53621 45.30715 14.53629 45.30678 14.5388 45.30666 14.53878 45.3065 14.53924 45.30659 14.53931 45.30634 14.54007 45.30621 14.54041 45.30604 14.54099 45.30591 14.54171 45.30576 14.54239 45.30571 14.54266 45.30542 14.54331 45.30494 14.54419 45.30499 14.54428 45.30467 14.54467 45.30439 14.54506 45.30433 14.54499 45.30406 14.54529 45.304 14.54522 45.30378 14.54545 45.30384 14.5456 45.30359 14.54588 45.3035 14.54577 45.30252 14.54677 45.30196 14.54737 45.30177 14.54758 45.30184 14.54783 45.30186 14.54793 45.30168 14.54809 45.30155 14.54817 45.30145 14.54829 45.30132 14.5486 45.3012 14.54891 45.30109 14.54921 45.30077 14.55021 45.30056 14.55077 45.30041 14.55106 45.29988 14.55259 45.29976 14.55292 45.29943 14.55372 45.29913 14.55487 45.29899 14.5554 45.29876 14.55612 45.29864 14.55655 45.29845 14.55695 45.29815 14.55778 45.29799 14.55814 45.29783 14.55862 45.29749 14.55937 45.2973 14.55965 45.2971 14.5598 45.29681 14.55983 45.29667 14.55993 45.29651 14.56022 45.29644 14.56045 45.29637 14.56057 45.29628 14.56085 45.29606 14.56114 45.29586 14.56129 45.2957 14.56152 45.29564 14.56171 45.29549 14.56193 45.29502 14.56234 45.29469 14.56264 45.29445 14.5628 45.29409 14.56319 45.29391 14.5634 45.29375 14.56358 45.29359 14.56376 45.29332 14.56409 45.29314 14.56432 45.29289 14.56477 45.2926 14.56552 45.2925 14.56575 45.29221 14.56619 45.29219 14.56622 45.2921 14.5665 45.29205 14.56701 45.29209 14.56754 45.29224 14.568 45.29231 14.56817 45.2924 14.56836 45.29242 14.5685 45.29242 14.56871 45.29226 14.56925 45.29192 14.56994 45.29172 14.57022 45.2914 14.57056 45.29023 14.57123 45.28969 14.57164 45.28941 14.57195 45.28849 14.57275 45.2884 14.5729 45.28797 14.57326 45.28785 14.57339 45.28772 14.57357 45.28761 14.5737 45.28747 14.57385 45.28727 14.57403 45.28695 14.57426 45.28666 14.57449 45.28645 14.5747 45.28625 14.57488 45.28615 14.57501 45.28633 14.57522 45.2864 14.5753 45.28666 14.57583 45.28676 14.57642 45.28705 14.57694 45.28747 14.57704 45.28785 14.5772 45.28815 14.57762 45.28841 14.57797 45.28868 14.5784 45.28873 14.57914 45.28872 14.57916 45.28844 14.57954 45.28831 14.57972 45.28793 14.58 45.28749 14.5803 45.28702 14.58057 45.2867 14.58082 45.28632 14.58101 45.28605 14.58125 45.2863 14.58138 45.28661 14.58141 45.28692 14.58167 45.28699 14.5819 45.28702 14.58202 45.28685 14.5825 45.28671 14.58288 45.28631 14.58335 45.28587 14.58379 45.28563 14.58392 45.2852 14.58496 45.28481 14.58561 45.28429 14.58648 45.28374 14.5871 45.28317 14.5878 45.28271 14.58822 45.28225 14.58865 45.2818 14.58905 45.28153 14.58958 45.28078 14.59041 45.2802 14.59112 45.27986 14.59158 45.27957 14.59234 45.27919 14.59316 45.27891 14.59395 45.2787 14.59458 45.27844 14.59544 45.27785 14.59564 45.27742 14.59585 45.27703 14.59599 45.2767 14.59631 45.27649 14.59666 45.27639 14.59699 45.27629 14.59741 45.276 14.59741 45.27581 14.59712 45.2755 14.59671 45.27544 14.59744 45.27544 14.59819 45.27532 14.59887 45.2751 14.59919 45.27487 14.59993 45.27485 14.60034 45.27482 14.601 45.27449 14.60187 45.27392 14.60265 45.27351 14.60336 45.27323 14.60416 45.27283 14.60495 45.27235 14.60613 45.27196 14.60706 45.27169 14.60743 45.2713 14.60816 45.27082 14.6092 45.27024 14.61026 45.26985 14.61105 45.26952 14.61142 45.26886 14.61213 45.26829 14.61287 45.26747 14.61383 45.26691 14.61403 45.26648 14.61412 45.26617 14.61429 45.26605 14.61436 45.26543 14.61471 45.26483 14.61502 45.26423 14.61525 45.26362 14.61529 45.26332 14.61563 45.26313 14.61609 45.26285 14.61677 45.26265 14.61737 45.26246 14.61789 45.26204 14.61898 45.26185 14.61954 45.26153 14.62054 45.26071 14.62275 45.26029 14.62447 45.25988 14.62637 45.25974 14.6276 45.25935 14.62941 45.25911 14.63067 45.25894 14.63173 45.25823 14.63384 45.25794 14.63467 45.25805 14.63569 45.25782 14.63616 45.25748 14.63703 45.25702 14.63792 45.2563 14.63835 45.25712 14.63923 45.25797 14.64007 45.25905 14.64092 45.25924 14.6411 45.25955 14.64142 45.26016 14.64203 45.26008 14.64315 45.26078 14.64428 45.26166 14.64503 45.26199 14.64554 45.26233 14.64603 45.2626 14.6465 45.26287 14.64694 45.26318 14.64749 45.2636 14.64793 45.26384 14.64806 45.26428 14.64863 45.26435 14.64875 45.26455 14.64909 45.26453 14.64964 45.26455 14.64988 45.2648 14.65022 45.26489 14.65067 45.26489 14.6512 45.26549 14.65182 45.26595 14.65239 45.2662 14.65312 45.26681 14.65402 45.26719 14.65548 45.26785 14.65687 45.26881 14.6602 45.26991 14.66017 45.27087 14.66044 45.27184 14.66054 45.27261 14.66076 45.27446 14.66125 45.27521 14.66154 45.27623 14.66203 45.27718 14.66236 45.27828 14.66257 45.27881 14.66306 45.27964 14.66393 45.28051 14.66423 45.28141 14.66454 45.28216 14.66521 45.28282 14.66578 45.28313 14.66645 45.28365 14.66743 45.28418 14.66827 45.28498 14.66878 45.28569 14.66912 45.28677 14.66983 45.28742 14.67068 45.28812 14.67179 45.28867 14.67279 45.28873 14.67371 45.28873 14.67373 45.28873 14.6738 45.28859 14.67407 45.28846 14.67431 45.28737 14.67599 45.28764 14.67671 45.28766 14.6768 45.28806 14.67738 45.28855 14.6782 45.28911 14.67901 45.28962 14.67971 45.29021 14.68066 45.29056 14.68118 45.29114 14.68165 45.29182 14.68237 45.29238 14.68426 45.29286 14.68465 45.29368 14.68484 45.29408 14.68508 45.29429 14.68519 45.29491 14.68568 45.29545 14.686 45.29605 14.68624 45.29645 14.68649 45.29715 14.68665 45.29754 14.6866 45.2979 14.68655 45.29862 14.68616 45.29927 14.68576 45.29972 14.68512 45.29996 14.68442 45.30033 14.68373 45.301 14.68295 45.30156 14.68256 45.302 14.68185 45.30242 14.68118 45.30297 14.68037 45.30346 14.67984 45.30365 14.67907 45.30389 14.67853 45.30408 14.67807 45.30414 14.67793 45.3042 14.67708 45.30441 14.67626 45.30478 14.67536 45.30525 14.67466 45.3058 14.67435 45.30638 14.67395 45.30676 14.67326 45.30709 14.67249 45.30741 14.67238 45.30796 14.67171 45.30853 14.67101 45.30877 14.66986 45.3092 14.6696 45.30932 14.66938 45.30954 14.66896 45.30897 14.66808 45.30894 14.66761 45.31091 14.66534 45.31224 14.66364 45.31365 14.66201 45.31443 14.66203 45.31485 14.66176 45.31527 14.66126 45.31582 14.66051 45.31632 14.65974 45.31696 14.65857 45.31731 14.65749 45.3178 14.65652 45.31843 14.65559 45.31911 14.65461 45.31956 14.65376 45.32016 14.65278 45.32075 14.65229 45.3214 14.65186 45.32207 14.65123 45.3224 14.65107 45.32296 14.6505 45.32353 14.65026 45.32446 14.64966 45.32523 14.64944 45.32582 14.64959 45.32628 14.64983 45.32693 14.65039 45.32815 14.65108 45.32955 14.65203 45.33085 14.65283 45.33164 14.65345 45.33252 14.65481 45.33317 14.65553 45.33393 14.65624 45.33465 14.65706 45.33524 14.65765 45.33588 14.65794 45.33646 14.65824 45.33735 14.65863 45.3384 14.65906 45.33931 14.65967 45.34009 14.66034 45.34088 14.66056 45.34181 14.66063 45.34265 14.66046 45.34398 14.66065 45.34723 14.66123 45.3503 14.66167 45.35093 14.66179 45.35122 14.66185 45.35239 14.66219 45.35375 14.66286 45.35465 14.66312 45.35544 14.66353 45.35675 14.66391 45.35829 14.66456 45.35945 14.66491 45.36071 14.6649 45.36152 14.66515 45.3628 14.66486 45.36349 14.66482 45.36424 14.66474 45.36515 14.66473 45.36582 14.6633 45.36606 14.66229 45.36649 14.661 45.36652 14.66095 45.36702 14.66011 45.36687 14.65918 45.36739 14.65766 45.36777 14.65685 45.37058 14.65451 45.37137 14.65009 45.37174 14.6495 45.37233 14.64894 45.37268 14.64846 45.37297 14.6478 45.37342 14.64706 45.37356 14.64657 45.37382 14.6459 45.37427 14.64546 45.37471 14.64506 45.37478 14.64484 45.3748 14.64478 45.37486 14.64458 45.3746 14.64416 45.37407 14.64345 45.37345 14.64288 45.37382 14.64164 45.37453 14.64158 45.37508 14.64126 45.37554 14.64067 45.37643 14.63945 45.37711 14.6383 45.37759 14.63696 45.37847 14.63423 45.37871 14.63255 45.37866 14.63128 45.38044 14.62786</gml:posList>
                        </gml:LinearRing>
                      </gml:exterior>
                    </gml:Polygon>
                  </gml:surfaceMember>
                  <gml:surfaceMember>
                    <gml:Polygon gml:id="MEDIA_MONITORED_CILJ_ID_1_POLUTANT_1_MODEL_50">
                      <gml:exterior>
                        <gml:LinearRing>
                          <gml:posList srsDimension="2">45.25671 14.56213 45.25671 14.56203 45.2567 14.5619 45.25667 14.56141 45.25659 14.56113 45.25652 14.56065 45.25643 14.56035 45.25641 14.56014 45.25615 14.55935 45.25593 14.55894 45.25583 14.55875 45.25568 14.55844 45.25543 14.55811 45.25537 14.55799 45.25514 14.55774 45.25478 14.5572 45.25452 14.55665 45.25438 14.55644 45.25428 14.55627 45.25416 14.55598 45.25393 14.55573 45.25355 14.5555 45.25337 14.55545 45.25313 14.55545 45.25285 14.55561 45.2527 14.55581 45.2526 14.55589 45.25236 14.55592 45.25227 14.55587 45.25222 14.55577 45.25204 14.55561 45.25189 14.55562 45.25157 14.55585 45.25148 14.55591 45.25141 14.55598 45.2513 14.55605 45.25121 14.55618 45.25117 14.55624 45.25112 14.55634 45.25107 14.55657 45.25093 14.55674 45.25082 14.55728 45.25062 14.55782 45.25059 14.55812 45.25059 14.55851 45.25054 14.55876 45.25048 14.55891 45.25029 14.55914 45.25011 14.55968 45.24995 14.56001 45.24985 14.56009 45.24981 14.56015 45.24972 14.56032 45.24968 14.56068 45.24936 14.56111 45.249 14.5614 45.24878 14.56178 45.24866 14.56181 45.24834 14.56204 45.24823 14.5621 45.24812 14.56219 45.24771 14.5625 45.24749 14.56278 45.24746 14.56291 45.24733 14.56296 45.24726 14.56307 45.24717 14.56312 45.24708 14.56327 45.24694 14.56337 45.24672 14.56366 45.24647 14.56386 45.2464 14.56399 45.24593 14.5643 45.24557 14.56486 45.24522 14.56517 45.24484 14.56563 45.24473 14.56599 45.24468 14.56642 45.24461 14.56663 45.24448 14.56678 45.24445 14.56688 45.24449 14.56704 45.24452 14.56706 45.24459 14.56739 45.24469 14.5676 45.2447 14.5678 45.24467 14.56803 45.24472 14.56828 45.2449 14.56841 45.24498 14.56869 45.24507 14.56874 45.24514 14.56887 45.24534 14.56899 45.24548 14.56899 45.24557 14.56894 45.24598 14.56832 45.24616 14.56817 45.24627 14.56802 45.24677 14.5676 45.24713 14.56722 45.24724 14.56712 45.24735 14.56701 45.24749 14.56689 45.2479 14.56658 45.24887 14.56609 45.24909 14.56608 45.24943 14.56604 45.24958 14.56597 45.24969 14.56591 45.24977 14.5658 45.24985 14.56573 45.25006 14.56572 45.25013 14.5658 45.25031 14.56585 45.25042 14.56592 45.25057 14.56612 45.25066 14.56616 45.25075 14.56617 45.25088 14.5661 45.25123 14.56607 45.25181 14.56627 45.2521 14.56644 45.25247 14.56654 45.25294 14.56682 45.25323 14.56712 45.25377 14.56717 45.25383 14.56722 45.25389 14.56725 45.25406 14.56727 45.25419 14.56722 45.25426 14.56711 45.25445 14.5665 45.25453 14.5664 45.25465 14.56632 45.25479 14.56612 45.25492 14.56586 45.25495 14.56568 45.25513 14.56522 45.25521 14.56513 45.25524 14.56504 45.25546 14.56468 45.25556 14.56446 45.25568 14.56423 45.25574 14.56412 45.25621 14.56342 45.25636 14.56322 45.25646 14.56305 45.25662 14.56264 45.25671 14.56233 45.25671 14.5622 45.25671 14.56213</gml:posList>
                        </gml:LinearRing>
                      </gml:exterior>
                    </gml:Polygon>
                  </gml:surfaceMember>
                  <gml:surfaceMember>
                    <gml:Polygon gml:id="MEDIA_MONITORED_CILJ_ID_1_POLUTANT_1_MODEL_51">
                      <gml:exterior>
                        <gml:LinearRing>
                          <gml:posList srsDimension="2">45.47047 14.32262 45.47298 14.31974 45.4772 14.31846 45.48297 14.3167 45.4802 14.30594 45.48129 14.30226 45.4813 14.30205 45.48137 14.30196 45.48165 14.30087 45.48191 14.29987 45.48487 14.29095 45.48845 14.28808 45.48981 14.28699 45.4903 14.2866 45.48995 14.28499 45.48947 14.2828 45.49039 14.28196 45.49036 14.28172 45.49033 14.28156 45.49023 14.28095 45.49031 14.28087 45.49038 14.28082 45.49034 14.28056 45.49044 14.28025 45.49044 14.28001 45.49045 14.27988 45.4903 14.27905 45.49017 14.27893 45.48965 14.27792 45.4896 14.27791 45.48951 14.27787 45.48941 14.27771 45.48928 14.27749 45.48927 14.27735 45.48917 14.2768 45.4892 14.27671 45.4893 14.27644 45.48929 14.27629 45.48925 14.27625 45.48923 14.27622 45.48923 14.27617 45.48924 14.276 45.48906 14.27579 45.48901 14.2757 45.48881 14.27537 45.48873 14.27533 45.4886 14.27526 45.4886 14.27519 45.48842 14.27506 45.48844 14.275 45.48836 14.27483 45.48833 14.27483 45.48817 14.27485 45.48805 14.27481 45.48788 14.27482 45.48761 14.27454 45.4876 14.27454 45.48734 14.27443 45.48714 14.27428 45.48689 14.27421 45.48687 14.27431 45.48661 14.27384 45.48658 14.27386 45.48656 14.27381 45.48654 14.27375 45.48614 14.27339 45.48591 14.27292 45.48559 14.2709 45.48334 14.26888 45.48323 14.26893 45.48302 14.26874 45.48301 14.2687 45.48299 14.26862 45.48223 14.26796 45.48227 14.26764 45.48229 14.26744 45.48225 14.26743 45.48225 14.26738 45.48226 14.26724 45.48229 14.26723 45.48232 14.26723 45.48251 14.26578 45.48266 14.26457 45.48334 14.26419 45.48353 14.26441 45.48379 14.2642 45.48386 14.26419 45.48392 14.26417 45.484 14.26408 45.48403 14.26394 45.48406 14.2637 45.48408 14.26347 45.4842 14.26315 45.48424 14.26303 45.48431 14.26302 45.4845 14.26272 45.48468 14.26267 45.48483 14.26277 45.48495 14.26285 45.48504 14.26305 45.48504 14.26313 45.48503 14.26324 45.48628 14.26255 45.487 14.26214 45.48863 14.26041 45.48994 14.25902 45.48991 14.25887 45.48998 14.25864 45.49 14.25857 45.49011 14.25865 45.49021 14.25871 45.49035 14.25857 45.4909 14.25801 45.49082 14.25784 45.49074 14.25767 45.49079 14.25758 45.49095 14.25754 45.49123 14.25729 45.49146 14.25662 45.49154 14.25661 45.49161 14.25674 45.49169 14.25691 45.49177 14.25694 45.49185 14.25697 45.49315 14.2561 45.49485 14.25497 45.495 14.25465 45.49542 14.25415 45.49557 14.25397 45.49564 14.2539 45.49589 14.25361 45.49614 14.25304 45.49662 14.25252 45.49688 14.25186 45.497 14.2513 45.49719 14.25006 45.4973 14.2496 45.49757 14.24968 45.49902 14.24938 45.49928 14.24919 45.49975 14.24882 45.49993 14.24867 45.50002 14.24859 45.50048 14.24819 45.50118 14.24777 45.50119 14.24768 45.50119 14.24757 45.50189 14.24699 45.50206 14.24675 45.50219 14.2467 45.50226 14.24668 45.50233 14.24657 45.50252 14.24625 45.50291 14.24611 45.50316 14.24606 45.50336 14.24611 45.50357 14.24648 45.50359 14.24644 45.5036 14.24641 45.50362 14.24637 45.50342 14.24602 45.50329 14.24597 45.5031 14.24591 45.50336 14.24569 45.50341 14.24554 45.50477 14.24512 45.50529 14.24496 45.50525 14.24479 45.50518 14.24443 45.50518 14.24382 45.50518 14.24345 45.50518 14.24317 45.50518 14.24313 45.50494 14.24139 45.50581 14.23741 45.5056 14.23493 45.50516 14.23262 45.50477 14.23061 45.50139 14.22338 45.50119 14.22333 45.50001 14.22304 45.49655 14.22216 45.49638 14.22204 45.49341 14.22006 45.49272 14.2178 45.49215 14.21592 45.49217 14.21536 45.49221 14.21455 45.49258 14.21429 45.492 14.21392 45.49157 14.21365 45.49143 14.2136 45.49093 14.21341 45.49028 14.21278 45.48991 14.21243 45.48965 14.21248 45.48936 14.21235 45.48887 14.21211 45.4885 14.21241 45.48901 14.21065 45.48813 14.21011 45.4842 14.20766 45.4821 14.20635 45.47978 14.20924 45.47853 14.20662 45.46923 14.20765 45.47013 14.20432 45.47066 14.20236 45.47189 14.19786 45.47205 14.19737 45.47218 14.19701 45.47221 14.19688 45.47224 14.19674 45.47243 14.19622 45.47257 14.19584 45.47261 14.19569 45.47271 14.19538 45.47277 14.1951 45.47282 14.19483 45.47288 14.19469 45.47294 14.19454 45.47301 14.19427 45.47324 14.19377 45.4733 14.1935 45.47351 14.19309 45.47389 14.19235 45.47414 14.19181 45.47425 14.19118 45.47465 14.19003 45.47476 14.18977 45.47476 14.18963 45.47476 14.18959 45.4748 14.18922 45.47483 14.18904 45.47483 14.18858 45.47485 14.18843 45.4749 14.18809 45.47491 14.18804 45.47488 14.18772 45.47489 14.18743 45.47491 14.18698 45.47499 14.18665 45.47504 14.18646 45.47509 14.18636 45.47514 14.18628 45.47541 14.18593 45.47567 14.18559 45.47626 14.18474 45.47665 14.18395 45.4769 14.18359 45.47707 14.18335 45.47733 14.18258 45.4774 14.18235 45.47755 14.18187 45.47778 14.18104 45.47782 14.18082 45.47789 14.18042 45.47798 14.18011 45.47807 14.17982 45.47812 14.1795 45.47824 14.17879 45.47872 14.17728 45.47953 14.17311 45.47972 14.17038 45.47988 14.16822 45.4798 14.16803 45.47978 14.16798 45.47979 14.16742 45.47975 14.16731 45.47965 14.16733 45.47959 14.16737 45.47967 14.16719 45.47967 14.16696 45.47982 14.16667 45.47987 14.16657 45.47993 14.16641 45.47983 14.16627 45.47977 14.16618 45.47977 14.16538 45.47981 14.16503 45.47981 14.165 45.47987 14.16482 45.47992 14.1647 45.47991 14.16443 45.47979 14.16417 45.47978 14.16402 45.47976 14.16386 45.47981 14.16375 45.47984 14.16369 45.48007 14.16307 45.4801 14.16283 45.48013 14.16258 45.48015 14.16253 45.4802 14.1624 45.48021 14.1623 45.48021 14.1622 45.48038 14.16192 45.4804 14.16162 45.48049 14.16142 45.48054 14.16126 45.48057 14.16116 45.48057 14.16096 45.48056 14.16081 45.48059 14.16067 45.48061 14.16057 45.48057 14.16025 45.48048 14.15994 45.48038 14.15972 45.48078 14.15644 45.48107 14.15406 45.48066 14.1519 45.48039 14.15052 45.47817 14.14743 45.47536 14.14353 45.47527 14.13681 45.47538 14.13671 45.47543 14.13666 45.47564 14.13384 45.47742 14.12812 45.47958 14.12211 45.48111 14.11792 45.48227 14.11115 45.48239 14.10907 45.48099 14.10938 45.48009 14.10958 45.47765 14.11013 45.47437 14.11277 45.4708 14.11453 45.469 14.11342 45.46499 14.11093 45.45955 14.1079 45.45077 14.11965 45.44332 14.12076 45.43271 14.13344 45.43167 14.13555 45.42603 14.14618 45.42454 14.14901 45.41932 14.15905 45.41821 14.16155 45.41592 14.16509 45.41502 14.16791 45.41367 14.17497 45.41188 14.18135 45.41119 14.18397 45.41072 14.18648 45.41027 14.18826 45.41027 14.18828 45.41026 14.18831 45.40879 14.1923 45.40706 14.19753 45.40596 14.20103 45.40506 14.20329 45.4043 14.20536 45.4031 14.20587 45.4017 14.2062 45.40128 14.20621 45.39585 14.19548 45.39312 14.18987 45.393 14.18963 45.39208 14.18875 45.39187 14.1902 45.39166 14.1917 45.39154 14.19325 45.39075 14.20201 45.39061 14.20536 45.39063 14.20614 45.39039 14.20639 45.39025 14.20652 45.39013 14.20664 45.38983 14.20694 45.38919 14.2075 45.38869 14.20807 45.38727 14.20908 45.38625 14.20969 45.38525 14.21041 45.38428 14.21118 45.38359 14.21183 45.383 14.21207 45.38268 14.21215 45.38166 14.21421 45.38064 14.21585 45.37992 14.21692 45.37935 14.21784 45.37914 14.21861 45.37817 14.21997 45.37788 14.22067 45.37717 14.22203 45.37693 14.22256 45.37688 14.22366 45.37693 14.22498 45.37693 14.22545 45.37693 14.22571 45.37687 14.22652 45.37696 14.22862 45.37696 14.22939 45.37704 14.22985 45.37707 14.23005 45.37707 14.23012 45.37707 14.23054 45.37678 14.23116 45.37636 14.23286 45.37577 14.23475 45.37507 14.2366 45.37443 14.23801 45.37358 14.24015 45.37317 14.24164 45.37227 14.24531 45.37164 14.24712 45.37128 14.24798 45.37083 14.24879 45.37033 14.25033 45.36938 14.25241 45.36918 14.25329 45.36899 14.25443 45.3677 14.25753 45.36762 14.25788 45.36714 14.2593 45.36669 14.26082 45.36611 14.2626 45.36455 14.26686 45.36432 14.26742 45.36417 14.26766 45.36393 14.26826 45.36311 14.27079 45.36265 14.27194 45.36171 14.27473 45.36137 14.27546 45.36098 14.27644 45.36016 14.27792 45.35994 14.27844 45.35976 14.27869 45.35929 14.27918 45.35886 14.27971 45.3585 14.28048 45.3577 14.28143 45.35707 14.28163 45.35605 14.2818 45.35454 14.28254 45.35412 14.28283 45.35386 14.2829 45.35238 14.28291 45.3519 14.28263 45.35121 14.28234 45.35072 14.2822 45.34984 14.282 45.34887 14.28157 45.34851 14.28207 45.347 14.28462 45.34616 14.28581 45.34539 14.28667 45.34469 14.28773 45.34356 14.28895 45.34256 14.28956 45.34157 14.28986 45.34113 14.29009 45.34091 14.2902 45.34015 14.29076 45.33989 14.29103 45.33958 14.29134 45.33952 14.29154 45.33919 14.29191 45.33888 14.29292 45.33869 14.29414 45.33846 14.29496 45.33829 14.29637 45.33825 14.29666 45.33827 14.29667 45.33925 14.29765 45.34016 14.29816 45.34056 14.29827 45.34189 14.29941 45.34308 14.30027 45.34493 14.30206 45.34621 14.30338 45.34683 14.3038 45.34798 14.30426 45.34801 14.30428 45.34878 14.30472 45.3489 14.30479 45.34962 14.30495 45.34983 14.305 45.35001 14.30491 45.35006 14.30478 45.35021 14.30445 45.35047 14.3041 45.3509 14.30405 45.3511 14.30402 45.35113 14.30402 45.35123 14.30386 45.35131 14.30374 45.35147 14.30304 45.35165 14.30299 45.35181 14.30318 45.35191 14.30388 45.35212 14.30462 45.35229 14.30488 45.35325 14.30537 45.35341 14.30542 45.35367 14.30525 45.35396 14.30507 45.3543 14.30512 45.35444 14.3053 45.35413 14.3059 45.35411 14.30674 45.35415 14.30705 45.35425 14.30723 45.35465 14.30758 45.3551 14.30784 45.35554 14.30803 45.35596 14.30829 45.35641 14.30855 45.35688 14.30899 45.35723 14.30929 45.35759 14.30963 45.35794 14.30949 45.35794 14.30953 45.35792 14.30965 45.35778 14.31093 45.35773 14.31158 45.35666 14.31195 45.35665 14.31213 45.35666 14.31251 45.35673 14.31304 45.35676 14.31322 45.35682 14.31363 45.35675 14.31362 45.3567 14.31361 45.35678 14.3141 45.35694 14.31452 45.3572 14.31481 45.35748 14.31498 45.35771 14.31536 45.3588 14.31714 45.35832 14.31775 45.35779 14.31832 45.35759 14.31837 45.35733 14.31856 45.35727 14.31862 45.35713 14.31877 45.35704 14.31903 45.35699 14.31918 45.35648 14.31999 45.3567 14.32046 45.3569 14.32078 45.35699 14.32084 45.35717 14.32097 45.35719 14.32103 45.35726 14.32128 45.35735 14.32149 45.35746 14.32174 45.35758 14.32219 45.35763 14.32237 45.35794 14.32281 45.35892 14.32336 45.35906 14.32337 45.35918 14.32352 45.35915 14.32384 45.35898 14.32386 45.35867 14.32413 45.35857 14.32438 45.35868 14.32485 45.35881 14.32526 45.35909 14.32549 45.35936 14.32552 45.35963 14.32543 45.35996 14.32542 45.36019 14.32581 45.36031 14.32638 45.36054 14.32676 45.36071 14.32706 45.36071 14.32706 45.36037 14.32816 45.3602 14.32872 45.36024 14.32909 45.36024 14.3291 45.36021 14.32918 45.36013 14.32944 45.35993 14.3295 45.35896 14.32858 45.35861 14.32867 45.35844 14.32925 45.35827 14.3301 45.35814 14.33132 45.35792 14.33224 45.35786 14.33247 45.35714 14.33467 45.35681 14.33546 45.35661 14.33575 45.35694 14.33622 45.35718 14.33658 45.3574 14.33659 45.35801 14.33644 45.35815 14.33643 45.35895 14.33714 45.35996 14.33802 45.36018 14.3376 45.36106 14.33755 45.36163 14.33752 45.36248 14.33755 45.36325 14.33741 45.36383 14.33766 45.36422 14.33791 45.36441 14.33813 45.36476 14.33798 45.36487 14.3375 45.36503 14.33765 45.36528 14.33804 45.36529 14.33807 45.36542 14.33851 45.36544 14.33859 45.36525 14.33935 45.36546 14.34026 45.36566 14.34097 45.36592 14.34219 45.36625 14.34276 45.36648 14.34292 45.36678 14.34395 45.36718 14.34392 45.36724 14.34414 45.36731 14.3442 45.36743 14.3443 45.3677 14.34454 45.36779 14.34434 45.3679 14.3441 45.36786 14.34394 45.36786 14.34392 45.36785 14.34389 45.36775 14.34387 45.36762 14.34383 45.3675 14.34382 45.36746 14.34382 45.36754 14.34299 45.36775 14.34274 45.36776 14.34271 45.36779 14.34217 45.36768 14.34187 45.36792 14.341 45.36798 14.34045 45.36813 14.33923 45.36829 14.33835 45.36842 14.3375 45.36839 14.33729 45.36837 14.33722 45.36836 14.3371 45.36835 14.33705 45.36813 14.33587 45.36819 14.33524 45.36828 14.33475 45.36792 14.33373 45.36799 14.33322 45.3683 14.3329 45.36844 14.33252 45.36853 14.33227 45.36846 14.33185 45.36874 14.33142 45.36887 14.33121 45.36883 14.33096 45.36878 14.33066 45.36853 14.33005 45.36851 14.32947 45.36839 14.32903 45.36847 14.32839 45.36853 14.32785 45.36857 14.32748 45.36892 14.32763 45.36921 14.32764 45.36964 14.32753 45.36994 14.32748 45.37006 14.32654 45.36907 14.32527 45.36906 14.32525 45.36928 14.32508 45.36964 14.32479 45.37013 14.32448 45.37094 14.32472 45.37187 14.32498 45.37199 14.32564 45.37216 14.32573 45.37259 14.32594 45.37328 14.32587 45.37375 14.32598 45.37424 14.32597 45.37457 14.32617 45.3753 14.32652 45.37532 14.32654 45.37566 14.32686 45.37614 14.32729 45.37667 14.32723 45.37699 14.3272 45.37739 14.3279 45.3776 14.32886 45.37841 14.33003 45.37885 14.33073 45.37929 14.33127 45.37979 14.33126 45.38023 14.33149 45.38049 14.33204 45.38088 14.33188 45.38161 14.33352 45.3822 14.33503 45.38293 14.337 45.38325 14.33719 45.38367 14.33745 45.38399 14.33791 45.38444 14.33875 45.38454 14.33895 45.38524 14.3394 45.38608 14.3384 45.38675 14.33761 45.38753 14.33701 45.38762 14.33625 45.38855 14.33612 45.38952 14.3357 45.39005 14.3352 45.39078 14.33479 45.39144 14.33466 45.39187 14.33382 45.39197 14.3336 45.39274 14.33394 45.39336 14.33375 45.39418 14.33326 45.39512 14.3323 45.39581 14.33226 45.39668 14.33134 45.39744 14.32985 45.39846 14.3294 45.39904 14.32896 45.39972 14.32859 45.39974 14.32815 45.39975 14.32784 45.39944 14.32706 45.3993 14.32668 45.39883 14.32539 45.39873 14.32406 45.39866 14.32324 45.3979 14.32185 45.39752 14.32079 45.3983 14.32032 45.39897 14.32057 45.39975 14.32034 45.40027 14.3202 45.40115 14.31855 45.40199 14.31795 45.4026 14.31752 45.40284 14.31734 45.40395 14.31666 45.4045 14.31631 45.40516 14.31597 45.40575 14.31558 45.40584 14.31552 45.40661 14.31539 45.40676 14.31537 45.40745 14.31466 45.40801 14.31423 45.40899 14.31377 45.40953 14.31391 45.41054 14.31411 45.41091 14.31433 45.4112 14.31449 45.41187 14.31492 45.41258 14.31547 45.41285 14.3158 45.41286 14.31581 45.41332 14.31636 45.41275 14.31707 45.41247 14.31741 45.41289 14.31821 45.41358 14.31859 45.41409 14.31921 45.41492 14.31989 45.4162 14.3197 45.41707 14.31957 45.41728 14.3188 45.4183 14.3178 45.41887 14.3173 45.41944 14.31661 45.41996 14.3155 45.42052 14.31486 45.42126 14.31471 45.42225 14.31357 45.42243 14.31271 45.42273 14.31188 45.4232 14.31107 45.42378 14.31056 45.42401 14.30968 45.42438 14.3089 45.42454 14.30857 45.42449 14.30748 45.42461 14.30617 45.42552 14.30379 45.42791 14.30655 45.42933 14.308 45.43066 14.30916 45.43278 14.31085 45.43359 14.31154 45.43438 14.31222 45.43418 14.3132 45.43408 14.31367 45.43383 14.31521 45.43344 14.31765 45.43089 14.32075 45.43077 14.32129 45.43098 14.32137 45.43117 14.32145 45.43375 14.32248 45.43697 14.32314 45.43838 14.32319 45.43971 14.32334 45.44157 14.32352 45.443 14.32362 45.44397 14.32387 45.44467 14.32384 45.44553 14.32394 45.44628 14.32404 45.44699 14.32402 45.44773 14.3246 45.44783 14.32544 45.44851 14.32541 45.44937 14.32539 45.45002 14.32554 45.45078 14.32602 45.45153 14.32651 45.45236 14.32686 45.45339 14.32729 45.45493 14.32767 45.45511 14.32739 45.45583 14.32788 45.45728 14.32909 45.4585 14.33029 45.45866 14.33047 45.45873 14.33063 45.45874 14.33074 45.45874 14.33081 45.45874 14.33083 45.4587 14.33107 45.45866 14.33126 45.45849 14.33168 45.45839 14.33189 45.45834 14.332 45.45852 14.33241 45.45878 14.33289 45.45926 14.33254 45.45938 14.3329 45.45943 14.33307 45.46106 14.33305 45.4617 14.3326 45.46273 14.33199 45.46384 14.33125 45.46478 14.33065 45.46568 14.33001 45.46713 14.32884 45.46793 14.32763 45.46854 14.32673 45.4691 14.32543 45.4696 14.32393 45.47047 14.32262</gml:posList>
                        </gml:LinearRing>
                      </gml:exterior>
                    </gml:Polygon>
                  </gml:surfaceMember>
                </gml:MultiSurface>
              </sams:shape>
            </id2:AQD_ModelArea>
          </ns1:featureOfInterest>
          <ns1:observedProperty xlink:href="http://dd.eionet.europa.eu/vocabulary/aq/pollutant/8"/>
        </ns1:ObservingCapability>
      </ns1:observingCapability>
      <ns1:organisationLevel xlink:href=""/>
      <id2:environmentalObjective>
        <id2:EnvironmentalObjective>
          <id2:objectiveType xlink:href="http://dd.eionet.europa.eu/vocabulary/aq/objectivetype/LV"/>
          <id2:reportingMetric xlink:href="http://dd.eionet.europa.eu/vocabulary/aq/reportingmetric/hrsAbove"/>
          <id2:protectionTarget xlink:href="http://dd.eionet.europa.eu/vocabulary/aq/protectiontarget/H"/>
        </id2:EnvironmentalObjective>
      </id2:environmentalObjective>
      <id2:assessmentType xlink:href="http://dd.eionet.europa.eu/vocabulary/aq/assessmenttype/model"/>
      <id2:zone xlink:href=""/>
    </id2:AQD_Model>
  </gml:featureMember>
  <gml:featureMember>
    <id2:AQD_Model gml:id="MEDIA_MONITORED_CILJ_ID_1_POLUTANT_2_1">
      <gml:description>Testna objektivna procjena</gml:description>
      <ns1:inspireId>
        <ns:Identifier>
          <ns:localId>MEDIA_MONITORED_CILJ_ID_1_POLUTANT_2_LOCAL</ns:localId>
          <ns:namespace>aqd.azo.hr</ns:namespace>
          <ns:versionId>1.0</ns:versionId>
        </ns:Identifier>
      </ns1:inspireId>
      <ns1:name/>
      <ns1:mediaMonitored xlink:href=""/>
      <ns1:observingCapability>
        <ns1:ObservingCapability gml:id="MEDIA_MONITORED_CILJ_ID_1_POLUTANT_2_MODEL_OBJECTIVE_ESTIMATION_1">
          <ns1:observingTime>
            <gml:TimePeriod gml:id="MEDIA_MONITORED_CILJ_ID_1_POLUTANT_2_MODEL_TIMEPERIOD_1">
              <gml:beginPosition>2001-01-01</gml:beginPosition>
              <gml:endPosition/>
            </gml:TimePeriod>
          </ns1:observingTime>
          <ns1:processType xlink:href="http://inspire.ec.europa.eu/codeList/ProcessTypeValue/process"/>
          <ns1:resultNature xlink:href="http://inspire.ec.europa.eu/codeList/ResultNatureValue/primary"/>
          <ns1:procedure xlink:href="MEDIA_MONITORED_CILJ_ID_1_POLUTANT_2_1"/>
          <ns1:featureOfInterest>
            <id2:AQD_ModelArea gml:id="MEDIA_MONITORED_CILJ_ID_1_POLUTANT_2_MODEL_MODEL_GEOMETRY_ID_1">
              <gml:name>MODEL</gml:name>
              <sam:sampledFeature xsi:nil="true" nilReason="inapplicable"/>
              <sams:shape>
                <gml:MultiSurface gml:id="MEDIA_MONITORED_CILJ_ID_1_POLUTANT_2_MODEL_MODEL_GEOMETRY_MULTISURFICE_ID_2" srsName="urn:ogc:def:crs:EPSG::4258">
                  <gml:surfaceMember>
                    <gml:Polygon gml:id="MEDIA_MONITORED_CILJ_ID_1_POLUTANT_2_MODEL_52">
                      <gml:exterior>
                        <gml:LinearRing>
                          <gml:posList srsDimension="2">45.58539 18.61786 45.58664 18.61571 45.58681 18.61543 45.58698 18.61528 45.58721 18.61509 45.58771 18.61474 45.58851 18.61417 45.5893 18.61361 45.59001 18.61311 45.59204 18.61155 45.59234 18.61128 45.59365 18.6101 45.59419 18.60905 45.59439 18.60886 45.59542 18.60789 45.59558 18.60726 45.59569 18.60687 45.5957 18.60682 45.59414 18.60544 45.59226 18.60452 45.59076 18.60391 45.58962 18.60345 45.58892 18.60316 45.58775 18.6027 45.58746 18.60258 45.58697 18.60211 45.58685 18.60199 45.58641 18.60115 45.58626 18.59965 45.58618 18.59884 45.58571 18.59385 45.58578 18.59285 45.58578 18.59266 45.58579 18.59181 45.5858 18.58926 45.58579 18.58884 45.58577 18.58801 45.58584 18.58693 45.58574 18.5861 45.58551 18.58526 45.58545 18.58516 45.58527 18.58486 45.58503 18.58471 45.58496 18.58467 45.58494 18.58464 45.58466 18.58426 45.58493 18.58378 45.58525 18.58354 45.58535 18.58341 45.58565 18.58301 45.58585 18.58292 45.58618 18.58277 45.58752 18.58249 45.58801 18.5819 45.58845 18.58156 45.58956 18.58114 45.58973 18.58114 45.58994 18.58114 45.59066 18.5807 45.59102 18.58044 45.59159 18.58003 45.59205 18.57979 45.59215 18.57974 45.5927 18.5794 45.59347 18.57909 45.59411 18.57883 45.59508 18.57777 45.59535 18.57747 45.59555 18.57716 45.59588 18.57664 45.5962 18.57602 45.59643 18.57556 45.59487 18.57307 45.5937 18.57121 45.59268 18.56958 45.59317 18.56881 45.59046 18.56474 45.58514 18.55676 45.58453 18.56207 45.58445 18.56279 45.57831 18.56156 45.57465 18.56083 45.56585 18.55887 45.56497 18.5585 45.56495 18.55849 45.56493 18.55848 45.56479 18.55825 45.56469 18.55808 45.56438 18.5571 45.56241 18.55869 45.55963 18.56091 45.55852 18.5615 45.55789 18.56074 45.55724 18.5616 45.55704 18.56093 45.55692 18.56051 45.55433 18.56206 45.55218 18.56093 45.55196 18.56092 45.55138 18.56089 45.55049 18.56193 45.55062 18.5629 45.55015 18.5636 45.55085 18.56582 45.5527 18.57173 45.54941 18.57377 45.54742 18.57477 45.54551 18.57529 45.54508 18.57544 45.54451 18.57564 45.54469 18.57872 45.54642 18.57905 45.54843 18.58 45.54927 18.58088 45.54992 18.58237 45.55018 18.58548 45.54981 18.58579 45.54872 18.58668 45.54822 18.58649 45.54775 18.5863 45.54666 18.58463 45.5452 18.58875 45.54299 18.59494 45.54291 18.59528 45.54278 18.59584 45.54248 18.59621 45.54227 18.59648 45.54181 18.59665 45.5409 18.59715 45.53766 18.59837 45.53786 18.59924 45.5384 18.60149 45.53841 18.60161 45.53867 18.60404 45.53877 18.60489 45.5374 18.60555 45.537 18.60574 45.53588 18.61017 45.53585 18.61401 45.53585 18.61404 45.5356 18.6192 45.53372 18.62005 45.53371 18.61972 45.5337 18.6195 45.53256 18.62001 45.53126 18.62061 45.53103 18.62071 45.53096 18.62073 45.52928 18.62145 45.52877 18.61984 45.52855 18.61915 45.52625 18.61982 45.52327 18.62103 45.52052 18.62178 45.51997 18.61974 45.51771 18.62061 45.51493 18.62156 45.51149 18.62244 45.50962 18.62126 45.50963 18.62126 45.50974 18.62149 45.50996 18.62335 45.51015 18.625 45.51034 18.62605 45.51038 18.62628 45.51044 18.62661 45.51051 18.62695 45.51063 18.62764 45.51014 18.63128 45.51031 18.63273 45.51125 18.64089 45.51138 18.64168 45.51151 18.64252 45.51073 18.64426 45.51324 18.65414 45.51609 18.66533 45.5151 18.66604 45.51407 18.66678 45.51476 18.66852 45.51564 18.67076 45.51608 18.67148 45.51664 18.67241 45.51698 18.67412 45.51702 18.67437 45.51783 18.67728 45.51791 18.67789 45.51809 18.6794 45.51811 18.6797 45.51813 18.68005 45.51728 18.67966 45.51621 18.67918 45.51681 18.68098 45.51747 18.68298 45.51767 18.68394 45.51784 18.68478 45.51783 18.68574 45.51783 18.68626 45.51782 18.68665 45.51775 18.68811 45.5177 18.68932 45.51768 18.69015 45.51767 18.69062 45.51766 18.69132 45.51764 18.69222 45.51839 18.69242 45.51896 18.69258 45.52008 18.69468 45.52083 18.69644 45.52115 18.69742 45.52113 18.69763 45.52113 18.69765 45.52111 18.6979 45.52092 18.69813 45.52036 18.69879 45.51878 18.70114 45.51844 18.70165 45.5167 18.70383 45.51586 18.70385 45.51531 18.70387 45.51435 18.704 45.51414 18.70416 45.51378 18.70444 45.51358 18.70465 45.51315 18.70511 45.5128 18.70568 45.51247 18.70623 45.50948 18.7096 45.50862 18.71049 45.50652 18.71267 45.50458 18.71484 45.50128 18.71853 45.50079 18.719 45.50015 18.71961 45.49931 18.72043 45.494 18.72563 45.48846 18.71552 45.48642 18.71757 45.48701 18.71881 45.48721 18.71923 45.48697 18.71947 45.48671 18.71973 45.48214 18.72437 45.48127 18.72294 45.47551 18.72883 45.47562 18.72908 45.47608 18.73014 45.47582 18.73039 45.47536 18.73084 45.47428 18.73189 45.47378 18.73239 45.47328 18.73136 45.47322 18.73123 45.46447 18.74058 45.4594 18.746 45.45985 18.747 45.46046 18.74836 45.45901 18.74977 45.45823 18.75052 45.4577 18.75104 45.45543 18.75323 45.45518 18.75284 45.45421 18.75127 45.45055 18.75543 45.44466 18.76109 45.44515 18.76642 45.44536 18.76866 45.44597 18.77728 45.4466 18.7862 45.45504 18.79344 45.4558 18.7941 45.4566 18.79479 45.45756 18.79552 45.45828 18.79612 45.45911 18.79682 45.46015 18.79763 45.46049 18.79793 45.4613 18.79865 45.46191 18.79948 45.46283 18.80072 45.46426 18.80251 45.45812 18.81576 45.45809 18.81583 45.45779 18.81647 45.46336 18.8274 45.46464 18.82992 45.46531 18.83093 45.46593 18.83187 45.46641 18.83239 45.46789 18.83404 45.46878 18.83503 45.46805 18.83618 45.46402 18.84249 45.4649 18.84254 45.46614 18.84347 45.46714 18.84515 45.46962 18.84742 45.4706 18.84845 45.47081 18.84897 45.47108 18.8496 45.47346 18.85081 45.47559 18.8519 45.47729 18.85068 45.47821 18.85004 45.47837 18.84992 45.47893 18.84952 45.47889 18.84883 45.47955 18.84865 45.48162 18.84809 45.47875 18.83134 45.48232 18.82707 45.48146 18.82566 45.48205 18.82479 45.4821 18.82471 45.4827 18.824 45.48271 18.824 45.48331 18.8233 45.48409 18.82239 45.4902 18.81532 45.49391 18.81104 45.4954 18.80927 45.498 18.80618 45.49866 18.8054 45.50015 18.80393 45.5007 18.80334 45.50269 18.80122 45.50489 18.79835 45.50498 18.79996 45.50504 18.80094 45.5064 18.80179 45.50832 18.80299 45.50922 18.8074 45.50983 18.81035 45.51351 18.81759 45.51392 18.81846 45.51406 18.81896 45.51421 18.81951 45.51568 18.82588 45.51672 18.82994 45.51749 18.834 45.51761 18.83465 45.51847 18.83879 45.51902 18.84005 45.51905 18.84012 45.5191 18.8402 45.51909 18.84022 45.51645 18.84821 45.51705 18.84835 45.52024 18.84906 45.52001 18.85172 45.51987 18.85325 45.52455 18.85807 45.53043 18.86461 45.53382 18.86001 45.53393 18.86024 45.53395 18.86028 45.53425 18.8605 45.53512 18.86115 45.53602 18.8621 45.53673 18.86285 45.53807 18.86327 45.53899 18.8634 45.53931 18.86345 45.54149 18.86306 45.54351 18.862 45.54473 18.8613 45.54636 18.86037 45.54801 18.85988 45.5502 18.85916 45.55126 18.85884 45.55198 18.85867 45.55221 18.85861 45.55178 18.85589 45.55155 18.8538 45.55137 18.8525 45.55119 18.85117 45.55085 18.84873 45.55074 18.84785 45.55047 18.84578 45.55016 18.84323 45.54984 18.84102 45.54965 18.83901 45.55252 18.83902 45.55379 18.83903 45.55521 18.83821 45.5587 18.83532 45.55837 18.83481 45.5583 18.8347 45.5582 18.83456 45.55815 18.83447 45.55738 18.83356 45.55643 18.8325 45.55619 18.83227 45.55544 18.83154 45.55463 18.8307 45.55405 18.83009 45.55359 18.82945 45.5524 18.82776 45.55121 18.82594 45.55035 18.82463 45.54978 18.82346 45.54972 18.82255 45.54971 18.82236 45.54994 18.82126 45.55041 18.81864 45.5509 18.81596 45.55113 18.81403 45.55127 18.81317 45.55133 18.81281 45.55133 18.81224 45.55134 18.81166 45.55119 18.81044 45.55106 18.80892 45.55074 18.80703 45.55064 18.80656 45.55031 18.80503 45.54948 18.80165 45.54902 18.80012 45.54855 18.79838 45.54786 18.79637 45.54711 18.7943 45.54594 18.7905 45.54587 18.79015 45.54541 18.78808 45.54448 18.78329 45.54421 18.78138 45.54413 18.78081 45.54382 18.77812 45.54304 18.77311 45.54275 18.77165 45.54263 18.77068 45.54258 18.77033 45.5425 18.76896 45.54252 18.76837 45.54253 18.76801 45.54258 18.76758 45.54268 18.76691 45.54305 18.76576 45.54325 18.76522 45.54354 18.76445 45.54567 18.76138 45.54694 18.75972 45.54827 18.75821 45.54898 18.75753 45.55368 18.75439 45.55502 18.75341 45.55533 18.75315 45.55691 18.75176 45.55787 18.7507 45.55796 18.75061 45.55831 18.7499 45.55964 18.74727 45.56031 18.74554 45.56149 18.74178 45.56189 18.74031 45.56216 18.73931 45.56241 18.73805 45.56255 18.73731 45.56304 18.7348 45.56426 18.73497 45.56524 18.73533 45.56588 18.73557 45.56816 18.73729 45.56837 18.73688 45.56874 18.73617 45.56891 18.73586 45.56947 18.73479 45.56947 18.7347 45.56953 18.73283 45.5696 18.73062 45.56947 18.72914 45.56936 18.72794 45.56941 18.72594 45.57373 18.72717 45.57486 18.72749 45.57589 18.72225 45.5757 18.72216 45.57501 18.72187 45.57484 18.72091 45.57447 18.71891 45.57418 18.71582 45.57399 18.71381 45.574 18.71351 45.57414 18.70771 45.57414 18.70766 45.57414 18.70758 45.57404 18.70333 45.57418 18.7023 45.57425 18.70186 45.5743 18.70155 45.5745 18.70021 45.575 18.69824 45.57506 18.69794 45.5753 18.69774 45.57542 18.69774 45.57557 18.69773 45.57617 18.69794 45.57674 18.69813 45.57741 18.69838 45.57816 18.69865 45.57939 18.6991 45.57982 18.69926 45.57951 18.69873 45.57919 18.69818 45.57872 18.69737 45.57883 18.69732 45.57894 18.69726 45.57974 18.69684 45.57868 18.69538 45.57843 18.69503 45.57707 18.69296 45.57697 18.69278 45.57678 18.69243 45.57657 18.69133 45.57664 18.69029 45.57665 18.69017 45.57676 18.6897 45.57743 18.68897 45.57903 18.68683 45.57937 18.68647 45.58051 18.68527 45.58037 18.68515 45.58032 18.68511 45.57987 18.68471 45.57887 18.68383 45.5781 18.68257 45.57799 18.68226 45.5769 18.67918 45.5761 18.67644 45.57557 18.67375 45.57542 18.67279 45.57481 18.66906 45.57475 18.66859 45.57473 18.66845 45.57446 18.66658 45.57602 18.66576 45.5762 18.66449 45.57647 18.66162 45.57651 18.6609 45.57653 18.66058 45.57661 18.65929 45.57659 18.65919 45.57658 18.65916 45.57656 18.65904 45.57653 18.65893 45.57612 18.65678 45.57558 18.65419 45.57526 18.65264 45.57512 18.65243 45.57451 18.65155 45.57313 18.65028 45.57321 18.64932 45.57324 18.649 45.57327 18.64867 45.57417 18.64563 45.57459 18.64389 45.57481 18.64295 45.57578 18.64072 45.57622 18.63974 45.57752 18.63617 45.57856 18.63333 45.57876 18.63277 45.57916 18.63144 45.57965 18.62979 45.58098 18.62653 45.58322 18.62191 45.58504 18.61851 45.58539 18.61786</gml:posList>
                        </gml:LinearRing>
                      </gml:exterior>
                    </gml:Polygon>
                  </gml:surfaceMember>
                  <gml:surfaceMember>
                    <gml:Polygon gml:id="MEDIA_MONITORED_CILJ_ID_1_POLUTANT_2_MODEL_53">
                      <gml:exterior>
                        <gml:LinearRing>
                          <gml:posList srsDimension="2">43.53632 16.44603 43.53633 16.44595 43.53635 16.44583 43.53636 16.44577 43.53636 16.44567 43.53636 16.44564 43.5363 16.44553 43.53628 16.44549 43.53625 16.44546 43.53625 16.44541 43.53627 16.44531 43.53631 16.44525 43.53634 16.4452 43.53636 16.44515 43.53636 16.44511 43.53633 16.44507 43.53628 16.44505 43.53627 16.44505 43.53623 16.44507 43.53618 16.44506 43.53617 16.44503 43.53616 16.44501 43.53615 16.44496 43.53608 16.44494 43.53605 16.44497 43.53603 16.44501 43.53601 16.4451 43.53596 16.44522 43.53592 16.44531 43.53586 16.44545 43.53581 16.44556 43.53577 16.44563 43.53575 16.44572 43.53572 16.44586 43.53571 16.44596 43.5357 16.44609 43.53571 16.44619 43.53571 16.44634 43.53573 16.44645 43.53575 16.44652 43.53577 16.44661 43.53582 16.44672 43.5359 16.44682 43.53596 16.44688 43.53602 16.44691 43.53607 16.44694 43.5361 16.44695 43.53616 16.44693 43.5362 16.44691 43.53624 16.44685 43.53627 16.44669 43.53627 16.44659 43.53629 16.44624 43.53631 16.44614 43.53631 16.44606 43.53632 16.44603</gml:posList>
                        </gml:LinearRing>
                      </gml:exterior>
                    </gml:Polygon>
                  </gml:surfaceMember>
                  <gml:surfaceMember>
                    <gml:Polygon gml:id="MEDIA_MONITORED_CILJ_ID_1_POLUTANT_2_MODEL_54">
                      <gml:exterior>
                        <gml:LinearRing>
                          <gml:posList srsDimension="2">43.5241 16.27317 43.52423 16.27303 43.52422 16.27295 43.52411 16.27273 43.52411 16.27255 43.52415 16.27241 43.52418 16.27197 43.5242 16.27185 43.52419 16.27134 43.52413 16.2709 43.52411 16.27066 43.52404 16.27038 43.52387 16.2703 43.52368 16.27027 43.52361 16.2703 43.52359 16.27033 43.52356 16.27033 43.52352 16.27028 43.52349 16.27019 43.52348 16.27005 43.52346 16.27 43.52338 16.26998 43.52328 16.27 43.52322 16.27004 43.52318 16.27012 43.52317 16.27023 43.52316 16.27038 43.52322 16.27054 43.5233 16.27071 43.52333 16.27081 43.52339 16.2709 43.52343 16.27102 43.52344 16.2712 43.52335 16.27143 43.52333 16.27153 43.52332 16.27164 43.52334 16.27178 43.5234 16.27192 43.52366 16.27231 43.52398 16.27303 43.52405 16.27314 43.5241 16.27317</gml:posList>
                        </gml:LinearRing>
                      </gml:exterior>
                    </gml:Polygon>
                  </gml:surfaceMember>
                  <gml:surfaceMember>
                    <gml:Polygon gml:id="MEDIA_MONITORED_CILJ_ID_1_POLUTANT_2_MODEL_55">
                      <gml:exterior>
                        <gml:LinearRing>
                          <gml:posList srsDimension="2">43.53223 16.62762 43.53593 16.61962 43.53767 16.61631 43.5403 16.61131 43.54111 16.6062 43.54171 16.60247 43.54347 16.59755 43.54423 16.59546 43.54561 16.5916 43.54567 16.59138 43.55182 16.56993 43.54666 16.55449 43.54665 16.55448 43.53908 16.54702 43.53779 16.54575 43.53381 16.54183 43.52571 16.53386 43.52554 16.53369 43.52528 16.53343 43.52418 16.53231 43.5238 16.53233 43.52227 16.5324 43.5212 16.53209 43.52076 16.53196 43.52034 16.53138 43.52031 16.53073 43.52082 16.52759 43.52085 16.52737 43.52087 16.52717 43.52108 16.52521 43.52124 16.52365 43.52161 16.5209 43.52245 16.51679 43.52222 16.51677 43.52275 16.51441 43.52311 16.51282 43.52404 16.51043 43.52548 16.50914 43.52566 16.50823 43.52586 16.50814 43.52599 16.50812 43.52641 16.50805 43.52654 16.50788 43.52693 16.50737 43.52783 16.50512 43.52803 16.50462 43.5281 16.50444 43.52815 16.5043 43.52854 16.50169 43.52869 16.50063 43.5287 16.50055 43.52877 16.50005 43.52885 16.4986 43.52892 16.49734 43.52914 16.49595 43.52925 16.49528 43.52927 16.49517 43.52928 16.49343 43.52929 16.48958 43.52929 16.48867 43.5293 16.48409 43.52931 16.48405 43.52931 16.48403 43.52931 16.48388 43.52932 16.48332 43.52932 16.48297 43.52933 16.48279 43.52934 16.48203 43.52755 16.47447 43.52755 16.47446 43.52753 16.47424 43.52753 16.47418 43.52752 16.47414 43.5275 16.4741 43.52746 16.47403 43.52744 16.47398 43.52742 16.47395 43.52742 16.47391 43.52744 16.47388 43.52753 16.47378 43.52759 16.47376 43.52762 16.47374 43.52766 16.47367 43.52767 16.47356 43.52767 16.47353 43.52766 16.47351 43.52762 16.47346 43.52757 16.47339 43.52753 16.47332 43.5275 16.4732 43.52752 16.47295 43.52754 16.4728 43.52756 16.47262 43.52758 16.47246 43.52761 16.47216 43.52764 16.47185 43.52769 16.4715 43.52773 16.47116 43.52775 16.47097 43.52776 16.47084 43.52777 16.4707 43.52788 16.4707 43.52789 16.4705 43.5278 16.4705 43.52783 16.47027 43.52784 16.47007 43.52786 16.46994 43.5279 16.46971 43.52792 16.46958 43.52795 16.46919 43.52799 16.4689 43.528 16.46883 43.52806 16.46885 43.52809 16.46865 43.52802 16.46863 43.52806 16.46829 43.52809 16.46799 43.52815 16.46746 43.52821 16.46701 43.52829 16.46625 43.52831 16.46603 43.52841 16.46517 43.52843 16.46504 43.52848 16.46467 43.52847 16.4646 43.5284 16.46437 43.52829 16.46405 43.52799 16.46315 43.52795 16.46303 43.52793 16.46297 43.52787 16.46292 43.52774 16.46276 43.52768 16.46269 43.52766 16.46267 43.52761 16.4626 43.52759 16.46249 43.52759 16.4623 43.52758 16.46222 43.52748 16.46193 43.5274 16.46173 43.52734 16.46158 43.5273 16.4615 43.52728 16.4614 43.52725 16.46132 43.5272 16.4612 43.52716 16.4611 43.52714 16.46102 43.52713 16.46088 43.52714 16.46086 43.52717 16.46081 43.52725 16.46074 43.52736 16.46073 43.52743 16.46071 43.52749 16.46064 43.52752 16.46055 43.52756 16.46043 43.52758 16.4604 43.52768 16.46038 43.52773 16.46037 43.52777 16.46031 43.52777 16.46023 43.5278 16.46006 43.52783 16.45989 43.52785 16.45977 43.52789 16.45971 43.52795 16.45964 43.52798 16.45961 43.52803 16.45954 43.52806 16.4595 43.52806 16.45943 43.52807 16.4591 43.52805 16.45896 43.52802 16.45873 43.52799 16.45854 43.52797 16.45836 43.52795 16.45814 43.52793 16.45791 43.52791 16.45758 43.52787 16.4572 43.52785 16.45706 43.52785 16.45696 43.52788 16.45681 43.52791 16.45659 43.52791 16.45632 43.5279 16.45612 43.52788 16.45594 43.52788 16.45573 43.52791 16.45564 43.52792 16.45561 43.52792 16.4555 43.5279 16.45545 43.52791 16.45538 43.52798 16.45527 43.52814 16.45511 43.52824 16.45505 43.52832 16.45495 43.52839 16.45486 43.52845 16.45481 43.52854 16.4547 43.52856 16.45467 43.52863 16.45454 43.52869 16.45441 43.52871 16.45435 43.52873 16.45426 43.52876 16.4542 43.52879 16.45406 43.52881 16.45391 43.52882 16.45356 43.52881 16.45344 43.5288 16.45331 43.52881 16.45323 43.52886 16.45323 43.52887 16.45309 43.52882 16.45309 43.52878 16.45306 43.52876 16.45302 43.52876 16.45295 43.52881 16.45271 43.52886 16.45252 43.52892 16.45227 43.52896 16.45214 43.52899 16.45206 43.52903 16.452 43.52905 16.45196 43.52906 16.4518 43.52905 16.45175 43.52899 16.4516 43.52897 16.45154 43.52898 16.45106 43.52897 16.45101 43.52893 16.45092 43.52883 16.45059 43.52897 16.45049 43.52892 16.45038 43.52878 16.45048 43.52861 16.45059 43.52851 16.45066 43.52846 16.45065 43.5284 16.45058 43.52828 16.45043 43.52818 16.45031 43.52803 16.45013 43.52795 16.45001 43.52787 16.44992 43.52782 16.44983 43.52781 16.44974 43.52782 16.44925 43.5278 16.44921 43.52775 16.44918 43.52768 16.44913 43.52765 16.4491 43.52764 16.44908 43.52776 16.44889 43.52785 16.44873 43.5279 16.44866 43.52791 16.44865 43.52793 16.44865 43.52795 16.44867 43.52805 16.44875 43.52817 16.44884 43.52828 16.44891 43.52832 16.44893 43.52852 16.44909 43.52857 16.44913 43.52862 16.44918 43.52865 16.44918 43.52875 16.44913 43.52892 16.44905 43.52904 16.44896 43.52912 16.44893 43.52924 16.44888 43.52933 16.44887 43.52942 16.44888 43.52948 16.44891 43.5295 16.44891 43.52954 16.44885 43.52972 16.44863 43.52983 16.44854 43.52989 16.44843 43.52994 16.44829 43.53 16.44813 43.53003 16.44779 43.53002 16.44755 43.53001 16.44746 43.53001 16.44737 43.53009 16.44722 43.53021 16.44691 43.53023 16.44688 43.53022 16.44683 43.5302 16.44677 43.53017 16.44676 43.52988 16.44664 43.52953 16.44645 43.52907 16.44625 43.52864 16.44604 43.52836 16.4459 43.52828 16.44586 43.52825 16.44584 43.52818 16.44583 43.52788 16.44568 43.52777 16.44562 43.5277 16.44557 43.52733 16.44539 43.52726 16.44536 43.52719 16.44537 43.52707 16.44549 43.52694 16.44562 43.52684 16.44572 43.52679 16.44571 43.52632 16.44546 43.52621 16.4454 43.52615 16.44539 43.52595 16.44528 43.52582 16.44521 43.52545 16.44501 43.52532 16.44495 43.52485 16.44474 43.5244 16.4445 43.5239 16.44426 43.5237 16.44415 43.52369 16.44412 43.52369 16.44404 43.52375 16.44382 43.52381 16.44363 43.52384 16.44359 43.5239 16.4436 43.52405 16.4437 43.52415 16.44373 43.52442 16.44387 43.5246 16.44399 43.52503 16.44422 43.52522 16.44429 43.52535 16.44438 43.52572 16.44457 43.52586 16.44466 43.52591 16.44447 43.52573 16.44437 43.52528 16.44414 43.52485 16.44395 43.52497 16.4435 43.52531 16.44353 43.52554 16.44358 43.52598 16.44366 43.52599 16.44349 43.52568 16.44343 43.52525 16.44335 43.52492 16.44331 43.52447 16.44321 43.52417 16.44316 43.52419 16.44275 43.5244 16.4428 43.52466 16.44286 43.52505 16.44295 43.52539 16.44299 43.52584 16.44309 43.52624 16.44315 43.52625 16.44305 43.52578 16.44298 43.52576 16.44293 43.52576 16.44285 43.52578 16.44282 43.52608 16.4429 43.5263 16.44292 43.52631 16.44276 43.52581 16.4427 43.52569 16.44264 43.52517 16.44252 43.52477 16.44245 43.52439 16.44237 43.52443 16.44201 43.52493 16.44212 43.52536 16.4422 43.52564 16.44225 43.52564 16.44207 43.52446 16.44183 43.52444 16.44173 43.52448 16.4415 43.52473 16.44156 43.52504 16.44163 43.52528 16.44166 43.52551 16.44172 43.52554 16.44172 43.52555 16.44155 43.52515 16.44147 43.5248 16.4414 43.52455 16.44135 43.5245 16.44133 43.52451 16.44104 43.52457 16.44101 43.52487 16.44108 43.52521 16.44114 43.52545 16.44119 43.52561 16.44122 43.52566 16.4406 43.52543 16.44053 43.52541 16.44046 43.52546 16.44008 43.5255 16.44 43.52559 16.44001 43.52563 16.44005 43.52571 16.44005 43.5258 16.43998 43.52587 16.43998 43.52608 16.44005 43.52621 16.44004 43.52621 16.43991 43.52605 16.4399 43.526 16.43988 43.52593 16.43986 43.52589 16.43984 43.52587 16.43981 43.52607 16.43977 43.52615 16.43975 43.52633 16.4398 43.52651 16.43983 43.52663 16.43981 43.52667 16.43976 43.52668 16.43962 43.52666 16.43956 43.52652 16.43942 43.52637 16.43932 43.52624 16.43925 43.52614 16.43918 43.52609 16.43911 43.52608 16.43902 43.52611 16.43898 43.52615 16.439 43.52624 16.43914 43.52636 16.43916 43.52641 16.43913 43.52654 16.43903 43.52667 16.43887 43.52671 16.4388 43.52676 16.43873 43.52687 16.43861 43.52694 16.43855 43.52712 16.43859 43.52734 16.4389 43.5274 16.43897 43.52746 16.43904 43.52757 16.43913 43.5278 16.43922 43.52792 16.43931 43.52797 16.43939 43.528 16.4395 43.52803 16.43967 43.5281 16.43976 43.5282 16.43988 43.52827 16.44008 43.52831 16.44027 43.52833 16.44038 43.52842 16.44049 43.5285 16.44051 43.52857 16.44045 43.52875 16.44 43.52884 16.43959 43.52892 16.43935 43.52893 16.43919 43.52895 16.43896 43.52898 16.43885 43.529 16.43871 43.52896 16.43855 43.52887 16.43821 43.52883 16.43803 43.52878 16.43792 43.52876 16.4378 43.52875 16.4376 43.52874 16.4375 43.52872 16.43739 43.52862 16.43725 43.52854 16.4371 43.52848 16.43694 43.52841 16.43665 43.52837 16.4365 43.52832 16.4364 43.52828 16.43619 43.52827 16.43577 43.52827 16.43565 43.52822 16.43548 43.52817 16.43538 43.52815 16.43531 43.52813 16.43526 43.52811 16.43517 43.52806 16.43513 43.52793 16.43494 43.52782 16.43464 43.52779 16.43458 43.52773 16.43425 43.52768 16.43401 43.52764 16.4338 43.52764 16.43374 43.52774 16.43375 43.52777 16.43307 43.52755 16.43305 43.52754 16.43291 43.52766 16.4324 43.52773 16.43193 43.52788 16.43116 43.52799 16.43051 43.52813 16.42978 43.52835 16.42864 43.52841 16.42839 43.52845 16.42807 43.52858 16.42746 43.52861 16.42713 43.5286 16.42705 43.52837 16.42633 43.52817 16.42586 43.52809 16.42562 43.52788 16.42513 43.52772 16.42471 43.5275 16.42417 43.52737 16.42386 43.52724 16.42349 43.52718 16.42336 43.52708 16.42347 43.52723 16.42389 43.52734 16.42413 43.52738 16.42429 43.52744 16.42437 43.52751 16.4246 43.52765 16.42494 43.52772 16.42514 43.52785 16.42546 43.52799 16.42581 43.52805 16.42593 43.52813 16.42617 43.52832 16.42665 43.52839 16.42683 43.52841 16.4273 43.52841 16.42761 43.52831 16.42804 43.52822 16.42865 43.5281 16.42918 43.52804 16.42949 43.52786 16.43051 43.52775 16.43109 43.52764 16.43164 43.5275 16.4323 43.52749 16.43244 43.52745 16.43266 43.52743 16.43276 43.52738 16.43276 43.52707 16.4325 43.52698 16.43242 43.52665 16.43216 43.52663 16.4321 43.52671 16.43166 43.5267 16.43164 43.52496 16.43091 43.52494 16.43109 43.52524 16.43121 43.52526 16.43125 43.52521 16.43145 43.52519 16.43155 43.52517 16.43158 43.5249 16.43152 43.52464 16.43143 43.52461 16.4314 43.5246 16.4313 43.52459 16.43115 43.5246 16.4311 43.52439 16.43104 43.52434 16.43099 43.52432 16.43067 43.52433 16.43036 43.52434 16.43033 43.52453 16.43034 43.52468 16.42731 43.52483 16.42436 43.52572 16.4243 43.52627 16.42423 43.52625 16.42404 43.52577 16.4241 43.52535 16.42412 43.52492 16.42415 43.52465 16.42419 43.52459 16.42417 43.52455 16.42414 43.52455 16.42402 43.52456 16.42389 43.52459 16.4238 43.52459 16.42371 43.52457 16.4236 43.52458 16.42352 43.52461 16.42347 43.52461 16.42344 43.52458 16.42338 43.52454 16.42332 43.52449 16.42317 43.52445 16.42297 43.52444 16.42282 43.5244 16.42258 43.52437 16.42244 43.52434 16.42231 43.52433 16.42224 43.52431 16.42215 43.52428 16.42205 43.52415 16.42188 43.52407 16.42183 43.52387 16.42175 43.52362 16.4217 43.52349 16.42169 43.52325 16.42175 43.52312 16.42182 43.52301 16.4219 43.52293 16.422 43.52284 16.42209 43.5228 16.42209 43.52275 16.42203 43.52273 16.42189 43.52272 16.42183 43.52271 16.42148 43.52269 16.42134 43.52264 16.42126 43.52258 16.42116 43.52258 16.42107 43.52258 16.42098 43.52256 16.42091 43.52255 16.42084 43.52249 16.42084 43.52245 16.42089 43.52241 16.42105 43.52236 16.42111 43.52227 16.42119 43.52221 16.42127 43.52217 16.42152 43.52211 16.42178 43.522 16.42229 43.52195 16.42275 43.5219 16.42329 43.52188 16.42375 43.52185 16.4239 43.52178 16.42407 43.5217 16.42424 43.52163 16.42434 43.52098 16.42429 43.52097 16.42441 43.52133 16.42447 43.52136 16.42452 43.52133 16.42469 43.52134 16.42494 43.5213 16.42509 43.52132 16.42518 43.52137 16.4252 43.5214 16.42522 43.52139 16.4253 43.52139 16.42542 43.52139 16.42551 43.52136 16.42577 43.52133 16.42606 43.52131 16.4263 43.52128 16.42655 43.52128 16.4267 43.52117 16.42682 43.52114 16.42687 43.5211 16.42694 43.52109 16.42705 43.52112 16.42717 43.52114 16.42724 43.52115 16.42733 43.52113 16.42744 43.5211 16.42753 43.52109 16.42763 43.52111 16.42774 43.52116 16.42786 43.52116 16.42803 43.52114 16.4282 43.5211 16.42829 43.52095 16.42837 43.52082 16.42843 43.52079 16.42845 43.52077 16.42844 43.52076 16.42827 43.52072 16.42823 43.52053 16.42815 43.52041 16.4281 43.52037 16.42806 43.52037 16.42797 43.52069 16.42799 43.5207 16.42786 43.52039 16.42784 43.52039 16.42768 43.52044 16.42764 43.52077 16.42762 43.52077 16.42749 43.52043 16.42752 43.52041 16.42747 43.52041 16.42738 43.52053 16.4273 43.52072 16.42723 43.52082 16.42719 43.52079 16.42706 43.52066 16.42712 43.52051 16.42718 43.52044 16.42718 43.52045 16.42693 43.52061 16.42684 43.52076 16.42677 43.52072 16.42664 43.52038 16.42681 43.52033 16.42689 43.52026 16.42795 43.52023 16.42798 43.51936 16.42794 43.51933 16.42809 43.51933 16.42822 43.51933 16.42841 43.51927 16.42852 43.51918 16.42857 43.51912 16.42856 43.51891 16.42847 43.51881 16.42835 43.51874 16.42831 43.5184 16.42801 43.51823 16.4278 43.51823 16.42777 43.51842 16.4278 43.51843 16.42766 43.51816 16.42763 43.51808 16.42759 43.51792 16.42739 43.51786 16.4273 43.51782 16.42726 43.51782 16.42715 43.51784 16.42709 43.51789 16.42701 43.51793 16.42696 43.5185 16.4271 43.51846 16.42648 43.51774 16.4263 43.51772 16.42642 43.51789 16.42646 43.51785 16.42668 43.51781 16.42683 43.51781 16.42688 43.51771 16.42708 43.51763 16.4272 43.51759 16.42725 43.51756 16.42725 43.51738 16.42711 43.51712 16.42692 43.51704 16.42685 43.51694 16.42677 43.51689 16.42675 43.51684 16.42673 43.51684 16.42662 43.51683 16.42657 43.51669 16.42647 43.5166 16.42639 43.51658 16.42636 43.51657 16.42633 43.51657 16.42629 43.51688 16.42603 43.51683 16.42594 43.51674 16.42603 43.5167 16.42605 43.5166 16.42615 43.51654 16.42619 43.51651 16.42618 43.51648 16.42614 43.51645 16.42609 43.51634 16.42608 43.5163 16.42604 43.51618 16.42576 43.5161 16.4255 43.51605 16.42521 43.51604 16.42499 43.51604 16.42497 43.51608 16.42495 43.51609 16.42479 43.51602 16.42449 43.51598 16.42429 43.51597 16.42421 43.51593 16.42405 43.51589 16.42378 43.51586 16.42364 43.51581 16.42352 43.51578 16.42346 43.51576 16.42339 43.51577 16.42337 43.51592 16.42319 43.51616 16.42288 43.51618 16.42286 43.5161 16.42261 43.51604 16.42226 43.51596 16.42172 43.51586 16.42176 43.51591 16.42208 43.51595 16.42238 43.516 16.42263 43.51606 16.42283 43.51606 16.42286 43.51595 16.42298 43.51591 16.42303 43.51587 16.42303 43.51571 16.42258 43.51559 16.42225 43.51553 16.42205 43.51551 16.42181 43.51541 16.4218 43.51542 16.42202 43.51546 16.42223 43.51558 16.42252 43.51569 16.42278 43.51575 16.42296 43.51578 16.42307 43.5158 16.4231 43.51582 16.42315 43.5157 16.42328 43.51565 16.42328 43.51498 16.42228 43.51495 16.42217 43.51494 16.42194 43.51496 16.42192 43.51517 16.42183 43.51514 16.4217 43.51501 16.42175 43.51491 16.42179 43.51486 16.42174 43.51475 16.42113 43.51466 16.42065 43.51464 16.42053 43.51466 16.42046 43.51499 16.42047 43.51509 16.42117 43.51518 16.42117 43.51514 16.42086 43.51512 16.42065 43.51511 16.42048 43.51554 16.42047 43.51563 16.42046 43.51567 16.42055 43.51569 16.42072 43.51572 16.42095 43.51581 16.42092 43.51578 16.42073 43.51576 16.42062 43.51574 16.42045 43.5157 16.42038 43.51565 16.42034 43.51561 16.42034 43.51553 16.42036 43.51466 16.42034 43.51463 16.42031 43.51462 16.42015 43.5146 16.41997 43.51455 16.41977 43.51455 16.41946 43.51461 16.41906 43.51465 16.41878 43.51467 16.41859 43.51468 16.41796 43.51469 16.41791 43.51472 16.41765 43.51472 16.41721 43.5147 16.41704 43.51471 16.41678 43.51476 16.41665 43.51476 16.41613 43.51475 16.41599 43.51469 16.41589 43.51464 16.41576 43.51464 16.41563 43.51462 16.41554 43.51458 16.41544 43.51457 16.4153 43.51461 16.41512 43.51467 16.41485 43.5147 16.41478 43.51469 16.41461 43.5147 16.41429 43.51474 16.41346 43.51477 16.41252 43.51478 16.41237 43.51486 16.41229 43.5149 16.41221 43.5149 16.41206 43.51495 16.41173 43.51495 16.41119 43.51494 16.41073 43.51488 16.41038 43.51484 16.41016 43.51483 16.4099 43.51481 16.40972 43.5148 16.40961 43.51489 16.40939 43.51495 16.40923 43.51495 16.409 43.51494 16.40889 43.51495 16.40881 43.51497 16.40843 43.51499 16.40821 43.51505 16.40791 43.51505 16.40764 43.515 16.40739 43.51493 16.40714 43.51467 16.4069 43.5145 16.40677 43.51447 16.40669 43.51448 16.40662 43.51467 16.40638 43.51476 16.40628 43.51499 16.40561 43.51515 16.40505 43.51523 16.40488 43.5153 16.40476 43.51535 16.40471 43.51562 16.40463 43.51578 16.40455 43.51586 16.40434 43.51589 16.40348 43.51585 16.40334 43.51582 16.40314 43.51581 16.40298 43.51584 16.40281 43.51586 16.40261 43.51585 16.40252 43.51571 16.40227 43.51548 16.40184 43.51528 16.40156 43.51521 16.40148 43.5151 16.40144 43.51504 16.40136 43.515 16.40129 43.51496 16.40129 43.5149 16.40124 43.51491 16.40097 43.51482 16.40097 43.5148 16.40118 43.51473 16.40118 43.51458 16.40126 43.51448 16.40135 43.51443 16.40145 43.5144 16.40154 43.51428 16.40157 43.51423 16.40161 43.51418 16.40161 43.51415 16.40155 43.51411 16.40145 43.51413 16.40124 43.51417 16.40116 43.51417 16.40107 43.51409 16.40074 43.51393 16.4002 43.51386 16.39991 43.51375 16.39951 43.51364 16.39919 43.51356 16.39891 43.51347 16.39861 43.51342 16.39841 43.51339 16.39808 43.51336 16.39792 43.51333 16.39775 43.51329 16.39755 43.51318 16.39732 43.51301 16.39702 43.5129 16.39678 43.5128 16.39657 43.5127 16.39639 43.51261 16.39621 43.51249 16.39589 43.51239 16.39562 43.5122 16.39522 43.51213 16.39514 43.51198 16.39483 43.51185 16.39454 43.51172 16.39428 43.51162 16.39408 43.51154 16.3939 43.51149 16.39383 43.5114 16.39367 43.51127 16.39343 43.51124 16.39331 43.51103 16.39301 43.51092 16.39268 43.51084 16.39246 43.51075 16.39222 43.5107 16.39199 43.51065 16.3918 43.51057 16.39162 43.5105 16.39151 43.51048 16.39136 43.51044 16.39125 43.51027 16.39105 43.51019 16.39093 43.51013 16.39085 43.5102 16.39081 43.51012 16.39059 43.51006 16.39064 43.51002 16.39042 43.50998 16.39017 43.50995 16.38995 43.50991 16.38972 43.50988 16.38967 43.50985 16.38958 43.5098 16.38931 43.50978 16.38924 43.50972 16.3891 43.50964 16.38898 43.5095 16.38885 43.50936 16.38871 43.5093 16.38858 43.50929 16.38852 43.50922 16.38838 43.50913 16.38829 43.50868 16.3882 43.50862 16.38819 43.50861 16.38818 43.50855 16.38817 43.5085 16.38813 43.50833 16.38782 43.50829 16.38776 43.50826 16.38772 43.50806 16.38768 43.50805 16.38779 43.50818 16.38782 43.50824 16.38787 43.50829 16.38798 43.50839 16.38812 43.50842 16.38819 43.50843 16.38828 43.50795 16.38827 43.50793 16.38856 43.5079 16.38857 43.50785 16.38858 43.50782 16.38854 43.50781 16.38832 43.50779 16.38807 43.50771 16.38807 43.5077 16.38827 43.50772 16.38837 43.50773 16.38851 43.50773 16.38871 43.50773 16.38874 43.50773 16.38894 43.50769 16.38917 43.50767 16.38931 43.50765 16.38945 43.50768 16.38958 43.5077 16.38975 43.50767 16.39002 43.50765 16.39026 43.50765 16.39048 43.50768 16.39054 43.50768 16.39065 43.50763 16.39086 43.50762 16.39099 43.50763 16.39133 43.50762 16.39167 43.50763 16.39185 43.50763 16.3923 43.50768 16.3925 43.50773 16.39279 43.50774 16.39296 43.50776 16.39333 43.50777 16.39371 43.5078 16.39384 43.50784 16.39413 43.50791 16.39463 43.50792 16.39498 43.50796 16.39534 43.50798 16.39568 43.50802 16.3961 43.50805 16.39651 43.50807 16.39682 43.50804 16.39764 43.50802 16.3984 43.50799 16.39876 43.50795 16.39901 43.5079 16.3993 43.50789 16.39943 43.50784 16.39957 43.50775 16.39966 43.50766 16.39971 43.50757 16.39977 43.50745 16.39987 43.50735 16.40001 43.50728 16.40018 43.50718 16.40037 43.507 16.40059 43.50684 16.40065 43.50663 16.40062 43.50654 16.40058 43.50639 16.40055 43.50624 16.40053 43.50615 16.40057 43.50608 16.40062 43.50602 16.40071 43.50593 16.4008 43.5058 16.40087 43.50566 16.40092 43.50555 16.40097 43.50545 16.40106 43.50538 16.40114 43.50531 16.40117 43.50515 16.40118 43.50504 16.40119 43.50498 16.40123 43.50492 16.40134 43.50487 16.40147 43.50482 16.40153 43.50475 16.40151 43.50468 16.40147 43.50463 16.40147 43.50458 16.40149 43.50454 16.40156 43.50447 16.40201 43.5044 16.40246 43.50431 16.40292 43.5042 16.40342 43.50402 16.40475 43.504 16.405 43.50395 16.40533 43.50388 16.40585 43.50381 16.40644 43.50377 16.40694 43.50376 16.4073 43.50377 16.40752 43.50376 16.40793 43.50382 16.4082 43.50392 16.40838 43.50409 16.40859 43.50413 16.40879 43.50413 16.40889 43.50413 16.40896 43.50407 16.40915 43.50398 16.40929 43.50394 16.40928 43.50389 16.40903 43.5038 16.40908 43.50384 16.40927 43.50384 16.40933 43.5038 16.40936 43.50372 16.40939 43.50366 16.40949 43.50366 16.40973 43.50365 16.40988 43.5036 16.41015 43.50361 16.41034 43.50358 16.41082 43.50353 16.41111 43.50351 16.41144 43.5035 16.41156 43.5035 16.41165 43.5035 16.41176 43.50347 16.41198 43.50338 16.41226 43.5033 16.41254 43.50329 16.41255 43.50319 16.4129 43.50318 16.41299 43.50317 16.41314 43.50315 16.41325 43.50307 16.41341 43.50303 16.41355 43.50303 16.41367 43.50307 16.41385 43.50317 16.41408 43.5033 16.41438 43.50343 16.41467 43.50353 16.41492 43.50365 16.41532 43.50375 16.41567 43.50382 16.41607 43.50384 16.4163 43.50387 16.41649 43.50384 16.41671 43.50378 16.4169 43.50375 16.41704 43.50376 16.41736 43.50381 16.41767 43.50384 16.41781 43.50386 16.41792 43.50385 16.41814 43.50382 16.41828 43.50368 16.41844 43.50356 16.41846 43.5035 16.41846 43.50345 16.41841 43.50339 16.41834 43.50329 16.41836 43.50325 16.41843 43.50326 16.41855 43.50327 16.41863 43.50319 16.41884 43.50316 16.41899 43.50314 16.41921 43.5031 16.41937 43.50306 16.41948 43.50306 16.41953 43.50306 16.41963 43.50304 16.41968 43.50302 16.41966 43.50299 16.41958 43.50298 16.41952 43.50295 16.41945 43.50291 16.41945 43.50287 16.41947 43.50286 16.41955 43.50284 16.41976 43.50284 16.41995 43.50279 16.42023 43.50273 16.4204 43.50272 16.42055 43.50267 16.42071 43.50258 16.42086 43.50254 16.42107 43.50252 16.42118 43.50254 16.42125 43.50262 16.42129 43.5027 16.42126 43.50286 16.42124 43.50297 16.42124 43.50304 16.42128 43.50311 16.42135 43.50319 16.42147 43.50323 16.42166 43.50323 16.4219 43.50318 16.42224 43.50308 16.42254 43.50293 16.42306 43.50285 16.42323 43.50272 16.42351 43.50248 16.42382 43.50234 16.42403 43.5023 16.42414 43.50223 16.42417 43.50215 16.42413 43.50207 16.42406 43.50197 16.42395 43.50208 16.4237 43.50201 16.42365 43.5019 16.42389 43.50189 16.42392 43.50185 16.42389 43.50182 16.42385 43.50171 16.42376 43.50166 16.42372 43.50161 16.42369 43.50154 16.42362 43.50153 16.42359 43.50156 16.42346 43.5016 16.42337 43.50151 16.42331 43.50144 16.42348 43.50141 16.42359 43.50136 16.42361 43.50135 16.42361 43.50131 16.42359 43.50127 16.42359 43.50119 16.4238 43.50112 16.42397 43.50109 16.42409 43.50106 16.42423 43.501 16.42432 43.50089 16.42447 43.50085 16.42463 43.5008 16.42493 43.50076 16.42535 43.50073 16.42622 43.50073 16.4263 43.50072 16.42654 43.5007 16.42676 43.50067 16.42699 43.50065 16.42718 43.50065 16.42735 43.50066 16.42748 43.50068 16.42769 43.50069 16.42788 43.50069 16.42814 43.50071 16.42828 43.50071 16.42837 43.50067 16.42851 43.50064 16.42866 43.50061 16.42881 43.5006 16.42895 43.50062 16.42902 43.50062 16.42921 43.50061 16.42939 43.50057 16.42958 43.50065 16.42962 43.50069 16.42949 43.50072 16.42944 43.50083 16.42944 43.50087 16.42947 43.50117 16.42949 43.50173 16.42956 43.50212 16.42962 43.50218 16.42954 43.50229 16.42911 43.50221 16.42907 43.50214 16.4293 43.50211 16.42939 43.5021 16.42946 43.50206 16.4295 43.50166 16.42943 43.50135 16.42939 43.50114 16.42939 43.50102 16.42936 43.50089 16.42934 43.50087 16.42929 43.50101 16.42895 43.50111 16.42898 43.50118 16.429 43.5013 16.42903 43.50139 16.42902 43.50139 16.4289 43.5013 16.4289 43.50119 16.42889 43.50106 16.42884 43.50105 16.42877 43.50112 16.42855 43.50119 16.42849 43.50132 16.4285 43.50143 16.42851 43.50146 16.42853 43.50161 16.42857 43.5018 16.42863 43.50182 16.42851 43.50164 16.42847 43.50133 16.42837 43.50131 16.42836 43.5013 16.42834 43.50132 16.42829 43.50142 16.42823 43.50149 16.42821 43.50171 16.42836 43.50175 16.42826 43.50155 16.42812 43.50152 16.42809 43.50152 16.42804 43.50155 16.42799 43.50172 16.428 43.50172 16.42771 43.50174 16.42746 43.50195 16.42746 43.50209 16.42749 43.50227 16.42751 43.50231 16.42752 43.50234 16.42749 43.50243 16.42749 43.50245 16.42754 43.50246 16.4276 43.50246 16.42776 43.50244 16.42791 43.50242 16.42799 43.50241 16.428 43.50225 16.428 43.50225 16.42813 43.50271 16.42811 43.50282 16.42818 43.50286 16.4282 43.50299 16.42837 43.5031 16.42848 43.50311 16.42849 43.50322 16.42857 43.5033 16.42862 43.50336 16.42866 43.50357 16.42888 43.50376 16.42908 43.50418 16.42953 43.50435 16.42969 43.50458 16.42988 43.50477 16.43009 43.50493 16.43026 43.50532 16.43084 43.5054 16.43099 43.5054 16.43114 43.50539 16.43118 43.50538 16.43139 43.50543 16.43149 43.50556 16.43155 43.50564 16.43159 43.50572 16.43159 43.50578 16.43156 43.50581 16.43158 43.50589 16.43168 43.50594 16.4318 43.50605 16.43193 43.50609 16.43203 43.50619 16.43218 43.50621 16.43225 43.50622 16.43232 43.50631 16.43242 43.50632 16.43253 43.50639 16.43263 43.5064 16.43268 43.50643 16.4328 43.50645 16.43284 43.50646 16.43295 43.50647 16.43301 43.50647 16.43304 43.50648 16.43308 43.5065 16.4331 43.50656 16.43314 43.50661 16.43319 43.50666 16.43322 43.50676 16.43331 43.50686 16.43335 43.50697 16.4334 43.50699 16.43343 43.50703 16.43347 43.50706 16.43357 43.5071 16.43375 43.50712 16.43391 43.50713 16.43405 43.50715 16.43419 43.50714 16.43429 43.50713 16.43438 43.5071 16.43445 43.50709 16.43446 43.50709 16.43461 43.50727 16.43461 43.50731 16.43466 43.50727 16.43527 43.50723 16.43572 43.50738 16.43574 43.50741 16.43532 43.50743 16.43524 43.50743 16.43474 43.50745 16.4346 43.50767 16.43459 43.50767 16.43461 43.50772 16.43499 43.50776 16.43517 43.50778 16.43541 43.50779 16.43547 43.50781 16.43564 43.50784 16.43593 43.50787 16.43618 43.50789 16.43639 43.50793 16.43649 43.50793 16.43657 43.50792 16.4368 43.50784 16.43712 43.50776 16.43737 43.5077 16.43755 43.50765 16.43772 43.50763 16.43777 43.50751 16.43777 43.50751 16.43788 43.50744 16.43809 43.50739 16.43826 43.50737 16.4383 43.50724 16.43875 43.50718 16.4389 43.50716 16.43902 43.50712 16.4391 43.50711 16.43924 43.5071 16.43928 43.50705 16.43929 43.5067 16.43911 43.50667 16.4391 43.50667 16.43848 43.50675 16.43848 43.50675 16.4382 43.50643 16.43819 43.50642 16.43915 43.50643 16.43924 43.50642 16.43983 43.50641 16.44053 43.50642 16.44069 43.50642 16.44096 43.50642 16.441 43.50641 16.44125 43.50637 16.44132 43.50626 16.44137 43.50591 16.44156 43.50575 16.44164 43.50563 16.4417 43.50551 16.4418 43.50534 16.44187 43.50522 16.44195 43.50517 16.44197 43.50513 16.44196 43.5051 16.44191 43.50477 16.44058 43.50471 16.44038 43.50449 16.44052 43.50465 16.44116 43.50479 16.44172 43.50483 16.44191 43.50487 16.44198 43.50487 16.44206 43.50485 16.44207 43.50479 16.44208 43.50472 16.44211 43.50459 16.44214 43.5045 16.44219 43.5044 16.44221 43.50425 16.44225 43.50411 16.44229 43.50379 16.44238 43.50357 16.44243 43.50349 16.44248 43.50338 16.44251 43.50328 16.44251 43.50327 16.44251 43.50327 16.44193 43.50324 16.44185 43.50324 16.44131 43.50324 16.44059 43.50321 16.44042 43.5032 16.43971 43.50261 16.43971 43.5026 16.4403 43.50263 16.44055 43.50264 16.44125 43.50264 16.4418 43.50261 16.44184 43.50234 16.44177 43.50199 16.44166 43.50176 16.44155 43.50168 16.44152 43.50156 16.44147 43.50145 16.44142 43.50142 16.4414 43.50135 16.44126 43.50133 16.44118 43.50132 16.44089 43.50132 16.4405 43.50134 16.43922 43.50135 16.43813 43.50118 16.43813 43.50121 16.43636 43.50105 16.43637 43.50103 16.43687 43.50098 16.43763 43.50097 16.43814 43.50092 16.43934 43.50085 16.44066 43.50078 16.44187 43.50077 16.4421 43.50072 16.44224 43.50068 16.44232 43.50066 16.44235 43.50065 16.44253 43.50067 16.44274 43.50067 16.44297 43.50065 16.44314 43.50064 16.44318 43.5006 16.44344 43.50054 16.44369 43.5004 16.4442 43.50036 16.44448 43.50032 16.44464 43.5003 16.44479 43.50025 16.44512 43.50022 16.44537 43.50022 16.4455 43.50024 16.44566 43.50024 16.44585 43.50029 16.44603 43.50035 16.4462 43.50038 16.44622 43.5004 16.44621 43.50045 16.44615 43.50047 16.4461 43.50049 16.44604 43.50051 16.44599 43.50056 16.44594 43.50078 16.44576 43.50092 16.44569 43.50099 16.44561 43.50107 16.44559 43.50117 16.44556 43.5013 16.44557 43.5014 16.44564 43.50146 16.44567 43.50149 16.44571 43.50151 16.44573 43.50156 16.44573 43.50163 16.44583 43.50178 16.44602 43.50187 16.4461 43.5019 16.44614 43.50199 16.44631 43.50216 16.44659 43.50226 16.4468 43.50235 16.44708 43.50237 16.44721 43.50239 16.44731 43.5024 16.44743 43.5024 16.44757 43.50237 16.44772 43.50229 16.44787 43.50217 16.44807 43.50211 16.44817 43.50205 16.44827 43.50203 16.44831 43.50198 16.4484 43.50183 16.44834 43.50166 16.44855 43.50176 16.4487 43.50147 16.44916 43.50136 16.44902 43.50128 16.44913 43.50138 16.44928 43.50128 16.44941 43.50122 16.44942 43.50101 16.4495 43.50092 16.44955 43.50082 16.44959 43.50079 16.4496 43.50078 16.44937 43.50066 16.44937 43.50063 16.44969 43.50061 16.44993 43.5006 16.45019 43.50059 16.45045 43.50055 16.45077 43.50054 16.45098 43.50053 16.45117 43.50051 16.45125 43.50047 16.45134 43.50042 16.45143 43.50036 16.45149 43.50032 16.45152 43.50027 16.45154 43.50024 16.45156 43.50012 16.45156 43.50006 16.45155 43.4999 16.45162 43.4998 16.45174 43.49971 16.45184 43.49968 16.45199 43.49973 16.45215 43.49981 16.45231 43.49991 16.45243 43.49997 16.45247 43.50005 16.45246 43.50012 16.45246 43.5002 16.45243 43.50034 16.45244 43.50047 16.45253 43.50055 16.45263 43.50056 16.45267 43.50058 16.45268 43.50061 16.4527 43.50062 16.45275 43.50068 16.4529 43.50074 16.45303 43.50077 16.45322 43.50079 16.45331 43.5008 16.4539 43.50078 16.45409 43.50077 16.4542 43.50076 16.4543 43.50067 16.45441 43.50062 16.45447 43.50052 16.45448 43.50045 16.45438 43.50035 16.45414 43.50026 16.45421 43.50031 16.45432 43.50032 16.45446 43.50032 16.45456 43.50023 16.45467 43.50013 16.45479 43.50008 16.45484 43.5 16.45491 43.49973 16.45517 43.49965 16.45526 43.4996 16.45539 43.4995 16.45553 43.49947 16.45569 43.49949 16.45589 43.49952 16.45613 43.49955 16.45624 43.49958 16.4563 43.49963 16.45631 43.4997 16.45628 43.49979 16.45637 43.50001 16.45666 43.50009 16.45681 43.50015 16.45674 43.50042 16.45644 43.50047 16.45643 43.50059 16.45664 43.50068 16.45675 43.50069 16.4568 43.50068 16.45687 43.50063 16.45695 43.50068 16.45701 43.50074 16.45695 43.50079 16.45697 43.50087 16.4571 43.50091 16.45722 43.50094 16.45724 43.50095 16.45727 43.50095 16.45734 43.50087 16.45746 43.50081 16.4576 43.50081 16.45766 43.50081 16.45769 43.50086 16.45777 43.5009 16.45782 43.50092 16.45784 43.50093 16.45787 43.50092 16.45791 43.50088 16.45796 43.50084 16.45803 43.50081 16.45806 43.5007 16.45807 43.50067 16.458 43.50053 16.45725 43.50047 16.45728 43.50052 16.45756 43.50055 16.4577 43.50058 16.45787 43.5006 16.458 43.5006 16.45805 43.50058 16.45806 43.50057 16.45806 43.50047 16.45789 43.50041 16.45774 43.50038 16.45758 43.50035 16.45745 43.5003 16.4573 43.50027 16.45719 43.50025 16.45713 43.50019 16.45716 43.50024 16.45729 43.50025 16.45739 43.50031 16.4576 43.50034 16.45777 43.50036 16.45785 43.50038 16.45798 43.50044 16.45812 43.50049 16.45822 43.50053 16.45828 43.50058 16.45829 43.5007 16.45834 43.50079 16.45844 43.50085 16.45866 43.50086 16.45887 43.5009 16.45901 43.50093 16.45916 43.50096 16.45927 43.50097 16.45935 43.50097 16.45979 43.50095 16.45987 43.50087 16.45996 43.50081 16.46002 43.50075 16.46006 43.50068 16.46016 43.50064 16.46028 43.50062 16.46031 43.50061 16.46062 43.50065 16.46077 43.50072 16.46102 43.50075 16.46113 43.5008 16.46127 43.50083 16.46148 43.5009 16.46167 43.50094 16.46181 43.50102 16.46201 43.50106 16.46214 43.5011 16.46226 43.50114 16.46241 43.50115 16.46252 43.50116 16.46262 43.50116 16.46289 43.50113 16.46305 43.50114 16.46323 43.50115 16.46327 43.5012 16.46335 43.50128 16.46342 43.50132 16.46345 43.50139 16.46347 43.50154 16.46356 43.50161 16.4636 43.50165 16.46372 43.50168 16.4638 43.5017 16.46387 43.50173 16.4639 43.50183 16.46394 43.5019 16.46396 43.50198 16.46411 43.50205 16.46429 43.50213 16.46459 43.50218 16.4648 43.50221 16.46494 43.50223 16.46511 43.50224 16.46525 43.50226 16.46534 43.50225 16.4657 43.50221 16.46594 43.50218 16.46603 43.50212 16.46624 43.50206 16.4664 43.50195 16.4666 43.50185 16.46673 43.50175 16.46682 43.50166 16.46688 43.50152 16.46696 43.50145 16.467 43.50136 16.46705 43.50128 16.46712 43.50119 16.46723 43.50116 16.46733 43.50116 16.46762 43.5012 16.46776 43.50126 16.46792 43.50128 16.46807 43.5013 16.46814 43.50135 16.46823 43.50137 16.46832 43.50144 16.46848 43.50157 16.46871 43.50161 16.46888 43.50164 16.46905 43.50166 16.4692 43.50166 16.46936 43.50169 16.46944 43.50169 16.46953 43.50168 16.46956 43.50161 16.46958 43.50156 16.46963 43.50155 16.4697 43.50154 16.46982 43.50152 16.46991 43.50151 16.4701 43.50152 16.47031 43.50156 16.47042 43.50171 16.47056 43.50178 16.47067 43.50183 16.47076 43.5019 16.47082 43.50203 16.47095 43.50211 16.47111 43.50214 16.47121 43.50217 16.4713 43.50217 16.47155 43.50217 16.47167 43.50217 16.47169 43.50214 16.47171 43.50203 16.4717 43.50192 16.47161 43.50186 16.47156 43.50176 16.47151 43.50144 16.47149 43.50135 16.47146 43.50117 16.47132 43.5011 16.47152 43.50128 16.47164 43.50136 16.47168 43.50142 16.47171 43.50151 16.47178 43.50155 16.47184 43.50156 16.47191 43.50155 16.47194 43.50149 16.47206 43.50147 16.47213 43.50147 16.47221 43.50143 16.47234 43.50118 16.47311 43.50115 16.47321 43.50113 16.47321 43.50108 16.47318 43.50095 16.4731 43.50087 16.47306 43.50082 16.47303 43.50078 16.47302 43.50072 16.473 43.50068 16.47302 43.50066 16.47311 43.50064 16.4733 43.50065 16.47349 43.50071 16.47366 43.50086 16.47385 43.50101 16.47404 43.50105 16.47409 43.50111 16.47413 43.50135 16.47446 43.50143 16.47455 43.50146 16.47461 43.50155 16.47473 43.50167 16.47489 43.50178 16.47505 43.50187 16.47524 43.50192 16.47536 43.50193 16.47588 43.50192 16.47613 43.50193 16.47624 43.50196 16.47639 43.50204 16.47662 43.50211 16.47677 43.50221 16.47687 43.50228 16.47694 43.50235 16.47696 43.5024 16.47695 43.5025 16.47681 43.50253 16.47674 43.50254 16.47667 43.50255 16.47662 43.50263 16.47635 43.50269 16.47617 43.50275 16.47597 43.50281 16.47587 43.5029 16.47581 43.50301 16.4758 43.50308 16.47586 43.50317 16.47593 43.50321 16.47597 43.50327 16.47603 43.50329 16.47608 43.50327 16.47621 43.50326 16.47635 43.50325 16.4767 43.50327 16.47689 43.5033 16.47717 43.50331 16.47726 43.50333 16.47741 43.50337 16.47779 43.5034 16.47804 43.5034 16.4784 43.50341 16.47869 43.50344 16.47905 43.50344 16.47923 43.50344 16.47937 43.50339 16.47952 43.50336 16.4796 43.50329 16.47974 43.50317 16.47989 43.50302 16.48014 43.50299 16.48018 43.50293 16.4803 43.50288 16.48043 43.5028 16.4806 43.50264 16.4808 43.50247 16.48097 43.50243 16.48109 43.50241 16.48134 43.50237 16.4815 43.5023 16.48164 43.50218 16.48183 43.50203 16.48208 43.50197 16.48227 43.50194 16.48239 43.50191 16.48251 43.50188 16.48263 43.50187 16.48291 43.5019 16.4831 43.50194 16.48325 43.50197 16.48347 43.50198 16.48362 43.50204 16.48384 43.5021 16.48413 43.50214 16.48437 43.50218 16.4846 43.50218 16.48496 43.50215 16.48523 43.50212 16.48545 43.50212 16.48587 43.50215 16.48605 43.50215 16.48615 43.50211 16.48637 43.50202 16.48683 43.50197 16.48713 43.50186 16.48771 43.50176 16.48797 43.50172 16.48815 43.50168 16.4884 43.50167 16.48853 43.50165 16.48861 43.50164 16.48899 43.50165 16.48914 43.50168 16.48936 43.50172 16.48957 43.50175 16.48971 43.50176 16.48987 43.50178 16.49001 43.50182 16.49014 43.50184 16.49032 43.50187 16.49055 43.50188 16.49067 43.50188 16.49106 43.50186 16.49131 43.50185 16.49152 43.50179 16.49184 43.5017 16.49225 43.50164 16.49256 43.50162 16.49268 43.50136 16.49268 43.50138 16.493 43.50141 16.49331 43.50139 16.49345 43.50131 16.49358 43.50129 16.49359 43.50129 16.49361 43.50128 16.49366 43.50164 16.49458 43.50167 16.4946 43.50175 16.4946 43.50179 16.49456 43.50187 16.49455 43.50191 16.49464 43.50195 16.49479 43.50201 16.49498 43.50205 16.49517 43.5021 16.49538 43.50214 16.49559 43.50221 16.49591 43.50223 16.49609 43.50225 16.49642 43.50224 16.49682 43.50225 16.49716 43.50224 16.49756 43.50223 16.49779 43.50223 16.49789 43.50218 16.49824 43.50215 16.49846 43.50211 16.49861 43.50203 16.49886 43.50195 16.49911 43.50188 16.49926 43.50178 16.4996 43.50173 16.49979 43.50171 16.49991 43.50167 16.50028 43.50167 16.50044 43.50167 16.50066 43.50166 16.50114 43.50165 16.50128 43.50163 16.50195 43.50159 16.50243 43.50155 16.50279 43.50154 16.50291 43.50152 16.50323 43.50151 16.50385 43.5015 16.50399 43.50144 16.50468 43.50142 16.50519 43.5014 16.50556 43.50138 16.50567 43.50137 16.5057 43.50136 16.50588 43.50135 16.50619 43.50132 16.50637 43.50125 16.50659 43.50114 16.5069 43.50109 16.50711 43.50104 16.50726 43.50101 16.50748 43.501 16.50766 43.501 16.50796 43.50104 16.50821 43.50106 16.5084 43.50107 16.50861 43.50103 16.50901 43.50101 16.50927 43.50098 16.50979 43.50099 16.50992 43.501 16.51004 43.501 16.51027 43.50099 16.51043 43.50095 16.51057 43.50091 16.51072 43.50086 16.5109 43.5008 16.511 43.50078 16.51103 43.50078 16.51109 43.50075 16.51114 43.50073 16.5112 43.5007 16.51125 43.50069 16.5113 43.50068 16.51138 43.50066 16.51165 43.50065 16.51179 43.50065 16.51192 43.50067 16.51207 43.5007 16.51239 43.50073 16.51269 43.50074 16.51295 43.50074 16.51311 43.50074 16.51351 43.50075 16.51359 43.50076 16.51373 43.50078 16.51397 43.50078 16.51426 43.50077 16.51462 43.50073 16.51483 43.50072 16.51497 43.50071 16.51524 43.5007 16.51547 43.5007 16.51576 43.50065 16.51597 43.50061 16.51617 43.50049 16.51648 43.50048 16.5166 43.50048 16.5168 43.5005 16.51715 43.5005 16.51737 43.50049 16.51754 43.5004 16.51787 43.50038 16.51802 43.50035 16.51821 43.50033 16.51854 43.5003 16.51875 43.50024 16.51888 43.50017 16.51901 43.50012 16.51905 43.49997 16.51952 43.49988 16.51978 43.49963 16.52032 43.49944 16.52084 43.49935 16.52099 43.49923 16.52111 43.49911 16.52128 43.49896 16.52166 43.49884 16.52182 43.4987 16.52185 43.49859 16.52197 43.4985 16.52208 43.49835 16.52251 43.49823 16.52264 43.49781 16.5231 43.49776 16.52322 43.49773 16.52342 43.49771 16.52356 43.49768 16.52372 43.49762 16.52387 43.49762 16.52392 43.49763 16.52397 43.49765 16.52399 43.49766 16.52406 43.49767 16.52428 43.49768 16.52433 43.49773 16.52437 43.49776 16.52442 43.49777 16.52446 43.49777 16.52451 43.49778 16.52458 43.4978 16.52462 43.49797 16.52484 43.49802 16.52495 43.49808 16.52499 43.49816 16.52505 43.49818 16.52513 43.49819 16.52518 43.49814 16.5253 43.49821 16.52537 43.49828 16.52524 43.49839 16.52536 43.4984 16.52542 43.49835 16.52551 43.49842 16.52559 43.49848 16.52549 43.49853 16.52551 43.49856 16.5256 43.49849 16.52573 43.49856 16.52581 43.49866 16.52567 43.49879 16.52567 43.49892 16.52592 43.49903 16.52584 43.49911 16.52592 43.49926 16.52616 43.4994 16.52601 43.49923 16.52569 43.49957 16.52537 43.49952 16.52526 43.49942 16.52535 43.49936 16.52534 43.49935 16.52495 43.49948 16.52405 43.49953 16.52367 43.49955 16.52341 43.4996 16.52331 43.49976 16.52331 43.49987 16.52328 43.5 16.52322 43.50027 16.52314 43.50057 16.52308 43.50079 16.52303 43.50096 16.52301 43.50099 16.52302 43.50102 16.52305 43.50142 16.52365 43.50155 16.52383 43.5019 16.52442 43.50203 16.5246 43.50231 16.52509 43.50239 16.52521 43.50249 16.52534 43.50267 16.52569 43.50274 16.52585 43.50281 16.52604 43.5029 16.5263 43.5029 16.52631 43.50298 16.52662 43.50298 16.52679 43.50298 16.52697 43.50297 16.5271 43.50296 16.52724 43.50293 16.52752 43.50292 16.52759 43.5029 16.52764 43.50288 16.5277 43.50285 16.52775 43.50279 16.52782 43.50263 16.52794 43.50239 16.52819 43.50233 16.52824 43.50231 16.52829 43.50229 16.52831 43.50229 16.52834 43.50228 16.52835 43.50227 16.52838 43.50228 16.5284 43.50231 16.52843 43.50235 16.52846 43.50246 16.52849 43.50251 16.5285 43.50261 16.5285 43.50283 16.5285 43.50307 16.52852 43.50315 16.52854 43.50334 16.52855 43.50355 16.52858 43.50371 16.52862 43.50385 16.52868 43.50397 16.52875 43.50411 16.52887 43.5042 16.52898 43.50426 16.52907 43.50434 16.52921 43.50443 16.52937 43.50447 16.52952 43.5045 16.52964 43.50455 16.52981 43.50456 16.53 43.50458 16.53005 43.50459 16.53016 43.50461 16.53026 43.50464 16.53036 43.50469 16.53046 43.50474 16.53053 43.50477 16.53055 43.50483 16.53057 43.50487 16.53057 43.5049 16.53058 43.50492 16.53058 43.50493 16.53062 43.50493 16.53064 43.50492 16.53068 43.50491 16.53072 43.50489 16.53076 43.50487 16.53081 43.50485 16.53085 43.50482 16.53087 43.50481 16.53087 43.50477 16.53087 43.50469 16.53089 43.50464 16.53091 43.50462 16.53091 43.50456 16.53096 43.50452 16.53099 43.50445 16.53106 43.50443 16.53109 43.50471 16.53118 43.50484 16.53122 43.50503 16.53129 43.50559 16.53147 43.50571 16.53173 43.50572 16.53174 43.50623 16.53286 43.50645 16.53376 43.50645 16.53376 43.50671 16.53484 43.50781 16.53518 43.50871 16.53665 43.50872 16.53704 43.50873 16.5372 43.51085 16.53755 43.51272 16.53748 43.51333 16.53912 43.51338 16.53924 43.51374 16.54022 43.51521 16.54127 43.51552 16.54154 43.5156 16.54161 43.51587 16.54184 43.51616 16.54208 43.51628 16.54219 43.51642 16.54231 43.5166 16.5426 43.51686 16.54303 43.51775 16.54351 43.51824 16.5437 43.5185 16.54367 43.51856 16.54366 43.51865 16.54365 43.51874 16.54393 43.51877 16.54406 43.51065 16.55464 43.51055 16.55477 43.50828 16.55705 43.50775 16.55758 43.50724 16.55809 43.50139 16.56385 43.50018 16.56504 43.50017 16.56505 43.49727 16.56823 43.49281 16.57313 43.49264 16.57342 43.4899 16.57797 43.48778 16.5815 43.47678 16.59018 43.47674 16.59037 43.47667 16.59067 43.47233 16.60523 43.47509 16.60921 43.47582 16.61027 43.47721 16.61234 43.47725 16.61243 43.47738 16.61275 43.47752 16.61292 43.47762 16.61306 43.47788 16.6132 43.47792 16.61322 43.47815 16.61353 43.47884 16.61446 43.47901 16.61486 43.4792 16.6153 43.47966 16.61665 43.47997 16.61756 43.48077 16.61968 43.48097 16.62023 43.48104 16.62042 43.48109 16.62047 43.48126 16.62063 43.48135 16.62072 43.48154 16.62072 43.48188 16.62071 43.4823 16.62017 43.4825 16.61991 43.48362 16.62034 43.48386 16.62008 43.48474 16.61988 43.48486 16.61972 43.48496 16.61958 43.4851 16.61907 43.48512 16.61904 43.48519 16.61893 43.4853 16.61877 43.48523 16.61862 43.48519 16.61853 43.48554 16.6185 43.48639 16.61811 43.48699 16.61732 43.48704 16.61725 43.48711 16.61722 43.48748 16.61705 43.48777 16.6175 43.48791 16.61754 43.48818 16.61721 43.48864 16.61661 43.48947 16.61776 43.48994 16.61742 43.49038 16.6171 43.49094 16.61699 43.49131 16.6167 43.49209 16.6161 43.49218 16.61603 43.49228 16.61595 43.49367 16.61521 43.49507 16.61397 43.49568 16.61357 43.49627 16.61319 43.49726 16.61417 43.49885 16.61565 43.49923 16.616 43.50025 16.61686 43.50214 16.6184 43.50399 16.61991 43.5069 16.62201 43.5102 16.62594 43.5151 16.63163 43.51936 16.63521 43.51956 16.63538 43.52591 16.64015 43.52654 16.64019 43.53164 16.64055 43.53642 16.64095 43.53655 16.64096 43.53683 16.64088 43.53582 16.63951 43.53148 16.63358 43.53223 16.62762</gml:posList>
                        </gml:LinearRing>
                      </gml:exterior>
                    </gml:Polygon>
                  </gml:surfaceMember>
                  <gml:surfaceMember>
                    <gml:Polygon gml:id="MEDIA_MONITORED_CILJ_ID_1_POLUTANT_2_MODEL_56">
                      <gml:exterior>
                        <gml:LinearRing>
                          <gml:posList srsDimension="2">43.53555 16.44877 43.53557 16.44886 43.53561 16.44892 43.53568 16.44897 43.53574 16.44896 43.53577 16.4489 43.53579 16.44875 43.53579 16.44863 43.53577 16.44858 43.53571 16.44849 43.53568 16.44847 43.53562 16.44848 43.53556 16.44853 43.53554 16.44866 43.53555 16.44877</gml:posList>
                        </gml:LinearRing>
                      </gml:exterior>
                    </gml:Polygon>
                  </gml:surfaceMember>
                  <gml:surfaceMember>
                    <gml:Polygon gml:id="MEDIA_MONITORED_CILJ_ID_1_POLUTANT_2_MODEL_57">
                      <gml:exterior>
                        <gml:LinearRing>
                          <gml:posList srsDimension="2">43.53573 16.44815 43.53576 16.4482 43.53579 16.4482 43.53581 16.44818 43.53583 16.44811 43.53583 16.44802 43.53581 16.44797 43.53578 16.44796 43.53574 16.44798 43.53572 16.44806 43.53573 16.44815</gml:posList>
                        </gml:LinearRing>
                      </gml:exterior>
                    </gml:Polygon>
                  </gml:surfaceMember>
                  <gml:surfaceMember>
                    <gml:Polygon gml:id="MEDIA_MONITORED_CILJ_ID_1_POLUTANT_2_MODEL_58">
                      <gml:exterior>
                        <gml:LinearRing>
                          <gml:posList srsDimension="2">43.50078 16.19384 43.50089 16.19396 43.50099 16.19398 43.50116 16.19394 43.50117 16.19395 43.50127 16.19382 43.50128 16.19367 43.50127 16.19355 43.50123 16.19346 43.50116 16.1934 43.50105 16.19338 43.50095 16.1934 43.50082 16.19352 43.50078 16.19362 43.50076 16.19373 43.50078 16.19384</gml:posList>
                        </gml:LinearRing>
                      </gml:exterior>
                    </gml:Polygon>
                  </gml:surfaceMember>
                  <gml:surfaceMember>
                    <gml:Polygon gml:id="MEDIA_MONITORED_CILJ_ID_1_POLUTANT_2_MODEL_59">
                      <gml:exterior>
                        <gml:LinearRing>
                          <gml:posList srsDimension="2">43.51051 16.31127 43.5106 16.31114 43.51069 16.31105 43.5108 16.31086 43.51097 16.31059 43.51113 16.31042 43.51124 16.31014 43.51129 16.30999 43.51141 16.3098 43.51147 16.30969 43.51139 16.30966 43.5113 16.30962 43.50764 16.30806 43.50767 16.30783 43.50759 16.3078 43.50747 16.30776 43.50733 16.30772 43.50716 16.30767 43.50696 16.30797 43.50541 16.30738 43.50029 16.3059 43.49979 16.30564 43.49848 16.3057 43.49762 16.30547 43.49557 16.3057 43.49401 16.30505 43.49377 16.3052 43.49337 16.30466 43.49032 16.30504 43.48761 16.30525 43.48649 16.30519 43.48639 16.30395 43.48555 16.30397 43.48606 16.30228 43.48648 16.30104 43.48631 16.30097 43.4862 16.30093 43.4861 16.3009 43.48605 16.30115 43.48594 16.30136 43.48586 16.30148 43.48585 16.30162 43.48581 16.30167 43.4857 16.30169 43.4856 16.30188 43.48559 16.30206 43.48553 16.30235 43.48554 16.303 43.48545 16.30324 43.48498 16.30403 43.48486 16.30411 43.48467 16.30411 43.48445 16.30426 43.48435 16.30442 43.48432 16.30453 43.48428 16.30455 43.48418 16.30455 43.4841 16.30462 43.48401 16.30499 43.48386 16.30538 43.48379 16.30566 43.48376 16.30586 43.48377 16.30609 43.48383 16.30632 43.48385 16.30662 43.48391 16.30674 43.48402 16.30687 43.48406 16.30699 43.48399 16.30783 43.48379 16.30852 43.48367 16.30884 43.48365 16.30904 43.48367 16.30948 43.48364 16.3097 43.48363 16.30998 43.48354 16.31026 43.48341 16.31055 43.48336 16.31093 43.48332 16.31133 43.48318 16.31203 43.48298 16.31313 43.48287 16.31355 43.48273 16.31381 43.4827 16.31389 43.48269 16.31398 43.48269 16.31418 43.48265 16.31425 43.48255 16.31448 43.48253 16.3146 43.48261 16.31567 43.48259 16.31693 43.4825 16.31764 43.48246 16.31789 43.48243 16.3182 43.4824 16.31844 43.48237 16.31865 43.4823 16.31882 43.4823 16.31907 43.48247 16.31947 43.48274 16.3199 43.48281 16.32012 43.48277 16.32097 43.48283 16.32126 43.48282 16.32249 43.48277 16.3227 43.48278 16.32291 43.48273 16.32308 43.48274 16.32318 43.48284 16.32341 43.48288 16.32358 43.48285 16.32377 43.48278 16.32408 43.48278 16.32442 43.4827 16.32474 43.48266 16.32509 43.48255 16.32542 43.48251 16.32562 43.48245 16.32583 43.48244 16.32599 43.48248 16.32607 43.48256 16.32609 43.48256 16.32615 43.48254 16.32623 43.4825 16.32629 43.4825 16.32641 43.48252 16.32664 43.4826 16.32701 43.48269 16.32721 43.48285 16.32774 43.48284 16.32796 43.48285 16.32813 43.48275 16.32828 43.48276 16.32849 43.48282 16.32885 43.48289 16.32902 43.48288 16.32929 43.48283 16.32954 43.48282 16.33004 43.48276 16.33036 43.48272 16.33055 43.48271 16.33138 43.48268 16.33164 43.48265 16.33236 43.48268 16.3325 43.4827 16.33285 43.48269 16.33344 43.48265 16.33374 43.48246 16.33422 43.48242 16.33445 43.48244 16.33502 43.48241 16.33616 43.48227 16.3368 43.4823 16.33759 43.48224 16.33795 43.48224 16.33838 43.48218 16.33867 43.48217 16.33914 43.4822 16.33924 43.48219 16.33944 43.48207 16.33996 43.4821 16.34077 43.48213 16.34092 43.48208 16.34124 43.48209 16.34203 43.48219 16.34266 43.48219 16.34282 43.48215 16.34293 43.48215 16.343 43.48207 16.34315 43.48206 16.34328 43.48206 16.34331 43.48209 16.34349 43.48223 16.34367 43.48239 16.34402 43.4824 16.34454 43.48252 16.34486 43.48253 16.34496 43.48248 16.34505 43.48248 16.34511 43.48259 16.34528 43.48262 16.34561 43.48259 16.34579 43.48259 16.34608 43.48256 16.3465 43.48259 16.34667 43.4826 16.34684 43.48256 16.34696 43.48251 16.34699 43.48244 16.34701 43.48242 16.34704 43.48239 16.34708 43.48238 16.34718 43.48246 16.34731 43.48247 16.34743 43.48243 16.34822 43.48233 16.34904 43.48232 16.34928 43.48236 16.34948 43.48233 16.35015 43.48238 16.35042 43.48238 16.35092 43.48243 16.35117 43.48253 16.35141 43.48261 16.35211 43.4827 16.35228 43.48283 16.35247 43.48286 16.35262 43.48288 16.35298 43.48294 16.35329 43.483 16.35343 43.48301 16.35355 43.48297 16.3537 43.48297 16.35387 43.48311 16.3542 43.48318 16.35477 43.4833 16.35512 43.48331 16.35531 43.48332 16.35603 43.48344 16.35632 43.48348 16.35642 43.48344 16.3565 43.48339 16.35649 43.48336 16.35645 43.4833 16.35645 43.48326 16.35652 43.48323 16.35662 43.4832 16.35704 43.48311 16.35728 43.48311 16.35739 43.48318 16.35751 43.48321 16.35771 43.48334 16.35801 43.48339 16.35823 43.48339 16.35838 43.48333 16.3586 43.48333 16.3587 43.48333 16.35879 43.48336 16.35889 43.48345 16.35899 43.4835 16.35908 43.48358 16.35927 43.48359 16.3594 43.4836 16.35983 43.48365 16.36012 43.48372 16.3612 43.48375 16.36133 43.48378 16.3616 43.48378 16.36195 43.48374 16.36215 43.48371 16.3624 43.48375 16.36274 43.4837 16.36291 43.48364 16.36304 43.48364 16.36317 43.48371 16.36323 43.48376 16.36341 43.48375 16.36401 43.48373 16.36418 43.48373 16.36427 43.48379 16.36439 43.48381 16.36455 43.48374 16.36474 43.48375 16.36531 43.48381 16.36551 43.48382 16.36578 43.48396 16.36626 43.48395 16.36675 43.484 16.36702 43.48399 16.36774 43.48396 16.36794 43.48389 16.36812 43.4839 16.36853 43.48395 16.3688 43.48393 16.36905 43.48398 16.36925 43.48412 16.36945 43.48426 16.36982 43.48429 16.37 43.48429 16.37024 43.48432 16.37036 43.48436 16.37059 43.48439 16.37067 43.48438 16.37087 43.48437 16.37097 43.48435 16.37109 43.48434 16.37121 43.48436 16.37129 43.48436 16.37137 43.48433 16.37148 43.48428 16.37173 43.48424 16.37192 43.48424 16.37213 43.48424 16.37228 43.48428 16.37239 43.48431 16.37243 43.48432 16.37246 43.48433 16.37248 43.48431 16.37263 43.48429 16.37286 43.48427 16.37293 43.48423 16.37304 43.48416 16.37325 43.48414 16.37344 43.48413 16.37365 43.48411 16.37382 43.48409 16.37398 43.48405 16.37414 43.48401 16.37431 43.48397 16.37455 43.48397 16.37473 43.48399 16.37485 43.48402 16.37501 43.48402 16.37513 43.48403 16.37528 43.48405 16.37536 43.48408 16.37545 43.48421 16.3757 43.48422 16.37593 43.48422 16.37605 43.48425 16.37621 43.48426 16.37631 43.48428 16.37638 43.4843 16.37645 43.48429 16.37651 43.48427 16.37659 43.4842 16.37675 43.48415 16.37691 43.48413 16.37697 43.48414 16.37724 43.48417 16.37735 43.48419 16.37749 43.48421 16.37762 43.48421 16.37777 43.48419 16.37791 43.48417 16.37805 43.48416 16.37814 43.48419 16.37848 43.48417 16.3786 43.48417 16.37877 43.48423 16.37906 43.48431 16.37949 43.48433 16.37966 43.48435 16.37977 43.48434 16.38006 43.48435 16.38019 43.48438 16.38038 43.48443 16.38061 43.4844 16.38077 43.4844 16.38093 43.48442 16.38121 43.48445 16.38138 43.48451 16.38175 43.48452 16.3819 43.48453 16.38205 43.48465 16.38232 43.48473 16.38254 43.48481 16.3829 43.48485 16.38304 43.48488 16.38321 43.48487 16.3835 43.48487 16.3836 43.48486 16.38373 43.48487 16.38385 43.48488 16.38408 43.48496 16.38436 43.48503 16.38461 43.48506 16.38472 43.48508 16.38481 43.48518 16.38496 43.48521 16.38503 43.48522 16.38518 43.48518 16.3853 43.48518 16.38553 43.4852 16.38572 43.48523 16.38581 43.48526 16.38595 43.48529 16.38614 43.4853 16.38633 43.48531 16.38651 43.48533 16.38669 43.4854 16.38691 43.48546 16.3871 43.48547 16.38713 43.48546 16.38744 43.48548 16.3876 43.4855 16.3877 43.48553 16.38779 43.48556 16.38787 43.48566 16.38806 43.48571 16.38812 43.48575 16.3882 43.48579 16.38833 43.4858 16.38843 43.48583 16.38855 43.48589 16.38864 43.48597 16.38873 43.48605 16.38882 43.48611 16.3889 43.48615 16.38902 43.48618 16.38912 43.48622 16.38925 43.48625 16.38935 43.4864 16.38956 43.48648 16.38967 43.48652 16.38979 43.48655 16.38988 43.48663 16.39005 43.48669 16.39015 43.48676 16.39027 43.48691 16.39047 43.48704 16.39066 43.48719 16.39086 43.48733 16.39103 43.48749 16.39125 43.48758 16.39139 43.48764 16.39146 43.4877 16.39154 43.48777 16.3916 43.48781 16.39169 43.48789 16.39186 43.48799 16.39195 43.48801 16.39197 43.48802 16.39198 43.48808 16.39198 43.48817 16.39201 43.48826 16.39207 43.48832 16.39213 43.48834 16.39215 43.48846 16.39218 43.48893 16.39218 43.48901 16.39218 43.4892 16.39215 43.48927 16.39211 43.48937 16.39195 43.48944 16.39177 43.48946 16.39165 43.48954 16.39147 43.48957 16.39135 43.48957 16.39126 43.48957 16.39114 43.48961 16.39099 43.48967 16.39082 43.48968 16.39068 43.48968 16.39045 43.48969 16.39035 43.48971 16.39023 43.48974 16.39012 43.48983 16.3899 43.48985 16.38973 43.48992 16.38934 43.48994 16.38924 43.48995 16.38903 43.48997 16.38884 43.48996 16.38817 43.48998 16.38795 43.48999 16.38783 43.49002 16.38771 43.49003 16.38752 43.49002 16.38737 43.49002 16.38702 43.49002 16.38686 43.49001 16.38664 43.48999 16.38657 43.48994 16.38641 43.4899 16.38623 43.48989 16.38591 43.48988 16.3857 43.48984 16.38558 43.48979 16.38542 43.48978 16.38518 43.48977 16.38494 43.48976 16.38486 43.48972 16.38478 43.48965 16.38465 43.48959 16.38448 43.48956 16.38428 43.48949 16.38412 43.48935 16.38388 43.48931 16.38369 43.48926 16.38351 43.48921 16.38341 43.48915 16.38329 43.48914 16.38319 43.48909 16.38293 43.48909 16.38276 43.48911 16.38253 43.48911 16.38238 43.48909 16.38227 43.48907 16.3821 43.48901 16.38194 43.48898 16.38177 43.48894 16.38152 43.48889 16.38127 43.48886 16.38112 43.48884 16.38099 43.48885 16.38091 43.48886 16.38074 43.48885 16.38063 43.48882 16.38049 43.48879 16.3804 43.48878 16.38034 43.48875 16.3803 43.48867 16.38024 43.48862 16.38017 43.48856 16.38002 43.48851 16.37984 43.48843 16.37964 43.48833 16.37929 43.48826 16.37909 43.48821 16.37899 43.48817 16.37888 43.48814 16.37865 43.4881 16.37842 43.48804 16.37826 43.48798 16.37809 43.48796 16.37788 43.48796 16.3778 43.48797 16.37776 43.48799 16.37768 43.48799 16.37753 43.48797 16.37746 43.48794 16.37729 43.48791 16.37711 43.4879 16.37696 43.48793 16.37682 43.48804 16.37641 43.48809 16.37617 43.48813 16.37592 43.48813 16.3758 43.48812 16.37567 43.48813 16.37538 43.48817 16.37517 43.4882 16.375 43.48823 16.37477 43.48824 16.37467 43.48829 16.37455 43.48835 16.37435 43.48837 16.37417 43.4884 16.37397 43.48846 16.37368 43.48849 16.37354 43.48857 16.37327 43.48865 16.37311 43.4887 16.37298 43.48879 16.37278 43.48887 16.37256 43.48893 16.37246 43.48903 16.37235 43.48912 16.37229 43.48929 16.37217 43.48945 16.37205 43.48954 16.37198 43.48974 16.37179 43.48988 16.37156 43.48992 16.37142 43.48997 16.37123 43.49001 16.37105 43.49006 16.37092 43.4901 16.37073 43.49014 16.37041 43.49014 16.37024 43.49011 16.37013 43.49007 16.37 43.49009 16.36981 43.49007 16.36963 43.49002 16.36951 43.49001 16.36926 43.4899 16.36901 43.4899 16.36881 43.48995 16.36866 43.49002 16.36852 43.49007 16.36845 43.49027 16.36825 43.4904 16.36805 43.49059 16.36774 43.49072 16.3673 43.49081 16.36708 43.49088 16.36698 43.49108 16.36689 43.4916 16.36675 43.49188 16.36663 43.49213 16.36647 43.49235 16.3664 43.49239 16.36635 43.49242 16.3663 43.49242 16.36618 43.49244 16.36613 43.49248 16.3661 43.49255 16.3661 43.49262 16.36603 43.49275 16.36561 43.4929 16.3653 43.49288 16.36502 43.49285 16.36492 43.49273 16.36477 43.49231 16.36466 43.49214 16.36457 43.492 16.36445 43.4919 16.36441 43.49172 16.3644 43.49161 16.36433 43.49155 16.36413 43.49148 16.36353 43.49141 16.36321 43.49142 16.36307 43.49143 16.36299 43.49189 16.36241 43.49195 16.36226 43.49204 16.36185 43.49212 16.36157 43.49227 16.36108 43.49238 16.36054 43.49238 16.36032 43.49233 16.36004 43.49223 16.3594 43.49213 16.35904 43.49208 16.35877 43.49199 16.35857 43.49178 16.35832 43.49175 16.35822 43.49176 16.3581 43.49191 16.35761 43.49195 16.35729 43.49196 16.35699 43.492 16.35663 43.49207 16.35645 43.49213 16.35612 43.49214 16.35578 43.49218 16.35552 43.49225 16.35522 43.49238 16.35475 43.49242 16.35448 43.49255 16.35401 43.49264 16.35356 43.49265 16.35272 43.49262 16.35255 43.49264 16.35243 43.49271 16.35229 43.4928 16.35219 43.49302 16.35202 43.49319 16.35173 43.49326 16.35127 43.49333 16.35094 43.49337 16.3507 43.4934 16.35032 43.49353 16.34993 43.49367 16.34924 43.49376 16.34899 43.49398 16.34858 43.49423 16.34821 43.4944 16.34793 43.49454 16.34766 43.49496 16.3468 43.495 16.34661 43.49505 16.34645 43.49516 16.34636 43.49534 16.34629 43.49547 16.34614 43.49563 16.3458 43.49582 16.34524 43.49593 16.34494 43.49601 16.34454 43.49615 16.34394 43.49628 16.34326 43.49639 16.34295 43.49668 16.34238 43.4969 16.34179 43.49709 16.34155 43.49725 16.34146 43.49736 16.34141 43.49759 16.34127 43.49791 16.341 43.49828 16.34079 43.49841 16.34071 43.49859 16.3405 43.49875 16.34022 43.49885 16.34001 43.49898 16.34018 43.49902 16.3402 43.49928 16.34052 43.49965 16.34044 43.49963 16.34025 43.49932 16.34033 43.49892 16.33983 43.49916 16.33928 43.49927 16.33893 43.49943 16.33858 43.49955 16.33852 43.49969 16.33876 43.49946 16.33919 43.49958 16.3393 43.4998 16.33892 43.49997 16.33899 43.50003 16.339 43.50049 16.33886 43.50072 16.33879 43.5009 16.33867 43.50114 16.3383 43.50127 16.33791 43.50129 16.33759 43.50133 16.33747 43.50151 16.33722 43.50156 16.33709 43.50155 16.3369 43.5015 16.33681 43.50148 16.33675 43.5015 16.33666 43.50155 16.33659 43.50165 16.33643 43.50167 16.33609 43.50171 16.33593 43.50171 16.33567 43.50175 16.33543 43.50179 16.33527 43.50176 16.33485 43.50179 16.33471 43.5019 16.33449 43.50194 16.33424 43.50197 16.33304 43.50194 16.33276 43.50195 16.33221 43.50191 16.33211 43.5019 16.33201 43.5019 16.33196 43.5019 16.33179 43.50187 16.33167 43.50178 16.33149 43.50173 16.33104 43.5016 16.33058 43.5016 16.33037 43.50173 16.33013 43.50185 16.33001 43.50193 16.32997 43.50204 16.32993 43.50211 16.32995 43.50219 16.33011 43.50227 16.33013 43.50237 16.33012 43.50261 16.32988 43.50272 16.32971 43.503 16.32886 43.50303 16.3282 43.50299 16.32809 43.50301 16.32797 43.50309 16.32781 43.50312 16.32764 43.50311 16.32704 43.5031 16.32685 43.50314 16.32658 43.50315 16.32623 43.50317 16.32607 43.50325 16.3259 43.50339 16.3256 43.5036 16.3253 43.50374 16.3252 43.50406 16.32484 43.50418 16.32476 43.50449 16.32438 43.50464 16.32403 43.50466 16.32388 43.50471 16.32374 43.50482 16.32359 43.5049 16.32342 43.50492 16.3231 43.50495 16.32295 43.50525 16.3225 43.50542 16.32197 43.50547 16.32189 43.50558 16.3218 43.50612 16.32154 43.50638 16.32138 43.50663 16.32128 43.50685 16.32111 43.5072 16.32094 43.50726 16.32087 43.50727 16.32065 43.50723 16.32055 43.50725 16.32046 43.50756 16.31999 43.50771 16.31977 43.50803 16.31922 43.50808 16.31906 43.50828 16.31857 43.50834 16.31839 43.50838 16.31808 43.50839 16.31775 43.5084 16.31765 43.50843 16.31758 43.50855 16.31723 43.50873 16.31664 43.5089 16.31616 43.50901 16.31589 43.50921 16.31542 43.50934 16.31513 43.50964 16.31456 43.50995 16.31399 43.51019 16.31356 43.51025 16.3134 43.51042 16.3131 43.51049 16.31286 43.51054 16.31268 43.51054 16.31232 43.5105 16.31192 43.51049 16.31165 43.51051 16.31127</gml:posList>
                        </gml:LinearRing>
                      </gml:exterior>
                    </gml:Polygon>
                  </gml:surfaceMember>
                  <gml:surfaceMember>
                    <gml:Polygon gml:id="MEDIA_MONITORED_CILJ_ID_1_POLUTANT_2_MODEL_60">
                      <gml:exterior>
                        <gml:LinearRing>
                          <gml:posList srsDimension="2">43.45812 16.14112 43.45815 16.14099 43.45855 16.14037 43.4587 16.13993 43.45876 16.13965 43.45896 16.13909 43.45918 16.13862 43.45934 16.13808 43.45941 16.13773 43.45954 16.13717 43.45956 16.13653 43.45953 16.13603 43.45943 16.13549 43.45943 16.13519 43.45938 16.1347 43.45922 16.1343 43.45917 16.13405 43.45912 16.13394 43.45907 16.13389 43.45898 16.13385 43.45891 16.13377 43.4588 16.1336 43.45863 16.13348 43.45828 16.13327 43.45797 16.13316 43.4576 16.13296 43.45646 16.13294 43.45598 16.13308 43.4554 16.13351 43.45511 16.13368 43.455 16.13373 43.4549 16.1338 43.45476 16.13396 43.45471 16.1341 43.45469 16.13426 43.45442 16.13486 43.45432 16.13519 43.45424 16.13554 43.45407 16.136 43.45389 16.1364 43.45371 16.13669 43.45335 16.13698 43.453 16.13739 43.45287 16.13766 43.45284 16.1379 43.45285 16.13907 43.45276 16.13951 43.45252 16.14018 43.45245 16.1405 43.45235 16.14109 43.45229 16.14175 43.45231 16.14188 43.45232 16.14215 43.4524 16.14231 43.45241 16.14239 43.4524 16.14244 43.45228 16.14266 43.45223 16.14279 43.4522 16.14305 43.45215 16.14341 43.45211 16.14356 43.45205 16.14373 43.45196 16.14395 43.45183 16.14389 43.45179 16.14406 43.45192 16.14413 43.45188 16.14449 43.45186 16.14459 43.45181 16.14469 43.45168 16.14462 43.45164 16.14476 43.45179 16.14485 43.45167 16.14513 43.45157 16.1454 43.45152 16.1456 43.45143 16.14584 43.45124 16.14605 43.45115 16.14613 43.45108 16.14607 43.45108 16.14587 43.45099 16.14588 43.45099 16.14602 43.45096 16.14605 43.4509 16.14599 43.45089 16.14564 43.45102 16.14564 43.45102 16.14551 43.45092 16.1455 43.45082 16.14546 43.45068 16.1453 43.45045 16.14499 43.45039 16.14483 43.45037 16.14468 43.45024 16.14469 43.45009 16.14478 43.44964 16.145 43.44962 16.14512 43.44955 16.14519 43.44945 16.14503 43.44938 16.14512 43.44947 16.14531 43.44944 16.14537 43.44934 16.14536 43.44925 16.14544 43.44917 16.14543 43.44903 16.14542 43.44902 16.14552 43.44898 16.14553 43.4489 16.14545 43.44881 16.14548 43.44865 16.14548 43.44859 16.14547 43.44857 16.14543 43.44857 16.1454 43.44858 16.14528 43.44866 16.14503 43.44875 16.1448 43.44882 16.14486 43.44887 16.14479 43.44879 16.14472 43.44882 16.14462 43.44892 16.14463 43.44894 16.14448 43.44886 16.14446 43.44914 16.14387 43.44925 16.14354 43.44956 16.14314 43.44975 16.14305 43.44997 16.14307 43.44997 16.14327 43.45006 16.14327 43.45007 16.14308 43.45028 16.14308 43.45046 16.14288 43.4505 16.14278 43.45061 16.14227 43.45063 16.14175 43.45045 16.13963 43.45031 16.13942 43.45011 16.13935 43.44996 16.13937 43.44951 16.13963 43.44938 16.1397 43.44925 16.13976 43.44906 16.13982 43.44892 16.13986 43.44889 16.13981 43.44886 16.13971 43.44878 16.13976 43.44883 16.13993 43.44869 16.13998 43.44845 16.13999 43.44835 16.14003 43.44813 16.14015 43.4481 16.14009 43.44804 16.14009 43.44803 16.14023 43.44796 16.14026 43.44786 16.14023 43.44782 16.14011 43.44789 16.14 43.44794 16.14006 43.44799 16.13999 43.44795 16.13992 43.44799 16.13988 43.44805 16.13994 43.44811 16.13985 43.44805 16.13977 43.44808 16.13969 43.44815 16.13977 43.44821 16.13968 43.44813 16.13958 43.44829 16.13922 43.44845 16.13887 43.44867 16.1386 43.44896 16.13823 43.44936 16.13742 43.44967 16.13696 43.44989 16.13655 43.45017 16.13612 43.45039 16.13569 43.45046 16.13547 43.45046 16.13525 43.45041 16.13507 43.4502 16.13475 43.45017 16.13455 43.45016 16.13435 43.45019 16.13423 43.45037 16.13403 43.45089 16.13362 43.45097 16.13348 43.45103 16.13329 43.45103 16.13298 43.45098 16.13224 43.45099 16.13214 43.45103 16.13196 43.45133 16.13126 43.45155 16.13049 43.45164 16.13021 43.45172 16.12986 43.45182 16.1293 43.45188 16.12898 43.45195 16.12855 43.45203 16.12813 43.45213 16.12737 43.45213 16.12672 43.45203 16.12611 43.45193 16.12564 43.45172 16.12499 43.45129 16.12412 43.45112 16.12387 43.45058 16.12334 43.45024 16.12308 43.44985 16.12283 43.44889 16.12226 43.44867 16.12214 43.44844 16.12204 43.44793 16.12186 43.44762 16.12176 43.44718 16.12169 43.44679 16.12177 43.44635 16.12193 43.44601 16.12202 43.44571 16.12216 43.44517 16.12252 43.44499 16.12269 43.44477 16.12281 43.44455 16.12303 43.44418 16.12357 43.44409 16.12372 43.44391 16.12423 43.44377 16.12452 43.44369 16.12489 43.44369 16.12532 43.44365 16.12546 43.44354 16.12558 43.44338 16.1257 43.44305 16.12587 43.4427 16.12621 43.44252 16.12645 43.44241 16.12669 43.44237 16.12714 43.44232 16.12729 43.44227 16.12737 43.44219 16.12741 43.44203 16.12745 43.4419 16.12743 43.44181 16.12738 43.4418 16.12722 43.44188 16.12722 43.44189 16.12715 43.44181 16.12715 43.4418 16.12655 43.44178 16.12628 43.44179 16.12613 43.44201 16.12544 43.44209 16.12503 43.44213 16.12479 43.44219 16.12444 43.44223 16.12419 43.44232 16.12407 43.44234 16.12391 43.44231 16.1238 43.44219 16.12366 43.44207 16.12349 43.44178 16.12335 43.4415 16.12303 43.44133 16.1229 43.44083 16.12263 43.44067 16.12257 43.43995 16.12257 43.43986 16.1225 43.43983 16.1224 43.43984 16.12232 43.43992 16.12223 43.44041 16.12196 43.44084 16.1216 43.44099 16.12153 43.4413 16.12151 43.44143 16.12148 43.44146 16.12143 43.4415 16.12143 43.44162 16.12162 43.4417 16.12168 43.44192 16.12168 43.44241 16.12151 43.44301 16.12115 43.44326 16.12087 43.44355 16.12016 43.44356 16.12007 43.44356 16.11982 43.44355 16.11962 43.44351 16.1195 43.44342 16.11925 43.44296 16.11853 43.44268 16.11783 43.44255 16.11765 43.44233 16.1175 43.44216 16.11741 43.44187 16.1173 43.44165 16.11726 43.44137 16.11731 43.44116 16.11748 43.44089 16.11757 43.44022 16.11756 43.43993 16.11762 43.43971 16.11762 43.43961 16.11756 43.43955 16.11748 43.43952 16.11729 43.4394 16.11715 43.4392 16.11705 43.43887 16.11693 43.4387 16.11672 43.43845 16.11641 43.4381 16.11617 43.43778 16.11589 43.43755 16.11571 43.43743 16.11558 43.43736 16.11546 43.43723 16.11538 43.43721 16.11533 43.43723 16.11526 43.43727 16.11516 43.43745 16.11469 43.43754 16.11437 43.43758 16.11404 43.4376 16.11367 43.43756 16.11272 43.43749 16.1122 43.43736 16.1116 43.43722 16.11121 43.43708 16.11093 43.43692 16.11068 43.43674 16.11051 43.43661 16.11031 43.43647 16.11011 43.43636 16.11008 43.43632 16.11012 43.43629 16.1102 43.43628 16.1103 43.43624 16.11029 43.43623 16.11024 43.43624 16.11 43.43622 16.10995 43.43617 16.1099 43.43591 16.10992 43.4358 16.10997 43.43568 16.11004 43.43548 16.11031 43.43542 16.11056 43.43536 16.11067 43.43527 16.11077 43.43519 16.11087 43.43515 16.11112 43.43509 16.11122 43.43498 16.11133 43.4349 16.1115 43.43476 16.11178 43.43462 16.112 43.43449 16.11212 43.43443 16.11227 43.43431 16.11231 43.43417 16.11224 43.43397 16.11225 43.43382 16.1122 43.4337 16.11208 43.43355 16.11198 43.4335 16.1119 43.43348 16.11178 43.43347 16.11116 43.43336 16.11037 43.43329 16.11016 43.43311 16.10958 43.433 16.10935 43.43288 16.10918 43.43275 16.10905 43.43259 16.10897 43.43205 16.10858 43.43179 16.10848 43.4316 16.10838 43.43116 16.10828 43.43102 16.10825 43.43068 16.10812 43.43026 16.10809 43.43008 16.10819 43.4299 16.10843 43.42981 16.10863 43.42975 16.10887 43.42974 16.10939 43.42967 16.11008 43.42966 16.1109 43.42961 16.11122 43.42959 16.11188 43.42968 16.11216 43.42968 16.11299 43.42967 16.11323 43.42961 16.11351 43.42937 16.1142 43.42895 16.11481 43.42892 16.11491 43.42888 16.11503 43.42889 16.11518 43.42891 16.11528 43.42889 16.1154 43.42882 16.1155 43.4288 16.11559 43.42878 16.11582 43.42872 16.11616 43.42874 16.11646 43.42881 16.11659 43.42888 16.11666 43.42897 16.11674 43.42946 16.11692 43.4301 16.11691 43.43018 16.11696 43.43023 16.11706 43.43021 16.11719 43.43015 16.11733 43.42994 16.11768 43.42986 16.11783 43.42979 16.11811 43.42978 16.11836 43.42984 16.11853 43.42987 16.11863 43.43003 16.11886 43.43009 16.11895 43.43014 16.11907 43.43013 16.11918 43.43007 16.11929 43.42992 16.11942 43.42977 16.11957 43.42953 16.11966 43.42947 16.11968 43.42941 16.11976 43.42937 16.11983 43.42932 16.12008 43.42931 16.12025 43.42931 16.12043 43.42929 16.1206 43.42929 16.12074 43.42943 16.12093 43.42951 16.12102 43.42958 16.12123 43.42965 16.12139 43.4297 16.12154 43.42966 16.12168 43.42922 16.12208 43.42899 16.12212 43.42892 16.12217 43.42871 16.12222 43.42855 16.12253 43.42846 16.12249 43.42845 16.12236 43.42841 16.1223 43.4283 16.12228 43.4282 16.12235 43.42807 16.12258 43.42799 16.12287 43.42788 16.12314 43.42784 16.12366 43.42791 16.12405 43.42819 16.12505 43.42833 16.1254 43.42836 16.12562 43.42832 16.12578 43.42827 16.12586 43.42816 16.12594 43.42776 16.12605 43.42769 16.12612 43.42762 16.12622 43.42751 16.12652 43.42748 16.12703 43.42749 16.12786 43.42755 16.1285 43.42754 16.12901 43.42746 16.12936 43.42745 16.12949 43.42746 16.1296 43.42753 16.12973 43.42756 16.12988 43.42756 16.13007 43.42752 16.1302 43.42752 16.13035 43.42756 16.1304 43.42763 16.13038 43.42773 16.13034 43.42781 16.13029 43.42786 16.13031 43.42786 16.13038 43.42781 16.13045 43.42777 16.13052 43.42776 16.13055 43.42778 16.13057 43.42783 16.13057 43.42799 16.13058 43.42805 16.13065 43.42809 16.1308 43.42806 16.13085 43.42797 16.13087 43.42793 16.13095 43.42796 16.13119 43.42795 16.13132 43.428 16.13139 43.42807 16.13137 43.42812 16.13128 43.4282 16.13137 43.42818 16.13146 43.42821 16.13154 43.4283 16.13164 43.42848 16.13187 43.42864 16.13222 43.42869 16.13234 43.42885 16.13264 43.42906 16.13312 43.4292 16.13334 43.42942 16.13352 43.42976 16.1339 43.43011 16.1341 43.43038 16.13418 43.43073 16.13449 43.43093 16.1346 43.43128 16.13462 43.43133 16.13469 43.43135 16.13484 43.4314 16.13496 43.43138 16.13509 43.43122 16.1353 43.43113 16.1355 43.43109 16.13575 43.43099 16.136 43.43101 16.13627 43.43116 16.1364 43.43123 16.13645 43.43124 16.13652 43.43122 16.1366 43.43117 16.13684 43.43113 16.13696 43.43078 16.1374 43.43069 16.13762 43.43067 16.13774 43.43067 16.13799 43.4307 16.13814 43.43099 16.13859 43.43118 16.13878 43.43121 16.13889 43.4312 16.13899 43.43107 16.13918 43.43096 16.13945 43.43074 16.13972 43.43051 16.13994 43.43045 16.14003 43.43034 16.14033 43.43028 16.14057 43.43018 16.14075 43.43015 16.14091 43.43006 16.14146 43.42995 16.14175 43.42969 16.14222 43.42962 16.14241 43.42954 16.14278 43.42952 16.1431 43.42947 16.14331 43.42949 16.14389 43.42955 16.14418 43.4296 16.14461 43.42966 16.14501 43.42976 16.14521 43.42989 16.14558 43.43005 16.14574 43.43009 16.14581 43.43008 16.14588 43.43002 16.14589 43.42992 16.14589 43.42986 16.14591 43.42985 16.146 43.42996 16.14613 43.43017 16.1462 43.43055 16.14643 43.43076 16.14659 43.43092 16.14676 43.43142 16.14709 43.43157 16.14724 43.43169 16.14732 43.43207 16.1478 43.43248 16.1481 43.43269 16.14818 43.43298 16.14818 43.43329 16.14807 43.43356 16.14783 43.43435 16.14673 43.43464 16.14622 43.43495 16.14583 43.4355 16.14492 43.43564 16.1448 43.43575 16.14475 43.43585 16.14479 43.43591 16.14483 43.43602 16.14498 43.43607 16.14513 43.43612 16.14558 43.43626 16.14588 43.43626 16.14602 43.4362 16.14622 43.43608 16.14664 43.436 16.14678 43.43594 16.1471 43.43594 16.1474 43.43603 16.1478 43.43626 16.1483 43.43631 16.14854 43.43629 16.14869 43.43623 16.14881 43.43594 16.14918 43.43576 16.14973 43.43572 16.14994 43.43568 16.15012 43.43568 16.15046 43.43565 16.15061 43.43564 16.15085 43.43572 16.15123 43.43581 16.15145 43.43586 16.15182 43.43598 16.15207 43.43616 16.15257 43.43635 16.15284 43.43651 16.15295 43.43669 16.153 43.43701 16.15321 43.43731 16.15332 43.43775 16.15332 43.43808 16.15325 43.4382 16.15318 43.43847 16.15316 43.43855 16.15321 43.43876 16.15324 43.43882 16.15327 43.43885 16.15336 43.43881 16.15351 43.43863 16.15375 43.43854 16.15395 43.4385 16.15414 43.4385 16.15466 43.43844 16.15483 43.43831 16.15503 43.43816 16.15502 43.43806 16.15503 43.43762 16.15534 43.43699 16.15607 43.43682 16.15609 43.4367 16.15601 43.43661 16.15601 43.4365 16.15613 43.43641 16.15613 43.43634 16.15606 43.43614 16.15608 43.43594 16.15625 43.43579 16.15648 43.43563 16.15688 43.43546 16.15757 43.43545 16.15767 43.43546 16.15782 43.43557 16.15799 43.43558 16.15807 43.43556 16.15818 43.43553 16.15828 43.43557 16.15846 43.43561 16.15856 43.43559 16.15864 43.43554 16.15871 43.43505 16.15902 43.43452 16.1595 43.43443 16.15955 43.43425 16.1598 43.43389 16.16013 43.43337 16.16096 43.43324 16.16126 43.43299 16.1617 43.43253 16.16243 43.43242 16.16277 43.43222 16.16326 43.43223 16.16334 43.43234 16.16342 43.43239 16.16354 43.43239 16.16359 43.43234 16.16364 43.43214 16.16363 43.4321 16.16368 43.43205 16.16375 43.43195 16.16427 43.43195 16.16462 43.43202 16.16504 43.43201 16.16546 43.43196 16.16576 43.43189 16.16605 43.43186 16.1663 43.4319 16.1665 43.43196 16.16687 43.43195 16.16766 43.43199 16.16805 43.43211 16.16845 43.43223 16.1687 43.4323 16.16885 43.43244 16.169 43.4327 16.16913 43.43293 16.16931 43.4332 16.16943 43.43345 16.16949 43.43421 16.16987 43.43442 16.16993 43.43463 16.16998 43.43517 16.17016 43.43544 16.17029 43.43626 16.17051 43.43668 16.17051 43.43699 16.17046 43.43714 16.17039 43.43741 16.17033 43.4376 16.17018 43.43779 16.17018 43.43785 16.17013 43.43802 16.16997 43.43812 16.16992 43.43839 16.1699 43.43847 16.16988 43.43867 16.16985 43.43875 16.16979 43.43876 16.16973 43.43869 16.16964 43.43854 16.16951 43.43851 16.16938 43.43862 16.16927 43.43878 16.16919 43.43897 16.16921 43.4392 16.16936 43.43942 16.1695 43.43951 16.16956 43.43961 16.16965 43.43967 16.16983 43.43972 16.17018 43.43973 16.17043 43.43988 16.171 43.44016 16.1714 43.44041 16.17162 43.44057 16.17185 43.44068 16.17215 43.44074 16.17254 43.44071 16.17393 43.44078 16.1743 43.44083 16.17444 43.44095 16.17485 43.44102 16.175 43.44133 16.17542 43.44139 16.17558 43.44159 16.17585 43.4417 16.17601 43.4416 16.17623 43.4417 16.17635 43.44181 16.17614 43.44186 16.17625 43.44204 16.1765 43.44225 16.1765 43.44263 16.17636 43.44301 16.17615 43.44324 16.17595 43.44336 16.17578 43.44372 16.17549 43.44401 16.17515 43.44427 16.17494 43.44505 16.17444 43.44517 16.1743 43.44526 16.17424 43.4454 16.17412 43.44554 16.17407 43.44567 16.17406 43.44579 16.17408 43.44603 16.17419 43.44618 16.17426 43.44634 16.17433 43.44663 16.17444 43.44675 16.17452 43.44706 16.17454 43.44722 16.1746 43.4476 16.17456 43.44818 16.17429 43.44849 16.17408 43.44867 16.17379 43.4488 16.17332 43.44891 16.17307 43.4491 16.1727 43.44912 16.17268 43.44916 16.17263 43.44921 16.17262 43.44928 16.17266 43.44967 16.17311 43.44981 16.17319 43.44995 16.17324 43.45021 16.17325 43.45046 16.17315 43.45082 16.17286 43.45095 16.17269 43.45104 16.1725 43.45113 16.17221 43.45117 16.17192 43.45119 16.17171 43.45124 16.17135 43.45129 16.17117 43.45136 16.17107 43.45149 16.171 43.45181 16.17095 43.45236 16.17072 43.45263 16.17045 43.45307 16.16989 43.45321 16.16975 43.45343 16.16963 43.45355 16.16951 43.45365 16.16935 43.45376 16.1691 43.45383 16.16889 43.45387 16.16862 43.4539 16.16837 43.45391 16.16823 43.45397 16.16813 43.45408 16.16813 43.45425 16.16823 43.45465 16.16829 43.4549 16.16825 43.45532 16.16806 43.45539 16.16798 43.45577 16.16767 43.45597 16.16743 43.45627 16.16704 43.45635 16.16684 43.45659 16.16648 43.45678 16.16591 43.45686 16.16554 43.45708 16.1648 43.45716 16.16416 43.45719 16.16325 43.45714 16.16263 43.45709 16.16251 43.45707 16.16226 43.45707 16.16209 43.45709 16.16201 43.45715 16.16194 43.45725 16.16187 43.45761 16.16182 43.4579 16.16166 43.45812 16.16136 43.45833 16.16085 43.45848 16.15972 43.45851 16.1589 43.45839 16.1585 43.45808 16.1581 43.45806 16.15802 43.45807 16.15795 43.45812 16.15787 43.45821 16.15778 43.45856 16.15767 43.45872 16.15752 43.45885 16.15735 43.45898 16.15699 43.45903 16.15676 43.45907 16.15651 43.4591 16.15567 43.45907 16.15533 43.459 16.15471 43.45896 16.15356 43.4589 16.15322 43.45886 16.15305 43.45879 16.15268 43.45877 16.15243 43.45862 16.15146 43.4586 16.15123 43.45857 16.15102 43.45848 16.15067 43.45841 16.15018 43.45832 16.14995 43.4582 16.1498 43.45804 16.14967 43.45779 16.14952 43.45718 16.14943 43.45714 16.14937 43.45713 16.14931 43.45713 16.14921 43.45722 16.14879 43.4575 16.14815 43.45762 16.14773 43.45767 16.14742 43.45762 16.14655 43.45746 16.14546 43.45747 16.14483 43.4575 16.14446 43.45761 16.14386 43.45766 16.14341 43.4578 16.1428 43.45792 16.14219 43.45803 16.14197 43.4581 16.14177 43.45812 16.14161 43.45811 16.14123 43.45812 16.14112</gml:posList>
                        </gml:LinearRing>
                      </gml:exterior>
                    </gml:Polygon>
                  </gml:surfaceMember>
                  <gml:surfaceMember>
                    <gml:Polygon gml:id="MEDIA_MONITORED_CILJ_ID_1_POLUTANT_2_MODEL_61">
                      <gml:exterior>
                        <gml:LinearRing>
                          <gml:posList srsDimension="2">43.5301 16.43902 43.5301 16.4389 43.5301 16.43886 43.53008 16.43879 43.53004 16.43877 43.52999 16.43877 43.52996 16.43881 43.52995 16.43891 43.52996 16.43898 43.52998 16.43906 43.53 16.43908 43.53003 16.4391 43.53007 16.43908 43.5301 16.43902</gml:posList>
                        </gml:LinearRing>
                      </gml:exterior>
                    </gml:Polygon>
                  </gml:surfaceMember>
                  <gml:surfaceMember>
                    <gml:Polygon gml:id="MEDIA_MONITORED_CILJ_ID_1_POLUTANT_2_MODEL_62">
                      <gml:exterior>
                        <gml:LinearRing>
                          <gml:posList srsDimension="2">43.48228 16.34687 43.48231 16.34691 43.48236 16.34693 43.48241 16.34692 43.48243 16.3469 43.48243 16.34681 43.48239 16.34676 43.48235 16.34674 43.4823 16.34674 43.48229 16.34678 43.48228 16.34683 43.48228 16.34687</gml:posList>
                        </gml:LinearRing>
                      </gml:exterior>
                    </gml:Polygon>
                  </gml:surfaceMember>
                  <gml:surfaceMember>
                    <gml:Polygon gml:id="MEDIA_MONITORED_CILJ_ID_1_POLUTANT_2_MODEL_63">
                      <gml:exterior>
                        <gml:LinearRing>
                          <gml:posList srsDimension="2">43.5363 16.44415 43.53633 16.44421 43.53637 16.44421 43.53641 16.44419 43.53645 16.44412 43.53649 16.44399 43.53648 16.44394 43.53644 16.44389 43.53638 16.44389 43.53631 16.44396 43.5363 16.44404 43.5363 16.44415</gml:posList>
                        </gml:LinearRing>
                      </gml:exterior>
                    </gml:Polygon>
                  </gml:surfaceMember>
                  <gml:surfaceMember>
                    <gml:Polygon gml:id="MEDIA_MONITORED_CILJ_ID_1_POLUTANT_2_MODEL_64">
                      <gml:exterior>
                        <gml:LinearRing>
                          <gml:posList srsDimension="2">43.52418 16.27612 43.52478 16.27707 43.52487 16.27707 43.52499 16.2769 43.52509 16.27673 43.52508 16.27667 43.52503 16.27654 43.52499 16.27652 43.52493 16.27655 43.52484 16.27661 43.52482 16.27661 43.52477 16.2766 43.52471 16.27653 43.5246 16.27632 43.52448 16.2761 43.52445 16.276 43.52438 16.2757 43.52434 16.2754 43.52428 16.27524 43.52422 16.27512 43.52417 16.27496 43.52417 16.27481 43.52423 16.27462 43.52423 16.27435 43.52414 16.27404 43.52415 16.27389 43.52416 16.27384 43.52418 16.27379 43.52424 16.27374 43.52436 16.27375 43.52442 16.27367 43.52442 16.2736 43.52437 16.27352 43.5241 16.27352 43.52401 16.27359 43.52397 16.27369 43.52396 16.27411 43.524 16.27433 43.52403 16.27466 43.52404 16.2749 43.52402 16.27547 43.52405 16.27582 43.52418 16.27612</gml:posList>
                        </gml:LinearRing>
                      </gml:exterior>
                    </gml:Polygon>
                  </gml:surfaceMember>
                  <gml:surfaceMember>
                    <gml:Polygon gml:id="MEDIA_MONITORED_CILJ_ID_1_POLUTANT_2_MODEL_65">
                      <gml:exterior>
                        <gml:LinearRing>
                          <gml:posList srsDimension="2">43.58534 16.47565 43.58764 16.46715 43.58899 16.45595 43.58951 16.45112 43.59091 16.43813 43.58676 16.43165 43.57105 16.4132 43.57031 16.41939 43.56908 16.42981 43.56988 16.43096 43.56776 16.43584 43.56765 16.43788 43.5643 16.44156 43.56311 16.44468 43.56216 16.44651 43.55815 16.44554 43.55785 16.44637 43.55773 16.44671 43.55741 16.44693 43.55711 16.44713 43.55668 16.44741 43.55464 16.45812 43.55378 16.45839 43.55337 16.45931 43.55231 16.45945 43.55222 16.45946 43.54973 16.45886 43.54956 16.45882 43.54943 16.45879 43.54928 16.45875 43.54927 16.45875 43.54846 16.45855 43.54768 16.45837 43.54695 16.45819 43.54557 16.45761 43.5454 16.45765 43.54498 16.45772 43.54496 16.45772 43.54459 16.45796 43.54444 16.4589 43.54356 16.46023 43.54197 16.46066 43.54189 16.46071 43.54184 16.46073 43.54177 16.46079 43.54135 16.46103 43.53981 16.46194 43.53767 16.46171 43.53765 16.46173 43.53763 16.46188 43.53769 16.462 43.5377 16.46207 43.53764 16.46211 43.53747 16.46211 43.53726 16.46213 43.53719 16.46217 43.53709 16.4623 43.53706 16.46235 43.53705 16.46262 43.53702 16.46275 43.53695 16.46286 43.53694 16.4629 43.53669 16.46284 43.53667 16.46289 43.53645 16.46399 43.53644 16.46411 43.53639 16.46435 43.53628 16.46484 43.53621 16.46528 43.53624 16.46541 43.53631 16.4655 43.53634 16.46557 43.53634 16.46571 43.53627 16.46573 43.53626 16.46572 43.53623 16.4656 43.53614 16.46569 43.53617 16.46578 43.53618 16.46606 43.53619 16.46633 43.53627 16.46635 43.53635 16.46629 43.53645 16.46633 43.53649 16.46634 43.53657 16.46635 43.53663 16.4664 43.53671 16.46661 43.53677 16.46677 43.53689 16.4671 43.53694 16.46727 43.537 16.46743 43.53703 16.46754 43.53699 16.46758 43.5369 16.46762 43.53682 16.46764 43.53646 16.46766 43.53643 16.46761 43.53642 16.46733 43.53634 16.46734 43.53634 16.46767 43.53637 16.46774 43.53646 16.46779 43.53686 16.46778 43.53694 16.46778 43.53699 16.46788 43.53701 16.46809 43.53706 16.46822 43.53708 16.46826 43.5371 16.46832 43.53724 16.46834 43.53729 16.46835 43.53737 16.46847 43.53739 16.4686 43.53738 16.46885 43.53715 16.46953 43.53711 16.46979 43.53708 16.46991 43.53702 16.46999 43.53688 16.47008 43.53678 16.47015 43.53669 16.47019 43.53662 16.47024 43.53638 16.47073 43.5363 16.47099 43.53599 16.47141 43.53594 16.47153 43.53592 16.47186 43.53594 16.47197 43.53593 16.47214 43.5359 16.47228 43.53591 16.47246 43.53593 16.47265 43.53592 16.47287 43.53585 16.47321 43.53572 16.47356 43.53572 16.47358 43.53556 16.47404 43.53537 16.47445 43.5352 16.47476 43.53506 16.47499 43.53503 16.47508 43.53492 16.47531 43.53486 16.47553 43.53486 16.47565 43.53486 16.47567 43.53486 16.47577 43.53484 16.47581 43.53472 16.47594 43.53459 16.47607 43.53425 16.4748 43.53385 16.47505 43.53376 16.47512 43.53344 16.47528 43.53314 16.47542 43.53284 16.47555 43.53288 16.47569 43.53322 16.47552 43.5342 16.47501 43.53422 16.47501 43.53425 16.4751 43.53436 16.47557 43.53436 16.47563 43.53304 16.47682 43.53299 16.47683 43.5327 16.47686 43.53268 16.4768 43.53265 16.47655 43.53259 16.47609 43.5325 16.47609 43.53252 16.47639 43.53256 16.4767 43.53258 16.47687 43.5326 16.477 43.53258 16.47711 43.53248 16.47724 43.53235 16.47734 43.53221 16.47741 43.53213 16.47744 43.53211 16.4774 43.53212 16.47674 43.53215 16.47652 43.53214 16.47624 43.53215 16.47579 43.53218 16.47559 43.53219 16.4754 43.53219 16.47513 43.53218 16.47498 43.5322 16.47483 43.53225 16.47462 43.53237 16.47431 43.53244 16.47407 43.53248 16.47392 43.5325 16.47377 43.5325 16.47364 43.53245 16.47337 43.53243 16.47324 43.53243 16.47317 43.53243 16.47295 43.53249 16.47275 43.53253 16.47263 43.53255 16.47254 43.53255 16.47247 43.53252 16.47241 43.53247 16.47233 43.53243 16.47229 43.53242 16.47225 43.53245 16.47219 43.53247 16.47211 43.53246 16.47207 43.53244 16.47203 43.53242 16.47198 43.5324 16.47189 43.5324 16.47153 43.53238 16.47147 43.53235 16.4714 43.53231 16.47136 43.53202 16.47133 43.53191 16.47125 43.53182 16.47117 43.53174 16.47111 43.53168 16.47108 43.53161 16.47101 43.53157 16.47095 43.53151 16.47087 43.53148 16.4708 43.53147 16.47065 43.53149 16.4705 43.53152 16.4704 43.53158 16.47032 43.53163 16.4703 43.53165 16.47032 43.53171 16.47038 43.53179 16.4704 43.5318 16.47041 43.53185 16.47037 43.53193 16.4703 43.53197 16.4703 43.53204 16.47025 43.53211 16.47014 43.53216 16.47011 43.53223 16.4701 43.53228 16.47014 43.53235 16.47013 43.53241 16.47005 43.53243 16.46998 43.53245 16.46991 43.53248 16.46984 43.53252 16.46979 43.53255 16.46973 43.53257 16.46969 43.53258 16.46964 43.53258 16.46958 43.53257 16.46952 43.53257 16.46941 43.53254 16.46936 43.53251 16.46931 43.5325 16.46929 43.53249 16.46926 43.53248 16.46918 43.53249 16.46914 43.53252 16.46908 43.53255 16.46901 43.53256 16.46899 43.53257 16.46886 43.53256 16.46884 43.53256 16.46881 43.53254 16.4688 43.53254 16.46878 43.53254 16.4687 43.53256 16.46862 43.53257 16.46857 43.53258 16.4685 43.5326 16.46847 43.53265 16.46846 43.53267 16.46842 43.53267 16.46841 43.53266 16.46838 43.53264 16.46835 43.53261 16.46834 43.53258 16.46833 43.53256 16.46832 43.53252 16.4683 43.53248 16.4683 43.5324 16.46834 43.53233 16.46836 43.53228 16.46838 43.53223 16.46837 43.5322 16.46835 43.53217 16.46833 43.53207 16.46823 43.53204 16.46819 43.532 16.46814 43.53199 16.46809 43.53199 16.46799 43.53202 16.4679 43.53204 16.46783 43.53205 16.46778 43.53207 16.46772 43.53207 16.46765 43.53207 16.46757 43.53205 16.46748 43.53201 16.46743 43.53195 16.46734 43.53192 16.46729 43.53189 16.46721 43.53189 16.46713 43.53187 16.46708 43.53185 16.46697 43.53184 16.46683 43.53183 16.46681 43.53181 16.46678 43.5318 16.46667 43.53178 16.46658 43.53177 16.46656 43.53175 16.46646 43.53172 16.46641 43.53167 16.46635 43.53156 16.46633 43.53155 16.46633 43.53102 16.46632 43.53104 16.46648 43.53105 16.46662 43.53106 16.46674 43.53109 16.46685 43.53111 16.46692 43.53111 16.46702 43.5311 16.46703 43.53103 16.46701 43.53088 16.46693 43.53085 16.46687 43.53083 16.46674 43.53081 16.4666 43.5308 16.46654 43.53078 16.46633 43.5306 16.46628 43.53058 16.46627 43.5306 16.46547 43.53051 16.46547 43.5305 16.46574 43.53045 16.4658 43.53043 16.46581 43.53038 16.46582 43.53022 16.46586 43.53018 16.46604 43.53014 16.46631 43.5301 16.46653 43.53006 16.46668 43.53005 16.46676 43.52983 16.46675 43.52982 16.46697 43.52979 16.46707 43.52976 16.46719 43.52973 16.46727 43.52917 16.46949 43.52916 16.46955 43.52908 16.46993 43.52901 16.4702 43.52901 16.47026 43.52909 16.47039 43.52908 16.47063 43.52906 16.47077 43.52902 16.47086 43.52901 16.47091 43.529 16.47096 43.52889 16.47114 43.52879 16.47126 43.52873 16.4714 43.52868 16.47162 43.52864 16.47178 43.52862 16.47183 43.52859 16.47184 43.52858 16.47182 43.52862 16.47169 43.52854 16.47165 43.52849 16.47176 43.52845 16.47193 43.52837 16.47222 43.52836 16.47229 43.52835 16.47237 43.52831 16.47251 43.52823 16.47273 43.52819 16.47285 43.52817 16.47297 43.52815 16.47307 43.52814 16.47312 43.52815 16.47318 43.52818 16.47319 43.52819 16.47318 43.52822 16.47313 43.52825 16.47307 43.52827 16.47305 43.5283 16.47304 43.52831 16.47305 43.52832 16.47309 43.52829 16.47318 43.52822 16.4733 43.52815 16.47346 43.52811 16.47356 43.5281 16.47367 43.52806 16.4738 43.52802 16.47392 43.52799 16.47401 43.52797 16.47408 43.52793 16.47414 43.52786 16.47418 43.5278 16.47423 43.52773 16.47435 43.52768 16.47445 43.52765 16.4745 43.52762 16.47452 43.52757 16.47451 43.52755 16.47447 43.52934 16.48203 43.52933 16.48279 43.52932 16.48297 43.52932 16.48332 43.52931 16.48388 43.52931 16.48403 43.52931 16.48405 43.5293 16.48409 43.52929 16.48867 43.52929 16.48958 43.52928 16.49343 43.52927 16.49517 43.52925 16.49528 43.52914 16.49595 43.52892 16.49734 43.52885 16.4986 43.52877 16.50005 43.5287 16.50055 43.52869 16.50063 43.52854 16.50169 43.52815 16.5043 43.5281 16.50444 43.52803 16.50462 43.52783 16.50512 43.52693 16.50737 43.52654 16.50788 43.52641 16.50805 43.52599 16.50812 43.52586 16.50814 43.52566 16.50823 43.52548 16.50914 43.52404 16.51043 43.52311 16.51282 43.52275 16.51441 43.52222 16.51677 43.52245 16.51679 43.52161 16.5209 43.52124 16.52365 43.52108 16.52521 43.52087 16.52717 43.52085 16.52737 43.52082 16.52759 43.52031 16.53073 43.52034 16.53138 43.52076 16.53196 43.5212 16.53209 43.52227 16.5324 43.5238 16.53233 43.52418 16.53231 43.52528 16.53343 43.52554 16.53369 43.52571 16.53386 43.53381 16.54183 43.53779 16.54575 43.53908 16.54702 43.54665 16.55448 43.54666 16.55449 43.54359 16.54804 43.5416 16.5422 43.54063 16.53936 43.54085 16.539 43.54181 16.53183 43.54281 16.52439 43.5429 16.52369 43.5429 16.52365 43.54292 16.52334 43.54297 16.52261 43.54277 16.52197 43.54229 16.52035 43.54156 16.51793 43.54151 16.51742 43.54142 16.51669 43.54133 16.51563 43.5413 16.51527 43.54116 16.5136 43.54035 16.51169 43.54018 16.5104 43.54016 16.51024 43.54058 16.50863 43.54075 16.50799 43.54068 16.50763 43.5406 16.50724 43.54024 16.50551 43.54033 16.50498 43.54052 16.50383 43.54055 16.50329 43.54061 16.50251 43.54063 16.50225 43.54063 16.50215 43.54063 16.50208 43.54062 16.50173 43.54061 16.50151 43.54059 16.50077 43.54041 16.49927 43.54023 16.49871 43.53999 16.49798 43.54001 16.49728 43.53977 16.49649 43.5397 16.49624 43.53936 16.49598 43.53914 16.49581 43.53832 16.49517 43.53802 16.49481 43.53764 16.49321 43.53767 16.49266 43.53778 16.49239 43.5378 16.49233 43.53825 16.49191 43.5388 16.49278 43.53932 16.49327 43.54008 16.49386 43.54093 16.4947 43.54112 16.49489 43.5414 16.49517 43.54153 16.49532 43.54174 16.49554 43.54184 16.49565 43.54267 16.49584 43.54332 16.49593 43.54361 16.49599 43.54425 16.49611 43.54463 16.49627 43.54483 16.49636 43.54491 16.49645 43.5454 16.49701 43.54551 16.49713 43.54601 16.49748 43.54652 16.49784 43.54695 16.49802 43.54711 16.49808 43.54738 16.49802 43.5479 16.4979 43.54798 16.49813 43.54808 16.49842 43.54824 16.49856 43.54833 16.49864 43.54871 16.49866 43.5497 16.4986 43.55012 16.49821 43.55047 16.49799 43.55065 16.49787 43.5515 16.498 43.55276 16.49818 43.55315 16.49883 43.55331 16.49893 43.55372 16.4992 43.55405 16.4993 43.5544 16.49941 43.55652 16.4991 43.55686 16.4991 43.55692 16.4991 43.55694 16.4991 43.55716 16.49937 43.5572 16.49942 43.55721 16.49944 43.55723 16.49946 43.5573 16.49955 43.55751 16.49992 43.55768 16.50021 43.55785 16.50041 43.55803 16.50064 43.55831 16.5015 43.55848 16.50249 43.559 16.50665 43.55918 16.50677 43.56042 16.50758 43.56078 16.50678 43.56124 16.50576 43.5614 16.50557 43.5615 16.50546 43.5619 16.50583 43.5623 16.5069 43.56271 16.5079 43.56345 16.50831 43.56374 16.5076 43.56404 16.50699 43.56412 16.50685 43.56421 16.5067 43.56433 16.5065 43.56445 16.50631 43.56451 16.50621 43.56453 16.50618 43.56443 16.50588 43.56436 16.50564 43.56453 16.50505 43.56482 16.50402 43.56522 16.50338 43.5653 16.50325 43.56602 16.50142 43.5662 16.49936 43.56703 16.49964 43.56739 16.49976 43.56804 16.49834 43.56858 16.49811 43.57 16.49753 43.57014 16.49747 43.57318 16.49623 43.57523 16.49539 43.57576 16.49517 43.57576 16.49516 43.58015 16.49351 43.58431 16.49284 43.58471 16.49192 43.58495 16.48594 43.58465 16.48352 43.58534 16.47565</gml:posList>
                        </gml:LinearRing>
                      </gml:exterior>
                    </gml:Polygon>
                  </gml:surfaceMember>
                  <gml:surfaceMember>
                    <gml:Polygon gml:id="MEDIA_MONITORED_CILJ_ID_1_POLUTANT_2_MODEL_66">
                      <gml:exterior>
                        <gml:LinearRing>
                          <gml:posList srsDimension="2">43.41548 16.1302 43.41593 16.12993 43.41606 16.12979 43.41615 16.12973 43.41622 16.12975 43.41626 16.12983 43.41629 16.12986 43.41638 16.12987 43.41667 16.12972 43.41678 16.12963 43.41702 16.12931 43.41718 16.12917 43.41733 16.12909 43.41742 16.12897 43.41771 16.12876 43.41791 16.12871 43.41818 16.12852 43.41889 16.12776 43.41907 16.12763 43.41934 16.12745 43.41952 16.12723 43.41956 16.12709 43.41967 16.12688 43.41982 16.12648 43.41997 16.12598 43.42002 16.12542 43.42005 16.12509 43.42012 16.1248 43.42022 16.12455 43.42044 16.12414 43.42047 16.12398 43.42051 16.12387 43.42073 16.12353 43.42079 16.12326 43.42083 16.12308 43.4209 16.12294 43.42098 16.12242 43.421 16.12197 43.42107 16.12167 43.42111 16.12114 43.42112 16.12069 43.42105 16.12037 43.42103 16.12027 43.42092 16.12002 43.4209 16.11983 43.42086 16.11968 43.4208 16.11942 43.42073 16.11919 43.42068 16.11909 43.42065 16.11903 43.42059 16.11898 43.42049 16.1189 43.42044 16.11885 43.42029 16.1188 43.42006 16.11879 43.41988 16.11877 43.41974 16.11874 43.41962 16.11872 43.41953 16.11874 43.41948 16.11874 43.41942 16.11876 43.41936 16.11879 43.41926 16.11882 43.4192 16.11885 43.4191 16.11891 43.41887 16.11909 43.41877 16.11918 43.41866 16.1192 43.41852 16.11927 43.41844 16.11933 43.41831 16.11947 43.41819 16.11967 43.41806 16.11981 43.41795 16.11989 43.41787 16.11994 43.41778 16.12 43.41769 16.12014 43.41754 16.12058 43.41739 16.12077 43.41721 16.12087 43.41705 16.12104 43.41701 16.1212 43.41701 16.12136 43.41692 16.12158 43.41613 16.12265 43.41597 16.12297 43.41588 16.12321 43.41584 16.12345 43.41583 16.12386 43.41579 16.12402 43.4157 16.12445 43.41561 16.12479 43.41549 16.12511 43.41546 16.12533 43.41514 16.12611 43.41508 16.12637 43.41503 16.12666 43.41504 16.12717 43.41508 16.12732 43.41511 16.12782 43.41509 16.12821 43.41499 16.12877 43.41489 16.12942 43.41482 16.12971 43.41472 16.12998 43.41472 16.13016 43.41475 16.13024 43.41481 16.13031 43.41499 16.13031 43.41548 16.1302</gml:posList>
                        </gml:LinearRing>
                      </gml:exterior>
                    </gml:Polygon>
                  </gml:surfaceMember>
                  <gml:surfaceMember>
                    <gml:Polygon gml:id="MEDIA_MONITORED_CILJ_ID_1_POLUTANT_2_MODEL_67">
                      <gml:exterior>
                        <gml:LinearRing>
                          <gml:posList srsDimension="2">43.50331 16.41773 43.50335 16.41775 43.5034 16.41774 43.50341 16.41768 43.5035 16.41744 43.50353 16.41731 43.50353 16.41723 43.50349 16.41711 43.50343 16.41709 43.50338 16.41714 43.50334 16.41731 43.5033 16.41745 43.5033 16.41761 43.50331 16.41773</gml:posList>
                        </gml:LinearRing>
                      </gml:exterior>
                    </gml:Polygon>
                  </gml:surfaceMember>
                  <gml:surfaceMember>
                    <gml:Polygon gml:id="MEDIA_MONITORED_CILJ_ID_1_POLUTANT_2_MODEL_68">
                      <gml:exterior>
                        <gml:LinearRing>
                          <gml:posList srsDimension="2">43.50097 16.19453 43.50102 16.19461 43.50111 16.19461 43.50115 16.19455 43.50115 16.19446 43.5011 16.19436 43.50101 16.19434 43.50095 16.19441 43.50097 16.19453</gml:posList>
                        </gml:LinearRing>
                      </gml:exterior>
                    </gml:Polygon>
                  </gml:surfaceMember>
                  <gml:surfaceMember>
                    <gml:Polygon gml:id="MEDIA_MONITORED_CILJ_ID_1_POLUTANT_2_MODEL_69">
                      <gml:exterior>
                        <gml:LinearRing>
                          <gml:posList srsDimension="2">43.53204 16.41892 43.53206 16.41902 43.53211 16.41913 43.53213 16.41918 43.53219 16.41928 43.53224 16.41933 43.53231 16.41933 43.53237 16.41928 43.53241 16.41917 43.53247 16.41895 43.53251 16.4188 43.53251 16.41862 43.53246 16.41851 43.53238 16.41832 43.53234 16.4183 43.53228 16.41829 43.53221 16.4183 43.53213 16.41834 43.53206 16.41845 43.53205 16.41851 43.53204 16.4188 43.53204 16.41892</gml:posList>
                        </gml:LinearRing>
                      </gml:exterior>
                    </gml:Polygon>
                  </gml:surfaceMember>
                  <gml:surfaceMember>
                    <gml:Polygon gml:id="MEDIA_MONITORED_CILJ_ID_1_POLUTANT_2_MODEL_70">
                      <gml:exterior>
                        <gml:LinearRing>
                          <gml:posList srsDimension="2">43.53004 16.44206 43.53004 16.44215 43.53004 16.44222 43.53008 16.44226 43.53011 16.44225 43.53014 16.44218 43.53014 16.44204 43.53014 16.44199 43.53011 16.44196 43.53008 16.44193 43.53005 16.44194 43.53004 16.44199 43.53004 16.44206</gml:posList>
                        </gml:LinearRing>
                      </gml:exterior>
                    </gml:Polygon>
                  </gml:surfaceMember>
                  <gml:surfaceMember>
                    <gml:Polygon gml:id="MEDIA_MONITORED_CILJ_ID_1_POLUTANT_2_MODEL_71">
                      <gml:exterior>
                        <gml:LinearRing>
                          <gml:posList srsDimension="2">43.43915 16.1757 43.43917 16.1755 43.43911 16.17543 43.43906 16.17543 43.43891 16.17555 43.43882 16.17557 43.43844 16.17554 43.43835 16.17561 43.43816 16.17566 43.43729 16.17564 43.43706 16.17571 43.4363 16.17621 43.43617 16.17624 43.43601 16.17633 43.4359 16.17644 43.43581 16.17657 43.43564 16.17684 43.43542 16.17701 43.43535 16.17711 43.43526 16.1775 43.43519 16.17766 43.43507 16.17784 43.43501 16.178 43.43503 16.17841 43.43496 16.17866 43.43493 16.17884 43.43495 16.17905 43.43506 16.17948 43.43523 16.17973 43.43534 16.1798 43.43545 16.17985 43.43572 16.17986 43.43621 16.17965 43.43679 16.17921 43.43783 16.17802 43.43864 16.17727 43.43904 16.17674 43.43908 16.17664 43.43909 16.17605 43.43915 16.1757</gml:posList>
                        </gml:LinearRing>
                      </gml:exterior>
                    </gml:Polygon>
                  </gml:surfaceMember>
                  <gml:surfaceMember>
                    <gml:Polygon gml:id="MEDIA_MONITORED_CILJ_ID_1_POLUTANT_2_MODEL_72">
                      <gml:exterior>
                        <gml:LinearRing>
                          <gml:posList srsDimension="2">43.61492 16.16578 43.61634 16.16225 43.61873 16.15849 43.6225 16.15256 43.63276 16.12911 43.63405 16.12445 43.63457 16.1198 43.63522 16.11535 43.63521 16.11534 43.63382 16.11369 43.63223 16.11217 43.63011 16.10907 43.62385 16.10477 43.61081 16.10193 43.60721 16.12015 43.6062 16.12685 43.60595 16.12702 43.59896 16.1466 43.59136 16.13963 43.58951 16.13969 43.58562 16.13618 43.58513 16.13613 43.58476 16.13545 43.58497 16.13448 43.58404 16.1342 43.5833 16.1345 43.58321 16.1344 43.58272 16.13387 43.58307 16.13279 43.58257 16.13228 43.58108 16.13075 43.58107 16.13074 43.58077 16.13044 43.57982 16.12754 43.57465 16.12228 43.5711 16.12087 43.57087 16.12015 43.57032 16.11866 43.56949 16.11859 43.56863 16.11823 43.56701 16.11742 43.56519 16.11722 43.56329 16.11797 43.56246 16.12194 43.56141 16.12361 43.56116 16.12529 43.56117 16.1253 43.56329 16.12842 43.56199 16.12955 43.56016 16.13114 43.55943 16.13178 43.55922 16.13386 43.55881 16.13546 43.55403 16.1529 43.55377 16.16391 43.54637 16.17411 43.5434 16.1758 43.54183 16.17746 43.53948 16.18042 43.53812 16.18174 43.53784 16.18201 43.53634 16.18246 43.53509 16.18097 43.53227 16.17992 43.52775 16.17913 43.52517 16.18017 43.51993 16.17957 43.51978 16.17876 43.5193 16.17619 43.51874 16.17388 43.51718 16.17242 43.51258 16.17026 43.51255 16.17024 43.51254 16.17047 43.5125 16.17067 43.51248 16.17129 43.51248 16.17161 43.5125 16.17184 43.51251 16.17235 43.51257 16.17295 43.51262 16.1732 43.51269 16.17367 43.51272 16.17391 43.51277 16.17458 43.51284 16.17496 43.51291 16.17523 43.51294 16.17555 43.513 16.17583 43.51302 16.1761 43.51299 16.17647 43.51298 16.17684 43.51303 16.17704 43.51305 16.17741 43.51305 16.17764 43.51305 16.17805 43.51295 16.17832 43.51289 16.17847 43.51283 16.17859 43.51282 16.17882 43.51288 16.17903 43.51302 16.17922 43.51325 16.17943 43.51331 16.1795 43.5133 16.17957 43.5133 16.17959 43.51326 16.17961 43.51308 16.17968 43.51289 16.17963 43.51292 16.1794 43.51283 16.17938 43.5128 16.17962 43.51271 16.17961 43.51248 16.17957 43.51243 16.17982 43.51239 16.18004 43.51232 16.18016 43.5122 16.18015 43.51219 16.18027 43.51231 16.18028 43.51207 16.18093 43.51196 16.18093 43.51195 16.18105 43.51207 16.18106 43.51186 16.18157 43.51182 16.18179 43.51176 16.182 43.5116 16.18228 43.51154 16.18262 43.51142 16.18288 43.51139 16.183 43.51137 16.18312 43.51129 16.18313 43.5113 16.18327 43.51138 16.18326 43.51141 16.18334 43.51141 16.18385 43.51133 16.18388 43.51135 16.184 43.51144 16.18398 43.51147 16.18401 43.51146 16.18414 43.51133 16.1842 43.51136 16.18431 43.51146 16.18426 43.51148 16.18457 43.51124 16.18476 43.51128 16.18488 43.5115 16.1847 43.51157 16.18473 43.51167 16.18491 43.51168 16.18502 43.51169 16.18522 43.51165 16.18536 43.51157 16.18542 43.51147 16.18549 43.5115 16.18561 43.51167 16.18548 43.51171 16.18546 43.51175 16.18551 43.51174 16.18555 43.51172 16.18562 43.51154 16.18578 43.51141 16.18579 43.51125 16.18576 43.51117 16.18565 43.51117 16.18553 43.51116 16.1854 43.5111 16.18533 43.51106 16.18529 43.511 16.18523 43.51104 16.18508 43.51096 16.18503 43.51091 16.18518 43.51081 16.18516 43.51065 16.1851 43.51061 16.18507 43.51066 16.18487 43.51057 16.18482 43.51052 16.18501 43.51047 16.185 43.51036 16.18488 43.51024 16.18465 43.51019 16.18449 43.51017 16.18438 43.51015 16.18433 43.5101 16.18413 43.51 16.18389 43.50988 16.18357 43.51001 16.18351 43.50997 16.18338 43.50986 16.18344 43.50981 16.18329 43.50975 16.18307 43.50986 16.18302 43.50982 16.1829 43.50973 16.18296 43.50971 16.18291 43.50966 16.18268 43.50978 16.18261 43.50975 16.18251 43.50964 16.18257 43.50962 16.18254 43.50959 16.18242 43.50956 16.18231 43.50968 16.18226 43.50964 16.18214 43.50953 16.18219 43.5095 16.18216 43.50943 16.18194 43.50935 16.18171 43.50946 16.18162 43.50942 16.18152 43.50931 16.18161 43.50919 16.18141 43.50928 16.18132 43.50921 16.1812 43.50913 16.18129 43.50907 16.18118 43.50913 16.18112 43.50908 16.18103 43.50901 16.1811 43.50895 16.1809 43.50907 16.18076 43.50902 16.18068 43.50891 16.18078 43.50871 16.18054 43.50877 16.18047 43.5087 16.18037 43.50865 16.18043 43.50851 16.18031 43.50847 16.18029 43.50851 16.18019 43.50844 16.18014 43.50839 16.18027 43.50834 16.18024 43.50819 16.18023 43.50819 16.18013 43.5081 16.18013 43.50809 16.18028 43.50801 16.18038 43.50785 16.1802 43.5078 16.18029 43.50793 16.18047 43.50791 16.18052 43.50786 16.18066 43.50774 16.1809 43.50767 16.18106 43.50756 16.18122 43.50751 16.1813 43.50733 16.18106 43.50727 16.18114 43.50744 16.18139 43.50737 16.18158 43.5073 16.18175 43.50723 16.1819 43.50706 16.18182 43.50702 16.18193 43.50717 16.18201 43.50716 16.18211 43.50712 16.18225 43.50706 16.18251 43.50703 16.18258 43.50687 16.18245 43.5068 16.18259 43.50696 16.18273 43.50695 16.18297 43.50695 16.18345 43.50699 16.18367 43.50704 16.1839 43.50711 16.18405 43.50735 16.18477 43.50748 16.18494 43.50764 16.18534 43.5079 16.18567 43.50792 16.18574 43.50803 16.18589 43.5081 16.18612 43.50811 16.18627 43.50808 16.18641 43.50795 16.18673 43.50791 16.18708 43.50781 16.1874 43.50775 16.18829 43.5078 16.18891 43.5079 16.18938 43.508 16.18976 43.50811 16.19012 43.5082 16.19052 43.50831 16.19088 43.50851 16.19162 43.50856 16.19186 43.50855 16.19264 43.50865 16.19304 43.50874 16.19343 43.50883 16.1939 43.5089 16.19407 43.50903 16.19422 43.50925 16.19462 43.50954 16.19489 43.50965 16.19506 43.50985 16.1954 43.50998 16.19565 43.51014 16.1961 43.5102 16.1965 43.5103 16.19679 43.51039 16.19724 43.51048 16.19752 43.51069 16.19794 43.51082 16.19815 43.51098 16.19836 43.51117 16.19843 43.5116 16.1985 43.51162 16.19865 43.5112 16.19912 43.51111 16.19936 43.51106 16.19967 43.51108 16.20015 43.51116 16.20099 43.51113 16.20125 43.5111 16.20194 43.51106 16.20225 43.51104 16.20269 43.51099 16.20293 43.511 16.20337 43.51103 16.20376 43.51098 16.20395 43.51091 16.20416 43.51085 16.20426 43.51055 16.20474 43.51044 16.20502 43.51034 16.20541 43.51027 16.2058 43.51025 16.20597 43.51023 16.20679 43.5102 16.20697 43.51019 16.20711 43.51019 16.20723 43.51022 16.20733 43.51024 16.20744 43.51022 16.20759 43.51019 16.20773 43.51002 16.2081 43.51002 16.20821 43.51006 16.20832 43.51011 16.20833 43.51019 16.20825 43.51023 16.20823 43.51031 16.20829 43.51041 16.20847 43.51049 16.2088 43.51052 16.209 43.51054 16.20908 43.51055 16.20915 43.51042 16.2092 43.51045 16.20938 43.51058 16.20933 43.5107 16.20953 43.51079 16.20978 43.51079 16.20993 43.5107 16.21019 43.5107 16.2103 43.51074 16.21038 43.5108 16.21037 43.51086 16.21034 43.51096 16.21038 43.51102 16.21042 43.51109 16.21065 43.5111 16.21081 43.51112 16.21097 43.51112 16.21134 43.5111 16.21153 43.51108 16.21161 43.51096 16.21181 43.51109 16.21199 43.51119 16.21184 43.51123 16.21184 43.51128 16.21187 43.51148 16.21195 43.51153 16.21197 43.51159 16.21195 43.51164 16.21199 43.51169 16.21209 43.51173 16.2122 43.51181 16.21243 43.51191 16.21257 43.51201 16.21263 43.51215 16.2127 43.51229 16.21288 43.5124 16.21302 43.5124 16.21303 43.51241 16.21305 43.51231 16.21322 43.51239 16.21331 43.5125 16.21313 43.51267 16.21335 43.51279 16.21349 43.51283 16.21354 43.51273 16.21373 43.51279 16.21381 43.5129 16.21364 43.51313 16.21382 43.51331 16.21403 43.51358 16.21428 43.51376 16.2145 43.51388 16.21464 43.51394 16.2147 43.51382 16.21487 43.51389 16.21498 43.51398 16.21484 43.51413 16.21499 43.51425 16.21521 43.51438 16.21539 43.51454 16.2156 43.51464 16.21572 43.51477 16.21583 43.51492 16.21593 43.51506 16.21596 43.51512 16.21602 43.51514 16.21606 43.51503 16.21617 43.51509 16.21629 43.51516 16.21623 43.51523 16.21619 43.5154 16.21625 43.51552 16.21639 43.51605 16.21712 43.5163 16.21782 43.51638 16.21817 43.51642 16.21839 43.51643 16.21843 43.51662 16.2189 43.51663 16.21911 43.51669 16.21935 43.51682 16.21961 43.51691 16.21988 43.51708 16.22016 43.5172 16.22056 43.51728 16.22075 43.51747 16.22133 43.51765 16.22178 43.51771 16.222 43.51783 16.2224 43.51788 16.22263 43.51785 16.22285 43.51767 16.22276 43.51764 16.22287 43.51784 16.22298 43.51785 16.22416 43.5177 16.22485 43.51758 16.2252 43.51752 16.22543 43.51748 16.22574 43.51735 16.22615 43.51719 16.22605 43.51715 16.22619 43.51732 16.22629 43.51713 16.22679 43.5171 16.22699 43.51712 16.22772 43.51696 16.22772 43.51696 16.22704 43.51687 16.22705 43.51687 16.22767 43.51661 16.22768 43.5166 16.22784 43.51681 16.22784 43.51686 16.22855 43.51692 16.22906 43.51694 16.22961 43.51694 16.22977 43.51694 16.2298 43.5169 16.23008 43.51684 16.23033 43.5167 16.23031 43.51669 16.23049 43.5168 16.2305 43.51677 16.23079 43.51664 16.23133 43.51651 16.23163 43.51603 16.23178 43.51584 16.23185 43.51577 16.23201 43.51573 16.23207 43.5153 16.23202 43.51531 16.23179 43.51521 16.23179 43.51519 16.23226 43.5155 16.23226 43.51605 16.23242 43.5161 16.23243 43.51612 16.23247 43.51611 16.23253 43.51609 16.23283 43.51604 16.23305 43.51602 16.23332 43.51613 16.2335 43.51614 16.23361 43.51611 16.23372 43.51607 16.23393 43.51603 16.23406 43.51586 16.23406 43.51573 16.23595 43.51593 16.23599 43.51617 16.2361 43.51631 16.23628 43.51631 16.23667 43.51625 16.23693 43.51624 16.23717 43.51629 16.23736 43.5163 16.23781 43.51643 16.23831 43.51632 16.23837 43.51634 16.23849 43.51636 16.23864 43.51633 16.2388 43.5164 16.23892 43.51651 16.23896 43.5165 16.23931 43.51638 16.23937 43.51623 16.23937 43.51623 16.23949 43.51645 16.2395 43.51644 16.23963 43.51624 16.23962 43.51624 16.23974 43.51647 16.23976 43.5165 16.2399 43.5165 16.24037 43.51645 16.24051 43.51642 16.24065 43.51642 16.24088 43.5163 16.24121 43.5163 16.24133 43.51624 16.24149 43.51613 16.24156 43.516 16.24171 43.51596 16.2419 43.51591 16.24208 43.51585 16.24217 43.51576 16.24222 43.51564 16.2423 43.51548 16.24258 43.51819 16.24161 43.52001 16.24125 43.5213 16.2404 43.52251 16.23795 43.52271 16.23788 43.52322 16.23771 43.52386 16.23733 43.52571 16.23577 43.52669 16.2361 43.52777 16.23588 43.5287 16.2351 43.52953 16.23487 43.52963 16.23484 43.53111 16.23442 43.53211 16.2342 43.53589 16.23483 43.53705 16.23544 43.53811 16.23641 43.54038 16.23672 43.54575 16.23477 43.54863 16.23573 43.55011 16.24516 43.55028 16.24698 43.55532 16.25237 43.55566 16.25241 43.5558 16.25183 43.55609 16.2518 43.55652 16.25148 43.55792 16.24652 43.55855 16.2461 43.5588 16.24563 43.55904 16.24521 43.55872 16.24236 43.55944 16.2413 43.55971 16.24084 43.55996 16.24008 43.56047 16.23937 43.56334 16.23602 43.56485 16.23286 43.56933 16.22328 43.56975 16.22264 43.57815 16.21539 43.5934 16.20736 43.59488 16.20666 43.59648 16.20666 43.59732 16.20722 43.59798 16.20756 43.59897 16.20768 43.60048 16.20771 43.60081 16.20827 43.6023 16.20939 43.60301 16.20944 43.60374 16.20956 43.6049 16.20969 43.60505 16.21013 43.60687 16.21002 43.60913 16.21093 43.6114 16.21222 43.61145 16.21041 43.61145 16.21023 43.61108 16.20503 43.61312 16.18751 43.61354 16.18388 43.6138 16.18135 43.61411 16.17841 43.61447 16.17483 43.61353 16.16924 43.61492 16.16578</gml:posList>
                        </gml:LinearRing>
                      </gml:exterior>
                    </gml:Polygon>
                  </gml:surfaceMember>
                  <gml:surfaceMember>
                    <gml:Polygon gml:id="MEDIA_MONITORED_CILJ_ID_1_POLUTANT_2_MODEL_73">
                      <gml:exterior>
                        <gml:LinearRing>
                          <gml:posList srsDimension="2">43.51658 16.26551 43.51659 16.26457 43.51655 16.26392 43.51656 16.26363 43.5166 16.26304 43.51659 16.26224 43.51655 16.26201 43.51651 16.26166 43.5165 16.26153 43.51642 16.26107 43.51636 16.2606 43.51631 16.26013 43.51625 16.25978 43.51623 16.25959 43.51624 16.25945 43.51652 16.25947 43.51664 16.25914 43.5165 16.25907 43.51647 16.25926 43.51624 16.25925 43.5162 16.25906 43.51617 16.25883 43.51625 16.25883 43.51625 16.25875 43.51617 16.25874 43.51615 16.25853 43.51618 16.25826 43.5162 16.25795 43.51613 16.25752 43.51602 16.25681 43.51594 16.25655 43.51588 16.25638 43.51581 16.2563 43.51581 16.25624 43.51601 16.25595 43.51591 16.2558 43.51585 16.25589 43.51586 16.25596 43.51573 16.25616 43.51544 16.25574 43.51529 16.25536 43.51523 16.25507 43.51519 16.25459 43.51518 16.25425 43.5152 16.254 43.5152 16.25383 43.5153 16.25383 43.51532 16.25362 43.51522 16.25361 43.51515 16.25248 43.51517 16.2524 43.51518 16.25237 43.51522 16.25229 43.51517 16.25219 43.51513 16.25214 43.51508 16.25193 43.51498 16.25178 43.51485 16.25141 43.51468 16.25105 43.51454 16.25067 43.51451 16.2506 43.51415 16.2505 43.51405 16.25048 43.51397 16.25042 43.51391 16.24996 43.51357 16.24875 43.51372 16.24864 43.5136 16.24826 43.51345 16.24836 43.51338 16.24833 43.5133 16.24826 43.51317 16.2481 43.51286 16.24709 43.51286 16.24705 43.51282 16.24681 43.51279 16.24658 43.51287 16.24651 43.51287 16.24641 43.51278 16.24627 43.51282 16.24602 43.51291 16.24521 43.51292 16.24509 43.51292 16.24468 43.51291 16.24435 43.51293 16.24396 43.51293 16.24377 43.51286 16.24351 43.51282 16.24312 43.51272 16.24257 43.51269 16.24235 43.51271 16.24183 43.5127 16.24167 43.51261 16.24149 43.51254 16.24126 43.51249 16.24098 43.51247 16.24079 43.51236 16.24064 43.51229 16.24038 43.51223 16.23997 43.51219 16.23976 43.51204 16.23937 43.51174 16.23854 43.51171 16.23821 43.51161 16.23796 43.51156 16.23792 43.51152 16.23793 43.51149 16.23829 43.51145 16.23868 43.51137 16.23898 43.51132 16.23913 43.5113 16.23934 43.51134 16.23947 43.51131 16.23957 43.51121 16.23975 43.51121 16.23997 43.51119 16.24005 43.5111 16.24025 43.51109 16.24038 43.51112 16.24055 43.51118 16.24074 43.51117 16.24083 43.51116 16.2409 43.51108 16.24107 43.51106 16.24119 43.51107 16.24134 43.51098 16.24165 43.51099 16.24195 43.51103 16.24206 43.51102 16.24215 43.51098 16.24232 43.51096 16.24252 43.51099 16.24293 43.51103 16.24319 43.51105 16.24344 43.51109 16.24375 43.51113 16.24432 43.51117 16.24457 43.51121 16.24487 43.51126 16.24522 43.51136 16.24534 43.51138 16.24552 43.51132 16.24561 43.51124 16.24565 43.51099 16.24567 43.51072 16.24576 43.50991 16.24589 43.50982 16.24599 43.50989 16.24618 43.50999 16.24612 43.51006 16.24608 43.51117 16.24588 43.51031 16.2478 43.51065 16.24817 43.51073 16.24831 43.51072 16.24866 43.51072 16.24907 43.51075 16.24934 43.51076 16.24994 43.5109 16.25073 43.51089 16.25083 43.51085 16.25085 43.51071 16.25084 43.51068 16.25088 43.51066 16.25095 43.51069 16.25129 43.51075 16.25145 43.5108 16.25155 43.51086 16.25158 43.51091 16.25164 43.5109 16.25172 43.51085 16.25188 43.51078 16.25202 43.51074 16.25222 43.51072 16.25248 43.51067 16.25258 43.51057 16.2527 43.51052 16.25285 43.51053 16.2531 43.51031 16.25344 43.51029 16.25361 43.51022 16.25379 43.51018 16.25383 43.51006 16.2539 43.50998 16.25398 43.50985 16.25415 43.50969 16.25424 43.50946 16.25451 43.5094 16.25463 43.50933 16.25479 43.50915 16.25521 43.50911 16.25538 43.50899 16.25564 43.50877 16.25596 43.50843 16.25637 43.50832 16.25657 43.50811 16.25688 43.50778 16.25744 43.50758 16.25791 43.50743 16.25823 43.50723 16.25862 43.50705 16.25889 43.50687 16.25897 43.50665 16.25895 43.50651 16.25895 43.50613 16.25885 43.5061 16.25883 43.50605 16.25902 43.50602 16.25914 43.50503 16.26109 43.50542 16.26171 43.50525 16.26199 43.5054 16.26266 43.50548 16.26305 43.50504 16.26367 43.50569 16.26426 43.50587 16.26513 43.50636 16.26517 43.50653 16.26595 43.50729 16.26599 43.5073 16.26603 43.5074 16.26681 43.50747 16.26732 43.50652 16.26904 43.5076 16.27201 43.50609 16.27257 43.5056 16.27429 43.50518 16.27515 43.50541 16.27629 43.5054 16.27651 43.5054 16.27743 43.50505 16.27797 43.50374 16.27805 43.50158 16.27898 43.50031 16.27988 43.50008 16.28005 43.49452 16.28313 43.49428 16.28391 43.49288 16.28463 43.48684 16.29732 43.4868 16.2974 43.48664 16.29761 43.48652 16.29785 43.48641 16.29844 43.48626 16.29896 43.4862 16.29938 43.48621 16.29965 43.48615 16.30066 43.4861 16.3009 43.4862 16.30093 43.48631 16.30097 43.48648 16.30104 43.48606 16.30228 43.48555 16.30397 43.48639 16.30395 43.48649 16.30519 43.48761 16.30525 43.49032 16.30504 43.49337 16.30466 43.49377 16.3052 43.49401 16.30505 43.49557 16.3057 43.49762 16.30547 43.49848 16.3057 43.49979 16.30564 43.50029 16.3059 43.50541 16.30738 43.50696 16.30797 43.50716 16.30767 43.50733 16.30772 43.50747 16.30776 43.50759 16.3078 43.50767 16.30783 43.50764 16.30806 43.5113 16.30962 43.51139 16.30966 43.51147 16.30969 43.51152 16.30959 43.51156 16.30902 43.51163 16.3088 43.51167 16.30851 43.51169 16.30757 43.51161 16.30713 43.51154 16.30694 43.5115 16.3067 43.51147 16.30647 43.51143 16.30634 43.51151 16.30639 43.51158 16.30617 43.5115 16.30612 43.51163 16.30574 43.51171 16.30579 43.51178 16.30559 43.51171 16.30553 43.51187 16.30509 43.51196 16.30513 43.51202 16.30493 43.51193 16.30487 43.51202 16.30451 43.5121 16.30456 43.51219 16.3043 43.51209 16.30423 43.5126 16.30378 43.5127 16.30366 43.51275 16.30348 43.51281 16.30339 43.51289 16.30336 43.51305 16.30334 43.51314 16.30319 43.5132 16.30295 43.51331 16.30275 43.51349 16.30244 43.51355 16.30211 43.51363 16.30174 43.51367 16.30083 43.5139 16.30062 43.51407 16.30031 43.51397 16.30023 43.51389 16.3004 43.51381 16.30051 43.51371 16.3006 43.5137 16.30038 43.51373 16.29968 43.51374 16.29931 43.51376 16.29874 43.51381 16.29834 43.51381 16.29804 43.51383 16.29752 43.51388 16.2971 43.5139 16.29643 43.51391 16.29574 43.51391 16.29541 43.51392 16.29478 43.51395 16.29465 43.51399 16.29454 43.5141 16.29434 43.51419 16.29408 43.51426 16.29382 43.51427 16.29322 43.51423 16.29293 43.51423 16.29268 43.51423 16.29236 43.51439 16.29179 43.51423 16.29172 43.51419 16.29197 43.51414 16.29208 43.51404 16.29169 43.51398 16.29157 43.51382 16.29114 43.51375 16.29087 43.51365 16.29057 43.51361 16.29044 43.51359 16.29011 43.51361 16.29005 43.51366 16.28989 43.51383 16.28928 43.51388 16.28886 43.51393 16.28867 43.51399 16.28847 43.51399 16.28822 43.51396 16.28788 43.51384 16.2876 43.51373 16.28745 43.51364 16.28721 43.51358 16.28698 43.51351 16.28652 43.51351 16.28636 43.5134 16.28606 43.51336 16.2859 43.51342 16.28544 43.51351 16.28485 43.5135 16.2844 43.51346 16.28404 43.51341 16.28377 43.51328 16.28335 43.51327 16.28299 43.51326 16.28211 43.51337 16.28139 43.51337 16.28133 43.51339 16.28088 43.5134 16.28062 43.51339 16.28021 43.5134 16.27971 43.51347 16.27941 43.51363 16.27916 43.51408 16.27856 43.51421 16.27811 43.51423 16.278 43.5143 16.27765 43.5143 16.27733 43.5142 16.27693 43.51399 16.27605 43.51398 16.27589 43.514 16.27577 43.51412 16.27535 43.51429 16.27516 43.51446 16.27505 43.51478 16.27463 43.51482 16.2745 43.51484 16.27434 43.51493 16.27412 43.51497 16.27387 43.51492 16.27334 43.51497 16.27323 43.51498 16.27317 43.51501 16.27307 43.51513 16.27282 43.51538 16.27221 43.51556 16.27162 43.51569 16.27112 43.5158 16.27063 43.51587 16.2702 43.51596 16.2697 43.51598 16.26895 43.51607 16.26847 43.51617 16.268 43.51629 16.26751 43.51642 16.26688 43.51649 16.26621 43.51658 16.26551</gml:posList>
                        </gml:LinearRing>
                      </gml:exterior>
                    </gml:Polygon>
                  </gml:surfaceMember>
                  <gml:surfaceMember>
                    <gml:Polygon gml:id="MEDIA_MONITORED_CILJ_ID_1_POLUTANT_2_MODEL_74">
                      <gml:exterior>
                        <gml:LinearRing>
                          <gml:posList srsDimension="2">43.52988 16.44183 43.52989 16.44187 43.52991 16.44188 43.52995 16.44187 43.52997 16.44183 43.52999 16.44175 43.52998 16.44169 43.52995 16.44167 43.52992 16.44168 43.52989 16.44172 43.52988 16.44176 43.52988 16.44183</gml:posList>
                        </gml:LinearRing>
                      </gml:exterior>
                    </gml:Polygon>
                  </gml:surfaceMember>
                  <gml:surfaceMember>
                    <gml:Polygon gml:id="MEDIA_MONITORED_CILJ_ID_1_POLUTANT_2_MODEL_75">
                      <gml:exterior>
                        <gml:LinearRing>
                          <gml:posList srsDimension="2">43.53094 16.46313 43.53099 16.46333 43.53102 16.46345 43.53109 16.46364 43.53112 16.46379 43.53117 16.46391 43.53117 16.46399 43.5312 16.46404 43.53124 16.46413 43.53125 16.46444 43.53125 16.46472 43.53127 16.46488 43.53133 16.46492 43.53146 16.46504 43.53153 16.46513 43.53163 16.46528 43.53168 16.46537 43.53184 16.46553 43.53186 16.46555 43.53188 16.46554 43.53192 16.46546 43.53194 16.46536 43.53205 16.46504 43.53211 16.46479 43.53222 16.46444 43.5323 16.46409 43.5323 16.46397 43.53235 16.46372 43.53243 16.46341 43.53249 16.46324 43.53255 16.46302 43.53256 16.46278 43.53255 16.46268 43.53252 16.46233 43.53249 16.46199 43.53248 16.46172 43.53248 16.46155 43.53246 16.46137 43.53244 16.46131 43.53242 16.46128 43.53235 16.46125 43.53227 16.46123 43.53207 16.46116 43.53199 16.46112 43.53188 16.46107 43.53176 16.461 43.53168 16.46098 43.53159 16.46095 43.53146 16.46094 43.53134 16.46096 43.53119 16.46103 43.53103 16.46111 43.53097 16.46118 43.53094 16.46124 43.53094 16.46134 43.53088 16.46145 43.53082 16.46166 43.53078 16.4619 43.53076 16.46211 43.53076 16.46232 43.53077 16.46256 43.53082 16.46274 43.53088 16.46294 43.53094 16.46313</gml:posList>
                        </gml:LinearRing>
                      </gml:exterior>
                    </gml:Polygon>
                  </gml:surfaceMember>
                  <gml:surfaceMember>
                    <gml:Polygon gml:id="MEDIA_MONITORED_CILJ_ID_1_POLUTANT_2_MODEL_76">
                      <gml:exterior>
                        <gml:LinearRing>
                          <gml:posList srsDimension="2">43.52973 16.44174 43.52974 16.44177 43.52975 16.44178 43.52977 16.44178 43.52979 16.44178 43.52981 16.44176 43.52983 16.44168 43.52985 16.44159 43.52988 16.44152 43.5299 16.44143 43.52989 16.44133 43.52987 16.44126 43.52985 16.44124 43.52983 16.44124 43.5298 16.44124 43.52979 16.44127 43.52977 16.44132 43.52975 16.44138 43.52974 16.44161 43.52973 16.44174</gml:posList>
                        </gml:LinearRing>
                      </gml:exterior>
                    </gml:Polygon>
                  </gml:surfaceMember>
                  <gml:surfaceMember>
                    <gml:Polygon gml:id="MEDIA_MONITORED_CILJ_ID_1_POLUTANT_2_MODEL_77">
                      <gml:exterior>
                        <gml:LinearRing>
                          <gml:posList srsDimension="2">43.69103 16.37244 43.69465 16.37017 43.69876 16.36659 43.69269 16.35822 43.6877 16.35135 43.68772 16.35088 43.68723 16.35101 43.68637 16.35124 43.68538 16.3515 43.6852 16.34929 43.68495 16.3485 43.68433 16.34826 43.68298 16.34629 43.68212 16.3466 43.66769 16.34028 43.65331 16.34224 43.64857 16.37002 43.64802 16.3732 43.63951 16.37154 43.63792 16.37003 43.63551 16.36917 43.63397 16.36789 43.63114 16.36738 43.63053 16.36681 43.63007 16.3668 43.62537 16.36662 43.62416 16.36715 43.62237 16.366 43.62217 16.36618 43.62204 16.36679 43.61387 16.36663 43.61353 16.36428 43.6125 16.35721 43.61217 16.35754 43.61144 16.35825 43.61119 16.35931 43.61004 16.3591 43.59977 16.37038 43.59838 16.37197 43.59767 16.37507 43.58629 16.37635 43.58087 16.37379 43.57816 16.37241 43.57753 16.37271 43.57601 16.37343 43.5752 16.37754 43.57517 16.37772 43.57511 16.37801 43.57432 16.38339 43.57352 16.38879 43.57153 16.39915 43.57108 16.40151 43.57066 16.40369 43.57072 16.40828 43.57073 16.40888 43.57105 16.4132 43.58676 16.43165 43.59091 16.43813 43.58951 16.45112 43.58899 16.45595 43.58764 16.46715 43.58534 16.47565 43.58465 16.48352 43.58495 16.48594 43.58471 16.49192 43.58431 16.49284 43.58015 16.49351 43.57576 16.49516 43.57576 16.49517 43.57523 16.49539 43.57318 16.49623 43.57014 16.49747 43.57 16.49753 43.56858 16.49811 43.56804 16.49834 43.56739 16.49976 43.56703 16.49964 43.5662 16.49936 43.56602 16.50142 43.5653 16.50325 43.56522 16.50338 43.56482 16.50402 43.56453 16.50505 43.56436 16.50564 43.56443 16.50588 43.56453 16.50618 43.56451 16.50621 43.56445 16.50631 43.56433 16.5065 43.56421 16.5067 43.56412 16.50685 43.56404 16.50699 43.56374 16.5076 43.56345 16.50831 43.56271 16.5079 43.5623 16.5069 43.5619 16.50583 43.5615 16.50546 43.5614 16.50557 43.56124 16.50576 43.56078 16.50678 43.56042 16.50758 43.55918 16.50677 43.559 16.50665 43.55848 16.50249 43.55831 16.5015 43.55803 16.50064 43.55785 16.50041 43.55768 16.50021 43.55751 16.49992 43.5573 16.49955 43.55723 16.49946 43.55721 16.49944 43.5572 16.49942 43.55716 16.49937 43.55694 16.4991 43.55692 16.4991 43.55686 16.4991 43.55652 16.4991 43.5544 16.49941 43.55405 16.4993 43.55372 16.4992 43.55331 16.49893 43.55315 16.49883 43.55276 16.49818 43.5515 16.498 43.55065 16.49787 43.55047 16.49799 43.55012 16.49821 43.5497 16.4986 43.54871 16.49866 43.54833 16.49864 43.54824 16.49856 43.54808 16.49842 43.54798 16.49813 43.5479 16.4979 43.54738 16.49802 43.54711 16.49808 43.54695 16.49802 43.54652 16.49784 43.54601 16.49748 43.54551 16.49713 43.5454 16.49701 43.54491 16.49645 43.54483 16.49636 43.54463 16.49627 43.54425 16.49611 43.54361 16.49599 43.54332 16.49593 43.54267 16.49584 43.54184 16.49565 43.54174 16.49554 43.54153 16.49532 43.5414 16.49517 43.54112 16.49489 43.54093 16.4947 43.54008 16.49386 43.53932 16.49327 43.5388 16.49278 43.53825 16.49191 43.5378 16.49233 43.53778 16.49239 43.53767 16.49266 43.53764 16.49321 43.53802 16.49481 43.53832 16.49517 43.53914 16.49581 43.53936 16.49598 43.5397 16.49624 43.53977 16.49649 43.54001 16.49728 43.53999 16.49798 43.54023 16.49871 43.54041 16.49927 43.54059 16.50077 43.54061 16.50151 43.54062 16.50173 43.54063 16.50208 43.54063 16.50215 43.54063 16.50225 43.54061 16.50251 43.54055 16.50329 43.54052 16.50383 43.54033 16.50498 43.54024 16.50551 43.5406 16.50724 43.54068 16.50763 43.54075 16.50799 43.54058 16.50863 43.54016 16.51024 43.54018 16.5104 43.54035 16.51169 43.54116 16.5136 43.5413 16.51527 43.54133 16.51563 43.54142 16.51669 43.54151 16.51742 43.54156 16.51793 43.54229 16.52035 43.54277 16.52197 43.54297 16.52261 43.54292 16.52334 43.5429 16.52365 43.5429 16.52369 43.54281 16.52439 43.54181 16.53183 43.54085 16.539 43.54063 16.53936 43.5416 16.5422 43.54359 16.54804 43.54666 16.55449 43.55182 16.56993 43.55559 16.56812 43.55837 16.56679 43.56906 16.56093 43.5707 16.56003 43.57212 16.55926 43.57448 16.55797 43.57605 16.55743 43.57644 16.5573 43.57757 16.5566 43.57839 16.55619 43.57908 16.55578 43.57973 16.5553 43.5807 16.55458 43.58075 16.5544 43.58077 16.55435 43.58079 16.55428 43.58085 16.55409 43.58088 16.55399 43.5805 16.5531 43.58001 16.55198 43.58663 16.54635 43.58833 16.53988 43.59008 16.53322 43.59011 16.53311 43.59341 16.5305 43.6006 16.52896 43.60074 16.52893 43.61437 16.52522 43.61639 16.52646 43.6174 16.52708 43.61986 16.53416 43.62069 16.53296 43.6219 16.53124 43.62347 16.53171 43.62502 16.52996 43.62502 16.52986 43.62503 16.52969 43.62549 16.52968 43.63124 16.52504 43.63328 16.52698 43.63337 16.52695 43.63381 16.52683 43.63456 16.5268 43.63594 16.52675 43.63653 16.52698 43.63662 16.52703 43.63701 16.52727 43.63711 16.52741 43.64152 16.52615 43.6423 16.52592 43.64314 16.52572 43.64579 16.51995 43.64697 16.51738 43.65863 16.50738 43.66099 16.50536 43.65787 16.49951 43.65681 16.49948 43.65459 16.49941 43.65443 16.49921 43.65393 16.49858 43.65122 16.49517 43.65122 16.49515 43.64995 16.49314 43.64857 16.48914 43.64903 16.48711 43.64897 16.48707 43.64877 16.4869 43.64831 16.4865 43.64834 16.48596 43.64792 16.48526 43.64722 16.48412 43.64614 16.48418 43.64538 16.48373 43.64476 16.48237 43.64101 16.48092 43.64098 16.4809 43.64059 16.47875 43.64078 16.47801 43.63754 16.46857 43.63461 16.46001 43.63422 16.45714 43.63395 16.45347 43.63398 16.45321 43.63437 16.44904 43.63971 16.45033 43.64041 16.45122 43.64217 16.45342 43.64195 16.45121 43.64407 16.44991 43.64418 16.44962 43.64502 16.4491 43.65269 16.44846 43.66285 16.44762 43.66841 16.43989 43.67157 16.4355 43.67127 16.43484 43.67413 16.42657 43.67918 16.416 43.67919 16.41599 43.67927 16.41582 43.68177 16.40721 43.68531 16.39501 43.69103 16.37244</gml:posList>
                        </gml:LinearRing>
                      </gml:exterior>
                    </gml:Polygon>
                  </gml:surfaceMember>
                  <gml:surfaceMember>
                    <gml:Polygon gml:id="MEDIA_MONITORED_CILJ_ID_1_POLUTANT_2_MODEL_78">
                      <gml:exterior>
                        <gml:LinearRing>
                          <gml:posList srsDimension="2">43.55269 16.2853 43.55377 16.28506 43.55436 16.28443 43.55469 16.28338 43.5548 16.28281 43.55476 16.28261 43.55468 16.28215 43.55432 16.28103 43.55411 16.27859 43.55345 16.27445 43.55292 16.27147 43.55274 16.26958 43.5521 16.2678 43.5519 16.2662 43.55205 16.26515 43.55196 16.26463 43.5519 16.2643 43.5519 16.26427 43.55183 16.26388 43.5468 16.25646 43.55028 16.25313 43.55058 16.25262 43.55088 16.25209 43.55082 16.2514 43.55082 16.25134 43.55078 16.25095 43.55071 16.2501 43.55028 16.24698 43.55011 16.24516 43.54863 16.23573 43.54575 16.23477 43.54038 16.23672 43.53811 16.23641 43.53705 16.23544 43.53589 16.23483 43.53211 16.2342 43.53111 16.23442 43.52963 16.23484 43.52953 16.23487 43.5287 16.2351 43.52777 16.23588 43.52669 16.2361 43.52571 16.23577 43.52386 16.23733 43.52322 16.23771 43.52271 16.23788 43.52251 16.23795 43.5213 16.2404 43.52001 16.24125 43.51819 16.24161 43.51548 16.24258 43.51547 16.24259 43.51545 16.24301 43.51534 16.24335 43.51532 16.2436 43.51533 16.24364 43.51537 16.24382 43.5154 16.24388 43.51569 16.24437 43.51574 16.24452 43.51586 16.2448 43.51598 16.24517 43.51599 16.24518 43.51605 16.24542 43.51621 16.24573 43.5165 16.24636 43.51652 16.24641 43.5166 16.24654 43.51677 16.24681 43.51726 16.24775 43.51733 16.24791 43.51746 16.2481 43.51774 16.24847 43.51782 16.24874 43.51802 16.24918 43.51814 16.24943 43.51817 16.24955 43.51817 16.24965 43.51817 16.24997 43.51817 16.25024 43.51819 16.25048 43.51825 16.25069 43.51826 16.25083 43.51826 16.25149 43.51823 16.25177 43.51816 16.25191 43.51807 16.25202 43.51802 16.2521 43.51801 16.25217 43.51803 16.25225 43.51807 16.25247 43.51811 16.25267 43.51815 16.253 43.51802 16.25307 43.51826 16.2534 43.5183 16.25372 43.51831 16.2538 43.51829 16.25385 43.51789 16.25402 43.51793 16.2542 43.51838 16.25401 43.51842 16.25438 43.51843 16.25452 43.51818 16.25467 43.51823 16.25482 43.51844 16.25469 43.51848 16.25481 43.51845 16.25486 43.51829 16.25495 43.51833 16.25509 43.51855 16.25495 43.51869 16.25529 43.51851 16.25542 43.51857 16.25557 43.51874 16.25543 43.51887 16.25567 43.51873 16.25579 43.51877 16.25586 43.5189 16.25609 43.51902 16.25605 43.51907 16.25608 43.51915 16.25628 43.51929 16.25668 43.51936 16.25681 43.51945 16.2569 43.51958 16.25696 43.51971 16.257 43.51979 16.2571 43.51983 16.25721 43.51986 16.25729 43.51989 16.25736 43.52 16.25757 43.52006 16.25778 43.52009 16.25787 43.52022 16.25831 43.52034 16.25883 43.52053 16.25974 43.52054 16.25975 43.52063 16.26017 43.5207 16.26048 43.52081 16.26091 43.52087 16.26116 43.52097 16.26144 43.52111 16.2618 43.52144 16.26251 43.52162 16.26285 43.52165 16.26289 43.52177 16.26306 43.52199 16.26343 43.52204 16.26351 43.52229 16.26391 43.52236 16.26404 43.52253 16.26431 43.52262 16.26446 43.52275 16.26469 43.52281 16.2648 43.52275 16.26486 43.52286 16.26502 43.52292 16.26495 43.52305 16.26517 43.52318 16.26544 43.52323 16.26563 43.52322 16.26573 43.52322 16.26587 43.52327 16.26622 43.52336 16.26672 43.52348 16.26701 43.52358 16.26721 43.52363 16.2674 43.52361 16.26802 43.52337 16.26882 43.52336 16.26893 43.52339 16.26901 43.52343 16.26906 43.52356 16.26913 43.52359 16.2692 43.52358 16.26928 43.52348 16.26937 43.5234 16.26947 43.5234 16.26957 43.52348 16.26971 43.52368 16.26995 43.52375 16.27002 43.5238 16.27003 43.52389 16.27011 43.52402 16.27015 43.52407 16.27017 43.52409 16.27018 43.52415 16.27032 43.52426 16.27063 43.52426 16.27078 43.52429 16.27094 43.52432 16.27115 43.52432 16.27137 43.52433 16.27148 43.52436 16.27158 43.52448 16.27175 43.52461 16.27185 43.52476 16.27191 43.52483 16.27198 43.52493 16.27211 43.52506 16.27214 43.52525 16.27216 43.52535 16.27225 43.52559 16.27257 43.5257 16.27274 43.5257 16.27289 43.52568 16.27303 43.52564 16.27312 43.52548 16.27337 43.5254 16.27352 43.52533 16.27382 43.5253 16.27413 43.52534 16.2745 43.52539 16.27472 43.52543 16.27474 43.52564 16.27471 43.52571 16.27472 43.52573 16.27478 43.52573 16.2749 43.5256 16.27513 43.52559 16.27525 43.52578 16.27553 43.52592 16.27584 43.52591 16.27614 43.52584 16.2766 43.52587 16.27683 43.52594 16.27698 43.52609 16.27705 43.52624 16.27708 43.52635 16.27719 43.5264 16.27733 43.52644 16.27754 43.52647 16.27773 43.52647 16.27782 43.52644 16.27792 43.52639 16.27801 43.52628 16.27806 43.52614 16.27799 43.52596 16.27778 43.52583 16.27759 43.52568 16.27744 43.52557 16.27742 43.52548 16.27748 43.52543 16.27762 43.52541 16.27773 43.52543 16.27794 43.52549 16.27813 43.52557 16.27829 43.52565 16.27838 43.52575 16.27843 43.52611 16.27853 43.52634 16.27853 43.52647 16.27858 43.52659 16.27868 43.52662 16.27877 43.52666 16.27892 43.52678 16.27911 43.52679 16.27917 43.52676 16.27925 43.52664 16.27939 43.52652 16.27961 43.52642 16.27965 43.52636 16.2797 43.52632 16.27975 43.52632 16.27979 43.52634 16.27982 43.52641 16.27985 43.52647 16.2799 43.52647 16.28009 43.52644 16.28016 43.5264 16.28028 43.5263 16.28046 43.52625 16.28055 43.52626 16.28065 43.52628 16.2808 43.52631 16.28095 43.52637 16.28154 43.52637 16.28231 43.52632 16.2827 43.52623 16.2829 43.52608 16.28311 43.52603 16.28318 43.5259 16.28319 43.52582 16.28325 43.52577 16.28331 43.52576 16.28338 43.52576 16.28345 43.52581 16.28357 43.52589 16.28368 43.52592 16.28387 43.52591 16.284 43.52588 16.28421 43.52582 16.28439 43.5257 16.28464 43.52567 16.28482 43.52566 16.28506 43.52561 16.28543 43.52564 16.28566 43.52574 16.28588 43.52574 16.28602 43.52568 16.2862 43.52556 16.28648 43.52545 16.28656 43.52532 16.28652 43.5252 16.28653 43.52505 16.28661 43.525 16.28665 43.52494 16.28686 43.5249 16.28707 43.52479 16.28731 43.52475 16.28743 43.52471 16.28757 43.52471 16.2877 43.52474 16.28791 43.52482 16.28832 43.52484 16.28853 43.52487 16.2888 43.52492 16.28893 43.52506 16.28914 43.52516 16.28938 43.52522 16.28956 43.52524 16.28975 43.52525 16.28992 43.52539 16.29018 43.52545 16.29033 43.52555 16.2907 43.52566 16.29096 43.52581 16.29119 43.52592 16.29148 43.52592 16.2917 43.52592 16.29209 43.52592 16.29228 43.52574 16.29222 43.52572 16.29237 43.52592 16.29243 43.52591 16.29273 43.52584 16.29317 43.52579 16.29363 43.52574 16.294 43.5257 16.2943 43.52556 16.2943 43.52556 16.2946 43.52573 16.29462 43.52578 16.29487 43.52449 16.2945 43.52446 16.29469 43.52581 16.29505 43.52587 16.29512 43.52605 16.29523 43.52621 16.29532 43.52642 16.2954 43.52652 16.29547 43.52661 16.29556 43.52681 16.29578 43.52694 16.29622 43.52695 16.2966 43.52694 16.29687 43.527 16.29717 43.52707 16.29759 43.52713 16.29786 43.52714 16.2981 43.52709 16.29826 43.52696 16.29818 43.52692 16.29828 43.52707 16.29838 43.52712 16.29853 43.5272 16.29888 43.52722 16.29936 43.52729 16.2996 43.52747 16.30008 43.52753 16.30018 43.52759 16.3002 43.52766 16.30012 43.52772 16.30007 43.52781 16.30011 43.5284 16.30038 43.5287 16.30047 43.52901 16.30043 43.53001 16.29842 43.53366 16.29734 43.53379 16.29719 43.53475 16.29618 43.53549 16.29568 43.53569 16.29456 43.5364 16.29363 43.53727 16.29249 43.5374 16.29232 43.53819 16.29223 43.53854 16.29188 43.53928 16.29148 43.54017 16.29169 43.54096 16.29152 43.54155 16.29255 43.54192 16.29285 43.54249 16.29283 43.54366 16.29249 43.5437 16.29248 43.54378 16.29246 43.54551 16.29195 43.55005 16.29064 43.54997 16.2894 43.54991 16.2886 43.54962 16.28708 43.54953 16.28559 43.55269 16.2853</gml:posList>
                        </gml:LinearRing>
                      </gml:exterior>
                    </gml:Polygon>
                  </gml:surfaceMember>
                  <gml:surfaceMember>
                    <gml:Polygon gml:id="MEDIA_MONITORED_CILJ_ID_1_POLUTANT_2_MODEL_79">
                      <gml:exterior>
                        <gml:LinearRing>
                          <gml:posList srsDimension="2">43.53613 16.44387 43.53615 16.44391 43.53619 16.44393 43.53622 16.44393 43.53625 16.44387 43.53625 16.4438 43.53624 16.44377 43.53621 16.44372 43.53619 16.4437 43.53615 16.44371 43.53612 16.44377 43.53613 16.44387</gml:posList>
                        </gml:LinearRing>
                      </gml:exterior>
                    </gml:Polygon>
                  </gml:surfaceMember>
                  <gml:surfaceMember>
                    <gml:Polygon gml:id="MEDIA_MONITORED_CILJ_ID_1_POLUTANT_2_MODEL_80">
                      <gml:exterior>
                        <gml:LinearRing>
                          <gml:posList srsDimension="2">43.44218 16.17847 43.44216 16.17808 43.44208 16.17783 43.4419 16.17753 43.44172 16.1775 43.44121 16.17782 43.44116 16.17782 43.44114 16.17777 43.44111 16.17764 43.44106 16.1776 43.44099 16.17763 43.44097 16.17774 43.44096 16.17791 43.44092 16.17796 43.44062 16.17803 43.44051 16.1781 43.44034 16.17837 43.44028 16.17871 43.44028 16.17913 43.44026 16.17949 43.44027 16.1799 43.44041 16.18007 43.44058 16.18013 43.44086 16.18013 43.44104 16.18011 43.44151 16.17985 43.44166 16.17973 43.44201 16.17922 43.44216 16.17877 43.44216 16.17865 43.44218 16.17847</gml:posList>
                        </gml:LinearRing>
                      </gml:exterior>
                    </gml:Polygon>
                  </gml:surfaceMember>
                  <gml:surfaceMember>
                    <gml:Polygon gml:id="MEDIA_MONITORED_CILJ_ID_1_POLUTANT_2_MODEL_81">
                      <gml:exterior>
                        <gml:LinearRing>
                          <gml:posList srsDimension="2">43.59945 16.34836 43.5996 16.34685 43.59826 16.34623 43.59807 16.34615 43.59803 16.34533 43.59728 16.34446 43.59555 16.34371 43.59372 16.34365 43.5794 16.34213 43.58098 16.32604 43.58313 16.31509 43.58394 16.31238 43.58448 16.30961 43.58454 16.30845 43.58459 16.30766 43.58428 16.30594 43.58385 16.3035 43.58379 16.29906 43.58696 16.28994 43.58723 16.28915 43.58762 16.28804 43.58524 16.28489 43.58381 16.283 43.58031 16.27837 43.57596 16.27713 43.56757 16.27232 43.55878 16.2631 43.55874 16.26369 43.5557 16.26083 43.55586 16.25974 43.55582 16.25923 43.55558 16.25592 43.55532 16.25237 43.55028 16.24698 43.55071 16.2501 43.55078 16.25095 43.55082 16.25134 43.55082 16.2514 43.55088 16.25209 43.55058 16.25262 43.55028 16.25313 43.5468 16.25646 43.55183 16.26388 43.5519 16.26427 43.5519 16.2643 43.55196 16.26463 43.55205 16.26515 43.5519 16.2662 43.5521 16.2678 43.55274 16.26958 43.55292 16.27147 43.55345 16.27445 43.55411 16.27859 43.55432 16.28103 43.55468 16.28215 43.55476 16.28261 43.5548 16.28281 43.55469 16.28338 43.55436 16.28443 43.55377 16.28506 43.55269 16.2853 43.54953 16.28559 43.54962 16.28708 43.54991 16.2886 43.54997 16.2894 43.55005 16.29064 43.54551 16.29195 43.54378 16.29246 43.5437 16.29248 43.54366 16.29249 43.54249 16.29283 43.54192 16.29285 43.54155 16.29255 43.54096 16.29152 43.54017 16.29169 43.53928 16.29148 43.53854 16.29188 43.53819 16.29223 43.5374 16.29232 43.53727 16.29249 43.5364 16.29363 43.53569 16.29456 43.53549 16.29568 43.53475 16.29618 43.53379 16.29719 43.53366 16.29734 43.53001 16.29842 43.52901 16.30043 43.52905 16.30043 43.52914 16.30048 43.52923 16.3006 43.52938 16.30085 43.52948 16.30103 43.52947 16.3012 43.52916 16.30134 43.52921 16.30154 43.52943 16.30145 43.52958 16.30144 43.52976 16.30147 43.52991 16.30158 43.53007 16.30175 43.53016 16.30184 43.53029 16.30188 43.53042 16.30184 43.53052 16.30187 43.53111 16.30244 43.53129 16.30274 43.53136 16.30291 43.53144 16.30308 43.53144 16.30325 43.5314 16.30348 43.53136 16.30365 43.53106 16.30372 43.53108 16.30393 43.53128 16.3039 43.5314 16.30389 43.53148 16.30407 43.53156 16.30427 43.5315 16.30435 43.53135 16.30439 43.53138 16.30455 43.53155 16.30451 43.5316 16.30449 43.5317 16.30449 43.53176 16.30455 43.53183 16.30475 43.53198 16.30496 43.53215 16.30504 43.53225 16.30513 43.53232 16.30525 43.53234 16.30537 43.53246 16.30554 43.53278 16.30573 43.53285 16.30583 43.53292 16.30601 43.53303 16.30608 43.53316 16.30625 43.53316 16.30632 43.533 16.30657 43.53302 16.30665 43.53306 16.30673 43.53323 16.30681 43.53335 16.30682 43.53355 16.30682 43.53364 16.30684 43.53369 16.30687 43.53372 16.30694 43.53378 16.30699 43.53387 16.30698 43.53399 16.30693 43.53416 16.30682 43.53456 16.30685 43.53495 16.3069 43.53509 16.30698 43.53519 16.30706 43.53532 16.30708 43.53582 16.30719 43.53618 16.30741 43.5364 16.3076 43.53653 16.30778 43.53658 16.30796 43.53661 16.30812 43.53665 16.30818 43.5367 16.30819 43.53678 16.30815 43.53688 16.30804 43.53702 16.30823 43.53681 16.30851 43.53692 16.30866 43.53706 16.30849 43.53715 16.30833 43.5372 16.30828 43.53725 16.30834 43.53725 16.30845 43.53727 16.30854 43.5373 16.30863 43.53738 16.30864 43.53746 16.30862 43.53755 16.30874 43.53738 16.30915 43.53749 16.30926 43.53767 16.30893 43.53785 16.30888 43.53794 16.30889 43.53809 16.30899 43.53837 16.30915 43.53865 16.30933 43.53879 16.30943 43.53892 16.30953 43.53904 16.30973 43.53912 16.30995 43.53911 16.31018 43.53904 16.31042 43.53901 16.31068 43.53902 16.31086 43.53907 16.31105 43.53917 16.31123 43.53937 16.31143 43.53968 16.31192 43.53978 16.31223 43.53984 16.31253 43.5399 16.31272 43.53974 16.3129 43.53961 16.31293 43.53963 16.31314 43.53991 16.31308 43.53996 16.31322 43.54 16.31358 43.53984 16.31367 43.53989 16.31383 43.54007 16.31377 43.54019 16.31395 43.54026 16.31411 43.54028 16.31425 43.54011 16.31438 43.54018 16.31454 43.54033 16.31444 43.5404 16.31439 43.54046 16.31444 43.54056 16.31478 43.5406 16.31499 43.54063 16.3153 43.54065 16.31557 43.54069 16.31585 43.54074 16.31605 43.54038 16.31621 43.54014 16.31653 43.54004 16.31655 43.53999 16.31645 43.53996 16.31625 43.5398 16.3163 43.53983 16.31659 43.53991 16.31687 43.5403 16.31675 43.54034 16.31658 43.54039 16.31649 43.5405 16.31639 43.54076 16.31627 43.54089 16.31631 43.5412 16.31671 43.5413 16.31691 43.54129 16.31712 43.54118 16.3173 43.54109 16.31737 43.54098 16.31738 43.54089 16.31744 43.54087 16.3175 43.54091 16.31759 43.54099 16.31762 43.54111 16.31763 43.54129 16.3179 43.54136 16.31811 43.54142 16.31841 43.54143 16.31845 43.5415 16.31862 43.5416 16.31881 43.54167 16.31889 43.54166 16.31902 43.5414 16.31922 43.54148 16.31936 43.54168 16.3192 43.54178 16.31926 43.54179 16.31953 43.54176 16.31974 43.54155 16.3197 43.54154 16.31987 43.54173 16.31992 43.54181 16.31998 43.54183 16.32021 43.54171 16.32027 43.5416 16.32027 43.54159 16.32044 43.54177 16.32047 43.54185 16.32049 43.54192 16.32061 43.54195 16.32072 43.54194 16.32082 43.54185 16.32085 43.54175 16.3209 43.54173 16.32104 43.54176 16.32116 43.5422 16.32169 43.54234 16.32183 43.54253 16.32196 43.5427 16.32213 43.54281 16.32229 43.54286 16.32244 43.54307 16.32272 43.54324 16.32295 43.54349 16.32332 43.54357 16.32346 43.54365 16.32356 43.54373 16.32373 43.54379 16.32388 43.54383 16.32413 43.54388 16.3243 43.54402 16.32446 43.54417 16.3246 43.54474 16.32559 43.5451 16.32616 43.54534 16.32678 43.54553 16.32726 43.54576 16.32766 43.54576 16.32786 43.54574 16.32805 43.54571 16.32822 43.5457 16.32836 43.54566 16.32849 43.5455 16.32858 43.54538 16.32867 43.54547 16.32883 43.54578 16.32878 43.54586 16.32887 43.54621 16.32955 43.54583 16.33002 43.54592 16.33015 43.5461 16.32998 43.54622 16.32994 43.54629 16.32994 43.54634 16.33003 43.54635 16.33007 43.54638 16.33025 43.54636 16.33045 43.54632 16.33044 43.54632 16.33034 43.54619 16.33035 43.54618 16.33062 43.54622 16.33078 43.54626 16.33094 43.54632 16.33107 43.5464 16.33114 43.54655 16.33118 43.54671 16.33129 43.54686 16.33134 43.547 16.33143 43.54722 16.33171 43.54736 16.33193 43.54746 16.33222 43.54757 16.33248 43.54764 16.33267 43.54773 16.33286 43.54778 16.33305 43.54787 16.33328 43.54789 16.33344 43.54786 16.33359 43.54782 16.33382 43.54777 16.33403 43.5478 16.33439 43.54778 16.33475 43.54773 16.33498 43.54758 16.33525 43.54752 16.33547 43.54754 16.3357 43.54757 16.3359 43.54766 16.33624 43.54776 16.33675 43.54776 16.33701 43.54767 16.33718 43.54762 16.33732 43.54762 16.33735 43.54764 16.33756 43.54767 16.33779 43.54765 16.33805 43.54768 16.33886 43.5475 16.33886 43.54731 16.33818 43.54707 16.33771 43.54696 16.3378 43.54711 16.33809 43.54721 16.33835 43.54736 16.33891 43.54729 16.33901 43.54737 16.33949 43.54777 16.33943 43.5485 16.34038 43.54924 16.34136 43.54924 16.34168 43.54939 16.34171 43.5494 16.3419 43.54942 16.3422 43.54949 16.34276 43.54947 16.34297 43.54932 16.34306 43.54951 16.34364 43.54963 16.34406 43.54965 16.34413 43.54974 16.34443 43.54986 16.34478 43.54991 16.34504 43.54988 16.34511 43.54977 16.34515 43.54915 16.34494 43.54909 16.34528 43.54957 16.34543 43.54967 16.34584 43.54993 16.34572 43.55032 16.34627 43.55044 16.34648 43.55082 16.34713 43.551 16.34763 43.55103 16.34783 43.55101 16.34806 43.55094 16.34821 43.55086 16.34837 43.55086 16.34849 43.55097 16.34864 43.55105 16.34887 43.55105 16.34929 43.55102 16.35028 43.55099 16.3515 43.55096 16.35157 43.55087 16.35162 43.55078 16.35175 43.55077 16.35181 43.55078 16.35186 43.55085 16.3519 43.55101 16.35205 43.55101 16.35254 43.55101 16.35284 43.55101 16.35304 43.55093 16.35306 43.55093 16.35317 43.55099 16.35318 43.55097 16.35374 43.55087 16.35378 43.55086 16.35308 43.55076 16.35309 43.55076 16.35397 43.55092 16.35395 43.55097 16.35396 43.55097 16.35413 43.55098 16.35431 43.5509 16.35432 43.5509 16.35465 43.55078 16.35465 43.55078 16.3548 43.55087 16.35479 43.55082 16.35508 43.55076 16.35508 43.55068 16.35504 43.55065 16.35518 43.55072 16.35522 43.55066 16.35547 43.55031 16.35517 43.55023 16.35538 43.55053 16.3556 43.55056 16.35565 43.55057 16.35595 43.5507 16.35596 43.55076 16.35611 43.55112 16.35704 43.55126 16.35756 43.55126 16.35786 43.55121 16.35803 43.55119 16.35828 43.55106 16.35827 43.55105 16.35808 43.55091 16.35807 43.55097 16.35848 43.55131 16.35849 43.55136 16.35863 43.55126 16.35868 43.5513 16.3589 43.55139 16.35886 43.55141 16.35902 43.55117 16.35908 43.55115 16.35977 43.55111 16.35997 43.55105 16.36027 43.5509 16.36076 43.55075 16.36066 43.55068 16.36082 43.55082 16.36094 43.55074 16.36106 43.55054 16.36108 43.55062 16.36161 43.55063 16.36211 43.55047 16.36256 43.5503 16.36292 43.55016 16.36321 43.5499 16.36332 43.54994 16.3635 43.55029 16.36334 43.55041 16.36333 43.55046 16.3634 43.55047 16.36348 43.55056 16.364 43.55056 16.36464 43.55059 16.36508 43.55038 16.36504 43.55032 16.36429 43.55019 16.36408 43.55001 16.36397 43.5497 16.36386 43.54968 16.36402 43.54996 16.36412 43.55018 16.36431 43.55022 16.36448 43.55025 16.36475 43.55024 16.36514 43.55019 16.36562 43.5504 16.36574 43.5505 16.366 43.55047 16.36652 43.55046 16.36667 43.55042 16.36706 43.55035 16.36762 43.55021 16.36801 43.55004 16.36826 43.54981 16.36826 43.5498 16.36842 43.54989 16.36843 43.54997 16.36845 43.54995 16.36871 43.54975 16.36869 43.54975 16.36883 43.54989 16.36886 43.54989 16.36906 43.54971 16.36907 43.54971 16.36923 43.54981 16.36925 43.54971 16.36962 43.54964 16.36961 43.54964 16.36977 43.5497 16.36978 43.54982 16.36997 43.54981 16.37018 43.54983 16.37032 43.54985 16.37039 43.54986 16.3705 43.54985 16.37067 43.54984 16.37069 43.5498 16.37108 43.54975 16.37141 43.54971 16.3716 43.5497 16.37182 43.54964 16.37204 43.5496 16.37225 43.54952 16.37255 43.54947 16.3727 43.5494 16.37301 43.54938 16.37324 43.54935 16.37353 43.54932 16.37377 43.54929 16.37404 43.54926 16.37445 43.54925 16.37465 43.54923 16.37485 43.54922 16.37492 43.54915 16.37539 43.54908 16.37566 43.54905 16.3758 43.54905 16.37586 43.54905 16.37595 43.549 16.37613 43.54892 16.37631 43.54875 16.37658 43.54866 16.37662 43.54855 16.37671 43.54847 16.37672 43.5484 16.37677 43.5483 16.37695 43.54822 16.3771 43.54814 16.37722 43.54808 16.37737 43.54806 16.37766 43.54803 16.37776 43.54801 16.3778 43.54791 16.37784 43.54794 16.37796 43.54804 16.37791 43.54809 16.37794 43.54812 16.37805 43.5482 16.3782 43.54827 16.3784 43.54836 16.37861 43.54841 16.37868 43.54845 16.37888 43.54852 16.37915 43.54854 16.37927 43.54854 16.37948 43.54851 16.3795 43.54839 16.37951 43.54839 16.37964 43.54855 16.37964 43.54858 16.37973 43.5486 16.37996 43.54862 16.38013 43.54865 16.38023 43.54864 16.38034 43.54861 16.38043 43.54857 16.38046 43.54844 16.38047 43.54845 16.38059 43.54859 16.38059 43.54862 16.38063 43.54864 16.38073 43.54868 16.38086 43.5487 16.38092 43.54873 16.38102 43.54875 16.3811 43.54875 16.38127 43.54869 16.38138 43.54851 16.3814 43.54851 16.38149 43.54871 16.38149 43.54873 16.38149 43.54875 16.38153 43.54876 16.38159 43.54875 16.38195 43.54871 16.38227 43.5487 16.38245 43.5487 16.38266 43.54868 16.38283 43.54866 16.38288 43.54864 16.3829 43.54859 16.38294 43.54855 16.38308 43.54852 16.38323 43.54848 16.38336 43.54846 16.38344 43.54838 16.38347 43.54837 16.38419 43.54855 16.38421 43.54858 16.38425 43.54858 16.38441 43.54853 16.38465 43.54852 16.38477 43.54838 16.38477 43.54838 16.38453 43.54829 16.38455 43.54827 16.38503 43.54825 16.38505 43.54823 16.38534 43.54823 16.38549 43.54826 16.38552 43.54827 16.38562 43.54823 16.38575 43.54818 16.38584 43.54815 16.38588 43.5481 16.3859 43.54771 16.38579 43.54769 16.38591 43.54802 16.38603 43.54804 16.38604 43.54805 16.38627 43.5481 16.38637 43.5481 16.38653 43.54807 16.38674 43.54805 16.38689 43.54808 16.38704 43.54812 16.3872 43.54821 16.38736 43.54824 16.38749 43.54826 16.38754 43.54826 16.3877 43.54824 16.38819 43.54825 16.38826 43.54827 16.38828 43.54827 16.38898 43.54823 16.38909 43.54819 16.38919 43.5481 16.38936 43.54805 16.38945 43.54798 16.38954 43.54789 16.38964 43.54778 16.38978 43.54765 16.38996 43.54758 16.39007 43.54753 16.3902 43.54751 16.39032 43.54751 16.39041 43.54757 16.39053 43.54768 16.39071 43.54769 16.39075 43.54778 16.39092 43.54784 16.39101 43.5479 16.39107 43.54796 16.39117 43.548 16.39119 43.54808 16.39116 43.54813 16.39114 43.54824 16.39128 43.54836 16.39154 43.5484 16.39172 43.54842 16.39198 43.54841 16.39203 43.5484 16.39227 43.54829 16.39257 43.54814 16.39313 43.54805 16.39372 43.54794 16.39433 43.54787 16.3947 43.54781 16.39504 43.54781 16.39514 43.54782 16.39519 43.5478 16.39532 43.54776 16.39542 43.54766 16.39542 43.54766 16.39504 43.54758 16.39504 43.54758 16.39497 43.54749 16.39497 43.54748 16.39515 43.54753 16.39515 43.54757 16.3952 43.54757 16.39524 43.54757 16.39559 43.54774 16.39561 43.54777 16.39562 43.54779 16.39567 43.54779 16.3957 43.54777 16.39573 43.5476 16.39572 43.54749 16.39612 43.54759 16.39631 43.54765 16.39639 43.5476 16.39645 43.54749 16.39637 43.54731 16.39655 43.54736 16.39668 43.54747 16.39658 43.54752 16.39663 43.54755 16.39673 43.54758 16.39686 43.54757 16.39722 43.54751 16.3975 43.54751 16.39752 43.54749 16.39771 43.54747 16.39787 43.54747 16.39804 43.54746 16.39814 43.54741 16.39818 43.54729 16.39816 43.54728 16.39829 43.5474 16.3983 43.54743 16.39839 43.54741 16.3991 43.54725 16.3991 43.54725 16.39923 43.54741 16.39923 43.5474 16.39942 43.54724 16.39943 43.54724 16.39957 43.54743 16.39958 43.54743 16.39971 43.54738 16.3998 43.54721 16.39982 43.54722 16.39993 43.54732 16.39993 43.54736 16.39998 43.54736 16.40021 43.54737 16.40043 43.54737 16.40053 43.54735 16.40058 43.54733 16.40059 43.54717 16.40056 43.54717 16.40068 43.54735 16.40071 43.54735 16.40079 43.54734 16.40089 43.54731 16.40095 43.5473 16.40097 43.54729 16.40098 43.54692 16.40095 43.54692 16.40109 43.54725 16.40113 43.54726 16.4012 43.54725 16.40127 43.54721 16.40136 43.54717 16.40144 43.54716 16.40148 43.54713 16.40151 43.54708 16.40152 43.54703 16.40157 43.54701 16.40161 43.54699 16.40162 43.54691 16.40157 43.54688 16.40167 43.54698 16.40176 43.54699 16.40181 43.54699 16.40186 43.54697 16.40189 43.54694 16.40193 43.54687 16.40193 43.54679 16.40195 43.54676 16.40224 43.54669 16.40253 43.54663 16.40277 43.5467 16.40281 43.54675 16.40265 43.54681 16.40265 43.54681 16.40275 43.54678 16.40288 43.54674 16.40298 43.54671 16.40308 43.54669 16.40314 43.54667 16.40315 43.54657 16.40307 43.54652 16.40317 43.54662 16.40328 43.54663 16.40333 43.54659 16.40337 43.54658 16.40341 43.54657 16.40348 43.54654 16.40351 43.54648 16.40346 43.54643 16.40341 43.54636 16.40351 43.54646 16.40361 43.54648 16.40364 43.54646 16.40368 43.54639 16.40373 43.54634 16.40375 43.54623 16.40364 43.54618 16.4037 43.54623 16.4038 43.54623 16.40382 43.54617 16.40388 43.54608 16.40392 43.5458 16.40394 43.54562 16.40389 43.54555 16.40385 43.54548 16.40384 43.54543 16.40384 43.5454 16.40391 43.54541 16.40416 43.54552 16.40423 43.54594 16.40424 43.54612 16.40424 43.54625 16.40429 43.54636 16.40438 43.54645 16.40456 43.54652 16.4047 43.54653 16.40478 43.54656 16.40481 43.54656 16.40492 43.54651 16.40517 43.54647 16.40539 43.54645 16.40553 43.54643 16.40559 43.54642 16.40562 43.54631 16.40551 43.54626 16.40561 43.54637 16.40573 43.54644 16.40583 43.54643 16.40598 43.54628 16.40611 43.54597 16.40642 43.54587 16.40626 43.5458 16.40633 43.54587 16.40644 43.54584 16.4065 43.54576 16.4066 43.54558 16.4068 43.54545 16.40695 43.54537 16.4071 43.54531 16.40737 43.5453 16.40759 43.54522 16.40782 43.54507 16.40807 43.54504 16.40829 43.54501 16.40854 43.54496 16.40881 43.54494 16.40889 43.54493 16.40918 43.5449 16.40941 43.54486 16.40956 43.54479 16.4096 43.54456 16.40958 43.54455 16.40967 43.54396 16.40972 43.54396 16.41008 43.54404 16.41009 43.54404 16.40987 43.54409 16.40984 43.54449 16.4098 43.54454 16.4099 43.54461 16.40992 43.54467 16.40992 43.54472 16.40999 43.54471 16.41035 43.54471 16.4106 43.54479 16.4109 43.5449 16.41105 43.54505 16.41113 43.54518 16.41127 43.54524 16.41144 43.54526 16.41168 43.54523 16.41181 43.54515 16.41194 43.54501 16.41217 43.54488 16.41242 43.54482 16.41261 43.54478 16.41288 43.54478 16.41311 43.54483 16.41331 43.54489 16.41343 43.54497 16.41344 43.54507 16.41334 43.54517 16.41325 43.5452 16.41327 43.54525 16.41332 43.54523 16.41363 43.5452 16.41406 43.54517 16.41443 43.54516 16.41474 43.54508 16.41498 43.54507 16.41579 43.54512 16.41581 43.54517 16.41576 43.54522 16.41591 43.54526 16.41621 43.54526 16.41623 43.54526 16.41664 43.54532 16.41719 43.54537 16.41741 43.54541 16.41755 43.54553 16.41769 43.54567 16.41774 43.54575 16.41777 43.54583 16.41801 43.54586 16.41829 43.54582 16.41855 43.54571 16.41885 43.54556 16.4191 43.54533 16.41934 43.54513 16.41948 43.54492 16.41956 43.54487 16.41958 43.54475 16.41963 43.54469 16.41981 43.54471 16.42004 43.54482 16.42021 43.54502 16.42046 43.54518 16.42066 43.54535 16.42084 43.54552 16.42125 43.54561 16.42165 43.54571 16.42215 43.54574 16.42228 43.54581 16.42269 43.54587 16.42306 43.5459 16.42347 43.54592 16.42367 43.54589 16.42402 43.54581 16.42432 43.54573 16.42468 43.54567 16.42497 43.54566 16.42499 43.54528 16.42501 43.54531 16.42481 43.54517 16.4248 43.54503 16.42567 43.54483 16.42669 43.54468 16.42748 43.54469 16.42759 43.54467 16.42771 43.54459 16.42794 43.54456 16.42804 43.54456 16.42808 43.54455 16.42817 43.54457 16.42818 43.5446 16.42818 43.54491 16.42798 43.54513 16.42783 43.54528 16.42772 43.54539 16.42766 43.54547 16.4277 43.54557 16.42784 43.54561 16.42801 43.54559 16.42851 43.54547 16.42893 43.54537 16.42929 43.5453 16.4295 43.54526 16.42969 43.54524 16.42997 43.54523 16.43028 43.54525 16.43046 43.54524 16.43067 43.5451 16.4309 43.545 16.43107 43.54487 16.43131 43.54478 16.43147 43.54474 16.43154 43.54472 16.43158 43.54447 16.43154 43.54445 16.43166 43.54466 16.43171 43.54473 16.4318 43.54477 16.43224 43.54479 16.43234 43.54483 16.43259 43.54486 16.43275 43.54489 16.4329 43.54489 16.43313 43.54471 16.43366 43.54463 16.43384 43.54462 16.43387 43.54456 16.43389 43.5445 16.4339 43.54446 16.43396 43.54443 16.43419 43.54438 16.43446 43.54427 16.4347 43.54413 16.43488 43.54403 16.43498 43.54396 16.43512 43.54399 16.43538 43.54405 16.43547 43.54412 16.43562 43.54413 16.43563 43.54413 16.43567 43.54398 16.43583 43.54404 16.43596 43.54418 16.43583 43.54422 16.43584 43.54426 16.4359 43.54428 16.436 43.5443 16.43609 43.5443 16.43616 43.54429 16.43636 43.54423 16.43648 43.54416 16.43666 43.54408 16.43676 43.544 16.43691 43.54394 16.43698 43.5439 16.43698 43.54385 16.43699 43.54384 16.437 43.54382 16.43675 43.54374 16.43676 43.54375 16.43702 43.54373 16.43705 43.54369 16.43705 43.54364 16.43702 43.54358 16.43699 43.54349 16.43695 43.54338 16.43701 43.54334 16.43703 43.54319 16.43688 43.54313 16.43699 43.54323 16.43708 43.54325 16.43713 43.5432 16.43721 43.5431 16.43745 43.54307 16.43759 43.54315 16.43766 43.54316 16.43787 43.54317 16.43794 43.54306 16.43802 43.54304 16.43802 43.54299 16.43795 43.54292 16.43805 43.54308 16.43826 43.54288 16.43852 43.54272 16.43832 43.54265 16.4384 43.54279 16.4386 43.54277 16.43865 43.54273 16.4387 43.54268 16.43878 43.54264 16.43883 43.54257 16.43892 43.54255 16.43895 43.54251 16.43901 43.54246 16.4391 43.54245 16.43912 43.54239 16.43919 43.54238 16.43919 43.54234 16.43919 43.54236 16.43876 43.54225 16.43877 43.54224 16.43915 43.54224 16.43919 43.54223 16.43919 43.54213 16.43916 43.54211 16.43914 43.542 16.43903 43.54191 16.43887 43.54178 16.43861 43.54165 16.4384 43.54152 16.43827 43.54142 16.43819 43.54125 16.43804 43.54102 16.43795 43.54086 16.4379 43.54064 16.43789 43.54048 16.43793 43.54011 16.43804 43.53992 16.43814 43.53975 16.43826 43.53955 16.43851 43.53948 16.4386 43.53938 16.43871 43.53931 16.43872 43.53927 16.43869 43.53883 16.43924 43.53875 16.43956 43.53873 16.43998 43.53875 16.4405 43.53878 16.44102 43.53879 16.44157 43.53881 16.44192 43.53882 16.4421 43.53886 16.44219 43.53892 16.44222 43.53895 16.44225 43.53898 16.44236 43.53901 16.44274 43.53905 16.443 43.53906 16.44326 43.53899 16.44353 43.53896 16.4437 43.53901 16.44404 43.53903 16.44443 43.53905 16.44454 43.53905 16.44467 43.53904 16.44484 43.53902 16.44487 43.53896 16.4449 43.53889 16.44509 43.53887 16.44537 43.53879 16.44561 43.53867 16.44584 43.53856 16.44597 43.53842 16.44601 43.53824 16.44597 43.53814 16.44601 43.5381 16.44606 43.53809 16.44619 43.53802 16.44625 43.53794 16.44632 43.5379 16.4464 43.53792 16.44648 43.538 16.44665 43.53809 16.44677 43.53817 16.44689 43.53825 16.44695 43.53834 16.4471 43.53836 16.44718 43.53824 16.44741 43.53803 16.44772 43.53795 16.44799 43.53793 16.44826 43.53803 16.44877 43.53804 16.44917 43.53797 16.4496 43.53787 16.45016 43.53783 16.45061 43.53776 16.45137 43.53776 16.45156 43.53781 16.45194 43.53786 16.45238 43.53783 16.45282 43.53771 16.45307 43.53757 16.45328 43.53751 16.45341 43.5375 16.45364 43.53757 16.45435 43.53761 16.45459 43.53723 16.45472 43.53737 16.4557 43.53768 16.45563 43.53773 16.45581 43.5379 16.45688 43.53803 16.45691 43.53822 16.45729 43.53838 16.45768 43.53841 16.45778 43.53837 16.45795 43.53732 16.45795 43.5373 16.45886 43.5384 16.45894 43.53844 16.45898 43.53843 16.45944 43.53861 16.45946 43.53864 16.45951 43.53864 16.4597 43.53862 16.45974 43.53852 16.45972 43.53847 16.45976 43.53844 16.45991 43.53844 16.46002 43.53839 16.46011 43.53834 16.46029 43.53835 16.46043 43.53845 16.46063 43.5385 16.46075 43.53852 16.46091 43.53846 16.46112 43.53826 16.46131 43.53787 16.46155 43.53772 16.46164 43.53767 16.46171 43.53981 16.46194 43.54135 16.46103 43.54177 16.46079 43.54184 16.46073 43.54189 16.46071 43.54197 16.46066 43.54356 16.46023 43.54444 16.4589 43.54459 16.45796 43.54496 16.45772 43.54498 16.45772 43.5454 16.45765 43.54557 16.45761 43.54695 16.45819 43.54768 16.45837 43.54846 16.45855 43.54927 16.45875 43.54928 16.45875 43.54943 16.45879 43.54956 16.45882 43.54973 16.45886 43.55222 16.45946 43.55231 16.45945 43.55337 16.45931 43.55378 16.45839 43.55464 16.45812 43.55668 16.44741 43.55711 16.44713 43.55741 16.44693 43.55773 16.44671 43.55785 16.44637 43.55815 16.44554 43.56216 16.44651 43.56311 16.44468 43.5643 16.44156 43.56765 16.43788 43.56776 16.43584 43.56988 16.43096 43.56908 16.42981 43.57031 16.41939 43.57105 16.4132 43.57073 16.40888 43.57072 16.40828 43.57066 16.40369 43.57108 16.40151 43.57153 16.39915 43.57352 16.38879 43.57432 16.38339 43.57511 16.37801 43.57517 16.37772 43.5752 16.37754 43.57601 16.37343 43.57753 16.37271 43.57816 16.37241 43.58087 16.37379 43.58629 16.37635 43.59767 16.37507 43.59838 16.37197 43.59849 16.37025 43.5986 16.3572 43.59945 16.34836</gml:posList>
                        </gml:LinearRing>
                      </gml:exterior>
                    </gml:Polygon>
                  </gml:surfaceMember>
                  <gml:surfaceMember>
                    <gml:Polygon gml:id="MEDIA_MONITORED_CILJ_ID_1_POLUTANT_2_MODEL_82">
                      <gml:exterior>
                        <gml:LinearRing>
                          <gml:posList srsDimension="2">43.45357 16.11235 43.4537 16.11253 43.45386 16.11259 43.45398 16.11263 43.45416 16.11258 43.4544 16.11226 43.45442 16.1122 43.45442 16.11212 43.45437 16.11202 43.45428 16.11196 43.45412 16.11192 43.4539 16.11193 43.45368 16.11197 43.45355 16.1121 43.45353 16.1122 43.45357 16.11235</gml:posList>
                        </gml:LinearRing>
                      </gml:exterior>
                    </gml:Polygon>
                  </gml:surfaceMember>
                  <gml:surfaceMember>
                    <gml:Polygon gml:id="MEDIA_MONITORED_CILJ_ID_1_POLUTANT_2_MODEL_83">
                      <gml:exterior>
                        <gml:LinearRing>
                          <gml:posList srsDimension="2">43.50017 16.56505 43.50018 16.56504 43.50139 16.56385 43.50724 16.55809 43.50775 16.55758 43.50828 16.55705 43.51055 16.55477 43.51065 16.55464 43.51877 16.54406 43.51874 16.54393 43.51865 16.54365 43.51856 16.54366 43.5185 16.54367 43.51824 16.5437 43.51775 16.54351 43.51686 16.54303 43.5166 16.5426 43.51642 16.54231 43.51628 16.54219 43.51616 16.54208 43.51587 16.54184 43.5156 16.54161 43.51552 16.54154 43.51521 16.54127 43.51374 16.54022 43.51338 16.53924 43.51333 16.53912 43.51272 16.53748 43.51085 16.53755 43.50873 16.5372 43.50872 16.53704 43.50871 16.53665 43.50781 16.53518 43.50671 16.53484 43.50645 16.53376 43.50645 16.53376 43.50623 16.53286 43.50572 16.53174 43.50571 16.53173 43.50559 16.53147 43.50503 16.53129 43.50484 16.53122 43.50471 16.53118 43.50443 16.53109 43.50441 16.53114 43.50438 16.53123 43.50433 16.53139 43.50429 16.53153 43.5042 16.53195 43.50417 16.53206 43.50414 16.53224 43.5041 16.53235 43.50408 16.53241 43.50405 16.53253 43.50399 16.53265 43.50389 16.53287 43.50385 16.533 43.50381 16.53308 43.50379 16.53313 43.50378 16.5332 43.50369 16.53334 43.50366 16.53339 43.50361 16.53344 43.50357 16.53347 43.50344 16.53358 43.50326 16.53375 43.50314 16.53384 43.50313 16.53384 43.50311 16.53383 43.50309 16.5338 43.50308 16.53376 43.50302 16.53368 43.50298 16.53365 43.50291 16.53363 43.50282 16.53365 43.50275 16.5337 43.50268 16.53376 43.50266 16.53377 43.50253 16.53378 43.50245 16.53376 43.5023 16.53376 43.50207 16.53379 43.50205 16.53381 43.50201 16.53381 43.50196 16.53382 43.50192 16.53384 43.50185 16.53389 43.50177 16.53396 43.5016 16.53415 43.50152 16.53423 43.5014 16.53434 43.50138 16.53435 43.50134 16.53435 43.50115 16.53433 43.50107 16.53434 43.50088 16.53432 43.50068 16.53433 43.50055 16.53437 43.50041 16.5344 43.50026 16.53447 43.5001 16.53451 43.49998 16.53467 43.49981 16.53472 43.49972 16.53465 43.49967 16.53425 43.49963 16.53418 43.49953 16.53417 43.49948 16.5341 43.49945 16.53404 43.49941 16.534 43.49935 16.534 43.49929 16.53408 43.49928 16.53418 43.49928 16.53433 43.49927 16.53441 43.49925 16.53447 43.49908 16.53478 43.4989 16.5349 43.49841 16.53548 43.49827 16.53558 43.49813 16.5356 43.49796 16.53554 43.49741 16.53558 43.49723 16.53565 43.4971 16.53571 43.49684 16.53578 43.49659 16.53591 43.49642 16.53595 43.49621 16.53598 43.49608 16.53607 43.49601 16.53615 43.49595 16.53614 43.49594 16.53613 43.4959 16.53608 43.49583 16.53598 43.49562 16.53586 43.49527 16.5356 43.49513 16.53554 43.49495 16.53555 43.49479 16.53566 43.49458 16.53579 43.49443 16.53591 43.4943 16.53602 43.49418 16.53609 43.49388 16.5363 43.49382 16.53641 43.49377 16.53653 43.49351 16.53675 43.49322 16.53701 43.49297 16.53717 43.49282 16.53717 43.49274 16.5371 43.49267 16.53698 43.49251 16.53672 43.49257 16.53658 43.49249 16.53651 43.4924 16.53672 43.49229 16.53699 43.4922 16.53714 43.4921 16.53706 43.49213 16.53698 43.49207 16.53691 43.49195 16.53716 43.4918 16.53755 43.4917 16.53784 43.49163 16.53798 43.49158 16.53813 43.49133 16.53882 43.49102 16.53846 43.49118 16.5381 43.49104 16.53797 43.49097 16.53813 43.49081 16.53802 43.49068 16.53835 43.491 16.53866 43.49093 16.53881 43.49108 16.53897 43.49093 16.53929 43.49077 16.5395 43.49061 16.53971 43.4905 16.53984 43.49017 16.54042 43.4899 16.54102 43.48978 16.54144 43.4895 16.54197 43.48943 16.54207 43.48917 16.54229 43.48899 16.54247 43.48876 16.54269 43.48845 16.54306 43.4882 16.54325 43.48816 16.54324 43.48811 16.54326 43.48804 16.54334 43.48792 16.54355 43.48787 16.54373 43.48786 16.54396 43.48782 16.54411 43.48777 16.54448 43.48777 16.54461 43.48772 16.54483 43.48767 16.54492 43.48751 16.54474 43.48745 16.54485 43.48761 16.54501 43.48756 16.54511 43.48739 16.54551 43.48707 16.54608 43.48647 16.54711 43.4858 16.54787 43.48544 16.54815 43.48531 16.5482 43.48501 16.54828 43.48493 16.54834 43.48479 16.54861 43.48466 16.54906 43.48459 16.54961 43.48455 16.55005 43.48445 16.55057 43.48437 16.55102 43.48435 16.55112 43.48426 16.55161 43.48416 16.55199 43.48404 16.55241 43.48379 16.55306 43.4837 16.55325 43.48355 16.55312 43.48351 16.55323 43.48363 16.55334 43.48355 16.5535 43.48341 16.55377 43.4832 16.55409 43.48272 16.55481 43.48256 16.55466 43.48251 16.55477 43.48265 16.5549 43.48222 16.55557 43.48203 16.55599 43.48185 16.55624 43.48148 16.55667 43.48121 16.55708 43.48115 16.55717 43.48103 16.55702 43.48097 16.5571 43.48109 16.55725 43.48101 16.55736 43.48092 16.55748 43.48081 16.55732 43.48074 16.55742 43.48085 16.55758 43.48081 16.55763 43.48035 16.55818 43.48029 16.55825 43.48016 16.55807 43.4801 16.55816 43.48023 16.55835 43.48017 16.55845 43.48005 16.55856 43.47988 16.55866 43.4794 16.55882 43.47933 16.55891 43.47928 16.55897 43.479 16.55947 43.47869 16.55985 43.47802 16.56056 43.47736 16.5611 43.47702 16.56153 43.47679 16.56139 43.47676 16.56129 43.47668 16.56134 43.47672 16.56146 43.47696 16.56163 43.47683 16.5618 43.47671 16.56192 43.4766 16.562 43.47646 16.56182 43.4764 16.56189 43.47655 16.56209 43.47647 16.56216 43.47629 16.56238 43.47605 16.56264 43.47514 16.56386 43.47498 16.56407 43.47474 16.56432 43.47446 16.56457 43.47424 16.56483 43.47419 16.56495 43.47418 16.56507 43.47419 16.56523 43.47414 16.56575 43.47409 16.56609 43.47404 16.56634 43.47396 16.56654 43.47374 16.56655 43.47374 16.56668 43.47394 16.56667 43.47389 16.5669 43.47382 16.56709 43.47371 16.56715 43.47366 16.56723 43.47364 16.56732 43.4736 16.56754 43.47313 16.56744 43.47315 16.56732 43.473 16.56728 43.47294 16.56762 43.47358 16.56778 43.47363 16.56823 43.47363 16.5684 43.47356 16.56865 43.47345 16.56896 43.47332 16.56923 43.47321 16.5694 43.47302 16.56975 43.47281 16.5701 43.47261 16.57054 43.4724 16.57081 43.47221 16.57113 43.47205 16.57151 43.47186 16.57182 43.47153 16.5722 43.47152 16.57221 43.47111 16.57262 43.47058 16.57325 43.4704 16.57342 43.47016 16.57363 43.46973 16.57403 43.46896 16.57462 43.46882 16.57477 43.46857 16.57517 43.4685 16.57537 43.46808 16.5762 43.46787 16.57652 43.46742 16.57705 43.46707 16.5777 43.46679 16.57804 43.46641 16.57844 43.46587 16.57922 43.46569 16.57952 43.46558 16.57965 43.46626 16.58177 43.4666 16.58218 43.46681 16.58244 43.46691 16.58249 43.46726 16.58263 43.46782 16.5834 43.46829 16.58403 43.46967 16.58591 43.471 16.58771 43.47144 16.58832 43.47192 16.58855 43.47227 16.58859 43.47304 16.58959 43.47312 16.58989 43.47317 16.59009 43.47356 16.59023 43.47356 16.59023 43.47397 16.59024 43.47433 16.59024 43.4747 16.59042 43.47518 16.59065 43.47678 16.59018 43.48778 16.5815 43.4899 16.57797 43.49264 16.57342 43.49281 16.57313 43.49727 16.56823 43.50017 16.56505</gml:posList>
                        </gml:LinearRing>
                      </gml:exterior>
                    </gml:Polygon>
                  </gml:surfaceMember>
                  <gml:surfaceMember>
                    <gml:Polygon gml:id="MEDIA_MONITORED_CILJ_ID_1_POLUTANT_2_MODEL_84">
                      <gml:exterior>
                        <gml:LinearRing>
                          <gml:posList srsDimension="2">43.52234 16.4155 43.52237 16.41558 43.5224 16.41562 43.52245 16.41564 43.52249 16.41561 43.52252 16.41557 43.52256 16.41549 43.52257 16.41539 43.52259 16.41529 43.52262 16.41515 43.52261 16.41504 43.5226 16.41497 43.52258 16.41489 43.52256 16.41486 43.52251 16.41486 43.52246 16.4149 43.52242 16.415 43.5224 16.41507 43.52238 16.41516 43.52236 16.41524 43.52235 16.41535 43.52234 16.4155</gml:posList>
                        </gml:LinearRing>
                      </gml:exterior>
                    </gml:Polygon>
                  </gml:surfaceMember>
                  <gml:surfaceMember>
                    <gml:Polygon gml:id="MEDIA_MONITORED_CILJ_ID_1_POLUTANT_2_MODEL_85">
                      <gml:exterior>
                        <gml:LinearRing>
                          <gml:posList srsDimension="2">43.53583 16.44778 43.53586 16.44782 43.5359 16.44782 43.53594 16.4478 43.53593 16.44775 43.53592 16.44769 43.53591 16.44765 43.53588 16.44764 43.53584 16.44766 43.53583 16.44769 43.53582 16.44773 43.53583 16.44778</gml:posList>
                        </gml:LinearRing>
                      </gml:exterior>
                    </gml:Polygon>
                  </gml:surfaceMember>
                  <gml:surfaceMember>
                    <gml:Polygon gml:id="MEDIA_MONITORED_CILJ_ID_1_POLUTANT_2_MODEL_86">
                      <gml:exterior>
                        <gml:LinearRing>
                          <gml:posList srsDimension="2">43.515 16.24743 43.5152 16.24825 43.51535 16.24914 43.51548 16.25012 43.51556 16.2506 43.51557 16.2507 43.51567 16.25107 43.51582 16.25159 43.51592 16.25192 43.51596 16.25194 43.5161 16.2519 43.51616 16.25194 43.51629 16.25213 43.51662 16.25261 43.51671 16.25261 43.518 16.25174 43.51805 16.25167 43.51807 16.25154 43.51807 16.25137 43.51805 16.25097 43.51803 16.25071 43.51799 16.25038 43.51797 16.25024 43.51794 16.25002 43.51794 16.24947 43.51789 16.24934 43.51746 16.24858 43.51648 16.24687 43.51643 16.24673 43.51632 16.24656 43.51621 16.24627 43.51608 16.24595 43.51589 16.24595 43.51576 16.24601 43.51565 16.24608 43.51556 16.24615 43.51542 16.24624 43.51526 16.24636 43.51515 16.24647 43.51512 16.2465 43.51501 16.24662 43.51495 16.2467 43.51489 16.24681 43.51487 16.24694 43.515 16.24743</gml:posList>
                        </gml:LinearRing>
                      </gml:exterior>
                    </gml:Polygon>
                  </gml:surfaceMember>
                  <gml:surfaceMember>
                    <gml:Polygon gml:id="MEDIA_MONITORED_CILJ_ID_1_POLUTANT_2_MODEL_87">
                      <gml:exterior>
                        <gml:LinearRing>
                          <gml:posList srsDimension="2">43.42905 16.12026 43.42907 16.12034 43.42907 16.12046 43.42912 16.12054 43.42915 16.12054 43.42921 16.12047 43.42921 16.12034 43.4292 16.12026 43.42915 16.12012 43.42915 16.12007 43.4291 16.12002 43.42907 16.12002 43.42903 16.12005 43.42901 16.12011 43.42905 16.12026</gml:posList>
                        </gml:LinearRing>
                      </gml:exterior>
                    </gml:Polygon>
                  </gml:surfaceMember>
                  <gml:surfaceMember>
                    <gml:Polygon gml:id="MEDIA_MONITORED_CILJ_ID_1_POLUTANT_2_MODEL_88">
                      <gml:exterior>
                        <gml:LinearRing>
                          <gml:posList srsDimension="2">43.41209 16.13601 43.4122 16.13616 43.4125 16.13624 43.41328 16.13623 43.41349 16.13618 43.41368 16.13609 43.41371 16.13609 43.41386 16.13602 43.41404 16.13585 43.41417 16.13565 43.41444 16.13479 43.41446 16.13462 43.41441 16.13447 43.41429 16.1343 43.41409 16.13417 43.41373 16.13417 43.41359 16.13424 43.4133 16.13433 43.41292 16.13462 43.41275 16.13484 43.41242 16.13515 43.41219 16.13547 43.41209 16.13576 43.41209 16.13601</gml:posList>
                        </gml:LinearRing>
                      </gml:exterior>
                    </gml:Polygon>
                  </gml:surfaceMember>
                  <gml:surfaceMember>
                    <gml:Polygon gml:id="MEDIA_MONITORED_CILJ_ID_1_POLUTANT_2_MODEL_89">
                      <gml:exterior>
                        <gml:LinearRing>
                          <gml:posList srsDimension="2">43.45569 16.07574 43.45578 16.07549 43.4558 16.07467 43.45579 16.0743 43.45571 16.074 43.45571 16.0737 43.4557 16.07252 43.45568 16.07238 43.45558 16.07212 43.45533 16.07187 43.45517 16.07177 43.45491 16.07174 43.45458 16.0718 43.45435 16.07176 43.45418 16.07169 43.45391 16.0716 43.45382 16.07153 43.45362 16.07125 43.45356 16.07112 43.45346 16.07101 43.45339 16.07095 43.45332 16.07085 43.45327 16.07063 43.45322 16.07026 43.4532 16.07013 43.45313 16.06996 43.45297 16.06976 43.4528 16.06966 43.45254 16.06955 43.45232 16.06954 43.45211 16.06945 43.45196 16.06928 43.45184 16.06909 43.45172 16.06899 43.45157 16.06899 43.45137 16.06909 43.45112 16.06909 43.45089 16.06895 43.45069 16.0689 43.45062 16.06885 43.45058 16.06878 43.45059 16.0686 43.45066 16.06842 43.4507 16.06828 43.45091 16.0677 43.45109 16.06733 43.45118 16.067 43.45119 16.06644 43.45126 16.06621 43.4514 16.06598 43.45155 16.06561 43.4516 16.06553 43.45186 16.06489 43.45195 16.06457 43.45201 16.06418 43.45202 16.06304 43.45201 16.06281 43.45197 16.0626 43.45186 16.06243 43.45172 16.06227 43.45103 16.06177 43.45092 16.06164 43.45072 16.06136 43.45058 16.06114 43.45053 16.06097 43.4505 16.06077 43.45051 16.06061 43.45054 16.06037 43.45069 16.05983 43.45083 16.05948 43.45115 16.0588 43.45122 16.0585 43.45137 16.05811 43.45148 16.05784 43.45159 16.0576 43.45164 16.05733 43.45165 16.057 43.45166 16.05665 43.45169 16.05632 43.45167 16.05604 43.45148 16.0556 43.45136 16.05537 43.4512 16.0549 43.45109 16.05467 43.45067 16.0541 43.45 16.05359 43.44913 16.05323 43.44846 16.05315 43.44812 16.05314 43.44799 16.05319 43.4475 16.05354 43.44714 16.05384 43.44674 16.05406 43.44653 16.05411 43.44642 16.05417 43.44593 16.05421 43.44589 16.05426 43.44587 16.05444 43.44582 16.05448 43.44577 16.05446 43.44573 16.05436 43.44568 16.05436 43.4456 16.05442 43.44552 16.05457 43.44547 16.05482 43.44549 16.05524 43.44563 16.05579 43.4458 16.05629 43.4461 16.05691 43.44623 16.05731 43.44644 16.05778 43.44649 16.05796 43.44677 16.05858 43.4473 16.05935 43.44739 16.05953 43.44745 16.0596 43.4478 16.06042 43.44792 16.0612 43.44793 16.06139 43.44788 16.06176 43.44773 16.06225 43.44751 16.06272 43.44736 16.06289 43.44722 16.06306 43.44624 16.06373 43.446 16.06395 43.44578 16.06424 43.44543 16.06468 43.44505 16.06524 43.44481 16.06583 43.44478 16.06603 43.44469 16.06721 43.44468 16.06792 43.44472 16.06818 43.44472 16.0686 43.44475 16.06892 43.4448 16.069 43.44492 16.06896 43.44498 16.06902 43.44498 16.06912 43.44493 16.06922 43.44482 16.06919 43.44475 16.06927 43.44474 16.06939 43.44481 16.06979 43.44497 16.07015 43.44513 16.07061 43.44537 16.0716 43.44548 16.07187 43.4456 16.07205 43.44567 16.0722 43.44574 16.07242 43.44577 16.07274 43.44581 16.07292 43.44584 16.07329 43.44584 16.074 43.44574 16.07457 43.44572 16.07509 43.44577 16.07541 43.44582 16.07554 43.44621 16.07604 43.44625 16.07616 43.44625 16.07623 43.44625 16.07631 43.44617 16.07661 43.44589 16.07734 43.4456 16.07805 43.44549 16.07842 43.44526 16.0795 43.44518 16.08005 43.44513 16.08056 43.44501 16.08114 43.44497 16.08185 43.44489 16.08217 43.4448 16.08244 43.44467 16.08266 43.44435 16.08282 43.44406 16.08289 43.44392 16.08282 43.44379 16.08267 43.44362 16.08231 43.44345 16.08212 43.44331 16.08185 43.44309 16.08147 43.44273 16.08099 43.44262 16.08074 43.44244 16.08049 43.44237 16.08044 43.44205 16.08031 43.4416 16.08025 43.44146 16.08013 43.44131 16.0801 43.4412 16.07996 43.44113 16.07996 43.44108 16.07999 43.44101 16.07997 43.44097 16.0799 43.44087 16.0798 43.44074 16.07977 43.44058 16.07967 43.4404 16.07967 43.44031 16.07961 43.44009 16.07963 43.44004 16.07958 43.43997 16.07958 43.43988 16.07968 43.43974 16.07967 43.43963 16.0796 43.43948 16.0796 43.43939 16.07967 43.4393 16.07967 43.43914 16.07984 43.43901 16.07986 43.43894 16.07998 43.43887 16.08008 43.43874 16.08013 43.43867 16.08031 43.43861 16.08033 43.43845 16.08032 43.43832 16.08039 43.43827 16.08057 43.43821 16.08064 43.43813 16.08059 43.43809 16.08064 43.43808 16.08071 43.43801 16.08078 43.43795 16.08082 43.43787 16.0809 43.43773 16.08095 43.4377 16.08102 43.4376 16.08112 43.43747 16.08122 43.43738 16.08122 43.43732 16.08129 43.43731 16.08136 43.43722 16.08147 43.43714 16.08156 43.43705 16.08171 43.43693 16.08188 43.43688 16.08191 43.43684 16.082 43.43683 16.08213 43.43682 16.08219 43.4368 16.08221 43.43676 16.08224 43.43667 16.08233 43.43657 16.08251 43.43654 16.08259 43.43626 16.08298 43.4359 16.08359 43.43575 16.08393 43.43559 16.08458 43.43551 16.08499 43.43545 16.08531 43.43545 16.0857 43.4355 16.0861 43.43552 16.08648 43.43563 16.08702 43.43577 16.08736 43.4362 16.08797 43.43646 16.08864 43.43659 16.08881 43.43675 16.08894 43.43721 16.08914 43.43743 16.08922 43.43779 16.08928 43.43795 16.08938 43.438 16.08946 43.43804 16.08955 43.43804 16.0906 43.43811 16.09075 43.43822 16.09082 43.43829 16.09087 43.43829 16.09092 43.43824 16.09097 43.43815 16.09098 43.43811 16.09102 43.43811 16.09109 43.43817 16.09122 43.4385 16.09211 43.4386 16.09228 43.43871 16.09243 43.43887 16.09256 43.43925 16.09259 43.43945 16.09258 43.4397 16.09255 43.43986 16.09245 43.44005 16.09228 43.44031 16.09194 43.44052 16.09172 43.44083 16.09161 43.44101 16.09149 43.44113 16.09134 43.44123 16.09116 43.44134 16.09102 43.44144 16.09095 43.4417 16.09091 43.44186 16.09078 43.44224 16.09069 43.44242 16.0906 43.44283 16.09053 43.44304 16.09053 43.44323 16.09049 43.44336 16.09049 43.44339 16.09054 43.44346 16.09057 43.44355 16.09054 43.44362 16.09043 43.44368 16.09037 43.44382 16.09038 43.4439 16.09052 43.44393 16.0907 43.44398 16.09077 43.44415 16.0908 43.44424 16.09085 43.44463 16.0913 43.44464 16.09138 43.44464 16.0915 43.4447 16.09158 43.44482 16.09163 43.44488 16.0917 43.44488 16.0918 43.44494 16.09203 43.44514 16.0923 43.44525 16.0926 43.4453 16.09292 43.44538 16.09315 43.44545 16.09347 43.44552 16.09359 43.4457 16.09409 43.4458 16.09461 43.44589 16.09486 43.44596 16.09506 43.44612 16.09561 43.44615 16.0959 43.44616 16.09608 43.44613 16.09625 43.44585 16.09734 43.44584 16.09782 43.44596 16.09817 43.44625 16.0982 43.44647 16.09818 43.44663 16.09809 43.44676 16.09792 43.44683 16.09769 43.44691 16.09703 43.44692 16.09666 43.44687 16.09599 43.44693 16.09574 43.44696 16.0955 43.44704 16.09528 43.44711 16.0951 43.4472 16.09486 43.44726 16.09456 43.44728 16.09407 43.4474 16.09333 43.44756 16.09289 43.44776 16.09248 43.44821 16.09166 43.44833 16.09152 43.44908 16.09035 43.44921 16.09025 43.44932 16.09023 43.44941 16.09018 43.44946 16.09011 43.44955 16.09002 43.44982 16.09036 43.44989 16.09024 43.44957 16.08984 43.44964 16.08969 43.4498 16.08948 43.45009 16.0891 43.45027 16.08931 43.45013 16.08959 43.4502 16.08966 43.45037 16.08937 43.45042 16.08934 43.45048 16.08934 43.45069 16.08959 43.45085 16.08988 43.45092 16.08993 43.45108 16.08996 43.45141 16.08999 43.45168 16.08992 43.45182 16.08991 43.45218 16.0899 43.4527 16.09014 43.45308 16.09018 43.45337 16.09018 43.45362 16.09011 43.45415 16.09002 43.45425 16.0899 43.4544 16.08982 43.45467 16.08958 43.455 16.08917 43.45529 16.08853 43.45537 16.08827 43.45543 16.08796 43.45555 16.08724 43.45554 16.08589 43.45547 16.08551 43.45522 16.08472 43.45512 16.08425 43.45507 16.08398 43.45499 16.08311 43.45497 16.08294 43.4549 16.08257 43.45489 16.08244 43.45485 16.08229 43.45476 16.08187 43.45472 16.08167 43.45468 16.08142 43.45454 16.08123 43.45433 16.08111 43.45424 16.08104 43.45405 16.0807 43.45391 16.08057 43.45382 16.08042 43.45379 16.0802 43.45361 16.0799 43.45351 16.07965 43.45349 16.07948 43.45356 16.07926 43.45391 16.07877 43.45423 16.07836 43.45484 16.07743 43.45502 16.07703 43.45525 16.0767 43.45543 16.07652 43.45556 16.07617 43.45564 16.07591 43.45569 16.07574</gml:posList>
                        </gml:LinearRing>
                      </gml:exterior>
                    </gml:Polygon>
                  </gml:surfaceMember>
                  <gml:surfaceMember>
                    <gml:Polygon gml:id="MEDIA_MONITORED_CILJ_ID_1_POLUTANT_2_MODEL_90">
                      <gml:exterior>
                        <gml:LinearRing>
                          <gml:posList srsDimension="2">45.44123 14.57911 45.44335 14.57346 45.44621 14.57304 45.44829 14.5728 45.44941 14.57191 45.45143 14.57014 45.45335 14.56851 45.45532 14.56673 45.45706 14.56484 45.45896 14.56259 45.4602 14.56119 45.46455 14.55719 45.46663 14.55523 45.467 14.5549 45.46832 14.55371 45.46594 14.55314 45.46507 14.55275 45.46432 14.55149 45.46312 14.55072 45.46228 14.55057 45.46133 14.55082 45.46044 14.55048 45.45921 14.54983 45.45812 14.5493 45.45733 14.54873 45.45639 14.54834 45.45573 14.54789 45.45505 14.54735 45.45429 14.54667 45.45305 14.54659 45.4519 14.54576 45.45092 14.5453 45.44949 14.54404 45.44919 14.54261 45.4479 14.54195 45.4468 14.54141 45.44607 14.54062 45.44517 14.53985 45.44445 14.53882 45.44339 14.53803 45.44217 14.53773 45.44096 14.53713 45.43984 14.53639 45.43809 14.5351 45.43729 14.53483 45.43691 14.5347 45.43623 14.53465 45.43569 14.53512 45.43547 14.53538 45.43519 14.53542 45.4347 14.53554 45.43441 14.53545 45.43433 14.53513 45.43377 14.53488 45.43318 14.53486 45.43271 14.53498 45.4326 14.53515 45.43212 14.53548 45.43177 14.53564 45.43154 14.53568 45.43106 14.53516 45.43071 14.53474 45.43012 14.53422 45.42935 14.53368 45.4283 14.53311 45.42738 14.53258 45.42662 14.53167 45.42589 14.53036 45.42521 14.52962 45.4243 14.52958 45.4234 14.53006 45.42285 14.52991 45.4223 14.52925 45.42215 14.52817 45.42248 14.52675 45.42223 14.52589 45.4222 14.52577 45.42142 14.52465 45.42057 14.52357 45.42052 14.52258 45.42024 14.52194 45.42005 14.52057 45.41982 14.5197 45.4192 14.51869 45.41925 14.51761 45.41922 14.51759 45.41893 14.51734 45.41876 14.5172 45.41872 14.51716 45.41798 14.51721 45.41712 14.51642 45.41646 14.51614 45.41585 14.51562 45.41517 14.51526 45.41509 14.51495 45.41511 14.51357 45.41509 14.51341 45.41506 14.51322 45.4149 14.51213 45.41436 14.51049 45.41368 14.50951 45.41287 14.50847 45.41247 14.5075 45.41227 14.507 45.41149 14.50631 45.41079 14.50709 45.4103 14.5071 45.40976 14.50627 45.40978 14.50554 45.40988 14.5046 45.40989 14.50452 45.4099 14.50435 45.40995 14.50375 45.40964 14.50384 45.40937 14.50391 45.40871 14.50376 45.408 14.50275 45.40718 14.50192 45.40726 14.50157 45.40721 14.50011 45.40734 14.49855 45.40718 14.49833 45.40675 14.49776 45.40569 14.49749 45.40463 14.49626 45.40423 14.49561 45.40398 14.49532 45.40362 14.4949 45.4034 14.49349 45.40312 14.49228 45.40235 14.49096 45.40171 14.48972 45.40062 14.48871 45.39939 14.48783 45.39823 14.48573 45.39801 14.48527 45.39719 14.48602 45.39658 14.48701 45.39589 14.48786 45.39528 14.48848 45.39514 14.48827 45.39474 14.48871 45.39431 14.48928 45.3937 14.49045 45.39302 14.49136 45.39262 14.49182 45.39232 14.49207 45.39181 14.49248 45.39074 14.49307 45.38967 14.49434 45.38902 14.49502 45.38865 14.49532 45.38782 14.49598 45.38696 14.49651 45.38684 14.49659 45.38555 14.49685 45.38437 14.49712 45.38326 14.49754 45.38172 14.49781 45.38082 14.49799 45.38012 14.49808 45.37983 14.4973 45.37945 14.49673 45.37899 14.49617 45.3787 14.49532 45.37858 14.4945 45.37862 14.49367 45.37864 14.49355 45.37867 14.4934 45.37871 14.49312 45.37834 14.49246 45.37793 14.49199 45.37734 14.49163 45.37647 14.49119 45.37644 14.48981 45.37633 14.48726 45.37618 14.48359 45.37616 14.48283 45.37608 14.48201 45.37551 14.48052 45.37546 14.48035 45.37535 14.48001 45.3751 14.47934 45.37485 14.4787 45.37486 14.47791 45.37485 14.47761 45.37483 14.47727 45.37451 14.47633 45.37511 14.47547 45.37506 14.47537 45.37481 14.47478 45.37437 14.47366 45.37507 14.47302 45.37605 14.47274 45.37689 14.47239 45.37775 14.47196 45.3784 14.47146 45.37888 14.47098 45.37966 14.4705 45.38036 14.47022 45.38081 14.46998 45.3811 14.46982 45.38109 14.46962 45.38106 14.46906 45.38083 14.46824 45.38024 14.46793 45.37977 14.4678 45.37955 14.46769 45.37933 14.46751 45.379 14.46818 45.37876 14.46799 45.37855 14.4682 45.37823 14.46792 45.37833 14.46765 45.37827 14.46732 45.37874 14.46691 45.37876 14.46685 45.3789 14.46634 45.37889 14.46633 45.37889 14.46631 45.37888 14.4663 45.37871 14.46575 45.3788 14.46532 45.37898 14.46495 45.37916 14.46431 45.37956 14.46306 45.37985 14.46185 45.38008 14.46096 45.3801 14.46051 45.38029 14.46027 45.38043 14.4601 45.38053 14.45937 45.38104 14.4587 45.38104 14.45818 45.38103 14.45814 45.38088 14.45766 45.38045 14.45688 45.3797 14.4567 45.37943 14.45637 45.37919 14.45522 45.37899 14.45423 45.37906 14.45319 45.37899 14.45307 45.37878 14.45267 45.37815 14.45208 45.37777 14.45164 45.37846 14.45035 45.37792 14.45015 45.37748 14.44952 45.3774 14.44941 45.37758 14.44884 45.37788 14.44801 45.37587 14.44704 45.37545 14.4465 45.37541 14.44597 45.37542 14.44589 45.37548 14.4453 45.37545 14.44512 45.3754 14.44476 45.37489 14.44454 45.37441 14.44434 45.37417 14.44399 45.37386 14.4435 45.37353 14.44297 45.37355 14.44244 45.3734 14.44202 45.3732 14.44224 45.37282 14.4423 45.37246 14.44221 45.37212 14.44267 45.37185 14.44302 45.37145 14.44301 45.37144 14.44199 45.37132 14.44102 45.37 14.44144 45.36911 14.44171 45.36796 14.44287 45.3672 14.44257 45.36665 14.44243 45.36605 14.44267 45.36559 14.44335 45.36517 14.44379 45.36465 14.44452 45.3643 14.4447 45.3638 14.44508 45.36309 14.44506 45.3622 14.44554 45.36185 14.44599 45.36152 14.4464 45.36107 14.44637 45.36048 14.44606 45.35988 14.44577 45.35931 14.4459 45.35895 14.44638 45.35869 14.44672 45.35812 14.44728 45.35818 14.44794 45.35816 14.44849 45.35832 14.44903 45.35846 14.44943 45.35855 14.45003 45.35857 14.45067 45.35861 14.45117 45.35876 14.45177 45.35883 14.45216 45.35886 14.45252 45.35897 14.45292 45.35951 14.45268 45.35987 14.45258 45.36016 14.45277 45.36053 14.45323 45.36087 14.45371 45.36128 14.45423 45.36145 14.45459 45.36143 14.45483 45.36141 14.45499 45.36133 14.45538 45.36123 14.45581 45.36128 14.45632 45.36135 14.45657 45.36136 14.45662 45.36128 14.45673 45.36093 14.45722 45.36087 14.45732 45.36044 14.45767 45.35988 14.45834 45.35931 14.45898 45.35881 14.45961 45.35823 14.46028 45.35772 14.4608 45.35749 14.46084 45.35729 14.46113 45.357 14.46092 45.35672 14.46073 45.35668 14.4616 45.35663 14.46219 45.35654 14.46294 45.35648 14.46348 45.35667 14.46366 45.35686 14.46362 45.35717 14.46352 45.35743 14.46385 45.35759 14.46427 45.35781 14.4649 45.35819 14.46524 45.35822 14.46568 45.35828 14.4664 45.35831 14.46661 45.35834 14.46678 45.35835 14.46685 45.35836 14.46692 45.35835 14.46714 45.35834 14.46745 45.35832 14.46792 45.35826 14.46857 45.35803 14.46899 45.3574 14.4696 45.35703 14.47007 45.35651 14.47078 45.3562 14.47109 45.3558 14.47136 45.35523 14.47165 45.35479 14.47185 45.35384 14.47227 45.35286 14.47288 45.352 14.47318 45.3512 14.47338 45.35034 14.47347 45.34951 14.47374 45.3494 14.474 45.34925 14.47382 45.34866 14.474 45.34858 14.47382 45.3485 14.47362 45.3482 14.47345 45.34788 14.47343 45.34768 14.47341 45.34676 14.47377 45.34572 14.47409 45.34519 14.47435 45.345 14.47445 45.3448 14.47451 45.34462 14.47472 45.34454 14.4751 45.3446 14.47537 45.3447 14.47574 45.34473 14.47583 45.34476 14.47591 45.34477 14.47591 45.34477 14.47593 45.34477 14.47625 45.34466 14.4763 45.34448 14.47622 45.34432 14.47595 45.34402 14.47555 45.34303 14.47619 45.34204 14.47845 45.34156 14.47961 45.34103 14.48052 45.34025 14.4815 45.33977 14.48223 45.33938 14.48291 45.33905 14.48287 45.33825 14.4829 45.33772 14.48315 45.33696 14.48387 45.33611 14.48444 45.33545 14.48491 45.33474 14.48525 45.33547 14.48641 45.33591 14.48698 45.33634 14.48749 45.33679 14.48803 45.3371 14.48834 45.33749 14.48863 45.33763 14.48892 45.33775 14.48935 45.33802 14.48992 45.33819 14.4905 45.33847 14.49088 45.3389 14.49151 45.33914 14.49201 45.3394 14.49265 45.3396 14.49321 45.33989 14.49408 45.34026 14.49533 45.34103 14.49689 45.34202 14.49909 45.3426 14.5005 45.34318 14.5021 45.34291 14.5024 45.34278 14.50253 45.34264 14.5029 45.3427 14.50333 45.34277 14.50385 45.34291 14.50411 45.34315 14.5044 45.34339 14.50456 45.34364 14.50452 45.34382 14.50429 45.34403 14.5038 45.34463 14.50496 45.34509 14.50596 45.34561 14.50727 45.3462 14.50872 45.34659 14.50963 45.34692 14.51084 45.3472 14.51191 45.34757 14.51264 45.34798 14.51309 45.3485 14.51376 45.34886 14.51424 45.34944 14.51485 45.34983 14.51547 45.35019 14.51589 45.35071 14.51644 45.35173 14.51741 45.3523 14.51815 45.35255 14.51842 45.35306 14.51931 45.35352 14.51965 45.35393 14.5199 45.35434 14.52031 45.35487 14.52063 45.35523 14.52117 45.35537 14.52183 45.35543 14.52272 45.35548 14.52345 45.3555 14.52419 45.35561 14.52457 45.3559 14.52517 45.35625 14.5258 45.35665 14.52641 45.3571 14.52692 45.35755 14.52755 45.35782 14.52824 45.35804 14.52912 45.35846 14.53032 45.35859 14.53126 45.35901 14.53246 45.35908 14.53304 45.35953 14.53444 45.36001 14.53574 45.36012 14.53677 45.36023 14.53792 45.36039 14.53889 45.36044 14.53924 45.36048 14.53948 45.36052 14.53969 45.36038 14.54012 45.36026 14.5405 45.36017 14.54079 45.36 14.54178 45.35963 14.54335 45.35947 14.54496 45.35869 14.54605 45.35888 14.54746 45.35956 14.5488 45.35962 14.54933 45.35966 14.5497 45.35962 14.54996 45.35958 14.55023 45.35939 14.55131 45.35876 14.55196 45.35852 14.55306 45.35898 14.55477 45.35963 14.55618 45.36026 14.55732 45.36089 14.55821 45.36152 14.55902 45.36242 14.56063 45.36266 14.56148 45.36351 14.56299 45.3639 14.5639 45.36524 14.56653 45.36705 14.57031 45.3676 14.57146 45.36852 14.57318 45.37011 14.57507 45.37087 14.5773 45.37109 14.57859 45.37194 14.57977 45.37204 14.58051 45.37282 14.58118 45.37281 14.58126 45.37277 14.58162 45.37257 14.58311 45.37246 14.58403 45.37287 14.58548 45.37328 14.58668 45.37368 14.5875 45.37453 14.58812 45.3751 14.58835 45.37549 14.58873 45.37594 14.58918 45.37597 14.58921 45.37609 14.58933 45.37616 14.5894 45.37585 14.59008 45.37601 14.59101 45.37631 14.59199 45.3767 14.59283 45.37755 14.59376 45.37812 14.59444 45.37841 14.59546 45.37945 14.59622 45.38009 14.59634 45.38069 14.59654 45.38112 14.59708 45.38157 14.59764 45.38186 14.59743 45.38247 14.59785 45.38313 14.59713 45.38353 14.59692 45.38472 14.59754 45.38672 14.59857 45.39465 14.60258 45.40232 14.60647 45.41167 14.61126 45.42105 14.61609 45.43038 14.62081 45.43126 14.62126 45.42968 14.60904 45.43273 14.59035 45.43409 14.58666 45.43421 14.58632 45.43425 14.58623 45.43414 14.58565 45.44123 14.57911</gml:posList>
                        </gml:LinearRing>
                      </gml:exterior>
                    </gml:Polygon>
                  </gml:surfaceMember>
                  <gml:surfaceMember>
                    <gml:Polygon gml:id="MEDIA_MONITORED_CILJ_ID_1_POLUTANT_2_MODEL_91">
                      <gml:exterior>
                        <gml:LinearRing>
                          <gml:posList srsDimension="2">45.40033 14.37011 45.40059 14.37003 45.40085 14.36995 45.40094 14.36993 45.40094 14.36958 45.40082 14.3696 45.40012 14.36906 45.3998 14.3679 45.39981 14.36714 45.39958 14.36638 45.39995 14.36506 45.40011 14.36428 45.40021 14.3639 45.40033 14.3635 45.40046 14.36304 45.40038 14.3627 45.40036 14.36259 45.40027 14.36219 45.40031 14.36115 45.40055 14.35997 45.4004 14.35964 45.4001 14.35896 45.40015 14.35821 45.39995 14.35806 45.39981 14.35795 45.3995 14.35772 45.39865 14.35802 45.39858 14.35724 45.39895 14.35679 45.39923 14.35645 45.39899 14.35549 45.39932 14.35461 45.39902 14.35361 45.39839 14.3537 45.39769 14.35355 45.39692 14.35344 45.3962 14.35335 45.39547 14.35326 45.39476 14.35318 45.39397 14.35285 45.39362 14.35198 45.39395 14.35094 45.39338 14.35097 45.39304 14.35 45.39252 14.34927 45.39218 14.34824 45.39287 14.3471 45.39281 14.34665 45.39278 14.34637 45.39259 14.34544 45.39326 14.34423 45.39331 14.34347 45.39332 14.34323 45.39305 14.34326 45.39287 14.34328 45.39281 14.34328 45.39246 14.34332 45.39157 14.34376 45.39102 14.34364 45.39069 14.34279 45.38984 14.34249 45.38947 14.3414 45.38886 14.34139 45.38815 14.3413 45.38741 14.34173 45.38703 14.34094 45.38651 14.34081 45.38588 14.34034 45.38524 14.3394 45.38454 14.33895 45.38444 14.33875 45.38399 14.33791 45.38367 14.33745 45.38325 14.33719 45.38293 14.337 45.3822 14.33503 45.38161 14.33352 45.38088 14.33188 45.38049 14.33204 45.38023 14.33149 45.37979 14.33126 45.37929 14.33127 45.37885 14.33073 45.37841 14.33003 45.3776 14.32886 45.37739 14.3279 45.37699 14.3272 45.37667 14.32723 45.37614 14.32729 45.37566 14.32686 45.37532 14.32654 45.3753 14.32652 45.37457 14.32617 45.37424 14.32597 45.37375 14.32598 45.37328 14.32587 45.37259 14.32594 45.37216 14.32573 45.37199 14.32564 45.37187 14.32498 45.37094 14.32472 45.37013 14.32448 45.36964 14.32479 45.36928 14.32508 45.36906 14.32525 45.36907 14.32527 45.37006 14.32654 45.36994 14.32748 45.36964 14.32753 45.36921 14.32764 45.36892 14.32763 45.36857 14.32748 45.36853 14.32785 45.36847 14.32839 45.36839 14.32903 45.36851 14.32947 45.36853 14.33005 45.36878 14.33066 45.36883 14.33096 45.36887 14.33121 45.36874 14.33142 45.36846 14.33185 45.36853 14.33227 45.36844 14.33252 45.3683 14.3329 45.36799 14.33322 45.36792 14.33373 45.36828 14.33475 45.36819 14.33524 45.36813 14.33587 45.36835 14.33705 45.36836 14.3371 45.36837 14.33722 45.36839 14.33729 45.36842 14.3375 45.36829 14.33835 45.36813 14.33923 45.36798 14.34045 45.36792 14.341 45.36768 14.34187 45.36779 14.34217 45.36776 14.34271 45.36775 14.34274 45.36754 14.34299 45.36746 14.34382 45.3675 14.34382 45.36762 14.34383 45.36775 14.34387 45.36785 14.34389 45.36786 14.34392 45.36786 14.34394 45.3679 14.3441 45.36779 14.34434 45.3677 14.34454 45.36743 14.3443 45.36731 14.3442 45.36724 14.34414 45.36718 14.34392 45.36678 14.34395 45.36648 14.34292 45.36625 14.34276 45.36592 14.34219 45.36566 14.34097 45.36546 14.34026 45.36525 14.33935 45.36544 14.33859 45.36542 14.33851 45.36529 14.33807 45.36528 14.33804 45.36503 14.33765 45.36487 14.3375 45.36476 14.33798 45.36441 14.33813 45.36422 14.33791 45.36383 14.33766 45.36325 14.33741 45.36248 14.33755 45.36163 14.33752 45.36106 14.33755 45.36018 14.3376 45.35996 14.33802 45.35972 14.33846 45.35893 14.34033 45.35727 14.34362 45.35651 14.34544 45.35567 14.34715 45.35523 14.34807 45.35497 14.34887 45.35499 14.34962 45.35479 14.35062 45.35464 14.35167 45.35463 14.3527 45.35435 14.3537 45.35402 14.35452 45.35372 14.35493 45.35333 14.35566 45.35265 14.35709 45.35308 14.35701 45.3536 14.35682 45.35407 14.35678 45.35501 14.35672 45.3551 14.35665 45.35555 14.35633 45.35573 14.35615 45.35601 14.35595 45.35632 14.35578 45.35677 14.35585 45.35732 14.35598 45.3577 14.35598 45.35824 14.35593 45.3586 14.35597 45.35881 14.35606 45.35893 14.3561 45.35904 14.35624 45.35905 14.35625 45.35916 14.35653 45.35916 14.35658 45.35917 14.35665 45.35918 14.35675 45.35919 14.35685 45.35917 14.35699 45.35914 14.35718 45.35896 14.35737 45.3588 14.35758 45.35864 14.35771 45.35879 14.35818 45.35912 14.35805 45.35913 14.35821 45.35934 14.35826 45.35952 14.35829 45.35962 14.35831 45.35958 14.35838 45.35956 14.35841 45.3595 14.35853 45.35926 14.35877 45.35891 14.35882 45.35864 14.35895 45.35831 14.35932 45.35826 14.3596 45.35841 14.36005 45.35855 14.36017 45.35863 14.36025 45.35898 14.36059 45.35926 14.36096 45.35936 14.36111 45.35943 14.36121 45.35934 14.36156 45.35942 14.36172 45.35974 14.36238 45.3596 14.36259 45.35938 14.36292 45.35934 14.36351 45.35923 14.36391 45.35922 14.36452 45.35927 14.36485 45.35931 14.36517 45.35931 14.36524 45.35926 14.36573 45.35922 14.36627 45.35968 14.36675 45.36004 14.36733 45.36036 14.36756 45.36094 14.3677 45.36096 14.36794 45.36096 14.36795 45.36097 14.36796 45.36094 14.36807 45.36089 14.36828 45.36091 14.36848 45.36128 14.36871 45.36174 14.36884 45.36209 14.36935 45.36241 14.36987 45.36258 14.37011 45.36287 14.37032 45.36317 14.37013 45.36347 14.3696 45.36371 14.36911 45.36367 14.36954 45.36377 14.36987 45.36402 14.37041 45.36424 14.3704 45.36429 14.37024 45.3645 14.36991 45.36512 14.36943 45.36537 14.36905 45.36569 14.3688 45.36577 14.36847 45.36599 14.36808 45.36613 14.36822 45.36658 14.36836 45.36709 14.36843 45.36744 14.36837 45.36854 14.36787 45.36911 14.3677 45.36945 14.36784 45.3697 14.36773 45.36993 14.3674 45.37133 14.36708 45.3717 14.36808 45.37219 14.36705 45.3735 14.36728 45.37424 14.36735 45.37514 14.36723 45.37547 14.36722 45.37597 14.36778 45.37666 14.36734 45.37794 14.36668 45.37858 14.36647 45.37884 14.36614 45.37968 14.3655 45.38005 14.36494 45.38055 14.36436 45.38091 14.36377 45.38157 14.36345 45.38154 14.36558 45.38201 14.36617 45.3823 14.36663 45.38241 14.36683 45.38242 14.36759 45.38254 14.3685 45.38262 14.36952 45.38287 14.37031 45.38315 14.37097 45.38353 14.37137 45.38415 14.37161 45.38458 14.37099 45.38484 14.37063 45.38519 14.37093 45.38577 14.37137 45.3866 14.37145 45.38695 14.37144 45.38731 14.37133 45.38745 14.37065 45.38758 14.37001 45.38785 14.36969 45.38817 14.36941 45.38839 14.3693 45.38844 14.36971 45.38853 14.36998 45.38882 14.3703 45.38931 14.37029 45.3898 14.37036 45.38981 14.37102 45.39003 14.37099 45.39027 14.37157 45.39036 14.37217 45.39077 14.37275 45.3915 14.37268 45.39202 14.3727 45.39231 14.37235 45.39236 14.37176 45.39241 14.37108 45.39294 14.37087 45.39326 14.37084 45.39371 14.37117 45.39408 14.37165 45.39437 14.37203 45.39542 14.37228 45.39599 14.37219 45.39665 14.37231 45.39721 14.37219 45.39733 14.37167 45.39741 14.37127 45.39778 14.3711 45.39822 14.37099 45.39857 14.37108 45.3989 14.37077 45.39966 14.37041 45.40033 14.37011</gml:posList>
                        </gml:LinearRing>
                      </gml:exterior>
                    </gml:Polygon>
                  </gml:surfaceMember>
                  <gml:surfaceMember>
                    <gml:Polygon gml:id="MEDIA_MONITORED_CILJ_ID_1_POLUTANT_2_MODEL_92">
                      <gml:exterior>
                        <gml:LinearRing>
                          <gml:posList srsDimension="2">45.29972 14.27616 45.29998 14.27571 45.30024 14.27536 45.30052 14.27509 45.30074 14.27486 45.30109 14.27468 45.30171 14.27086 45.30359 14.27088 45.30427 14.27089 45.30446 14.27054 45.30396 14.27019 45.30359 14.26953 45.30328 14.26848 45.30226 14.26791 45.30127 14.26738 45.30058 14.26667 45.30035 14.26646 45.30009 14.26623 45.29987 14.2659 45.29952 14.2655 45.29809 14.26471 45.29752 14.26459 45.29699 14.2644 45.29736 14.26279 45.29753 14.26189 45.29767 14.26081 45.29767 14.26005 45.29767 14.25965 45.29761 14.25893 45.29758 14.25862 45.29757 14.25854 45.29739 14.25741 45.2975 14.25668 45.29749 14.25631 45.29748 14.25604 45.29746 14.25522 45.29733 14.25407 45.29736 14.252 45.29716 14.2508 45.29711 14.25049 45.29706 14.24995 45.29713 14.24903 45.2973 14.24837 45.29765 14.24667 45.29768 14.24553 45.29772 14.24521 45.29734 14.24507 45.29508 14.24423 45.29527 14.24283 45.29533 14.24211 45.29532 14.23977 45.29536 14.23901 45.29545 14.23537 45.2957 14.23347 45.29579 14.23214 45.2961 14.23009 45.29629 14.22904 45.29634 14.22827 45.2965 14.22721 45.29664 14.22669 45.29684 14.22616 45.29709 14.22608 45.29753 14.22608 45.298 14.22622 45.29951 14.22685 45.30011 14.22692 45.3002 14.22675 45.3003 14.22645 45.30054 14.22607 45.30081 14.22547 45.3011 14.22461 45.30157 14.22351 45.30232 14.221 45.30257 14.22068 45.30273 14.22027 45.30282 14.21999 45.30284 14.21857 45.30285 14.21843 45.30288 14.21805 45.30289 14.21793 45.30289 14.21791 45.30287 14.21774 45.30284 14.21755 45.30283 14.21745 45.3028 14.2164 45.3028 14.2163 45.30283 14.2155 45.30289 14.21406 45.30288 14.21401 45.30287 14.21393 45.30277 14.21305 45.30276 14.2118 45.30284 14.21088 45.30177 14.20968 45.30137 14.209 45.30011 14.20726 45.29956 14.20665 45.29895 14.20577 45.29775 14.2044 45.29735 14.2043 45.29669 14.20434 45.29594 14.20417 45.29527 14.20411 45.29336 14.20406 45.29251 14.20386 45.29194 14.20388 45.29129 14.20384 45.291 14.20371 45.29066 14.20372 45.29025 14.20361 45.28939 14.20358 45.28853 14.2034 45.28821 14.20324 45.28769 14.20308 45.28615 14.20206 45.28505 14.2019 45.28374 14.20175 45.28268 14.20154 45.28037 14.2012 45.27961 14.20129 45.27896 14.20101 45.27841 14.20086 45.27777 14.19991 45.27683 14.1986 45.27628 14.19755 45.27592 14.19704 45.27529 14.19702 45.27503 14.19711 45.27478 14.19718 45.27474 14.19721 45.27451 14.19736 45.27408 14.19769 45.27393 14.19781 45.27387 14.19788 45.27374 14.19804 45.27372 14.19816 45.27369 14.19833 45.27353 14.19874 45.27346 14.19915 45.27323 14.19969 45.27307 14.19986 45.27305 14.19988 45.27269 14.20013 45.27232 14.20025 45.27225 14.20027 45.27208 14.20033 45.27198 14.20045 45.27195 14.20049 45.2719 14.20059 45.27183 14.20076 45.27168 14.20108 45.27162 14.20112 45.27143 14.20126 45.2713 14.20132 45.27122 14.20136 45.27117 14.20141 45.27106 14.20153 45.27075 14.20198 45.27058 14.20223 45.27029 14.20271 45.26998 14.20323 45.26994 14.20329 45.26977 14.20352 45.26941 14.20382 45.26929 14.20397 45.26918 14.2041 45.26905 14.20424 45.26899 14.20453 45.26897 14.20474 45.26896 14.2049 45.2691 14.20724 45.26913 14.2076 45.26939 14.20885 45.26963 14.20953 45.26975 14.21014 45.27015 14.21127 45.27041 14.21237 45.27128 14.2151 45.27129 14.21512 45.2713 14.21517 45.27134 14.21534 45.27155 14.21631 45.2717 14.21744 45.27185 14.21815 45.27189 14.2193 45.27189 14.21946 45.2719 14.21991 45.27192 14.22057 45.2719 14.22074 45.27188 14.22093 45.27186 14.22231 45.27169 14.2235 45.27162 14.22449 45.27151 14.22541 45.27124 14.22656 45.27127 14.22696 45.27125 14.22697 45.27121 14.22701 45.27098 14.2272 45.27089 14.22727 45.27078 14.22737 45.26954 14.2283 45.2687 14.22932 45.26821 14.22985 45.26767 14.23023 45.26734 14.23063 45.26708 14.23104 45.2668 14.23132 45.26601 14.23231 45.26562 14.23307 45.26517 14.23384 45.26467 14.23575 45.26412 14.23835 45.2641 14.23923 45.2641 14.23925 45.2641 14.23941 45.26413 14.24007 45.2641 14.24022 45.2641 14.24026 45.26409 14.24032 45.26396 14.24117 45.26394 14.24131 45.2637 14.24239 45.26356 14.24301 45.26302 14.24479 45.2628 14.24524 45.26269 14.24601 45.26246 14.24663 45.26234 14.24721 45.2621 14.24766 45.26193 14.24818 45.26162 14.24899 45.26107 14.24989 45.2608 14.25047 45.26071 14.25131 45.26047 14.25256 45.26044 14.2534 45.26045 14.25362 45.26047 14.25418 45.26049 14.25441 45.26048 14.25462 45.26046 14.25498 45.26059 14.25655 45.26074 14.25727 45.2608 14.25779 45.26094 14.2584 45.26095 14.25843 45.26095 14.25845 45.26096 14.25846 45.26097 14.25853 45.26107 14.25876 45.26118 14.25997 45.26135 14.26042 45.26266 14.26153 45.26331 14.26194 45.26402 14.26248 45.26417 14.2626 45.26428 14.2627 45.26471 14.26307 45.26474 14.26309 45.26477 14.26335 45.26479 14.26349 45.26479 14.26373 45.26474 14.2642 45.26464 14.26522 45.26471 14.26531 45.26476 14.26549 45.26477 14.26625 45.26479 14.26648 45.26484 14.2667 45.26501 14.26732 45.26501 14.26755 45.26507 14.26766 45.26517 14.26778 45.26528 14.26807 45.26548 14.26846 45.26552 14.26884 45.26558 14.26898 45.2657 14.26922 45.26576 14.2695 45.26589 14.26983 45.26605 14.27003 45.2665 14.27033 45.2667 14.27064 45.26683 14.27097 45.26694 14.27112 45.26708 14.27122 45.26726 14.27122 45.26744 14.27111 45.26755 14.27102 45.26763 14.27085 45.26764 14.27068 45.26765 14.27052 45.26773 14.27032 45.26787 14.27011 45.26796 14.26981 45.26801 14.26958 45.26806 14.26942 45.26814 14.26929 45.26826 14.26922 45.26878 14.26923 45.26898 14.26926 45.26946 14.2693 45.26968 14.26939 45.26983 14.26942 45.27006 14.26949 45.27026 14.26952 45.27044 14.26957 45.2708 14.26973 45.27109 14.26997 45.27134 14.27022 45.27145 14.27036 45.27149 14.27047 45.27151 14.27062 45.27151 14.27081 45.27148 14.27099 45.27135 14.27132 45.27127 14.27148 45.27116 14.27162 45.27102 14.27126 45.27093 14.27134 45.27101 14.2717 45.27099 14.27181 45.27137 14.27189 45.27143 14.27191 45.27151 14.27201 45.27159 14.27241 45.27169 14.27259 45.27175 14.27269 45.27188 14.27271 45.27196 14.27269 45.27202 14.27266 45.27209 14.27252 45.27217 14.27245 45.27227 14.27247 45.27233 14.27255 45.27281 14.27255 45.27288 14.27254 45.27295 14.27249 45.27315 14.27221 45.27333 14.27211 45.2735 14.27208 45.27369 14.2722 45.27388 14.27238 45.27418 14.27248 45.27424 14.27253 45.27443 14.27255 45.27471 14.27276 45.27481 14.27278 45.27598 14.27276 45.27627 14.2728 45.27654 14.27291 45.27694 14.27311 45.2773 14.27328 45.27749 14.27328 45.27759 14.27325 45.27787 14.27295 45.27809 14.27284 45.27827 14.27283 45.27836 14.27288 45.27851 14.27301 45.27858 14.27301 45.2787 14.27283 45.27881 14.2728 45.27895 14.27295 45.27904 14.27298 45.27926 14.27282 45.27939 14.27279 45.27973 14.27279 45.28018 14.27286 45.28023 14.27283 45.28059 14.27258 45.28062 14.27254 45.28068 14.27255 45.28075 14.27268 45.28084 14.27267 45.28095 14.27265 45.28104 14.27257 45.28111 14.27257 45.28117 14.27264 45.28124 14.27275 45.28154 14.27268 45.28162 14.27269 45.28169 14.27274 45.28181 14.27283 45.28185 14.27289 45.28184 14.273 45.28189 14.27307 45.28204 14.27317 45.28207 14.27319 45.28214 14.27321 45.28223 14.27317 45.28232 14.27319 45.28241 14.27328 45.28252 14.27344 45.28267 14.27354 45.28283 14.27352 45.28292 14.27344 45.283 14.27328 45.28307 14.27312 45.28311 14.27305 45.28318 14.27308 45.28326 14.27326 45.28339 14.27337 45.2835 14.27342 45.28363 14.2734 45.28387 14.27335 45.28398 14.27342 45.28407 14.27356 45.28411 14.27358 45.28417 14.27359 45.28425 14.27357 45.28438 14.2736 45.28454 14.27365 45.28472 14.27372 45.28495 14.27369 45.2851 14.27356 45.28542 14.27355 45.28562 14.27353 45.2857 14.27358 45.28582 14.27373 45.28592 14.27376 45.28599 14.27375 45.28607 14.27381 45.28618 14.27391 45.2863 14.2739 45.28636 14.27383 45.28637 14.27375 45.28639 14.27365 45.28649 14.2735 45.28662 14.27347 45.28676 14.27349 45.2869 14.27357 45.287 14.27367 45.28707 14.27383 45.28711 14.27405 45.28715 14.27421 45.28717 14.27428 45.28719 14.27438 45.28715 14.27458 45.28718 14.27468 45.2873 14.27483 45.28739 14.27506 45.28752 14.27514 45.28779 14.27519 45.28786 14.27525 45.28791 14.27533 45.28792 14.27535 45.288 14.27536 45.28813 14.27533 45.28823 14.27538 45.28833 14.27543 45.28846 14.27555 45.28858 14.27556 45.28871 14.27568 45.28889 14.27573 45.28905 14.27596 45.28911 14.27599 45.28923 14.27598 45.28932 14.27606 45.28941 14.27606 45.28948 14.27601 45.2897 14.27603 45.28991 14.27634 45.29005 14.27635 45.2901 14.27638 45.29016 14.27644 45.29017 14.27654 45.29021 14.27669 45.29027 14.27679 45.29036 14.27693 45.29044 14.27711 45.29048 14.27727 45.29051 14.27744 45.29051 14.27757 45.29044 14.27774 45.29032 14.27791 45.2902 14.27803 45.29007 14.27808 45.28991 14.2781 45.28978 14.27809 45.28966 14.27809 45.28967 14.27829 45.29053 14.27827 45.29056 14.27865 45.29056 14.2787 45.29117 14.27865 45.29118 14.27829 45.29111 14.27828 45.29111 14.27815 45.29118 14.27815 45.29118 14.27802 45.29112 14.27789 45.29112 14.27739 45.29114 14.27738 45.29118 14.2774 45.29123 14.27742 45.29142 14.27759 45.29125 14.27779 45.29132 14.27793 45.29146 14.27777 45.29184 14.27774 45.29197 14.2777 45.29218 14.27757 45.29238 14.27751 45.29254 14.27756 45.2927 14.27755 45.29278 14.2776 45.29284 14.2777 45.29294 14.27765 45.29297 14.2777 45.29296 14.27776 45.29288 14.2778 45.29286 14.27793 45.29292 14.278 45.29299 14.278 45.29313 14.27792 45.29324 14.27792 45.2933 14.27789 45.29336 14.27781 45.29343 14.27769 45.29348 14.27752 45.29376 14.2774 45.29399 14.27756 45.29416 14.27753 45.29432 14.2775 45.29455 14.27747 45.29471 14.27752 45.29491 14.27752 45.29518 14.27751 45.29541 14.27748 45.29558 14.27738 45.29577 14.27735 45.29588 14.27724 45.29597 14.27715 45.2961 14.27717 45.29628 14.27727 45.29676 14.27727 45.29707 14.27721 45.2972 14.27729 45.29732 14.27749 45.2974 14.27754 45.2977 14.27753 45.29795 14.27776 45.29802 14.27793 45.29828 14.27827 45.29832 14.27837 45.29834 14.27855 45.2983 14.27889 45.29834 14.27905 45.29838 14.27909 45.29841 14.27916 45.29841 14.27923 45.29843 14.27937 45.29849 14.27954 45.29867 14.27974 45.29881 14.27974 45.29887 14.27962 45.29894 14.27958 45.29898 14.27961 45.29901 14.27976 45.2991 14.27982 45.29913 14.27992 45.29908 14.28 45.29908 14.28007 45.29912 14.28012 45.29936 14.28014 45.29947 14.28023 45.29955 14.28037 45.29963 14.28057 45.29967 14.2808 45.29976 14.28098 45.29994 14.28102 45.30017 14.28089 45.30026 14.28089 45.30039 14.28104 45.30055 14.28129 45.30084 14.28163 45.30109 14.28183 45.30163 14.28201 45.30167 14.28172 45.30176 14.28135 45.30212 14.28042 45.30221 14.27986 45.30212 14.27968 45.30206 14.27956 45.30137 14.27925 45.3007 14.27909 45.30047 14.27881 45.30028 14.2785 45.30008 14.27798 45.29999 14.27771 45.29985 14.27726 45.29988 14.27714 45.30007 14.27705 45.30008 14.27698 45.30009 14.27692 45.30009 14.27687 45.30009 14.27682 45.30003 14.27663 45.29974 14.27654 45.29967 14.27641 45.29972 14.27616</gml:posList>
                        </gml:LinearRing>
                      </gml:exterior>
                    </gml:Polygon>
                  </gml:surfaceMember>
                  <gml:surfaceMember>
                    <gml:Polygon gml:id="MEDIA_MONITORED_CILJ_ID_1_POLUTANT_2_MODEL_93">
                      <gml:exterior>
                        <gml:LinearRing>
                          <gml:posList srsDimension="2">45.39075 14.20201 45.39154 14.19325 45.39166 14.1917 45.39187 14.1902 45.39208 14.18875 45.38889 14.18568 45.38577 14.18253 45.38374 14.18366 45.37875 14.18582 45.37686 14.18653 45.37679 14.18655 45.37672 14.18712 45.37658 14.18786 45.37394 14.1927 45.3727 14.1958 45.37118 14.19922 45.37006 14.20194 45.36873 14.20256 45.3678 14.20266 45.35747 14.20332 45.34762 14.20385 45.3465 14.20397 45.34579 14.20448 45.34397 14.20521 45.34215 14.20583 45.33948 14.20736 45.33562 14.20992 45.33255 14.21226 45.32872 14.21459 45.32735 14.21525 45.32759 14.21306 45.32814 14.21017 45.32879 14.20607 45.32895 14.20432 45.32884 14.20322 45.3282 14.20214 45.32698 14.2004 45.32455 14.19623 45.32372 14.1953 45.32324 14.19513 45.32231 14.19479 45.32119 14.19449 45.31844 14.19408 45.31801 14.1938 45.31767 14.19344 45.31686 14.19228 45.31622 14.1911 45.31553 14.19052 45.31317 14.18916 45.31274 14.18853 45.31162 14.18793 45.3093 14.18703 45.30755 14.18661 45.30611 14.18606 45.30371 14.18598 45.30179 14.18632 45.29985 14.18635 45.29891 14.18653 45.29665 14.18705 45.29514 14.18735 45.29372 14.18819 45.29266 14.18876 45.29201 14.18906 45.29103 14.18915 45.28954 14.18901 45.28817 14.18867 45.28559 14.18793 45.28508 14.1877 45.28413 14.18818 45.28307 14.18834 45.28213 14.18839 45.2817 14.1886 45.28036 14.18947 45.27797 14.19116 45.2759 14.1927 45.27522 14.19343 45.27504 14.19347 45.27504 14.19403 45.27504 14.19454 45.275 14.19479 45.27507 14.19535 45.27519 14.19568 45.27527 14.19616 45.27547 14.19651 45.2756 14.19667 45.27569 14.19677 45.27587 14.19698 45.27592 14.19704 45.27628 14.19755 45.27683 14.1986 45.27777 14.19991 45.27841 14.20086 45.27896 14.20101 45.27961 14.20129 45.28037 14.2012 45.28268 14.20154 45.28374 14.20175 45.28505 14.2019 45.28615 14.20206 45.28769 14.20308 45.28821 14.20324 45.28853 14.2034 45.28939 14.20358 45.29025 14.20361 45.29066 14.20372 45.291 14.20371 45.29129 14.20384 45.29194 14.20388 45.29251 14.20386 45.29336 14.20406 45.29527 14.20411 45.29594 14.20417 45.29669 14.20434 45.29735 14.2043 45.29775 14.2044 45.29895 14.20577 45.29956 14.20665 45.30011 14.20726 45.30137 14.209 45.30177 14.20968 45.30284 14.21088 45.30276 14.2118 45.30277 14.21305 45.30287 14.21393 45.30288 14.21401 45.30289 14.21406 45.30283 14.2155 45.3028 14.2163 45.3028 14.2164 45.30283 14.21745 45.30284 14.21755 45.30287 14.21774 45.30289 14.21791 45.30289 14.21793 45.30288 14.21805 45.30285 14.21843 45.30284 14.21857 45.30282 14.21999 45.30273 14.22027 45.30257 14.22068 45.30232 14.221 45.30157 14.22351 45.3011 14.22461 45.30081 14.22547 45.30054 14.22607 45.3003 14.22645 45.3002 14.22675 45.30011 14.22692 45.29951 14.22685 45.298 14.22622 45.29753 14.22608 45.29709 14.22608 45.29684 14.22616 45.29664 14.22669 45.2965 14.22721 45.29634 14.22827 45.29629 14.22904 45.2961 14.23009 45.29579 14.23214 45.2957 14.23347 45.29545 14.23537 45.29536 14.23901 45.29532 14.23977 45.29533 14.24211 45.29527 14.24283 45.29508 14.24423 45.29734 14.24507 45.29772 14.24521 45.29768 14.24553 45.29765 14.24667 45.2973 14.24837 45.29713 14.24903 45.29706 14.24995 45.29711 14.25049 45.29716 14.2508 45.29736 14.252 45.29733 14.25407 45.29746 14.25522 45.29748 14.25604 45.29749 14.25631 45.2975 14.25668 45.29739 14.25741 45.29757 14.25854 45.29758 14.25862 45.29761 14.25893 45.29767 14.25965 45.29767 14.26005 45.29767 14.26081 45.29753 14.26189 45.29736 14.26279 45.29699 14.2644 45.29752 14.26459 45.29809 14.26471 45.29952 14.2655 45.29987 14.2659 45.30009 14.26623 45.30035 14.26646 45.30058 14.26667 45.30127 14.26738 45.30226 14.26791 45.30328 14.26848 45.30359 14.26953 45.30396 14.27019 45.30446 14.27054 45.30427 14.27089 45.30359 14.27088 45.30171 14.27086 45.30109 14.27468 45.30074 14.27486 45.30052 14.27509 45.30024 14.27536 45.29998 14.27571 45.29972 14.27616 45.29967 14.27641 45.29974 14.27654 45.30003 14.27663 45.30009 14.27682 45.30009 14.27687 45.30009 14.27692 45.30008 14.27698 45.30007 14.27705 45.29988 14.27714 45.29985 14.27726 45.29999 14.27771 45.30008 14.27798 45.30028 14.2785 45.30047 14.27881 45.3007 14.27909 45.30137 14.27925 45.30206 14.27956 45.30212 14.27968 45.30221 14.27986 45.30212 14.28042 45.30176 14.28135 45.30167 14.28172 45.30163 14.28201 45.30174 14.28205 45.30183 14.28205 45.30205 14.28194 45.30225 14.28196 45.30241 14.28209 45.30257 14.28227 45.30297 14.28272 45.30317 14.28285 45.30335 14.28286 45.30349 14.28274 45.30382 14.28248 45.30399 14.28227 45.3041 14.28212 45.3043 14.28186 45.30482 14.28142 45.30507 14.28123 45.30553 14.28112 45.30571 14.28109 45.30591 14.28112 45.306 14.28122 45.30619 14.28159 45.30572 14.28188 45.30578 14.28207 45.30624 14.28179 45.30627 14.28185 45.30649 14.28228 45.30638 14.28252 45.30617 14.28288 45.30613 14.28298 45.306 14.28336 45.30599 14.28352 45.30598 14.28372 45.30602 14.28388 45.30617 14.28416 45.3066 14.28482 45.30682 14.28522 45.30695 14.28537 45.30749 14.28567 45.30789 14.28605 45.30827 14.2863 45.3085 14.28635 45.30904 14.28634 45.30938 14.28651 45.30965 14.28653 45.30982 14.28671 45.31052 14.2871 45.31055 14.28691 45.30996 14.28655 45.3099 14.28649 45.30994 14.28636 45.31003 14.28613 45.31006 14.28602 45.31021 14.28602 45.31037 14.28603 45.31046 14.28616 45.31061 14.28617 45.31069 14.28612 45.31077 14.28612 45.31081 14.28617 45.3107 14.28642 45.31079 14.28649 45.31089 14.28624 45.31101 14.28625 45.31111 14.28628 45.31126 14.2863 45.3114 14.28621 45.31149 14.28612 45.31213 14.28614 45.31229 14.28619 45.31245 14.28624 45.31252 14.2863 45.31304 14.28671 45.31335 14.28705 45.31352 14.28726 45.31361 14.28752 45.31366 14.28779 45.31366 14.28792 45.31373 14.28804 45.31384 14.28805 45.31395 14.28799 45.31411 14.28801 45.31418 14.28811 45.31429 14.28842 45.31449 14.28857 45.31456 14.28867 45.31467 14.28895 45.31469 14.2891 45.3148 14.28936 45.31504 14.28966 45.31518 14.28971 45.31529 14.28978 45.3154 14.28991 45.31542 14.29024 45.31551 14.29039 45.31562 14.29047 45.31587 14.29044 45.31598 14.29049 45.31624 14.29074 45.31657 14.29089 45.31668 14.29097 45.31686 14.29119 45.31712 14.29139 45.31726 14.29147 45.31755 14.29147 45.3178 14.29151 45.31815 14.29187 45.31843 14.29194 45.31851 14.29196 45.31869 14.29211 45.31876 14.29222 45.31885 14.29244 45.31887 14.2928 45.31893 14.29295 45.31898 14.29303 45.31909 14.29333 45.31921 14.29346 45.31929 14.29361 45.3193 14.29378 45.31926 14.29392 45.31908 14.29418 45.31906 14.29441 45.31894 14.29459 45.31894 14.29487 45.31881 14.2951 45.31881 14.29528 45.31891 14.2954 45.31901 14.29545 45.31907 14.29553 45.31906 14.29564 45.31904 14.29569 45.31903 14.29581 45.31914 14.29592 45.31943 14.29614 45.31956 14.29631 45.31961 14.29651 45.31963 14.29692 45.31976 14.29723 45.32008 14.29757 45.32038 14.29796 45.32078 14.29821 45.32128 14.29828 45.32141 14.29832 45.32168 14.29835 45.32181 14.29843 45.32193 14.29858 45.32202 14.29861 45.32224 14.29855 45.32233 14.29857 45.32238 14.29868 45.32238 14.29888 45.32247 14.29901 45.32249 14.29918 45.32255 14.29926 45.32274 14.29923 45.32283 14.29928 45.32291 14.29938 45.32309 14.29938 45.32316 14.29953 45.3237 14.29955 45.3239 14.29973 45.32422 14.29978 45.32429 14.29984 45.32437 14.29993 45.32457 14.2999 45.32462 14.29997 45.32465 14.30001 45.32472 14.30009 45.32482 14.30011 45.325 14.30012 45.32514 14.30007 45.32527 14.29999 45.32532 14.29992 45.32534 14.29981 45.32568 14.29983 45.32581 14.29978 45.32589 14.29981 45.32599 14.29993 45.3261 14.30003 45.32621 14.29999 45.32629 14.29993 45.32647 14.29998 45.32678 14.30025 45.32694 14.30033 45.32702 14.30033 45.32717 14.30023 45.3273 14.30011 45.32732 14.30011 45.3277 14.30008 45.32779 14.30012 45.3278 14.3002 45.32777 14.30041 45.32818 14.30084 45.32816 14.3013 45.32828 14.30132 45.32855 14.3015 45.32878 14.30167 45.32908 14.30176 45.32929 14.30198 45.32944 14.30206 45.32963 14.30225 45.33008 14.30243 45.33024 14.30244 45.33036 14.30196 45.3305 14.30203 45.33036 14.30252 45.33069 14.30289 45.33078 14.30291 45.33099 14.30311 45.33112 14.30317 45.33124 14.30319 45.33135 14.30316 45.33152 14.30308 45.33165 14.30305 45.33174 14.30313 45.3318 14.3032 45.33185 14.30327 45.33191 14.30336 45.33204 14.30351 45.33232 14.3039 45.33257 14.30351 45.33271 14.30379 45.33264 14.30387 45.33289 14.30439 45.33301 14.30426 45.33311 14.30441 45.33335 14.30482 45.3335 14.30508 45.33361 14.30529 45.33358 14.30548 45.33341 14.3055 45.33338 14.30565 45.33357 14.30567 45.33358 14.30614 45.33378 14.30631 45.33375 14.30647 45.33349 14.30647 45.33334 14.30657 45.33328 14.30666 45.33329 14.30678 45.3334 14.30688 45.33352 14.3069 45.33359 14.307 45.33354 14.30716 45.33364 14.30723 45.33374 14.30707 45.33387 14.30722 45.33391 14.30734 45.3338 14.30765 45.33391 14.30777 45.33404 14.30764 45.33421 14.30774 45.33437 14.30788 45.33458 14.30809 45.33479 14.30836 45.33489 14.30841 45.33502 14.30842 45.33505 14.30849 45.33508 14.30875 45.33506 14.30902 45.33498 14.30923 45.33492 14.30946 45.33485 14.30964 45.33469 14.30983 45.3346 14.31 45.33455 14.31017 45.33455 14.31046 45.33457 14.31054 45.33458 14.31072 45.3346 14.31088 45.3346 14.31108 45.33466 14.31116 45.33497 14.31123 45.3355 14.31142 45.33565 14.31097 45.33618 14.31118 45.33622 14.31104 45.33651 14.31115 45.33686 14.31129 45.33701 14.3114 45.33716 14.3111 45.33673 14.31065 45.33653 14.3106 45.33623 14.31048 45.33621 14.31047 45.33634 14.3103 45.3366 14.30998 45.33672 14.30983 45.33678 14.30986 45.33682 14.31006 45.33692 14.31011 45.33706 14.31012 45.33717 14.31016 45.33728 14.31024 45.33736 14.31038 45.33741 14.31041 45.33744 14.31036 45.33746 14.31022 45.33756 14.31011 45.33764 14.31018 45.33779 14.31053 45.33788 14.31053 45.33792 14.3104 45.33797 14.31035 45.338 14.3104 45.338 14.31068 45.33808 14.31078 45.33852 14.31078 45.33843 14.31051 45.33842 14.31044 45.33846 14.31038 45.33855 14.3103 45.33863 14.31035 45.33872 14.31077 45.33887 14.31088 45.33935 14.31082 45.33943 14.31087 45.33944 14.3109 45.3395 14.311 45.3395 14.31112 45.33938 14.31143 45.33938 14.31163 45.3395 14.31191 45.33951 14.31207 45.33945 14.31217 45.33945 14.31227 45.33949 14.31235 45.33962 14.31247 45.33971 14.31247 45.33984 14.31243 45.34001 14.31247 45.34012 14.31257 45.34025 14.31285 45.34039 14.31292 45.34057 14.31292 45.34099 14.31276 45.34115 14.31276 45.34118 14.31281 45.34115 14.31294 45.34115 14.31312 45.34101 14.31338 45.34101 14.31361 45.3411 14.31378 45.34121 14.31388 45.34125 14.31411 45.34139 14.31432 45.34159 14.31447 45.34165 14.31444 45.34171 14.31444 45.34175 14.31457 45.34177 14.31472 45.34193 14.31484 45.34204 14.31487 45.34237 14.31535 45.34253 14.31548 45.34268 14.31547 45.34316 14.3157 45.34377 14.31572 45.34379 14.31572 45.3439 14.31577 45.34401 14.31597 45.34403 14.31655 45.34405 14.31673 45.34411 14.31689 45.34436 14.31724 45.34461 14.31749 45.34498 14.31797 45.3453 14.31863 45.34545 14.31883 45.34553 14.31894 45.34561 14.31904 45.34588 14.31934 45.3463 14.32 45.34652 14.3201 45.34673 14.32025 45.34703 14.32053 45.34707 14.32059 45.34708 14.32065 45.34724 14.32096 45.3477 14.32185 45.34785 14.32166 45.34763 14.32125 45.3475 14.32099 45.34747 14.3208 45.34752 14.32067 45.34761 14.3206 45.3476 14.32035 45.34764 14.32031 45.3477 14.32035 45.34777 14.32049 45.34784 14.32059 45.3484 14.32061 45.34841 14.32116 45.34855 14.32117 45.34856 14.32061 45.34895 14.32066 45.34922 14.3207 45.34967 14.32074 45.35009 14.32089 45.35032 14.32104 45.3506 14.32134 45.35063 14.32145 45.3506 14.32177 45.35071 14.3218 45.35074 14.32158 45.35087 14.32161 45.35095 14.32158 45.35103 14.32158 45.35115 14.3216 45.35117 14.3216 45.35124 14.32166 45.35128 14.32175 45.35132 14.32188 45.35133 14.32244 45.35134 14.323 45.35129 14.32342 45.35122 14.32372 45.35117 14.32385 45.35113 14.32423 45.3511 14.32433 45.3511 14.32456 45.35115 14.32476 45.35128 14.32492 45.35141 14.3249 45.35148 14.3249 45.35155 14.32496 45.35173 14.32504 45.3522 14.32514 45.35252 14.32516 45.35277 14.32523 45.3529 14.32533 45.35317 14.32535 45.35351 14.32525 45.35369 14.32527 45.35389 14.32537 45.35411 14.32555 45.35452 14.32575 45.35474 14.32608 45.35498 14.32623 45.35512 14.32645 45.35532 14.32694 45.35547 14.32711 45.3556 14.32719 45.3557 14.32734 45.3558 14.32767 45.35582 14.32793 45.35594 14.32815 45.35594 14.32833 45.35598 14.32849 45.35616 14.32887 45.35622 14.32943 45.35626 14.32955 45.35624 14.32966 45.35617 14.32979 45.35617 14.3305 45.35615 14.33077 45.35613 14.33092 45.35612 14.33105 45.35609 14.33122 45.35602 14.3315 45.35593 14.3318 45.35586 14.33198 45.3558 14.33214 45.35573 14.3323 45.35561 14.33242 45.35543 14.33246 45.35525 14.33241 45.35534 14.33269 45.35556 14.33284 45.35581 14.33316 45.35609 14.33353 45.35615 14.33362 45.35617 14.33365 45.35626 14.33382 45.35619 14.33411 45.35611 14.33441 45.35599 14.33471 45.35588 14.33501 45.3561 14.33513 45.35627 14.33532 45.35659 14.33573 45.35661 14.33575 45.35681 14.33546 45.35714 14.33467 45.35786 14.33247 45.35792 14.33224 45.35814 14.33132 45.35827 14.3301 45.35844 14.32925 45.35861 14.32867 45.35896 14.32858 45.35993 14.3295 45.36013 14.32944 45.36021 14.32918 45.36024 14.3291 45.36024 14.32909 45.3602 14.32872 45.36037 14.32816 45.36071 14.32706 45.36071 14.32706 45.36054 14.32676 45.36031 14.32638 45.36019 14.32581 45.35996 14.32542 45.35963 14.32543 45.35936 14.32552 45.35909 14.32549 45.35881 14.32526 45.35868 14.32485 45.35857 14.32438 45.35867 14.32413 45.35898 14.32386 45.35915 14.32384 45.35918 14.32352 45.35906 14.32337 45.35892 14.32336 45.35794 14.32281 45.35763 14.32237 45.35758 14.32219 45.35746 14.32174 45.35735 14.32149 45.35726 14.32128 45.35719 14.32103 45.35717 14.32097 45.35699 14.32084 45.3569 14.32078 45.3567 14.32046 45.35648 14.31999 45.35699 14.31918 45.35704 14.31903 45.35713 14.31877 45.35727 14.31862 45.35733 14.31856 45.35759 14.31837 45.35779 14.31832 45.35832 14.31775 45.3588 14.31714 45.35771 14.31536 45.35748 14.31498 45.3572 14.31481 45.35694 14.31452 45.35678 14.3141 45.3567 14.31361 45.35675 14.31362 45.35682 14.31363 45.35676 14.31322 45.35673 14.31304 45.35666 14.31251 45.35665 14.31213 45.35666 14.31195 45.35773 14.31158 45.35778 14.31093 45.35792 14.30965 45.35794 14.30953 45.35794 14.30949 45.35759 14.30963 45.35723 14.30929 45.35688 14.30899 45.35641 14.30855 45.35596 14.30829 45.35554 14.30803 45.3551 14.30784 45.35465 14.30758 45.35425 14.30723 45.35415 14.30705 45.35411 14.30674 45.35413 14.3059 45.35444 14.3053 45.3543 14.30512 45.35396 14.30507 45.35367 14.30525 45.35341 14.30542 45.35325 14.30537 45.35229 14.30488 45.35212 14.30462 45.35191 14.30388 45.35181 14.30318 45.35165 14.30299 45.35147 14.30304 45.35131 14.30374 45.35123 14.30386 45.35113 14.30402 45.3511 14.30402 45.3509 14.30405 45.35047 14.3041 45.35021 14.30445 45.35006 14.30478 45.35001 14.30491 45.34983 14.305 45.34962 14.30495 45.3489 14.30479 45.34878 14.30472 45.34801 14.30428 45.34798 14.30426 45.34683 14.3038 45.34621 14.30338 45.34493 14.30206 45.34308 14.30027 45.34189 14.29941 45.34056 14.29827 45.34016 14.29816 45.33925 14.29765 45.33827 14.29667 45.33825 14.29666 45.33829 14.29637 45.33846 14.29496 45.33869 14.29414 45.33888 14.29292 45.33919 14.29191 45.33952 14.29154 45.33958 14.29134 45.33989 14.29103 45.34015 14.29076 45.34091 14.2902 45.34113 14.29009 45.34157 14.28986 45.34256 14.28956 45.34356 14.28895 45.34469 14.28773 45.34539 14.28667 45.34616 14.28581 45.347 14.28462 45.34851 14.28207 45.34887 14.28157 45.34984 14.282 45.35072 14.2822 45.35121 14.28234 45.3519 14.28263 45.35238 14.28291 45.35386 14.2829 45.35412 14.28283 45.35454 14.28254 45.35605 14.2818 45.35707 14.28163 45.3577 14.28143 45.3585 14.28048 45.35886 14.27971 45.35929 14.27918 45.35976 14.27869 45.35994 14.27844 45.36016 14.27792 45.36098 14.27644 45.36137 14.27546 45.36171 14.27473 45.36265 14.27194 45.36311 14.27079 45.36393 14.26826 45.36417 14.26766 45.36432 14.26742 45.36455 14.26686 45.36611 14.2626 45.36669 14.26082 45.36714 14.2593 45.36762 14.25788 45.3677 14.25753 45.36899 14.25443 45.36918 14.25329 45.36938 14.25241 45.37033 14.25033 45.37083 14.24879 45.37128 14.24798 45.37164 14.24712 45.37227 14.24531 45.37317 14.24164 45.37358 14.24015 45.37443 14.23801 45.37507 14.2366 45.37577 14.23475 45.37636 14.23286 45.37678 14.23116 45.37707 14.23054 45.37707 14.23012 45.37707 14.23005 45.37704 14.22985 45.37696 14.22939 45.37696 14.22862 45.37687 14.22652 45.37693 14.22571 45.37693 14.22545 45.37693 14.22498 45.37688 14.22366 45.37693 14.22256 45.37717 14.22203 45.37788 14.22067 45.37817 14.21997 45.37914 14.21861 45.37935 14.21784 45.37992 14.21692 45.38064 14.21585 45.38166 14.21421 45.38268 14.21215 45.383 14.21207 45.38359 14.21183 45.38428 14.21118 45.38525 14.21041 45.38625 14.20969 45.38727 14.20908 45.38869 14.20807 45.38919 14.2075 45.38983 14.20694 45.39013 14.20664 45.39025 14.20652 45.39039 14.20639 45.39063 14.20614 45.39061 14.20536 45.39075 14.20201</gml:posList>
                        </gml:LinearRing>
                      </gml:exterior>
                    </gml:Polygon>
                  </gml:surfaceMember>
                  <gml:surfaceMember>
                    <gml:Polygon gml:id="MEDIA_MONITORED_CILJ_ID_1_POLUTANT_2_MODEL_94">
                      <gml:exterior>
                        <gml:LinearRing>
                          <gml:posList srsDimension="2">45.53733 14.48966 45.53681 14.48875 45.53689 14.4883 45.53699 14.48774 45.53678 14.48641 45.53674 14.48614 45.53671 14.48596 45.53655 14.48505 45.5364 14.48447 45.53626 14.48391 45.53603 14.48296 45.53589 14.48291 45.53554 14.48277 45.53485 14.48144 45.53458 14.47996 45.53457 14.47913 45.53445 14.47871 45.53421 14.47835 45.53413 14.4782 45.53401 14.47797 45.53397 14.47758 45.53403 14.47718 45.53403 14.47708 45.53402 14.47706 45.53402 14.477 45.53386 14.47666 45.53388 14.4762 45.53386 14.4761 45.53383 14.47589 45.53366 14.47562 45.53356 14.47546 45.53359 14.4754 45.53364 14.4753 45.5334 14.47499 45.53309 14.47455 45.53299 14.47439 45.53292 14.47428 45.53282 14.47412 45.53267 14.47387 45.53246 14.47351 45.53223 14.47318 45.53193 14.47291 45.53187 14.47286 45.53176 14.47277 45.53148 14.4727 45.53114 14.47245 45.53103 14.47204 45.53092 14.47154 45.53079 14.47138 45.53061 14.47125 45.53031 14.47105 45.53025 14.47103 45.53018 14.471 45.53017 14.47095 45.53012 14.47074 45.53008 14.4706 45.53002 14.47057 45.52978 14.4702 45.52938 14.47 45.52925 14.46973 45.52903 14.46946 45.52892 14.46938 45.52869 14.46923 45.52842 14.46893 45.52801 14.46863 45.52772 14.46838 45.52754 14.46791 45.5273 14.46746 45.52714 14.46723 45.52692 14.46689 45.5266 14.46653 45.52649 14.4664 45.52632 14.46583 45.52623 14.4656 45.52613 14.46536 45.52597 14.46495 45.52564 14.46432 45.52532 14.46387 45.52511 14.46361 45.52496 14.46342 45.52481 14.46297 45.52472 14.46272 45.52464 14.46263 45.52447 14.46246 45.52425 14.46224 45.5241 14.46191 45.52391 14.46151 45.52374 14.46116 45.5235 14.4608 45.52328 14.46041 45.523 14.46001 45.52276 14.45972 45.52251 14.45955 45.52217 14.45935 45.52207 14.45921 45.5217 14.45874 45.52137 14.45804 45.52128 14.45788 45.5209 14.45722 45.52049 14.45644 45.52017 14.45575 45.51983 14.45506 45.51978 14.45451 45.51972 14.45397 45.51966 14.45347 45.51955 14.45248 45.51944 14.45195 45.51921 14.45141 45.51903 14.451 45.51898 14.4507 45.51893 14.45013 45.51886 14.44991 45.51877 14.44959 45.51857 14.44913 45.51842 14.44882 45.51813 14.44825 45.51801 14.44809 45.51795 14.44801 45.51784 14.44775 45.51772 14.44748 45.51764 14.44725 45.51753 14.4469 45.51737 14.44629 45.51712 14.44554 45.51696 14.44493 45.51691 14.44447 45.51683 14.44349 45.51676 14.44271 45.51638 14.44199 45.51634 14.44194 45.5162 14.44174 45.51592 14.44141 45.51569 14.44114 45.51539 14.4408 45.51471 14.44013 45.51417 14.43978 45.51367 14.43943 45.51352 14.43932 45.51309 14.43899 45.51269 14.43869 45.51229 14.4384 45.51213 14.43829 45.51172 14.43804 45.51105 14.43762 45.51077 14.43725 45.51059 14.43666 45.51049 14.43623 45.51043 14.43591 45.5103 14.4351 45.51024 14.43478 45.51014 14.43431 45.51007 14.434 45.50999 14.43361 45.50992 14.43339 45.50978 14.43287 45.50954 14.432 45.50947 14.43187 45.5093 14.43156 45.50903 14.43112 45.50867 14.43053 45.50838 14.43003 45.50795 14.42934 45.50766 14.42882 45.50754 14.42856 45.50744 14.42835 45.50733 14.4282 45.50715 14.42797 45.50701 14.42772 45.50694 14.42759 45.50736 14.42699 45.50771 14.4269 45.50796 14.42685 45.5083 14.42692 45.50837 14.42687 45.50851 14.42678 45.50861 14.42608 45.5088 14.42546 45.50897 14.42514 45.50911 14.42451 45.50931 14.42404 45.50935 14.42396 45.50951 14.42364 45.50968 14.42329 45.50974 14.42316 45.50978 14.423 45.50981 14.42289 45.50986 14.42272 45.50976 14.42229 45.50967 14.4222 45.50961 14.42215 45.50944 14.4222 45.50906 14.42174 45.5092 14.42117 45.50922 14.42073 45.50923 14.42052 45.5096 14.41983 45.50972 14.41955 45.50973 14.4193 45.5097 14.41921 45.50968 14.41917 45.50977 14.41844 45.50978 14.41833 45.50978 14.41825 45.50981 14.41789 45.50986 14.41725 45.50992 14.41628 45.50992 14.41624 45.5099 14.4157 45.50984 14.41563 45.50979 14.41558 45.50938 14.41541 45.50912 14.41525 45.50881 14.41504 45.50868 14.41497 45.50846 14.41485 45.50817 14.41496 45.50795 14.41475 45.5077 14.41438 45.50757 14.41376 45.50742 14.41341 45.50731 14.41315 45.50725 14.41295 45.50709 14.41247 45.50702 14.41214 45.50697 14.41135 45.50693 14.4112 45.5069 14.41107 45.50669 14.41071 45.50641 14.41061 45.50628 14.41053 45.50611 14.41043 45.50581 14.40985 45.50578 14.40975 45.50558 14.40912 45.50569 14.40842 45.50526 14.40833 45.50491 14.4083 45.50472 14.408 45.50465 14.40773 45.50469 14.40749 45.50471 14.40736 45.505 14.40677 45.50505 14.40612 45.50503 14.40589 45.50501 14.40577 45.50486 14.40549 45.50476 14.40534 45.5047 14.40523 45.50469 14.40492 45.50469 14.40485 45.50473 14.40456 45.50483 14.40399 45.50466 14.40372 45.50446 14.40321 45.50435 14.40282 45.5043 14.40265 45.50429 14.40254 45.50428 14.40237 45.50431 14.40209 45.50415 14.40183 45.50396 14.40151 45.50354 14.40075 45.50296 14.40003 45.50282 14.39979 45.50273 14.3992 45.50275 14.39839 45.50257 14.39853 45.5024 14.39867 45.502 14.39901 45.50198 14.39902 45.50162 14.39932 45.50148 14.39944 45.50122 14.39967 45.50095 14.3999 45.50067 14.40014 45.50031 14.39986 45.49992 14.39956 45.49978 14.39945 45.49962 14.39931 45.49933 14.39908 45.49899 14.39881 45.4989 14.39874 45.49881 14.39866 45.49848 14.39841 45.49804 14.39805 45.49779 14.39785 45.4973 14.39745 45.49686 14.3971 45.49661 14.3969 45.49642 14.39675 45.49608 14.39646 45.49601 14.39639 45.49561 14.39599 45.49513 14.39554 45.49467 14.39512 45.49447 14.39486 45.49432 14.39468 45.49418 14.39453 45.49393 14.39424 45.49388 14.39399 45.49384 14.39372 45.49393 14.39315 45.49392 14.39279 45.49397 14.39235 45.49431 14.39183 45.49435 14.39171 45.49441 14.39153 45.49452 14.3912 45.49451 14.39103 45.49451 14.39084 45.49451 14.39075 45.49451 14.39068 45.49427 14.39031 45.49423 14.39024 45.49424 14.38992 45.49422 14.38986 45.49421 14.38979 45.49404 14.38966 45.494 14.38961 45.49396 14.38953 45.4939 14.38908 45.49385 14.3887 45.49383 14.38862 45.4938 14.3885 45.49377 14.38847 45.4937 14.38838 45.49361 14.38831 45.49358 14.38828 45.49353 14.38814 45.49351 14.38789 45.49357 14.38758 45.49354 14.38743 45.49346 14.38703 45.49348 14.38681 45.49337 14.38666 45.49327 14.3865 45.4932 14.38639 45.49264 14.38563 45.49251 14.38546 45.49167 14.38429 45.49121 14.38363 45.4907 14.38291 45.48996 14.3819 45.48971 14.38155 45.48876 14.3802 45.48779 14.37877 45.48764 14.37814 45.48736 14.37701 45.48695 14.37516 45.48657 14.37333 45.48618 14.37151 45.4858 14.36964 45.48543 14.36779 45.48503 14.36596 45.48464 14.36411 45.48437 14.36284 45.48487 14.36255 45.48501 14.36267 45.48502 14.36202 45.485 14.36202 45.48468 14.36189 45.48455 14.3615 45.48463 14.36052 45.48474 14.35908 45.48492 14.35717 45.48498 14.35665 45.48512 14.35528 45.4852 14.35449 45.48531 14.35339 45.48559 14.35074 45.48501 14.34928 45.48494 14.3491 45.4849 14.34901 45.48407 14.34701 45.48306 14.34576 45.4825 14.34505 45.48206 14.3445 45.48121 14.34348 45.48116 14.34334 45.4811 14.34315 45.48092 14.34327 45.48032 14.34261 45.48033 14.34256 45.48035 14.34241 45.48072 14.34192 45.47993 14.33934 45.47971 14.33904 45.47876 14.33807 45.47764 14.33683 45.47685 14.33546 45.47598 14.3339 45.47547 14.33334 45.47451 14.33229 45.47444 14.33215 45.47367 14.33076 45.47294 14.32945 45.47224 14.32815 45.47203 14.3275 45.47168 14.32641 45.47047 14.32262 45.4696 14.32393 45.4691 14.32543 45.46854 14.32673 45.46793 14.32763 45.46713 14.32884 45.46568 14.33001 45.46478 14.33065 45.46384 14.33125 45.46273 14.33199 45.4617 14.3326 45.46106 14.33305 45.45943 14.33307 45.45938 14.3329 45.45926 14.33254 45.45878 14.33289 45.45852 14.33241 45.45834 14.332 45.45839 14.33189 45.45849 14.33168 45.45866 14.33126 45.4587 14.33107 45.45874 14.33083 45.45874 14.33081 45.45874 14.33074 45.45873 14.33063 45.45866 14.33047 45.4585 14.33029 45.45728 14.32909 45.45583 14.32788 45.45511 14.32739 45.45493 14.32767 45.45339 14.32729 45.45236 14.32686 45.45153 14.32651 45.45078 14.32602 45.45002 14.32554 45.44937 14.32539 45.44851 14.32541 45.44783 14.32544 45.44773 14.3246 45.44699 14.32402 45.44628 14.32404 45.44553 14.32394 45.44467 14.32384 45.44397 14.32387 45.443 14.32362 45.44157 14.32352 45.43971 14.32334 45.43838 14.32319 45.43697 14.32314 45.43375 14.32248 45.43117 14.32145 45.43098 14.32137 45.43077 14.32129 45.43089 14.32075 45.43344 14.31765 45.43383 14.31521 45.43408 14.31367 45.43418 14.3132 45.43438 14.31222 45.43359 14.31154 45.43278 14.31085 45.43066 14.30916 45.42933 14.308 45.42791 14.30655 45.42552 14.30379 45.42461 14.30617 45.42449 14.30748 45.42454 14.30857 45.42438 14.3089 45.42401 14.30968 45.42378 14.31056 45.4232 14.31107 45.42273 14.31188 45.42243 14.31271 45.42225 14.31357 45.42126 14.31471 45.42052 14.31486 45.41996 14.3155 45.41944 14.31661 45.41887 14.3173 45.4183 14.3178 45.41728 14.3188 45.41707 14.31957 45.4162 14.3197 45.41492 14.31989 45.41409 14.31921 45.41358 14.31859 45.41289 14.31821 45.41247 14.31741 45.41275 14.31707 45.41332 14.31636 45.41286 14.31581 45.41285 14.3158 45.41258 14.31547 45.41187 14.31492 45.4112 14.31449 45.41091 14.31433 45.41054 14.31411 45.40953 14.31391 45.40899 14.31377 45.40801 14.31423 45.40745 14.31466 45.40676 14.31537 45.40661 14.31539 45.40584 14.31552 45.40575 14.31558 45.40516 14.31597 45.4045 14.31631 45.40395 14.31666 45.40284 14.31734 45.4026 14.31752 45.40199 14.31795 45.40115 14.31855 45.40027 14.3202 45.39975 14.32034 45.39897 14.32057 45.3983 14.32032 45.39752 14.32079 45.3979 14.32185 45.39866 14.32324 45.39873 14.32406 45.39883 14.32539 45.3993 14.32668 45.39944 14.32706 45.39975 14.32784 45.39974 14.32815 45.39972 14.32859 45.39904 14.32896 45.39846 14.3294 45.39744 14.32985 45.39668 14.33134 45.39581 14.33226 45.39512 14.3323 45.39418 14.33326 45.39336 14.33375 45.39274 14.33394 45.39197 14.3336 45.39187 14.33382 45.39144 14.33466 45.39078 14.33479 45.39005 14.3352 45.38952 14.3357 45.38855 14.33612 45.38762 14.33625 45.38753 14.33701 45.38675 14.33761 45.38608 14.3384 45.38524 14.3394 45.38588 14.34034 45.38651 14.34081 45.38703 14.34094 45.38741 14.34173 45.38815 14.3413 45.38886 14.34139 45.38947 14.3414 45.38984 14.34249 45.39069 14.34279 45.39102 14.34364 45.39157 14.34376 45.39246 14.34332 45.39281 14.34328 45.39287 14.34328 45.39305 14.34326 45.39332 14.34323 45.39331 14.34347 45.39326 14.34423 45.39259 14.34544 45.39278 14.34637 45.39281 14.34665 45.39287 14.3471 45.39218 14.34824 45.39252 14.34927 45.39304 14.35 45.39338 14.35097 45.39395 14.35094 45.39362 14.35198 45.39397 14.35285 45.39476 14.35318 45.39547 14.35326 45.3962 14.35335 45.39692 14.35344 45.39769 14.35355 45.39839 14.3537 45.39902 14.35361 45.39932 14.35461 45.39899 14.35549 45.39923 14.35645 45.39895 14.35679 45.39858 14.35724 45.39865 14.35802 45.3995 14.35772 45.39981 14.35795 45.39995 14.35806 45.40015 14.35821 45.4001 14.35896 45.4004 14.35964 45.40055 14.35997 45.40031 14.36115 45.40027 14.36219 45.40036 14.36259 45.40038 14.3627 45.40046 14.36304 45.40033 14.3635 45.40021 14.3639 45.40011 14.36428 45.39995 14.36506 45.39958 14.36638 45.39981 14.36714 45.3998 14.3679 45.40012 14.36906 45.40082 14.3696 45.40094 14.36958 45.40185 14.36947 45.4022 14.37046 45.40275 14.37067 45.40292 14.37077 45.40343 14.37105 45.40338 14.37184 45.40373 14.37266 45.40456 14.37309 45.40511 14.37414 45.40549 14.37431 45.40567 14.3744 45.40599 14.37455 45.40586 14.37584 45.40603 14.37692 45.40657 14.37758 45.40732 14.37769 45.40811 14.37759 45.40904 14.37749 45.40912 14.37769 45.40933 14.37827 45.40942 14.37852 45.40939 14.37867 45.40935 14.37899 45.40929 14.37938 45.40932 14.38026 45.41024 14.38011 45.41087 14.37999 45.41162 14.38094 45.41217 14.38069 45.41282 14.38045 45.41334 14.38128 45.41394 14.3824 45.41401 14.38252 45.41488 14.3821 45.41564 14.38177 45.4171 14.38113 45.41834 14.38038 45.41958 14.37946 45.42117 14.37824 45.42128 14.37902 45.42137 14.37917 45.42157 14.3795 45.42149 14.37965 45.42114 14.38028 45.42124 14.38068 45.42064 14.3813 45.42052 14.38143 45.42078 14.38204 45.4207 14.38278 45.42099 14.38273 45.42124 14.3829 45.42127 14.38292 45.42155 14.38306 45.42154 14.38315 45.42146 14.38355 45.42116 14.38421 45.42075 14.3849 45.42027 14.38558 45.41976 14.3862 45.41928 14.38687 45.41883 14.38735 45.41808 14.38866 45.4177 14.38933 45.41743 14.39005 45.4174 14.39065 45.41785 14.3909 45.4181 14.39085 45.41807 14.39114 45.41827 14.39128 45.41828 14.39145 45.41832 14.39181 45.41805 14.392 45.41794 14.39209 45.41795 14.39247 45.41813 14.39293 45.41842 14.39337 45.41882 14.39339 45.41879 14.39355 45.41875 14.39375 45.41875 14.39376 45.41864 14.39384 45.4185 14.39393 45.41831 14.39417 45.41812 14.39405 45.41792 14.39414 45.41779 14.3944 45.41781 14.39482 45.41742 14.39509 45.41695 14.39541 45.41639 14.39581 45.41608 14.39616 45.41533 14.39747 45.41519 14.39788 45.4147 14.39961 45.41425 14.4013 45.41389 14.40296 45.41345 14.40494 45.41343 14.40627 45.41343 14.40656 45.41331 14.40914 45.41323 14.4112 45.41313 14.41312 45.4131 14.41485 45.41393 14.41662 45.41469 14.41845 45.41553 14.4203 45.41641 14.42229 45.41651 14.42176 45.4168 14.42123 45.41736 14.42102 45.41795 14.4208 45.41865 14.42069 45.41915 14.4205 45.4197 14.42026 45.42008 14.41998 45.42054 14.41979 45.42094 14.41982 45.42136 14.41998 45.42154 14.42024 45.42181 14.42073 45.42205 14.42142 45.42237 14.4223 45.42291 14.423 45.42365 14.42369 45.42413 14.42409 45.42463 14.42432 45.42528 14.42404 45.42591 14.4235 45.42629 14.42292 45.42677 14.42193 45.42705 14.42125 45.42753 14.42018 45.42802 14.4188 45.4284 14.41758 45.42885 14.41638 45.42925 14.41497 45.42972 14.41309 45.43026 14.41258 45.43111 14.41287 45.43163 14.41364 45.43226 14.41354 45.43263 14.41279 45.43324 14.41199 45.43402 14.41199 45.43523 14.41185 45.43548 14.41268 45.43625 14.41326 45.43692 14.41272 45.43747 14.41265 45.43822 14.41192 45.43875 14.41178 45.4394 14.41125 45.43989 14.4104 45.44075 14.40992 45.44139 14.40986 45.44225 14.40936 45.44264 14.41029 45.44334 14.4114 45.44396 14.4125 45.44451 14.41334 45.44496 14.41412 45.4456 14.41518 45.44621 14.41629 45.44706 14.41765 45.44747 14.41841 45.44814 14.41996 45.44822 14.42079 45.44823 14.42132 45.4484 14.42244 45.44895 14.42345 45.44961 14.42436 45.45002 14.42561 45.45029 14.42715 45.45071 14.42853 45.45099 14.42954 45.45164 14.43151 45.4517 14.43163 45.45235 14.43305 45.45328 14.43435 45.45437 14.43536 45.45519 14.4363 45.45644 14.43778 45.45767 14.43925 45.45915 14.44096 45.46052 14.44257 45.46174 14.44415 45.46305 14.44642 45.46397 14.44764 45.46458 14.44839 45.46553 14.44948 45.46665 14.45065 45.46748 14.451 45.46833 14.45136 45.4694 14.45177 45.47022 14.45193 45.47099 14.45207 45.47118 14.45182 45.47198 14.45184 45.47275 14.45229 45.47266 14.45261 45.47317 14.45303 45.47365 14.45338 45.47406 14.45304 45.4743 14.45296 45.47504 14.45264 45.47599 14.4524 45.47728 14.45198 45.47787 14.45225 45.4785 14.45226 45.47932 14.45199 45.48002 14.45252 45.4802 14.45378 45.48084 14.45561 45.48159 14.45596 45.48241 14.45635 45.48314 14.45679 45.4839 14.4574 45.48461 14.45787 45.48571 14.45855 45.48669 14.45989 45.48732 14.4598 45.4884 14.45963 45.48965 14.45953 45.49053 14.45941 45.49137 14.45935 45.49223 14.45933 45.49301 14.45913 45.49387 14.45865 45.49476 14.45855 45.49609 14.4591 45.49668 14.45996 45.49745 14.46087 45.49822 14.46165 45.49865 14.46266 45.49883 14.46364 45.49918 14.46465 45.49952 14.46603 45.49981 14.46612 45.50047 14.46633 45.50116 14.46653 45.50205 14.46705 45.50249 14.4673 45.50369 14.46764 45.50462 14.46787 45.5061 14.46841 45.50638 14.46975 45.50736 14.47237 45.5076 14.47225 45.50807 14.47203 45.50894 14.4716 45.51039 14.47111 45.51169 14.47081 45.51345 14.47059 45.51452 14.4705 45.51568 14.47058 45.51827 14.47053 45.51844 14.47053 45.5193 14.47072 45.52004 14.47144 45.52093 14.47281 45.52095 14.47325 45.52099 14.47378 45.52099 14.47394 45.52089 14.47469 45.52088 14.47475 45.52083 14.4751 45.52074 14.47621 45.52081 14.47723 45.52085 14.47773 45.52083 14.47873 45.52135 14.48067 45.52248 14.48033 45.52284 14.48025 45.52311 14.48019 45.52368 14.48043 45.5245 14.48081 45.52514 14.48128 45.52543 14.4822 45.52594 14.4828 45.5265 14.4835 45.52696 14.48381 45.52831 14.48579 45.52897 14.48676 45.52956 14.48756 45.52983 14.48768 45.53022 14.48786 45.53077 14.48798 45.53134 14.48816 45.53177 14.48831 45.53196 14.48838 45.53252 14.48851 45.53324 14.48872 45.53371 14.48877 45.53392 14.4888 45.53451 14.4891 45.53536 14.48941 45.53568 14.4895 45.53595 14.48958 45.53649 14.48961 45.53733 14.48966</gml:posList>
                        </gml:LinearRing>
                      </gml:exterior>
                    </gml:Polygon>
                  </gml:surfaceMember>
                  <gml:surfaceMember>
                    <gml:Polygon gml:id="MEDIA_MONITORED_CILJ_ID_1_POLUTANT_2_MODEL_95">
                      <gml:exterior>
                        <gml:LinearRing>
                          <gml:posList srsDimension="2">45.42149 14.37965 45.42157 14.3795 45.42137 14.37917 45.42128 14.37902 45.42117 14.37824 45.41958 14.37946 45.41834 14.38038 45.4171 14.38113 45.41564 14.38177 45.41488 14.3821 45.41401 14.38252 45.41394 14.3824 45.41334 14.38128 45.41282 14.38045 45.41217 14.38069 45.41162 14.38094 45.41087 14.37999 45.41024 14.38011 45.40932 14.38026 45.40929 14.37938 45.40935 14.37899 45.40939 14.37867 45.40942 14.37852 45.40933 14.37827 45.40912 14.37769 45.40904 14.37749 45.40811 14.37759 45.40732 14.37769 45.40657 14.37758 45.40603 14.37692 45.40586 14.37584 45.40599 14.37455 45.40567 14.3744 45.40549 14.37431 45.40511 14.37414 45.40456 14.37309 45.40373 14.37266 45.40338 14.37184 45.40343 14.37105 45.40292 14.37077 45.40275 14.37067 45.4022 14.37046 45.40185 14.36947 45.40094 14.36958 45.40094 14.36993 45.40085 14.36995 45.40059 14.37003 45.40033 14.37011 45.39966 14.37041 45.3989 14.37077 45.39857 14.37108 45.39822 14.37099 45.39778 14.3711 45.39741 14.37127 45.39733 14.37167 45.39721 14.37219 45.39665 14.37231 45.39599 14.37219 45.39542 14.37228 45.39437 14.37203 45.39408 14.37165 45.39371 14.37117 45.39326 14.37084 45.39294 14.37087 45.39241 14.37108 45.39236 14.37176 45.39231 14.37235 45.39202 14.3727 45.3915 14.37268 45.39077 14.37275 45.39036 14.37217 45.39027 14.37157 45.39003 14.37099 45.38981 14.37102 45.3898 14.37036 45.38931 14.37029 45.38882 14.3703 45.38853 14.36998 45.38844 14.36971 45.38839 14.3693 45.38817 14.36941 45.38785 14.36969 45.38758 14.37001 45.38745 14.37065 45.38731 14.37133 45.38695 14.37144 45.3866 14.37145 45.38577 14.37137 45.38519 14.37093 45.38484 14.37063 45.38458 14.37099 45.38415 14.37161 45.38353 14.37137 45.38315 14.37097 45.38287 14.37031 45.38262 14.36952 45.38254 14.3685 45.38242 14.36759 45.38241 14.36683 45.3823 14.36663 45.38201 14.36617 45.38154 14.36558 45.38157 14.36345 45.38091 14.36377 45.38055 14.36436 45.38005 14.36494 45.37968 14.3655 45.37884 14.36614 45.37858 14.36647 45.37794 14.36668 45.37666 14.36734 45.37597 14.36778 45.37547 14.36722 45.37514 14.36723 45.37424 14.36735 45.3735 14.36728 45.37219 14.36705 45.3717 14.36808 45.37133 14.36708 45.36993 14.3674 45.3697 14.36773 45.36945 14.36784 45.36911 14.3677 45.36854 14.36787 45.36744 14.36837 45.36743 14.36846 45.36741 14.36866 45.36739 14.36892 45.36736 14.36957 45.36733 14.37004 45.3672 14.37053 45.36683 14.37106 45.36662 14.37139 45.36628 14.37189 45.3662 14.37234 45.36618 14.37278 45.36625 14.37309 45.36631 14.37336 45.3663 14.3736 45.36628 14.37391 45.36629 14.3746 45.36626 14.37486 45.36619 14.37537 45.36606 14.37606 45.36587 14.37651 45.36575 14.37665 45.36542 14.37589 45.36517 14.37599 45.36507 14.37593 45.36498 14.37552 45.3644 14.37534 45.36396 14.37528 45.36342 14.37535 45.36311 14.37644 45.36293 14.37704 45.3626 14.37791 45.36241 14.37838 45.36225 14.37867 45.36216 14.37883 45.36223 14.37942 45.36213 14.37958 45.36206 14.37969 45.36221 14.38002 45.36207 14.38008 45.36178 14.38022 45.36136 14.38037 45.36097 14.38056 45.3606 14.38088 45.36027 14.38128 45.36025 14.38132 45.36013 14.38168 45.36003 14.38201 45.35995 14.38239 45.35999 14.38261 45.36003 14.38279 45.36022 14.38305 45.36032 14.38319 45.36055 14.38343 45.36058 14.38365 45.36058 14.38424 45.36074 14.38478 45.36084 14.3851 45.36083 14.38552 45.3609 14.38602 45.36073 14.38646 45.36038 14.38733 45.35995 14.38727 45.3596 14.38735 45.35951 14.38748 45.35966 14.38792 45.35961 14.38799 45.35948 14.38814 45.35958 14.38852 45.35961 14.38864 45.35966 14.38892 45.35964 14.38896 45.35958 14.38909 45.35921 14.3892 45.35895 14.38912 45.35875 14.38922 45.3585 14.38916 45.35838 14.38958 45.35843 14.38983 45.35836 14.39016 45.35832 14.39046 45.35854 14.39072 45.35886 14.39084 45.35919 14.39113 45.35946 14.39146 45.35956 14.39171 45.3596 14.39198 45.35999 14.39186 45.36004 14.3932 45.36012 14.39394 45.36015 14.39413 45.36015 14.3942 45.35993 14.39489 45.36023 14.39523 45.36029 14.39528 45.36076 14.39575 45.3608 14.3958 45.36095 14.39603 45.36112 14.39654 45.36123 14.39735 45.36134 14.39786 45.36156 14.39822 45.36169 14.39843 45.36189 14.39879 45.36199 14.39914 45.36206 14.39941 45.36182 14.40003 45.36176 14.40017 45.36154 14.40067 45.3614 14.40098 45.36123 14.40133 45.3612 14.40225 45.36106 14.403 45.36109 14.40335 45.36146 14.40357 45.36194 14.4036 45.36198 14.4036 45.36238 14.40365 45.36273 14.40374 45.36309 14.40348 45.36344 14.40309 45.36363 14.40266 45.364 14.40219 45.36436 14.40203 45.36469 14.40211 45.36518 14.40187 45.36553 14.40179 45.36589 14.40197 45.36621 14.40218 45.36644 14.40192 45.36674 14.40171 45.36703 14.4015 45.36716 14.40172 45.36724 14.40188 45.36732 14.40202 45.36731 14.40213 45.36727 14.4025 45.36704 14.40297 45.36713 14.40316 45.36727 14.40342 45.36777 14.40425 45.36834 14.40487 45.36855 14.40523 45.3687 14.40584 45.36917 14.4064 45.36969 14.40725 45.37004 14.40792 45.37057 14.40808 45.37093 14.40823 45.37139 14.40879 45.37106 14.40928 45.37101 14.40935 45.37084 14.4096 45.37076 14.4109 45.37143 14.41124 45.37157 14.41129 45.37174 14.41136 45.37173 14.412 45.37188 14.41244 45.37231 14.41261 45.37271 14.41296 45.37319 14.41281 45.37375 14.41251 45.37407 14.41209 45.37424 14.41169 45.37455 14.4121 45.37472 14.41239 45.37496 14.41283 45.37497 14.41286 45.375 14.41291 45.37502 14.41295 45.37494 14.41347 45.37523 14.41409 45.3754 14.41476 45.37533 14.41535 45.37504 14.41567 45.37457 14.41598 45.37428 14.4163 45.37422 14.4168 45.37427 14.41751 45.37419 14.41855 45.37436 14.41897 45.3748 14.41918 45.37504 14.4193 45.37529 14.41942 45.3752 14.41953 45.37512 14.41962 45.37527 14.42071 45.37541 14.4209 45.37587 14.4212 45.37587 14.42121 45.37602 14.42168 45.37599 14.42218 45.37631 14.42329 45.37659 14.42336 45.37708 14.42322 45.37741 14.42292 45.37788 14.42398 45.37838 14.42462 45.37871 14.4255 45.37934 14.42673 45.38019 14.42759 45.38148 14.4262 45.38224 14.42562 45.38344 14.4247 45.38452 14.42369 45.38555 14.42276 45.38642 14.42201 45.38715 14.42084 45.3874 14.42061 45.38802 14.41977 45.38855 14.41905 45.38872 14.41875 45.3889 14.41841 45.38909 14.41791 45.38947 14.41814 45.38981 14.4187 45.39025 14.41897 45.3909 14.41917 45.39128 14.41931 45.39177 14.41912 45.39189 14.41856 45.39206 14.4183 45.39236 14.41876 45.39238 14.41873 45.39248 14.41853 45.39244 14.41835 45.39241 14.41821 45.39237 14.41805 45.39236 14.41799 45.39235 14.41661 45.39234 14.41623 45.39258 14.41613 45.39269 14.41573 45.3928 14.41478 45.39295 14.41414 45.39296 14.41378 45.39324 14.413 45.39347 14.41213 45.39352 14.41159 45.39346 14.4111 45.39364 14.41097 45.39402 14.4107 45.39437 14.41033 45.39488 14.41005 45.39506 14.40959 45.39519 14.40895 45.3952 14.40866 45.39521 14.40857 45.39522 14.40829 45.39515 14.40817 45.39512 14.40813 45.39505 14.40802 45.39498 14.40744 45.39503 14.40727 45.39507 14.40711 45.3953 14.40727 45.39581 14.40704 45.3962 14.40674 45.39647 14.40617 45.39657 14.40548 45.39666 14.40472 45.39735 14.40462 45.39771 14.40423 45.39902 14.40377 45.3999 14.40332 45.40086 14.40302 45.4019 14.4028 45.40282 14.4028 45.40365 14.40284 45.40366 14.4022 45.40514 14.40177 45.40536 14.40178 45.40536 14.40141 45.40512 14.40115 45.40561 14.4008 45.40643 14.4005 45.40668 14.40059 45.40732 14.40043 45.40774 14.4 45.40809 14.40036 45.40873 14.39997 45.40904 14.39934 45.40997 14.39903 45.41044 14.39907 45.41101 14.39884 45.41111 14.39861 45.41152 14.39838 45.41164 14.39806 45.41199 14.39795 45.41263 14.39779 45.41297 14.39789 45.41309 14.39848 45.41334 14.39872 45.41383 14.39845 45.41406 14.39829 45.4142 14.39843 45.41482 14.39775 45.41533 14.39747 45.41608 14.39616 45.41639 14.39581 45.41695 14.39541 45.41742 14.39509 45.41781 14.39482 45.41779 14.3944 45.41792 14.39414 45.41812 14.39405 45.41831 14.39417 45.4185 14.39393 45.41864 14.39384 45.41875 14.39376 45.41875 14.39375 45.41879 14.39355 45.41882 14.39339 45.41842 14.39337 45.41813 14.39293 45.41795 14.39247 45.41794 14.39209 45.41805 14.392 45.41832 14.39181 45.41828 14.39145 45.41827 14.39128 45.41807 14.39114 45.4181 14.39085 45.41785 14.3909 45.4174 14.39065 45.41743 14.39005 45.4177 14.38933 45.41808 14.38866 45.41883 14.38735 45.41928 14.38687 45.41976 14.3862 45.42027 14.38558 45.42075 14.3849 45.42116 14.38421 45.42146 14.38355 45.42154 14.38315 45.42155 14.38306 45.42127 14.38292 45.42124 14.3829 45.42099 14.38273 45.4207 14.38278 45.42078 14.38204 45.42052 14.38143 45.42064 14.3813 45.42124 14.38068 45.42114 14.38028 45.42149 14.37965</gml:posList>
                        </gml:LinearRing>
                      </gml:exterior>
                    </gml:Polygon>
                  </gml:surfaceMember>
                  <gml:surfaceMember>
                    <gml:Polygon gml:id="MEDIA_MONITORED_CILJ_ID_1_POLUTANT_2_MODEL_96">
                      <gml:exterior>
                        <gml:LinearRing>
                          <gml:posList srsDimension="2">45.37638 14.43855 45.3768 14.4387 45.37695 14.43762 45.37706 14.43715 45.37742 14.43684 45.37859 14.43704 45.37911 14.43724 45.37983 14.43692 45.38048 14.43683 45.38197 14.43391 45.38244 14.43363 45.38358 14.43342 45.38394 14.43308 45.3842 14.43284 45.38366 14.4318 45.38303 14.43082 45.38248 14.42979 45.3814 14.42878 45.38076 14.4283 45.38019 14.42759 45.37934 14.42673 45.37871 14.4255 45.37838 14.42462 45.37788 14.42398 45.37741 14.42292 45.37708 14.42322 45.37659 14.42336 45.37631 14.42329 45.37599 14.42218 45.37602 14.42168 45.37587 14.42121 45.37587 14.4212 45.37541 14.4209 45.37527 14.42071 45.37512 14.41962 45.3752 14.41953 45.37529 14.41942 45.37504 14.4193 45.3748 14.41918 45.37436 14.41897 45.37419 14.41855 45.37427 14.41751 45.37422 14.4168 45.37428 14.4163 45.37457 14.41598 45.37504 14.41567 45.37533 14.41535 45.3754 14.41476 45.37523 14.41409 45.37494 14.41347 45.37502 14.41295 45.375 14.41291 45.37497 14.41286 45.37496 14.41283 45.37472 14.41239 45.37455 14.4121 45.37424 14.41169 45.37407 14.41209 45.37375 14.41251 45.37319 14.41281 45.37271 14.41296 45.37231 14.41261 45.37188 14.41244 45.37173 14.412 45.37174 14.41136 45.37157 14.41129 45.37143 14.41124 45.37076 14.4109 45.37084 14.4096 45.37101 14.40935 45.37106 14.40928 45.37139 14.40879 45.37093 14.40823 45.37057 14.40808 45.37004 14.40792 45.36969 14.40725 45.36917 14.4064 45.3687 14.40584 45.36855 14.40523 45.36834 14.40487 45.36777 14.40425 45.36727 14.40342 45.36713 14.40316 45.36704 14.40297 45.36727 14.4025 45.36731 14.40213 45.36732 14.40202 45.36724 14.40188 45.36716 14.40172 45.36703 14.4015 45.36674 14.40171 45.36644 14.40192 45.36621 14.40218 45.36589 14.40197 45.36553 14.40179 45.36518 14.40187 45.36469 14.40211 45.36436 14.40203 45.364 14.40219 45.36363 14.40266 45.36344 14.40309 45.36309 14.40348 45.36273 14.40374 45.36238 14.40365 45.36198 14.4036 45.36194 14.4036 45.36146 14.40357 45.36109 14.40335 45.36106 14.403 45.3612 14.40225 45.36123 14.40133 45.3614 14.40098 45.36154 14.40067 45.36176 14.40017 45.36182 14.40003 45.36206 14.39941 45.36199 14.39914 45.36189 14.39879 45.36169 14.39843 45.36156 14.39822 45.36134 14.39786 45.36123 14.39735 45.36112 14.39654 45.36095 14.39603 45.3608 14.3958 45.36076 14.39575 45.36029 14.39528 45.36023 14.39523 45.35993 14.39489 45.36015 14.3942 45.36015 14.39413 45.36012 14.39394 45.36004 14.3932 45.35999 14.39186 45.3596 14.39198 45.35956 14.39171 45.35946 14.39146 45.35919 14.39113 45.35886 14.39084 45.35854 14.39072 45.35832 14.39046 45.35836 14.39016 45.35843 14.38983 45.35838 14.38958 45.3585 14.38916 45.35875 14.38922 45.35895 14.38912 45.35921 14.3892 45.35958 14.38909 45.35964 14.38896 45.35966 14.38892 45.35961 14.38864 45.35958 14.38852 45.35948 14.38814 45.35961 14.38799 45.35966 14.38792 45.35951 14.38748 45.3596 14.38735 45.35995 14.38727 45.36038 14.38733 45.36073 14.38646 45.3609 14.38602 45.36083 14.38552 45.36084 14.3851 45.36074 14.38478 45.36058 14.38424 45.36058 14.38365 45.36055 14.38343 45.36032 14.38319 45.36022 14.38305 45.36003 14.38279 45.35999 14.38261 45.35995 14.38239 45.36003 14.38201 45.36013 14.38168 45.36025 14.38132 45.36027 14.38128 45.3606 14.38088 45.36097 14.38056 45.36136 14.38037 45.36178 14.38022 45.36207 14.38008 45.36221 14.38002 45.36206 14.37969 45.36213 14.37958 45.36223 14.37942 45.36216 14.37883 45.36225 14.37867 45.36241 14.37838 45.3626 14.37791 45.36293 14.37704 45.36311 14.37644 45.36342 14.37535 45.36396 14.37528 45.3644 14.37534 45.36498 14.37552 45.36507 14.37593 45.36517 14.37599 45.36542 14.37589 45.36575 14.37665 45.36587 14.37651 45.36606 14.37606 45.36619 14.37537 45.36626 14.37486 45.36629 14.3746 45.36628 14.37391 45.3663 14.3736 45.36631 14.37336 45.36625 14.37309 45.36618 14.37278 45.3662 14.37234 45.36628 14.37189 45.36662 14.37139 45.36683 14.37106 45.3672 14.37053 45.36733 14.37004 45.36736 14.36957 45.36739 14.36892 45.36741 14.36866 45.36743 14.36846 45.36744 14.36837 45.36709 14.36843 45.36658 14.36836 45.36613 14.36822 45.36599 14.36808 45.36577 14.36847 45.36569 14.3688 45.36537 14.36905 45.36512 14.36943 45.3645 14.36991 45.36429 14.37024 45.36424 14.3704 45.36402 14.37041 45.36377 14.36987 45.36367 14.36954 45.36371 14.36911 45.36347 14.3696 45.36317 14.37013 45.36287 14.37032 45.36258 14.37011 45.36241 14.36987 45.36209 14.36935 45.36174 14.36884 45.36128 14.36871 45.36091 14.36848 45.36089 14.36828 45.36094 14.36807 45.36097 14.36796 45.36096 14.36795 45.36096 14.36794 45.36094 14.3677 45.36036 14.36756 45.36004 14.36733 45.35968 14.36675 45.35922 14.36627 45.35926 14.36573 45.35931 14.36524 45.35931 14.36517 45.35927 14.36485 45.35922 14.36452 45.35923 14.36391 45.35934 14.36351 45.35938 14.36292 45.3596 14.36259 45.35974 14.36238 45.35942 14.36172 45.35934 14.36156 45.35943 14.36121 45.35936 14.36111 45.35926 14.36096 45.35898 14.36059 45.35863 14.36025 45.35855 14.36017 45.35841 14.36005 45.35826 14.3596 45.35831 14.35932 45.35864 14.35895 45.35891 14.35882 45.35926 14.35877 45.3595 14.35853 45.35956 14.35841 45.35958 14.35838 45.35962 14.35831 45.35952 14.35829 45.35934 14.35826 45.35913 14.35821 45.35912 14.35805 45.35879 14.35818 45.35864 14.35771 45.3588 14.35758 45.35896 14.35737 45.35914 14.35718 45.35917 14.35699 45.35919 14.35685 45.35918 14.35675 45.35917 14.35665 45.35916 14.35658 45.35916 14.35653 45.35905 14.35625 45.35904 14.35624 45.35893 14.3561 45.35881 14.35606 45.3586 14.35597 45.35824 14.35593 45.3577 14.35598 45.35732 14.35598 45.35677 14.35585 45.35632 14.35578 45.35601 14.35595 45.35573 14.35615 45.35555 14.35633 45.3551 14.35665 45.35501 14.35672 45.35407 14.35678 45.3536 14.35682 45.35308 14.35701 45.35265 14.35709 45.35333 14.35566 45.35372 14.35493 45.35402 14.35452 45.35435 14.3537 45.35463 14.3527 45.35464 14.35167 45.35479 14.35062 45.35499 14.34962 45.35497 14.34887 45.35523 14.34807 45.35567 14.34715 45.35651 14.34544 45.35727 14.34362 45.35893 14.34033 45.35972 14.33846 45.35996 14.33802 45.35895 14.33714 45.35815 14.33643 45.35801 14.33644 45.3574 14.33659 45.35718 14.33658 45.35694 14.33622 45.35661 14.33575 45.35659 14.33573 45.35627 14.33532 45.3561 14.33513 45.35588 14.33501 45.35599 14.33471 45.35611 14.33441 45.35619 14.33411 45.35626 14.33382 45.35617 14.33365 45.35615 14.33362 45.35609 14.33353 45.35581 14.33316 45.35556 14.33284 45.35534 14.33269 45.35525 14.33241 45.35523 14.3324 45.35512 14.33232 45.35499 14.33222 45.35489 14.3321 45.35471 14.332 45.35373 14.33201 45.35292 14.33222 45.3523 14.33241 45.35224 14.33249 45.35225 14.33281 45.35223 14.33289 45.35187 14.33341 45.35178 14.33377 45.35175 14.33406 45.35179 14.33441 45.3518 14.33453 45.35184 14.33466 45.35189 14.33491 45.35193 14.33505 45.35195 14.33514 45.35193 14.33526 45.35184 14.3354 45.35179 14.33553 45.35179 14.33573 45.35187 14.33594 45.35187 14.33601 45.3518 14.33614 45.35182 14.33691 45.35175 14.33706 45.35164 14.33714 45.35096 14.3372 45.35078 14.3373 45.35065 14.33753 45.35067 14.33792 45.35067 14.33804 45.35064 14.3381 45.35053 14.33815 45.35046 14.33815 45.35037 14.33828 45.3503 14.33853 45.35023 14.33864 45.35021 14.33877 45.35023 14.33892 45.35024 14.33907 45.35021 14.33912 45.3501 14.33915 45.35004 14.33926 45.35002 14.33951 45.34987 14.33969 45.34987 14.33979 45.3499 14.33986 45.34993 14.33991 45.34991 14.34002 45.34982 14.34015 45.34982 14.3404 45.34995 14.34073 45.34995 14.34096 45.35002 14.34109 45.35008 14.34129 45.35008 14.3416 45.35012 14.3417 45.35012 14.34185 45.35008 14.34193 45.35002 14.342 45.34985 14.34198 45.34972 14.34198 45.34953 14.34211 45.34941 14.3422 45.34923 14.34241 45.34922 14.34255 45.34925 14.34269 45.34923 14.34283 45.34912 14.34289 45.34899 14.34291 45.34853 14.34361 45.34849 14.34376 45.34831 14.34399 45.34824 14.34422 45.34823 14.34453 45.34816 14.34466 45.34814 14.34489 45.34801 14.34514 45.34798 14.34596 45.34795 14.34622 45.34788 14.3464 45.34773 14.3466 45.34756 14.34696 45.34749 14.34706 45.3474 14.34712 45.34727 14.3473 45.34722 14.34748 45.34708 14.34771 45.34704 14.34781 45.34705 14.34799 45.34702 14.34809 45.34697 14.34817 45.34679 14.34865 45.34665 14.34895 45.34665 14.34917 45.34661 14.34945 45.34653 14.34963 45.34649 14.34975 45.34649 14.34988 45.34645 14.35002 45.34632 14.35037 45.3463 14.3507 45.34625 14.35093 45.34614 14.35116 45.34609 14.35137 45.34591 14.35173 45.34584 14.35229 45.34579 14.35242 45.34563 14.35234 45.34557 14.35242 45.34557 14.35256 45.34557 14.35257 45.34563 14.3528 45.34559 14.35296 45.34543 14.35319 45.34546 14.35355 45.34545 14.35367 45.34531 14.35388 45.3453 14.35399 45.34534 14.35406 45.34535 14.35416 45.34526 14.35439 45.34526 14.35467 45.34548 14.35495 45.34556 14.35509 45.34559 14.35523 45.34555 14.35537 45.34534 14.35574 45.34512 14.356 45.34511 14.35615 45.34498 14.35638 45.34495 14.35664 45.34486 14.35674 45.34481 14.35687 45.34473 14.35697 45.34461 14.35705 45.34454 14.35705 45.34439 14.35721 45.34434 14.35736 45.34409 14.35772 45.34406 14.35787 45.34401 14.35794 45.34395 14.35795 45.34382 14.35818 45.34375 14.35821 45.34366 14.35834 45.34363 14.35859 45.3434 14.3589 45.34336 14.35918 45.34327 14.35949 45.34327 14.35969 45.34315 14.36018 45.34317 14.36042 45.34315 14.36054 45.34308 14.36064 45.34299 14.36069 45.3429 14.36074 45.34276 14.36095 45.34265 14.36121 45.3426 14.36149 45.34262 14.36187 45.34275 14.36215 45.34304 14.36246 45.34316 14.36266 45.34322 14.36278 45.34326 14.36299 45.34324 14.36308 45.34318 14.36312 45.34309 14.36312 45.34266 14.36312 45.34234 14.36325 45.34225 14.36333 45.34213 14.36354 45.34202 14.36359 45.34193 14.36382 45.34193 14.36405 45.34204 14.36445 45.34202 14.36479 45.34181 14.3651 45.34176 14.36527 45.3417 14.36556 45.3417 14.36563 45.34169 14.36604 45.34162 14.36625 45.34162 14.36642 45.34165 14.36662 45.34161 14.36678 45.34153 14.36689 45.34135 14.36715 45.34119 14.36767 45.34112 14.36783 45.34103 14.36794 45.34098 14.36807 45.34096 14.3684 45.34091 14.36868 45.34091 14.36914 45.34102 14.36929 45.34117 14.36939 45.34123 14.36943 45.34123 14.36954 45.34128 14.36959 45.34137 14.36967 45.34135 14.36977 45.34124 14.36998 45.34124 14.37003 45.34135 14.3702 45.3414 14.37043 45.34147 14.37059 45.34147 14.37065 45.34147 14.37066 45.3414 14.37075 45.34129 14.37083 45.34112 14.371 45.34099 14.37113 45.34086 14.37128 45.34081 14.37144 45.34081 14.37164 45.34083 14.3718 45.34084 14.37198 45.34083 14.37217 45.34078 14.3723 45.34071 14.37239 45.34063 14.37243 45.34052 14.37243 45.34042 14.37246 45.34036 14.37262 45.34034 14.37273 45.3403 14.37282 45.34023 14.37291 45.34019 14.37302 45.34021 14.37318 45.34023 14.37334 45.34022 14.37353 45.34023 14.37371 45.34023 14.37392 45.34016 14.37422 45.34011 14.37451 45.34006 14.37465 45.33997 14.37484 45.33989 14.37503 45.3398 14.37519 45.33976 14.37531 45.33975 14.37539 45.33973 14.37544 45.33966 14.37551 45.33961 14.37555 45.33956 14.37561 45.33956 14.37563 45.33956 14.37569 45.3396 14.37577 45.33965 14.37584 45.3397 14.37588 45.33971 14.37593 45.33968 14.37601 45.33963 14.37606 45.3396 14.37616 45.33965 14.37623 45.33972 14.37635 45.33971 14.37641 45.33965 14.37648 45.33952 14.37652 45.33939 14.37663 45.33922 14.37688 45.33911 14.37709 45.33905 14.37725 45.33901 14.3774 45.339 14.37748 45.33904 14.37765 45.33913 14.37793 45.33922 14.37825 45.33925 14.37836 45.33925 14.37845 45.33922 14.3786 45.33916 14.37883 45.33914 14.37891 45.33911 14.37905 45.33895 14.379 45.33879 14.37895 45.33882 14.37841 45.33882 14.37814 45.3387 14.37813 45.33868 14.37876 45.33866 14.37908 45.33877 14.37911 45.33899 14.37919 45.33905 14.37935 45.33904 14.37956 45.33901 14.37969 45.3389 14.3799 45.33872 14.38015 45.33864 14.38033 45.33857 14.38047 45.33847 14.38057 45.3384 14.38067 45.3384 14.38078 45.33839 14.38096 45.33837 14.38121 45.33835 14.38134 45.33828 14.38159 45.33822 14.38191 45.33817 14.38216 45.33814 14.38259 45.33812 14.38288 45.3381 14.38308 45.33796 14.3833 45.33784 14.3836 45.33777 14.38397 45.33776 14.38413 45.33772 14.38429 45.33766 14.3844 45.33763 14.38453 45.33763 14.38468 45.33762 14.38485 45.33757 14.38496 45.33749 14.38508 45.33745 14.38518 45.33744 14.38537 45.33742 14.3859 45.33742 14.3861 45.3375 14.38629 45.33754 14.3864 45.33756 14.38654 45.33755 14.38666 45.33749 14.38674 45.33736 14.38685 45.33726 14.38705 45.33722 14.38723 45.33723 14.38737 45.33723 14.38755 45.33732 14.38784 45.33738 14.38801 45.33739 14.38821 45.33734 14.38844 45.33725 14.38858 45.33712 14.38862 45.33682 14.38861 45.33676 14.38893 45.33635 14.38884 45.33635 14.3884 45.33642 14.38815 45.33634 14.3881 45.33624 14.38836 45.33619 14.38932 45.33627 14.38932 45.33629 14.38939 45.33621 14.38946 45.33655 14.39025 45.33667 14.39054 45.33646 14.39074 45.33632 14.39046 45.33617 14.39059 45.33634 14.39102 45.336 14.39134 45.33655 14.39274 45.33635 14.39289 45.33645 14.39317 45.33619 14.39335 45.33601 14.3929 45.33588 14.39298 45.33667 14.39649 45.33619 14.39672 45.33555 14.39399 45.33537 14.39398 45.33505 14.39275 45.33503 14.39256 45.33504 14.3924 45.33519 14.39184 45.33506 14.39176 45.33486 14.39243 45.33484 14.39259 45.33487 14.3928 45.33521 14.39405 45.33519 14.39445 45.33514 14.39495 45.3351 14.39526 45.33503 14.39559 45.33502 14.39577 45.33503 14.39586 45.33523 14.39616 45.33523 14.39729 45.33521 14.39973 45.33521 14.39992 45.33476 14.39993 45.33475 14.40021 45.33526 14.4002 45.33526 14.40082 45.33486 14.40083 45.33486 14.40175 45.33449 14.40177 45.33449 14.401 45.33462 14.40098 45.33462 14.4007 45.33455 14.4007 45.33456 14.39988 45.33448 14.39968 45.33436 14.39981 45.33441 14.39998 45.33438 14.40078 45.33435 14.4019 45.33433 14.4033 45.33424 14.40347 45.33412 14.40345 45.33394 14.40373 45.33412 14.40401 45.33427 14.4039 45.33426 14.40449 45.33422 14.4046 45.33395 14.40503 45.33391 14.40521 45.33391 14.40599 45.33393 14.4061 45.33406 14.40642 45.3343 14.40685 45.3344 14.40703 45.33443 14.40717 45.33445 14.40918 45.33443 14.40944 45.33443 14.40954 45.33436 14.40994 45.33428 14.41031 45.33406 14.41084 45.33374 14.41139 45.3339 14.41159 45.33395 14.41145 45.33415 14.41161 45.33345 14.41377 45.33304 14.41356 45.33265 14.41335 45.3326 14.41323 45.33256 14.41314 45.33265 14.41256 45.33275 14.4126 45.33282 14.4123 45.33274 14.41227 45.33278 14.41208 45.33286 14.4121 45.33293 14.41175 45.33284 14.41171 45.33286 14.41156 45.33296 14.41158 45.33298 14.41129 45.3329 14.41128 45.33292 14.41103 45.33293 14.41078 45.33282 14.41077 45.33278 14.41128 45.33278 14.41148 45.33254 14.41261 45.33246 14.41304 45.33246 14.41322 45.33252 14.41339 45.33266 14.41354 45.33281 14.41366 45.33267 14.41414 45.3326 14.41436 45.33216 14.41578 45.33212 14.41605 45.33207 14.41645 45.33177 14.41733 45.33167 14.41768 45.33151 14.41803 45.33142 14.41853 45.33134 14.41915 45.33133 14.41949 45.33127 14.41971 45.33122 14.42 45.33122 14.42019 45.3312 14.4203 45.33113 14.4205 45.33093 14.42083 45.33084 14.42098 45.33078 14.42103 45.33076 14.42104 45.3306 14.421 45.3304 14.42091 45.32993 14.42089 45.32959 14.42096 45.32949 14.42105 45.32941 14.42118 45.32936 14.42142 45.32933 14.42169 45.33059 14.4223 45.33025 14.42391 45.33016 14.42436 45.32987 14.42601 45.32973 14.42668 45.32882 14.42605 45.32848 14.42696 45.3294 14.4277 45.32865 14.42999 45.32832 14.43102 45.32824 14.43126 45.32809 14.43168 45.32674 14.43077 45.32635 14.43186 45.32797 14.43308 45.32707 14.43568 45.32592 14.43489 45.32555 14.43585 45.32681 14.4367 45.3265 14.43757 45.32696 14.43793 45.32671 14.4386 45.32617 14.43824 45.32593 14.43878 45.32651 14.43918 45.3263 14.43973 45.32617 14.44009 45.32567 14.4398 45.32555 14.44099 45.32582 14.44118 45.32568 14.44151 45.32551 14.4419 45.3247 14.44124 45.32409 14.4407 45.32391 14.44054 45.32391 14.43989 45.32406 14.43982 45.32405 14.43869 45.32411 14.4383 45.32414 14.43765 45.32434 14.43491 45.32445 14.43331 45.32456 14.43201 45.32468 14.43152 45.32479 14.43123 45.32553 14.42903 45.32581 14.42823 45.32601 14.42758 45.32654 14.42593 45.32663 14.42566 45.32672 14.42492 45.32681 14.42403 45.32715 14.42096 45.3272 14.42056 45.3272 14.42022 45.32714 14.41928 45.32696 14.41932 45.32702 14.42031 45.32702 14.4206 45.32696 14.42119 45.32646 14.42555 45.32636 14.42587 45.32596 14.42705 45.32498 14.4299 45.32433 14.43196 45.32425 14.43221 45.32422 14.4325 45.32419 14.43318 45.32385 14.43793 45.32376 14.43862 45.32363 14.43875 45.32302 14.43882 45.32309 14.4391 45.3236 14.43912 45.32354 14.43999 45.32352 14.44018 45.32375 14.44003 45.32375 14.44034 45.32355 14.44042 45.32347 14.44066 45.32329 14.44144 45.32289 14.44305 45.32288 14.44312 45.32318 14.44381 45.32305 14.44424 45.32298 14.44414 45.32295 14.4444 45.32266 14.44408 45.32194 14.44332 45.32196 14.44324 45.32221 14.44212 45.32199 14.44192 45.32165 14.44286 45.32163 14.44291 45.32144 14.44272 45.32145 14.44262 45.32168 14.44108 45.32193 14.43944 45.32202 14.43887 45.32253 14.43893 45.32254 14.43874 45.32201 14.43864 45.32171 14.43785 45.3216 14.43793 45.32184 14.43865 45.32151 14.44105 45.32124 14.44254 45.3212 14.44285 45.32126 14.44327 45.3217 14.44524 45.32197 14.44639 45.32204 14.44698 45.32203 14.44783 45.32199 14.44799 45.32178 14.44852 45.32166 14.44894 45.32252 14.44968 45.32263 14.4497 45.32272 14.45013 45.32221 14.45011 45.32219 14.45068 45.32193 14.45062 45.32192 14.45077 45.32213 14.45086 45.32192 14.45198 45.3218 14.45194 45.32178 14.45211 45.32188 14.45216 45.32167 14.45354 45.32158 14.45362 45.32153 14.45374 45.3215 14.45383 45.32149 14.45397 45.32151 14.4541 45.32155 14.45423 45.32155 14.45434 45.3215 14.45474 45.32146 14.45486 45.3214 14.45498 45.32125 14.45512 45.32111 14.45536 45.32102 14.45554 45.32091 14.45597 45.3209 14.4563 45.32093 14.45679 45.32104 14.45715 45.32118 14.45743 45.32123 14.4576 45.32124 14.45804 45.32122 14.45851 45.3212 14.45867 45.32118 14.45881 45.32111 14.45909 45.321 14.45947 45.32074 14.45999 45.3204 14.46067 45.32003 14.46124 45.31988 14.46157 45.31977 14.46145 45.31969 14.46157 45.3198 14.46171 45.31968 14.46191 45.31955 14.46226 45.31941 14.46266 45.31931 14.46289 45.31923 14.46304 45.31904 14.46317 45.3189 14.4633 45.3188 14.46352 45.31876 14.46373 45.3187 14.4639 45.31871 14.46421 45.31862 14.46447 45.31847 14.46473 45.31839 14.46483 45.31832 14.46485 45.31818 14.4649 45.31806 14.46505 45.31798 14.46514 45.31794 14.46529 45.31792 14.4655 45.31787 14.46571 45.31777 14.46596 45.31769 14.46615 45.31761 14.46621 45.31745 14.46631 45.31716 14.46637 45.31699 14.46642 45.31686 14.46659 45.3168 14.46665 45.3167 14.4667 45.31663 14.46684 45.31651 14.46692 45.31626 14.46705 45.3161 14.46714 45.31597 14.46725 45.31593 14.46737 45.3159 14.46749 45.31576 14.46766 45.31567 14.46776 45.31566 14.46808 45.3157 14.46833 45.31568 14.4686 45.31559 14.469 45.31552 14.46922 45.31543 14.46937 45.31531 14.46939 45.31519 14.46945 45.31505 14.46947 45.31491 14.46949 45.31477 14.46959 45.31471 14.46973 45.31462 14.46987 45.31448 14.46996 45.3143 14.47002 45.31415 14.47008 45.31401 14.4702 45.31392 14.47037 45.31387 14.47053 45.31401 14.47059 45.31394 14.47078 45.31368 14.47088 45.31384 14.47019 45.31374 14.47016 45.31358 14.47069 45.31338 14.4712 45.31326 14.47146 45.31311 14.47163 45.31297 14.47185 45.31278 14.47215 45.31258 14.47242 45.31246 14.47258 45.31237 14.47295 45.31221 14.47358 45.31207 14.47399 45.31183 14.47457 45.31184 14.47462 45.31212 14.47439 45.31221 14.47453 45.31199 14.47479 45.31204 14.47488 45.3123 14.47464 45.31239 14.47477 45.3121 14.47506 45.31204 14.47506 45.31175 14.47463 45.31176 14.47445 45.31167 14.47445 45.31167 14.47464 45.3117 14.47477 45.31202 14.47525 45.31209 14.47555 45.31212 14.47564 45.31226 14.47563 45.31243 14.47566 45.31251 14.47573 45.31255 14.47586 45.31255 14.47601 45.31263 14.47618 45.31274 14.47629 45.31282 14.47639 45.31288 14.4766 45.31304 14.47677 45.31316 14.47688 45.31326 14.47681 45.3134 14.4767 45.31368 14.47624 45.3139 14.47642 45.31405 14.47649 45.3143 14.47644 45.31533 14.4759 45.31596 14.47549 45.31614 14.47549 45.31622 14.4755 45.31625 14.47557 45.31641 14.47589 45.31637 14.47604 45.31632 14.47626 45.31601 14.47676 45.31562 14.47746 45.31532 14.47806 45.31524 14.47863 45.3155 14.47922 45.31579 14.47996 45.31599 14.48022 45.3163 14.48062 45.31647 14.48029 45.31684 14.48064 45.31714 14.48085 45.31732 14.48101 45.31775 14.48095 45.31795 14.48108 45.31838 14.48145 45.31871 14.48134 45.31884 14.48239 45.31906 14.48306 45.31931 14.48365 45.31937 14.48423 45.31951 14.48469 45.3196 14.48527 45.31961 14.48532 45.31961 14.48547 45.3196 14.4859 45.31956 14.48658 45.3195 14.48716 45.31969 14.48786 45.31971 14.48796 45.31957 14.48891 45.31841 14.49075 45.31874 14.49116 45.31887 14.49133 45.31888 14.49152 45.31895 14.49333 45.31899 14.49452 45.31891 14.49469 45.31886 14.4948 45.3187 14.49512 45.3186 14.49533 45.31842 14.49569 45.31798 14.4966 45.31752 14.49762 45.31702 14.4984 45.3165 14.49917 45.31575 14.49998 45.31536 14.50074 45.31531 14.50132 45.31495 14.50264 45.31469 14.50351 45.31423 14.50408 45.31398 14.50475 45.31373 14.50568 45.31334 14.50711 45.3133 14.5072 45.3132 14.5074 45.31298 14.50788 45.31265 14.50844 45.31248 14.50917 45.31218 14.51032 45.31184 14.51112 45.31141 14.51214 45.3113 14.51274 45.31118 14.51335 45.3111 14.51397 45.3111 14.51519 45.31129 14.51615 45.31153 14.51753 45.31154 14.51755 45.31167 14.51801 45.31182 14.51852 45.31182 14.51873 45.31181 14.51901 45.31174 14.51963 45.31146 14.52021 45.31121 14.52055 45.31088 14.52088 45.31063 14.52131 45.31059 14.52177 45.31056 14.52201 45.3095 14.5228 45.30895 14.52314 45.30831 14.5236 45.30787 14.52383 45.30744 14.52414 45.3074 14.52414 45.30884 14.52772 45.30909 14.52797 45.30944 14.52855 45.30973 14.52977 45.30995 14.52901 45.31017 14.52925 45.31046 14.52993 45.31072 14.52998 45.31138 14.53 45.31162 14.52982 45.31342 14.53221 45.31384 14.53247 45.31386 14.53234 45.31395 14.53133 45.31423 14.53058 45.31441 14.53042 45.31477 14.53059 45.31501 14.53067 45.31522 14.53072 45.31544 14.53066 45.31556 14.53053 45.31565 14.53027 45.31565 14.53004 45.3156 14.52971 45.31548 14.52927 45.3158 14.52886 45.31619 14.52833 45.31663 14.52764 45.31675 14.52756 45.3169 14.52747 45.31662 14.52615 45.31638 14.5254 45.31601 14.52426 45.31574 14.52373 45.31535 14.5227 45.31513 14.52185 45.31541 14.52164 45.31606 14.52124 45.31667 14.5209 45.31708 14.52058 45.31755 14.51989 45.31783 14.5191 45.31824 14.51808 45.31864 14.51675 45.31889 14.51569 45.31912 14.51457 45.31947 14.51334 45.31971 14.51296 45.31972 14.51294 45.31974 14.51291 45.32018 14.51204 45.32061 14.51118 45.32106 14.51043 45.32153 14.50952 45.32203 14.50856 45.32242 14.50783 45.32281 14.50747 45.32328 14.50712 45.32351 14.50678 45.32365 14.50612 45.32382 14.50546 45.32414 14.50496 45.32458 14.50442 45.32461 14.50436 45.32485 14.5037 45.3251 14.50272 45.32531 14.50214 45.32547 14.50171 45.32591 14.50091 45.32656 14.49968 45.32709 14.49887 45.32764 14.49805 45.32808 14.49712 45.32855 14.49589 45.32882 14.49533 45.32914 14.49467 45.32965 14.49389 45.33007 14.49308 45.33018 14.49288 45.33056 14.49215 45.33094 14.49139 45.33125 14.49063 45.33158 14.48965 45.33211 14.48847 45.33279 14.48757 45.33347 14.4867 45.33474 14.48525 45.33545 14.48491 45.33611 14.48444 45.33696 14.48387 45.33772 14.48315 45.33825 14.4829 45.33905 14.48287 45.33938 14.48291 45.33977 14.48223 45.34025 14.4815 45.34103 14.48052 45.34156 14.47961 45.34204 14.47845 45.34303 14.47619 45.34402 14.47555 45.34432 14.47595 45.34448 14.47622 45.34466 14.4763 45.34477 14.47625 45.34477 14.47593 45.34477 14.47591 45.34476 14.47591 45.34473 14.47583 45.3447 14.47574 45.3446 14.47537 45.34454 14.4751 45.34462 14.47472 45.3448 14.47451 45.345 14.47445 45.34519 14.47435 45.34572 14.47409 45.34676 14.47377 45.34768 14.47341 45.34788 14.47343 45.3482 14.47345 45.3485 14.47362 45.34858 14.47382 45.34866 14.474 45.34925 14.47382 45.3494 14.474 45.34951 14.47374 45.35034 14.47347 45.3512 14.47338 45.352 14.47318 45.35286 14.47288 45.35384 14.47227 45.35479 14.47185 45.35523 14.47165 45.3558 14.47136 45.3562 14.47109 45.35651 14.47078 45.35703 14.47007 45.3574 14.4696 45.35803 14.46899 45.35826 14.46857 45.35832 14.46792 45.35834 14.46745 45.35835 14.46714 45.35836 14.46692 45.35835 14.46685 45.35834 14.46678 45.35831 14.46661 45.35828 14.4664 45.35822 14.46568 45.35819 14.46524 45.35781 14.4649 45.35759 14.46427 45.35743 14.46385 45.35717 14.46352 45.35686 14.46362 45.35667 14.46366 45.35648 14.46348 45.35654 14.46294 45.35663 14.46219 45.35668 14.4616 45.35672 14.46073 45.357 14.46092 45.35729 14.46113 45.35749 14.46084 45.35772 14.4608 45.35823 14.46028 45.35881 14.45961 45.35931 14.45898 45.35988 14.45834 45.36044 14.45767 45.36087 14.45732 45.36093 14.45722 45.36128 14.45673 45.36136 14.45662 45.36135 14.45657 45.36128 14.45632 45.36123 14.45581 45.36133 14.45538 45.36141 14.45499 45.36143 14.45483 45.36145 14.45459 45.36128 14.45423 45.36087 14.45371 45.36053 14.45323 45.36016 14.45277 45.35987 14.45258 45.35951 14.45268 45.35897 14.45292 45.35886 14.45252 45.35883 14.45216 45.35876 14.45177 45.35861 14.45117 45.35857 14.45067 45.35855 14.45003 45.35846 14.44943 45.35832 14.44903 45.35816 14.44849 45.35818 14.44794 45.35812 14.44728 45.35869 14.44672 45.35895 14.44638 45.35931 14.4459 45.35988 14.44577 45.36048 14.44606 45.36107 14.44637 45.36152 14.4464 45.36185 14.44599 45.3622 14.44554 45.36309 14.44506 45.3638 14.44508 45.3643 14.4447 45.36465 14.44452 45.36517 14.44379 45.36559 14.44335 45.36605 14.44267 45.36665 14.44243 45.3672 14.44257 45.36796 14.44287 45.36911 14.44171 45.37 14.44144 45.37132 14.44102 45.37239 14.44069 45.37301 14.44046 45.37364 14.44009 45.37441 14.43994 45.3749 14.44026 45.37524 14.44084 45.37602 14.4397 45.37638 14.43855</gml:posList>
                        </gml:LinearRing>
                      </gml:exterior>
                    </gml:Polygon>
                  </gml:surfaceMember>
                  <gml:surfaceMember>
                    <gml:Polygon gml:id="MEDIA_MONITORED_CILJ_ID_1_POLUTANT_2_MODEL_97">
                      <gml:exterior>
                        <gml:LinearRing>
                          <gml:posList srsDimension="2">45.2453 14.55933 45.24532 14.55933 45.24538 14.55932 45.24545 14.55926 45.24554 14.55921 45.24558 14.55916 45.24566 14.55905 45.24575 14.55898 45.24579 14.559 45.24587 14.55903 45.2459 14.55896 45.2459 14.55893 45.24589 14.55885 45.24587 14.55873 45.2458 14.5587 45.24573 14.55868 45.24566 14.55872 45.24556 14.55877 45.24545 14.55876 45.24538 14.55889 45.24535 14.55904 45.24533 14.55913 45.24529 14.55921 45.24528 14.55927 45.2453 14.55933</gml:posList>
                        </gml:LinearRing>
                      </gml:exterior>
                    </gml:Polygon>
                  </gml:surfaceMember>
                  <gml:surfaceMember>
                    <gml:Polygon gml:id="MEDIA_MONITORED_CILJ_ID_1_POLUTANT_2_MODEL_98">
                      <gml:exterior>
                        <gml:LinearRing>
                          <gml:posList srsDimension="2">45.31957 14.48891 45.31971 14.48796 45.31969 14.48786 45.3195 14.48716 45.31956 14.48658 45.3196 14.4859 45.31961 14.48547 45.31961 14.48532 45.3196 14.48527 45.31951 14.48469 45.31937 14.48423 45.31931 14.48365 45.31906 14.48306 45.31884 14.48239 45.31871 14.48134 45.31838 14.48145 45.31795 14.48108 45.31775 14.48095 45.31732 14.48101 45.31714 14.48085 45.31684 14.48064 45.31647 14.48029 45.3163 14.48062 45.31599 14.48022 45.31579 14.47996 45.3155 14.47922 45.31524 14.47863 45.31532 14.47806 45.31562 14.47746 45.31601 14.47676 45.31632 14.47626 45.31637 14.47604 45.31641 14.47589 45.31625 14.47557 45.31622 14.4755 45.31614 14.47549 45.31596 14.47549 45.31533 14.4759 45.3143 14.47644 45.31405 14.47649 45.3139 14.47642 45.31368 14.47624 45.3134 14.4767 45.31326 14.47681 45.31316 14.47688 45.31334 14.47705 45.31337 14.47717 45.31346 14.47731 45.31352 14.47745 45.31354 14.47764 45.31354 14.47782 45.31368 14.47799 45.31377 14.47787 45.31394 14.47803 45.3139 14.47816 45.31404 14.47828 45.31409 14.47816 45.31427 14.47833 45.31423 14.47842 45.31434 14.47852 45.31455 14.47812 45.31474 14.47805 45.31483 14.47807 45.31491 14.47813 45.31494 14.4782 45.31491 14.47836 45.31481 14.47851 45.31487 14.47863 45.31499 14.47847 45.31509 14.4786 45.31506 14.47867 45.3151 14.47907 45.31517 14.47961 45.31488 14.47919 45.31478 14.47937 45.3154 14.48038 45.31603 14.48139 45.31618 14.48162 45.31587 14.48216 45.31539 14.48163 45.31557 14.48125 45.31454 14.48007 45.31444 14.48008 45.31402 14.48075 45.31404 14.48086 45.3152 14.48217 45.3153 14.48217 45.31539 14.48214 45.31543 14.48207 45.31544 14.48199 45.31544 14.48185 45.31583 14.48229 45.31576 14.48238 45.31583 14.48249 45.31562 14.48288 45.31551 14.48275 45.31539 14.48293 45.31547 14.48305 45.31536 14.48321 45.31524 14.48324 45.31509 14.48341 45.31399 14.4821 45.31307 14.48101 45.31288 14.48079 45.31209 14.47984 45.31157 14.47922 45.31141 14.47938 45.31141 14.4792 45.31126 14.47919 45.31126 14.47934 45.31115 14.47929 45.31109 14.47927 45.31099 14.47927 45.31088 14.47933 45.31074 14.4794 45.31107 14.47699 45.31093 14.47694 45.31059 14.47923 45.31047 14.4793 45.31031 14.4795 45.31018 14.47975 45.31011 14.47995 45.31004 14.48027 45.30996 14.48057 45.30985 14.48079 45.30972 14.481 45.30946 14.48132 45.30929 14.48157 45.30915 14.48185 45.3091 14.48195 45.30905 14.48218 45.30879 14.48216 45.30879 14.48231 45.30898 14.48235 45.30891 14.48258 45.3088 14.48285 45.30868 14.48308 45.30855 14.48335 45.30826 14.48382 45.3078 14.48453 45.30754 14.48499 45.3073 14.4853 45.3072 14.48545 45.30714 14.48554 45.30713 14.48562 45.30713 14.48565 45.30715 14.48573 45.30714 14.48588 45.30713 14.48611 45.30713 14.48626 45.30716 14.48646 45.30727 14.48669 45.30737 14.48695 45.30743 14.48713 45.30759 14.48732 45.3078 14.4875 45.30795 14.48764 45.30805 14.48779 45.30809 14.48792 45.30808 14.48804 45.30802 14.48816 45.30802 14.48817 45.3078 14.48849 45.30768 14.48866 45.30763 14.48873 45.30757 14.48875 45.30755 14.48875 45.30754 14.48857 45.30746 14.48858 45.30746 14.48873 45.30733 14.48873 45.30734 14.48858 45.30724 14.48859 45.30724 14.48875 45.30718 14.48872 45.30713 14.48863 45.30707 14.4884 45.30702 14.48829 45.30699 14.48818 45.30699 14.48808 45.30696 14.48807 45.3069 14.48807 45.30684 14.48812 45.30676 14.48817 45.30662 14.48818 45.30642 14.48815 45.30626 14.4881 45.30616 14.48799 45.30607 14.48779 45.30601 14.48766 45.30592 14.48756 45.30569 14.48746 45.30529 14.48727 45.30521 14.48727 45.30513 14.48733 45.30508 14.48742 45.30498 14.48754 45.30495 14.48756 45.30485 14.48763 45.30468 14.48781 45.30459 14.48786 45.3045 14.48785 45.30443 14.48786 45.30437 14.48795 45.30428 14.48807 45.30424 14.48811 45.30416 14.48812 45.30399 14.48807 45.30366 14.48804 45.30333 14.48798 45.30316 14.488 45.30305 14.48802 45.30291 14.48811 45.30274 14.48829 45.30246 14.48871 45.30232 14.48891 45.30221 14.48899 45.30201 14.48909 45.3018 14.4892 45.30161 14.48936 45.30142 14.4895 45.3013 14.48967 45.30104 14.48995 45.30084 14.4901 45.30072 14.49021 45.30064 14.49034 45.3006 14.4904 45.30054 14.49045 45.30048 14.49048 45.30041 14.49052 45.30037 14.49057 45.30035 14.49066 45.30033 14.49076 45.30027 14.49087 45.30018 14.49094 45.30009 14.49097 45.30001 14.491 45.29996 14.49105 45.29994 14.49111 45.2999 14.49125 45.29987 14.49136 45.29977 14.49148 45.29959 14.49171 45.29949 14.49184 45.29934 14.49195 45.29923 14.49201 45.2991 14.49205 45.29898 14.49209 45.29893 14.49213 45.29887 14.49222 45.29877 14.49238 45.29868 14.49248 45.29855 14.49255 45.29846 14.49259 45.29836 14.49263 45.29825 14.49268 45.29806 14.49294 45.29803 14.49311 45.29798 14.49327 45.29789 14.49343 45.29769 14.49355 45.29759 14.49362 45.29752 14.49372 45.29752 14.49393 45.29757 14.49433 45.2977 14.49484 45.29787 14.49536 45.29799 14.49549 45.29802 14.49561 45.29801 14.49574 45.29798 14.49576 45.29792 14.49582 45.29777 14.49579 45.2972 14.49554 45.29691 14.49552 45.29662 14.4956 45.29641 14.49588 45.29628 14.49603 45.29617 14.49624 45.29608 14.49637 45.29587 14.49652 45.29558 14.49655 45.29536 14.49668 45.29529 14.49681 45.29526 14.49706 45.29517 14.49732 45.29512 14.4974 45.29494 14.49742 45.29481 14.49763 45.29478 14.49773 45.29478 14.49783 45.29481 14.49791 45.29483 14.49803 45.2948 14.49819 45.29463 14.49827 45.29454 14.49837 45.29453 14.49873 45.29437 14.49898 45.29423 14.49952 45.29421 14.49999 45.29421 14.50003 45.29427 14.50014 45.29439 14.50029 45.29443 14.50041 45.29439 14.50059 45.29434 14.50064 45.29423 14.50087 45.29418 14.50118 45.2942 14.50212 45.29422 14.50229 45.29428 14.50248 45.29431 14.50266 45.29427 14.50276 45.29423 14.50285 45.2942 14.50292 45.29419 14.50304 45.29412 14.50332 45.2939 14.50371 45.29385 14.50388 45.29383 14.50416 45.29385 14.50438 45.29388 14.5045 45.29387 14.50467 45.2938 14.50478 45.29362 14.50488 45.29355 14.50501 45.29348 14.50526 45.29335 14.50555 45.29335 14.50578 45.29339 14.50592 45.29335 14.506 45.29329 14.50605 45.29323 14.50604 45.29317 14.50601 45.29305 14.50601 45.29295 14.50594 45.29285 14.50593 45.29272 14.50596 45.29262 14.50601 45.29247 14.50619 45.29233 14.50663 45.29228 14.50708 45.29215 14.50754 45.29205 14.50829 45.29193 14.50872 45.29195 14.50913 45.29198 14.50923 45.29213 14.50943 45.29214 14.5095 45.29213 14.50964 45.29207 14.50979 45.292 14.50983 45.29184 14.50982 45.29177 14.50987 45.29163 14.5101 45.29159 14.51031 45.29153 14.51037 45.29144 14.5103 45.29136 14.51033 45.29121 14.51064 45.2911 14.51083 45.29105 14.511 45.29098 14.51143 45.29073 14.5121 45.29068 14.51235 45.2905 14.51286 45.29043 14.51297 45.29036 14.5132 45.29034 14.51335 45.29038 14.51342 45.29038 14.51353 45.29035 14.51357 45.29029 14.5136 45.2902 14.51378 45.29018 14.51392 45.29019 14.51413 45.29017 14.51427 45.2901 14.51437 45.28981 14.51432 45.28974 14.51437 45.28972 14.51445 45.28959 14.51453 45.2895 14.51476 45.28952 14.51495 45.28956 14.51506 45.28954 14.51517 45.28946 14.51521 45.28942 14.51524 45.28936 14.51528 45.28913 14.51542 45.28899 14.51571 45.28877 14.51594 45.28874 14.51604 45.28875 14.5163 45.28877 14.51636 45.28875 14.51642 45.28868 14.51642 45.2885 14.51655 45.288 14.51712 45.28775 14.5173 45.28761 14.51745 45.28755 14.51758 45.28759 14.51783 45.28758 14.51791 45.28756 14.51801 45.28743 14.51809 45.28736 14.51809 45.28705 14.51837 45.28682 14.51852 45.28661 14.51881 45.28643 14.51894 45.28619 14.5192 45.286 14.51953 45.28592 14.51966 45.28567 14.51984 45.28551 14.52006 45.28535 14.52031 45.2852 14.52073 45.28494 14.52145 45.28475 14.52181 45.28468 14.52214 45.28455 14.52233 45.28442 14.52247 45.2843 14.52265 45.28414 14.52317 45.28413 14.52355 45.28412 14.52368 45.28426 14.52438 45.28438 14.52445 45.28449 14.52453 45.28467 14.52456 45.28467 14.52433 45.28453 14.52434 45.28452 14.52407 45.28443 14.52404 45.28446 14.52385 45.28462 14.52387 45.28461 14.52367 45.28476 14.52368 45.28472 14.524 45.2848 14.52405 45.28484 14.5238 45.28492 14.52397 45.28497 14.52448 45.28497 14.52492 45.28492 14.52517 45.28485 14.5254 45.28467 14.52579 45.28449 14.5262 45.28444 14.52631 45.28433 14.52663 45.28423 14.52686 45.28413 14.52698 45.28401 14.52714 45.28387 14.52735 45.28376 14.52748 45.28369 14.52781 45.28364 14.52804 45.28361 14.52914 45.28368 14.52952 45.28379 14.52981 45.28384 14.52998 45.28386 14.53005 45.28383 14.53013 45.28375 14.53021 45.28369 14.53019 45.28359 14.53013 45.28332 14.52985 45.28309 14.52957 45.28294 14.52937 45.28287 14.52932 45.2828 14.52935 45.28278 14.52963 45.28282 14.52973 45.28289 14.5298 45.28287 14.52988 45.28261 14.53085 45.28232 14.5317 45.28216 14.53188 45.28196 14.53257 45.2817 14.5332 45.28165 14.53405 45.28159 14.53435 45.28154 14.53461 45.28111 14.53596 45.28099 14.53691 45.28087 14.53732 45.28053 14.53785 45.2804 14.53816 45.28028 14.53839 45.28006 14.5387 45.27978 14.53898 45.27946 14.53962 45.27933 14.5398 45.27915 14.54003 45.27905 14.53989 45.27898 14.54001 45.27908 14.54013 45.27903 14.54019 45.2788 14.54051 45.27869 14.54039 45.27861 14.54054 45.27869 14.54066 45.27847 14.54098 45.27837 14.54112 45.27827 14.54101 45.2782 14.54112 45.27831 14.54125 45.27811 14.54157 45.27806 14.54163 45.27798 14.54153 45.27792 14.54162 45.27798 14.54174 45.27779 14.54201 45.27779 14.54216 45.27792 14.54254 45.27788 14.5429 45.27792 14.543 45.27801 14.54307 45.27805 14.54323 45.27805 14.54369 45.27812 14.54407 45.27811 14.54473 45.27816 14.54501 45.27816 14.54529 45.27806 14.54562 45.27793 14.54583 45.27761 14.54632 45.27752 14.54657 45.27743 14.54708 45.27749 14.54767 45.27744 14.54876 45.27748 14.54904 45.2775 14.54927 45.27752 14.5495 45.27754 14.55075 45.27761 14.55162 45.27761 14.55192 45.27767 14.55225 45.27767 14.55246 45.27773 14.55261 45.27782 14.55269 45.27792 14.55269 45.27803 14.55258 45.27814 14.55256 45.27826 14.55245 45.27837 14.5523 45.27852 14.55217 45.27871 14.55204 45.27878 14.55186 45.27891 14.55168 45.27911 14.55153 45.27932 14.55115 45.27948 14.55107 45.27956 14.55112 45.27959 14.55119 45.27956 14.55137 45.27959 14.55173 45.27978 14.55247 45.2798 14.55275 45.2799 14.55313 45.27991 14.55344 45.27985 14.55359 45.27971 14.55377 45.27966 14.554 45.27953 14.55428 45.27952 14.55464 45.27942 14.5549 45.27941 14.55501 45.27942 14.55517 45.27948 14.55553 45.27954 14.55609 45.27954 14.55637 45.2795 14.5565 45.27952 14.55685 45.27963 14.55724 45.27971 14.55734 45.27992 14.55734 45.2801 14.55723 45.28039 14.5572 45.28102 14.55672 45.28147 14.55646 45.28186 14.55612 45.28199 14.55604 45.28209 14.55609 45.28217 14.5562 45.2822 14.55632 45.2822 14.55645 45.28208 14.55704 45.2821 14.55757 45.28223 14.55798 45.28246 14.55844 45.28254 14.55897 45.28257 14.55907 45.28265 14.55918 45.28297 14.5594 45.28326 14.55973 45.28346 14.55996 45.28353 14.56006 45.28378 14.56019 45.28411 14.56023 45.28427 14.56018 45.28472 14.55985 45.28492 14.55967 45.28527 14.55928 45.28563 14.55892 45.28583 14.55877 45.28626 14.55818 45.28682 14.55761 45.28692 14.55743 45.28698 14.55741 45.28717 14.55713 45.28723 14.5571 45.28739 14.55684 45.28753 14.55666 45.28768 14.55648 45.28789 14.5563 45.28802 14.55625 45.28811 14.55607 45.28821 14.55587 45.28837 14.55577 45.28848 14.55576 45.28861 14.55574 45.28868 14.55564 45.28875 14.55545 45.28873 14.55539 45.28841 14.55436 45.28831 14.55371 45.28818 14.55271 45.28839 14.55186 45.28882 14.55131 45.28912 14.5509 45.28974 14.55031 45.28993 14.55018 45.28996 14.55014 45.29007 14.54999 45.29027 14.55005 45.29027 14.55004 45.29033 14.54995 45.29033 14.54994 45.29038 14.54985 45.29037 14.5498 45.29032 14.54964 45.29023 14.54949 45.29016 14.54928 45.29041 14.54917 45.2908 14.549 45.291 14.54894 45.29108 14.54891 45.29105 14.54871 45.29122 14.54864 45.29168 14.5485 45.29196 14.54847 45.29241 14.5481 45.29263 14.54763 45.2928 14.54727 45.2927 14.54709 45.2928 14.54683 45.29312 14.54637 45.2934 14.54605 45.29351 14.54581 45.29361 14.5456 45.29349 14.54546 45.29343 14.54539 45.29337 14.54531 45.29357 14.5449 45.29422 14.54384 45.29497 14.54239 45.29536 14.54144 45.2959 14.54042 45.29645 14.53928 45.29685 14.5384 45.29716 14.53769 45.2977 14.53705 45.29774 14.53702 45.29821 14.5366 45.29842 14.53624 45.2989 14.5357 45.29891 14.53564 45.29903 14.53527 45.29905 14.53517 45.29897 14.53457 45.29897 14.53393 45.29898 14.53346 45.29923 14.53268 45.29956 14.53201 45.30005 14.53091 45.30051 14.53019 45.30107 14.52918 45.3013 14.52859 45.30168 14.5279 45.30203 14.52699 45.30213 14.52684 45.3025 14.52631 45.30292 14.5257 45.30343 14.52497 45.30392 14.52422 45.30443 14.52391 45.30495 14.52391 45.30541 14.52397 45.30597 14.52393 45.30628 14.524 45.30706 14.52411 45.3074 14.52414 45.30744 14.52414 45.30787 14.52383 45.30831 14.5236 45.30895 14.52314 45.3095 14.5228 45.31056 14.52201 45.31059 14.52177 45.31063 14.52131 45.31088 14.52088 45.31121 14.52055 45.31146 14.52021 45.31174 14.51963 45.31181 14.51901 45.31182 14.51873 45.31182 14.51852 45.31167 14.51801 45.31154 14.51755 45.31153 14.51753 45.31129 14.51615 45.3111 14.51519 45.3111 14.51397 45.31118 14.51335 45.3113 14.51274 45.31141 14.51214 45.31184 14.51112 45.31218 14.51032 45.31248 14.50917 45.31265 14.50844 45.31298 14.50788 45.3132 14.5074 45.3133 14.5072 45.31334 14.50711 45.31373 14.50568 45.31398 14.50475 45.31423 14.50408 45.31469 14.50351 45.31495 14.50264 45.31531 14.50132 45.31536 14.50074 45.31575 14.49998 45.3165 14.49917 45.31702 14.4984 45.31752 14.49762 45.31798 14.4966 45.31842 14.49569 45.3186 14.49533 45.3187 14.49512 45.31886 14.4948 45.31891 14.49469 45.31899 14.49452 45.31895 14.49333 45.31888 14.49152 45.31887 14.49133 45.31874 14.49116 45.31841 14.49075 45.31957 14.48891</gml:posList>
                        </gml:LinearRing>
                      </gml:exterior>
                    </gml:Polygon>
                  </gml:surfaceMember>
                  <gml:surfaceMember>
                    <gml:Polygon gml:id="MEDIA_MONITORED_CILJ_ID_1_POLUTANT_2_MODEL_99">
                      <gml:exterior>
                        <gml:LinearRing>
                          <gml:posList srsDimension="2">45.24443 14.5572 45.24445 14.557 45.24457 14.55679 45.24464 14.55649 45.24479 14.55613 45.24493 14.55585 45.24516 14.55564 45.2452 14.55549 45.2453 14.55539 45.24538 14.55516 45.24555 14.5549 45.24564 14.55477 45.24577 14.55462 45.24581 14.55452 45.2458 14.55439 45.24579 14.55434 45.24568 14.55429 45.24559 14.55419 45.24528 14.55414 45.24516 14.55422 45.24498 14.55447 45.24485 14.55458 45.24464 14.55458 45.24456 14.5545 45.24453 14.5544 45.24433 14.5543 45.24418 14.55405 45.24415 14.55371 45.24422 14.55343 45.24427 14.55336 45.2443 14.55328 45.24427 14.55323 45.24409 14.55321 45.24378 14.553 45.24371 14.5529 45.24366 14.5529 45.24359 14.55295 45.24353 14.55306 45.24324 14.55326 45.24303 14.55365 45.24255 14.55396 45.24242 14.554 45.24197 14.55432 45.24181 14.55437 45.24132 14.55468 45.24127 14.55478 45.24125 14.55481 45.24117 14.55492 45.24111 14.55511 45.241 14.55529 45.24086 14.55532 45.24071 14.55522 45.24061 14.55519 45.24055 14.55504 45.24055 14.55501 45.24055 14.55489 45.24064 14.55466 45.24073 14.55451 45.24078 14.5544 45.24094 14.5541 45.24143 14.5534 45.24173 14.55315 45.24204 14.55299 45.2422 14.55286 45.24232 14.55274 45.24238 14.55263 45.24252 14.55243 45.2427 14.55217 45.24277 14.55212 45.24279 14.55194 45.24272 14.55187 45.24254 14.55187 45.24246 14.55187 45.24241 14.55187 45.24234 14.55187 45.24216 14.55187 45.24196 14.55164 45.24174 14.55159 45.24171 14.55154 45.24171 14.55129 45.24165 14.55126 45.2416 14.55131 45.24153 14.55131 45.24144 14.55142 45.2414 14.55205 45.24133 14.55223 45.24137 14.55246 45.24135 14.55272 45.24121 14.55283 45.24112 14.5529 45.24094 14.55318 45.24078 14.55321 45.24074 14.55316 45.24074 14.55303 45.24078 14.55293 45.2411 14.55267 45.24111 14.55259 45.2411 14.55254 45.24104 14.55252 45.24076 14.55254 45.24061 14.55247 45.24052 14.55247 45.2404 14.55257 45.24029 14.55257 45.24009 14.55268 45.23982 14.55288 45.23961 14.55288 45.23939 14.55276 45.23914 14.55248 45.23903 14.55215 45.23901 14.55169 45.23894 14.55154 45.23879 14.55141 45.23859 14.55131 45.2384 14.55119 45.23798 14.55086 45.2372 14.55053 45.23706 14.55043 45.23679 14.55043 45.23659 14.55054 45.23636 14.55079 45.23609 14.55098 45.23589 14.55123 45.2357 14.55136 45.23561 14.55149 45.23541 14.55162 45.23534 14.55162 45.2353 14.55157 45.23526 14.55141 45.23526 14.55116 45.23519 14.55088 45.23521 14.55075 45.23533 14.55057 45.2354 14.55039 45.23558 14.55016 45.23558 14.54999 45.23547 14.54988 45.23544 14.54978 45.23544 14.5496 45.23556 14.54932 45.23562 14.54912 45.23569 14.54904 45.23576 14.54881 45.23583 14.54869 45.23592 14.54861 45.23622 14.5484 45.23639 14.54817 45.23674 14.54728 45.23674 14.54702 45.23666 14.5469 45.23665 14.54669 45.23661 14.54659 45.2367 14.54618 45.23686 14.54577 45.23688 14.54537 45.23673 14.54496 45.2367 14.5447 45.2368 14.54445 45.23689 14.54437 45.237 14.54445 45.23706 14.54451 45.23715 14.54462 45.23747 14.5446 45.23759 14.54447 45.23759 14.54431 45.23753 14.54431 45.23745 14.54439 45.23738 14.54432 45.23721 14.54404 45.23718 14.54381 45.23701 14.54333 45.23698 14.5433 45.23694 14.54302 45.23678 14.54269 45.23674 14.54239 45.2366 14.54206 45.23658 14.54175 45.23616 14.54073 45.23608 14.54012 45.2359 14.53962 45.23592 14.53939 45.23599 14.53918 45.23606 14.53911 45.2361 14.539 45.23615 14.5386 45.23626 14.53836 45.23643 14.5378 45.23645 14.53772 45.23647 14.53761 45.23647 14.53741 45.23643 14.53712 45.23639 14.53696 45.23625 14.53673 45.23618 14.53668 45.23589 14.53666 45.23575 14.53674 45.23571 14.53682 45.23562 14.53687 45.2355 14.53707 45.23542 14.5373 45.23528 14.53748 45.23514 14.53789 45.23496 14.5381 45.23491 14.53838 45.2348 14.53862 45.23481 14.53873 45.23478 14.53881 45.23472 14.53889 45.23446 14.53907 45.2343 14.5393 45.23396 14.53963 45.2339 14.53981 45.23391 14.53994 45.23412 14.5405 45.23411 14.5407 45.23398 14.54091 45.23378 14.54116 45.23364 14.54132 45.23353 14.54147 45.23343 14.54165 45.23323 14.54193 45.23309 14.54229 45.233 14.54242 45.23264 14.5428 45.23253 14.54303 45.23239 14.54316 45.23221 14.54321 45.23181 14.54304 45.23165 14.54314 45.23147 14.54334 45.23117 14.54353 45.23084 14.54383 45.23034 14.54394 45.23028 14.5439 45.23025 14.54365 45.23016 14.54365 45.23018 14.54409 45.23005 14.54404 45.22983 14.54371 45.22955 14.54341 45.22938 14.5434 45.22899 14.54347 45.22883 14.54342 45.2287 14.54349 45.22859 14.54362 45.22832 14.54357 45.22825 14.54363 45.2282 14.54378 45.2282 14.54398 45.22823 14.54411 45.22827 14.54467 45.22829 14.54482 45.22829 14.54495 45.22864 14.54602 45.22871 14.54614 45.22891 14.54635 45.22931 14.54662 45.22938 14.54677 45.22947 14.54685 45.22947 14.54693 45.22942 14.547 45.22929 14.54708 45.2292 14.54718 45.22911 14.54725 45.22908 14.54736 45.22911 14.54762 45.22911 14.54792 45.22906 14.54805 45.22885 14.54833 45.22868 14.54846 45.22858 14.54861 45.22845 14.54874 45.22813 14.54908 45.22791 14.54923 45.22783 14.54926 45.22775 14.54923 45.22764 14.54916 45.22752 14.54913 45.22737 14.54924 45.22732 14.54934 45.22725 14.5494 45.22722 14.54947 45.22697 14.54967 45.22666 14.54994 45.2266 14.54973 45.22652 14.54978 45.22657 14.54997 45.22649 14.55003 45.22625 14.55014 45.22576 14.55036 45.22574 14.55015 45.22565 14.55017 45.22566 14.5504 45.22556 14.55042 45.22554 14.55026 45.22545 14.55029 45.22547 14.5505 45.22524 14.55062 45.2252 14.55043 45.22515 14.55046 45.22518 14.55069 45.22484 14.55088 45.22482 14.55068 45.22476 14.55069 45.22479 14.5509 45.2245 14.55097 45.22449 14.55078 45.2244 14.55078 45.22441 14.55104 45.22432 14.55102 45.22428 14.55079 45.22418 14.55081 45.22421 14.55106 45.22401 14.55113 45.22396 14.55098 45.22388 14.55105 45.22393 14.55125 45.22387 14.55132 45.22371 14.55148 45.2235 14.55172 45.22316 14.55171 45.22302 14.55163 45.22276 14.55154 45.22263 14.55146 45.22274 14.55127 45.22265 14.55116 45.22252 14.55134 45.22236 14.55119 45.22225 14.55106 45.22214 14.55103 45.22194 14.55096 45.22172 14.55092 45.22171 14.55073 45.22161 14.55074 45.22161 14.55092 45.22127 14.55102 45.22073 14.55104 45.22042 14.5511 45.21939 14.55158 45.21925 14.55167 45.21903 14.5518 45.21892 14.55184 45.21884 14.55177 45.21876 14.55177 45.21862 14.55185 45.21844 14.55181 45.21823 14.55176 45.21815 14.55163 45.21812 14.55133 45.21817 14.55119 45.21817 14.55101 45.21807 14.55086 45.21797 14.55079 45.21773 14.55079 45.21757 14.55076 45.21721 14.55068 45.21658 14.55062 45.21645 14.55064 45.21636 14.5507 45.21626 14.55085 45.21619 14.55094 45.2161 14.55106 45.21595 14.55118 45.21593 14.55136 45.21594 14.5515 45.21582 14.55172 45.21569 14.55185 45.21552 14.55189 45.21552 14.5517 45.2154 14.5517 45.21539 14.55189 45.21525 14.55186 45.21489 14.55173 45.21465 14.55156 45.21446 14.55145 45.21438 14.55144 45.21439 14.55125 45.2143 14.55125 45.2143 14.55143 45.21373 14.55142 45.21372 14.55125 45.21358 14.55125 45.21357 14.55147 45.2134 14.55145 45.21329 14.55142 45.213 14.55125 45.21276 14.55113 45.21214 14.55112 45.21199 14.55108 45.21188 14.55102 45.21188 14.55089 45.2119 14.55081 45.21204 14.55071 45.21213 14.55055 45.2124 14.55024 45.2126 14.55012 45.21273 14.54996 45.21274 14.54971 45.21256 14.5495 45.21251 14.54938 45.21236 14.54933 45.21181 14.54933 45.21163 14.54949 45.21151 14.54956 45.21128 14.54962 45.21107 14.5498 45.211 14.5499 45.21089 14.55 45.21092 14.55017 45.2107 14.55037 45.21063 14.55027 45.21052 14.55041 45.21065 14.5506 45.21086 14.55044 45.21093 14.55059 45.21082 14.55072 45.21092 14.55089 45.21064 14.55128 45.2105 14.55147 45.21033 14.55161 45.21002 14.55187 45.2098 14.55199 45.20955 14.5522 45.20939 14.55241 45.20924 14.55262 45.20907 14.55285 45.20889 14.55298 45.20874 14.55298 45.20858 14.55288 45.20839 14.55276 45.20816 14.55249 45.20802 14.5523 45.20791 14.55212 45.20784 14.55197 45.20786 14.55181 45.20793 14.55165 45.20821 14.55152 45.20841 14.55124 45.20843 14.55109 45.2085 14.55089 45.20866 14.55066 45.20873 14.5506 45.20879 14.55043 45.20881 14.55036 45.20879 14.55029 45.2087 14.55026 45.20857 14.55027 45.20821 14.55053 45.2081 14.55069 45.20789 14.5512 45.20773 14.55143 45.20753 14.55143 45.20737 14.55125 45.20726 14.55102 45.20709 14.55044 45.20688 14.54988 45.20684 14.54955 45.20688 14.54932 45.20696 14.54917 45.20721 14.54886 45.20764 14.54847 45.20775 14.54832 45.20841 14.54774 45.20849 14.5476 45.20864 14.54743 45.20879 14.54729 45.20904 14.54699 45.20926 14.54683 45.20972 14.54617 45.2099 14.54576 45.21003 14.54558 45.21026 14.54545 45.2104 14.54532 45.21069 14.54527 45.21078 14.54516 45.2108 14.54506 45.21092 14.54491 45.21101 14.54486 45.21114 14.54486 45.21153 14.54457 45.21164 14.54457 45.21175 14.54465 45.21231 14.54464 45.2126 14.54454 45.21285 14.54433 45.21374 14.54303 45.21403 14.54272 45.21419 14.54254 45.21441 14.54231 45.21464 14.54203 45.21489 14.54177 45.21501 14.54169 45.21523 14.54146 45.21532 14.54128 45.21534 14.54113 45.21538 14.54107 45.21543 14.54105 45.21553 14.54098 45.21568 14.54092 45.21582 14.54069 45.21609 14.54051 45.21625 14.54026 45.21647 14.54015 45.21661 14.54 45.21684 14.53985 45.2169 14.53985 45.21702 14.53972 45.21742 14.53954 45.2176 14.53936 45.21772 14.53935 45.21781 14.5393 45.21796 14.5391 45.21828 14.53894 45.21837 14.53881 45.21855 14.53871 45.21862 14.53861 45.21878 14.53851 45.21898 14.5382 45.2191 14.53812 45.21925 14.53809 45.21934 14.53789 45.21982 14.5374 45.2202 14.5372 45.22036 14.53704 45.22074 14.53689 45.22084 14.53681 45.22104 14.53665 45.22127 14.53655 45.22145 14.5364 45.22185 14.53621 45.22201 14.53609 45.2221 14.53596 45.22273 14.53552 45.22289 14.53537 45.22294 14.53526 45.22316 14.53516 45.22334 14.53498 45.22363 14.53493 45.22377 14.53477 45.22406 14.53457 45.22438 14.53428 45.2249 14.53387 45.22508 14.53379 45.2252 14.53362 45.22533 14.53349 45.22549 14.53333 45.22583 14.53308 45.22637 14.53277 45.22651 14.53276 45.22659 14.53259 45.22673 14.53248 45.22694 14.53223 45.22802 14.53158 45.22876 14.53106 45.22899 14.53073 45.22903 14.5304 45.22897 14.53017 45.22883 14.53002 45.22875 14.52997 45.22859 14.52992 45.22828 14.52972 45.22812 14.52954 45.22794 14.52926 45.22769 14.52906 45.2276 14.52899 45.22727 14.52877 45.22704 14.52856 45.22695 14.52841 45.22657 14.52815 45.22642 14.52813 45.22626 14.52803 45.22612 14.528 45.22592 14.5279 45.22543 14.52753 45.2252 14.5274 45.22466 14.52741 45.22433 14.52759 45.22419 14.52774 45.22399 14.52805 45.22381 14.52823 45.22367 14.52846 45.22335 14.52889 45.22313 14.529 45.22299 14.52912 45.22284 14.52921 45.22273 14.52931 45.22247 14.52944 45.22229 14.52946 45.22206 14.52946 45.2218 14.52967 45.22179 14.52972 45.22168 14.5298 45.22157 14.5298 45.22136 14.52998 45.22123 14.53001 45.22106 14.52989 45.22098 14.52983 45.2208 14.52996 45.2203 14.53017 45.22001 14.53014 45.21994 14.53019 45.21974 14.5302 45.21959 14.53012 45.21941 14.52987 45.21936 14.52969 45.21929 14.52967 45.21911 14.52995 45.21894 14.53005 45.21868 14.53023 45.21846 14.53041 45.21814 14.53059 45.21796 14.53057 45.21787 14.53047 45.21781 14.53029 45.21774 14.53024 45.21729 14.53022 45.21644 14.5304 45.21612 14.53066 45.21585 14.53104 45.21571 14.53124 45.21562 14.53135 45.21555 14.53155 45.21546 14.53175 45.21541 14.53196 45.21534 14.53212 45.21514 14.5323 45.21507 14.53255 45.21507 14.53271 45.21503 14.53296 45.21487 14.53334 45.21478 14.53355 45.21459 14.53388 45.21416 14.53488 45.21403 14.53508 45.21386 14.53534 45.21362 14.53582 45.21335 14.53611 45.21273 14.53657 45.21253 14.53682 45.21237 14.53703 45.21205 14.53744 45.21199 14.53749 45.21178 14.53767 45.21147 14.53808 45.21097 14.53849 45.21084 14.53865 45.21063 14.53878 45.21045 14.53878 45.21005 14.53903 45.20962 14.5395 45.20945 14.53965 45.20933 14.53975 45.20923 14.53988 45.20909 14.54001 45.2088 14.54019 45.20862 14.54037 45.20833 14.54058 45.20823 14.5407 45.20796 14.54086 45.20788 14.54096 45.20769 14.54106 45.20743 14.54107 45.20718 14.54125 45.20713 14.54135 45.20693 14.54153 45.20672 14.54181 45.20639 14.54214 45.20577 14.54296 45.20539 14.54325 45.20509 14.54348 45.20478 14.54366 45.2046 14.54368 45.2046 14.54346 45.20449 14.54347 45.20448 14.54367 45.20426 14.54366 45.20419 14.54372 45.20399 14.54374 45.20397 14.54344 45.20384 14.54345 45.20384 14.54374 45.20367 14.54374 45.20352 14.54387 45.2033 14.54397 45.20329 14.54372 45.20318 14.54372 45.20319 14.54397 45.20275 14.54424 45.20268 14.5443 45.20253 14.54419 45.20248 14.54435 45.2026 14.54445 45.20259 14.54454 45.20248 14.54472 45.20237 14.5448 45.20201 14.5448 45.20198 14.54457 45.20187 14.54461 45.20191 14.54487 45.20167 14.54501 45.20141 14.54539 45.20132 14.54567 45.20125 14.54618 45.20118 14.54641 45.20112 14.54651 45.20098 14.54674 45.20083 14.5468 45.20056 14.5468 45.2004 14.5467 45.20022 14.54645 45.20008 14.54634 45.19993 14.54635 45.19972 14.5465 45.1994 14.54688 45.1992 14.54699 45.19929 14.54685 45.19941 14.54671 45.19954 14.54658 45.19972 14.54619 45.19982 14.54604 45.19984 14.54591 45.19982 14.54581 45.19962 14.54553 45.19957 14.5453 45.19962 14.54505 45.19987 14.54472 45.19991 14.54461 45.19993 14.54436 45.19989 14.54416 45.19978 14.54398 45.19949 14.54365 45.19944 14.54345 45.19947 14.54332 45.19958 14.54319 45.19974 14.54309 45.19994 14.54304 45.20039 14.54306 45.20051 14.54298 45.20058 14.54285 45.20069 14.54244 45.20078 14.54237 45.20092 14.54234 45.2012 14.54242 45.20129 14.54244 45.20137 14.54266 45.20147 14.54259 45.20138 14.54234 45.20143 14.54216 45.20141 14.54173 45.20148 14.54152 45.20157 14.54142 45.20184 14.54126 45.20196 14.54126 45.20202 14.54121 45.20211 14.54088 45.20214 14.54052 45.20234 14.53978 45.20235 14.53935 45.20217 14.53798 45.20195 14.53762 45.20184 14.53729 45.20171 14.53712 45.2017 14.53704 45.20153 14.53691 45.20144 14.53674 45.20115 14.53648 45.20083 14.53638 45.2007 14.53641 45.20057 14.53636 45.20018 14.53634 45.20011 14.53629 45.19998 14.53598 45.20002 14.53563 45.20002 14.53537 45.20001 14.53525 45.19998 14.53511 45.19989 14.53494 45.19987 14.53481 45.19978 14.53466 45.19976 14.53451 45.19963 14.53438 45.19953 14.53441 45.19943 14.53436 45.19936 14.53423 45.19929 14.53418 45.19907 14.53416 45.19895 14.53403 45.19884 14.53398 45.19861 14.53398 45.19837 14.53409 45.1983 14.53409 45.19821 14.53401 45.19805 14.53401 45.19789 14.53414 45.19756 14.5343 45.19744 14.5344 45.1973 14.53447 45.19711 14.53463 45.19699 14.53466 45.19679 14.53481 45.19645 14.53497 45.19607 14.53497 45.19564 14.53475 45.19523 14.53475 45.1951 14.5347 45.19501 14.5346 45.1949 14.53457 45.19477 14.53463 45.19447 14.53465 45.19434 14.53473 45.19402 14.53473 45.19393 14.53468 45.19382 14.53469 45.19355 14.53492 45.19321 14.5351 45.19308 14.53515 45.19292 14.53515 45.19276 14.53523 45.1926 14.5352 45.19246 14.53536 45.19244 14.53543 45.19231 14.53561 45.19226 14.53564 45.19161 14.53567 45.19155 14.53577 45.19122 14.53628 45.19113 14.53629 45.19086 14.53603 45.19077 14.53603 45.19062 14.53593 45.1901 14.53594 45.19005 14.53599 45.18969 14.53599 45.18929 14.53622 45.18906 14.53625 45.18879 14.53638 45.18857 14.53638 45.18846 14.53643 45.18832 14.53657 45.1883 14.53659 45.18805 14.53684 45.188 14.53695 45.18778 14.53705 45.18771 14.53718 45.18768 14.53738 45.18764 14.53743 45.18757 14.53738 45.18753 14.53728 45.18753 14.53708 45.1876 14.53687 45.18758 14.53657 45.18742 14.53649 45.18731 14.5366 45.18728 14.5367 45.18722 14.5367 45.18717 14.5365 45.1871 14.53642 45.18699 14.53625 45.18688 14.53596 45.18673 14.53571 45.18639 14.53525 45.1863 14.53515 45.18614 14.53495 45.18599 14.5349 45.18585 14.53493 45.1857 14.53478 45.1856 14.53475 45.18538 14.5348 45.18531 14.5347 45.18509 14.53455 45.18482 14.53445 45.18471 14.53448 45.18437 14.53443 45.18417 14.53451 45.18405 14.53451 45.18367 14.53469 45.18333 14.53469 45.1832 14.53477 45.18299 14.53482 45.1829 14.5349 45.18229 14.53491 45.18173 14.53504 45.18158 14.53517 45.18135 14.53524 45.18106 14.53545 45.18099 14.53555 45.18094 14.53555 45.18062 14.53581 45.18049 14.53586 45.1804 14.53599 45.18022 14.53609 45.18011 14.5363 45.1799 14.53643 45.17986 14.53648 45.17986 14.53654 45.17991 14.53664 45.1799 14.53673 45.17986 14.53681 45.17981 14.53686 45.1797 14.5368 45.17965 14.53684 45.17954 14.53704 45.1794 14.53717 45.17936 14.5373 45.17936 14.53763 45.17927 14.53791 45.1792 14.53799 45.17899 14.53799 45.1787 14.53784 45.17863 14.53784 45.17839 14.53769 45.17819 14.53764 45.17796 14.53769 45.17697 14.5377 45.17668 14.53765 45.17636 14.53765 45.17612 14.53776 45.17607 14.53788 45.17612 14.53801 45.17612 14.53809 45.17606 14.53817 45.17595 14.53832 45.17579 14.53872 45.17575 14.53898 45.17561 14.53949 45.17559 14.53964 45.17543 14.5401 45.17543 14.54018 45.17556 14.54051 45.1756 14.54068 45.17567 14.54079 45.17567 14.54089 45.17547 14.54089 45.17534 14.54084 45.17516 14.54105 45.17507 14.54107 45.17493 14.5412 45.17479 14.54125 45.17445 14.54148 45.17432 14.54171 45.17405 14.54189 45.17398 14.54207 45.1739 14.54219 45.17378 14.54235 45.17364 14.54256 45.17348 14.54269 45.17337 14.54276 45.17305 14.54277 45.17287 14.54292 45.17269 14.54292 45.17247 14.54277 45.17229 14.54272 45.1722 14.54275 45.17206 14.54288 45.17201 14.54316 45.17156 14.54308 45.17121 14.54311 45.17119 14.54321 45.1713 14.54324 45.17132 14.54334 45.17114 14.5436 45.17102 14.54395 45.17093 14.54403 45.17082 14.54403 45.17071 14.54411 45.17064 14.54421 45.17061 14.54439 45.17043 14.54462 45.17039 14.5448 45.17043 14.54487 45.17043 14.54503 45.17032 14.54521 45.17021 14.54531 45.17005 14.54536 45.16989 14.54536 45.16976 14.54545 45.16968 14.54544 45.16961 14.5454 45.16949 14.54541 45.16939 14.54547 45.16923 14.54567 45.1691 14.54595 45.16898 14.54616 45.16874 14.54636 45.16851 14.54647 45.16802 14.5465 45.16796 14.54638 45.16793 14.54626 45.16799 14.54612 45.16798 14.54597 45.16825 14.54566 45.16818 14.54551 45.1679 14.54579 45.16782 14.54576 45.16766 14.54558 45.16753 14.5453 45.16737 14.54518 45.16724 14.54523 45.16719 14.54536 45.16725 14.54561 45.1672 14.54575 45.16703 14.54561 45.16689 14.54562 45.16674 14.54557 45.16657 14.54545 45.16641 14.54516 45.16624 14.54486 45.16607 14.54455 45.16588 14.5442 45.16545 14.54356 45.16563 14.54332 45.16555 14.54325 45.16536 14.54345 45.16516 14.54318 45.16534 14.54294 45.16527 14.54284 45.1651 14.54305 45.16503 14.54299 45.16497 14.54284 45.16491 14.54269 45.16491 14.5425 45.16494 14.54233 45.165 14.54221 45.16522 14.54248 45.1653 14.54234 45.16511 14.54211 45.16525 14.54189 45.16556 14.54206 45.16558 14.54192 45.16523 14.54171 45.16484 14.54138 45.16471 14.54123 45.1646 14.5411 45.16444 14.5409 45.16436 14.54075 45.16454 14.54048 45.16447 14.54037 45.16426 14.54065 45.16418 14.54065 45.16405 14.54063 45.16391 14.54064 45.16366 14.54071 45.16351 14.54069 45.16333 14.54067 45.16341 14.54048 45.16334 14.54035 45.16315 14.54059 45.16301 14.54043 45.1628 14.54011 45.16264 14.53987 45.16245 14.53952 45.16213 14.53883 45.162 14.53853 45.16177 14.538 45.16153 14.53764 45.16136 14.5375 45.16119 14.53732 45.16105 14.53712 45.16089 14.53692 45.16079 14.53679 45.16064 14.5366 45.16042 14.53631 45.16011 14.53604 45.15987 14.53579 45.15957 14.53553 45.15914 14.53521 45.15879 14.53506 45.15842 14.53495 45.15784 14.53489 45.15777 14.53483 45.15739 14.53465 45.15727 14.53468 45.15718 14.53475 45.1566 14.53478 45.1564 14.53453 45.15633 14.53441 45.15628 14.5343 45.15624 14.53418 45.15611 14.53395 45.15611 14.53383 45.15608 14.53377 45.15591 14.53377 45.15582 14.53373 45.1557 14.53377 45.15561 14.53377 45.15548 14.53365 45.15527 14.53362 45.15519 14.53352 45.15496 14.5334 45.15483 14.5334 45.15465 14.53353 45.1545 14.53357 45.15433 14.53361 45.15402 14.53369 45.15396 14.53371 45.15388 14.53374 45.15368 14.53389 45.15363 14.53397 45.15358 14.53415 45.15354 14.53461 45.15348 14.53472 45.15338 14.53473 45.15327 14.53476 45.15318 14.53474 45.15309 14.53466 45.15291 14.53468 45.1528 14.53471 45.15248 14.53472 45.15237 14.53467 45.15221 14.53459 45.15208 14.53449 45.15197 14.53434 45.15196 14.53403 45.1519 14.53386 45.15183 14.53381 45.15167 14.53381 45.15161 14.53376 45.15132 14.53368 45.1512 14.53338 45.15113 14.53331 45.15111 14.53315 45.15107 14.53307 45.15106 14.53296 45.15101 14.53287 45.15099 14.53273 45.15096 14.53262 45.15094 14.53249 45.15095 14.53225 45.15092 14.53206 45.15081 14.53198 45.15076 14.53183 45.15058 14.53163 45.1505 14.53127 45.15041 14.53115 45.1504 14.53104 45.15029 14.53094 45.15023 14.53079 45.15025 14.53049 45.15036 14.53028 45.15048 14.52972 45.15053 14.52962 45.15056 14.52943 45.15058 14.52927 45.1506 14.52908 45.15061 14.52892 45.15062 14.52873 45.15062 14.52863 45.15071 14.52842 45.15085 14.52832 45.15092 14.52832 45.15103 14.52839 45.15112 14.52857 45.1513 14.52865 45.15195 14.52864 45.15211 14.52854 45.15227 14.52851 45.1524 14.52843 45.15251 14.52831 45.15262 14.52828 45.15283 14.52805 45.1529 14.52792 45.15299 14.52767 45.15299 14.52728 45.15297 14.52719 45.15295 14.52711 45.1529 14.52695 45.15259 14.52668 45.15257 14.52663 45.15243 14.52655 45.15234 14.52654 45.15226 14.52657 45.15222 14.52654 45.15222 14.52646 45.15218 14.52635 45.15212 14.5263 45.15194 14.52633 45.15155 14.52615 45.1514 14.52615 45.15131 14.52592 45.15127 14.5259 45.15122 14.52488 45.15125 14.52481 45.15123 14.52455 45.15125 14.5243 45.15132 14.52414 45.15132 14.52402 45.15141 14.52384 45.15144 14.52369 45.15144 14.52323 45.15139 14.52318 45.15128 14.52287 45.15115 14.52272 45.15115 14.52262 45.15103 14.52234 45.15074 14.52211 45.15065 14.52209 45.1505 14.52219 45.15041 14.52219 45.15034 14.52224 45.15023 14.52242 45.15018 14.52245 45.15021 14.524 45.15025 14.52581 45.15024 14.52584 45.15011 14.52678 45.1501 14.52688 45.14962 14.53172 45.14938 14.5347 45.14927 14.53915 45.14872 14.53964 45.14837 14.54037 45.14816 14.54111 45.1481 14.54192 45.14816 14.5427 45.14836 14.54351 45.14837 14.54388 45.14838 14.54421 45.14838 14.54425 45.14819 14.54485 45.14817 14.5449 45.14783 14.54538 45.14748 14.546 45.14751 14.54637 45.14785 14.54713 45.14967 14.5465 45.15123 14.54599 45.1527 14.54568 45.15462 14.54548 45.15672 14.54612 45.15799 14.54661 45.15833 14.5469 45.15877 14.54736 45.15923 14.54798 45.16057 14.55052 45.1608 14.5506 45.16167 14.54971 45.16225 14.54976 45.16318 14.5503 45.16456 14.55121 45.16517 14.55207 45.16605 14.55404 45.16679 14.55545 45.16731 14.55641 45.16708 14.55654 45.16638 14.5587 45.16602 14.56012 45.16593 14.56168 45.16598 14.56277 45.16621 14.56384 45.16655 14.5652 45.16672 14.56611 45.16675 14.56625 45.16667 14.56674 45.16663 14.56703 45.16616 14.56788 45.16604 14.56894 45.1656 14.57004 45.1648 14.57056 45.16395 14.57063 45.16308 14.57022 45.16248 14.5701 45.16133 14.57021 45.16098 14.57036 45.16008 14.57089 45.15951 14.57105 45.15794 14.57124 45.15673 14.57131 45.15464 14.57199 45.15407 14.57251 45.15334 14.5741 45.15333 14.57511 45.15318 14.5763 45.15324 14.57679 45.1534 14.57753 45.154 14.57937 45.15481 14.58097 45.1553 14.58159 45.15575 14.58224 45.15688 14.58271 45.15965 14.58335 45.16487 14.58473 45.16543 14.5847 45.16581 14.58475 45.16633 14.58467 45.16653 14.58476 45.16717 14.5844 45.16769 14.58399 45.16848 14.58248 45.16877 14.58179 45.16912 14.58053 45.16968 14.57875 45.17044 14.57724 45.17084 14.57692 45.17145 14.57623 45.17189 14.57557 45.17264 14.57595 45.17336 14.57624 45.17476 14.57736 45.17672 14.57925 45.17778 14.58044 45.17951 14.58266 45.18101 14.58408 45.181 14.58432 45.18094 14.58578 45.18088 14.58733 45.18025 14.59112 45.18031 14.59153 45.18073 14.59312 45.18162 14.59493 45.18225 14.59603 45.18251 14.59669 45.18262 14.59706 45.18263 14.59728 45.18264 14.59747 45.18265 14.59755 45.18261 14.59812 45.18244 14.5991 45.18223 14.59984 45.18217 14.60032 45.18217 14.60077 45.18228 14.6011 45.18252 14.60143 45.18301 14.60176 45.18393 14.60193 45.18454 14.60197 45.18485 14.60223 45.1852 14.60324 45.18647 14.60747 45.18667 14.60841 45.1871 14.6098 45.18756 14.61143 45.18761 14.61181 45.18767 14.61217 45.18766 14.61221 45.18765 14.61229 45.18756 14.61309 45.18756 14.6131 45.18756 14.61313 45.18755 14.61314 45.18751 14.61323 45.18747 14.61341 45.18742 14.61346 45.18738 14.61356 45.18747 14.61388 45.18747 14.6139 45.18726 14.61387 45.18724 14.61402 45.18744 14.61406 45.18746 14.6142 45.18739 14.61429 45.18721 14.61421 45.18717 14.61436 45.18731 14.61443 45.18726 14.6146 45.18731 14.61471 45.18742 14.6147 45.18746 14.61496 45.18741 14.61509 45.18744 14.61516 45.18755 14.61521 45.18757 14.61539 45.18761 14.61544 45.18786 14.61544 45.18798 14.61539 45.18804 14.61544 45.1882 14.61544 45.18831 14.61562 45.18845 14.61561 45.18854 14.61556 45.18861 14.61561 45.18876 14.61561 45.18883 14.61554 45.18887 14.61559 45.18882 14.6157 45.18887 14.61579 45.18892 14.61584 45.18914 14.61579 45.18923 14.61571 45.18932 14.61576 45.18932 14.61584 45.18928 14.61589 45.1893 14.61596 45.18941 14.61596 45.18948 14.61617 45.18966 14.61614 45.18982 14.61622 45.19 14.61621 45.19013 14.61609 45.19027 14.61601 45.19034 14.61591 45.19049 14.61577 45.19054 14.61578 45.19056 14.61603 45.19061 14.61605 45.19067 14.61601 45.19072 14.61606 45.19081 14.61606 45.19092 14.61595 45.191 14.6159 45.19104 14.61593 45.19106 14.61603 45.19115 14.61608 45.19119 14.61616 45.1913 14.61621 45.19142 14.61621 45.19153 14.61633 45.19164 14.61633 45.19178 14.61625 45.19178 14.61608 45.19191 14.61592 45.19232 14.61566 45.19254 14.61548 45.19263 14.61548 45.19297 14.61523 45.19306 14.6152 45.19317 14.61502 45.19347 14.61477 45.19352 14.61477 45.1936 14.61469 45.19365 14.61469 45.19374 14.61476 45.19388 14.61474 45.19399 14.61453 45.19406 14.61448 45.19419 14.61448 45.19433 14.61438 45.19449 14.61405 45.19476 14.61384 45.19479 14.61375 45.19476 14.61369 45.19473 14.61361 45.19474 14.61356 45.19485 14.61346 45.19492 14.61333 45.19523 14.61313 45.19528 14.61305 45.19528 14.61297 45.19534 14.61287 45.19544 14.61284 45.19564 14.61269 45.19598 14.61266 45.19618 14.61236 45.19643 14.61225 45.19649 14.61217 45.19656 14.61192 45.19666 14.61174 45.19673 14.6117 45.19685 14.61175 45.19692 14.61171 45.19694 14.61161 45.19693 14.61154 45.19686 14.61136 45.19697 14.61098 45.19706 14.61082 45.19713 14.61067 45.19724 14.61026 45.19722 14.61016 45.19713 14.61013 45.19698 14.61013 45.19662 14.61014 45.19646 14.61004 45.19641 14.61004 45.19637 14.61002 45.19636 14.60997 45.19635 14.60986 45.19642 14.60971 45.19764 14.60886 45.19773 14.60873 45.19784 14.60865 45.19793 14.60873 45.19809 14.60873 45.19849 14.60857 45.19867 14.60847 45.1987 14.60839 45.19881 14.60832 45.19892 14.60814 45.19904 14.60806 45.19919 14.60803 45.19939 14.60788 45.19967 14.60785 45.19985 14.60795 45.19991 14.60805 45.2 14.60805 45.2 14.60795 45.20009 14.60775 45.20048 14.60746 45.20055 14.60746 45.20072 14.60736 45.20088 14.60713 45.20113 14.60695 45.2012 14.60682 45.20129 14.60682 45.20151 14.60697 45.20165 14.60697 45.2017 14.6069 45.2017 14.60682 45.20178 14.60667 45.20196 14.60666 45.20199 14.60661 45.20204 14.6065 45.20215 14.6062 45.20226 14.60613 45.2024 14.60613 45.20269 14.60602 45.2028 14.60592 45.20285 14.60572 45.20309 14.60559 45.20325 14.60533 45.20326 14.60487 45.20337 14.60467 45.20346 14.60464 45.20353 14.60472 45.20361 14.6049 45.20367 14.60497 45.20375 14.60505 45.20386 14.60505 45.20393 14.605 45.20402 14.60487 45.20405 14.60472 45.20411 14.60464 45.2044 14.60446 45.20468 14.60435 45.20483 14.60425 45.20492 14.6041 45.2052 14.60397 45.20524 14.60389 45.20547 14.60376 45.20556 14.60358 45.20589 14.6034 45.20594 14.6032 45.20599 14.60312 45.20635 14.60294 45.20653 14.60274 45.20663 14.60267 45.20671 14.60261 45.20676 14.60253 45.20698 14.6021 45.20723 14.60194 45.20725 14.60174 45.20732 14.60159 45.2074 14.60156 45.2075 14.60163 45.20761 14.60158 45.20777 14.60133 45.20779 14.6012 45.20782 14.60115 45.20789 14.6011 45.20802 14.6011 45.20814 14.60087 45.20822 14.60082 45.20834 14.60082 45.20852 14.60069 45.20873 14.6006 45.20886 14.60043 45.20899 14.60035 45.20907 14.60017 45.20917 14.60005 45.20928 14.59997 45.20942 14.59997 45.20947 14.60002 45.20962 14.59999 45.20981 14.59961 45.20993 14.59948 45.20996 14.5994 45.21005 14.5993 45.21012 14.59915 45.21019 14.5991 45.21028 14.5991 45.21042 14.59917 45.21059 14.59917 45.21066 14.59897 45.21082 14.59884 45.2109 14.59871 45.21098 14.59863 45.21105 14.59845 45.21116 14.59842 45.21127 14.59847 45.21138 14.59845 45.21157 14.59825 45.21191 14.59814 45.212 14.59804 45.21209 14.59784 45.21224 14.59771 45.21231 14.59768 45.2124 14.59758 45.21263 14.59748 45.21272 14.59732 45.21297 14.59709 45.21322 14.59694 45.21328 14.59683 45.21364 14.59665 45.21371 14.59655 45.2138 14.5963 45.2138 14.59619 45.21385 14.59609 45.21414 14.59606 45.2143 14.59599 45.21455 14.59573 45.21461 14.59555 45.2148 14.59547 45.21509 14.59512 45.21525 14.59509 45.21527 14.59497 45.21525 14.59489 45.21529 14.59478 45.21536 14.59473 45.21565 14.59473 45.21583 14.59442 45.21597 14.59432 45.21608 14.59401 45.21617 14.59399 45.21622 14.59391 45.21625 14.59358 45.21633 14.5935 45.21651 14.59342 45.21658 14.5933 45.21663 14.59327 45.21683 14.59286 45.21706 14.59268 45.21715 14.59268 45.21724 14.5926 45.21738 14.59258 45.21742 14.59253 45.21744 14.5924 45.21762 14.59227 45.21771 14.59209 45.21781 14.59203 45.2179 14.59194 45.21807 14.59183 45.21814 14.59173 45.21832 14.5916 45.21833 14.59155 45.21848 14.59148 45.21855 14.5913 45.21869 14.59119 45.21877 14.59119 45.21889 14.59109 45.21909 14.59101 45.21916 14.59096 45.21925 14.59081 45.21961 14.5906 45.21979 14.59037 45.21986 14.59022 45.22008 14.59011 45.22011 14.59006 45.22011 14.58991 45.22016 14.58978 45.22016 14.58971 45.2202 14.5896 45.22027 14.58947 45.22032 14.5893 45.2204 14.58925 45.22067 14.58927 45.22079 14.58922 45.22099 14.58899 45.22115 14.58888 45.2212 14.58878 45.22156 14.58852 45.2216 14.58845 45.22167 14.5884 45.22175 14.5884 45.22186 14.58836 45.22212 14.58816 45.22225 14.58816 45.22243 14.58803 45.22253 14.58801 45.22277 14.58775 45.22298 14.58762 45.22305 14.58752 45.22314 14.58747 45.22322 14.58734 45.2233 14.58726 45.22338 14.58711 45.2235 14.58703 45.22356 14.58696 45.22364 14.58675 45.224 14.58647 45.22416 14.58621 45.22442 14.58603 45.2246 14.58583 45.22474 14.58562 45.22477 14.58547 45.22499 14.58521 45.22502 14.58509 45.22513 14.58493 45.22526 14.58486 45.22532 14.5849 45.22538 14.58498 45.22543 14.58501 45.22549 14.58498 45.22547 14.58478 45.22551 14.58468 45.22558 14.5846 45.22592 14.58444 45.22599 14.58444 45.22616 14.58421 45.22635 14.58406 45.22653 14.58398 45.22659 14.5839 45.22678 14.5838 45.227 14.58362 45.22705 14.58362 45.2273 14.58342 45.22754 14.58339 45.22761 14.58329 45.22788 14.58308 45.22835 14.58285 45.2284 14.58277 45.22876 14.58251 45.22899 14.58238 45.22957 14.58187 45.22982 14.58179 45.23003 14.58161 45.23012 14.58159 45.2303 14.58171 45.23063 14.58202 45.23077 14.58209 45.23081 14.58214 45.23088 14.58222 45.23106 14.58234 45.23142 14.58272 45.23164 14.58303 45.23173 14.58318 45.23198 14.58356 45.23201 14.58366 45.232 14.58379 45.23181 14.58427 45.23174 14.58466 45.23174 14.58494 45.23181 14.58518 45.23183 14.58532 45.23179 14.58542 45.23162 14.58557 45.23153 14.58567 45.23149 14.5858 45.2314 14.58591 45.23138 14.58598 45.23112 14.58637 45.23104 14.58655 45.2309 14.58678 45.23083 14.58697 45.23074 14.58713 45.23044 14.58758 45.23033 14.58784 45.23027 14.588 45.23023 14.58811 45.23013 14.58818 45.22999 14.58824 45.22979 14.58839 45.22964 14.58859 45.22948 14.58888 45.22939 14.58906 45.2292 14.58941 45.22914 14.58962 45.22914 14.58977 45.22909 14.59005 45.22897 14.59043 45.22892 14.59097 45.22879 14.59145 45.22874 14.59178 45.2287 14.59186 45.22866 14.59196 45.22854 14.59212 45.22813 14.59291 45.22793 14.59329 45.22784 14.59345 45.22774 14.5936 45.22765 14.59383 45.22756 14.59393 45.2275 14.59411 45.22736 14.59437 45.22725 14.59465 45.22724 14.595 45.2272 14.59511 45.2272 14.59549 45.22717 14.59569 45.2271 14.5959 45.22692 14.59615 45.22681 14.59646 45.22669 14.59707 45.22658 14.59743 45.22633 14.59802 45.2263 14.59814 45.22628 14.59825 45.22628 14.5985 45.22621 14.59876 45.22621 14.59898 45.22617 14.59909 45.22605 14.59927 45.22598 14.59944 45.22587 14.59947 45.22572 14.59958 45.22567 14.59978 45.22556 14.59993 45.22546 14.60001 45.22528 14.60044 45.22521 14.60065 45.22517 14.60083 45.22503 14.60136 45.22501 14.60172 45.22496 14.60202 45.22482 14.60251 45.22476 14.60302 45.22469 14.60332 45.22466 14.60345 45.22464 14.60362 45.22462 14.60386 45.22466 14.60396 45.22479 14.60394 45.22498 14.60365 45.22511 14.60337 45.22521 14.60317 45.22529 14.60299 45.22548 14.60273 45.22582 14.6025 45.22633 14.60237 45.22645 14.6024 45.22665 14.60229 45.22676 14.60193 45.22687 14.60178 45.22721 14.60147 45.22726 14.60137 45.22744 14.60124 45.22751 14.60114 45.22758 14.60089 45.22767 14.60076 45.22782 14.60068 45.22789 14.60058 45.22796 14.60025 45.22807 14.60009 45.22821 14.60001 45.22833 14.59984 45.22842 14.59975 45.2285 14.59963 45.22878 14.59942 45.22891 14.59922 45.22912 14.59912 45.22923 14.59886 45.2295 14.59868 45.22954 14.59863 45.22957 14.59835 45.22962 14.59817 45.22968 14.59812 45.22982 14.59781 45.22995 14.59774 45.23 14.59763 45.23014 14.59752 45.23022 14.59743 45.23041 14.59727 45.23056 14.59725 45.23075 14.59709 45.23101 14.59696 45.2312 14.59684 45.23135 14.59663 45.23186 14.59617 45.23206 14.59599 45.23237 14.59573 45.23253 14.59553 45.23269 14.59545 45.23284 14.59514 45.23305 14.59501 45.23316 14.59481 45.23339 14.59465 45.23355 14.5944 45.23366 14.59422 45.23391 14.59399 45.23409 14.59373 45.23438 14.59348 45.2345 14.5934 45.23474 14.59319 45.23499 14.59294 45.23524 14.59258 45.23538 14.59237 45.23551 14.59225 45.23558 14.59209 45.23651 14.59137 45.23674 14.59109 45.23687 14.59091 45.23701 14.59078 45.23728 14.5906 45.23746 14.59058 45.23759 14.59065 45.2377 14.59078 45.23793 14.59083 45.23802 14.59093 45.23826 14.59105 45.23836 14.59116 45.2386 14.59115 45.23869 14.59125 45.23883 14.5913 45.23887 14.59136 45.23892 14.59136 45.23896 14.5913 45.23899 14.59121 45.23903 14.59115 45.23903 14.59102 45.2389 14.59082 45.23884 14.59053 45.23898 14.59034 45.23891 14.59022 45.23874 14.59039 45.2386 14.59029 45.23851 14.59014 45.23822 14.58988 45.23811 14.58973 45.23796 14.5894 45.23787 14.5893 45.2378 14.5891 45.2378 14.58902 45.23791 14.58879 45.23812 14.58864 45.23828 14.58861 45.23841 14.58853 45.23855 14.58828 45.23877 14.5881 45.23893 14.58782 45.23902 14.58758 45.23911 14.58738 45.23912 14.58715 45.23927 14.58684 45.23932 14.58644 45.23937 14.58628 45.23953 14.58605 45.23955 14.58598 45.23955 14.58575 45.2396 14.58562 45.2396 14.58547 45.23968 14.58521 45.23966 14.58473 45.23971 14.58452 45.23982 14.58434 45.23989 14.58422 45.24001 14.58388 45.24008 14.58378 45.24019 14.58365 45.2403 14.58358 45.24048 14.58296 45.24057 14.58283 45.24073 14.58248 45.24092 14.5822 45.24101 14.58199 45.24101 14.58181 45.24107 14.58148 45.24123 14.58105 45.24122 14.58072 45.24139 14.58041 45.24142 14.57992 45.24162 14.57964 45.24169 14.57934 45.24174 14.57921 45.24181 14.57913 45.24181 14.57883 45.24179 14.57862 45.24176 14.57843 45.24174 14.57819 45.24159 14.57796 45.2416 14.57762 45.24148 14.5772 45.24134 14.57702 45.24096 14.577 45.2408 14.57691 45.24067 14.57692 45.24054 14.57695 45.24037 14.57696 45.24013 14.57706 45.23963 14.57716 45.2394 14.57726 45.23912 14.57742 45.23894 14.57742 45.23878 14.57729 45.23863 14.57729 45.23826 14.57735 45.23812 14.57741 45.23794 14.57748 45.23738 14.57789 45.23724 14.57807 45.23708 14.57812 45.23672 14.57812 45.23662 14.57809 45.23652 14.57813 45.23643 14.57825 45.23626 14.5785 45.23615 14.57867 45.23607 14.57884 45.23596 14.579 45.23582 14.57918 45.23573 14.57925 45.23546 14.57925 45.23526 14.57923 45.23513 14.57914 45.23486 14.57889 45.23501 14.57835 45.23489 14.5783 45.23474 14.5788 45.23466 14.57899 45.23458 14.57883 45.23454 14.57868 45.23436 14.57837 45.23425 14.57809 45.23421 14.57766 45.23428 14.57695 45.23444 14.57633 45.23467 14.57608 45.23478 14.57574 45.23487 14.57562 45.23494 14.57557 45.23521 14.57556 45.2353 14.57546 45.23539 14.57528 45.23553 14.57515 45.23568 14.57518 45.23572 14.5753 45.23578 14.57532 45.23584 14.57528 45.23588 14.57515 45.23595 14.5751 45.23604 14.5751 45.23607 14.57505 45.23607 14.57487 45.23602 14.57477 45.23609 14.57441 45.23607 14.57393 45.23614 14.57365 45.23616 14.57359 45.23649 14.57378 45.23654 14.57366 45.23621 14.57344 45.23619 14.57334 45.23637 14.57275 45.23642 14.57264 45.23678 14.57291 45.23683 14.57277 45.2365 14.57249 45.23666 14.57219 45.23684 14.57173 45.23703 14.57145 45.2371 14.57124 45.23726 14.57091 45.23735 14.57078 45.2375 14.57045 45.23764 14.5703 45.2378 14.57009 45.238 14.56979 45.23807 14.56961 45.2382 14.56948 45.2383 14.56927 45.23843 14.56881 45.23855 14.56856 45.23875 14.56828 45.23882 14.56817 45.23898 14.56794 45.23932 14.56751 45.23943 14.56743 45.23984 14.56684 45.23997 14.56674 45.24024 14.56633 45.24041 14.56615 45.24063 14.56584 45.24102 14.56551 45.24117 14.56533 45.24136 14.56517 45.24151 14.565 45.24163 14.56492 45.24169 14.56482 45.24181 14.56474 45.24188 14.56464 45.2421 14.56451 45.24224 14.56435 45.24233 14.56435 45.24255 14.56425 45.24267 14.56415 45.24285 14.56412 45.24293 14.56417 45.24298 14.56427 45.24307 14.56427 45.24325 14.56406 45.24345 14.56394 45.24345 14.56383 45.24348 14.56373 45.24355 14.56365 45.24366 14.56327 45.24368 14.56297 45.24362 14.56276 45.24362 14.56261 45.24377 14.5622 45.24376 14.56197 45.24382 14.56187 45.24385 14.56159 45.24391 14.56141 45.24389 14.561 45.24394 14.56082 45.24394 14.56057 45.24388 14.56034 45.24395 14.56003 45.24397 14.55975 45.24401 14.55968 45.24411 14.55881 45.24417 14.55871 45.24422 14.55843 45.24423 14.55818 45.24423 14.55799 45.24426 14.55786 45.24434 14.55766 45.24434 14.55748 45.24443 14.5572</gml:posList>
                        </gml:LinearRing>
                      </gml:exterior>
                    </gml:Polygon>
                  </gml:surfaceMember>
                  <gml:surfaceMember>
                    <gml:Polygon gml:id="MEDIA_MONITORED_CILJ_ID_1_POLUTANT_2_MODEL_100">
                      <gml:exterior>
                        <gml:LinearRing>
                          <gml:posList srsDimension="2">45.28632 14.58101 45.2867 14.58082 45.28702 14.58057 45.28749 14.5803 45.28793 14.58 45.28831 14.57972 45.28844 14.57954 45.28872 14.57916 45.28873 14.57914 45.28868 14.5784 45.28841 14.57797 45.28815 14.57762 45.28785 14.5772 45.28747 14.57704 45.28705 14.57694 45.28676 14.57642 45.28666 14.57583 45.2864 14.5753 45.28633 14.57522 45.28615 14.57501 45.28607 14.57511 45.28602 14.57526 45.28579 14.57631 45.28574 14.57656 45.28565 14.57695 45.28558 14.57713 45.28554 14.57736 45.28542 14.57771 45.2854 14.57784 45.28513 14.57853 45.28492 14.57892 45.28474 14.57904 45.28456 14.5791 45.28434 14.57915 45.28404 14.57915 45.28377 14.57923 45.28366 14.57931 45.28359 14.57944 45.28344 14.57954 45.28269 14.57995 45.28245 14.58013 45.28237 14.58024 45.28233 14.58034 45.28224 14.58047 45.28208 14.5807 45.28177 14.58098 45.2817 14.58103 45.2816 14.58108 45.28145 14.58108 45.28122 14.58114 45.28104 14.58125 45.28045 14.58121 45.28043 14.58132 45.28019 14.58125 45.27999 14.58117 45.28005 14.58102 45.28031 14.58105 45.28032 14.58091 45.27999 14.58088 45.27991 14.58111 45.27974 14.58095 45.2796 14.58077 45.27956 14.58063 45.27954 14.58039 45.27953 14.58018 45.27952 14.57998 45.27957 14.57969 45.27964 14.57937 45.27973 14.57921 45.2798 14.57888 45.27989 14.57847 45.27995 14.57802 45.27996 14.57768 45.27996 14.57719 45.28001 14.57691 45.28008 14.5762 45.28008 14.57592 45.28003 14.57561 45.27988 14.57528 45.27979 14.57518 45.27968 14.5749 45.27966 14.5747 45.27972 14.57416 45.27993 14.5734 45.28016 14.57301 45.28023 14.57283 45.28032 14.57276 45.28057 14.5724 45.28075 14.57189 45.28081 14.57178 45.28127 14.57096 45.28152 14.57025 45.28189 14.56933 45.282 14.56892 45.28202 14.56874 45.28207 14.56861 45.28223 14.56774 45.28228 14.56718 45.28235 14.56677 45.28235 14.5657 45.28229 14.56537 45.28216 14.56491 45.28191 14.56451 45.28153 14.56421 45.28135 14.56413 45.28124 14.56408 45.28099 14.56401 45.28067 14.56409 45.2804 14.56424 45.28022 14.56447 45.2802 14.56455 45.28 14.56485 45.27993 14.56506 45.27967 14.5657 45.27954 14.56585 45.27938 14.56596 45.27895 14.56609 45.27861 14.56617 45.27844 14.56619 45.27816 14.56619 45.2777 14.56587 45.27738 14.56556 45.27698 14.56501 45.27682 14.5647 45.27678 14.56447 45.27672 14.56429 45.27671 14.56381 45.27681 14.56317 45.27684 14.56294 45.27683 14.56264 45.2769 14.56238 45.2769 14.56215 45.27683 14.56208 45.27668 14.56208 45.27652 14.56218 45.27638 14.56241 45.27611 14.56282 45.27582 14.5633 45.27577 14.56341 45.27572 14.56349 45.27504 14.56454 45.27489 14.56487 45.2748 14.56525 45.27476 14.56551 45.27477 14.56579 45.27482 14.56607 45.27488 14.56632 45.27487 14.5666 45.27485 14.56688 45.2748 14.56708 45.27469 14.56721 45.27452 14.56704 45.27442 14.56719 45.27425 14.56701 45.27435 14.56682 45.27419 14.56668 45.27388 14.56732 45.27379 14.56749 45.27345 14.56807 45.27335 14.56805 45.2733 14.568 45.2733 14.56789 45.27337 14.56773 45.27337 14.56761 45.27336 14.56753 45.27328 14.56743 45.27322 14.56735 45.27299 14.56741 45.27282 14.56746 45.27261 14.56749 45.2724 14.56728 45.27164 14.56821 45.27136 14.56839 45.27117 14.56801 45.27119 14.56784 45.27103 14.56756 45.27109 14.56737 45.2712 14.56719 45.27141 14.56681 45.27157 14.56655 45.27168 14.56659 45.2719 14.56622 45.27214 14.56609 45.2724 14.56603 45.27268 14.5658 45.2728 14.56565 45.27291 14.56548 45.27304 14.56521 45.27313 14.56493 45.27324 14.56437 45.27329 14.56424 45.27346 14.5632 45.27347 14.56307 45.27352 14.56287 45.27352 14.56269 45.27361 14.56223 45.2736 14.56207 45.27362 14.5619 45.27362 14.56146 45.2736 14.56141 45.2734 14.56129 45.27333 14.56108 45.27337 14.5607 45.27345 14.56042 45.27345 14.56016 45.27325 14.55994 45.27311 14.55991 45.27297 14.55989 45.27278 14.55988 45.27267 14.55991 45.27257 14.55992 45.27234 14.56002 45.27221 14.56015 45.27212 14.56058 45.27203 14.56076 45.27191 14.56094 45.27176 14.56104 45.2716 14.56107 45.27126 14.561 45.27099 14.561 45.27087 14.56108 45.27079 14.5612 45.27079 14.56131 45.27092 14.56156 45.2709 14.56174 45.2708 14.56184 45.2706 14.56182 45.27049 14.56189 45.27045 14.56207 45.2704 14.56215 45.27007 14.56204 45.27029 14.56114 45.27022 14.56113 45.26999 14.56203 45.26991 14.56201 45.26984 14.56198 45.26947 14.56191 45.26908 14.56191 45.26871 14.56206 45.26857 14.56209 45.26787 14.56255 45.26774 14.5626 45.2676 14.5626 45.26727 14.56276 45.26704 14.56279 45.26689 14.56269 45.26679 14.56264 45.2667 14.56261 45.2665 14.56259 45.26583 14.56262 45.26578 14.56252 45.26572 14.56224 45.26563 14.56216 45.26552 14.56216 45.26536 14.56227 45.26524 14.5625 45.2652 14.5625 45.26506 14.56237 45.26495 14.56265 45.26513 14.56278 45.26513 14.56285 45.26508 14.5629 45.26495 14.56319 45.26485 14.56375 45.26481 14.56377 45.26476 14.56393 45.26461 14.56413 45.26456 14.56416 45.26442 14.56439 45.26431 14.56469 45.26423 14.56496 45.2642 14.56508 45.26411 14.56521 45.26354 14.56557 45.26341 14.56577 45.26336 14.5658 45.26322 14.566 45.26315 14.56618 45.26306 14.56628 45.26281 14.56692 45.26275 14.567 45.26266 14.56728 45.26259 14.56738 45.2625 14.56764 45.26241 14.56777 45.26207 14.56805 45.26193 14.56825 45.26184 14.56831 45.26164 14.56854 45.26128 14.56882 45.26091 14.56933 45.26075 14.56946 45.26062 14.56964 45.26056 14.56973 45.2605 14.56985 45.26046 14.56987 45.2603 14.57023 45.26025 14.57041 45.2601 14.57069 45.26 14.57082 45.25992 14.57097 45.25978 14.57118 45.25973 14.5712 45.25949 14.57153 45.25917 14.57187 45.25905 14.57195 45.25885 14.5722 45.25869 14.57259 45.25865 14.57279 45.25858 14.57289 45.25797 14.57328 45.25767 14.57359 45.25756 14.57377 45.2575 14.57379 45.25738 14.57397 45.25736 14.5742 45.2574 14.57428 45.25744 14.57472 45.25747 14.57496 45.25746 14.57504 45.25735 14.57504 45.25717 14.57494 45.25702 14.57492 45.25657 14.57492 45.2558 14.57508 45.25568 14.57512 45.25555 14.57516 45.2553 14.57531 45.25509 14.57538 45.25496 14.57543 45.25487 14.57549 45.25474 14.57555 45.25448 14.57567 45.2542 14.57586 45.2541 14.57588 45.25393 14.57606 45.25382 14.57616 45.25364 14.57639 45.25348 14.57652 45.25336 14.57652 45.25325 14.57642 45.25318 14.57632 45.25309 14.57622 45.25298 14.57608 45.25287 14.57594 45.25271 14.57572 45.25262 14.57557 45.25228 14.57508 45.25211 14.57488 45.252 14.57473 45.25187 14.57456 45.25166 14.57427 45.25149 14.57402 45.25086 14.57314 45.2507 14.57293 45.25052 14.57269 45.25043 14.5726 45.2503 14.57247 45.24992 14.57219 45.24988 14.57217 45.2496 14.5722 45.24944 14.57232 45.24927 14.57235 45.24915 14.57243 45.24884 14.57271 45.24863 14.57299 45.24857 14.57311 45.24854 14.57327 45.24843 14.57381 45.24847 14.57457 45.24847 14.57489 45.24848 14.57521 45.24848 14.57676 45.24841 14.57707 45.24839 14.57743 45.24848 14.5776 45.24848 14.57773 45.24852 14.57783 45.24856 14.57885 45.2486 14.57895 45.24862 14.57954 45.24865 14.57982 45.24893 14.58081 45.24895 14.58099 45.24922 14.5816 45.24927 14.58193 45.24933 14.58208 45.24933 14.58218 45.24938 14.58229 45.2494 14.58259 45.24937 14.58284 45.2493 14.58308 45.24924 14.5831 45.2492 14.5831 45.24893 14.58305 45.24863 14.58294 45.24816 14.5829 45.24814 14.58298 45.24802 14.58304 45.24787 14.58316 45.24773 14.58334 45.24754 14.58393 45.24752 14.58408 45.24741 14.58431 45.24734 14.58465 45.24718 14.58508 45.24696 14.58543 45.24682 14.5856 45.24666 14.58582 45.2466 14.58588 45.24655 14.586 45.24643 14.58626 45.24636 14.58636 45.24631 14.58653 45.24627 14.5867 45.24616 14.58692 45.24591 14.58725 45.24575 14.58746 45.24562 14.5876 45.24546 14.58784 45.24541 14.58787 45.24528 14.58805 45.24503 14.58861 45.24486 14.58885 45.24478 14.58899 45.24472 14.58917 45.24459 14.58963 45.24457 14.58984 45.24437 14.59042 45.24434 14.59068 45.24425 14.59091 45.24416 14.59162 45.24375 14.59295 45.24343 14.59364 45.2434 14.59379 45.24322 14.59423 45.24316 14.59438 45.24293 14.59505 45.24275 14.59538 45.24256 14.59569 45.24245 14.59581 45.24214 14.5963 45.24195 14.59651 45.2418 14.59663 45.24159 14.59684 45.24149 14.59692 45.24139 14.59704 45.24124 14.59718 45.24103 14.5974 45.2409 14.59754 45.24076 14.59769 45.24051 14.59787 45.2397 14.59823 45.23938 14.59836 45.23902 14.59846 45.2388 14.59857 45.23855 14.59867 45.23814 14.59905 45.23809 14.59918 45.23805 14.59941 45.23812 14.59969 45.23813 14.60007 45.23816 14.60043 45.2384 14.60101 45.23854 14.60124 45.23865 14.60155 45.2388 14.60165 45.23894 14.60193 45.23894 14.60208 45.23882 14.60213 45.23869 14.60203 45.23853 14.60198 45.23846 14.60193 45.23833 14.60193 45.23815 14.60181 45.23784 14.60173 45.23777 14.60165 45.23748 14.60155 45.23737 14.60151 45.23721 14.60155 45.23689 14.60164 45.23667 14.60187 45.23639 14.60263 45.23637 14.60289 45.23661 14.6036 45.23684 14.60388 45.23664 14.60389 45.23664 14.60405 45.23684 14.60401 45.23679 14.60413 45.23674 14.60429 45.23658 14.60459 45.23652 14.60492 45.23656 14.60513 45.23663 14.60531 45.23663 14.60553 45.23667 14.60561 45.23678 14.60566 45.2368 14.60581 45.23672 14.60592 45.23662 14.60594 45.23656 14.60607 45.23637 14.6061 45.236 14.60595 45.23552 14.60564 45.23494 14.6055 45.23471 14.60537 45.23458 14.60542 45.23454 14.60559 45.23458 14.60575 45.23467 14.60601 45.23467 14.60613 45.235 14.6071 45.23508 14.60721 45.23508 14.60733 45.23494 14.6073 45.23489 14.60747 45.23499 14.60762 45.23497 14.60771 45.23462 14.60795 45.23452 14.60802 45.23429 14.60835 45.23415 14.60823 45.2341 14.60836 45.23421 14.60848 45.23391 14.60879 45.23375 14.60909 45.23366 14.60932 45.23357 14.6095 45.23349 14.60964 45.23339 14.61005 45.23325 14.60994 45.23321 14.61007 45.23334 14.61017 45.23328 14.6103 45.23319 14.61044 45.23314 14.61068 45.23315 14.61072 45.23413 14.61219 45.23445 14.6126 45.23473 14.61295 45.23488 14.61312 45.2357 14.61415 45.23649 14.61519 45.2376 14.61602 45.23761 14.61697 45.23785 14.61756 45.23817 14.61767 45.23903 14.61841 45.23947 14.6182 45.23967 14.61859 45.23954 14.61927 45.24059 14.6207 45.24113 14.62159 45.24174 14.6225 45.24235 14.62337 45.24379 14.62568 45.24395 14.6259 45.2447 14.62706 45.24552 14.62802 45.24616 14.62881 45.24689 14.62971 45.24766 14.63026 45.24839 14.63038 45.24904 14.63067 45.24945 14.63093 45.24964 14.63105 45.25005 14.63138 45.25068 14.63231 45.25156 14.63304 45.25244 14.63404 45.25318 14.63479 45.25396 14.63584 45.2544 14.63636 45.25496 14.63661 45.25552 14.63764 45.25585 14.63794 45.2563 14.63835 45.25702 14.63792 45.25748 14.63703 45.25782 14.63616 45.25805 14.63569 45.25794 14.63467 45.25823 14.63384 45.25894 14.63173 45.25911 14.63067 45.25935 14.62941 45.25974 14.6276 45.25988 14.62637 45.26029 14.62447 45.26071 14.62275 45.26153 14.62054 45.26185 14.61954 45.26204 14.61898 45.26246 14.61789 45.26265 14.61737 45.26285 14.61677 45.26313 14.61609 45.26332 14.61563 45.26362 14.61529 45.26423 14.61525 45.26483 14.61502 45.26543 14.61471 45.26605 14.61436 45.26617 14.61429 45.26648 14.61412 45.26691 14.61403 45.26747 14.61383 45.26829 14.61287 45.26886 14.61213 45.26952 14.61142 45.26985 14.61105 45.27024 14.61026 45.27082 14.6092 45.2713 14.60816 45.27169 14.60743 45.27196 14.60706 45.27235 14.60613 45.27283 14.60495 45.27323 14.60416 45.27351 14.60336 45.27392 14.60265 45.27449 14.60187 45.27482 14.601 45.27485 14.60034 45.27487 14.59993 45.2751 14.59919 45.27532 14.59887 45.27544 14.59819 45.27544 14.59744 45.2755 14.59671 45.27581 14.59712 45.276 14.59741 45.27629 14.59741 45.27639 14.59699 45.27649 14.59666 45.2767 14.59631 45.27703 14.59599 45.27742 14.59585 45.27785 14.59564 45.27844 14.59544 45.2787 14.59458 45.27891 14.59395 45.27919 14.59316 45.27957 14.59234 45.27986 14.59158 45.2802 14.59112 45.28078 14.59041 45.28153 14.58958 45.2818 14.58905 45.28225 14.58865 45.28271 14.58822 45.28317 14.5878 45.28374 14.5871 45.28429 14.58648 45.28481 14.58561 45.2852 14.58496 45.28563 14.58392 45.28587 14.58379 45.28631 14.58335 45.28671 14.58288 45.28685 14.5825 45.28702 14.58202 45.28699 14.5819 45.28692 14.58167 45.28661 14.58141 45.2863 14.58138 45.28605 14.58125 45.28632 14.58101</gml:posList>
                        </gml:LinearRing>
                      </gml:exterior>
                    </gml:Polygon>
                  </gml:surfaceMember>
                  <gml:surfaceMember>
                    <gml:Polygon gml:id="MEDIA_MONITORED_CILJ_ID_1_POLUTANT_2_MODEL_101">
                      <gml:exterior>
                        <gml:LinearRing>
                          <gml:posList srsDimension="2">45.38044 14.62786 45.3832 14.62212 45.38648 14.62195 45.3915 14.6217 45.39399 14.62579 45.4158 14.62769 45.41695 14.62626 45.43126 14.62126 45.43038 14.62081 45.42105 14.61609 45.41167 14.61126 45.40232 14.60647 45.39465 14.60258 45.38672 14.59857 45.38472 14.59754 45.38353 14.59692 45.38313 14.59713 45.38247 14.59785 45.38186 14.59743 45.38157 14.59764 45.38112 14.59708 45.38069 14.59654 45.38009 14.59634 45.37945 14.59622 45.37841 14.59546 45.37812 14.59444 45.37755 14.59376 45.3767 14.59283 45.37631 14.59199 45.37601 14.59101 45.37585 14.59008 45.37616 14.5894 45.37609 14.58933 45.37597 14.58921 45.37594 14.58918 45.37549 14.58873 45.3751 14.58835 45.37453 14.58812 45.37368 14.5875 45.37328 14.58668 45.37287 14.58548 45.37246 14.58403 45.37257 14.58311 45.37277 14.58162 45.37281 14.58126 45.37282 14.58118 45.37204 14.58051 45.37194 14.57977 45.37109 14.57859 45.37087 14.5773 45.37011 14.57507 45.36852 14.57318 45.3676 14.57146 45.36705 14.57031 45.36524 14.56653 45.3639 14.5639 45.36351 14.56299 45.36266 14.56148 45.36242 14.56063 45.36152 14.55902 45.36089 14.55821 45.36026 14.55732 45.35963 14.55618 45.35898 14.55477 45.35852 14.55306 45.35876 14.55196 45.35939 14.55131 45.35958 14.55023 45.35962 14.54996 45.35966 14.5497 45.35962 14.54933 45.35956 14.5488 45.35888 14.54746 45.35869 14.54605 45.35947 14.54496 45.35963 14.54335 45.36 14.54178 45.36017 14.54079 45.36026 14.5405 45.36038 14.54012 45.36052 14.53969 45.36048 14.53948 45.36044 14.53924 45.36039 14.53889 45.36023 14.53792 45.36012 14.53677 45.36001 14.53574 45.35953 14.53444 45.35908 14.53304 45.35901 14.53246 45.35859 14.53126 45.35846 14.53032 45.35804 14.52912 45.35782 14.52824 45.35755 14.52755 45.3571 14.52692 45.35665 14.52641 45.35625 14.5258 45.3559 14.52517 45.35561 14.52457 45.3555 14.52419 45.35548 14.52345 45.35543 14.52272 45.35537 14.52183 45.35523 14.52117 45.35487 14.52063 45.35434 14.52031 45.35393 14.5199 45.35352 14.51965 45.35306 14.51931 45.35255 14.51842 45.3523 14.51815 45.35173 14.51741 45.35071 14.51644 45.35019 14.51589 45.34983 14.51547 45.34944 14.51485 45.34886 14.51424 45.3485 14.51376 45.34798 14.51309 45.34757 14.51264 45.3472 14.51191 45.34692 14.51084 45.34659 14.50963 45.3462 14.50872 45.34561 14.50727 45.34509 14.50596 45.34463 14.50496 45.34403 14.5038 45.34382 14.50429 45.34364 14.50452 45.34339 14.50456 45.34315 14.5044 45.34291 14.50411 45.34277 14.50385 45.3427 14.50333 45.34264 14.5029 45.34278 14.50253 45.34291 14.5024 45.34318 14.5021 45.3426 14.5005 45.34202 14.49909 45.34103 14.49689 45.34026 14.49533 45.33989 14.49408 45.3396 14.49321 45.3394 14.49265 45.33914 14.49201 45.3389 14.49151 45.33847 14.49088 45.33819 14.4905 45.33802 14.48992 45.33775 14.48935 45.33763 14.48892 45.33749 14.48863 45.3371 14.48834 45.33679 14.48803 45.33634 14.48749 45.33591 14.48698 45.33547 14.48641 45.33474 14.48525 45.33347 14.4867 45.33279 14.48757 45.33211 14.48847 45.33158 14.48965 45.33125 14.49063 45.33094 14.49139 45.33056 14.49215 45.33018 14.49288 45.33007 14.49308 45.32965 14.49389 45.32914 14.49467 45.32882 14.49533 45.32855 14.49589 45.32808 14.49712 45.32764 14.49805 45.32709 14.49887 45.32656 14.49968 45.32591 14.50091 45.32547 14.50171 45.32531 14.50214 45.3251 14.50272 45.32485 14.5037 45.32461 14.50436 45.32458 14.50442 45.32414 14.50496 45.32382 14.50546 45.32365 14.50612 45.32351 14.50678 45.32328 14.50712 45.32281 14.50747 45.32242 14.50783 45.32203 14.50856 45.32153 14.50952 45.32106 14.51043 45.32061 14.51118 45.32018 14.51204 45.31974 14.51291 45.31972 14.51294 45.31971 14.51296 45.31947 14.51334 45.31912 14.51457 45.31889 14.51569 45.31864 14.51675 45.31824 14.51808 45.31783 14.5191 45.31755 14.51989 45.31708 14.52058 45.31667 14.5209 45.31606 14.52124 45.31541 14.52164 45.31513 14.52185 45.31535 14.5227 45.31574 14.52373 45.31601 14.52426 45.31638 14.5254 45.31662 14.52615 45.3169 14.52747 45.31675 14.52756 45.31663 14.52764 45.31619 14.52833 45.3158 14.52886 45.31548 14.52927 45.3156 14.52971 45.31565 14.53004 45.31565 14.53027 45.31556 14.53053 45.31544 14.53066 45.31522 14.53072 45.31501 14.53067 45.31477 14.53059 45.31441 14.53042 45.31423 14.53058 45.31395 14.53133 45.31386 14.53234 45.31384 14.53247 45.31342 14.53221 45.31162 14.52982 45.31138 14.53 45.31072 14.52998 45.31046 14.52993 45.31017 14.52925 45.30995 14.52901 45.30973 14.52977 45.30944 14.52855 45.30909 14.52797 45.30884 14.52772 45.3074 14.52414 45.30706 14.52411 45.30628 14.524 45.30597 14.52393 45.30541 14.52397 45.30495 14.52391 45.30443 14.52391 45.30392 14.52422 45.30343 14.52497 45.30292 14.5257 45.3025 14.52631 45.30213 14.52684 45.30203 14.52699 45.30168 14.5279 45.3013 14.52859 45.30107 14.52918 45.30051 14.53019 45.30005 14.53091 45.29956 14.53201 45.29923 14.53268 45.29898 14.53346 45.29897 14.53393 45.29897 14.53457 45.29905 14.53517 45.29903 14.53527 45.29891 14.53564 45.2989 14.5357 45.29842 14.53624 45.29821 14.5366 45.29774 14.53702 45.2977 14.53705 45.29716 14.53769 45.29685 14.5384 45.29645 14.53928 45.2959 14.54042 45.29536 14.54144 45.29497 14.54239 45.29422 14.54384 45.29357 14.5449 45.29337 14.54531 45.29343 14.54539 45.29349 14.54546 45.29361 14.5456 45.29351 14.54581 45.2934 14.54605 45.29312 14.54637 45.2928 14.54683 45.2927 14.54709 45.2928 14.54727 45.29263 14.54763 45.29241 14.5481 45.29196 14.54847 45.29168 14.5485 45.29122 14.54864 45.29105 14.54871 45.29108 14.54891 45.291 14.54894 45.2908 14.549 45.29041 14.54917 45.29016 14.54928 45.29023 14.54949 45.29032 14.54964 45.29037 14.5498 45.29038 14.54985 45.29033 14.54994 45.29033 14.54995 45.29027 14.55004 45.29027 14.55005 45.29007 14.54999 45.28996 14.55014 45.28993 14.55018 45.28974 14.55031 45.28912 14.5509 45.28882 14.55131 45.28839 14.55186 45.28818 14.55271 45.28831 14.55371 45.28841 14.55436 45.28873 14.55539 45.28875 14.55545 45.2888 14.55528 45.28888 14.55523 45.28895 14.55523 45.28904 14.5552 45.28909 14.55515 45.28913 14.55505 45.28945 14.55481 45.28954 14.55476 45.2897 14.55476 45.29001 14.55458 45.29035 14.5543 45.29055 14.55422 45.29076 14.55406 45.29092 14.55388 45.29135 14.55358 45.29144 14.55365 45.29174 14.55348 45.29176 14.55371 45.29197 14.55366 45.29195 14.55343 45.29265 14.55313 45.29271 14.55312 45.29277 14.55335 45.29289 14.55332 45.29307 14.55318 45.29318 14.55329 45.29325 14.55315 45.29314 14.55304 45.29324 14.55285 45.29335 14.55295 45.29342 14.55282 45.29331 14.55272 45.29345 14.55247 45.29354 14.55257 45.29359 14.55246 45.2935 14.55237 45.29362 14.55215 45.29371 14.55223 45.29376 14.55213 45.29367 14.55204 45.29381 14.55179 45.2939 14.55186 45.29393 14.55179 45.29385 14.55171 45.29395 14.55152 45.29404 14.55158 45.29409 14.55148 45.29401 14.55141 45.29413 14.55119 45.2942 14.55126 45.29426 14.55114 45.29419 14.55108 45.29427 14.55093 45.29434 14.55098 45.29439 14.55087 45.29433 14.55082 45.29447 14.55055 45.29453 14.55059 45.29458 14.5505 45.29435 14.55025 45.29462 14.54966 45.29456 14.54962 45.29498 14.54884 45.29506 14.54868 45.29522 14.54819 45.29583 14.54717 45.29601 14.54668 45.29627 14.54617 45.29647 14.54591 45.29665 14.54588 45.29676 14.5457 45.29683 14.5455 45.29683 14.54542 45.29694 14.54519 45.29702 14.54484 45.29713 14.54471 45.29715 14.54463 45.29744 14.5443 45.29769 14.54417 45.29803 14.54406 45.29848 14.54371 45.29873 14.5438 45.29881 14.54349 45.2987 14.54344 45.29867 14.54362 45.29856 14.54357 45.29856 14.54331 45.29862 14.54305 45.29865 14.54265 45.29876 14.54255 45.2989 14.5425 45.29899 14.54237 45.29899 14.54212 45.29888 14.54191 45.29905 14.54168 45.29942 14.54142 45.29962 14.54135 45.29973 14.54135 45.29994 14.54139 45.30027 14.54165 45.30041 14.5417 45.30053 14.5419 45.30061 14.5418 45.30067 14.54172 45.30054 14.54154 45.30054 14.54149 45.30066 14.54134 45.30071 14.5412 45.30082 14.54136 45.30106 14.54106 45.30098 14.54093 45.30084 14.54111 45.3008 14.54102 45.30084 14.54093 45.30091 14.54065 45.30096 14.53988 45.30137 14.53914 45.30141 14.53891 45.30146 14.53881 45.30156 14.53839 45.30161 14.53828 45.30169 14.53819 45.30218 14.53781 45.30275 14.53716 45.30295 14.53701 45.30309 14.53688 45.30322 14.53674 45.30331 14.53696 45.30357 14.53689 45.30355 14.53676 45.30337 14.5368 45.30332 14.53665 45.30427 14.53669 45.30464 14.53694 45.30478 14.537 45.30492 14.53703 45.30519 14.537 45.30534 14.53696 45.3055 14.53684 45.30576 14.53644 45.30605 14.53602 45.3062 14.53614 45.30628 14.53599 45.30606 14.53582 45.30598 14.53591 45.30587 14.53579 45.306 14.5356 45.30626 14.5358 45.3063 14.53569 45.30622 14.53562 45.30629 14.53543 45.30638 14.5354 45.30662 14.53549 45.30681 14.53559 45.30704 14.53601 45.30709 14.53612 45.30712 14.53621 45.30715 14.53629 45.30678 14.5388 45.30666 14.53878 45.3065 14.53924 45.30659 14.53931 45.30634 14.54007 45.30621 14.54041 45.30604 14.54099 45.30591 14.54171 45.30576 14.54239 45.30571 14.54266 45.30542 14.54331 45.30494 14.54419 45.30499 14.54428 45.30467 14.54467 45.30439 14.54506 45.30433 14.54499 45.30406 14.54529 45.304 14.54522 45.30378 14.54545 45.30384 14.5456 45.30359 14.54588 45.3035 14.54577 45.30252 14.54677 45.30196 14.54737 45.30177 14.54758 45.30184 14.54783 45.30186 14.54793 45.30168 14.54809 45.30155 14.54817 45.30145 14.54829 45.30132 14.5486 45.3012 14.54891 45.30109 14.54921 45.30077 14.55021 45.30056 14.55077 45.30041 14.55106 45.29988 14.55259 45.29976 14.55292 45.29943 14.55372 45.29913 14.55487 45.29899 14.5554 45.29876 14.55612 45.29864 14.55655 45.29845 14.55695 45.29815 14.55778 45.29799 14.55814 45.29783 14.55862 45.29749 14.55937 45.2973 14.55965 45.2971 14.5598 45.29681 14.55983 45.29667 14.55993 45.29651 14.56022 45.29644 14.56045 45.29637 14.56057 45.29628 14.56085 45.29606 14.56114 45.29586 14.56129 45.2957 14.56152 45.29564 14.56171 45.29549 14.56193 45.29502 14.56234 45.29469 14.56264 45.29445 14.5628 45.29409 14.56319 45.29391 14.5634 45.29375 14.56358 45.29359 14.56376 45.29332 14.56409 45.29314 14.56432 45.29289 14.56477 45.2926 14.56552 45.2925 14.56575 45.29221 14.56619 45.29219 14.56622 45.2921 14.5665 45.29205 14.56701 45.29209 14.56754 45.29224 14.568 45.29231 14.56817 45.2924 14.56836 45.29242 14.5685 45.29242 14.56871 45.29226 14.56925 45.29192 14.56994 45.29172 14.57022 45.2914 14.57056 45.29023 14.57123 45.28969 14.57164 45.28941 14.57195 45.28849 14.57275 45.2884 14.5729 45.28797 14.57326 45.28785 14.57339 45.28772 14.57357 45.28761 14.5737 45.28747 14.57385 45.28727 14.57403 45.28695 14.57426 45.28666 14.57449 45.28645 14.5747 45.28625 14.57488 45.28615 14.57501 45.28633 14.57522 45.2864 14.5753 45.28666 14.57583 45.28676 14.57642 45.28705 14.57694 45.28747 14.57704 45.28785 14.5772 45.28815 14.57762 45.28841 14.57797 45.28868 14.5784 45.28873 14.57914 45.28872 14.57916 45.28844 14.57954 45.28831 14.57972 45.28793 14.58 45.28749 14.5803 45.28702 14.58057 45.2867 14.58082 45.28632 14.58101 45.28605 14.58125 45.2863 14.58138 45.28661 14.58141 45.28692 14.58167 45.28699 14.5819 45.28702 14.58202 45.28685 14.5825 45.28671 14.58288 45.28631 14.58335 45.28587 14.58379 45.28563 14.58392 45.2852 14.58496 45.28481 14.58561 45.28429 14.58648 45.28374 14.5871 45.28317 14.5878 45.28271 14.58822 45.28225 14.58865 45.2818 14.58905 45.28153 14.58958 45.28078 14.59041 45.2802 14.59112 45.27986 14.59158 45.27957 14.59234 45.27919 14.59316 45.27891 14.59395 45.2787 14.59458 45.27844 14.59544 45.27785 14.59564 45.27742 14.59585 45.27703 14.59599 45.2767 14.59631 45.27649 14.59666 45.27639 14.59699 45.27629 14.59741 45.276 14.59741 45.27581 14.59712 45.2755 14.59671 45.27544 14.59744 45.27544 14.59819 45.27532 14.59887 45.2751 14.59919 45.27487 14.59993 45.27485 14.60034 45.27482 14.601 45.27449 14.60187 45.27392 14.60265 45.27351 14.60336 45.27323 14.60416 45.27283 14.60495 45.27235 14.60613 45.27196 14.60706 45.27169 14.60743 45.2713 14.60816 45.27082 14.6092 45.27024 14.61026 45.26985 14.61105 45.26952 14.61142 45.26886 14.61213 45.26829 14.61287 45.26747 14.61383 45.26691 14.61403 45.26648 14.61412 45.26617 14.61429 45.26605 14.61436 45.26543 14.61471 45.26483 14.61502 45.26423 14.61525 45.26362 14.61529 45.26332 14.61563 45.26313 14.61609 45.26285 14.61677 45.26265 14.61737 45.26246 14.61789 45.26204 14.61898 45.26185 14.61954 45.26153 14.62054 45.26071 14.62275 45.26029 14.62447 45.25988 14.62637 45.25974 14.6276 45.25935 14.62941 45.25911 14.63067 45.25894 14.63173 45.25823 14.63384 45.25794 14.63467 45.25805 14.63569 45.25782 14.63616 45.25748 14.63703 45.25702 14.63792 45.2563 14.63835 45.25712 14.63923 45.25797 14.64007 45.25905 14.64092 45.25924 14.6411 45.25955 14.64142 45.26016 14.64203 45.26008 14.64315 45.26078 14.64428 45.26166 14.64503 45.26199 14.64554 45.26233 14.64603 45.2626 14.6465 45.26287 14.64694 45.26318 14.64749 45.2636 14.64793 45.26384 14.64806 45.26428 14.64863 45.26435 14.64875 45.26455 14.64909 45.26453 14.64964 45.26455 14.64988 45.2648 14.65022 45.26489 14.65067 45.26489 14.6512 45.26549 14.65182 45.26595 14.65239 45.2662 14.65312 45.26681 14.65402 45.26719 14.65548 45.26785 14.65687 45.26881 14.6602 45.26991 14.66017 45.27087 14.66044 45.27184 14.66054 45.27261 14.66076 45.27446 14.66125 45.27521 14.66154 45.27623 14.66203 45.27718 14.66236 45.27828 14.66257 45.27881 14.66306 45.27964 14.66393 45.28051 14.66423 45.28141 14.66454 45.28216 14.66521 45.28282 14.66578 45.28313 14.66645 45.28365 14.66743 45.28418 14.66827 45.28498 14.66878 45.28569 14.66912 45.28677 14.66983 45.28742 14.67068 45.28812 14.67179 45.28867 14.67279 45.28873 14.67371 45.28873 14.67373 45.28873 14.6738 45.28859 14.67407 45.28846 14.67431 45.28737 14.67599 45.28764 14.67671 45.28766 14.6768 45.28806 14.67738 45.28855 14.6782 45.28911 14.67901 45.28962 14.67971 45.29021 14.68066 45.29056 14.68118 45.29114 14.68165 45.29182 14.68237 45.29238 14.68426 45.29286 14.68465 45.29368 14.68484 45.29408 14.68508 45.29429 14.68519 45.29491 14.68568 45.29545 14.686 45.29605 14.68624 45.29645 14.68649 45.29715 14.68665 45.29754 14.6866 45.2979 14.68655 45.29862 14.68616 45.29927 14.68576 45.29972 14.68512 45.29996 14.68442 45.30033 14.68373 45.301 14.68295 45.30156 14.68256 45.302 14.68185 45.30242 14.68118 45.30297 14.68037 45.30346 14.67984 45.30365 14.67907 45.30389 14.67853 45.30408 14.67807 45.30414 14.67793 45.3042 14.67708 45.30441 14.67626 45.30478 14.67536 45.30525 14.67466 45.3058 14.67435 45.30638 14.67395 45.30676 14.67326 45.30709 14.67249 45.30741 14.67238 45.30796 14.67171 45.30853 14.67101 45.30877 14.66986 45.3092 14.6696 45.30932 14.66938 45.30954 14.66896 45.30897 14.66808 45.30894 14.66761 45.31091 14.66534 45.31224 14.66364 45.31365 14.66201 45.31443 14.66203 45.31485 14.66176 45.31527 14.66126 45.31582 14.66051 45.31632 14.65974 45.31696 14.65857 45.31731 14.65749 45.3178 14.65652 45.31843 14.65559 45.31911 14.65461 45.31956 14.65376 45.32016 14.65278 45.32075 14.65229 45.3214 14.65186 45.32207 14.65123 45.3224 14.65107 45.32296 14.6505 45.32353 14.65026 45.32446 14.64966 45.32523 14.64944 45.32582 14.64959 45.32628 14.64983 45.32693 14.65039 45.32815 14.65108 45.32955 14.65203 45.33085 14.65283 45.33164 14.65345 45.33252 14.65481 45.33317 14.65553 45.33393 14.65624 45.33465 14.65706 45.33524 14.65765 45.33588 14.65794 45.33646 14.65824 45.33735 14.65863 45.3384 14.65906 45.33931 14.65967 45.34009 14.66034 45.34088 14.66056 45.34181 14.66063 45.34265 14.66046 45.34398 14.66065 45.34723 14.66123 45.3503 14.66167 45.35093 14.66179 45.35122 14.66185 45.35239 14.66219 45.35375 14.66286 45.35465 14.66312 45.35544 14.66353 45.35675 14.66391 45.35829 14.66456 45.35945 14.66491 45.36071 14.6649 45.36152 14.66515 45.3628 14.66486 45.36349 14.66482 45.36424 14.66474 45.36515 14.66473 45.36582 14.6633 45.36606 14.66229 45.36649 14.661 45.36652 14.66095 45.36702 14.66011 45.36687 14.65918 45.36739 14.65766 45.36777 14.65685 45.37058 14.65451 45.37137 14.65009 45.37174 14.6495 45.37233 14.64894 45.37268 14.64846 45.37297 14.6478 45.37342 14.64706 45.37356 14.64657 45.37382 14.6459 45.37427 14.64546 45.37471 14.64506 45.37478 14.64484 45.3748 14.64478 45.37486 14.64458 45.3746 14.64416 45.37407 14.64345 45.37345 14.64288 45.37382 14.64164 45.37453 14.64158 45.37508 14.64126 45.37554 14.64067 45.37643 14.63945 45.37711 14.6383 45.37759 14.63696 45.37847 14.63423 45.37871 14.63255 45.37866 14.63128 45.38044 14.62786</gml:posList>
                        </gml:LinearRing>
                      </gml:exterior>
                    </gml:Polygon>
                  </gml:surfaceMember>
                  <gml:surfaceMember>
                    <gml:Polygon gml:id="MEDIA_MONITORED_CILJ_ID_1_POLUTANT_2_MODEL_102">
                      <gml:exterior>
                        <gml:LinearRing>
                          <gml:posList srsDimension="2">45.25671 14.56213 45.25671 14.56203 45.2567 14.5619 45.25667 14.56141 45.25659 14.56113 45.25652 14.56065 45.25643 14.56035 45.25641 14.56014 45.25615 14.55935 45.25593 14.55894 45.25583 14.55875 45.25568 14.55844 45.25543 14.55811 45.25537 14.55799 45.25514 14.55774 45.25478 14.5572 45.25452 14.55665 45.25438 14.55644 45.25428 14.55627 45.25416 14.55598 45.25393 14.55573 45.25355 14.5555 45.25337 14.55545 45.25313 14.55545 45.25285 14.55561 45.2527 14.55581 45.2526 14.55589 45.25236 14.55592 45.25227 14.55587 45.25222 14.55577 45.25204 14.55561 45.25189 14.55562 45.25157 14.55585 45.25148 14.55591 45.25141 14.55598 45.2513 14.55605 45.25121 14.55618 45.25117 14.55624 45.25112 14.55634 45.25107 14.55657 45.25093 14.55674 45.25082 14.55728 45.25062 14.55782 45.25059 14.55812 45.25059 14.55851 45.25054 14.55876 45.25048 14.55891 45.25029 14.55914 45.25011 14.55968 45.24995 14.56001 45.24985 14.56009 45.24981 14.56015 45.24972 14.56032 45.24968 14.56068 45.24936 14.56111 45.249 14.5614 45.24878 14.56178 45.24866 14.56181 45.24834 14.56204 45.24823 14.5621 45.24812 14.56219 45.24771 14.5625 45.24749 14.56278 45.24746 14.56291 45.24733 14.56296 45.24726 14.56307 45.24717 14.56312 45.24708 14.56327 45.24694 14.56337 45.24672 14.56366 45.24647 14.56386 45.2464 14.56399 45.24593 14.5643 45.24557 14.56486 45.24522 14.56517 45.24484 14.56563 45.24473 14.56599 45.24468 14.56642 45.24461 14.56663 45.24448 14.56678 45.24445 14.56688 45.24449 14.56704 45.24452 14.56706 45.24459 14.56739 45.24469 14.5676 45.2447 14.5678 45.24467 14.56803 45.24472 14.56828 45.2449 14.56841 45.24498 14.56869 45.24507 14.56874 45.24514 14.56887 45.24534 14.56899 45.24548 14.56899 45.24557 14.56894 45.24598 14.56832 45.24616 14.56817 45.24627 14.56802 45.24677 14.5676 45.24713 14.56722 45.24724 14.56712 45.24735 14.56701 45.24749 14.56689 45.2479 14.56658 45.24887 14.56609 45.24909 14.56608 45.24943 14.56604 45.24958 14.56597 45.24969 14.56591 45.24977 14.5658 45.24985 14.56573 45.25006 14.56572 45.25013 14.5658 45.25031 14.56585 45.25042 14.56592 45.25057 14.56612 45.25066 14.56616 45.25075 14.56617 45.25088 14.5661 45.25123 14.56607 45.25181 14.56627 45.2521 14.56644 45.25247 14.56654 45.25294 14.56682 45.25323 14.56712 45.25377 14.56717 45.25383 14.56722 45.25389 14.56725 45.25406 14.56727 45.25419 14.56722 45.25426 14.56711 45.25445 14.5665 45.25453 14.5664 45.25465 14.56632 45.25479 14.56612 45.25492 14.56586 45.25495 14.56568 45.25513 14.56522 45.25521 14.56513 45.25524 14.56504 45.25546 14.56468 45.25556 14.56446 45.25568 14.56423 45.25574 14.56412 45.25621 14.56342 45.25636 14.56322 45.25646 14.56305 45.25662 14.56264 45.25671 14.56233 45.25671 14.5622 45.25671 14.56213</gml:posList>
                        </gml:LinearRing>
                      </gml:exterior>
                    </gml:Polygon>
                  </gml:surfaceMember>
                  <gml:surfaceMember>
                    <gml:Polygon gml:id="MEDIA_MONITORED_CILJ_ID_1_POLUTANT_2_MODEL_103">
                      <gml:exterior>
                        <gml:LinearRing>
                          <gml:posList srsDimension="2">45.47047 14.32262 45.47298 14.31974 45.4772 14.31846 45.48297 14.3167 45.4802 14.30594 45.48129 14.30226 45.4813 14.30205 45.48137 14.30196 45.48165 14.30087 45.48191 14.29987 45.48487 14.29095 45.48845 14.28808 45.48981 14.28699 45.4903 14.2866 45.48995 14.28499 45.48947 14.2828 45.49039 14.28196 45.49036 14.28172 45.49033 14.28156 45.49023 14.28095 45.49031 14.28087 45.49038 14.28082 45.49034 14.28056 45.49044 14.28025 45.49044 14.28001 45.49045 14.27988 45.4903 14.27905 45.49017 14.27893 45.48965 14.27792 45.4896 14.27791 45.48951 14.27787 45.48941 14.27771 45.48928 14.27749 45.48927 14.27735 45.48917 14.2768 45.4892 14.27671 45.4893 14.27644 45.48929 14.27629 45.48925 14.27625 45.48923 14.27622 45.48923 14.27617 45.48924 14.276 45.48906 14.27579 45.48901 14.2757 45.48881 14.27537 45.48873 14.27533 45.4886 14.27526 45.4886 14.27519 45.48842 14.27506 45.48844 14.275 45.48836 14.27483 45.48833 14.27483 45.48817 14.27485 45.48805 14.27481 45.48788 14.27482 45.48761 14.27454 45.4876 14.27454 45.48734 14.27443 45.48714 14.27428 45.48689 14.27421 45.48687 14.27431 45.48661 14.27384 45.48658 14.27386 45.48656 14.27381 45.48654 14.27375 45.48614 14.27339 45.48591 14.27292 45.48559 14.2709 45.48334 14.26888 45.48323 14.26893 45.48302 14.26874 45.48301 14.2687 45.48299 14.26862 45.48223 14.26796 45.48227 14.26764 45.48229 14.26744 45.48225 14.26743 45.48225 14.26738 45.48226 14.26724 45.48229 14.26723 45.48232 14.26723 45.48251 14.26578 45.48266 14.26457 45.48334 14.26419 45.48353 14.26441 45.48379 14.2642 45.48386 14.26419 45.48392 14.26417 45.484 14.26408 45.48403 14.26394 45.48406 14.2637 45.48408 14.26347 45.4842 14.26315 45.48424 14.26303 45.48431 14.26302 45.4845 14.26272 45.48468 14.26267 45.48483 14.26277 45.48495 14.26285 45.48504 14.26305 45.48504 14.26313 45.48503 14.26324 45.48628 14.26255 45.487 14.26214 45.48863 14.26041 45.48994 14.25902 45.48991 14.25887 45.48998 14.25864 45.49 14.25857 45.49011 14.25865 45.49021 14.25871 45.49035 14.25857 45.4909 14.25801 45.49082 14.25784 45.49074 14.25767 45.49079 14.25758 45.49095 14.25754 45.49123 14.25729 45.49146 14.25662 45.49154 14.25661 45.49161 14.25674 45.49169 14.25691 45.49177 14.25694 45.49185 14.25697 45.49315 14.2561 45.49485 14.25497 45.495 14.25465 45.49542 14.25415 45.49557 14.25397 45.49564 14.2539 45.49589 14.25361 45.49614 14.25304 45.49662 14.25252 45.49688 14.25186 45.497 14.2513 45.49719 14.25006 45.4973 14.2496 45.49757 14.24968 45.49902 14.24938 45.49928 14.24919 45.49975 14.24882 45.49993 14.24867 45.50002 14.24859 45.50048 14.24819 45.50118 14.24777 45.50119 14.24768 45.50119 14.24757 45.50189 14.24699 45.50206 14.24675 45.50219 14.2467 45.50226 14.24668 45.50233 14.24657 45.50252 14.24625 45.50291 14.24611 45.50316 14.24606 45.50336 14.24611 45.50357 14.24648 45.50359 14.24644 45.5036 14.24641 45.50362 14.24637 45.50342 14.24602 45.50329 14.24597 45.5031 14.24591 45.50336 14.24569 45.50341 14.24554 45.50477 14.24512 45.50529 14.24496 45.50525 14.24479 45.50518 14.24443 45.50518 14.24382 45.50518 14.24345 45.50518 14.24317 45.50518 14.24313 45.50494 14.24139 45.50581 14.23741 45.5056 14.23493 45.50516 14.23262 45.50477 14.23061 45.50139 14.22338 45.50119 14.22333 45.50001 14.22304 45.49655 14.22216 45.49638 14.22204 45.49341 14.22006 45.49272 14.2178 45.49215 14.21592 45.49217 14.21536 45.49221 14.21455 45.49258 14.21429 45.492 14.21392 45.49157 14.21365 45.49143 14.2136 45.49093 14.21341 45.49028 14.21278 45.48991 14.21243 45.48965 14.21248 45.48936 14.21235 45.48887 14.21211 45.4885 14.21241 45.48901 14.21065 45.48813 14.21011 45.4842 14.20766 45.4821 14.20635 45.47978 14.20924 45.47853 14.20662 45.46923 14.20765 45.47013 14.20432 45.47066 14.20236 45.47189 14.19786 45.47205 14.19737 45.47218 14.19701 45.47221 14.19688 45.47224 14.19674 45.47243 14.19622 45.47257 14.19584 45.47261 14.19569 45.47271 14.19538 45.47277 14.1951 45.47282 14.19483 45.47288 14.19469 45.47294 14.19454 45.47301 14.19427 45.47324 14.19377 45.4733 14.1935 45.47351 14.19309 45.47389 14.19235 45.47414 14.19181 45.47425 14.19118 45.47465 14.19003 45.47476 14.18977 45.47476 14.18963 45.47476 14.18959 45.4748 14.18922 45.47483 14.18904 45.47483 14.18858 45.47485 14.18843 45.4749 14.18809 45.47491 14.18804 45.47488 14.18772 45.47489 14.18743 45.47491 14.18698 45.47499 14.18665 45.47504 14.18646 45.47509 14.18636 45.47514 14.18628 45.47541 14.18593 45.47567 14.18559 45.47626 14.18474 45.47665 14.18395 45.4769 14.18359 45.47707 14.18335 45.47733 14.18258 45.4774 14.18235 45.47755 14.18187 45.47778 14.18104 45.47782 14.18082 45.47789 14.18042 45.47798 14.18011 45.47807 14.17982 45.47812 14.1795 45.47824 14.17879 45.47872 14.17728 45.47953 14.17311 45.47972 14.17038 45.47988 14.16822 45.4798 14.16803 45.47978 14.16798 45.47979 14.16742 45.47975 14.16731 45.47965 14.16733 45.47959 14.16737 45.47967 14.16719 45.47967 14.16696 45.47982 14.16667 45.47987 14.16657 45.47993 14.16641 45.47983 14.16627 45.47977 14.16618 45.47977 14.16538 45.47981 14.16503 45.47981 14.165 45.47987 14.16482 45.47992 14.1647 45.47991 14.16443 45.47979 14.16417 45.47978 14.16402 45.47976 14.16386 45.47981 14.16375 45.47984 14.16369 45.48007 14.16307 45.4801 14.16283 45.48013 14.16258 45.48015 14.16253 45.4802 14.1624 45.48021 14.1623 45.48021 14.1622 45.48038 14.16192 45.4804 14.16162 45.48049 14.16142 45.48054 14.16126 45.48057 14.16116 45.48057 14.16096 45.48056 14.16081 45.48059 14.16067 45.48061 14.16057 45.48057 14.16025 45.48048 14.15994 45.48038 14.15972 45.48078 14.15644 45.48107 14.15406 45.48066 14.1519 45.48039 14.15052 45.47817 14.14743 45.47536 14.14353 45.47527 14.13681 45.47538 14.13671 45.47543 14.13666 45.47564 14.13384 45.47742 14.12812 45.47958 14.12211 45.48111 14.11792 45.48227 14.11115 45.48239 14.10907 45.48099 14.10938 45.48009 14.10958 45.47765 14.11013 45.47437 14.11277 45.4708 14.11453 45.469 14.11342 45.46499 14.11093 45.45955 14.1079 45.45077 14.11965 45.44332 14.12076 45.43271 14.13344 45.43167 14.13555 45.42603 14.14618 45.42454 14.14901 45.41932 14.15905 45.41821 14.16155 45.41592 14.16509 45.41502 14.16791 45.41367 14.17497 45.41188 14.18135 45.41119 14.18397 45.41072 14.18648 45.41027 14.18826 45.41027 14.18828 45.41026 14.18831 45.40879 14.1923 45.40706 14.19753 45.40596 14.20103 45.40506 14.20329 45.4043 14.20536 45.4031 14.20587 45.4017 14.2062 45.40128 14.20621 45.39585 14.19548 45.39312 14.18987 45.393 14.18963 45.39208 14.18875 45.39187 14.1902 45.39166 14.1917 45.39154 14.19325 45.39075 14.20201 45.39061 14.20536 45.39063 14.20614 45.39039 14.20639 45.39025 14.20652 45.39013 14.20664 45.38983 14.20694 45.38919 14.2075 45.38869 14.20807 45.38727 14.20908 45.38625 14.20969 45.38525 14.21041 45.38428 14.21118 45.38359 14.21183 45.383 14.21207 45.38268 14.21215 45.38166 14.21421 45.38064 14.21585 45.37992 14.21692 45.37935 14.21784 45.37914 14.21861 45.37817 14.21997 45.37788 14.22067 45.37717 14.22203 45.37693 14.22256 45.37688 14.22366 45.37693 14.22498 45.37693 14.22545 45.37693 14.22571 45.37687 14.22652 45.37696 14.22862 45.37696 14.22939 45.37704 14.22985 45.37707 14.23005 45.37707 14.23012 45.37707 14.23054 45.37678 14.23116 45.37636 14.23286 45.37577 14.23475 45.37507 14.2366 45.37443 14.23801 45.37358 14.24015 45.37317 14.24164 45.37227 14.24531 45.37164 14.24712 45.37128 14.24798 45.37083 14.24879 45.37033 14.25033 45.36938 14.25241 45.36918 14.25329 45.36899 14.25443 45.3677 14.25753 45.36762 14.25788 45.36714 14.2593 45.36669 14.26082 45.36611 14.2626 45.36455 14.26686 45.36432 14.26742 45.36417 14.26766 45.36393 14.26826 45.36311 14.27079 45.36265 14.27194 45.36171 14.27473 45.36137 14.27546 45.36098 14.27644 45.36016 14.27792 45.35994 14.27844 45.35976 14.27869 45.35929 14.27918 45.35886 14.27971 45.3585 14.28048 45.3577 14.28143 45.35707 14.28163 45.35605 14.2818 45.35454 14.28254 45.35412 14.28283 45.35386 14.2829 45.35238 14.28291 45.3519 14.28263 45.35121 14.28234 45.35072 14.2822 45.34984 14.282 45.34887 14.28157 45.34851 14.28207 45.347 14.28462 45.34616 14.28581 45.34539 14.28667 45.34469 14.28773 45.34356 14.28895 45.34256 14.28956 45.34157 14.28986 45.34113 14.29009 45.34091 14.2902 45.34015 14.29076 45.33989 14.29103 45.33958 14.29134 45.33952 14.29154 45.33919 14.29191 45.33888 14.29292 45.33869 14.29414 45.33846 14.29496 45.33829 14.29637 45.33825 14.29666 45.33827 14.29667 45.33925 14.29765 45.34016 14.29816 45.34056 14.29827 45.34189 14.29941 45.34308 14.30027 45.34493 14.30206 45.34621 14.30338 45.34683 14.3038 45.34798 14.30426 45.34801 14.30428 45.34878 14.30472 45.3489 14.30479 45.34962 14.30495 45.34983 14.305 45.35001 14.30491 45.35006 14.30478 45.35021 14.30445 45.35047 14.3041 45.3509 14.30405 45.3511 14.30402 45.35113 14.30402 45.35123 14.30386 45.35131 14.30374 45.35147 14.30304 45.35165 14.30299 45.35181 14.30318 45.35191 14.30388 45.35212 14.30462 45.35229 14.30488 45.35325 14.30537 45.35341 14.30542 45.35367 14.30525 45.35396 14.30507 45.3543 14.30512 45.35444 14.3053 45.35413 14.3059 45.35411 14.30674 45.35415 14.30705 45.35425 14.30723 45.35465 14.30758 45.3551 14.30784 45.35554 14.30803 45.35596 14.30829 45.35641 14.30855 45.35688 14.30899 45.35723 14.30929 45.35759 14.30963 45.35794 14.30949 45.35794 14.30953 45.35792 14.30965 45.35778 14.31093 45.35773 14.31158 45.35666 14.31195 45.35665 14.31213 45.35666 14.31251 45.35673 14.31304 45.35676 14.31322 45.35682 14.31363 45.35675 14.31362 45.3567 14.31361 45.35678 14.3141 45.35694 14.31452 45.3572 14.31481 45.35748 14.31498 45.35771 14.31536 45.3588 14.31714 45.35832 14.31775 45.35779 14.31832 45.35759 14.31837 45.35733 14.31856 45.35727 14.31862 45.35713 14.31877 45.35704 14.31903 45.35699 14.31918 45.35648 14.31999 45.3567 14.32046 45.3569 14.32078 45.35699 14.32084 45.35717 14.32097 45.35719 14.32103 45.35726 14.32128 45.35735 14.32149 45.35746 14.32174 45.35758 14.32219 45.35763 14.32237 45.35794 14.32281 45.35892 14.32336 45.35906 14.32337 45.35918 14.32352 45.35915 14.32384 45.35898 14.32386 45.35867 14.32413 45.35857 14.32438 45.35868 14.32485 45.35881 14.32526 45.35909 14.32549 45.35936 14.32552 45.35963 14.32543 45.35996 14.32542 45.36019 14.32581 45.36031 14.32638 45.36054 14.32676 45.36071 14.32706 45.36071 14.32706 45.36037 14.32816 45.3602 14.32872 45.36024 14.32909 45.36024 14.3291 45.36021 14.32918 45.36013 14.32944 45.35993 14.3295 45.35896 14.32858 45.35861 14.32867 45.35844 14.32925 45.35827 14.3301 45.35814 14.33132 45.35792 14.33224 45.35786 14.33247 45.35714 14.33467 45.35681 14.33546 45.35661 14.33575 45.35694 14.33622 45.35718 14.33658 45.3574 14.33659 45.35801 14.33644 45.35815 14.33643 45.35895 14.33714 45.35996 14.33802 45.36018 14.3376 45.36106 14.33755 45.36163 14.33752 45.36248 14.33755 45.36325 14.33741 45.36383 14.33766 45.36422 14.33791 45.36441 14.33813 45.36476 14.33798 45.36487 14.3375 45.36503 14.33765 45.36528 14.33804 45.36529 14.33807 45.36542 14.33851 45.36544 14.33859 45.36525 14.33935 45.36546 14.34026 45.36566 14.34097 45.36592 14.34219 45.36625 14.34276 45.36648 14.34292 45.36678 14.34395 45.36718 14.34392 45.36724 14.34414 45.36731 14.3442 45.36743 14.3443 45.3677 14.34454 45.36779 14.34434 45.3679 14.3441 45.36786 14.34394 45.36786 14.34392 45.36785 14.34389 45.36775 14.34387 45.36762 14.34383 45.3675 14.34382 45.36746 14.34382 45.36754 14.34299 45.36775 14.34274 45.36776 14.34271 45.36779 14.34217 45.36768 14.34187 45.36792 14.341 45.36798 14.34045 45.36813 14.33923 45.36829 14.33835 45.36842 14.3375 45.36839 14.33729 45.36837 14.33722 45.36836 14.3371 45.36835 14.33705 45.36813 14.33587 45.36819 14.33524 45.36828 14.33475 45.36792 14.33373 45.36799 14.33322 45.3683 14.3329 45.36844 14.33252 45.36853 14.33227 45.36846 14.33185 45.36874 14.33142 45.36887 14.33121 45.36883 14.33096 45.36878 14.33066 45.36853 14.33005 45.36851 14.32947 45.36839 14.32903 45.36847 14.32839 45.36853 14.32785 45.36857 14.32748 45.36892 14.32763 45.36921 14.32764 45.36964 14.32753 45.36994 14.32748 45.37006 14.32654 45.36907 14.32527 45.36906 14.32525 45.36928 14.32508 45.36964 14.32479 45.37013 14.32448 45.37094 14.32472 45.37187 14.32498 45.37199 14.32564 45.37216 14.32573 45.37259 14.32594 45.37328 14.32587 45.37375 14.32598 45.37424 14.32597 45.37457 14.32617 45.3753 14.32652 45.37532 14.32654 45.37566 14.32686 45.37614 14.32729 45.37667 14.32723 45.37699 14.3272 45.37739 14.3279 45.3776 14.32886 45.37841 14.33003 45.37885 14.33073 45.37929 14.33127 45.37979 14.33126 45.38023 14.33149 45.38049 14.33204 45.38088 14.33188 45.38161 14.33352 45.3822 14.33503 45.38293 14.337 45.38325 14.33719 45.38367 14.33745 45.38399 14.33791 45.38444 14.33875 45.38454 14.33895 45.38524 14.3394 45.38608 14.3384 45.38675 14.33761 45.38753 14.33701 45.38762 14.33625 45.38855 14.33612 45.38952 14.3357 45.39005 14.3352 45.39078 14.33479 45.39144 14.33466 45.39187 14.33382 45.39197 14.3336 45.39274 14.33394 45.39336 14.33375 45.39418 14.33326 45.39512 14.3323 45.39581 14.33226 45.39668 14.33134 45.39744 14.32985 45.39846 14.3294 45.39904 14.32896 45.39972 14.32859 45.39974 14.32815 45.39975 14.32784 45.39944 14.32706 45.3993 14.32668 45.39883 14.32539 45.39873 14.32406 45.39866 14.32324 45.3979 14.32185 45.39752 14.32079 45.3983 14.32032 45.39897 14.32057 45.39975 14.32034 45.40027 14.3202 45.40115 14.31855 45.40199 14.31795 45.4026 14.31752 45.40284 14.31734 45.40395 14.31666 45.4045 14.31631 45.40516 14.31597 45.40575 14.31558 45.40584 14.31552 45.40661 14.31539 45.40676 14.31537 45.40745 14.31466 45.40801 14.31423 45.40899 14.31377 45.40953 14.31391 45.41054 14.31411 45.41091 14.31433 45.4112 14.31449 45.41187 14.31492 45.41258 14.31547 45.41285 14.3158 45.41286 14.31581 45.41332 14.31636 45.41275 14.31707 45.41247 14.31741 45.41289 14.31821 45.41358 14.31859 45.41409 14.31921 45.41492 14.31989 45.4162 14.3197 45.41707 14.31957 45.41728 14.3188 45.4183 14.3178 45.41887 14.3173 45.41944 14.31661 45.41996 14.3155 45.42052 14.31486 45.42126 14.31471 45.42225 14.31357 45.42243 14.31271 45.42273 14.31188 45.4232 14.31107 45.42378 14.31056 45.42401 14.30968 45.42438 14.3089 45.42454 14.30857 45.42449 14.30748 45.42461 14.30617 45.42552 14.30379 45.42791 14.30655 45.42933 14.308 45.43066 14.30916 45.43278 14.31085 45.43359 14.31154 45.43438 14.31222 45.43418 14.3132 45.43408 14.31367 45.43383 14.31521 45.43344 14.31765 45.43089 14.32075 45.43077 14.32129 45.43098 14.32137 45.43117 14.32145 45.43375 14.32248 45.43697 14.32314 45.43838 14.32319 45.43971 14.32334 45.44157 14.32352 45.443 14.32362 45.44397 14.32387 45.44467 14.32384 45.44553 14.32394 45.44628 14.32404 45.44699 14.32402 45.44773 14.3246 45.44783 14.32544 45.44851 14.32541 45.44937 14.32539 45.45002 14.32554 45.45078 14.32602 45.45153 14.32651 45.45236 14.32686 45.45339 14.32729 45.45493 14.32767 45.45511 14.32739 45.45583 14.32788 45.45728 14.32909 45.4585 14.33029 45.45866 14.33047 45.45873 14.33063 45.45874 14.33074 45.45874 14.33081 45.45874 14.33083 45.4587 14.33107 45.45866 14.33126 45.45849 14.33168 45.45839 14.33189 45.45834 14.332 45.45852 14.33241 45.45878 14.33289 45.45926 14.33254 45.45938 14.3329 45.45943 14.33307 45.46106 14.33305 45.4617 14.3326 45.46273 14.33199 45.46384 14.33125 45.46478 14.33065 45.46568 14.33001 45.46713 14.32884 45.46793 14.32763 45.46854 14.32673 45.4691 14.32543 45.4696 14.32393 45.47047 14.32262</gml:posList>
                        </gml:LinearRing>
                      </gml:exterior>
                    </gml:Polygon>
                  </gml:surfaceMember>
                </gml:MultiSurface>
              </sams:shape>
            </id2:AQD_ModelArea>
          </ns1:featureOfInterest>
          <ns1:observedProperty xlink:href="http://dd.eionet.europa.eu/vocabulary/aq/pollutant/1"/>
        </ns1:ObservingCapability>
      </ns1:observingCapability>
      <ns1:organisationLevel xlink:href=""/>
      <id2:environmentalObjective>
        <id2:EnvironmentalObjective>
          <id2:objectiveType xlink:href="http://dd.eionet.europa.eu/vocabulary/aq/objectivetype/LV"/>
          <id2:reportingMetric xlink:href="http://dd.eionet.europa.eu/vocabulary/aq/reportingmetric/hrsAbove"/>
          <id2:protectionTarget xlink:href="http://dd.eionet.europa.eu/vocabulary/aq/protectiontarget/H"/>
        </id2:EnvironmentalObjective>
      </id2:environmentalObjective>
      <id2:assessmentType xlink:href="http://dd.eionet.europa.eu/vocabulary/aq/assessmenttype/model"/>
      <id2:zone xlink:href=""/>
    </id2:AQD_Model>
  </gml:featureMember>
  <gml:featureMember>
    <id2:AQD_Model gml:id="MEDIA_MONITORED_CILJ_ID_1_POLUTANT_3_1">
      <gml:description>Testna objektivna procjena</gml:description>
      <ns1:inspireId>
        <ns:Identifier>
          <ns:localId>MEDIA_MONITORED_CILJ_ID_1_POLUTANT_3_LOCAL</ns:localId>
          <ns:namespace>aqd.azo.hr</ns:namespace>
          <ns:versionId>1.0</ns:versionId>
        </ns:Identifier>
      </ns1:inspireId>
      <ns1:name/>
      <ns1:mediaMonitored xlink:href=""/>
      <ns1:observingCapability>
        <ns1:ObservingCapability gml:id="MEDIA_MONITORED_CILJ_ID_1_POLUTANT_3_MODEL_OBJECTIVE_ESTIMATION_1">
          <ns1:observingTime>
            <gml:TimePeriod gml:id="MEDIA_MONITORED_CILJ_ID_1_POLUTANT_3_MODEL_TIMEPERIOD_1">
              <gml:beginPosition>2001-01-01</gml:beginPosition>
              <gml:endPosition/>
            </gml:TimePeriod>
          </ns1:observingTime>
          <ns1:processType xlink:href="http://inspire.ec.europa.eu/codeList/ProcessTypeValue/process"/>
          <ns1:resultNature xlink:href="http://inspire.ec.europa.eu/codeList/ResultNatureValue/primary"/>
          <ns1:procedure xlink:href="MEDIA_MONITORED_CILJ_ID_1_POLUTANT_3_1"/>
          <ns1:featureOfInterest>
            <id2:AQD_ModelArea gml:id="MEDIA_MONITORED_CILJ_ID_1_POLUTANT_3_MODEL_MODEL_GEOMETRY_ID_2">
              <gml:name>MODEL</gml:name>
              <sam:sampledFeature xsi:nil="true" nilReason="inapplicable"/>
              <sams:shape>
                <gml:MultiSurface gml:id="MEDIA_MONITORED_CILJ_ID_1_POLUTANT_3_MODEL_MODEL_GEOMETRY_MULTISURFICE_ID_3" srsName="urn:ogc:def:crs:EPSG::4258">
                  <gml:surfaceMember>
                    <gml:Polygon gml:id="MEDIA_MONITORED_CILJ_ID_1_POLUTANT_3_MODEL_104">
                      <gml:exterior>
                        <gml:LinearRing>
                          <gml:posList srsDimension="2">45.58539 18.61786 45.58664 18.61571 45.58681 18.61543 45.58698 18.61528 45.58721 18.61509 45.58771 18.61474 45.58851 18.61417 45.5893 18.61361 45.59001 18.61311 45.59204 18.61155 45.59234 18.61128 45.59365 18.6101 45.59419 18.60905 45.59439 18.60886 45.59542 18.60789 45.59558 18.60726 45.59569 18.60687 45.5957 18.60682 45.59414 18.60544 45.59226 18.60452 45.59076 18.60391 45.58962 18.60345 45.58892 18.60316 45.58775 18.6027 45.58746 18.60258 45.58697 18.60211 45.58685 18.60199 45.58641 18.60115 45.58626 18.59965 45.58618 18.59884 45.58571 18.59385 45.58578 18.59285 45.58578 18.59266 45.58579 18.59181 45.5858 18.58926 45.58579 18.58884 45.58577 18.58801 45.58584 18.58693 45.58574 18.5861 45.58551 18.58526 45.58545 18.58516 45.58527 18.58486 45.58503 18.58471 45.58496 18.58467 45.58494 18.58464 45.58466 18.58426 45.58493 18.58378 45.58525 18.58354 45.58535 18.58341 45.58565 18.58301 45.58585 18.58292 45.58618 18.58277 45.58752 18.58249 45.58801 18.5819 45.58845 18.58156 45.58956 18.58114 45.58973 18.58114 45.58994 18.58114 45.59066 18.5807 45.59102 18.58044 45.59159 18.58003 45.59205 18.57979 45.59215 18.57974 45.5927 18.5794 45.59347 18.57909 45.59411 18.57883 45.59508 18.57777 45.59535 18.57747 45.59555 18.57716 45.59588 18.57664 45.5962 18.57602 45.59643 18.57556 45.59487 18.57307 45.5937 18.57121 45.59268 18.56958 45.59317 18.56881 45.59046 18.56474 45.58514 18.55676 45.58453 18.56207 45.58445 18.56279 45.57831 18.56156 45.57465 18.56083 45.56585 18.55887 45.56497 18.5585 45.56495 18.55849 45.56493 18.55848 45.56479 18.55825 45.56469 18.55808 45.56438 18.5571 45.56241 18.55869 45.55963 18.56091 45.55852 18.5615 45.55789 18.56074 45.55724 18.5616 45.55704 18.56093 45.55692 18.56051 45.55433 18.56206 45.55218 18.56093 45.55196 18.56092 45.55138 18.56089 45.55049 18.56193 45.55062 18.5629 45.55015 18.5636 45.55085 18.56582 45.5527 18.57173 45.54941 18.57377 45.54742 18.57477 45.54551 18.57529 45.54508 18.57544 45.54451 18.57564 45.54469 18.57872 45.54642 18.57905 45.54843 18.58 45.54927 18.58088 45.54992 18.58237 45.55018 18.58548 45.54981 18.58579 45.54872 18.58668 45.54822 18.58649 45.54775 18.5863 45.54666 18.58463 45.5452 18.58875 45.54299 18.59494 45.54291 18.59528 45.54278 18.59584 45.54248 18.59621 45.54227 18.59648 45.54181 18.59665 45.5409 18.59715 45.53766 18.59837 45.53786 18.59924 45.5384 18.60149 45.53841 18.60161 45.53867 18.60404 45.53877 18.60489 45.5374 18.60555 45.537 18.60574 45.53588 18.61017 45.53585 18.61401 45.53585 18.61404 45.5356 18.6192 45.53372 18.62005 45.53371 18.61972 45.5337 18.6195 45.53256 18.62001 45.53126 18.62061 45.53103 18.62071 45.53096 18.62073 45.52928 18.62145 45.52877 18.61984 45.52855 18.61915 45.52625 18.61982 45.52327 18.62103 45.52052 18.62178 45.51997 18.61974 45.51771 18.62061 45.51493 18.62156 45.51149 18.62244 45.50962 18.62126 45.50963 18.62126 45.50974 18.62149 45.50996 18.62335 45.51015 18.625 45.51034 18.62605 45.51038 18.62628 45.51044 18.62661 45.51051 18.62695 45.51063 18.62764 45.51014 18.63128 45.51031 18.63273 45.51125 18.64089 45.51138 18.64168 45.51151 18.64252 45.51073 18.64426 45.51324 18.65414 45.51609 18.66533 45.5151 18.66604 45.51407 18.66678 45.51476 18.66852 45.51564 18.67076 45.51608 18.67148 45.51664 18.67241 45.51698 18.67412 45.51702 18.67437 45.51783 18.67728 45.51791 18.67789 45.51809 18.6794 45.51811 18.6797 45.51813 18.68005 45.51728 18.67966 45.51621 18.67918 45.51681 18.68098 45.51747 18.68298 45.51767 18.68394 45.51784 18.68478 45.51783 18.68574 45.51783 18.68626 45.51782 18.68665 45.51775 18.68811 45.5177 18.68932 45.51768 18.69015 45.51767 18.69062 45.51766 18.69132 45.51764 18.69222 45.51839 18.69242 45.51896 18.69258 45.52008 18.69468 45.52083 18.69644 45.52115 18.69742 45.52113 18.69763 45.52113 18.69765 45.52111 18.6979 45.52092 18.69813 45.52036 18.69879 45.51878 18.70114 45.51844 18.70165 45.5167 18.70383 45.51586 18.70385 45.51531 18.70387 45.51435 18.704 45.51414 18.70416 45.51378 18.70444 45.51358 18.70465 45.51315 18.70511 45.5128 18.70568 45.51247 18.70623 45.50948 18.7096 45.50862 18.71049 45.50652 18.71267 45.50458 18.71484 45.50128 18.71853 45.50079 18.719 45.50015 18.71961 45.49931 18.72043 45.494 18.72563 45.48846 18.71552 45.48642 18.71757 45.48701 18.71881 45.48721 18.71923 45.48697 18.71947 45.48671 18.71973 45.48214 18.72437 45.48127 18.72294 45.47551 18.72883 45.47562 18.72908 45.47608 18.73014 45.47582 18.73039 45.47536 18.73084 45.47428 18.73189 45.47378 18.73239 45.47328 18.73136 45.47322 18.73123 45.46447 18.74058 45.4594 18.746 45.45985 18.747 45.46046 18.74836 45.45901 18.74977 45.45823 18.75052 45.4577 18.75104 45.45543 18.75323 45.45518 18.75284 45.45421 18.75127 45.45055 18.75543 45.44466 18.76109 45.44515 18.76642 45.44536 18.76866 45.44597 18.77728 45.4466 18.7862 45.45504 18.79344 45.4558 18.7941 45.4566 18.79479 45.45756 18.79552 45.45828 18.79612 45.45911 18.79682 45.46015 18.79763 45.46049 18.79793 45.4613 18.79865 45.46191 18.79948 45.46283 18.80072 45.46426 18.80251 45.45812 18.81576 45.45809 18.81583 45.45779 18.81647 45.46336 18.8274 45.46464 18.82992 45.46531 18.83093 45.46593 18.83187 45.46641 18.83239 45.46789 18.83404 45.46878 18.83503 45.46805 18.83618 45.46402 18.84249 45.4649 18.84254 45.46614 18.84347 45.46714 18.84515 45.46962 18.84742 45.4706 18.84845 45.47081 18.84897 45.47108 18.8496 45.47346 18.85081 45.47559 18.8519 45.47729 18.85068 45.47821 18.85004 45.47837 18.84992 45.47893 18.84952 45.47889 18.84883 45.47955 18.84865 45.48162 18.84809 45.47875 18.83134 45.48232 18.82707 45.48146 18.82566 45.48205 18.82479 45.4821 18.82471 45.4827 18.824 45.48271 18.824 45.48331 18.8233 45.48409 18.82239 45.4902 18.81532 45.49391 18.81104 45.4954 18.80927 45.498 18.80618 45.49866 18.8054 45.50015 18.80393 45.5007 18.80334 45.50269 18.80122 45.50489 18.79835 45.50498 18.79996 45.50504 18.80094 45.5064 18.80179 45.50832 18.80299 45.50922 18.8074 45.50983 18.81035 45.51351 18.81759 45.51392 18.81846 45.51406 18.81896 45.51421 18.81951 45.51568 18.82588 45.51672 18.82994 45.51749 18.834 45.51761 18.83465 45.51847 18.83879 45.51902 18.84005 45.51905 18.84012 45.5191 18.8402 45.51909 18.84022 45.51645 18.84821 45.51705 18.84835 45.52024 18.84906 45.52001 18.85172 45.51987 18.85325 45.52455 18.85807 45.53043 18.86461 45.53382 18.86001 45.53393 18.86024 45.53395 18.86028 45.53425 18.8605 45.53512 18.86115 45.53602 18.8621 45.53673 18.86285 45.53807 18.86327 45.53899 18.8634 45.53931 18.86345 45.54149 18.86306 45.54351 18.862 45.54473 18.8613 45.54636 18.86037 45.54801 18.85988 45.5502 18.85916 45.55126 18.85884 45.55198 18.85867 45.55221 18.85861 45.55178 18.85589 45.55155 18.8538 45.55137 18.8525 45.55119 18.85117 45.55085 18.84873 45.55074 18.84785 45.55047 18.84578 45.55016 18.84323 45.54984 18.84102 45.54965 18.83901 45.55252 18.83902 45.55379 18.83903 45.55521 18.83821 45.5587 18.83532 45.55837 18.83481 45.5583 18.8347 45.5582 18.83456 45.55815 18.83447 45.55738 18.83356 45.55643 18.8325 45.55619 18.83227 45.55544 18.83154 45.55463 18.8307 45.55405 18.83009 45.55359 18.82945 45.5524 18.82776 45.55121 18.82594 45.55035 18.82463 45.54978 18.82346 45.54972 18.82255 45.54971 18.82236 45.54994 18.82126 45.55041 18.81864 45.5509 18.81596 45.55113 18.81403 45.55127 18.81317 45.55133 18.81281 45.55133 18.81224 45.55134 18.81166 45.55119 18.81044 45.55106 18.80892 45.55074 18.80703 45.55064 18.80656 45.55031 18.80503 45.54948 18.80165 45.54902 18.80012 45.54855 18.79838 45.54786 18.79637 45.54711 18.7943 45.54594 18.7905 45.54587 18.79015 45.54541 18.78808 45.54448 18.78329 45.54421 18.78138 45.54413 18.78081 45.54382 18.77812 45.54304 18.77311 45.54275 18.77165 45.54263 18.77068 45.54258 18.77033 45.5425 18.76896 45.54252 18.76837 45.54253 18.76801 45.54258 18.76758 45.54268 18.76691 45.54305 18.76576 45.54325 18.76522 45.54354 18.76445 45.54567 18.76138 45.54694 18.75972 45.54827 18.75821 45.54898 18.75753 45.55368 18.75439 45.55502 18.75341 45.55533 18.75315 45.55691 18.75176 45.55787 18.7507 45.55796 18.75061 45.55831 18.7499 45.55964 18.74727 45.56031 18.74554 45.56149 18.74178 45.56189 18.74031 45.56216 18.73931 45.56241 18.73805 45.56255 18.73731 45.56304 18.7348 45.56426 18.73497 45.56524 18.73533 45.56588 18.73557 45.56816 18.73729 45.56837 18.73688 45.56874 18.73617 45.56891 18.73586 45.56947 18.73479 45.56947 18.7347 45.56953 18.73283 45.5696 18.73062 45.56947 18.72914 45.56936 18.72794 45.56941 18.72594 45.57373 18.72717 45.57486 18.72749 45.57589 18.72225 45.5757 18.72216 45.57501 18.72187 45.57484 18.72091 45.57447 18.71891 45.57418 18.71582 45.57399 18.71381 45.574 18.71351 45.57414 18.70771 45.57414 18.70766 45.57414 18.70758 45.57404 18.70333 45.57418 18.7023 45.57425 18.70186 45.5743 18.70155 45.5745 18.70021 45.575 18.69824 45.57506 18.69794 45.5753 18.69774 45.57542 18.69774 45.57557 18.69773 45.57617 18.69794 45.57674 18.69813 45.57741 18.69838 45.57816 18.69865 45.57939 18.6991 45.57982 18.69926 45.57951 18.69873 45.57919 18.69818 45.57872 18.69737 45.57883 18.69732 45.57894 18.69726 45.57974 18.69684 45.57868 18.69538 45.57843 18.69503 45.57707 18.69296 45.57697 18.69278 45.57678 18.69243 45.57657 18.69133 45.57664 18.69029 45.57665 18.69017 45.57676 18.6897 45.57743 18.68897 45.57903 18.68683 45.57937 18.68647 45.58051 18.68527 45.58037 18.68515 45.58032 18.68511 45.57987 18.68471 45.57887 18.68383 45.5781 18.68257 45.57799 18.68226 45.5769 18.67918 45.5761 18.67644 45.57557 18.67375 45.57542 18.67279 45.57481 18.66906 45.57475 18.66859 45.57473 18.66845 45.57446 18.66658 45.57602 18.66576 45.5762 18.66449 45.57647 18.66162 45.57651 18.6609 45.57653 18.66058 45.57661 18.65929 45.57659 18.65919 45.57658 18.65916 45.57656 18.65904 45.57653 18.65893 45.57612 18.65678 45.57558 18.65419 45.57526 18.65264 45.57512 18.65243 45.57451 18.65155 45.57313 18.65028 45.57321 18.64932 45.57324 18.649 45.57327 18.64867 45.57417 18.64563 45.57459 18.64389 45.57481 18.64295 45.57578 18.64072 45.57622 18.63974 45.57752 18.63617 45.57856 18.63333 45.57876 18.63277 45.57916 18.63144 45.57965 18.62979 45.58098 18.62653 45.58322 18.62191 45.58504 18.61851 45.58539 18.61786</gml:posList>
                        </gml:LinearRing>
                      </gml:exterior>
                    </gml:Polygon>
                  </gml:surfaceMember>
                  <gml:surfaceMember>
                    <gml:Polygon gml:id="MEDIA_MONITORED_CILJ_ID_1_POLUTANT_3_MODEL_105">
                      <gml:exterior>
                        <gml:LinearRing>
                          <gml:posList srsDimension="2">43.53632 16.44603 43.53633 16.44595 43.53635 16.44583 43.53636 16.44577 43.53636 16.44567 43.53636 16.44564 43.5363 16.44553 43.53628 16.44549 43.53625 16.44546 43.53625 16.44541 43.53627 16.44531 43.53631 16.44525 43.53634 16.4452 43.53636 16.44515 43.53636 16.44511 43.53633 16.44507 43.53628 16.44505 43.53627 16.44505 43.53623 16.44507 43.53618 16.44506 43.53617 16.44503 43.53616 16.44501 43.53615 16.44496 43.53608 16.44494 43.53605 16.44497 43.53603 16.44501 43.53601 16.4451 43.53596 16.44522 43.53592 16.44531 43.53586 16.44545 43.53581 16.44556 43.53577 16.44563 43.53575 16.44572 43.53572 16.44586 43.53571 16.44596 43.5357 16.44609 43.53571 16.44619 43.53571 16.44634 43.53573 16.44645 43.53575 16.44652 43.53577 16.44661 43.53582 16.44672 43.5359 16.44682 43.53596 16.44688 43.53602 16.44691 43.53607 16.44694 43.5361 16.44695 43.53616 16.44693 43.5362 16.44691 43.53624 16.44685 43.53627 16.44669 43.53627 16.44659 43.53629 16.44624 43.53631 16.44614 43.53631 16.44606 43.53632 16.44603</gml:posList>
                        </gml:LinearRing>
                      </gml:exterior>
                    </gml:Polygon>
                  </gml:surfaceMember>
                  <gml:surfaceMember>
                    <gml:Polygon gml:id="MEDIA_MONITORED_CILJ_ID_1_POLUTANT_3_MODEL_106">
                      <gml:exterior>
                        <gml:LinearRing>
                          <gml:posList srsDimension="2">43.5241 16.27317 43.52423 16.27303 43.52422 16.27295 43.52411 16.27273 43.52411 16.27255 43.52415 16.27241 43.52418 16.27197 43.5242 16.27185 43.52419 16.27134 43.52413 16.2709 43.52411 16.27066 43.52404 16.27038 43.52387 16.2703 43.52368 16.27027 43.52361 16.2703 43.52359 16.27033 43.52356 16.27033 43.52352 16.27028 43.52349 16.27019 43.52348 16.27005 43.52346 16.27 43.52338 16.26998 43.52328 16.27 43.52322 16.27004 43.52318 16.27012 43.52317 16.27023 43.52316 16.27038 43.52322 16.27054 43.5233 16.27071 43.52333 16.27081 43.52339 16.2709 43.52343 16.27102 43.52344 16.2712 43.52335 16.27143 43.52333 16.27153 43.52332 16.27164 43.52334 16.27178 43.5234 16.27192 43.52366 16.27231 43.52398 16.27303 43.52405 16.27314 43.5241 16.27317</gml:posList>
                        </gml:LinearRing>
                      </gml:exterior>
                    </gml:Polygon>
                  </gml:surfaceMember>
                  <gml:surfaceMember>
                    <gml:Polygon gml:id="MEDIA_MONITORED_CILJ_ID_1_POLUTANT_3_MODEL_107">
                      <gml:exterior>
                        <gml:LinearRing>
                          <gml:posList srsDimension="2">43.53223 16.62762 43.53593 16.61962 43.53767 16.61631 43.5403 16.61131 43.54111 16.6062 43.54171 16.60247 43.54347 16.59755 43.54423 16.59546 43.54561 16.5916 43.54567 16.59138 43.55182 16.56993 43.54666 16.55449 43.54665 16.55448 43.53908 16.54702 43.53779 16.54575 43.53381 16.54183 43.52571 16.53386 43.52554 16.53369 43.52528 16.53343 43.52418 16.53231 43.5238 16.53233 43.52227 16.5324 43.5212 16.53209 43.52076 16.53196 43.52034 16.53138 43.52031 16.53073 43.52082 16.52759 43.52085 16.52737 43.52087 16.52717 43.52108 16.52521 43.52124 16.52365 43.52161 16.5209 43.52245 16.51679 43.52222 16.51677 43.52275 16.51441 43.52311 16.51282 43.52404 16.51043 43.52548 16.50914 43.52566 16.50823 43.52586 16.50814 43.52599 16.50812 43.52641 16.50805 43.52654 16.50788 43.52693 16.50737 43.52783 16.50512 43.52803 16.50462 43.5281 16.50444 43.52815 16.5043 43.52854 16.50169 43.52869 16.50063 43.5287 16.50055 43.52877 16.50005 43.52885 16.4986 43.52892 16.49734 43.52914 16.49595 43.52925 16.49528 43.52927 16.49517 43.52928 16.49343 43.52929 16.48958 43.52929 16.48867 43.5293 16.48409 43.52931 16.48405 43.52931 16.48403 43.52931 16.48388 43.52932 16.48332 43.52932 16.48297 43.52933 16.48279 43.52934 16.48203 43.52755 16.47447 43.52755 16.47446 43.52753 16.47424 43.52753 16.47418 43.52752 16.47414 43.5275 16.4741 43.52746 16.47403 43.52744 16.47398 43.52742 16.47395 43.52742 16.47391 43.52744 16.47388 43.52753 16.47378 43.52759 16.47376 43.52762 16.47374 43.52766 16.47367 43.52767 16.47356 43.52767 16.47353 43.52766 16.47351 43.52762 16.47346 43.52757 16.47339 43.52753 16.47332 43.5275 16.4732 43.52752 16.47295 43.52754 16.4728 43.52756 16.47262 43.52758 16.47246 43.52761 16.47216 43.52764 16.47185 43.52769 16.4715 43.52773 16.47116 43.52775 16.47097 43.52776 16.47084 43.52777 16.4707 43.52788 16.4707 43.52789 16.4705 43.5278 16.4705 43.52783 16.47027 43.52784 16.47007 43.52786 16.46994 43.5279 16.46971 43.52792 16.46958 43.52795 16.46919 43.52799 16.4689 43.528 16.46883 43.52806 16.46885 43.52809 16.46865 43.52802 16.46863 43.52806 16.46829 43.52809 16.46799 43.52815 16.46746 43.52821 16.46701 43.52829 16.46625 43.52831 16.46603 43.52841 16.46517 43.52843 16.46504 43.52848 16.46467 43.52847 16.4646 43.5284 16.46437 43.52829 16.46405 43.52799 16.46315 43.52795 16.46303 43.52793 16.46297 43.52787 16.46292 43.52774 16.46276 43.52768 16.46269 43.52766 16.46267 43.52761 16.4626 43.52759 16.46249 43.52759 16.4623 43.52758 16.46222 43.52748 16.46193 43.5274 16.46173 43.52734 16.46158 43.5273 16.4615 43.52728 16.4614 43.52725 16.46132 43.5272 16.4612 43.52716 16.4611 43.52714 16.46102 43.52713 16.46088 43.52714 16.46086 43.52717 16.46081 43.52725 16.46074 43.52736 16.46073 43.52743 16.46071 43.52749 16.46064 43.52752 16.46055 43.52756 16.46043 43.52758 16.4604 43.52768 16.46038 43.52773 16.46037 43.52777 16.46031 43.52777 16.46023 43.5278 16.46006 43.52783 16.45989 43.52785 16.45977 43.52789 16.45971 43.52795 16.45964 43.52798 16.45961 43.52803 16.45954 43.52806 16.4595 43.52806 16.45943 43.52807 16.4591 43.52805 16.45896 43.52802 16.45873 43.52799 16.45854 43.52797 16.45836 43.52795 16.45814 43.52793 16.45791 43.52791 16.45758 43.52787 16.4572 43.52785 16.45706 43.52785 16.45696 43.52788 16.45681 43.52791 16.45659 43.52791 16.45632 43.5279 16.45612 43.52788 16.45594 43.52788 16.45573 43.52791 16.45564 43.52792 16.45561 43.52792 16.4555 43.5279 16.45545 43.52791 16.45538 43.52798 16.45527 43.52814 16.45511 43.52824 16.45505 43.52832 16.45495 43.52839 16.45486 43.52845 16.45481 43.52854 16.4547 43.52856 16.45467 43.52863 16.45454 43.52869 16.45441 43.52871 16.45435 43.52873 16.45426 43.52876 16.4542 43.52879 16.45406 43.52881 16.45391 43.52882 16.45356 43.52881 16.45344 43.5288 16.45331 43.52881 16.45323 43.52886 16.45323 43.52887 16.45309 43.52882 16.45309 43.52878 16.45306 43.52876 16.45302 43.52876 16.45295 43.52881 16.45271 43.52886 16.45252 43.52892 16.45227 43.52896 16.45214 43.52899 16.45206 43.52903 16.452 43.52905 16.45196 43.52906 16.4518 43.52905 16.45175 43.52899 16.4516 43.52897 16.45154 43.52898 16.45106 43.52897 16.45101 43.52893 16.45092 43.52883 16.45059 43.52897 16.45049 43.52892 16.45038 43.52878 16.45048 43.52861 16.45059 43.52851 16.45066 43.52846 16.45065 43.5284 16.45058 43.52828 16.45043 43.52818 16.45031 43.52803 16.45013 43.52795 16.45001 43.52787 16.44992 43.52782 16.44983 43.52781 16.44974 43.52782 16.44925 43.5278 16.44921 43.52775 16.44918 43.52768 16.44913 43.52765 16.4491 43.52764 16.44908 43.52776 16.44889 43.52785 16.44873 43.5279 16.44866 43.52791 16.44865 43.52793 16.44865 43.52795 16.44867 43.52805 16.44875 43.52817 16.44884 43.52828 16.44891 43.52832 16.44893 43.52852 16.44909 43.52857 16.44913 43.52862 16.44918 43.52865 16.44918 43.52875 16.44913 43.52892 16.44905 43.52904 16.44896 43.52912 16.44893 43.52924 16.44888 43.52933 16.44887 43.52942 16.44888 43.52948 16.44891 43.5295 16.44891 43.52954 16.44885 43.52972 16.44863 43.52983 16.44854 43.52989 16.44843 43.52994 16.44829 43.53 16.44813 43.53003 16.44779 43.53002 16.44755 43.53001 16.44746 43.53001 16.44737 43.53009 16.44722 43.53021 16.44691 43.53023 16.44688 43.53022 16.44683 43.5302 16.44677 43.53017 16.44676 43.52988 16.44664 43.52953 16.44645 43.52907 16.44625 43.52864 16.44604 43.52836 16.4459 43.52828 16.44586 43.52825 16.44584 43.52818 16.44583 43.52788 16.44568 43.52777 16.44562 43.5277 16.44557 43.52733 16.44539 43.52726 16.44536 43.52719 16.44537 43.52707 16.44549 43.52694 16.44562 43.52684 16.44572 43.52679 16.44571 43.52632 16.44546 43.52621 16.4454 43.52615 16.44539 43.52595 16.44528 43.52582 16.44521 43.52545 16.44501 43.52532 16.44495 43.52485 16.44474 43.5244 16.4445 43.5239 16.44426 43.5237 16.44415 43.52369 16.44412 43.52369 16.44404 43.52375 16.44382 43.52381 16.44363 43.52384 16.44359 43.5239 16.4436 43.52405 16.4437 43.52415 16.44373 43.52442 16.44387 43.5246 16.44399 43.52503 16.44422 43.52522 16.44429 43.52535 16.44438 43.52572 16.44457 43.52586 16.44466 43.52591 16.44447 43.52573 16.44437 43.52528 16.44414 43.52485 16.44395 43.52497 16.4435 43.52531 16.44353 43.52554 16.44358 43.52598 16.44366 43.52599 16.44349 43.52568 16.44343 43.52525 16.44335 43.52492 16.44331 43.52447 16.44321 43.52417 16.44316 43.52419 16.44275 43.5244 16.4428 43.52466 16.44286 43.52505 16.44295 43.52539 16.44299 43.52584 16.44309 43.52624 16.44315 43.52625 16.44305 43.52578 16.44298 43.52576 16.44293 43.52576 16.44285 43.52578 16.44282 43.52608 16.4429 43.5263 16.44292 43.52631 16.44276 43.52581 16.4427 43.52569 16.44264 43.52517 16.44252 43.52477 16.44245 43.52439 16.44237 43.52443 16.44201 43.52493 16.44212 43.52536 16.4422 43.52564 16.44225 43.52564 16.44207 43.52446 16.44183 43.52444 16.44173 43.52448 16.4415 43.52473 16.44156 43.52504 16.44163 43.52528 16.44166 43.52551 16.44172 43.52554 16.44172 43.52555 16.44155 43.52515 16.44147 43.5248 16.4414 43.52455 16.44135 43.5245 16.44133 43.52451 16.44104 43.52457 16.44101 43.52487 16.44108 43.52521 16.44114 43.52545 16.44119 43.52561 16.44122 43.52566 16.4406 43.52543 16.44053 43.52541 16.44046 43.52546 16.44008 43.5255 16.44 43.52559 16.44001 43.52563 16.44005 43.52571 16.44005 43.5258 16.43998 43.52587 16.43998 43.52608 16.44005 43.52621 16.44004 43.52621 16.43991 43.52605 16.4399 43.526 16.43988 43.52593 16.43986 43.52589 16.43984 43.52587 16.43981 43.52607 16.43977 43.52615 16.43975 43.52633 16.4398 43.52651 16.43983 43.52663 16.43981 43.52667 16.43976 43.52668 16.43962 43.52666 16.43956 43.52652 16.43942 43.52637 16.43932 43.52624 16.43925 43.52614 16.43918 43.52609 16.43911 43.52608 16.43902 43.52611 16.43898 43.52615 16.439 43.52624 16.43914 43.52636 16.43916 43.52641 16.43913 43.52654 16.43903 43.52667 16.43887 43.52671 16.4388 43.52676 16.43873 43.52687 16.43861 43.52694 16.43855 43.52712 16.43859 43.52734 16.4389 43.5274 16.43897 43.52746 16.43904 43.52757 16.43913 43.5278 16.43922 43.52792 16.43931 43.52797 16.43939 43.528 16.4395 43.52803 16.43967 43.5281 16.43976 43.5282 16.43988 43.52827 16.44008 43.52831 16.44027 43.52833 16.44038 43.52842 16.44049 43.5285 16.44051 43.52857 16.44045 43.52875 16.44 43.52884 16.43959 43.52892 16.43935 43.52893 16.43919 43.52895 16.43896 43.52898 16.43885 43.529 16.43871 43.52896 16.43855 43.52887 16.43821 43.52883 16.43803 43.52878 16.43792 43.52876 16.4378 43.52875 16.4376 43.52874 16.4375 43.52872 16.43739 43.52862 16.43725 43.52854 16.4371 43.52848 16.43694 43.52841 16.43665 43.52837 16.4365 43.52832 16.4364 43.52828 16.43619 43.52827 16.43577 43.52827 16.43565 43.52822 16.43548 43.52817 16.43538 43.52815 16.43531 43.52813 16.43526 43.52811 16.43517 43.52806 16.43513 43.52793 16.43494 43.52782 16.43464 43.52779 16.43458 43.52773 16.43425 43.52768 16.43401 43.52764 16.4338 43.52764 16.43374 43.52774 16.43375 43.52777 16.43307 43.52755 16.43305 43.52754 16.43291 43.52766 16.4324 43.52773 16.43193 43.52788 16.43116 43.52799 16.43051 43.52813 16.42978 43.52835 16.42864 43.52841 16.42839 43.52845 16.42807 43.52858 16.42746 43.52861 16.42713 43.5286 16.42705 43.52837 16.42633 43.52817 16.42586 43.52809 16.42562 43.52788 16.42513 43.52772 16.42471 43.5275 16.42417 43.52737 16.42386 43.52724 16.42349 43.52718 16.42336 43.52708 16.42347 43.52723 16.42389 43.52734 16.42413 43.52738 16.42429 43.52744 16.42437 43.52751 16.4246 43.52765 16.42494 43.52772 16.42514 43.52785 16.42546 43.52799 16.42581 43.52805 16.42593 43.52813 16.42617 43.52832 16.42665 43.52839 16.42683 43.52841 16.4273 43.52841 16.42761 43.52831 16.42804 43.52822 16.42865 43.5281 16.42918 43.52804 16.42949 43.52786 16.43051 43.52775 16.43109 43.52764 16.43164 43.5275 16.4323 43.52749 16.43244 43.52745 16.43266 43.52743 16.43276 43.52738 16.43276 43.52707 16.4325 43.52698 16.43242 43.52665 16.43216 43.52663 16.4321 43.52671 16.43166 43.5267 16.43164 43.52496 16.43091 43.52494 16.43109 43.52524 16.43121 43.52526 16.43125 43.52521 16.43145 43.52519 16.43155 43.52517 16.43158 43.5249 16.43152 43.52464 16.43143 43.52461 16.4314 43.5246 16.4313 43.52459 16.43115 43.5246 16.4311 43.52439 16.43104 43.52434 16.43099 43.52432 16.43067 43.52433 16.43036 43.52434 16.43033 43.52453 16.43034 43.52468 16.42731 43.52483 16.42436 43.52572 16.4243 43.52627 16.42423 43.52625 16.42404 43.52577 16.4241 43.52535 16.42412 43.52492 16.42415 43.52465 16.42419 43.52459 16.42417 43.52455 16.42414 43.52455 16.42402 43.52456 16.42389 43.52459 16.4238 43.52459 16.42371 43.52457 16.4236 43.52458 16.42352 43.52461 16.42347 43.52461 16.42344 43.52458 16.42338 43.52454 16.42332 43.52449 16.42317 43.52445 16.42297 43.52444 16.42282 43.5244 16.42258 43.52437 16.42244 43.52434 16.42231 43.52433 16.42224 43.52431 16.42215 43.52428 16.42205 43.52415 16.42188 43.52407 16.42183 43.52387 16.42175 43.52362 16.4217 43.52349 16.42169 43.52325 16.42175 43.52312 16.42182 43.52301 16.4219 43.52293 16.422 43.52284 16.42209 43.5228 16.42209 43.52275 16.42203 43.52273 16.42189 43.52272 16.42183 43.52271 16.42148 43.52269 16.42134 43.52264 16.42126 43.52258 16.42116 43.52258 16.42107 43.52258 16.42098 43.52256 16.42091 43.52255 16.42084 43.52249 16.42084 43.52245 16.42089 43.52241 16.42105 43.52236 16.42111 43.52227 16.42119 43.52221 16.42127 43.52217 16.42152 43.52211 16.42178 43.522 16.42229 43.52195 16.42275 43.5219 16.42329 43.52188 16.42375 43.52185 16.4239 43.52178 16.42407 43.5217 16.42424 43.52163 16.42434 43.52098 16.42429 43.52097 16.42441 43.52133 16.42447 43.52136 16.42452 43.52133 16.42469 43.52134 16.42494 43.5213 16.42509 43.52132 16.42518 43.52137 16.4252 43.5214 16.42522 43.52139 16.4253 43.52139 16.42542 43.52139 16.42551 43.52136 16.42577 43.52133 16.42606 43.52131 16.4263 43.52128 16.42655 43.52128 16.4267 43.52117 16.42682 43.52114 16.42687 43.5211 16.42694 43.52109 16.42705 43.52112 16.42717 43.52114 16.42724 43.52115 16.42733 43.52113 16.42744 43.5211 16.42753 43.52109 16.42763 43.52111 16.42774 43.52116 16.42786 43.52116 16.42803 43.52114 16.4282 43.5211 16.42829 43.52095 16.42837 43.52082 16.42843 43.52079 16.42845 43.52077 16.42844 43.52076 16.42827 43.52072 16.42823 43.52053 16.42815 43.52041 16.4281 43.52037 16.42806 43.52037 16.42797 43.52069 16.42799 43.5207 16.42786 43.52039 16.42784 43.52039 16.42768 43.52044 16.42764 43.52077 16.42762 43.52077 16.42749 43.52043 16.42752 43.52041 16.42747 43.52041 16.42738 43.52053 16.4273 43.52072 16.42723 43.52082 16.42719 43.52079 16.42706 43.52066 16.42712 43.52051 16.42718 43.52044 16.42718 43.52045 16.42693 43.52061 16.42684 43.52076 16.42677 43.52072 16.42664 43.52038 16.42681 43.52033 16.42689 43.52026 16.42795 43.52023 16.42798 43.51936 16.42794 43.51933 16.42809 43.51933 16.42822 43.51933 16.42841 43.51927 16.42852 43.51918 16.42857 43.51912 16.42856 43.51891 16.42847 43.51881 16.42835 43.51874 16.42831 43.5184 16.42801 43.51823 16.4278 43.51823 16.42777 43.51842 16.4278 43.51843 16.42766 43.51816 16.42763 43.51808 16.42759 43.51792 16.42739 43.51786 16.4273 43.51782 16.42726 43.51782 16.42715 43.51784 16.42709 43.51789 16.42701 43.51793 16.42696 43.5185 16.4271 43.51846 16.42648 43.51774 16.4263 43.51772 16.42642 43.51789 16.42646 43.51785 16.42668 43.51781 16.42683 43.51781 16.42688 43.51771 16.42708 43.51763 16.4272 43.51759 16.42725 43.51756 16.42725 43.51738 16.42711 43.51712 16.42692 43.51704 16.42685 43.51694 16.42677 43.51689 16.42675 43.51684 16.42673 43.51684 16.42662 43.51683 16.42657 43.51669 16.42647 43.5166 16.42639 43.51658 16.42636 43.51657 16.42633 43.51657 16.42629 43.51688 16.42603 43.51683 16.42594 43.51674 16.42603 43.5167 16.42605 43.5166 16.42615 43.51654 16.42619 43.51651 16.42618 43.51648 16.42614 43.51645 16.42609 43.51634 16.42608 43.5163 16.42604 43.51618 16.42576 43.5161 16.4255 43.51605 16.42521 43.51604 16.42499 43.51604 16.42497 43.51608 16.42495 43.51609 16.42479 43.51602 16.42449 43.51598 16.42429 43.51597 16.42421 43.51593 16.42405 43.51589 16.42378 43.51586 16.42364 43.51581 16.42352 43.51578 16.42346 43.51576 16.42339 43.51577 16.42337 43.51592 16.42319 43.51616 16.42288 43.51618 16.42286 43.5161 16.42261 43.51604 16.42226 43.51596 16.42172 43.51586 16.42176 43.51591 16.42208 43.51595 16.42238 43.516 16.42263 43.51606 16.42283 43.51606 16.42286 43.51595 16.42298 43.51591 16.42303 43.51587 16.42303 43.51571 16.42258 43.51559 16.42225 43.51553 16.42205 43.51551 16.42181 43.51541 16.4218 43.51542 16.42202 43.51546 16.42223 43.51558 16.42252 43.51569 16.42278 43.51575 16.42296 43.51578 16.42307 43.5158 16.4231 43.51582 16.42315 43.5157 16.42328 43.51565 16.42328 43.51498 16.42228 43.51495 16.42217 43.51494 16.42194 43.51496 16.42192 43.51517 16.42183 43.51514 16.4217 43.51501 16.42175 43.51491 16.42179 43.51486 16.42174 43.51475 16.42113 43.51466 16.42065 43.51464 16.42053 43.51466 16.42046 43.51499 16.42047 43.51509 16.42117 43.51518 16.42117 43.51514 16.42086 43.51512 16.42065 43.51511 16.42048 43.51554 16.42047 43.51563 16.42046 43.51567 16.42055 43.51569 16.42072 43.51572 16.42095 43.51581 16.42092 43.51578 16.42073 43.51576 16.42062 43.51574 16.42045 43.5157 16.42038 43.51565 16.42034 43.51561 16.42034 43.51553 16.42036 43.51466 16.42034 43.51463 16.42031 43.51462 16.42015 43.5146 16.41997 43.51455 16.41977 43.51455 16.41946 43.51461 16.41906 43.51465 16.41878 43.51467 16.41859 43.51468 16.41796 43.51469 16.41791 43.51472 16.41765 43.51472 16.41721 43.5147 16.41704 43.51471 16.41678 43.51476 16.41665 43.51476 16.41613 43.51475 16.41599 43.51469 16.41589 43.51464 16.41576 43.51464 16.41563 43.51462 16.41554 43.51458 16.41544 43.51457 16.4153 43.51461 16.41512 43.51467 16.41485 43.5147 16.41478 43.51469 16.41461 43.5147 16.41429 43.51474 16.41346 43.51477 16.41252 43.51478 16.41237 43.51486 16.41229 43.5149 16.41221 43.5149 16.41206 43.51495 16.41173 43.51495 16.41119 43.51494 16.41073 43.51488 16.41038 43.51484 16.41016 43.51483 16.4099 43.51481 16.40972 43.5148 16.40961 43.51489 16.40939 43.51495 16.40923 43.51495 16.409 43.51494 16.40889 43.51495 16.40881 43.51497 16.40843 43.51499 16.40821 43.51505 16.40791 43.51505 16.40764 43.515 16.40739 43.51493 16.40714 43.51467 16.4069 43.5145 16.40677 43.51447 16.40669 43.51448 16.40662 43.51467 16.40638 43.51476 16.40628 43.51499 16.40561 43.51515 16.40505 43.51523 16.40488 43.5153 16.40476 43.51535 16.40471 43.51562 16.40463 43.51578 16.40455 43.51586 16.40434 43.51589 16.40348 43.51585 16.40334 43.51582 16.40314 43.51581 16.40298 43.51584 16.40281 43.51586 16.40261 43.51585 16.40252 43.51571 16.40227 43.51548 16.40184 43.51528 16.40156 43.51521 16.40148 43.5151 16.40144 43.51504 16.40136 43.515 16.40129 43.51496 16.40129 43.5149 16.40124 43.51491 16.40097 43.51482 16.40097 43.5148 16.40118 43.51473 16.40118 43.51458 16.40126 43.51448 16.40135 43.51443 16.40145 43.5144 16.40154 43.51428 16.40157 43.51423 16.40161 43.51418 16.40161 43.51415 16.40155 43.51411 16.40145 43.51413 16.40124 43.51417 16.40116 43.51417 16.40107 43.51409 16.40074 43.51393 16.4002 43.51386 16.39991 43.51375 16.39951 43.51364 16.39919 43.51356 16.39891 43.51347 16.39861 43.51342 16.39841 43.51339 16.39808 43.51336 16.39792 43.51333 16.39775 43.51329 16.39755 43.51318 16.39732 43.51301 16.39702 43.5129 16.39678 43.5128 16.39657 43.5127 16.39639 43.51261 16.39621 43.51249 16.39589 43.51239 16.39562 43.5122 16.39522 43.51213 16.39514 43.51198 16.39483 43.51185 16.39454 43.51172 16.39428 43.51162 16.39408 43.51154 16.3939 43.51149 16.39383 43.5114 16.39367 43.51127 16.39343 43.51124 16.39331 43.51103 16.39301 43.51092 16.39268 43.51084 16.39246 43.51075 16.39222 43.5107 16.39199 43.51065 16.3918 43.51057 16.39162 43.5105 16.39151 43.51048 16.39136 43.51044 16.39125 43.51027 16.39105 43.51019 16.39093 43.51013 16.39085 43.5102 16.39081 43.51012 16.39059 43.51006 16.39064 43.51002 16.39042 43.50998 16.39017 43.50995 16.38995 43.50991 16.38972 43.50988 16.38967 43.50985 16.38958 43.5098 16.38931 43.50978 16.38924 43.50972 16.3891 43.50964 16.38898 43.5095 16.38885 43.50936 16.38871 43.5093 16.38858 43.50929 16.38852 43.50922 16.38838 43.50913 16.38829 43.50868 16.3882 43.50862 16.38819 43.50861 16.38818 43.50855 16.38817 43.5085 16.38813 43.50833 16.38782 43.50829 16.38776 43.50826 16.38772 43.50806 16.38768 43.50805 16.38779 43.50818 16.38782 43.50824 16.38787 43.50829 16.38798 43.50839 16.38812 43.50842 16.38819 43.50843 16.38828 43.50795 16.38827 43.50793 16.38856 43.5079 16.38857 43.50785 16.38858 43.50782 16.38854 43.50781 16.38832 43.50779 16.38807 43.50771 16.38807 43.5077 16.38827 43.50772 16.38837 43.50773 16.38851 43.50773 16.38871 43.50773 16.38874 43.50773 16.38894 43.50769 16.38917 43.50767 16.38931 43.50765 16.38945 43.50768 16.38958 43.5077 16.38975 43.50767 16.39002 43.50765 16.39026 43.50765 16.39048 43.50768 16.39054 43.50768 16.39065 43.50763 16.39086 43.50762 16.39099 43.50763 16.39133 43.50762 16.39167 43.50763 16.39185 43.50763 16.3923 43.50768 16.3925 43.50773 16.39279 43.50774 16.39296 43.50776 16.39333 43.50777 16.39371 43.5078 16.39384 43.50784 16.39413 43.50791 16.39463 43.50792 16.39498 43.50796 16.39534 43.50798 16.39568 43.50802 16.3961 43.50805 16.39651 43.50807 16.39682 43.50804 16.39764 43.50802 16.3984 43.50799 16.39876 43.50795 16.39901 43.5079 16.3993 43.50789 16.39943 43.50784 16.39957 43.50775 16.39966 43.50766 16.39971 43.50757 16.39977 43.50745 16.39987 43.50735 16.40001 43.50728 16.40018 43.50718 16.40037 43.507 16.40059 43.50684 16.40065 43.50663 16.40062 43.50654 16.40058 43.50639 16.40055 43.50624 16.40053 43.50615 16.40057 43.50608 16.40062 43.50602 16.40071 43.50593 16.4008 43.5058 16.40087 43.50566 16.40092 43.50555 16.40097 43.50545 16.40106 43.50538 16.40114 43.50531 16.40117 43.50515 16.40118 43.50504 16.40119 43.50498 16.40123 43.50492 16.40134 43.50487 16.40147 43.50482 16.40153 43.50475 16.40151 43.50468 16.40147 43.50463 16.40147 43.50458 16.40149 43.50454 16.40156 43.50447 16.40201 43.5044 16.40246 43.50431 16.40292 43.5042 16.40342 43.50402 16.40475 43.504 16.405 43.50395 16.40533 43.50388 16.40585 43.50381 16.40644 43.50377 16.40694 43.50376 16.4073 43.50377 16.40752 43.50376 16.40793 43.50382 16.4082 43.50392 16.40838 43.50409 16.40859 43.50413 16.40879 43.50413 16.40889 43.50413 16.40896 43.50407 16.40915 43.50398 16.40929 43.50394 16.40928 43.50389 16.40903 43.5038 16.40908 43.50384 16.40927 43.50384 16.40933 43.5038 16.40936 43.50372 16.40939 43.50366 16.40949 43.50366 16.40973 43.50365 16.40988 43.5036 16.41015 43.50361 16.41034 43.50358 16.41082 43.50353 16.41111 43.50351 16.41144 43.5035 16.41156 43.5035 16.41165 43.5035 16.41176 43.50347 16.41198 43.50338 16.41226 43.5033 16.41254 43.50329 16.41255 43.50319 16.4129 43.50318 16.41299 43.50317 16.41314 43.50315 16.41325 43.50307 16.41341 43.50303 16.41355 43.50303 16.41367 43.50307 16.41385 43.50317 16.41408 43.5033 16.41438 43.50343 16.41467 43.50353 16.41492 43.50365 16.41532 43.50375 16.41567 43.50382 16.41607 43.50384 16.4163 43.50387 16.41649 43.50384 16.41671 43.50378 16.4169 43.50375 16.41704 43.50376 16.41736 43.50381 16.41767 43.50384 16.41781 43.50386 16.41792 43.50385 16.41814 43.50382 16.41828 43.50368 16.41844 43.50356 16.41846 43.5035 16.41846 43.50345 16.41841 43.50339 16.41834 43.50329 16.41836 43.50325 16.41843 43.50326 16.41855 43.50327 16.41863 43.50319 16.41884 43.50316 16.41899 43.50314 16.41921 43.5031 16.41937 43.50306 16.41948 43.50306 16.41953 43.50306 16.41963 43.50304 16.41968 43.50302 16.41966 43.50299 16.41958 43.50298 16.41952 43.50295 16.41945 43.50291 16.41945 43.50287 16.41947 43.50286 16.41955 43.50284 16.41976 43.50284 16.41995 43.50279 16.42023 43.50273 16.4204 43.50272 16.42055 43.50267 16.42071 43.50258 16.42086 43.50254 16.42107 43.50252 16.42118 43.50254 16.42125 43.50262 16.42129 43.5027 16.42126 43.50286 16.42124 43.50297 16.42124 43.50304 16.42128 43.50311 16.42135 43.50319 16.42147 43.50323 16.42166 43.50323 16.4219 43.50318 16.42224 43.50308 16.42254 43.50293 16.42306 43.50285 16.42323 43.50272 16.42351 43.50248 16.42382 43.50234 16.42403 43.5023 16.42414 43.50223 16.42417 43.50215 16.42413 43.50207 16.42406 43.50197 16.42395 43.50208 16.4237 43.50201 16.42365 43.5019 16.42389 43.50189 16.42392 43.50185 16.42389 43.50182 16.42385 43.50171 16.42376 43.50166 16.42372 43.50161 16.42369 43.50154 16.42362 43.50153 16.42359 43.50156 16.42346 43.5016 16.42337 43.50151 16.42331 43.50144 16.42348 43.50141 16.42359 43.50136 16.42361 43.50135 16.42361 43.50131 16.42359 43.50127 16.42359 43.50119 16.4238 43.50112 16.42397 43.50109 16.42409 43.50106 16.42423 43.501 16.42432 43.50089 16.42447 43.50085 16.42463 43.5008 16.42493 43.50076 16.42535 43.50073 16.42622 43.50073 16.4263 43.50072 16.42654 43.5007 16.42676 43.50067 16.42699 43.50065 16.42718 43.50065 16.42735 43.50066 16.42748 43.50068 16.42769 43.50069 16.42788 43.50069 16.42814 43.50071 16.42828 43.50071 16.42837 43.50067 16.42851 43.50064 16.42866 43.50061 16.42881 43.5006 16.42895 43.50062 16.42902 43.50062 16.42921 43.50061 16.42939 43.50057 16.42958 43.50065 16.42962 43.50069 16.42949 43.50072 16.42944 43.50083 16.42944 43.50087 16.42947 43.50117 16.42949 43.50173 16.42956 43.50212 16.42962 43.50218 16.42954 43.50229 16.42911 43.50221 16.42907 43.50214 16.4293 43.50211 16.42939 43.5021 16.42946 43.50206 16.4295 43.50166 16.42943 43.50135 16.42939 43.50114 16.42939 43.50102 16.42936 43.50089 16.42934 43.50087 16.42929 43.50101 16.42895 43.50111 16.42898 43.50118 16.429 43.5013 16.42903 43.50139 16.42902 43.50139 16.4289 43.5013 16.4289 43.50119 16.42889 43.50106 16.42884 43.50105 16.42877 43.50112 16.42855 43.50119 16.42849 43.50132 16.4285 43.50143 16.42851 43.50146 16.42853 43.50161 16.42857 43.5018 16.42863 43.50182 16.42851 43.50164 16.42847 43.50133 16.42837 43.50131 16.42836 43.5013 16.42834 43.50132 16.42829 43.50142 16.42823 43.50149 16.42821 43.50171 16.42836 43.50175 16.42826 43.50155 16.42812 43.50152 16.42809 43.50152 16.42804 43.50155 16.42799 43.50172 16.428 43.50172 16.42771 43.50174 16.42746 43.50195 16.42746 43.50209 16.42749 43.50227 16.42751 43.50231 16.42752 43.50234 16.42749 43.50243 16.42749 43.50245 16.42754 43.50246 16.4276 43.50246 16.42776 43.50244 16.42791 43.50242 16.42799 43.50241 16.428 43.50225 16.428 43.50225 16.42813 43.50271 16.42811 43.50282 16.42818 43.50286 16.4282 43.50299 16.42837 43.5031 16.42848 43.50311 16.42849 43.50322 16.42857 43.5033 16.42862 43.50336 16.42866 43.50357 16.42888 43.50376 16.42908 43.50418 16.42953 43.50435 16.42969 43.50458 16.42988 43.50477 16.43009 43.50493 16.43026 43.50532 16.43084 43.5054 16.43099 43.5054 16.43114 43.50539 16.43118 43.50538 16.43139 43.50543 16.43149 43.50556 16.43155 43.50564 16.43159 43.50572 16.43159 43.50578 16.43156 43.50581 16.43158 43.50589 16.43168 43.50594 16.4318 43.50605 16.43193 43.50609 16.43203 43.50619 16.43218 43.50621 16.43225 43.50622 16.43232 43.50631 16.43242 43.50632 16.43253 43.50639 16.43263 43.5064 16.43268 43.50643 16.4328 43.50645 16.43284 43.50646 16.43295 43.50647 16.43301 43.50647 16.43304 43.50648 16.43308 43.5065 16.4331 43.50656 16.43314 43.50661 16.43319 43.50666 16.43322 43.50676 16.43331 43.50686 16.43335 43.50697 16.4334 43.50699 16.43343 43.50703 16.43347 43.50706 16.43357 43.5071 16.43375 43.50712 16.43391 43.50713 16.43405 43.50715 16.43419 43.50714 16.43429 43.50713 16.43438 43.5071 16.43445 43.50709 16.43446 43.50709 16.43461 43.50727 16.43461 43.50731 16.43466 43.50727 16.43527 43.50723 16.43572 43.50738 16.43574 43.50741 16.43532 43.50743 16.43524 43.50743 16.43474 43.50745 16.4346 43.50767 16.43459 43.50767 16.43461 43.50772 16.43499 43.50776 16.43517 43.50778 16.43541 43.50779 16.43547 43.50781 16.43564 43.50784 16.43593 43.50787 16.43618 43.50789 16.43639 43.50793 16.43649 43.50793 16.43657 43.50792 16.4368 43.50784 16.43712 43.50776 16.43737 43.5077 16.43755 43.50765 16.43772 43.50763 16.43777 43.50751 16.43777 43.50751 16.43788 43.50744 16.43809 43.50739 16.43826 43.50737 16.4383 43.50724 16.43875 43.50718 16.4389 43.50716 16.43902 43.50712 16.4391 43.50711 16.43924 43.5071 16.43928 43.50705 16.43929 43.5067 16.43911 43.50667 16.4391 43.50667 16.43848 43.50675 16.43848 43.50675 16.4382 43.50643 16.43819 43.50642 16.43915 43.50643 16.43924 43.50642 16.43983 43.50641 16.44053 43.50642 16.44069 43.50642 16.44096 43.50642 16.441 43.50641 16.44125 43.50637 16.44132 43.50626 16.44137 43.50591 16.44156 43.50575 16.44164 43.50563 16.4417 43.50551 16.4418 43.50534 16.44187 43.50522 16.44195 43.50517 16.44197 43.50513 16.44196 43.5051 16.44191 43.50477 16.44058 43.50471 16.44038 43.50449 16.44052 43.50465 16.44116 43.50479 16.44172 43.50483 16.44191 43.50487 16.44198 43.50487 16.44206 43.50485 16.44207 43.50479 16.44208 43.50472 16.44211 43.50459 16.44214 43.5045 16.44219 43.5044 16.44221 43.50425 16.44225 43.50411 16.44229 43.50379 16.44238 43.50357 16.44243 43.50349 16.44248 43.50338 16.44251 43.50328 16.44251 43.50327 16.44251 43.50327 16.44193 43.50324 16.44185 43.50324 16.44131 43.50324 16.44059 43.50321 16.44042 43.5032 16.43971 43.50261 16.43971 43.5026 16.4403 43.50263 16.44055 43.50264 16.44125 43.50264 16.4418 43.50261 16.44184 43.50234 16.44177 43.50199 16.44166 43.50176 16.44155 43.50168 16.44152 43.50156 16.44147 43.50145 16.44142 43.50142 16.4414 43.50135 16.44126 43.50133 16.44118 43.50132 16.44089 43.50132 16.4405 43.50134 16.43922 43.50135 16.43813 43.50118 16.43813 43.50121 16.43636 43.50105 16.43637 43.50103 16.43687 43.50098 16.43763 43.50097 16.43814 43.50092 16.43934 43.50085 16.44066 43.50078 16.44187 43.50077 16.4421 43.50072 16.44224 43.50068 16.44232 43.50066 16.44235 43.50065 16.44253 43.50067 16.44274 43.50067 16.44297 43.50065 16.44314 43.50064 16.44318 43.5006 16.44344 43.50054 16.44369 43.5004 16.4442 43.50036 16.44448 43.50032 16.44464 43.5003 16.44479 43.50025 16.44512 43.50022 16.44537 43.50022 16.4455 43.50024 16.44566 43.50024 16.44585 43.50029 16.44603 43.50035 16.4462 43.50038 16.44622 43.5004 16.44621 43.50045 16.44615 43.50047 16.4461 43.50049 16.44604 43.50051 16.44599 43.50056 16.44594 43.50078 16.44576 43.50092 16.44569 43.50099 16.44561 43.50107 16.44559 43.50117 16.44556 43.5013 16.44557 43.5014 16.44564 43.50146 16.44567 43.50149 16.44571 43.50151 16.44573 43.50156 16.44573 43.50163 16.44583 43.50178 16.44602 43.50187 16.4461 43.5019 16.44614 43.50199 16.44631 43.50216 16.44659 43.50226 16.4468 43.50235 16.44708 43.50237 16.44721 43.50239 16.44731 43.5024 16.44743 43.5024 16.44757 43.50237 16.44772 43.50229 16.44787 43.50217 16.44807 43.50211 16.44817 43.50205 16.44827 43.50203 16.44831 43.50198 16.4484 43.50183 16.44834 43.50166 16.44855 43.50176 16.4487 43.50147 16.44916 43.50136 16.44902 43.50128 16.44913 43.50138 16.44928 43.50128 16.44941 43.50122 16.44942 43.50101 16.4495 43.50092 16.44955 43.50082 16.44959 43.50079 16.4496 43.50078 16.44937 43.50066 16.44937 43.50063 16.44969 43.50061 16.44993 43.5006 16.45019 43.50059 16.45045 43.50055 16.45077 43.50054 16.45098 43.50053 16.45117 43.50051 16.45125 43.50047 16.45134 43.50042 16.45143 43.50036 16.45149 43.50032 16.45152 43.50027 16.45154 43.50024 16.45156 43.50012 16.45156 43.50006 16.45155 43.4999 16.45162 43.4998 16.45174 43.49971 16.45184 43.49968 16.45199 43.49973 16.45215 43.49981 16.45231 43.49991 16.45243 43.49997 16.45247 43.50005 16.45246 43.50012 16.45246 43.5002 16.45243 43.50034 16.45244 43.50047 16.45253 43.50055 16.45263 43.50056 16.45267 43.50058 16.45268 43.50061 16.4527 43.50062 16.45275 43.50068 16.4529 43.50074 16.45303 43.50077 16.45322 43.50079 16.45331 43.5008 16.4539 43.50078 16.45409 43.50077 16.4542 43.50076 16.4543 43.50067 16.45441 43.50062 16.45447 43.50052 16.45448 43.50045 16.45438 43.50035 16.45414 43.50026 16.45421 43.50031 16.45432 43.50032 16.45446 43.50032 16.45456 43.50023 16.45467 43.50013 16.45479 43.50008 16.45484 43.5 16.45491 43.49973 16.45517 43.49965 16.45526 43.4996 16.45539 43.4995 16.45553 43.49947 16.45569 43.49949 16.45589 43.49952 16.45613 43.49955 16.45624 43.49958 16.4563 43.49963 16.45631 43.4997 16.45628 43.49979 16.45637 43.50001 16.45666 43.50009 16.45681 43.50015 16.45674 43.50042 16.45644 43.50047 16.45643 43.50059 16.45664 43.50068 16.45675 43.50069 16.4568 43.50068 16.45687 43.50063 16.45695 43.50068 16.45701 43.50074 16.45695 43.50079 16.45697 43.50087 16.4571 43.50091 16.45722 43.50094 16.45724 43.50095 16.45727 43.50095 16.45734 43.50087 16.45746 43.50081 16.4576 43.50081 16.45766 43.50081 16.45769 43.50086 16.45777 43.5009 16.45782 43.50092 16.45784 43.50093 16.45787 43.50092 16.45791 43.50088 16.45796 43.50084 16.45803 43.50081 16.45806 43.5007 16.45807 43.50067 16.458 43.50053 16.45725 43.50047 16.45728 43.50052 16.45756 43.50055 16.4577 43.50058 16.45787 43.5006 16.458 43.5006 16.45805 43.50058 16.45806 43.50057 16.45806 43.50047 16.45789 43.50041 16.45774 43.50038 16.45758 43.50035 16.45745 43.5003 16.4573 43.50027 16.45719 43.50025 16.45713 43.50019 16.45716 43.50024 16.45729 43.50025 16.45739 43.50031 16.4576 43.50034 16.45777 43.50036 16.45785 43.50038 16.45798 43.50044 16.45812 43.50049 16.45822 43.50053 16.45828 43.50058 16.45829 43.5007 16.45834 43.50079 16.45844 43.50085 16.45866 43.50086 16.45887 43.5009 16.45901 43.50093 16.45916 43.50096 16.45927 43.50097 16.45935 43.50097 16.45979 43.50095 16.45987 43.50087 16.45996 43.50081 16.46002 43.50075 16.46006 43.50068 16.46016 43.50064 16.46028 43.50062 16.46031 43.50061 16.46062 43.50065 16.46077 43.50072 16.46102 43.50075 16.46113 43.5008 16.46127 43.50083 16.46148 43.5009 16.46167 43.50094 16.46181 43.50102 16.46201 43.50106 16.46214 43.5011 16.46226 43.50114 16.46241 43.50115 16.46252 43.50116 16.46262 43.50116 16.46289 43.50113 16.46305 43.50114 16.46323 43.50115 16.46327 43.5012 16.46335 43.50128 16.46342 43.50132 16.46345 43.50139 16.46347 43.50154 16.46356 43.50161 16.4636 43.50165 16.46372 43.50168 16.4638 43.5017 16.46387 43.50173 16.4639 43.50183 16.46394 43.5019 16.46396 43.50198 16.46411 43.50205 16.46429 43.50213 16.46459 43.50218 16.4648 43.50221 16.46494 43.50223 16.46511 43.50224 16.46525 43.50226 16.46534 43.50225 16.4657 43.50221 16.46594 43.50218 16.46603 43.50212 16.46624 43.50206 16.4664 43.50195 16.4666 43.50185 16.46673 43.50175 16.46682 43.50166 16.46688 43.50152 16.46696 43.50145 16.467 43.50136 16.46705 43.50128 16.46712 43.50119 16.46723 43.50116 16.46733 43.50116 16.46762 43.5012 16.46776 43.50126 16.46792 43.50128 16.46807 43.5013 16.46814 43.50135 16.46823 43.50137 16.46832 43.50144 16.46848 43.50157 16.46871 43.50161 16.46888 43.50164 16.46905 43.50166 16.4692 43.50166 16.46936 43.50169 16.46944 43.50169 16.46953 43.50168 16.46956 43.50161 16.46958 43.50156 16.46963 43.50155 16.4697 43.50154 16.46982 43.50152 16.46991 43.50151 16.4701 43.50152 16.47031 43.50156 16.47042 43.50171 16.47056 43.50178 16.47067 43.50183 16.47076 43.5019 16.47082 43.50203 16.47095 43.50211 16.47111 43.50214 16.47121 43.50217 16.4713 43.50217 16.47155 43.50217 16.47167 43.50217 16.47169 43.50214 16.47171 43.50203 16.4717 43.50192 16.47161 43.50186 16.47156 43.50176 16.47151 43.50144 16.47149 43.50135 16.47146 43.50117 16.47132 43.5011 16.47152 43.50128 16.47164 43.50136 16.47168 43.50142 16.47171 43.50151 16.47178 43.50155 16.47184 43.50156 16.47191 43.50155 16.47194 43.50149 16.47206 43.50147 16.47213 43.50147 16.47221 43.50143 16.47234 43.50118 16.47311 43.50115 16.47321 43.50113 16.47321 43.50108 16.47318 43.50095 16.4731 43.50087 16.47306 43.50082 16.47303 43.50078 16.47302 43.50072 16.473 43.50068 16.47302 43.50066 16.47311 43.50064 16.4733 43.50065 16.47349 43.50071 16.47366 43.50086 16.47385 43.50101 16.47404 43.50105 16.47409 43.50111 16.47413 43.50135 16.47446 43.50143 16.47455 43.50146 16.47461 43.50155 16.47473 43.50167 16.47489 43.50178 16.47505 43.50187 16.47524 43.50192 16.47536 43.50193 16.47588 43.50192 16.47613 43.50193 16.47624 43.50196 16.47639 43.50204 16.47662 43.50211 16.47677 43.50221 16.47687 43.50228 16.47694 43.50235 16.47696 43.5024 16.47695 43.5025 16.47681 43.50253 16.47674 43.50254 16.47667 43.50255 16.47662 43.50263 16.47635 43.50269 16.47617 43.50275 16.47597 43.50281 16.47587 43.5029 16.47581 43.50301 16.4758 43.50308 16.47586 43.50317 16.47593 43.50321 16.47597 43.50327 16.47603 43.50329 16.47608 43.50327 16.47621 43.50326 16.47635 43.50325 16.4767 43.50327 16.47689 43.5033 16.47717 43.50331 16.47726 43.50333 16.47741 43.50337 16.47779 43.5034 16.47804 43.5034 16.4784 43.50341 16.47869 43.50344 16.47905 43.50344 16.47923 43.50344 16.47937 43.50339 16.47952 43.50336 16.4796 43.50329 16.47974 43.50317 16.47989 43.50302 16.48014 43.50299 16.48018 43.50293 16.4803 43.50288 16.48043 43.5028 16.4806 43.50264 16.4808 43.50247 16.48097 43.50243 16.48109 43.50241 16.48134 43.50237 16.4815 43.5023 16.48164 43.50218 16.48183 43.50203 16.48208 43.50197 16.48227 43.50194 16.48239 43.50191 16.48251 43.50188 16.48263 43.50187 16.48291 43.5019 16.4831 43.50194 16.48325 43.50197 16.48347 43.50198 16.48362 43.50204 16.48384 43.5021 16.48413 43.50214 16.48437 43.50218 16.4846 43.50218 16.48496 43.50215 16.48523 43.50212 16.48545 43.50212 16.48587 43.50215 16.48605 43.50215 16.48615 43.50211 16.48637 43.50202 16.48683 43.50197 16.48713 43.50186 16.48771 43.50176 16.48797 43.50172 16.48815 43.50168 16.4884 43.50167 16.48853 43.50165 16.48861 43.50164 16.48899 43.50165 16.48914 43.50168 16.48936 43.50172 16.48957 43.50175 16.48971 43.50176 16.48987 43.50178 16.49001 43.50182 16.49014 43.50184 16.49032 43.50187 16.49055 43.50188 16.49067 43.50188 16.49106 43.50186 16.49131 43.50185 16.49152 43.50179 16.49184 43.5017 16.49225 43.50164 16.49256 43.50162 16.49268 43.50136 16.49268 43.50138 16.493 43.50141 16.49331 43.50139 16.49345 43.50131 16.49358 43.50129 16.49359 43.50129 16.49361 43.50128 16.49366 43.50164 16.49458 43.50167 16.4946 43.50175 16.4946 43.50179 16.49456 43.50187 16.49455 43.50191 16.49464 43.50195 16.49479 43.50201 16.49498 43.50205 16.49517 43.5021 16.49538 43.50214 16.49559 43.50221 16.49591 43.50223 16.49609 43.50225 16.49642 43.50224 16.49682 43.50225 16.49716 43.50224 16.49756 43.50223 16.49779 43.50223 16.49789 43.50218 16.49824 43.50215 16.49846 43.50211 16.49861 43.50203 16.49886 43.50195 16.49911 43.50188 16.49926 43.50178 16.4996 43.50173 16.49979 43.50171 16.49991 43.50167 16.50028 43.50167 16.50044 43.50167 16.50066 43.50166 16.50114 43.50165 16.50128 43.50163 16.50195 43.50159 16.50243 43.50155 16.50279 43.50154 16.50291 43.50152 16.50323 43.50151 16.50385 43.5015 16.50399 43.50144 16.50468 43.50142 16.50519 43.5014 16.50556 43.50138 16.50567 43.50137 16.5057 43.50136 16.50588 43.50135 16.50619 43.50132 16.50637 43.50125 16.50659 43.50114 16.5069 43.50109 16.50711 43.50104 16.50726 43.50101 16.50748 43.501 16.50766 43.501 16.50796 43.50104 16.50821 43.50106 16.5084 43.50107 16.50861 43.50103 16.50901 43.50101 16.50927 43.50098 16.50979 43.50099 16.50992 43.501 16.51004 43.501 16.51027 43.50099 16.51043 43.50095 16.51057 43.50091 16.51072 43.50086 16.5109 43.5008 16.511 43.50078 16.51103 43.50078 16.51109 43.50075 16.51114 43.50073 16.5112 43.5007 16.51125 43.50069 16.5113 43.50068 16.51138 43.50066 16.51165 43.50065 16.51179 43.50065 16.51192 43.50067 16.51207 43.5007 16.51239 43.50073 16.51269 43.50074 16.51295 43.50074 16.51311 43.50074 16.51351 43.50075 16.51359 43.50076 16.51373 43.50078 16.51397 43.50078 16.51426 43.50077 16.51462 43.50073 16.51483 43.50072 16.51497 43.50071 16.51524 43.5007 16.51547 43.5007 16.51576 43.50065 16.51597 43.50061 16.51617 43.50049 16.51648 43.50048 16.5166 43.50048 16.5168 43.5005 16.51715 43.5005 16.51737 43.50049 16.51754 43.5004 16.51787 43.50038 16.51802 43.50035 16.51821 43.50033 16.51854 43.5003 16.51875 43.50024 16.51888 43.50017 16.51901 43.50012 16.51905 43.49997 16.51952 43.49988 16.51978 43.49963 16.52032 43.49944 16.52084 43.49935 16.52099 43.49923 16.52111 43.49911 16.52128 43.49896 16.52166 43.49884 16.52182 43.4987 16.52185 43.49859 16.52197 43.4985 16.52208 43.49835 16.52251 43.49823 16.52264 43.49781 16.5231 43.49776 16.52322 43.49773 16.52342 43.49771 16.52356 43.49768 16.52372 43.49762 16.52387 43.49762 16.52392 43.49763 16.52397 43.49765 16.52399 43.49766 16.52406 43.49767 16.52428 43.49768 16.52433 43.49773 16.52437 43.49776 16.52442 43.49777 16.52446 43.49777 16.52451 43.49778 16.52458 43.4978 16.52462 43.49797 16.52484 43.49802 16.52495 43.49808 16.52499 43.49816 16.52505 43.49818 16.52513 43.49819 16.52518 43.49814 16.5253 43.49821 16.52537 43.49828 16.52524 43.49839 16.52536 43.4984 16.52542 43.49835 16.52551 43.49842 16.52559 43.49848 16.52549 43.49853 16.52551 43.49856 16.5256 43.49849 16.52573 43.49856 16.52581 43.49866 16.52567 43.49879 16.52567 43.49892 16.52592 43.49903 16.52584 43.49911 16.52592 43.49926 16.52616 43.4994 16.52601 43.49923 16.52569 43.49957 16.52537 43.49952 16.52526 43.49942 16.52535 43.49936 16.52534 43.49935 16.52495 43.49948 16.52405 43.49953 16.52367 43.49955 16.52341 43.4996 16.52331 43.49976 16.52331 43.49987 16.52328 43.5 16.52322 43.50027 16.52314 43.50057 16.52308 43.50079 16.52303 43.50096 16.52301 43.50099 16.52302 43.50102 16.52305 43.50142 16.52365 43.50155 16.52383 43.5019 16.52442 43.50203 16.5246 43.50231 16.52509 43.50239 16.52521 43.50249 16.52534 43.50267 16.52569 43.50274 16.52585 43.50281 16.52604 43.5029 16.5263 43.5029 16.52631 43.50298 16.52662 43.50298 16.52679 43.50298 16.52697 43.50297 16.5271 43.50296 16.52724 43.50293 16.52752 43.50292 16.52759 43.5029 16.52764 43.50288 16.5277 43.50285 16.52775 43.50279 16.52782 43.50263 16.52794 43.50239 16.52819 43.50233 16.52824 43.50231 16.52829 43.50229 16.52831 43.50229 16.52834 43.50228 16.52835 43.50227 16.52838 43.50228 16.5284 43.50231 16.52843 43.50235 16.52846 43.50246 16.52849 43.50251 16.5285 43.50261 16.5285 43.50283 16.5285 43.50307 16.52852 43.50315 16.52854 43.50334 16.52855 43.50355 16.52858 43.50371 16.52862 43.50385 16.52868 43.50397 16.52875 43.50411 16.52887 43.5042 16.52898 43.50426 16.52907 43.50434 16.52921 43.50443 16.52937 43.50447 16.52952 43.5045 16.52964 43.50455 16.52981 43.50456 16.53 43.50458 16.53005 43.50459 16.53016 43.50461 16.53026 43.50464 16.53036 43.50469 16.53046 43.50474 16.53053 43.50477 16.53055 43.50483 16.53057 43.50487 16.53057 43.5049 16.53058 43.50492 16.53058 43.50493 16.53062 43.50493 16.53064 43.50492 16.53068 43.50491 16.53072 43.50489 16.53076 43.50487 16.53081 43.50485 16.53085 43.50482 16.53087 43.50481 16.53087 43.50477 16.53087 43.50469 16.53089 43.50464 16.53091 43.50462 16.53091 43.50456 16.53096 43.50452 16.53099 43.50445 16.53106 43.50443 16.53109 43.50471 16.53118 43.50484 16.53122 43.50503 16.53129 43.50559 16.53147 43.50571 16.53173 43.50572 16.53174 43.50623 16.53286 43.50645 16.53376 43.50645 16.53376 43.50671 16.53484 43.50781 16.53518 43.50871 16.53665 43.50872 16.53704 43.50873 16.5372 43.51085 16.53755 43.51272 16.53748 43.51333 16.53912 43.51338 16.53924 43.51374 16.54022 43.51521 16.54127 43.51552 16.54154 43.5156 16.54161 43.51587 16.54184 43.51616 16.54208 43.51628 16.54219 43.51642 16.54231 43.5166 16.5426 43.51686 16.54303 43.51775 16.54351 43.51824 16.5437 43.5185 16.54367 43.51856 16.54366 43.51865 16.54365 43.51874 16.54393 43.51877 16.54406 43.51065 16.55464 43.51055 16.55477 43.50828 16.55705 43.50775 16.55758 43.50724 16.55809 43.50139 16.56385 43.50018 16.56504 43.50017 16.56505 43.49727 16.56823 43.49281 16.57313 43.49264 16.57342 43.4899 16.57797 43.48778 16.5815 43.47678 16.59018 43.47674 16.59037 43.47667 16.59067 43.47233 16.60523 43.47509 16.60921 43.47582 16.61027 43.47721 16.61234 43.47725 16.61243 43.47738 16.61275 43.47752 16.61292 43.47762 16.61306 43.47788 16.6132 43.47792 16.61322 43.47815 16.61353 43.47884 16.61446 43.47901 16.61486 43.4792 16.6153 43.47966 16.61665 43.47997 16.61756 43.48077 16.61968 43.48097 16.62023 43.48104 16.62042 43.48109 16.62047 43.48126 16.62063 43.48135 16.62072 43.48154 16.62072 43.48188 16.62071 43.4823 16.62017 43.4825 16.61991 43.48362 16.62034 43.48386 16.62008 43.48474 16.61988 43.48486 16.61972 43.48496 16.61958 43.4851 16.61907 43.48512 16.61904 43.48519 16.61893 43.4853 16.61877 43.48523 16.61862 43.48519 16.61853 43.48554 16.6185 43.48639 16.61811 43.48699 16.61732 43.48704 16.61725 43.48711 16.61722 43.48748 16.61705 43.48777 16.6175 43.48791 16.61754 43.48818 16.61721 43.48864 16.61661 43.48947 16.61776 43.48994 16.61742 43.49038 16.6171 43.49094 16.61699 43.49131 16.6167 43.49209 16.6161 43.49218 16.61603 43.49228 16.61595 43.49367 16.61521 43.49507 16.61397 43.49568 16.61357 43.49627 16.61319 43.49726 16.61417 43.49885 16.61565 43.49923 16.616 43.50025 16.61686 43.50214 16.6184 43.50399 16.61991 43.5069 16.62201 43.5102 16.62594 43.5151 16.63163 43.51936 16.63521 43.51956 16.63538 43.52591 16.64015 43.52654 16.64019 43.53164 16.64055 43.53642 16.64095 43.53655 16.64096 43.53683 16.64088 43.53582 16.63951 43.53148 16.63358 43.53223 16.62762</gml:posList>
                        </gml:LinearRing>
                      </gml:exterior>
                    </gml:Polygon>
                  </gml:surfaceMember>
                  <gml:surfaceMember>
                    <gml:Polygon gml:id="MEDIA_MONITORED_CILJ_ID_1_POLUTANT_3_MODEL_108">
                      <gml:exterior>
                        <gml:LinearRing>
                          <gml:posList srsDimension="2">43.53555 16.44877 43.53557 16.44886 43.53561 16.44892 43.53568 16.44897 43.53574 16.44896 43.53577 16.4489 43.53579 16.44875 43.53579 16.44863 43.53577 16.44858 43.53571 16.44849 43.53568 16.44847 43.53562 16.44848 43.53556 16.44853 43.53554 16.44866 43.53555 16.44877</gml:posList>
                        </gml:LinearRing>
                      </gml:exterior>
                    </gml:Polygon>
                  </gml:surfaceMember>
                  <gml:surfaceMember>
                    <gml:Polygon gml:id="MEDIA_MONITORED_CILJ_ID_1_POLUTANT_3_MODEL_109">
                      <gml:exterior>
                        <gml:LinearRing>
                          <gml:posList srsDimension="2">43.53573 16.44815 43.53576 16.4482 43.53579 16.4482 43.53581 16.44818 43.53583 16.44811 43.53583 16.44802 43.53581 16.44797 43.53578 16.44796 43.53574 16.44798 43.53572 16.44806 43.53573 16.44815</gml:posList>
                        </gml:LinearRing>
                      </gml:exterior>
                    </gml:Polygon>
                  </gml:surfaceMember>
                  <gml:surfaceMember>
                    <gml:Polygon gml:id="MEDIA_MONITORED_CILJ_ID_1_POLUTANT_3_MODEL_110">
                      <gml:exterior>
                        <gml:LinearRing>
                          <gml:posList srsDimension="2">43.50078 16.19384 43.50089 16.19396 43.50099 16.19398 43.50116 16.19394 43.50117 16.19395 43.50127 16.19382 43.50128 16.19367 43.50127 16.19355 43.50123 16.19346 43.50116 16.1934 43.50105 16.19338 43.50095 16.1934 43.50082 16.19352 43.50078 16.19362 43.50076 16.19373 43.50078 16.19384</gml:posList>
                        </gml:LinearRing>
                      </gml:exterior>
                    </gml:Polygon>
                  </gml:surfaceMember>
                  <gml:surfaceMember>
                    <gml:Polygon gml:id="MEDIA_MONITORED_CILJ_ID_1_POLUTANT_3_MODEL_111">
                      <gml:exterior>
                        <gml:LinearRing>
                          <gml:posList srsDimension="2">43.51051 16.31127 43.5106 16.31114 43.51069 16.31105 43.5108 16.31086 43.51097 16.31059 43.51113 16.31042 43.51124 16.31014 43.51129 16.30999 43.51141 16.3098 43.51147 16.30969 43.51139 16.30966 43.5113 16.30962 43.50764 16.30806 43.50767 16.30783 43.50759 16.3078 43.50747 16.30776 43.50733 16.30772 43.50716 16.30767 43.50696 16.30797 43.50541 16.30738 43.50029 16.3059 43.49979 16.30564 43.49848 16.3057 43.49762 16.30547 43.49557 16.3057 43.49401 16.30505 43.49377 16.3052 43.49337 16.30466 43.49032 16.30504 43.48761 16.30525 43.48649 16.30519 43.48639 16.30395 43.48555 16.30397 43.48606 16.30228 43.48648 16.30104 43.48631 16.30097 43.4862 16.30093 43.4861 16.3009 43.48605 16.30115 43.48594 16.30136 43.48586 16.30148 43.48585 16.30162 43.48581 16.30167 43.4857 16.30169 43.4856 16.30188 43.48559 16.30206 43.48553 16.30235 43.48554 16.303 43.48545 16.30324 43.48498 16.30403 43.48486 16.30411 43.48467 16.30411 43.48445 16.30426 43.48435 16.30442 43.48432 16.30453 43.48428 16.30455 43.48418 16.30455 43.4841 16.30462 43.48401 16.30499 43.48386 16.30538 43.48379 16.30566 43.48376 16.30586 43.48377 16.30609 43.48383 16.30632 43.48385 16.30662 43.48391 16.30674 43.48402 16.30687 43.48406 16.30699 43.48399 16.30783 43.48379 16.30852 43.48367 16.30884 43.48365 16.30904 43.48367 16.30948 43.48364 16.3097 43.48363 16.30998 43.48354 16.31026 43.48341 16.31055 43.48336 16.31093 43.48332 16.31133 43.48318 16.31203 43.48298 16.31313 43.48287 16.31355 43.48273 16.31381 43.4827 16.31389 43.48269 16.31398 43.48269 16.31418 43.48265 16.31425 43.48255 16.31448 43.48253 16.3146 43.48261 16.31567 43.48259 16.31693 43.4825 16.31764 43.48246 16.31789 43.48243 16.3182 43.4824 16.31844 43.48237 16.31865 43.4823 16.31882 43.4823 16.31907 43.48247 16.31947 43.48274 16.3199 43.48281 16.32012 43.48277 16.32097 43.48283 16.32126 43.48282 16.32249 43.48277 16.3227 43.48278 16.32291 43.48273 16.32308 43.48274 16.32318 43.48284 16.32341 43.48288 16.32358 43.48285 16.32377 43.48278 16.32408 43.48278 16.32442 43.4827 16.32474 43.48266 16.32509 43.48255 16.32542 43.48251 16.32562 43.48245 16.32583 43.48244 16.32599 43.48248 16.32607 43.48256 16.32609 43.48256 16.32615 43.48254 16.32623 43.4825 16.32629 43.4825 16.32641 43.48252 16.32664 43.4826 16.32701 43.48269 16.32721 43.48285 16.32774 43.48284 16.32796 43.48285 16.32813 43.48275 16.32828 43.48276 16.32849 43.48282 16.32885 43.48289 16.32902 43.48288 16.32929 43.48283 16.32954 43.48282 16.33004 43.48276 16.33036 43.48272 16.33055 43.48271 16.33138 43.48268 16.33164 43.48265 16.33236 43.48268 16.3325 43.4827 16.33285 43.48269 16.33344 43.48265 16.33374 43.48246 16.33422 43.48242 16.33445 43.48244 16.33502 43.48241 16.33616 43.48227 16.3368 43.4823 16.33759 43.48224 16.33795 43.48224 16.33838 43.48218 16.33867 43.48217 16.33914 43.4822 16.33924 43.48219 16.33944 43.48207 16.33996 43.4821 16.34077 43.48213 16.34092 43.48208 16.34124 43.48209 16.34203 43.48219 16.34266 43.48219 16.34282 43.48215 16.34293 43.48215 16.343 43.48207 16.34315 43.48206 16.34328 43.48206 16.34331 43.48209 16.34349 43.48223 16.34367 43.48239 16.34402 43.4824 16.34454 43.48252 16.34486 43.48253 16.34496 43.48248 16.34505 43.48248 16.34511 43.48259 16.34528 43.48262 16.34561 43.48259 16.34579 43.48259 16.34608 43.48256 16.3465 43.48259 16.34667 43.4826 16.34684 43.48256 16.34696 43.48251 16.34699 43.48244 16.34701 43.48242 16.34704 43.48239 16.34708 43.48238 16.34718 43.48246 16.34731 43.48247 16.34743 43.48243 16.34822 43.48233 16.34904 43.48232 16.34928 43.48236 16.34948 43.48233 16.35015 43.48238 16.35042 43.48238 16.35092 43.48243 16.35117 43.48253 16.35141 43.48261 16.35211 43.4827 16.35228 43.48283 16.35247 43.48286 16.35262 43.48288 16.35298 43.48294 16.35329 43.483 16.35343 43.48301 16.35355 43.48297 16.3537 43.48297 16.35387 43.48311 16.3542 43.48318 16.35477 43.4833 16.35512 43.48331 16.35531 43.48332 16.35603 43.48344 16.35632 43.48348 16.35642 43.48344 16.3565 43.48339 16.35649 43.48336 16.35645 43.4833 16.35645 43.48326 16.35652 43.48323 16.35662 43.4832 16.35704 43.48311 16.35728 43.48311 16.35739 43.48318 16.35751 43.48321 16.35771 43.48334 16.35801 43.48339 16.35823 43.48339 16.35838 43.48333 16.3586 43.48333 16.3587 43.48333 16.35879 43.48336 16.35889 43.48345 16.35899 43.4835 16.35908 43.48358 16.35927 43.48359 16.3594 43.4836 16.35983 43.48365 16.36012 43.48372 16.3612 43.48375 16.36133 43.48378 16.3616 43.48378 16.36195 43.48374 16.36215 43.48371 16.3624 43.48375 16.36274 43.4837 16.36291 43.48364 16.36304 43.48364 16.36317 43.48371 16.36323 43.48376 16.36341 43.48375 16.36401 43.48373 16.36418 43.48373 16.36427 43.48379 16.36439 43.48381 16.36455 43.48374 16.36474 43.48375 16.36531 43.48381 16.36551 43.48382 16.36578 43.48396 16.36626 43.48395 16.36675 43.484 16.36702 43.48399 16.36774 43.48396 16.36794 43.48389 16.36812 43.4839 16.36853 43.48395 16.3688 43.48393 16.36905 43.48398 16.36925 43.48412 16.36945 43.48426 16.36982 43.48429 16.37 43.48429 16.37024 43.48432 16.37036 43.48436 16.37059 43.48439 16.37067 43.48438 16.37087 43.48437 16.37097 43.48435 16.37109 43.48434 16.37121 43.48436 16.37129 43.48436 16.37137 43.48433 16.37148 43.48428 16.37173 43.48424 16.37192 43.48424 16.37213 43.48424 16.37228 43.48428 16.37239 43.48431 16.37243 43.48432 16.37246 43.48433 16.37248 43.48431 16.37263 43.48429 16.37286 43.48427 16.37293 43.48423 16.37304 43.48416 16.37325 43.48414 16.37344 43.48413 16.37365 43.48411 16.37382 43.48409 16.37398 43.48405 16.37414 43.48401 16.37431 43.48397 16.37455 43.48397 16.37473 43.48399 16.37485 43.48402 16.37501 43.48402 16.37513 43.48403 16.37528 43.48405 16.37536 43.48408 16.37545 43.48421 16.3757 43.48422 16.37593 43.48422 16.37605 43.48425 16.37621 43.48426 16.37631 43.48428 16.37638 43.4843 16.37645 43.48429 16.37651 43.48427 16.37659 43.4842 16.37675 43.48415 16.37691 43.48413 16.37697 43.48414 16.37724 43.48417 16.37735 43.48419 16.37749 43.48421 16.37762 43.48421 16.37777 43.48419 16.37791 43.48417 16.37805 43.48416 16.37814 43.48419 16.37848 43.48417 16.3786 43.48417 16.37877 43.48423 16.37906 43.48431 16.37949 43.48433 16.37966 43.48435 16.37977 43.48434 16.38006 43.48435 16.38019 43.48438 16.38038 43.48443 16.38061 43.4844 16.38077 43.4844 16.38093 43.48442 16.38121 43.48445 16.38138 43.48451 16.38175 43.48452 16.3819 43.48453 16.38205 43.48465 16.38232 43.48473 16.38254 43.48481 16.3829 43.48485 16.38304 43.48488 16.38321 43.48487 16.3835 43.48487 16.3836 43.48486 16.38373 43.48487 16.38385 43.48488 16.38408 43.48496 16.38436 43.48503 16.38461 43.48506 16.38472 43.48508 16.38481 43.48518 16.38496 43.48521 16.38503 43.48522 16.38518 43.48518 16.3853 43.48518 16.38553 43.4852 16.38572 43.48523 16.38581 43.48526 16.38595 43.48529 16.38614 43.4853 16.38633 43.48531 16.38651 43.48533 16.38669 43.4854 16.38691 43.48546 16.3871 43.48547 16.38713 43.48546 16.38744 43.48548 16.3876 43.4855 16.3877 43.48553 16.38779 43.48556 16.38787 43.48566 16.38806 43.48571 16.38812 43.48575 16.3882 43.48579 16.38833 43.4858 16.38843 43.48583 16.38855 43.48589 16.38864 43.48597 16.38873 43.48605 16.38882 43.48611 16.3889 43.48615 16.38902 43.48618 16.38912 43.48622 16.38925 43.48625 16.38935 43.4864 16.38956 43.48648 16.38967 43.48652 16.38979 43.48655 16.38988 43.48663 16.39005 43.48669 16.39015 43.48676 16.39027 43.48691 16.39047 43.48704 16.39066 43.48719 16.39086 43.48733 16.39103 43.48749 16.39125 43.48758 16.39139 43.48764 16.39146 43.4877 16.39154 43.48777 16.3916 43.48781 16.39169 43.48789 16.39186 43.48799 16.39195 43.48801 16.39197 43.48802 16.39198 43.48808 16.39198 43.48817 16.39201 43.48826 16.39207 43.48832 16.39213 43.48834 16.39215 43.48846 16.39218 43.48893 16.39218 43.48901 16.39218 43.4892 16.39215 43.48927 16.39211 43.48937 16.39195 43.48944 16.39177 43.48946 16.39165 43.48954 16.39147 43.48957 16.39135 43.48957 16.39126 43.48957 16.39114 43.48961 16.39099 43.48967 16.39082 43.48968 16.39068 43.48968 16.39045 43.48969 16.39035 43.48971 16.39023 43.48974 16.39012 43.48983 16.3899 43.48985 16.38973 43.48992 16.38934 43.48994 16.38924 43.48995 16.38903 43.48997 16.38884 43.48996 16.38817 43.48998 16.38795 43.48999 16.38783 43.49002 16.38771 43.49003 16.38752 43.49002 16.38737 43.49002 16.38702 43.49002 16.38686 43.49001 16.38664 43.48999 16.38657 43.48994 16.38641 43.4899 16.38623 43.48989 16.38591 43.48988 16.3857 43.48984 16.38558 43.48979 16.38542 43.48978 16.38518 43.48977 16.38494 43.48976 16.38486 43.48972 16.38478 43.48965 16.38465 43.48959 16.38448 43.48956 16.38428 43.48949 16.38412 43.48935 16.38388 43.48931 16.38369 43.48926 16.38351 43.48921 16.38341 43.48915 16.38329 43.48914 16.38319 43.48909 16.38293 43.48909 16.38276 43.48911 16.38253 43.48911 16.38238 43.48909 16.38227 43.48907 16.3821 43.48901 16.38194 43.48898 16.38177 43.48894 16.38152 43.48889 16.38127 43.48886 16.38112 43.48884 16.38099 43.48885 16.38091 43.48886 16.38074 43.48885 16.38063 43.48882 16.38049 43.48879 16.3804 43.48878 16.38034 43.48875 16.3803 43.48867 16.38024 43.48862 16.38017 43.48856 16.38002 43.48851 16.37984 43.48843 16.37964 43.48833 16.37929 43.48826 16.37909 43.48821 16.37899 43.48817 16.37888 43.48814 16.37865 43.4881 16.37842 43.48804 16.37826 43.48798 16.37809 43.48796 16.37788 43.48796 16.3778 43.48797 16.37776 43.48799 16.37768 43.48799 16.37753 43.48797 16.37746 43.48794 16.37729 43.48791 16.37711 43.4879 16.37696 43.48793 16.37682 43.48804 16.37641 43.48809 16.37617 43.48813 16.37592 43.48813 16.3758 43.48812 16.37567 43.48813 16.37538 43.48817 16.37517 43.4882 16.375 43.48823 16.37477 43.48824 16.37467 43.48829 16.37455 43.48835 16.37435 43.48837 16.37417 43.4884 16.37397 43.48846 16.37368 43.48849 16.37354 43.48857 16.37327 43.48865 16.37311 43.4887 16.37298 43.48879 16.37278 43.48887 16.37256 43.48893 16.37246 43.48903 16.37235 43.48912 16.37229 43.48929 16.37217 43.48945 16.37205 43.48954 16.37198 43.48974 16.37179 43.48988 16.37156 43.48992 16.37142 43.48997 16.37123 43.49001 16.37105 43.49006 16.37092 43.4901 16.37073 43.49014 16.37041 43.49014 16.37024 43.49011 16.37013 43.49007 16.37 43.49009 16.36981 43.49007 16.36963 43.49002 16.36951 43.49001 16.36926 43.4899 16.36901 43.4899 16.36881 43.48995 16.36866 43.49002 16.36852 43.49007 16.36845 43.49027 16.36825 43.4904 16.36805 43.49059 16.36774 43.49072 16.3673 43.49081 16.36708 43.49088 16.36698 43.49108 16.36689 43.4916 16.36675 43.49188 16.36663 43.49213 16.36647 43.49235 16.3664 43.49239 16.36635 43.49242 16.3663 43.49242 16.36618 43.49244 16.36613 43.49248 16.3661 43.49255 16.3661 43.49262 16.36603 43.49275 16.36561 43.4929 16.3653 43.49288 16.36502 43.49285 16.36492 43.49273 16.36477 43.49231 16.36466 43.49214 16.36457 43.492 16.36445 43.4919 16.36441 43.49172 16.3644 43.49161 16.36433 43.49155 16.36413 43.49148 16.36353 43.49141 16.36321 43.49142 16.36307 43.49143 16.36299 43.49189 16.36241 43.49195 16.36226 43.49204 16.36185 43.49212 16.36157 43.49227 16.36108 43.49238 16.36054 43.49238 16.36032 43.49233 16.36004 43.49223 16.3594 43.49213 16.35904 43.49208 16.35877 43.49199 16.35857 43.49178 16.35832 43.49175 16.35822 43.49176 16.3581 43.49191 16.35761 43.49195 16.35729 43.49196 16.35699 43.492 16.35663 43.49207 16.35645 43.49213 16.35612 43.49214 16.35578 43.49218 16.35552 43.49225 16.35522 43.49238 16.35475 43.49242 16.35448 43.49255 16.35401 43.49264 16.35356 43.49265 16.35272 43.49262 16.35255 43.49264 16.35243 43.49271 16.35229 43.4928 16.35219 43.49302 16.35202 43.49319 16.35173 43.49326 16.35127 43.49333 16.35094 43.49337 16.3507 43.4934 16.35032 43.49353 16.34993 43.49367 16.34924 43.49376 16.34899 43.49398 16.34858 43.49423 16.34821 43.4944 16.34793 43.49454 16.34766 43.49496 16.3468 43.495 16.34661 43.49505 16.34645 43.49516 16.34636 43.49534 16.34629 43.49547 16.34614 43.49563 16.3458 43.49582 16.34524 43.49593 16.34494 43.49601 16.34454 43.49615 16.34394 43.49628 16.34326 43.49639 16.34295 43.49668 16.34238 43.4969 16.34179 43.49709 16.34155 43.49725 16.34146 43.49736 16.34141 43.49759 16.34127 43.49791 16.341 43.49828 16.34079 43.49841 16.34071 43.49859 16.3405 43.49875 16.34022 43.49885 16.34001 43.49898 16.34018 43.49902 16.3402 43.49928 16.34052 43.49965 16.34044 43.49963 16.34025 43.49932 16.34033 43.49892 16.33983 43.49916 16.33928 43.49927 16.33893 43.49943 16.33858 43.49955 16.33852 43.49969 16.33876 43.49946 16.33919 43.49958 16.3393 43.4998 16.33892 43.49997 16.33899 43.50003 16.339 43.50049 16.33886 43.50072 16.33879 43.5009 16.33867 43.50114 16.3383 43.50127 16.33791 43.50129 16.33759 43.50133 16.33747 43.50151 16.33722 43.50156 16.33709 43.50155 16.3369 43.5015 16.33681 43.50148 16.33675 43.5015 16.33666 43.50155 16.33659 43.50165 16.33643 43.50167 16.33609 43.50171 16.33593 43.50171 16.33567 43.50175 16.33543 43.50179 16.33527 43.50176 16.33485 43.50179 16.33471 43.5019 16.33449 43.50194 16.33424 43.50197 16.33304 43.50194 16.33276 43.50195 16.33221 43.50191 16.33211 43.5019 16.33201 43.5019 16.33196 43.5019 16.33179 43.50187 16.33167 43.50178 16.33149 43.50173 16.33104 43.5016 16.33058 43.5016 16.33037 43.50173 16.33013 43.50185 16.33001 43.50193 16.32997 43.50204 16.32993 43.50211 16.32995 43.50219 16.33011 43.50227 16.33013 43.50237 16.33012 43.50261 16.32988 43.50272 16.32971 43.503 16.32886 43.50303 16.3282 43.50299 16.32809 43.50301 16.32797 43.50309 16.32781 43.50312 16.32764 43.50311 16.32704 43.5031 16.32685 43.50314 16.32658 43.50315 16.32623 43.50317 16.32607 43.50325 16.3259 43.50339 16.3256 43.5036 16.3253 43.50374 16.3252 43.50406 16.32484 43.50418 16.32476 43.50449 16.32438 43.50464 16.32403 43.50466 16.32388 43.50471 16.32374 43.50482 16.32359 43.5049 16.32342 43.50492 16.3231 43.50495 16.32295 43.50525 16.3225 43.50542 16.32197 43.50547 16.32189 43.50558 16.3218 43.50612 16.32154 43.50638 16.32138 43.50663 16.32128 43.50685 16.32111 43.5072 16.32094 43.50726 16.32087 43.50727 16.32065 43.50723 16.32055 43.50725 16.32046 43.50756 16.31999 43.50771 16.31977 43.50803 16.31922 43.50808 16.31906 43.50828 16.31857 43.50834 16.31839 43.50838 16.31808 43.50839 16.31775 43.5084 16.31765 43.50843 16.31758 43.50855 16.31723 43.50873 16.31664 43.5089 16.31616 43.50901 16.31589 43.50921 16.31542 43.50934 16.31513 43.50964 16.31456 43.50995 16.31399 43.51019 16.31356 43.51025 16.3134 43.51042 16.3131 43.51049 16.31286 43.51054 16.31268 43.51054 16.31232 43.5105 16.31192 43.51049 16.31165 43.51051 16.31127</gml:posList>
                        </gml:LinearRing>
                      </gml:exterior>
                    </gml:Polygon>
                  </gml:surfaceMember>
                  <gml:surfaceMember>
                    <gml:Polygon gml:id="MEDIA_MONITORED_CILJ_ID_1_POLUTANT_3_MODEL_112">
                      <gml:exterior>
                        <gml:LinearRing>
                          <gml:posList srsDimension="2">43.45812 16.14112 43.45815 16.14099 43.45855 16.14037 43.4587 16.13993 43.45876 16.13965 43.45896 16.13909 43.45918 16.13862 43.45934 16.13808 43.45941 16.13773 43.45954 16.13717 43.45956 16.13653 43.45953 16.13603 43.45943 16.13549 43.45943 16.13519 43.45938 16.1347 43.45922 16.1343 43.45917 16.13405 43.45912 16.13394 43.45907 16.13389 43.45898 16.13385 43.45891 16.13377 43.4588 16.1336 43.45863 16.13348 43.45828 16.13327 43.45797 16.13316 43.4576 16.13296 43.45646 16.13294 43.45598 16.13308 43.4554 16.13351 43.45511 16.13368 43.455 16.13373 43.4549 16.1338 43.45476 16.13396 43.45471 16.1341 43.45469 16.13426 43.45442 16.13486 43.45432 16.13519 43.45424 16.13554 43.45407 16.136 43.45389 16.1364 43.45371 16.13669 43.45335 16.13698 43.453 16.13739 43.45287 16.13766 43.45284 16.1379 43.45285 16.13907 43.45276 16.13951 43.45252 16.14018 43.45245 16.1405 43.45235 16.14109 43.45229 16.14175 43.45231 16.14188 43.45232 16.14215 43.4524 16.14231 43.45241 16.14239 43.4524 16.14244 43.45228 16.14266 43.45223 16.14279 43.4522 16.14305 43.45215 16.14341 43.45211 16.14356 43.45205 16.14373 43.45196 16.14395 43.45183 16.14389 43.45179 16.14406 43.45192 16.14413 43.45188 16.14449 43.45186 16.14459 43.45181 16.14469 43.45168 16.14462 43.45164 16.14476 43.45179 16.14485 43.45167 16.14513 43.45157 16.1454 43.45152 16.1456 43.45143 16.14584 43.45124 16.14605 43.45115 16.14613 43.45108 16.14607 43.45108 16.14587 43.45099 16.14588 43.45099 16.14602 43.45096 16.14605 43.4509 16.14599 43.45089 16.14564 43.45102 16.14564 43.45102 16.14551 43.45092 16.1455 43.45082 16.14546 43.45068 16.1453 43.45045 16.14499 43.45039 16.14483 43.45037 16.14468 43.45024 16.14469 43.45009 16.14478 43.44964 16.145 43.44962 16.14512 43.44955 16.14519 43.44945 16.14503 43.44938 16.14512 43.44947 16.14531 43.44944 16.14537 43.44934 16.14536 43.44925 16.14544 43.44917 16.14543 43.44903 16.14542 43.44902 16.14552 43.44898 16.14553 43.4489 16.14545 43.44881 16.14548 43.44865 16.14548 43.44859 16.14547 43.44857 16.14543 43.44857 16.1454 43.44858 16.14528 43.44866 16.14503 43.44875 16.1448 43.44882 16.14486 43.44887 16.14479 43.44879 16.14472 43.44882 16.14462 43.44892 16.14463 43.44894 16.14448 43.44886 16.14446 43.44914 16.14387 43.44925 16.14354 43.44956 16.14314 43.44975 16.14305 43.44997 16.14307 43.44997 16.14327 43.45006 16.14327 43.45007 16.14308 43.45028 16.14308 43.45046 16.14288 43.4505 16.14278 43.45061 16.14227 43.45063 16.14175 43.45045 16.13963 43.45031 16.13942 43.45011 16.13935 43.44996 16.13937 43.44951 16.13963 43.44938 16.1397 43.44925 16.13976 43.44906 16.13982 43.44892 16.13986 43.44889 16.13981 43.44886 16.13971 43.44878 16.13976 43.44883 16.13993 43.44869 16.13998 43.44845 16.13999 43.44835 16.14003 43.44813 16.14015 43.4481 16.14009 43.44804 16.14009 43.44803 16.14023 43.44796 16.14026 43.44786 16.14023 43.44782 16.14011 43.44789 16.14 43.44794 16.14006 43.44799 16.13999 43.44795 16.13992 43.44799 16.13988 43.44805 16.13994 43.44811 16.13985 43.44805 16.13977 43.44808 16.13969 43.44815 16.13977 43.44821 16.13968 43.44813 16.13958 43.44829 16.13922 43.44845 16.13887 43.44867 16.1386 43.44896 16.13823 43.44936 16.13742 43.44967 16.13696 43.44989 16.13655 43.45017 16.13612 43.45039 16.13569 43.45046 16.13547 43.45046 16.13525 43.45041 16.13507 43.4502 16.13475 43.45017 16.13455 43.45016 16.13435 43.45019 16.13423 43.45037 16.13403 43.45089 16.13362 43.45097 16.13348 43.45103 16.13329 43.45103 16.13298 43.45098 16.13224 43.45099 16.13214 43.45103 16.13196 43.45133 16.13126 43.45155 16.13049 43.45164 16.13021 43.45172 16.12986 43.45182 16.1293 43.45188 16.12898 43.45195 16.12855 43.45203 16.12813 43.45213 16.12737 43.45213 16.12672 43.45203 16.12611 43.45193 16.12564 43.45172 16.12499 43.45129 16.12412 43.45112 16.12387 43.45058 16.12334 43.45024 16.12308 43.44985 16.12283 43.44889 16.12226 43.44867 16.12214 43.44844 16.12204 43.44793 16.12186 43.44762 16.12176 43.44718 16.12169 43.44679 16.12177 43.44635 16.12193 43.44601 16.12202 43.44571 16.12216 43.44517 16.12252 43.44499 16.12269 43.44477 16.12281 43.44455 16.12303 43.44418 16.12357 43.44409 16.12372 43.44391 16.12423 43.44377 16.12452 43.44369 16.12489 43.44369 16.12532 43.44365 16.12546 43.44354 16.12558 43.44338 16.1257 43.44305 16.12587 43.4427 16.12621 43.44252 16.12645 43.44241 16.12669 43.44237 16.12714 43.44232 16.12729 43.44227 16.12737 43.44219 16.12741 43.44203 16.12745 43.4419 16.12743 43.44181 16.12738 43.4418 16.12722 43.44188 16.12722 43.44189 16.12715 43.44181 16.12715 43.4418 16.12655 43.44178 16.12628 43.44179 16.12613 43.44201 16.12544 43.44209 16.12503 43.44213 16.12479 43.44219 16.12444 43.44223 16.12419 43.44232 16.12407 43.44234 16.12391 43.44231 16.1238 43.44219 16.12366 43.44207 16.12349 43.44178 16.12335 43.4415 16.12303 43.44133 16.1229 43.44083 16.12263 43.44067 16.12257 43.43995 16.12257 43.43986 16.1225 43.43983 16.1224 43.43984 16.12232 43.43992 16.12223 43.44041 16.12196 43.44084 16.1216 43.44099 16.12153 43.4413 16.12151 43.44143 16.12148 43.44146 16.12143 43.4415 16.12143 43.44162 16.12162 43.4417 16.12168 43.44192 16.12168 43.44241 16.12151 43.44301 16.12115 43.44326 16.12087 43.44355 16.12016 43.44356 16.12007 43.44356 16.11982 43.44355 16.11962 43.44351 16.1195 43.44342 16.11925 43.44296 16.11853 43.44268 16.11783 43.44255 16.11765 43.44233 16.1175 43.44216 16.11741 43.44187 16.1173 43.44165 16.11726 43.44137 16.11731 43.44116 16.11748 43.44089 16.11757 43.44022 16.11756 43.43993 16.11762 43.43971 16.11762 43.43961 16.11756 43.43955 16.11748 43.43952 16.11729 43.4394 16.11715 43.4392 16.11705 43.43887 16.11693 43.4387 16.11672 43.43845 16.11641 43.4381 16.11617 43.43778 16.11589 43.43755 16.11571 43.43743 16.11558 43.43736 16.11546 43.43723 16.11538 43.43721 16.11533 43.43723 16.11526 43.43727 16.11516 43.43745 16.11469 43.43754 16.11437 43.43758 16.11404 43.4376 16.11367 43.43756 16.11272 43.43749 16.1122 43.43736 16.1116 43.43722 16.11121 43.43708 16.11093 43.43692 16.11068 43.43674 16.11051 43.43661 16.11031 43.43647 16.11011 43.43636 16.11008 43.43632 16.11012 43.43629 16.1102 43.43628 16.1103 43.43624 16.11029 43.43623 16.11024 43.43624 16.11 43.43622 16.10995 43.43617 16.1099 43.43591 16.10992 43.4358 16.10997 43.43568 16.11004 43.43548 16.11031 43.43542 16.11056 43.43536 16.11067 43.43527 16.11077 43.43519 16.11087 43.43515 16.11112 43.43509 16.11122 43.43498 16.11133 43.4349 16.1115 43.43476 16.11178 43.43462 16.112 43.43449 16.11212 43.43443 16.11227 43.43431 16.11231 43.43417 16.11224 43.43397 16.11225 43.43382 16.1122 43.4337 16.11208 43.43355 16.11198 43.4335 16.1119 43.43348 16.11178 43.43347 16.11116 43.43336 16.11037 43.43329 16.11016 43.43311 16.10958 43.433 16.10935 43.43288 16.10918 43.43275 16.10905 43.43259 16.10897 43.43205 16.10858 43.43179 16.10848 43.4316 16.10838 43.43116 16.10828 43.43102 16.10825 43.43068 16.10812 43.43026 16.10809 43.43008 16.10819 43.4299 16.10843 43.42981 16.10863 43.42975 16.10887 43.42974 16.10939 43.42967 16.11008 43.42966 16.1109 43.42961 16.11122 43.42959 16.11188 43.42968 16.11216 43.42968 16.11299 43.42967 16.11323 43.42961 16.11351 43.42937 16.1142 43.42895 16.11481 43.42892 16.11491 43.42888 16.11503 43.42889 16.11518 43.42891 16.11528 43.42889 16.1154 43.42882 16.1155 43.4288 16.11559 43.42878 16.11582 43.42872 16.11616 43.42874 16.11646 43.42881 16.11659 43.42888 16.11666 43.42897 16.11674 43.42946 16.11692 43.4301 16.11691 43.43018 16.11696 43.43023 16.11706 43.43021 16.11719 43.43015 16.11733 43.42994 16.11768 43.42986 16.11783 43.42979 16.11811 43.42978 16.11836 43.42984 16.11853 43.42987 16.11863 43.43003 16.11886 43.43009 16.11895 43.43014 16.11907 43.43013 16.11918 43.43007 16.11929 43.42992 16.11942 43.42977 16.11957 43.42953 16.11966 43.42947 16.11968 43.42941 16.11976 43.42937 16.11983 43.42932 16.12008 43.42931 16.12025 43.42931 16.12043 43.42929 16.1206 43.42929 16.12074 43.42943 16.12093 43.42951 16.12102 43.42958 16.12123 43.42965 16.12139 43.4297 16.12154 43.42966 16.12168 43.42922 16.12208 43.42899 16.12212 43.42892 16.12217 43.42871 16.12222 43.42855 16.12253 43.42846 16.12249 43.42845 16.12236 43.42841 16.1223 43.4283 16.12228 43.4282 16.12235 43.42807 16.12258 43.42799 16.12287 43.42788 16.12314 43.42784 16.12366 43.42791 16.12405 43.42819 16.12505 43.42833 16.1254 43.42836 16.12562 43.42832 16.12578 43.42827 16.12586 43.42816 16.12594 43.42776 16.12605 43.42769 16.12612 43.42762 16.12622 43.42751 16.12652 43.42748 16.12703 43.42749 16.12786 43.42755 16.1285 43.42754 16.12901 43.42746 16.12936 43.42745 16.12949 43.42746 16.1296 43.42753 16.12973 43.42756 16.12988 43.42756 16.13007 43.42752 16.1302 43.42752 16.13035 43.42756 16.1304 43.42763 16.13038 43.42773 16.13034 43.42781 16.13029 43.42786 16.13031 43.42786 16.13038 43.42781 16.13045 43.42777 16.13052 43.42776 16.13055 43.42778 16.13057 43.42783 16.13057 43.42799 16.13058 43.42805 16.13065 43.42809 16.1308 43.42806 16.13085 43.42797 16.13087 43.42793 16.13095 43.42796 16.13119 43.42795 16.13132 43.428 16.13139 43.42807 16.13137 43.42812 16.13128 43.4282 16.13137 43.42818 16.13146 43.42821 16.13154 43.4283 16.13164 43.42848 16.13187 43.42864 16.13222 43.42869 16.13234 43.42885 16.13264 43.42906 16.13312 43.4292 16.13334 43.42942 16.13352 43.42976 16.1339 43.43011 16.1341 43.43038 16.13418 43.43073 16.13449 43.43093 16.1346 43.43128 16.13462 43.43133 16.13469 43.43135 16.13484 43.4314 16.13496 43.43138 16.13509 43.43122 16.1353 43.43113 16.1355 43.43109 16.13575 43.43099 16.136 43.43101 16.13627 43.43116 16.1364 43.43123 16.13645 43.43124 16.13652 43.43122 16.1366 43.43117 16.13684 43.43113 16.13696 43.43078 16.1374 43.43069 16.13762 43.43067 16.13774 43.43067 16.13799 43.4307 16.13814 43.43099 16.13859 43.43118 16.13878 43.43121 16.13889 43.4312 16.13899 43.43107 16.13918 43.43096 16.13945 43.43074 16.13972 43.43051 16.13994 43.43045 16.14003 43.43034 16.14033 43.43028 16.14057 43.43018 16.14075 43.43015 16.14091 43.43006 16.14146 43.42995 16.14175 43.42969 16.14222 43.42962 16.14241 43.42954 16.14278 43.42952 16.1431 43.42947 16.14331 43.42949 16.14389 43.42955 16.14418 43.4296 16.14461 43.42966 16.14501 43.42976 16.14521 43.42989 16.14558 43.43005 16.14574 43.43009 16.14581 43.43008 16.14588 43.43002 16.14589 43.42992 16.14589 43.42986 16.14591 43.42985 16.146 43.42996 16.14613 43.43017 16.1462 43.43055 16.14643 43.43076 16.14659 43.43092 16.14676 43.43142 16.14709 43.43157 16.14724 43.43169 16.14732 43.43207 16.1478 43.43248 16.1481 43.43269 16.14818 43.43298 16.14818 43.43329 16.14807 43.43356 16.14783 43.43435 16.14673 43.43464 16.14622 43.43495 16.14583 43.4355 16.14492 43.43564 16.1448 43.43575 16.14475 43.43585 16.14479 43.43591 16.14483 43.43602 16.14498 43.43607 16.14513 43.43612 16.14558 43.43626 16.14588 43.43626 16.14602 43.4362 16.14622 43.43608 16.14664 43.436 16.14678 43.43594 16.1471 43.43594 16.1474 43.43603 16.1478 43.43626 16.1483 43.43631 16.14854 43.43629 16.14869 43.43623 16.14881 43.43594 16.14918 43.43576 16.14973 43.43572 16.14994 43.43568 16.15012 43.43568 16.15046 43.43565 16.15061 43.43564 16.15085 43.43572 16.15123 43.43581 16.15145 43.43586 16.15182 43.43598 16.15207 43.43616 16.15257 43.43635 16.15284 43.43651 16.15295 43.43669 16.153 43.43701 16.15321 43.43731 16.15332 43.43775 16.15332 43.43808 16.15325 43.4382 16.15318 43.43847 16.15316 43.43855 16.15321 43.43876 16.15324 43.43882 16.15327 43.43885 16.15336 43.43881 16.15351 43.43863 16.15375 43.43854 16.15395 43.4385 16.15414 43.4385 16.15466 43.43844 16.15483 43.43831 16.15503 43.43816 16.15502 43.43806 16.15503 43.43762 16.15534 43.43699 16.15607 43.43682 16.15609 43.4367 16.15601 43.43661 16.15601 43.4365 16.15613 43.43641 16.15613 43.43634 16.15606 43.43614 16.15608 43.43594 16.15625 43.43579 16.15648 43.43563 16.15688 43.43546 16.15757 43.43545 16.15767 43.43546 16.15782 43.43557 16.15799 43.43558 16.15807 43.43556 16.15818 43.43553 16.15828 43.43557 16.15846 43.43561 16.15856 43.43559 16.15864 43.43554 16.15871 43.43505 16.15902 43.43452 16.1595 43.43443 16.15955 43.43425 16.1598 43.43389 16.16013 43.43337 16.16096 43.43324 16.16126 43.43299 16.1617 43.43253 16.16243 43.43242 16.16277 43.43222 16.16326 43.43223 16.16334 43.43234 16.16342 43.43239 16.16354 43.43239 16.16359 43.43234 16.16364 43.43214 16.16363 43.4321 16.16368 43.43205 16.16375 43.43195 16.16427 43.43195 16.16462 43.43202 16.16504 43.43201 16.16546 43.43196 16.16576 43.43189 16.16605 43.43186 16.1663 43.4319 16.1665 43.43196 16.16687 43.43195 16.16766 43.43199 16.16805 43.43211 16.16845 43.43223 16.1687 43.4323 16.16885 43.43244 16.169 43.4327 16.16913 43.43293 16.16931 43.4332 16.16943 43.43345 16.16949 43.43421 16.16987 43.43442 16.16993 43.43463 16.16998 43.43517 16.17016 43.43544 16.17029 43.43626 16.17051 43.43668 16.17051 43.43699 16.17046 43.43714 16.17039 43.43741 16.17033 43.4376 16.17018 43.43779 16.17018 43.43785 16.17013 43.43802 16.16997 43.43812 16.16992 43.43839 16.1699 43.43847 16.16988 43.43867 16.16985 43.43875 16.16979 43.43876 16.16973 43.43869 16.16964 43.43854 16.16951 43.43851 16.16938 43.43862 16.16927 43.43878 16.16919 43.43897 16.16921 43.4392 16.16936 43.43942 16.1695 43.43951 16.16956 43.43961 16.16965 43.43967 16.16983 43.43972 16.17018 43.43973 16.17043 43.43988 16.171 43.44016 16.1714 43.44041 16.17162 43.44057 16.17185 43.44068 16.17215 43.44074 16.17254 43.44071 16.17393 43.44078 16.1743 43.44083 16.17444 43.44095 16.17485 43.44102 16.175 43.44133 16.17542 43.44139 16.17558 43.44159 16.17585 43.4417 16.17601 43.4416 16.17623 43.4417 16.17635 43.44181 16.17614 43.44186 16.17625 43.44204 16.1765 43.44225 16.1765 43.44263 16.17636 43.44301 16.17615 43.44324 16.17595 43.44336 16.17578 43.44372 16.17549 43.44401 16.17515 43.44427 16.17494 43.44505 16.17444 43.44517 16.1743 43.44526 16.17424 43.4454 16.17412 43.44554 16.17407 43.44567 16.17406 43.44579 16.17408 43.44603 16.17419 43.44618 16.17426 43.44634 16.17433 43.44663 16.17444 43.44675 16.17452 43.44706 16.17454 43.44722 16.1746 43.4476 16.17456 43.44818 16.17429 43.44849 16.17408 43.44867 16.17379 43.4488 16.17332 43.44891 16.17307 43.4491 16.1727 43.44912 16.17268 43.44916 16.17263 43.44921 16.17262 43.44928 16.17266 43.44967 16.17311 43.44981 16.17319 43.44995 16.17324 43.45021 16.17325 43.45046 16.17315 43.45082 16.17286 43.45095 16.17269 43.45104 16.1725 43.45113 16.17221 43.45117 16.17192 43.45119 16.17171 43.45124 16.17135 43.45129 16.17117 43.45136 16.17107 43.45149 16.171 43.45181 16.17095 43.45236 16.17072 43.45263 16.17045 43.45307 16.16989 43.45321 16.16975 43.45343 16.16963 43.45355 16.16951 43.45365 16.16935 43.45376 16.1691 43.45383 16.16889 43.45387 16.16862 43.4539 16.16837 43.45391 16.16823 43.45397 16.16813 43.45408 16.16813 43.45425 16.16823 43.45465 16.16829 43.4549 16.16825 43.45532 16.16806 43.45539 16.16798 43.45577 16.16767 43.45597 16.16743 43.45627 16.16704 43.45635 16.16684 43.45659 16.16648 43.45678 16.16591 43.45686 16.16554 43.45708 16.1648 43.45716 16.16416 43.45719 16.16325 43.45714 16.16263 43.45709 16.16251 43.45707 16.16226 43.45707 16.16209 43.45709 16.16201 43.45715 16.16194 43.45725 16.16187 43.45761 16.16182 43.4579 16.16166 43.45812 16.16136 43.45833 16.16085 43.45848 16.15972 43.45851 16.1589 43.45839 16.1585 43.45808 16.1581 43.45806 16.15802 43.45807 16.15795 43.45812 16.15787 43.45821 16.15778 43.45856 16.15767 43.45872 16.15752 43.45885 16.15735 43.45898 16.15699 43.45903 16.15676 43.45907 16.15651 43.4591 16.15567 43.45907 16.15533 43.459 16.15471 43.45896 16.15356 43.4589 16.15322 43.45886 16.15305 43.45879 16.15268 43.45877 16.15243 43.45862 16.15146 43.4586 16.15123 43.45857 16.15102 43.45848 16.15067 43.45841 16.15018 43.45832 16.14995 43.4582 16.1498 43.45804 16.14967 43.45779 16.14952 43.45718 16.14943 43.45714 16.14937 43.45713 16.14931 43.45713 16.14921 43.45722 16.14879 43.4575 16.14815 43.45762 16.14773 43.45767 16.14742 43.45762 16.14655 43.45746 16.14546 43.45747 16.14483 43.4575 16.14446 43.45761 16.14386 43.45766 16.14341 43.4578 16.1428 43.45792 16.14219 43.45803 16.14197 43.4581 16.14177 43.45812 16.14161 43.45811 16.14123 43.45812 16.14112</gml:posList>
                        </gml:LinearRing>
                      </gml:exterior>
                    </gml:Polygon>
                  </gml:surfaceMember>
                  <gml:surfaceMember>
                    <gml:Polygon gml:id="MEDIA_MONITORED_CILJ_ID_1_POLUTANT_3_MODEL_113">
                      <gml:exterior>
                        <gml:LinearRing>
                          <gml:posList srsDimension="2">43.5301 16.43902 43.5301 16.4389 43.5301 16.43886 43.53008 16.43879 43.53004 16.43877 43.52999 16.43877 43.52996 16.43881 43.52995 16.43891 43.52996 16.43898 43.52998 16.43906 43.53 16.43908 43.53003 16.4391 43.53007 16.43908 43.5301 16.43902</gml:posList>
                        </gml:LinearRing>
                      </gml:exterior>
                    </gml:Polygon>
                  </gml:surfaceMember>
                  <gml:surfaceMember>
                    <gml:Polygon gml:id="MEDIA_MONITORED_CILJ_ID_1_POLUTANT_3_MODEL_114">
                      <gml:exterior>
                        <gml:LinearRing>
                          <gml:posList srsDimension="2">43.48228 16.34687 43.48231 16.34691 43.48236 16.34693 43.48241 16.34692 43.48243 16.3469 43.48243 16.34681 43.48239 16.34676 43.48235 16.34674 43.4823 16.34674 43.48229 16.34678 43.48228 16.34683 43.48228 16.34687</gml:posList>
                        </gml:LinearRing>
                      </gml:exterior>
                    </gml:Polygon>
                  </gml:surfaceMember>
                  <gml:surfaceMember>
                    <gml:Polygon gml:id="MEDIA_MONITORED_CILJ_ID_1_POLUTANT_3_MODEL_115">
                      <gml:exterior>
                        <gml:LinearRing>
                          <gml:posList srsDimension="2">43.5363 16.44415 43.53633 16.44421 43.53637 16.44421 43.53641 16.44419 43.53645 16.44412 43.53649 16.44399 43.53648 16.44394 43.53644 16.44389 43.53638 16.44389 43.53631 16.44396 43.5363 16.44404 43.5363 16.44415</gml:posList>
                        </gml:LinearRing>
                      </gml:exterior>
                    </gml:Polygon>
                  </gml:surfaceMember>
                  <gml:surfaceMember>
                    <gml:Polygon gml:id="MEDIA_MONITORED_CILJ_ID_1_POLUTANT_3_MODEL_116">
                      <gml:exterior>
                        <gml:LinearRing>
                          <gml:posList srsDimension="2">43.52418 16.27612 43.52478 16.27707 43.52487 16.27707 43.52499 16.2769 43.52509 16.27673 43.52508 16.27667 43.52503 16.27654 43.52499 16.27652 43.52493 16.27655 43.52484 16.27661 43.52482 16.27661 43.52477 16.2766 43.52471 16.27653 43.5246 16.27632 43.52448 16.2761 43.52445 16.276 43.52438 16.2757 43.52434 16.2754 43.52428 16.27524 43.52422 16.27512 43.52417 16.27496 43.52417 16.27481 43.52423 16.27462 43.52423 16.27435 43.52414 16.27404 43.52415 16.27389 43.52416 16.27384 43.52418 16.27379 43.52424 16.27374 43.52436 16.27375 43.52442 16.27367 43.52442 16.2736 43.52437 16.27352 43.5241 16.27352 43.52401 16.27359 43.52397 16.27369 43.52396 16.27411 43.524 16.27433 43.52403 16.27466 43.52404 16.2749 43.52402 16.27547 43.52405 16.27582 43.52418 16.27612</gml:posList>
                        </gml:LinearRing>
                      </gml:exterior>
                    </gml:Polygon>
                  </gml:surfaceMember>
                  <gml:surfaceMember>
                    <gml:Polygon gml:id="MEDIA_MONITORED_CILJ_ID_1_POLUTANT_3_MODEL_117">
                      <gml:exterior>
                        <gml:LinearRing>
                          <gml:posList srsDimension="2">43.58534 16.47565 43.58764 16.46715 43.58899 16.45595 43.58951 16.45112 43.59091 16.43813 43.58676 16.43165 43.57105 16.4132 43.57031 16.41939 43.56908 16.42981 43.56988 16.43096 43.56776 16.43584 43.56765 16.43788 43.5643 16.44156 43.56311 16.44468 43.56216 16.44651 43.55815 16.44554 43.55785 16.44637 43.55773 16.44671 43.55741 16.44693 43.55711 16.44713 43.55668 16.44741 43.55464 16.45812 43.55378 16.45839 43.55337 16.45931 43.55231 16.45945 43.55222 16.45946 43.54973 16.45886 43.54956 16.45882 43.54943 16.45879 43.54928 16.45875 43.54927 16.45875 43.54846 16.45855 43.54768 16.45837 43.54695 16.45819 43.54557 16.45761 43.5454 16.45765 43.54498 16.45772 43.54496 16.45772 43.54459 16.45796 43.54444 16.4589 43.54356 16.46023 43.54197 16.46066 43.54189 16.46071 43.54184 16.46073 43.54177 16.46079 43.54135 16.46103 43.53981 16.46194 43.53767 16.46171 43.53765 16.46173 43.53763 16.46188 43.53769 16.462 43.5377 16.46207 43.53764 16.46211 43.53747 16.46211 43.53726 16.46213 43.53719 16.46217 43.53709 16.4623 43.53706 16.46235 43.53705 16.46262 43.53702 16.46275 43.53695 16.46286 43.53694 16.4629 43.53669 16.46284 43.53667 16.46289 43.53645 16.46399 43.53644 16.46411 43.53639 16.46435 43.53628 16.46484 43.53621 16.46528 43.53624 16.46541 43.53631 16.4655 43.53634 16.46557 43.53634 16.46571 43.53627 16.46573 43.53626 16.46572 43.53623 16.4656 43.53614 16.46569 43.53617 16.46578 43.53618 16.46606 43.53619 16.46633 43.53627 16.46635 43.53635 16.46629 43.53645 16.46633 43.53649 16.46634 43.53657 16.46635 43.53663 16.4664 43.53671 16.46661 43.53677 16.46677 43.53689 16.4671 43.53694 16.46727 43.537 16.46743 43.53703 16.46754 43.53699 16.46758 43.5369 16.46762 43.53682 16.46764 43.53646 16.46766 43.53643 16.46761 43.53642 16.46733 43.53634 16.46734 43.53634 16.46767 43.53637 16.46774 43.53646 16.46779 43.53686 16.46778 43.53694 16.46778 43.53699 16.46788 43.53701 16.46809 43.53706 16.46822 43.53708 16.46826 43.5371 16.46832 43.53724 16.46834 43.53729 16.46835 43.53737 16.46847 43.53739 16.4686 43.53738 16.46885 43.53715 16.46953 43.53711 16.46979 43.53708 16.46991 43.53702 16.46999 43.53688 16.47008 43.53678 16.47015 43.53669 16.47019 43.53662 16.47024 43.53638 16.47073 43.5363 16.47099 43.53599 16.47141 43.53594 16.47153 43.53592 16.47186 43.53594 16.47197 43.53593 16.47214 43.5359 16.47228 43.53591 16.47246 43.53593 16.47265 43.53592 16.47287 43.53585 16.47321 43.53572 16.47356 43.53572 16.47358 43.53556 16.47404 43.53537 16.47445 43.5352 16.47476 43.53506 16.47499 43.53503 16.47508 43.53492 16.47531 43.53486 16.47553 43.53486 16.47565 43.53486 16.47567 43.53486 16.47577 43.53484 16.47581 43.53472 16.47594 43.53459 16.47607 43.53425 16.4748 43.53385 16.47505 43.53376 16.47512 43.53344 16.47528 43.53314 16.47542 43.53284 16.47555 43.53288 16.47569 43.53322 16.47552 43.5342 16.47501 43.53422 16.47501 43.53425 16.4751 43.53436 16.47557 43.53436 16.47563 43.53304 16.47682 43.53299 16.47683 43.5327 16.47686 43.53268 16.4768 43.53265 16.47655 43.53259 16.47609 43.5325 16.47609 43.53252 16.47639 43.53256 16.4767 43.53258 16.47687 43.5326 16.477 43.53258 16.47711 43.53248 16.47724 43.53235 16.47734 43.53221 16.47741 43.53213 16.47744 43.53211 16.4774 43.53212 16.47674 43.53215 16.47652 43.53214 16.47624 43.53215 16.47579 43.53218 16.47559 43.53219 16.4754 43.53219 16.47513 43.53218 16.47498 43.5322 16.47483 43.53225 16.47462 43.53237 16.47431 43.53244 16.47407 43.53248 16.47392 43.5325 16.47377 43.5325 16.47364 43.53245 16.47337 43.53243 16.47324 43.53243 16.47317 43.53243 16.47295 43.53249 16.47275 43.53253 16.47263 43.53255 16.47254 43.53255 16.47247 43.53252 16.47241 43.53247 16.47233 43.53243 16.47229 43.53242 16.47225 43.53245 16.47219 43.53247 16.47211 43.53246 16.47207 43.53244 16.47203 43.53242 16.47198 43.5324 16.47189 43.5324 16.47153 43.53238 16.47147 43.53235 16.4714 43.53231 16.47136 43.53202 16.47133 43.53191 16.47125 43.53182 16.47117 43.53174 16.47111 43.53168 16.47108 43.53161 16.47101 43.53157 16.47095 43.53151 16.47087 43.53148 16.4708 43.53147 16.47065 43.53149 16.4705 43.53152 16.4704 43.53158 16.47032 43.53163 16.4703 43.53165 16.47032 43.53171 16.47038 43.53179 16.4704 43.5318 16.47041 43.53185 16.47037 43.53193 16.4703 43.53197 16.4703 43.53204 16.47025 43.53211 16.47014 43.53216 16.47011 43.53223 16.4701 43.53228 16.47014 43.53235 16.47013 43.53241 16.47005 43.53243 16.46998 43.53245 16.46991 43.53248 16.46984 43.53252 16.46979 43.53255 16.46973 43.53257 16.46969 43.53258 16.46964 43.53258 16.46958 43.53257 16.46952 43.53257 16.46941 43.53254 16.46936 43.53251 16.46931 43.5325 16.46929 43.53249 16.46926 43.53248 16.46918 43.53249 16.46914 43.53252 16.46908 43.53255 16.46901 43.53256 16.46899 43.53257 16.46886 43.53256 16.46884 43.53256 16.46881 43.53254 16.4688 43.53254 16.46878 43.53254 16.4687 43.53256 16.46862 43.53257 16.46857 43.53258 16.4685 43.5326 16.46847 43.53265 16.46846 43.53267 16.46842 43.53267 16.46841 43.53266 16.46838 43.53264 16.46835 43.53261 16.46834 43.53258 16.46833 43.53256 16.46832 43.53252 16.4683 43.53248 16.4683 43.5324 16.46834 43.53233 16.46836 43.53228 16.46838 43.53223 16.46837 43.5322 16.46835 43.53217 16.46833 43.53207 16.46823 43.53204 16.46819 43.532 16.46814 43.53199 16.46809 43.53199 16.46799 43.53202 16.4679 43.53204 16.46783 43.53205 16.46778 43.53207 16.46772 43.53207 16.46765 43.53207 16.46757 43.53205 16.46748 43.53201 16.46743 43.53195 16.46734 43.53192 16.46729 43.53189 16.46721 43.53189 16.46713 43.53187 16.46708 43.53185 16.46697 43.53184 16.46683 43.53183 16.46681 43.53181 16.46678 43.5318 16.46667 43.53178 16.46658 43.53177 16.46656 43.53175 16.46646 43.53172 16.46641 43.53167 16.46635 43.53156 16.46633 43.53155 16.46633 43.53102 16.46632 43.53104 16.46648 43.53105 16.46662 43.53106 16.46674 43.53109 16.46685 43.53111 16.46692 43.53111 16.46702 43.5311 16.46703 43.53103 16.46701 43.53088 16.46693 43.53085 16.46687 43.53083 16.46674 43.53081 16.4666 43.5308 16.46654 43.53078 16.46633 43.5306 16.46628 43.53058 16.46627 43.5306 16.46547 43.53051 16.46547 43.5305 16.46574 43.53045 16.4658 43.53043 16.46581 43.53038 16.46582 43.53022 16.46586 43.53018 16.46604 43.53014 16.46631 43.5301 16.46653 43.53006 16.46668 43.53005 16.46676 43.52983 16.46675 43.52982 16.46697 43.52979 16.46707 43.52976 16.46719 43.52973 16.46727 43.52917 16.46949 43.52916 16.46955 43.52908 16.46993 43.52901 16.4702 43.52901 16.47026 43.52909 16.47039 43.52908 16.47063 43.52906 16.47077 43.52902 16.47086 43.52901 16.47091 43.529 16.47096 43.52889 16.47114 43.52879 16.47126 43.52873 16.4714 43.52868 16.47162 43.52864 16.47178 43.52862 16.47183 43.52859 16.47184 43.52858 16.47182 43.52862 16.47169 43.52854 16.47165 43.52849 16.47176 43.52845 16.47193 43.52837 16.47222 43.52836 16.47229 43.52835 16.47237 43.52831 16.47251 43.52823 16.47273 43.52819 16.47285 43.52817 16.47297 43.52815 16.47307 43.52814 16.47312 43.52815 16.47318 43.52818 16.47319 43.52819 16.47318 43.52822 16.47313 43.52825 16.47307 43.52827 16.47305 43.5283 16.47304 43.52831 16.47305 43.52832 16.47309 43.52829 16.47318 43.52822 16.4733 43.52815 16.47346 43.52811 16.47356 43.5281 16.47367 43.52806 16.4738 43.52802 16.47392 43.52799 16.47401 43.52797 16.47408 43.52793 16.47414 43.52786 16.47418 43.5278 16.47423 43.52773 16.47435 43.52768 16.47445 43.52765 16.4745 43.52762 16.47452 43.52757 16.47451 43.52755 16.47447 43.52934 16.48203 43.52933 16.48279 43.52932 16.48297 43.52932 16.48332 43.52931 16.48388 43.52931 16.48403 43.52931 16.48405 43.5293 16.48409 43.52929 16.48867 43.52929 16.48958 43.52928 16.49343 43.52927 16.49517 43.52925 16.49528 43.52914 16.49595 43.52892 16.49734 43.52885 16.4986 43.52877 16.50005 43.5287 16.50055 43.52869 16.50063 43.52854 16.50169 43.52815 16.5043 43.5281 16.50444 43.52803 16.50462 43.52783 16.50512 43.52693 16.50737 43.52654 16.50788 43.52641 16.50805 43.52599 16.50812 43.52586 16.50814 43.52566 16.50823 43.52548 16.50914 43.52404 16.51043 43.52311 16.51282 43.52275 16.51441 43.52222 16.51677 43.52245 16.51679 43.52161 16.5209 43.52124 16.52365 43.52108 16.52521 43.52087 16.52717 43.52085 16.52737 43.52082 16.52759 43.52031 16.53073 43.52034 16.53138 43.52076 16.53196 43.5212 16.53209 43.52227 16.5324 43.5238 16.53233 43.52418 16.53231 43.52528 16.53343 43.52554 16.53369 43.52571 16.53386 43.53381 16.54183 43.53779 16.54575 43.53908 16.54702 43.54665 16.55448 43.54666 16.55449 43.54359 16.54804 43.5416 16.5422 43.54063 16.53936 43.54085 16.539 43.54181 16.53183 43.54281 16.52439 43.5429 16.52369 43.5429 16.52365 43.54292 16.52334 43.54297 16.52261 43.54277 16.52197 43.54229 16.52035 43.54156 16.51793 43.54151 16.51742 43.54142 16.51669 43.54133 16.51563 43.5413 16.51527 43.54116 16.5136 43.54035 16.51169 43.54018 16.5104 43.54016 16.51024 43.54058 16.50863 43.54075 16.50799 43.54068 16.50763 43.5406 16.50724 43.54024 16.50551 43.54033 16.50498 43.54052 16.50383 43.54055 16.50329 43.54061 16.50251 43.54063 16.50225 43.54063 16.50215 43.54063 16.50208 43.54062 16.50173 43.54061 16.50151 43.54059 16.50077 43.54041 16.49927 43.54023 16.49871 43.53999 16.49798 43.54001 16.49728 43.53977 16.49649 43.5397 16.49624 43.53936 16.49598 43.53914 16.49581 43.53832 16.49517 43.53802 16.49481 43.53764 16.49321 43.53767 16.49266 43.53778 16.49239 43.5378 16.49233 43.53825 16.49191 43.5388 16.49278 43.53932 16.49327 43.54008 16.49386 43.54093 16.4947 43.54112 16.49489 43.5414 16.49517 43.54153 16.49532 43.54174 16.49554 43.54184 16.49565 43.54267 16.49584 43.54332 16.49593 43.54361 16.49599 43.54425 16.49611 43.54463 16.49627 43.54483 16.49636 43.54491 16.49645 43.5454 16.49701 43.54551 16.49713 43.54601 16.49748 43.54652 16.49784 43.54695 16.49802 43.54711 16.49808 43.54738 16.49802 43.5479 16.4979 43.54798 16.49813 43.54808 16.49842 43.54824 16.49856 43.54833 16.49864 43.54871 16.49866 43.5497 16.4986 43.55012 16.49821 43.55047 16.49799 43.55065 16.49787 43.5515 16.498 43.55276 16.49818 43.55315 16.49883 43.55331 16.49893 43.55372 16.4992 43.55405 16.4993 43.5544 16.49941 43.55652 16.4991 43.55686 16.4991 43.55692 16.4991 43.55694 16.4991 43.55716 16.49937 43.5572 16.49942 43.55721 16.49944 43.55723 16.49946 43.5573 16.49955 43.55751 16.49992 43.55768 16.50021 43.55785 16.50041 43.55803 16.50064 43.55831 16.5015 43.55848 16.50249 43.559 16.50665 43.55918 16.50677 43.56042 16.50758 43.56078 16.50678 43.56124 16.50576 43.5614 16.50557 43.5615 16.50546 43.5619 16.50583 43.5623 16.5069 43.56271 16.5079 43.56345 16.50831 43.56374 16.5076 43.56404 16.50699 43.56412 16.50685 43.56421 16.5067 43.56433 16.5065 43.56445 16.50631 43.56451 16.50621 43.56453 16.50618 43.56443 16.50588 43.56436 16.50564 43.56453 16.50505 43.56482 16.50402 43.56522 16.50338 43.5653 16.50325 43.56602 16.50142 43.5662 16.49936 43.56703 16.49964 43.56739 16.49976 43.56804 16.49834 43.56858 16.49811 43.57 16.49753 43.57014 16.49747 43.57318 16.49623 43.57523 16.49539 43.57576 16.49517 43.57576 16.49516 43.58015 16.49351 43.58431 16.49284 43.58471 16.49192 43.58495 16.48594 43.58465 16.48352 43.58534 16.47565</gml:posList>
                        </gml:LinearRing>
                      </gml:exterior>
                    </gml:Polygon>
                  </gml:surfaceMember>
                  <gml:surfaceMember>
                    <gml:Polygon gml:id="MEDIA_MONITORED_CILJ_ID_1_POLUTANT_3_MODEL_118">
                      <gml:exterior>
                        <gml:LinearRing>
                          <gml:posList srsDimension="2">43.41548 16.1302 43.41593 16.12993 43.41606 16.12979 43.41615 16.12973 43.41622 16.12975 43.41626 16.12983 43.41629 16.12986 43.41638 16.12987 43.41667 16.12972 43.41678 16.12963 43.41702 16.12931 43.41718 16.12917 43.41733 16.12909 43.41742 16.12897 43.41771 16.12876 43.41791 16.12871 43.41818 16.12852 43.41889 16.12776 43.41907 16.12763 43.41934 16.12745 43.41952 16.12723 43.41956 16.12709 43.41967 16.12688 43.41982 16.12648 43.41997 16.12598 43.42002 16.12542 43.42005 16.12509 43.42012 16.1248 43.42022 16.12455 43.42044 16.12414 43.42047 16.12398 43.42051 16.12387 43.42073 16.12353 43.42079 16.12326 43.42083 16.12308 43.4209 16.12294 43.42098 16.12242 43.421 16.12197 43.42107 16.12167 43.42111 16.12114 43.42112 16.12069 43.42105 16.12037 43.42103 16.12027 43.42092 16.12002 43.4209 16.11983 43.42086 16.11968 43.4208 16.11942 43.42073 16.11919 43.42068 16.11909 43.42065 16.11903 43.42059 16.11898 43.42049 16.1189 43.42044 16.11885 43.42029 16.1188 43.42006 16.11879 43.41988 16.11877 43.41974 16.11874 43.41962 16.11872 43.41953 16.11874 43.41948 16.11874 43.41942 16.11876 43.41936 16.11879 43.41926 16.11882 43.4192 16.11885 43.4191 16.11891 43.41887 16.11909 43.41877 16.11918 43.41866 16.1192 43.41852 16.11927 43.41844 16.11933 43.41831 16.11947 43.41819 16.11967 43.41806 16.11981 43.41795 16.11989 43.41787 16.11994 43.41778 16.12 43.41769 16.12014 43.41754 16.12058 43.41739 16.12077 43.41721 16.12087 43.41705 16.12104 43.41701 16.1212 43.41701 16.12136 43.41692 16.12158 43.41613 16.12265 43.41597 16.12297 43.41588 16.12321 43.41584 16.12345 43.41583 16.12386 43.41579 16.12402 43.4157 16.12445 43.41561 16.12479 43.41549 16.12511 43.41546 16.12533 43.41514 16.12611 43.41508 16.12637 43.41503 16.12666 43.41504 16.12717 43.41508 16.12732 43.41511 16.12782 43.41509 16.12821 43.41499 16.12877 43.41489 16.12942 43.41482 16.12971 43.41472 16.12998 43.41472 16.13016 43.41475 16.13024 43.41481 16.13031 43.41499 16.13031 43.41548 16.1302</gml:posList>
                        </gml:LinearRing>
                      </gml:exterior>
                    </gml:Polygon>
                  </gml:surfaceMember>
                  <gml:surfaceMember>
                    <gml:Polygon gml:id="MEDIA_MONITORED_CILJ_ID_1_POLUTANT_3_MODEL_119">
                      <gml:exterior>
                        <gml:LinearRing>
                          <gml:posList srsDimension="2">43.50331 16.41773 43.50335 16.41775 43.5034 16.41774 43.50341 16.41768 43.5035 16.41744 43.50353 16.41731 43.50353 16.41723 43.50349 16.41711 43.50343 16.41709 43.50338 16.41714 43.50334 16.41731 43.5033 16.41745 43.5033 16.41761 43.50331 16.41773</gml:posList>
                        </gml:LinearRing>
                      </gml:exterior>
                    </gml:Polygon>
                  </gml:surfaceMember>
                  <gml:surfaceMember>
                    <gml:Polygon gml:id="MEDIA_MONITORED_CILJ_ID_1_POLUTANT_3_MODEL_120">
                      <gml:exterior>
                        <gml:LinearRing>
                          <gml:posList srsDimension="2">43.50097 16.19453 43.50102 16.19461 43.50111 16.19461 43.50115 16.19455 43.50115 16.19446 43.5011 16.19436 43.50101 16.19434 43.50095 16.19441 43.50097 16.19453</gml:posList>
                        </gml:LinearRing>
                      </gml:exterior>
                    </gml:Polygon>
                  </gml:surfaceMember>
                  <gml:surfaceMember>
                    <gml:Polygon gml:id="MEDIA_MONITORED_CILJ_ID_1_POLUTANT_3_MODEL_121">
                      <gml:exterior>
                        <gml:LinearRing>
                          <gml:posList srsDimension="2">43.53204 16.41892 43.53206 16.41902 43.53211 16.41913 43.53213 16.41918 43.53219 16.41928 43.53224 16.41933 43.53231 16.41933 43.53237 16.41928 43.53241 16.41917 43.53247 16.41895 43.53251 16.4188 43.53251 16.41862 43.53246 16.41851 43.53238 16.41832 43.53234 16.4183 43.53228 16.41829 43.53221 16.4183 43.53213 16.41834 43.53206 16.41845 43.53205 16.41851 43.53204 16.4188 43.53204 16.41892</gml:posList>
                        </gml:LinearRing>
                      </gml:exterior>
                    </gml:Polygon>
                  </gml:surfaceMember>
                  <gml:surfaceMember>
                    <gml:Polygon gml:id="MEDIA_MONITORED_CILJ_ID_1_POLUTANT_3_MODEL_122">
                      <gml:exterior>
                        <gml:LinearRing>
                          <gml:posList srsDimension="2">43.53004 16.44206 43.53004 16.44215 43.53004 16.44222 43.53008 16.44226 43.53011 16.44225 43.53014 16.44218 43.53014 16.44204 43.53014 16.44199 43.53011 16.44196 43.53008 16.44193 43.53005 16.44194 43.53004 16.44199 43.53004 16.44206</gml:posList>
                        </gml:LinearRing>
                      </gml:exterior>
                    </gml:Polygon>
                  </gml:surfaceMember>
                  <gml:surfaceMember>
                    <gml:Polygon gml:id="MEDIA_MONITORED_CILJ_ID_1_POLUTANT_3_MODEL_123">
                      <gml:exterior>
                        <gml:LinearRing>
                          <gml:posList srsDimension="2">43.43915 16.1757 43.43917 16.1755 43.43911 16.17543 43.43906 16.17543 43.43891 16.17555 43.43882 16.17557 43.43844 16.17554 43.43835 16.17561 43.43816 16.17566 43.43729 16.17564 43.43706 16.17571 43.4363 16.17621 43.43617 16.17624 43.43601 16.17633 43.4359 16.17644 43.43581 16.17657 43.43564 16.17684 43.43542 16.17701 43.43535 16.17711 43.43526 16.1775 43.43519 16.17766 43.43507 16.17784 43.43501 16.178 43.43503 16.17841 43.43496 16.17866 43.43493 16.17884 43.43495 16.17905 43.43506 16.17948 43.43523 16.17973 43.43534 16.1798 43.43545 16.17985 43.43572 16.17986 43.43621 16.17965 43.43679 16.17921 43.43783 16.17802 43.43864 16.17727 43.43904 16.17674 43.43908 16.17664 43.43909 16.17605 43.43915 16.1757</gml:posList>
                        </gml:LinearRing>
                      </gml:exterior>
                    </gml:Polygon>
                  </gml:surfaceMember>
                  <gml:surfaceMember>
                    <gml:Polygon gml:id="MEDIA_MONITORED_CILJ_ID_1_POLUTANT_3_MODEL_124">
                      <gml:exterior>
                        <gml:LinearRing>
                          <gml:posList srsDimension="2">43.61492 16.16578 43.61634 16.16225 43.61873 16.15849 43.6225 16.15256 43.63276 16.12911 43.63405 16.12445 43.63457 16.1198 43.63522 16.11535 43.63521 16.11534 43.63382 16.11369 43.63223 16.11217 43.63011 16.10907 43.62385 16.10477 43.61081 16.10193 43.60721 16.12015 43.6062 16.12685 43.60595 16.12702 43.59896 16.1466 43.59136 16.13963 43.58951 16.13969 43.58562 16.13618 43.58513 16.13613 43.58476 16.13545 43.58497 16.13448 43.58404 16.1342 43.5833 16.1345 43.58321 16.1344 43.58272 16.13387 43.58307 16.13279 43.58257 16.13228 43.58108 16.13075 43.58107 16.13074 43.58077 16.13044 43.57982 16.12754 43.57465 16.12228 43.5711 16.12087 43.57087 16.12015 43.57032 16.11866 43.56949 16.11859 43.56863 16.11823 43.56701 16.11742 43.56519 16.11722 43.56329 16.11797 43.56246 16.12194 43.56141 16.12361 43.56116 16.12529 43.56117 16.1253 43.56329 16.12842 43.56199 16.12955 43.56016 16.13114 43.55943 16.13178 43.55922 16.13386 43.55881 16.13546 43.55403 16.1529 43.55377 16.16391 43.54637 16.17411 43.5434 16.1758 43.54183 16.17746 43.53948 16.18042 43.53812 16.18174 43.53784 16.18201 43.53634 16.18246 43.53509 16.18097 43.53227 16.17992 43.52775 16.17913 43.52517 16.18017 43.51993 16.17957 43.51978 16.17876 43.5193 16.17619 43.51874 16.17388 43.51718 16.17242 43.51258 16.17026 43.51255 16.17024 43.51254 16.17047 43.5125 16.17067 43.51248 16.17129 43.51248 16.17161 43.5125 16.17184 43.51251 16.17235 43.51257 16.17295 43.51262 16.1732 43.51269 16.17367 43.51272 16.17391 43.51277 16.17458 43.51284 16.17496 43.51291 16.17523 43.51294 16.17555 43.513 16.17583 43.51302 16.1761 43.51299 16.17647 43.51298 16.17684 43.51303 16.17704 43.51305 16.17741 43.51305 16.17764 43.51305 16.17805 43.51295 16.17832 43.51289 16.17847 43.51283 16.17859 43.51282 16.17882 43.51288 16.17903 43.51302 16.17922 43.51325 16.17943 43.51331 16.1795 43.5133 16.17957 43.5133 16.17959 43.51326 16.17961 43.51308 16.17968 43.51289 16.17963 43.51292 16.1794 43.51283 16.17938 43.5128 16.17962 43.51271 16.17961 43.51248 16.17957 43.51243 16.17982 43.51239 16.18004 43.51232 16.18016 43.5122 16.18015 43.51219 16.18027 43.51231 16.18028 43.51207 16.18093 43.51196 16.18093 43.51195 16.18105 43.51207 16.18106 43.51186 16.18157 43.51182 16.18179 43.51176 16.182 43.5116 16.18228 43.51154 16.18262 43.51142 16.18288 43.51139 16.183 43.51137 16.18312 43.51129 16.18313 43.5113 16.18327 43.51138 16.18326 43.51141 16.18334 43.51141 16.18385 43.51133 16.18388 43.51135 16.184 43.51144 16.18398 43.51147 16.18401 43.51146 16.18414 43.51133 16.1842 43.51136 16.18431 43.51146 16.18426 43.51148 16.18457 43.51124 16.18476 43.51128 16.18488 43.5115 16.1847 43.51157 16.18473 43.51167 16.18491 43.51168 16.18502 43.51169 16.18522 43.51165 16.18536 43.51157 16.18542 43.51147 16.18549 43.5115 16.18561 43.51167 16.18548 43.51171 16.18546 43.51175 16.18551 43.51174 16.18555 43.51172 16.18562 43.51154 16.18578 43.51141 16.18579 43.51125 16.18576 43.51117 16.18565 43.51117 16.18553 43.51116 16.1854 43.5111 16.18533 43.51106 16.18529 43.511 16.18523 43.51104 16.18508 43.51096 16.18503 43.51091 16.18518 43.51081 16.18516 43.51065 16.1851 43.51061 16.18507 43.51066 16.18487 43.51057 16.18482 43.51052 16.18501 43.51047 16.185 43.51036 16.18488 43.51024 16.18465 43.51019 16.18449 43.51017 16.18438 43.51015 16.18433 43.5101 16.18413 43.51 16.18389 43.50988 16.18357 43.51001 16.18351 43.50997 16.18338 43.50986 16.18344 43.50981 16.18329 43.50975 16.18307 43.50986 16.18302 43.50982 16.1829 43.50973 16.18296 43.50971 16.18291 43.50966 16.18268 43.50978 16.18261 43.50975 16.18251 43.50964 16.18257 43.50962 16.18254 43.50959 16.18242 43.50956 16.18231 43.50968 16.18226 43.50964 16.18214 43.50953 16.18219 43.5095 16.18216 43.50943 16.18194 43.50935 16.18171 43.50946 16.18162 43.50942 16.18152 43.50931 16.18161 43.50919 16.18141 43.50928 16.18132 43.50921 16.1812 43.50913 16.18129 43.50907 16.18118 43.50913 16.18112 43.50908 16.18103 43.50901 16.1811 43.50895 16.1809 43.50907 16.18076 43.50902 16.18068 43.50891 16.18078 43.50871 16.18054 43.50877 16.18047 43.5087 16.18037 43.50865 16.18043 43.50851 16.18031 43.50847 16.18029 43.50851 16.18019 43.50844 16.18014 43.50839 16.18027 43.50834 16.18024 43.50819 16.18023 43.50819 16.18013 43.5081 16.18013 43.50809 16.18028 43.50801 16.18038 43.50785 16.1802 43.5078 16.18029 43.50793 16.18047 43.50791 16.18052 43.50786 16.18066 43.50774 16.1809 43.50767 16.18106 43.50756 16.18122 43.50751 16.1813 43.50733 16.18106 43.50727 16.18114 43.50744 16.18139 43.50737 16.18158 43.5073 16.18175 43.50723 16.1819 43.50706 16.18182 43.50702 16.18193 43.50717 16.18201 43.50716 16.18211 43.50712 16.18225 43.50706 16.18251 43.50703 16.18258 43.50687 16.18245 43.5068 16.18259 43.50696 16.18273 43.50695 16.18297 43.50695 16.18345 43.50699 16.18367 43.50704 16.1839 43.50711 16.18405 43.50735 16.18477 43.50748 16.18494 43.50764 16.18534 43.5079 16.18567 43.50792 16.18574 43.50803 16.18589 43.5081 16.18612 43.50811 16.18627 43.50808 16.18641 43.50795 16.18673 43.50791 16.18708 43.50781 16.1874 43.50775 16.18829 43.5078 16.18891 43.5079 16.18938 43.508 16.18976 43.50811 16.19012 43.5082 16.19052 43.50831 16.19088 43.50851 16.19162 43.50856 16.19186 43.50855 16.19264 43.50865 16.19304 43.50874 16.19343 43.50883 16.1939 43.5089 16.19407 43.50903 16.19422 43.50925 16.19462 43.50954 16.19489 43.50965 16.19506 43.50985 16.1954 43.50998 16.19565 43.51014 16.1961 43.5102 16.1965 43.5103 16.19679 43.51039 16.19724 43.51048 16.19752 43.51069 16.19794 43.51082 16.19815 43.51098 16.19836 43.51117 16.19843 43.5116 16.1985 43.51162 16.19865 43.5112 16.19912 43.51111 16.19936 43.51106 16.19967 43.51108 16.20015 43.51116 16.20099 43.51113 16.20125 43.5111 16.20194 43.51106 16.20225 43.51104 16.20269 43.51099 16.20293 43.511 16.20337 43.51103 16.20376 43.51098 16.20395 43.51091 16.20416 43.51085 16.20426 43.51055 16.20474 43.51044 16.20502 43.51034 16.20541 43.51027 16.2058 43.51025 16.20597 43.51023 16.20679 43.5102 16.20697 43.51019 16.20711 43.51019 16.20723 43.51022 16.20733 43.51024 16.20744 43.51022 16.20759 43.51019 16.20773 43.51002 16.2081 43.51002 16.20821 43.51006 16.20832 43.51011 16.20833 43.51019 16.20825 43.51023 16.20823 43.51031 16.20829 43.51041 16.20847 43.51049 16.2088 43.51052 16.209 43.51054 16.20908 43.51055 16.20915 43.51042 16.2092 43.51045 16.20938 43.51058 16.20933 43.5107 16.20953 43.51079 16.20978 43.51079 16.20993 43.5107 16.21019 43.5107 16.2103 43.51074 16.21038 43.5108 16.21037 43.51086 16.21034 43.51096 16.21038 43.51102 16.21042 43.51109 16.21065 43.5111 16.21081 43.51112 16.21097 43.51112 16.21134 43.5111 16.21153 43.51108 16.21161 43.51096 16.21181 43.51109 16.21199 43.51119 16.21184 43.51123 16.21184 43.51128 16.21187 43.51148 16.21195 43.51153 16.21197 43.51159 16.21195 43.51164 16.21199 43.51169 16.21209 43.51173 16.2122 43.51181 16.21243 43.51191 16.21257 43.51201 16.21263 43.51215 16.2127 43.51229 16.21288 43.5124 16.21302 43.5124 16.21303 43.51241 16.21305 43.51231 16.21322 43.51239 16.21331 43.5125 16.21313 43.51267 16.21335 43.51279 16.21349 43.51283 16.21354 43.51273 16.21373 43.51279 16.21381 43.5129 16.21364 43.51313 16.21382 43.51331 16.21403 43.51358 16.21428 43.51376 16.2145 43.51388 16.21464 43.51394 16.2147 43.51382 16.21487 43.51389 16.21498 43.51398 16.21484 43.51413 16.21499 43.51425 16.21521 43.51438 16.21539 43.51454 16.2156 43.51464 16.21572 43.51477 16.21583 43.51492 16.21593 43.51506 16.21596 43.51512 16.21602 43.51514 16.21606 43.51503 16.21617 43.51509 16.21629 43.51516 16.21623 43.51523 16.21619 43.5154 16.21625 43.51552 16.21639 43.51605 16.21712 43.5163 16.21782 43.51638 16.21817 43.51642 16.21839 43.51643 16.21843 43.51662 16.2189 43.51663 16.21911 43.51669 16.21935 43.51682 16.21961 43.51691 16.21988 43.51708 16.22016 43.5172 16.22056 43.51728 16.22075 43.51747 16.22133 43.51765 16.22178 43.51771 16.222 43.51783 16.2224 43.51788 16.22263 43.51785 16.22285 43.51767 16.22276 43.51764 16.22287 43.51784 16.22298 43.51785 16.22416 43.5177 16.22485 43.51758 16.2252 43.51752 16.22543 43.51748 16.22574 43.51735 16.22615 43.51719 16.22605 43.51715 16.22619 43.51732 16.22629 43.51713 16.22679 43.5171 16.22699 43.51712 16.22772 43.51696 16.22772 43.51696 16.22704 43.51687 16.22705 43.51687 16.22767 43.51661 16.22768 43.5166 16.22784 43.51681 16.22784 43.51686 16.22855 43.51692 16.22906 43.51694 16.22961 43.51694 16.22977 43.51694 16.2298 43.5169 16.23008 43.51684 16.23033 43.5167 16.23031 43.51669 16.23049 43.5168 16.2305 43.51677 16.23079 43.51664 16.23133 43.51651 16.23163 43.51603 16.23178 43.51584 16.23185 43.51577 16.23201 43.51573 16.23207 43.5153 16.23202 43.51531 16.23179 43.51521 16.23179 43.51519 16.23226 43.5155 16.23226 43.51605 16.23242 43.5161 16.23243 43.51612 16.23247 43.51611 16.23253 43.51609 16.23283 43.51604 16.23305 43.51602 16.23332 43.51613 16.2335 43.51614 16.23361 43.51611 16.23372 43.51607 16.23393 43.51603 16.23406 43.51586 16.23406 43.51573 16.23595 43.51593 16.23599 43.51617 16.2361 43.51631 16.23628 43.51631 16.23667 43.51625 16.23693 43.51624 16.23717 43.51629 16.23736 43.5163 16.23781 43.51643 16.23831 43.51632 16.23837 43.51634 16.23849 43.51636 16.23864 43.51633 16.2388 43.5164 16.23892 43.51651 16.23896 43.5165 16.23931 43.51638 16.23937 43.51623 16.23937 43.51623 16.23949 43.51645 16.2395 43.51644 16.23963 43.51624 16.23962 43.51624 16.23974 43.51647 16.23976 43.5165 16.2399 43.5165 16.24037 43.51645 16.24051 43.51642 16.24065 43.51642 16.24088 43.5163 16.24121 43.5163 16.24133 43.51624 16.24149 43.51613 16.24156 43.516 16.24171 43.51596 16.2419 43.51591 16.24208 43.51585 16.24217 43.51576 16.24222 43.51564 16.2423 43.51548 16.24258 43.51819 16.24161 43.52001 16.24125 43.5213 16.2404 43.52251 16.23795 43.52271 16.23788 43.52322 16.23771 43.52386 16.23733 43.52571 16.23577 43.52669 16.2361 43.52777 16.23588 43.5287 16.2351 43.52953 16.23487 43.52963 16.23484 43.53111 16.23442 43.53211 16.2342 43.53589 16.23483 43.53705 16.23544 43.53811 16.23641 43.54038 16.23672 43.54575 16.23477 43.54863 16.23573 43.55011 16.24516 43.55028 16.24698 43.55532 16.25237 43.55566 16.25241 43.5558 16.25183 43.55609 16.2518 43.55652 16.25148 43.55792 16.24652 43.55855 16.2461 43.5588 16.24563 43.55904 16.24521 43.55872 16.24236 43.55944 16.2413 43.55971 16.24084 43.55996 16.24008 43.56047 16.23937 43.56334 16.23602 43.56485 16.23286 43.56933 16.22328 43.56975 16.22264 43.57815 16.21539 43.5934 16.20736 43.59488 16.20666 43.59648 16.20666 43.59732 16.20722 43.59798 16.20756 43.59897 16.20768 43.60048 16.20771 43.60081 16.20827 43.6023 16.20939 43.60301 16.20944 43.60374 16.20956 43.6049 16.20969 43.60505 16.21013 43.60687 16.21002 43.60913 16.21093 43.6114 16.21222 43.61145 16.21041 43.61145 16.21023 43.61108 16.20503 43.61312 16.18751 43.61354 16.18388 43.6138 16.18135 43.61411 16.17841 43.61447 16.17483 43.61353 16.16924 43.61492 16.16578</gml:posList>
                        </gml:LinearRing>
                      </gml:exterior>
                    </gml:Polygon>
                  </gml:surfaceMember>
                  <gml:surfaceMember>
                    <gml:Polygon gml:id="MEDIA_MONITORED_CILJ_ID_1_POLUTANT_3_MODEL_125">
                      <gml:exterior>
                        <gml:LinearRing>
                          <gml:posList srsDimension="2">43.51658 16.26551 43.51659 16.26457 43.51655 16.26392 43.51656 16.26363 43.5166 16.26304 43.51659 16.26224 43.51655 16.26201 43.51651 16.26166 43.5165 16.26153 43.51642 16.26107 43.51636 16.2606 43.51631 16.26013 43.51625 16.25978 43.51623 16.25959 43.51624 16.25945 43.51652 16.25947 43.51664 16.25914 43.5165 16.25907 43.51647 16.25926 43.51624 16.25925 43.5162 16.25906 43.51617 16.25883 43.51625 16.25883 43.51625 16.25875 43.51617 16.25874 43.51615 16.25853 43.51618 16.25826 43.5162 16.25795 43.51613 16.25752 43.51602 16.25681 43.51594 16.25655 43.51588 16.25638 43.51581 16.2563 43.51581 16.25624 43.51601 16.25595 43.51591 16.2558 43.51585 16.25589 43.51586 16.25596 43.51573 16.25616 43.51544 16.25574 43.51529 16.25536 43.51523 16.25507 43.51519 16.25459 43.51518 16.25425 43.5152 16.254 43.5152 16.25383 43.5153 16.25383 43.51532 16.25362 43.51522 16.25361 43.51515 16.25248 43.51517 16.2524 43.51518 16.25237 43.51522 16.25229 43.51517 16.25219 43.51513 16.25214 43.51508 16.25193 43.51498 16.25178 43.51485 16.25141 43.51468 16.25105 43.51454 16.25067 43.51451 16.2506 43.51415 16.2505 43.51405 16.25048 43.51397 16.25042 43.51391 16.24996 43.51357 16.24875 43.51372 16.24864 43.5136 16.24826 43.51345 16.24836 43.51338 16.24833 43.5133 16.24826 43.51317 16.2481 43.51286 16.24709 43.51286 16.24705 43.51282 16.24681 43.51279 16.24658 43.51287 16.24651 43.51287 16.24641 43.51278 16.24627 43.51282 16.24602 43.51291 16.24521 43.51292 16.24509 43.51292 16.24468 43.51291 16.24435 43.51293 16.24396 43.51293 16.24377 43.51286 16.24351 43.51282 16.24312 43.51272 16.24257 43.51269 16.24235 43.51271 16.24183 43.5127 16.24167 43.51261 16.24149 43.51254 16.24126 43.51249 16.24098 43.51247 16.24079 43.51236 16.24064 43.51229 16.24038 43.51223 16.23997 43.51219 16.23976 43.51204 16.23937 43.51174 16.23854 43.51171 16.23821 43.51161 16.23796 43.51156 16.23792 43.51152 16.23793 43.51149 16.23829 43.51145 16.23868 43.51137 16.23898 43.51132 16.23913 43.5113 16.23934 43.51134 16.23947 43.51131 16.23957 43.51121 16.23975 43.51121 16.23997 43.51119 16.24005 43.5111 16.24025 43.51109 16.24038 43.51112 16.24055 43.51118 16.24074 43.51117 16.24083 43.51116 16.2409 43.51108 16.24107 43.51106 16.24119 43.51107 16.24134 43.51098 16.24165 43.51099 16.24195 43.51103 16.24206 43.51102 16.24215 43.51098 16.24232 43.51096 16.24252 43.51099 16.24293 43.51103 16.24319 43.51105 16.24344 43.51109 16.24375 43.51113 16.24432 43.51117 16.24457 43.51121 16.24487 43.51126 16.24522 43.51136 16.24534 43.51138 16.24552 43.51132 16.24561 43.51124 16.24565 43.51099 16.24567 43.51072 16.24576 43.50991 16.24589 43.50982 16.24599 43.50989 16.24618 43.50999 16.24612 43.51006 16.24608 43.51117 16.24588 43.51031 16.2478 43.51065 16.24817 43.51073 16.24831 43.51072 16.24866 43.51072 16.24907 43.51075 16.24934 43.51076 16.24994 43.5109 16.25073 43.51089 16.25083 43.51085 16.25085 43.51071 16.25084 43.51068 16.25088 43.51066 16.25095 43.51069 16.25129 43.51075 16.25145 43.5108 16.25155 43.51086 16.25158 43.51091 16.25164 43.5109 16.25172 43.51085 16.25188 43.51078 16.25202 43.51074 16.25222 43.51072 16.25248 43.51067 16.25258 43.51057 16.2527 43.51052 16.25285 43.51053 16.2531 43.51031 16.25344 43.51029 16.25361 43.51022 16.25379 43.51018 16.25383 43.51006 16.2539 43.50998 16.25398 43.50985 16.25415 43.50969 16.25424 43.50946 16.25451 43.5094 16.25463 43.50933 16.25479 43.50915 16.25521 43.50911 16.25538 43.50899 16.25564 43.50877 16.25596 43.50843 16.25637 43.50832 16.25657 43.50811 16.25688 43.50778 16.25744 43.50758 16.25791 43.50743 16.25823 43.50723 16.25862 43.50705 16.25889 43.50687 16.25897 43.50665 16.25895 43.50651 16.25895 43.50613 16.25885 43.5061 16.25883 43.50605 16.25902 43.50602 16.25914 43.50503 16.26109 43.50542 16.26171 43.50525 16.26199 43.5054 16.26266 43.50548 16.26305 43.50504 16.26367 43.50569 16.26426 43.50587 16.26513 43.50636 16.26517 43.50653 16.26595 43.50729 16.26599 43.5073 16.26603 43.5074 16.26681 43.50747 16.26732 43.50652 16.26904 43.5076 16.27201 43.50609 16.27257 43.5056 16.27429 43.50518 16.27515 43.50541 16.27629 43.5054 16.27651 43.5054 16.27743 43.50505 16.27797 43.50374 16.27805 43.50158 16.27898 43.50031 16.27988 43.50008 16.28005 43.49452 16.28313 43.49428 16.28391 43.49288 16.28463 43.48684 16.29732 43.4868 16.2974 43.48664 16.29761 43.48652 16.29785 43.48641 16.29844 43.48626 16.29896 43.4862 16.29938 43.48621 16.29965 43.48615 16.30066 43.4861 16.3009 43.4862 16.30093 43.48631 16.30097 43.48648 16.30104 43.48606 16.30228 43.48555 16.30397 43.48639 16.30395 43.48649 16.30519 43.48761 16.30525 43.49032 16.30504 43.49337 16.30466 43.49377 16.3052 43.49401 16.30505 43.49557 16.3057 43.49762 16.30547 43.49848 16.3057 43.49979 16.30564 43.50029 16.3059 43.50541 16.30738 43.50696 16.30797 43.50716 16.30767 43.50733 16.30772 43.50747 16.30776 43.50759 16.3078 43.50767 16.30783 43.50764 16.30806 43.5113 16.30962 43.51139 16.30966 43.51147 16.30969 43.51152 16.30959 43.51156 16.30902 43.51163 16.3088 43.51167 16.30851 43.51169 16.30757 43.51161 16.30713 43.51154 16.30694 43.5115 16.3067 43.51147 16.30647 43.51143 16.30634 43.51151 16.30639 43.51158 16.30617 43.5115 16.30612 43.51163 16.30574 43.51171 16.30579 43.51178 16.30559 43.51171 16.30553 43.51187 16.30509 43.51196 16.30513 43.51202 16.30493 43.51193 16.30487 43.51202 16.30451 43.5121 16.30456 43.51219 16.3043 43.51209 16.30423 43.5126 16.30378 43.5127 16.30366 43.51275 16.30348 43.51281 16.30339 43.51289 16.30336 43.51305 16.30334 43.51314 16.30319 43.5132 16.30295 43.51331 16.30275 43.51349 16.30244 43.51355 16.30211 43.51363 16.30174 43.51367 16.30083 43.5139 16.30062 43.51407 16.30031 43.51397 16.30023 43.51389 16.3004 43.51381 16.30051 43.51371 16.3006 43.5137 16.30038 43.51373 16.29968 43.51374 16.29931 43.51376 16.29874 43.51381 16.29834 43.51381 16.29804 43.51383 16.29752 43.51388 16.2971 43.5139 16.29643 43.51391 16.29574 43.51391 16.29541 43.51392 16.29478 43.51395 16.29465 43.51399 16.29454 43.5141 16.29434 43.51419 16.29408 43.51426 16.29382 43.51427 16.29322 43.51423 16.29293 43.51423 16.29268 43.51423 16.29236 43.51439 16.29179 43.51423 16.29172 43.51419 16.29197 43.51414 16.29208 43.51404 16.29169 43.51398 16.29157 43.51382 16.29114 43.51375 16.29087 43.51365 16.29057 43.51361 16.29044 43.51359 16.29011 43.51361 16.29005 43.51366 16.28989 43.51383 16.28928 43.51388 16.28886 43.51393 16.28867 43.51399 16.28847 43.51399 16.28822 43.51396 16.28788 43.51384 16.2876 43.51373 16.28745 43.51364 16.28721 43.51358 16.28698 43.51351 16.28652 43.51351 16.28636 43.5134 16.28606 43.51336 16.2859 43.51342 16.28544 43.51351 16.28485 43.5135 16.2844 43.51346 16.28404 43.51341 16.28377 43.51328 16.28335 43.51327 16.28299 43.51326 16.28211 43.51337 16.28139 43.51337 16.28133 43.51339 16.28088 43.5134 16.28062 43.51339 16.28021 43.5134 16.27971 43.51347 16.27941 43.51363 16.27916 43.51408 16.27856 43.51421 16.27811 43.51423 16.278 43.5143 16.27765 43.5143 16.27733 43.5142 16.27693 43.51399 16.27605 43.51398 16.27589 43.514 16.27577 43.51412 16.27535 43.51429 16.27516 43.51446 16.27505 43.51478 16.27463 43.51482 16.2745 43.51484 16.27434 43.51493 16.27412 43.51497 16.27387 43.51492 16.27334 43.51497 16.27323 43.51498 16.27317 43.51501 16.27307 43.51513 16.27282 43.51538 16.27221 43.51556 16.27162 43.51569 16.27112 43.5158 16.27063 43.51587 16.2702 43.51596 16.2697 43.51598 16.26895 43.51607 16.26847 43.51617 16.268 43.51629 16.26751 43.51642 16.26688 43.51649 16.26621 43.51658 16.26551</gml:posList>
                        </gml:LinearRing>
                      </gml:exterior>
                    </gml:Polygon>
                  </gml:surfaceMember>
                  <gml:surfaceMember>
                    <gml:Polygon gml:id="MEDIA_MONITORED_CILJ_ID_1_POLUTANT_3_MODEL_126">
                      <gml:exterior>
                        <gml:LinearRing>
                          <gml:posList srsDimension="2">43.52988 16.44183 43.52989 16.44187 43.52991 16.44188 43.52995 16.44187 43.52997 16.44183 43.52999 16.44175 43.52998 16.44169 43.52995 16.44167 43.52992 16.44168 43.52989 16.44172 43.52988 16.44176 43.52988 16.44183</gml:posList>
                        </gml:LinearRing>
                      </gml:exterior>
                    </gml:Polygon>
                  </gml:surfaceMember>
                  <gml:surfaceMember>
                    <gml:Polygon gml:id="MEDIA_MONITORED_CILJ_ID_1_POLUTANT_3_MODEL_127">
                      <gml:exterior>
                        <gml:LinearRing>
                          <gml:posList srsDimension="2">43.53094 16.46313 43.53099 16.46333 43.53102 16.46345 43.53109 16.46364 43.53112 16.46379 43.53117 16.46391 43.53117 16.46399 43.5312 16.46404 43.53124 16.46413 43.53125 16.46444 43.53125 16.46472 43.53127 16.46488 43.53133 16.46492 43.53146 16.46504 43.53153 16.46513 43.53163 16.46528 43.53168 16.46537 43.53184 16.46553 43.53186 16.46555 43.53188 16.46554 43.53192 16.46546 43.53194 16.46536 43.53205 16.46504 43.53211 16.46479 43.53222 16.46444 43.5323 16.46409 43.5323 16.46397 43.53235 16.46372 43.53243 16.46341 43.53249 16.46324 43.53255 16.46302 43.53256 16.46278 43.53255 16.46268 43.53252 16.46233 43.53249 16.46199 43.53248 16.46172 43.53248 16.46155 43.53246 16.46137 43.53244 16.46131 43.53242 16.46128 43.53235 16.46125 43.53227 16.46123 43.53207 16.46116 43.53199 16.46112 43.53188 16.46107 43.53176 16.461 43.53168 16.46098 43.53159 16.46095 43.53146 16.46094 43.53134 16.46096 43.53119 16.46103 43.53103 16.46111 43.53097 16.46118 43.53094 16.46124 43.53094 16.46134 43.53088 16.46145 43.53082 16.46166 43.53078 16.4619 43.53076 16.46211 43.53076 16.46232 43.53077 16.46256 43.53082 16.46274 43.53088 16.46294 43.53094 16.46313</gml:posList>
                        </gml:LinearRing>
                      </gml:exterior>
                    </gml:Polygon>
                  </gml:surfaceMember>
                  <gml:surfaceMember>
                    <gml:Polygon gml:id="MEDIA_MONITORED_CILJ_ID_1_POLUTANT_3_MODEL_128">
                      <gml:exterior>
                        <gml:LinearRing>
                          <gml:posList srsDimension="2">43.52973 16.44174 43.52974 16.44177 43.52975 16.44178 43.52977 16.44178 43.52979 16.44178 43.52981 16.44176 43.52983 16.44168 43.52985 16.44159 43.52988 16.44152 43.5299 16.44143 43.52989 16.44133 43.52987 16.44126 43.52985 16.44124 43.52983 16.44124 43.5298 16.44124 43.52979 16.44127 43.52977 16.44132 43.52975 16.44138 43.52974 16.44161 43.52973 16.44174</gml:posList>
                        </gml:LinearRing>
                      </gml:exterior>
                    </gml:Polygon>
                  </gml:surfaceMember>
                  <gml:surfaceMember>
                    <gml:Polygon gml:id="MEDIA_MONITORED_CILJ_ID_1_POLUTANT_3_MODEL_129">
                      <gml:exterior>
                        <gml:LinearRing>
                          <gml:posList srsDimension="2">43.69103 16.37244 43.69465 16.37017 43.69876 16.36659 43.69269 16.35822 43.6877 16.35135 43.68772 16.35088 43.68723 16.35101 43.68637 16.35124 43.68538 16.3515 43.6852 16.34929 43.68495 16.3485 43.68433 16.34826 43.68298 16.34629 43.68212 16.3466 43.66769 16.34028 43.65331 16.34224 43.64857 16.37002 43.64802 16.3732 43.63951 16.37154 43.63792 16.37003 43.63551 16.36917 43.63397 16.36789 43.63114 16.36738 43.63053 16.36681 43.63007 16.3668 43.62537 16.36662 43.62416 16.36715 43.62237 16.366 43.62217 16.36618 43.62204 16.36679 43.61387 16.36663 43.61353 16.36428 43.6125 16.35721 43.61217 16.35754 43.61144 16.35825 43.61119 16.35931 43.61004 16.3591 43.59977 16.37038 43.59838 16.37197 43.59767 16.37507 43.58629 16.37635 43.58087 16.37379 43.57816 16.37241 43.57753 16.37271 43.57601 16.37343 43.5752 16.37754 43.57517 16.37772 43.57511 16.37801 43.57432 16.38339 43.57352 16.38879 43.57153 16.39915 43.57108 16.40151 43.57066 16.40369 43.57072 16.40828 43.57073 16.40888 43.57105 16.4132 43.58676 16.43165 43.59091 16.43813 43.58951 16.45112 43.58899 16.45595 43.58764 16.46715 43.58534 16.47565 43.58465 16.48352 43.58495 16.48594 43.58471 16.49192 43.58431 16.49284 43.58015 16.49351 43.57576 16.49516 43.57576 16.49517 43.57523 16.49539 43.57318 16.49623 43.57014 16.49747 43.57 16.49753 43.56858 16.49811 43.56804 16.49834 43.56739 16.49976 43.56703 16.49964 43.5662 16.49936 43.56602 16.50142 43.5653 16.50325 43.56522 16.50338 43.56482 16.50402 43.56453 16.50505 43.56436 16.50564 43.56443 16.50588 43.56453 16.50618 43.56451 16.50621 43.56445 16.50631 43.56433 16.5065 43.56421 16.5067 43.56412 16.50685 43.56404 16.50699 43.56374 16.5076 43.56345 16.50831 43.56271 16.5079 43.5623 16.5069 43.5619 16.50583 43.5615 16.50546 43.5614 16.50557 43.56124 16.50576 43.56078 16.50678 43.56042 16.50758 43.55918 16.50677 43.559 16.50665 43.55848 16.50249 43.55831 16.5015 43.55803 16.50064 43.55785 16.50041 43.55768 16.50021 43.55751 16.49992 43.5573 16.49955 43.55723 16.49946 43.55721 16.49944 43.5572 16.49942 43.55716 16.49937 43.55694 16.4991 43.55692 16.4991 43.55686 16.4991 43.55652 16.4991 43.5544 16.49941 43.55405 16.4993 43.55372 16.4992 43.55331 16.49893 43.55315 16.49883 43.55276 16.49818 43.5515 16.498 43.55065 16.49787 43.55047 16.49799 43.55012 16.49821 43.5497 16.4986 43.54871 16.49866 43.54833 16.49864 43.54824 16.49856 43.54808 16.49842 43.54798 16.49813 43.5479 16.4979 43.54738 16.49802 43.54711 16.49808 43.54695 16.49802 43.54652 16.49784 43.54601 16.49748 43.54551 16.49713 43.5454 16.49701 43.54491 16.49645 43.54483 16.49636 43.54463 16.49627 43.54425 16.49611 43.54361 16.49599 43.54332 16.49593 43.54267 16.49584 43.54184 16.49565 43.54174 16.49554 43.54153 16.49532 43.5414 16.49517 43.54112 16.49489 43.54093 16.4947 43.54008 16.49386 43.53932 16.49327 43.5388 16.49278 43.53825 16.49191 43.5378 16.49233 43.53778 16.49239 43.53767 16.49266 43.53764 16.49321 43.53802 16.49481 43.53832 16.49517 43.53914 16.49581 43.53936 16.49598 43.5397 16.49624 43.53977 16.49649 43.54001 16.49728 43.53999 16.49798 43.54023 16.49871 43.54041 16.49927 43.54059 16.50077 43.54061 16.50151 43.54062 16.50173 43.54063 16.50208 43.54063 16.50215 43.54063 16.50225 43.54061 16.50251 43.54055 16.50329 43.54052 16.50383 43.54033 16.50498 43.54024 16.50551 43.5406 16.50724 43.54068 16.50763 43.54075 16.50799 43.54058 16.50863 43.54016 16.51024 43.54018 16.5104 43.54035 16.51169 43.54116 16.5136 43.5413 16.51527 43.54133 16.51563 43.54142 16.51669 43.54151 16.51742 43.54156 16.51793 43.54229 16.52035 43.54277 16.52197 43.54297 16.52261 43.54292 16.52334 43.5429 16.52365 43.5429 16.52369 43.54281 16.52439 43.54181 16.53183 43.54085 16.539 43.54063 16.53936 43.5416 16.5422 43.54359 16.54804 43.54666 16.55449 43.55182 16.56993 43.55559 16.56812 43.55837 16.56679 43.56906 16.56093 43.5707 16.56003 43.57212 16.55926 43.57448 16.55797 43.57605 16.55743 43.57644 16.5573 43.57757 16.5566 43.57839 16.55619 43.57908 16.55578 43.57973 16.5553 43.5807 16.55458 43.58075 16.5544 43.58077 16.55435 43.58079 16.55428 43.58085 16.55409 43.58088 16.55399 43.5805 16.5531 43.58001 16.55198 43.58663 16.54635 43.58833 16.53988 43.59008 16.53322 43.59011 16.53311 43.59341 16.5305 43.6006 16.52896 43.60074 16.52893 43.61437 16.52522 43.61639 16.52646 43.6174 16.52708 43.61986 16.53416 43.62069 16.53296 43.6219 16.53124 43.62347 16.53171 43.62502 16.52996 43.62502 16.52986 43.62503 16.52969 43.62549 16.52968 43.63124 16.52504 43.63328 16.52698 43.63337 16.52695 43.63381 16.52683 43.63456 16.5268 43.63594 16.52675 43.63653 16.52698 43.63662 16.52703 43.63701 16.52727 43.63711 16.52741 43.64152 16.52615 43.6423 16.52592 43.64314 16.52572 43.64579 16.51995 43.64697 16.51738 43.65863 16.50738 43.66099 16.50536 43.65787 16.49951 43.65681 16.49948 43.65459 16.49941 43.65443 16.49921 43.65393 16.49858 43.65122 16.49517 43.65122 16.49515 43.64995 16.49314 43.64857 16.48914 43.64903 16.48711 43.64897 16.48707 43.64877 16.4869 43.64831 16.4865 43.64834 16.48596 43.64792 16.48526 43.64722 16.48412 43.64614 16.48418 43.64538 16.48373 43.64476 16.48237 43.64101 16.48092 43.64098 16.4809 43.64059 16.47875 43.64078 16.47801 43.63754 16.46857 43.63461 16.46001 43.63422 16.45714 43.63395 16.45347 43.63398 16.45321 43.63437 16.44904 43.63971 16.45033 43.64041 16.45122 43.64217 16.45342 43.64195 16.45121 43.64407 16.44991 43.64418 16.44962 43.64502 16.4491 43.65269 16.44846 43.66285 16.44762 43.66841 16.43989 43.67157 16.4355 43.67127 16.43484 43.67413 16.42657 43.67918 16.416 43.67919 16.41599 43.67927 16.41582 43.68177 16.40721 43.68531 16.39501 43.69103 16.37244</gml:posList>
                        </gml:LinearRing>
                      </gml:exterior>
                    </gml:Polygon>
                  </gml:surfaceMember>
                  <gml:surfaceMember>
                    <gml:Polygon gml:id="MEDIA_MONITORED_CILJ_ID_1_POLUTANT_3_MODEL_130">
                      <gml:exterior>
                        <gml:LinearRing>
                          <gml:posList srsDimension="2">43.55269 16.2853 43.55377 16.28506 43.55436 16.28443 43.55469 16.28338 43.5548 16.28281 43.55476 16.28261 43.55468 16.28215 43.55432 16.28103 43.55411 16.27859 43.55345 16.27445 43.55292 16.27147 43.55274 16.26958 43.5521 16.2678 43.5519 16.2662 43.55205 16.26515 43.55196 16.26463 43.5519 16.2643 43.5519 16.26427 43.55183 16.26388 43.5468 16.25646 43.55028 16.25313 43.55058 16.25262 43.55088 16.25209 43.55082 16.2514 43.55082 16.25134 43.55078 16.25095 43.55071 16.2501 43.55028 16.24698 43.55011 16.24516 43.54863 16.23573 43.54575 16.23477 43.54038 16.23672 43.53811 16.23641 43.53705 16.23544 43.53589 16.23483 43.53211 16.2342 43.53111 16.23442 43.52963 16.23484 43.52953 16.23487 43.5287 16.2351 43.52777 16.23588 43.52669 16.2361 43.52571 16.23577 43.52386 16.23733 43.52322 16.23771 43.52271 16.23788 43.52251 16.23795 43.5213 16.2404 43.52001 16.24125 43.51819 16.24161 43.51548 16.24258 43.51547 16.24259 43.51545 16.24301 43.51534 16.24335 43.51532 16.2436 43.51533 16.24364 43.51537 16.24382 43.5154 16.24388 43.51569 16.24437 43.51574 16.24452 43.51586 16.2448 43.51598 16.24517 43.51599 16.24518 43.51605 16.24542 43.51621 16.24573 43.5165 16.24636 43.51652 16.24641 43.5166 16.24654 43.51677 16.24681 43.51726 16.24775 43.51733 16.24791 43.51746 16.2481 43.51774 16.24847 43.51782 16.24874 43.51802 16.24918 43.51814 16.24943 43.51817 16.24955 43.51817 16.24965 43.51817 16.24997 43.51817 16.25024 43.51819 16.25048 43.51825 16.25069 43.51826 16.25083 43.51826 16.25149 43.51823 16.25177 43.51816 16.25191 43.51807 16.25202 43.51802 16.2521 43.51801 16.25217 43.51803 16.25225 43.51807 16.25247 43.51811 16.25267 43.51815 16.253 43.51802 16.25307 43.51826 16.2534 43.5183 16.25372 43.51831 16.2538 43.51829 16.25385 43.51789 16.25402 43.51793 16.2542 43.51838 16.25401 43.51842 16.25438 43.51843 16.25452 43.51818 16.25467 43.51823 16.25482 43.51844 16.25469 43.51848 16.25481 43.51845 16.25486 43.51829 16.25495 43.51833 16.25509 43.51855 16.25495 43.51869 16.25529 43.51851 16.25542 43.51857 16.25557 43.51874 16.25543 43.51887 16.25567 43.51873 16.25579 43.51877 16.25586 43.5189 16.25609 43.51902 16.25605 43.51907 16.25608 43.51915 16.25628 43.51929 16.25668 43.51936 16.25681 43.51945 16.2569 43.51958 16.25696 43.51971 16.257 43.51979 16.2571 43.51983 16.25721 43.51986 16.25729 43.51989 16.25736 43.52 16.25757 43.52006 16.25778 43.52009 16.25787 43.52022 16.25831 43.52034 16.25883 43.52053 16.25974 43.52054 16.25975 43.52063 16.26017 43.5207 16.26048 43.52081 16.26091 43.52087 16.26116 43.52097 16.26144 43.52111 16.2618 43.52144 16.26251 43.52162 16.26285 43.52165 16.26289 43.52177 16.26306 43.52199 16.26343 43.52204 16.26351 43.52229 16.26391 43.52236 16.26404 43.52253 16.26431 43.52262 16.26446 43.52275 16.26469 43.52281 16.2648 43.52275 16.26486 43.52286 16.26502 43.52292 16.26495 43.52305 16.26517 43.52318 16.26544 43.52323 16.26563 43.52322 16.26573 43.52322 16.26587 43.52327 16.26622 43.52336 16.26672 43.52348 16.26701 43.52358 16.26721 43.52363 16.2674 43.52361 16.26802 43.52337 16.26882 43.52336 16.26893 43.52339 16.26901 43.52343 16.26906 43.52356 16.26913 43.52359 16.2692 43.52358 16.26928 43.52348 16.26937 43.5234 16.26947 43.5234 16.26957 43.52348 16.26971 43.52368 16.26995 43.52375 16.27002 43.5238 16.27003 43.52389 16.27011 43.52402 16.27015 43.52407 16.27017 43.52409 16.27018 43.52415 16.27032 43.52426 16.27063 43.52426 16.27078 43.52429 16.27094 43.52432 16.27115 43.52432 16.27137 43.52433 16.27148 43.52436 16.27158 43.52448 16.27175 43.52461 16.27185 43.52476 16.27191 43.52483 16.27198 43.52493 16.27211 43.52506 16.27214 43.52525 16.27216 43.52535 16.27225 43.52559 16.27257 43.5257 16.27274 43.5257 16.27289 43.52568 16.27303 43.52564 16.27312 43.52548 16.27337 43.5254 16.27352 43.52533 16.27382 43.5253 16.27413 43.52534 16.2745 43.52539 16.27472 43.52543 16.27474 43.52564 16.27471 43.52571 16.27472 43.52573 16.27478 43.52573 16.2749 43.5256 16.27513 43.52559 16.27525 43.52578 16.27553 43.52592 16.27584 43.52591 16.27614 43.52584 16.2766 43.52587 16.27683 43.52594 16.27698 43.52609 16.27705 43.52624 16.27708 43.52635 16.27719 43.5264 16.27733 43.52644 16.27754 43.52647 16.27773 43.52647 16.27782 43.52644 16.27792 43.52639 16.27801 43.52628 16.27806 43.52614 16.27799 43.52596 16.27778 43.52583 16.27759 43.52568 16.27744 43.52557 16.27742 43.52548 16.27748 43.52543 16.27762 43.52541 16.27773 43.52543 16.27794 43.52549 16.27813 43.52557 16.27829 43.52565 16.27838 43.52575 16.27843 43.52611 16.27853 43.52634 16.27853 43.52647 16.27858 43.52659 16.27868 43.52662 16.27877 43.52666 16.27892 43.52678 16.27911 43.52679 16.27917 43.52676 16.27925 43.52664 16.27939 43.52652 16.27961 43.52642 16.27965 43.52636 16.2797 43.52632 16.27975 43.52632 16.27979 43.52634 16.27982 43.52641 16.27985 43.52647 16.2799 43.52647 16.28009 43.52644 16.28016 43.5264 16.28028 43.5263 16.28046 43.52625 16.28055 43.52626 16.28065 43.52628 16.2808 43.52631 16.28095 43.52637 16.28154 43.52637 16.28231 43.52632 16.2827 43.52623 16.2829 43.52608 16.28311 43.52603 16.28318 43.5259 16.28319 43.52582 16.28325 43.52577 16.28331 43.52576 16.28338 43.52576 16.28345 43.52581 16.28357 43.52589 16.28368 43.52592 16.28387 43.52591 16.284 43.52588 16.28421 43.52582 16.28439 43.5257 16.28464 43.52567 16.28482 43.52566 16.28506 43.52561 16.28543 43.52564 16.28566 43.52574 16.28588 43.52574 16.28602 43.52568 16.2862 43.52556 16.28648 43.52545 16.28656 43.52532 16.28652 43.5252 16.28653 43.52505 16.28661 43.525 16.28665 43.52494 16.28686 43.5249 16.28707 43.52479 16.28731 43.52475 16.28743 43.52471 16.28757 43.52471 16.2877 43.52474 16.28791 43.52482 16.28832 43.52484 16.28853 43.52487 16.2888 43.52492 16.28893 43.52506 16.28914 43.52516 16.28938 43.52522 16.28956 43.52524 16.28975 43.52525 16.28992 43.52539 16.29018 43.52545 16.29033 43.52555 16.2907 43.52566 16.29096 43.52581 16.29119 43.52592 16.29148 43.52592 16.2917 43.52592 16.29209 43.52592 16.29228 43.52574 16.29222 43.52572 16.29237 43.52592 16.29243 43.52591 16.29273 43.52584 16.29317 43.52579 16.29363 43.52574 16.294 43.5257 16.2943 43.52556 16.2943 43.52556 16.2946 43.52573 16.29462 43.52578 16.29487 43.52449 16.2945 43.52446 16.29469 43.52581 16.29505 43.52587 16.29512 43.52605 16.29523 43.52621 16.29532 43.52642 16.2954 43.52652 16.29547 43.52661 16.29556 43.52681 16.29578 43.52694 16.29622 43.52695 16.2966 43.52694 16.29687 43.527 16.29717 43.52707 16.29759 43.52713 16.29786 43.52714 16.2981 43.52709 16.29826 43.52696 16.29818 43.52692 16.29828 43.52707 16.29838 43.52712 16.29853 43.5272 16.29888 43.52722 16.29936 43.52729 16.2996 43.52747 16.30008 43.52753 16.30018 43.52759 16.3002 43.52766 16.30012 43.52772 16.30007 43.52781 16.30011 43.5284 16.30038 43.5287 16.30047 43.52901 16.30043 43.53001 16.29842 43.53366 16.29734 43.53379 16.29719 43.53475 16.29618 43.53549 16.29568 43.53569 16.29456 43.5364 16.29363 43.53727 16.29249 43.5374 16.29232 43.53819 16.29223 43.53854 16.29188 43.53928 16.29148 43.54017 16.29169 43.54096 16.29152 43.54155 16.29255 43.54192 16.29285 43.54249 16.29283 43.54366 16.29249 43.5437 16.29248 43.54378 16.29246 43.54551 16.29195 43.55005 16.29064 43.54997 16.2894 43.54991 16.2886 43.54962 16.28708 43.54953 16.28559 43.55269 16.2853</gml:posList>
                        </gml:LinearRing>
                      </gml:exterior>
                    </gml:Polygon>
                  </gml:surfaceMember>
                  <gml:surfaceMember>
                    <gml:Polygon gml:id="MEDIA_MONITORED_CILJ_ID_1_POLUTANT_3_MODEL_131">
                      <gml:exterior>
                        <gml:LinearRing>
                          <gml:posList srsDimension="2">43.53613 16.44387 43.53615 16.44391 43.53619 16.44393 43.53622 16.44393 43.53625 16.44387 43.53625 16.4438 43.53624 16.44377 43.53621 16.44372 43.53619 16.4437 43.53615 16.44371 43.53612 16.44377 43.53613 16.44387</gml:posList>
                        </gml:LinearRing>
                      </gml:exterior>
                    </gml:Polygon>
                  </gml:surfaceMember>
                  <gml:surfaceMember>
                    <gml:Polygon gml:id="MEDIA_MONITORED_CILJ_ID_1_POLUTANT_3_MODEL_132">
                      <gml:exterior>
                        <gml:LinearRing>
                          <gml:posList srsDimension="2">43.44218 16.17847 43.44216 16.17808 43.44208 16.17783 43.4419 16.17753 43.44172 16.1775 43.44121 16.17782 43.44116 16.17782 43.44114 16.17777 43.44111 16.17764 43.44106 16.1776 43.44099 16.17763 43.44097 16.17774 43.44096 16.17791 43.44092 16.17796 43.44062 16.17803 43.44051 16.1781 43.44034 16.17837 43.44028 16.17871 43.44028 16.17913 43.44026 16.17949 43.44027 16.1799 43.44041 16.18007 43.44058 16.18013 43.44086 16.18013 43.44104 16.18011 43.44151 16.17985 43.44166 16.17973 43.44201 16.17922 43.44216 16.17877 43.44216 16.17865 43.44218 16.17847</gml:posList>
                        </gml:LinearRing>
                      </gml:exterior>
                    </gml:Polygon>
                  </gml:surfaceMember>
                  <gml:surfaceMember>
                    <gml:Polygon gml:id="MEDIA_MONITORED_CILJ_ID_1_POLUTANT_3_MODEL_133">
                      <gml:exterior>
                        <gml:LinearRing>
                          <gml:posList srsDimension="2">43.59945 16.34836 43.5996 16.34685 43.59826 16.34623 43.59807 16.34615 43.59803 16.34533 43.59728 16.34446 43.59555 16.34371 43.59372 16.34365 43.5794 16.34213 43.58098 16.32604 43.58313 16.31509 43.58394 16.31238 43.58448 16.30961 43.58454 16.30845 43.58459 16.30766 43.58428 16.30594 43.58385 16.3035 43.58379 16.29906 43.58696 16.28994 43.58723 16.28915 43.58762 16.28804 43.58524 16.28489 43.58381 16.283 43.58031 16.27837 43.57596 16.27713 43.56757 16.27232 43.55878 16.2631 43.55874 16.26369 43.5557 16.26083 43.55586 16.25974 43.55582 16.25923 43.55558 16.25592 43.55532 16.25237 43.55028 16.24698 43.55071 16.2501 43.55078 16.25095 43.55082 16.25134 43.55082 16.2514 43.55088 16.25209 43.55058 16.25262 43.55028 16.25313 43.5468 16.25646 43.55183 16.26388 43.5519 16.26427 43.5519 16.2643 43.55196 16.26463 43.55205 16.26515 43.5519 16.2662 43.5521 16.2678 43.55274 16.26958 43.55292 16.27147 43.55345 16.27445 43.55411 16.27859 43.55432 16.28103 43.55468 16.28215 43.55476 16.28261 43.5548 16.28281 43.55469 16.28338 43.55436 16.28443 43.55377 16.28506 43.55269 16.2853 43.54953 16.28559 43.54962 16.28708 43.54991 16.2886 43.54997 16.2894 43.55005 16.29064 43.54551 16.29195 43.54378 16.29246 43.5437 16.29248 43.54366 16.29249 43.54249 16.29283 43.54192 16.29285 43.54155 16.29255 43.54096 16.29152 43.54017 16.29169 43.53928 16.29148 43.53854 16.29188 43.53819 16.29223 43.5374 16.29232 43.53727 16.29249 43.5364 16.29363 43.53569 16.29456 43.53549 16.29568 43.53475 16.29618 43.53379 16.29719 43.53366 16.29734 43.53001 16.29842 43.52901 16.30043 43.52905 16.30043 43.52914 16.30048 43.52923 16.3006 43.52938 16.30085 43.52948 16.30103 43.52947 16.3012 43.52916 16.30134 43.52921 16.30154 43.52943 16.30145 43.52958 16.30144 43.52976 16.30147 43.52991 16.30158 43.53007 16.30175 43.53016 16.30184 43.53029 16.30188 43.53042 16.30184 43.53052 16.30187 43.53111 16.30244 43.53129 16.30274 43.53136 16.30291 43.53144 16.30308 43.53144 16.30325 43.5314 16.30348 43.53136 16.30365 43.53106 16.30372 43.53108 16.30393 43.53128 16.3039 43.5314 16.30389 43.53148 16.30407 43.53156 16.30427 43.5315 16.30435 43.53135 16.30439 43.53138 16.30455 43.53155 16.30451 43.5316 16.30449 43.5317 16.30449 43.53176 16.30455 43.53183 16.30475 43.53198 16.30496 43.53215 16.30504 43.53225 16.30513 43.53232 16.30525 43.53234 16.30537 43.53246 16.30554 43.53278 16.30573 43.53285 16.30583 43.53292 16.30601 43.53303 16.30608 43.53316 16.30625 43.53316 16.30632 43.533 16.30657 43.53302 16.30665 43.53306 16.30673 43.53323 16.30681 43.53335 16.30682 43.53355 16.30682 43.53364 16.30684 43.53369 16.30687 43.53372 16.30694 43.53378 16.30699 43.53387 16.30698 43.53399 16.30693 43.53416 16.30682 43.53456 16.30685 43.53495 16.3069 43.53509 16.30698 43.53519 16.30706 43.53532 16.30708 43.53582 16.30719 43.53618 16.30741 43.5364 16.3076 43.53653 16.30778 43.53658 16.30796 43.53661 16.30812 43.53665 16.30818 43.5367 16.30819 43.53678 16.30815 43.53688 16.30804 43.53702 16.30823 43.53681 16.30851 43.53692 16.30866 43.53706 16.30849 43.53715 16.30833 43.5372 16.30828 43.53725 16.30834 43.53725 16.30845 43.53727 16.30854 43.5373 16.30863 43.53738 16.30864 43.53746 16.30862 43.53755 16.30874 43.53738 16.30915 43.53749 16.30926 43.53767 16.30893 43.53785 16.30888 43.53794 16.30889 43.53809 16.30899 43.53837 16.30915 43.53865 16.30933 43.53879 16.30943 43.53892 16.30953 43.53904 16.30973 43.53912 16.30995 43.53911 16.31018 43.53904 16.31042 43.53901 16.31068 43.53902 16.31086 43.53907 16.31105 43.53917 16.31123 43.53937 16.31143 43.53968 16.31192 43.53978 16.31223 43.53984 16.31253 43.5399 16.31272 43.53974 16.3129 43.53961 16.31293 43.53963 16.31314 43.53991 16.31308 43.53996 16.31322 43.54 16.31358 43.53984 16.31367 43.53989 16.31383 43.54007 16.31377 43.54019 16.31395 43.54026 16.31411 43.54028 16.31425 43.54011 16.31438 43.54018 16.31454 43.54033 16.31444 43.5404 16.31439 43.54046 16.31444 43.54056 16.31478 43.5406 16.31499 43.54063 16.3153 43.54065 16.31557 43.54069 16.31585 43.54074 16.31605 43.54038 16.31621 43.54014 16.31653 43.54004 16.31655 43.53999 16.31645 43.53996 16.31625 43.5398 16.3163 43.53983 16.31659 43.53991 16.31687 43.5403 16.31675 43.54034 16.31658 43.54039 16.31649 43.5405 16.31639 43.54076 16.31627 43.54089 16.31631 43.5412 16.31671 43.5413 16.31691 43.54129 16.31712 43.54118 16.3173 43.54109 16.31737 43.54098 16.31738 43.54089 16.31744 43.54087 16.3175 43.54091 16.31759 43.54099 16.31762 43.54111 16.31763 43.54129 16.3179 43.54136 16.31811 43.54142 16.31841 43.54143 16.31845 43.5415 16.31862 43.5416 16.31881 43.54167 16.31889 43.54166 16.31902 43.5414 16.31922 43.54148 16.31936 43.54168 16.3192 43.54178 16.31926 43.54179 16.31953 43.54176 16.31974 43.54155 16.3197 43.54154 16.31987 43.54173 16.31992 43.54181 16.31998 43.54183 16.32021 43.54171 16.32027 43.5416 16.32027 43.54159 16.32044 43.54177 16.32047 43.54185 16.32049 43.54192 16.32061 43.54195 16.32072 43.54194 16.32082 43.54185 16.32085 43.54175 16.3209 43.54173 16.32104 43.54176 16.32116 43.5422 16.32169 43.54234 16.32183 43.54253 16.32196 43.5427 16.32213 43.54281 16.32229 43.54286 16.32244 43.54307 16.32272 43.54324 16.32295 43.54349 16.32332 43.54357 16.32346 43.54365 16.32356 43.54373 16.32373 43.54379 16.32388 43.54383 16.32413 43.54388 16.3243 43.54402 16.32446 43.54417 16.3246 43.54474 16.32559 43.5451 16.32616 43.54534 16.32678 43.54553 16.32726 43.54576 16.32766 43.54576 16.32786 43.54574 16.32805 43.54571 16.32822 43.5457 16.32836 43.54566 16.32849 43.5455 16.32858 43.54538 16.32867 43.54547 16.32883 43.54578 16.32878 43.54586 16.32887 43.54621 16.32955 43.54583 16.33002 43.54592 16.33015 43.5461 16.32998 43.54622 16.32994 43.54629 16.32994 43.54634 16.33003 43.54635 16.33007 43.54638 16.33025 43.54636 16.33045 43.54632 16.33044 43.54632 16.33034 43.54619 16.33035 43.54618 16.33062 43.54622 16.33078 43.54626 16.33094 43.54632 16.33107 43.5464 16.33114 43.54655 16.33118 43.54671 16.33129 43.54686 16.33134 43.547 16.33143 43.54722 16.33171 43.54736 16.33193 43.54746 16.33222 43.54757 16.33248 43.54764 16.33267 43.54773 16.33286 43.54778 16.33305 43.54787 16.33328 43.54789 16.33344 43.54786 16.33359 43.54782 16.33382 43.54777 16.33403 43.5478 16.33439 43.54778 16.33475 43.54773 16.33498 43.54758 16.33525 43.54752 16.33547 43.54754 16.3357 43.54757 16.3359 43.54766 16.33624 43.54776 16.33675 43.54776 16.33701 43.54767 16.33718 43.54762 16.33732 43.54762 16.33735 43.54764 16.33756 43.54767 16.33779 43.54765 16.33805 43.54768 16.33886 43.5475 16.33886 43.54731 16.33818 43.54707 16.33771 43.54696 16.3378 43.54711 16.33809 43.54721 16.33835 43.54736 16.33891 43.54729 16.33901 43.54737 16.33949 43.54777 16.33943 43.5485 16.34038 43.54924 16.34136 43.54924 16.34168 43.54939 16.34171 43.5494 16.3419 43.54942 16.3422 43.54949 16.34276 43.54947 16.34297 43.54932 16.34306 43.54951 16.34364 43.54963 16.34406 43.54965 16.34413 43.54974 16.34443 43.54986 16.34478 43.54991 16.34504 43.54988 16.34511 43.54977 16.34515 43.54915 16.34494 43.54909 16.34528 43.54957 16.34543 43.54967 16.34584 43.54993 16.34572 43.55032 16.34627 43.55044 16.34648 43.55082 16.34713 43.551 16.34763 43.55103 16.34783 43.55101 16.34806 43.55094 16.34821 43.55086 16.34837 43.55086 16.34849 43.55097 16.34864 43.55105 16.34887 43.55105 16.34929 43.55102 16.35028 43.55099 16.3515 43.55096 16.35157 43.55087 16.35162 43.55078 16.35175 43.55077 16.35181 43.55078 16.35186 43.55085 16.3519 43.55101 16.35205 43.55101 16.35254 43.55101 16.35284 43.55101 16.35304 43.55093 16.35306 43.55093 16.35317 43.55099 16.35318 43.55097 16.35374 43.55087 16.35378 43.55086 16.35308 43.55076 16.35309 43.55076 16.35397 43.55092 16.35395 43.55097 16.35396 43.55097 16.35413 43.55098 16.35431 43.5509 16.35432 43.5509 16.35465 43.55078 16.35465 43.55078 16.3548 43.55087 16.35479 43.55082 16.35508 43.55076 16.35508 43.55068 16.35504 43.55065 16.35518 43.55072 16.35522 43.55066 16.35547 43.55031 16.35517 43.55023 16.35538 43.55053 16.3556 43.55056 16.35565 43.55057 16.35595 43.5507 16.35596 43.55076 16.35611 43.55112 16.35704 43.55126 16.35756 43.55126 16.35786 43.55121 16.35803 43.55119 16.35828 43.55106 16.35827 43.55105 16.35808 43.55091 16.35807 43.55097 16.35848 43.55131 16.35849 43.55136 16.35863 43.55126 16.35868 43.5513 16.3589 43.55139 16.35886 43.55141 16.35902 43.55117 16.35908 43.55115 16.35977 43.55111 16.35997 43.55105 16.36027 43.5509 16.36076 43.55075 16.36066 43.55068 16.36082 43.55082 16.36094 43.55074 16.36106 43.55054 16.36108 43.55062 16.36161 43.55063 16.36211 43.55047 16.36256 43.5503 16.36292 43.55016 16.36321 43.5499 16.36332 43.54994 16.3635 43.55029 16.36334 43.55041 16.36333 43.55046 16.3634 43.55047 16.36348 43.55056 16.364 43.55056 16.36464 43.55059 16.36508 43.55038 16.36504 43.55032 16.36429 43.55019 16.36408 43.55001 16.36397 43.5497 16.36386 43.54968 16.36402 43.54996 16.36412 43.55018 16.36431 43.55022 16.36448 43.55025 16.36475 43.55024 16.36514 43.55019 16.36562 43.5504 16.36574 43.5505 16.366 43.55047 16.36652 43.55046 16.36667 43.55042 16.36706 43.55035 16.36762 43.55021 16.36801 43.55004 16.36826 43.54981 16.36826 43.5498 16.36842 43.54989 16.36843 43.54997 16.36845 43.54995 16.36871 43.54975 16.36869 43.54975 16.36883 43.54989 16.36886 43.54989 16.36906 43.54971 16.36907 43.54971 16.36923 43.54981 16.36925 43.54971 16.36962 43.54964 16.36961 43.54964 16.36977 43.5497 16.36978 43.54982 16.36997 43.54981 16.37018 43.54983 16.37032 43.54985 16.37039 43.54986 16.3705 43.54985 16.37067 43.54984 16.37069 43.5498 16.37108 43.54975 16.37141 43.54971 16.3716 43.5497 16.37182 43.54964 16.37204 43.5496 16.37225 43.54952 16.37255 43.54947 16.3727 43.5494 16.37301 43.54938 16.37324 43.54935 16.37353 43.54932 16.37377 43.54929 16.37404 43.54926 16.37445 43.54925 16.37465 43.54923 16.37485 43.54922 16.37492 43.54915 16.37539 43.54908 16.37566 43.54905 16.3758 43.54905 16.37586 43.54905 16.37595 43.549 16.37613 43.54892 16.37631 43.54875 16.37658 43.54866 16.37662 43.54855 16.37671 43.54847 16.37672 43.5484 16.37677 43.5483 16.37695 43.54822 16.3771 43.54814 16.37722 43.54808 16.37737 43.54806 16.37766 43.54803 16.37776 43.54801 16.3778 43.54791 16.37784 43.54794 16.37796 43.54804 16.37791 43.54809 16.37794 43.54812 16.37805 43.5482 16.3782 43.54827 16.3784 43.54836 16.37861 43.54841 16.37868 43.54845 16.37888 43.54852 16.37915 43.54854 16.37927 43.54854 16.37948 43.54851 16.3795 43.54839 16.37951 43.54839 16.37964 43.54855 16.37964 43.54858 16.37973 43.5486 16.37996 43.54862 16.38013 43.54865 16.38023 43.54864 16.38034 43.54861 16.38043 43.54857 16.38046 43.54844 16.38047 43.54845 16.38059 43.54859 16.38059 43.54862 16.38063 43.54864 16.38073 43.54868 16.38086 43.5487 16.38092 43.54873 16.38102 43.54875 16.3811 43.54875 16.38127 43.54869 16.38138 43.54851 16.3814 43.54851 16.38149 43.54871 16.38149 43.54873 16.38149 43.54875 16.38153 43.54876 16.38159 43.54875 16.38195 43.54871 16.38227 43.5487 16.38245 43.5487 16.38266 43.54868 16.38283 43.54866 16.38288 43.54864 16.3829 43.54859 16.38294 43.54855 16.38308 43.54852 16.38323 43.54848 16.38336 43.54846 16.38344 43.54838 16.38347 43.54837 16.38419 43.54855 16.38421 43.54858 16.38425 43.54858 16.38441 43.54853 16.38465 43.54852 16.38477 43.54838 16.38477 43.54838 16.38453 43.54829 16.38455 43.54827 16.38503 43.54825 16.38505 43.54823 16.38534 43.54823 16.38549 43.54826 16.38552 43.54827 16.38562 43.54823 16.38575 43.54818 16.38584 43.54815 16.38588 43.5481 16.3859 43.54771 16.38579 43.54769 16.38591 43.54802 16.38603 43.54804 16.38604 43.54805 16.38627 43.5481 16.38637 43.5481 16.38653 43.54807 16.38674 43.54805 16.38689 43.54808 16.38704 43.54812 16.3872 43.54821 16.38736 43.54824 16.38749 43.54826 16.38754 43.54826 16.3877 43.54824 16.38819 43.54825 16.38826 43.54827 16.38828 43.54827 16.38898 43.54823 16.38909 43.54819 16.38919 43.5481 16.38936 43.54805 16.38945 43.54798 16.38954 43.54789 16.38964 43.54778 16.38978 43.54765 16.38996 43.54758 16.39007 43.54753 16.3902 43.54751 16.39032 43.54751 16.39041 43.54757 16.39053 43.54768 16.39071 43.54769 16.39075 43.54778 16.39092 43.54784 16.39101 43.5479 16.39107 43.54796 16.39117 43.548 16.39119 43.54808 16.39116 43.54813 16.39114 43.54824 16.39128 43.54836 16.39154 43.5484 16.39172 43.54842 16.39198 43.54841 16.39203 43.5484 16.39227 43.54829 16.39257 43.54814 16.39313 43.54805 16.39372 43.54794 16.39433 43.54787 16.3947 43.54781 16.39504 43.54781 16.39514 43.54782 16.39519 43.5478 16.39532 43.54776 16.39542 43.54766 16.39542 43.54766 16.39504 43.54758 16.39504 43.54758 16.39497 43.54749 16.39497 43.54748 16.39515 43.54753 16.39515 43.54757 16.3952 43.54757 16.39524 43.54757 16.39559 43.54774 16.39561 43.54777 16.39562 43.54779 16.39567 43.54779 16.3957 43.54777 16.39573 43.5476 16.39572 43.54749 16.39612 43.54759 16.39631 43.54765 16.39639 43.5476 16.39645 43.54749 16.39637 43.54731 16.39655 43.54736 16.39668 43.54747 16.39658 43.54752 16.39663 43.54755 16.39673 43.54758 16.39686 43.54757 16.39722 43.54751 16.3975 43.54751 16.39752 43.54749 16.39771 43.54747 16.39787 43.54747 16.39804 43.54746 16.39814 43.54741 16.39818 43.54729 16.39816 43.54728 16.39829 43.5474 16.3983 43.54743 16.39839 43.54741 16.3991 43.54725 16.3991 43.54725 16.39923 43.54741 16.39923 43.5474 16.39942 43.54724 16.39943 43.54724 16.39957 43.54743 16.39958 43.54743 16.39971 43.54738 16.3998 43.54721 16.39982 43.54722 16.39993 43.54732 16.39993 43.54736 16.39998 43.54736 16.40021 43.54737 16.40043 43.54737 16.40053 43.54735 16.40058 43.54733 16.40059 43.54717 16.40056 43.54717 16.40068 43.54735 16.40071 43.54735 16.40079 43.54734 16.40089 43.54731 16.40095 43.5473 16.40097 43.54729 16.40098 43.54692 16.40095 43.54692 16.40109 43.54725 16.40113 43.54726 16.4012 43.54725 16.40127 43.54721 16.40136 43.54717 16.40144 43.54716 16.40148 43.54713 16.40151 43.54708 16.40152 43.54703 16.40157 43.54701 16.40161 43.54699 16.40162 43.54691 16.40157 43.54688 16.40167 43.54698 16.40176 43.54699 16.40181 43.54699 16.40186 43.54697 16.40189 43.54694 16.40193 43.54687 16.40193 43.54679 16.40195 43.54676 16.40224 43.54669 16.40253 43.54663 16.40277 43.5467 16.40281 43.54675 16.40265 43.54681 16.40265 43.54681 16.40275 43.54678 16.40288 43.54674 16.40298 43.54671 16.40308 43.54669 16.40314 43.54667 16.40315 43.54657 16.40307 43.54652 16.40317 43.54662 16.40328 43.54663 16.40333 43.54659 16.40337 43.54658 16.40341 43.54657 16.40348 43.54654 16.40351 43.54648 16.40346 43.54643 16.40341 43.54636 16.40351 43.54646 16.40361 43.54648 16.40364 43.54646 16.40368 43.54639 16.40373 43.54634 16.40375 43.54623 16.40364 43.54618 16.4037 43.54623 16.4038 43.54623 16.40382 43.54617 16.40388 43.54608 16.40392 43.5458 16.40394 43.54562 16.40389 43.54555 16.40385 43.54548 16.40384 43.54543 16.40384 43.5454 16.40391 43.54541 16.40416 43.54552 16.40423 43.54594 16.40424 43.54612 16.40424 43.54625 16.40429 43.54636 16.40438 43.54645 16.40456 43.54652 16.4047 43.54653 16.40478 43.54656 16.40481 43.54656 16.40492 43.54651 16.40517 43.54647 16.40539 43.54645 16.40553 43.54643 16.40559 43.54642 16.40562 43.54631 16.40551 43.54626 16.40561 43.54637 16.40573 43.54644 16.40583 43.54643 16.40598 43.54628 16.40611 43.54597 16.40642 43.54587 16.40626 43.5458 16.40633 43.54587 16.40644 43.54584 16.4065 43.54576 16.4066 43.54558 16.4068 43.54545 16.40695 43.54537 16.4071 43.54531 16.40737 43.5453 16.40759 43.54522 16.40782 43.54507 16.40807 43.54504 16.40829 43.54501 16.40854 43.54496 16.40881 43.54494 16.40889 43.54493 16.40918 43.5449 16.40941 43.54486 16.40956 43.54479 16.4096 43.54456 16.40958 43.54455 16.40967 43.54396 16.40972 43.54396 16.41008 43.54404 16.41009 43.54404 16.40987 43.54409 16.40984 43.54449 16.4098 43.54454 16.4099 43.54461 16.40992 43.54467 16.40992 43.54472 16.40999 43.54471 16.41035 43.54471 16.4106 43.54479 16.4109 43.5449 16.41105 43.54505 16.41113 43.54518 16.41127 43.54524 16.41144 43.54526 16.41168 43.54523 16.41181 43.54515 16.41194 43.54501 16.41217 43.54488 16.41242 43.54482 16.41261 43.54478 16.41288 43.54478 16.41311 43.54483 16.41331 43.54489 16.41343 43.54497 16.41344 43.54507 16.41334 43.54517 16.41325 43.5452 16.41327 43.54525 16.41332 43.54523 16.41363 43.5452 16.41406 43.54517 16.41443 43.54516 16.41474 43.54508 16.41498 43.54507 16.41579 43.54512 16.41581 43.54517 16.41576 43.54522 16.41591 43.54526 16.41621 43.54526 16.41623 43.54526 16.41664 43.54532 16.41719 43.54537 16.41741 43.54541 16.41755 43.54553 16.41769 43.54567 16.41774 43.54575 16.41777 43.54583 16.41801 43.54586 16.41829 43.54582 16.41855 43.54571 16.41885 43.54556 16.4191 43.54533 16.41934 43.54513 16.41948 43.54492 16.41956 43.54487 16.41958 43.54475 16.41963 43.54469 16.41981 43.54471 16.42004 43.54482 16.42021 43.54502 16.42046 43.54518 16.42066 43.54535 16.42084 43.54552 16.42125 43.54561 16.42165 43.54571 16.42215 43.54574 16.42228 43.54581 16.42269 43.54587 16.42306 43.5459 16.42347 43.54592 16.42367 43.54589 16.42402 43.54581 16.42432 43.54573 16.42468 43.54567 16.42497 43.54566 16.42499 43.54528 16.42501 43.54531 16.42481 43.54517 16.4248 43.54503 16.42567 43.54483 16.42669 43.54468 16.42748 43.54469 16.42759 43.54467 16.42771 43.54459 16.42794 43.54456 16.42804 43.54456 16.42808 43.54455 16.42817 43.54457 16.42818 43.5446 16.42818 43.54491 16.42798 43.54513 16.42783 43.54528 16.42772 43.54539 16.42766 43.54547 16.4277 43.54557 16.42784 43.54561 16.42801 43.54559 16.42851 43.54547 16.42893 43.54537 16.42929 43.5453 16.4295 43.54526 16.42969 43.54524 16.42997 43.54523 16.43028 43.54525 16.43046 43.54524 16.43067 43.5451 16.4309 43.545 16.43107 43.54487 16.43131 43.54478 16.43147 43.54474 16.43154 43.54472 16.43158 43.54447 16.43154 43.54445 16.43166 43.54466 16.43171 43.54473 16.4318 43.54477 16.43224 43.54479 16.43234 43.54483 16.43259 43.54486 16.43275 43.54489 16.4329 43.54489 16.43313 43.54471 16.43366 43.54463 16.43384 43.54462 16.43387 43.54456 16.43389 43.5445 16.4339 43.54446 16.43396 43.54443 16.43419 43.54438 16.43446 43.54427 16.4347 43.54413 16.43488 43.54403 16.43498 43.54396 16.43512 43.54399 16.43538 43.54405 16.43547 43.54412 16.43562 43.54413 16.43563 43.54413 16.43567 43.54398 16.43583 43.54404 16.43596 43.54418 16.43583 43.54422 16.43584 43.54426 16.4359 43.54428 16.436 43.5443 16.43609 43.5443 16.43616 43.54429 16.43636 43.54423 16.43648 43.54416 16.43666 43.54408 16.43676 43.544 16.43691 43.54394 16.43698 43.5439 16.43698 43.54385 16.43699 43.54384 16.437 43.54382 16.43675 43.54374 16.43676 43.54375 16.43702 43.54373 16.43705 43.54369 16.43705 43.54364 16.43702 43.54358 16.43699 43.54349 16.43695 43.54338 16.43701 43.54334 16.43703 43.54319 16.43688 43.54313 16.43699 43.54323 16.43708 43.54325 16.43713 43.5432 16.43721 43.5431 16.43745 43.54307 16.43759 43.54315 16.43766 43.54316 16.43787 43.54317 16.43794 43.54306 16.43802 43.54304 16.43802 43.54299 16.43795 43.54292 16.43805 43.54308 16.43826 43.54288 16.43852 43.54272 16.43832 43.54265 16.4384 43.54279 16.4386 43.54277 16.43865 43.54273 16.4387 43.54268 16.43878 43.54264 16.43883 43.54257 16.43892 43.54255 16.43895 43.54251 16.43901 43.54246 16.4391 43.54245 16.43912 43.54239 16.43919 43.54238 16.43919 43.54234 16.43919 43.54236 16.43876 43.54225 16.43877 43.54224 16.43915 43.54224 16.43919 43.54223 16.43919 43.54213 16.43916 43.54211 16.43914 43.542 16.43903 43.54191 16.43887 43.54178 16.43861 43.54165 16.4384 43.54152 16.43827 43.54142 16.43819 43.54125 16.43804 43.54102 16.43795 43.54086 16.4379 43.54064 16.43789 43.54048 16.43793 43.54011 16.43804 43.53992 16.43814 43.53975 16.43826 43.53955 16.43851 43.53948 16.4386 43.53938 16.43871 43.53931 16.43872 43.53927 16.43869 43.53883 16.43924 43.53875 16.43956 43.53873 16.43998 43.53875 16.4405 43.53878 16.44102 43.53879 16.44157 43.53881 16.44192 43.53882 16.4421 43.53886 16.44219 43.53892 16.44222 43.53895 16.44225 43.53898 16.44236 43.53901 16.44274 43.53905 16.443 43.53906 16.44326 43.53899 16.44353 43.53896 16.4437 43.53901 16.44404 43.53903 16.44443 43.53905 16.44454 43.53905 16.44467 43.53904 16.44484 43.53902 16.44487 43.53896 16.4449 43.53889 16.44509 43.53887 16.44537 43.53879 16.44561 43.53867 16.44584 43.53856 16.44597 43.53842 16.44601 43.53824 16.44597 43.53814 16.44601 43.5381 16.44606 43.53809 16.44619 43.53802 16.44625 43.53794 16.44632 43.5379 16.4464 43.53792 16.44648 43.538 16.44665 43.53809 16.44677 43.53817 16.44689 43.53825 16.44695 43.53834 16.4471 43.53836 16.44718 43.53824 16.44741 43.53803 16.44772 43.53795 16.44799 43.53793 16.44826 43.53803 16.44877 43.53804 16.44917 43.53797 16.4496 43.53787 16.45016 43.53783 16.45061 43.53776 16.45137 43.53776 16.45156 43.53781 16.45194 43.53786 16.45238 43.53783 16.45282 43.53771 16.45307 43.53757 16.45328 43.53751 16.45341 43.5375 16.45364 43.53757 16.45435 43.53761 16.45459 43.53723 16.45472 43.53737 16.4557 43.53768 16.45563 43.53773 16.45581 43.5379 16.45688 43.53803 16.45691 43.53822 16.45729 43.53838 16.45768 43.53841 16.45778 43.53837 16.45795 43.53732 16.45795 43.5373 16.45886 43.5384 16.45894 43.53844 16.45898 43.53843 16.45944 43.53861 16.45946 43.53864 16.45951 43.53864 16.4597 43.53862 16.45974 43.53852 16.45972 43.53847 16.45976 43.53844 16.45991 43.53844 16.46002 43.53839 16.46011 43.53834 16.46029 43.53835 16.46043 43.53845 16.46063 43.5385 16.46075 43.53852 16.46091 43.53846 16.46112 43.53826 16.46131 43.53787 16.46155 43.53772 16.46164 43.53767 16.46171 43.53981 16.46194 43.54135 16.46103 43.54177 16.46079 43.54184 16.46073 43.54189 16.46071 43.54197 16.46066 43.54356 16.46023 43.54444 16.4589 43.54459 16.45796 43.54496 16.45772 43.54498 16.45772 43.5454 16.45765 43.54557 16.45761 43.54695 16.45819 43.54768 16.45837 43.54846 16.45855 43.54927 16.45875 43.54928 16.45875 43.54943 16.45879 43.54956 16.45882 43.54973 16.45886 43.55222 16.45946 43.55231 16.45945 43.55337 16.45931 43.55378 16.45839 43.55464 16.45812 43.55668 16.44741 43.55711 16.44713 43.55741 16.44693 43.55773 16.44671 43.55785 16.44637 43.55815 16.44554 43.56216 16.44651 43.56311 16.44468 43.5643 16.44156 43.56765 16.43788 43.56776 16.43584 43.56988 16.43096 43.56908 16.42981 43.57031 16.41939 43.57105 16.4132 43.57073 16.40888 43.57072 16.40828 43.57066 16.40369 43.57108 16.40151 43.57153 16.39915 43.57352 16.38879 43.57432 16.38339 43.57511 16.37801 43.57517 16.37772 43.5752 16.37754 43.57601 16.37343 43.57753 16.37271 43.57816 16.37241 43.58087 16.37379 43.58629 16.37635 43.59767 16.37507 43.59838 16.37197 43.59849 16.37025 43.5986 16.3572 43.59945 16.34836</gml:posList>
                        </gml:LinearRing>
                      </gml:exterior>
                    </gml:Polygon>
                  </gml:surfaceMember>
                  <gml:surfaceMember>
                    <gml:Polygon gml:id="MEDIA_MONITORED_CILJ_ID_1_POLUTANT_3_MODEL_134">
                      <gml:exterior>
                        <gml:LinearRing>
                          <gml:posList srsDimension="2">43.45357 16.11235 43.4537 16.11253 43.45386 16.11259 43.45398 16.11263 43.45416 16.11258 43.4544 16.11226 43.45442 16.1122 43.45442 16.11212 43.45437 16.11202 43.45428 16.11196 43.45412 16.11192 43.4539 16.11193 43.45368 16.11197 43.45355 16.1121 43.45353 16.1122 43.45357 16.11235</gml:posList>
                        </gml:LinearRing>
                      </gml:exterior>
                    </gml:Polygon>
                  </gml:surfaceMember>
                  <gml:surfaceMember>
                    <gml:Polygon gml:id="MEDIA_MONITORED_CILJ_ID_1_POLUTANT_3_MODEL_135">
                      <gml:exterior>
                        <gml:LinearRing>
                          <gml:posList srsDimension="2">43.50017 16.56505 43.50018 16.56504 43.50139 16.56385 43.50724 16.55809 43.50775 16.55758 43.50828 16.55705 43.51055 16.55477 43.51065 16.55464 43.51877 16.54406 43.51874 16.54393 43.51865 16.54365 43.51856 16.54366 43.5185 16.54367 43.51824 16.5437 43.51775 16.54351 43.51686 16.54303 43.5166 16.5426 43.51642 16.54231 43.51628 16.54219 43.51616 16.54208 43.51587 16.54184 43.5156 16.54161 43.51552 16.54154 43.51521 16.54127 43.51374 16.54022 43.51338 16.53924 43.51333 16.53912 43.51272 16.53748 43.51085 16.53755 43.50873 16.5372 43.50872 16.53704 43.50871 16.53665 43.50781 16.53518 43.50671 16.53484 43.50645 16.53376 43.50645 16.53376 43.50623 16.53286 43.50572 16.53174 43.50571 16.53173 43.50559 16.53147 43.50503 16.53129 43.50484 16.53122 43.50471 16.53118 43.50443 16.53109 43.50441 16.53114 43.50438 16.53123 43.50433 16.53139 43.50429 16.53153 43.5042 16.53195 43.50417 16.53206 43.50414 16.53224 43.5041 16.53235 43.50408 16.53241 43.50405 16.53253 43.50399 16.53265 43.50389 16.53287 43.50385 16.533 43.50381 16.53308 43.50379 16.53313 43.50378 16.5332 43.50369 16.53334 43.50366 16.53339 43.50361 16.53344 43.50357 16.53347 43.50344 16.53358 43.50326 16.53375 43.50314 16.53384 43.50313 16.53384 43.50311 16.53383 43.50309 16.5338 43.50308 16.53376 43.50302 16.53368 43.50298 16.53365 43.50291 16.53363 43.50282 16.53365 43.50275 16.5337 43.50268 16.53376 43.50266 16.53377 43.50253 16.53378 43.50245 16.53376 43.5023 16.53376 43.50207 16.53379 43.50205 16.53381 43.50201 16.53381 43.50196 16.53382 43.50192 16.53384 43.50185 16.53389 43.50177 16.53396 43.5016 16.53415 43.50152 16.53423 43.5014 16.53434 43.50138 16.53435 43.50134 16.53435 43.50115 16.53433 43.50107 16.53434 43.50088 16.53432 43.50068 16.53433 43.50055 16.53437 43.50041 16.5344 43.50026 16.53447 43.5001 16.53451 43.49998 16.53467 43.49981 16.53472 43.49972 16.53465 43.49967 16.53425 43.49963 16.53418 43.49953 16.53417 43.49948 16.5341 43.49945 16.53404 43.49941 16.534 43.49935 16.534 43.49929 16.53408 43.49928 16.53418 43.49928 16.53433 43.49927 16.53441 43.49925 16.53447 43.49908 16.53478 43.4989 16.5349 43.49841 16.53548 43.49827 16.53558 43.49813 16.5356 43.49796 16.53554 43.49741 16.53558 43.49723 16.53565 43.4971 16.53571 43.49684 16.53578 43.49659 16.53591 43.49642 16.53595 43.49621 16.53598 43.49608 16.53607 43.49601 16.53615 43.49595 16.53614 43.49594 16.53613 43.4959 16.53608 43.49583 16.53598 43.49562 16.53586 43.49527 16.5356 43.49513 16.53554 43.49495 16.53555 43.49479 16.53566 43.49458 16.53579 43.49443 16.53591 43.4943 16.53602 43.49418 16.53609 43.49388 16.5363 43.49382 16.53641 43.49377 16.53653 43.49351 16.53675 43.49322 16.53701 43.49297 16.53717 43.49282 16.53717 43.49274 16.5371 43.49267 16.53698 43.49251 16.53672 43.49257 16.53658 43.49249 16.53651 43.4924 16.53672 43.49229 16.53699 43.4922 16.53714 43.4921 16.53706 43.49213 16.53698 43.49207 16.53691 43.49195 16.53716 43.4918 16.53755 43.4917 16.53784 43.49163 16.53798 43.49158 16.53813 43.49133 16.53882 43.49102 16.53846 43.49118 16.5381 43.49104 16.53797 43.49097 16.53813 43.49081 16.53802 43.49068 16.53835 43.491 16.53866 43.49093 16.53881 43.49108 16.53897 43.49093 16.53929 43.49077 16.5395 43.49061 16.53971 43.4905 16.53984 43.49017 16.54042 43.4899 16.54102 43.48978 16.54144 43.4895 16.54197 43.48943 16.54207 43.48917 16.54229 43.48899 16.54247 43.48876 16.54269 43.48845 16.54306 43.4882 16.54325 43.48816 16.54324 43.48811 16.54326 43.48804 16.54334 43.48792 16.54355 43.48787 16.54373 43.48786 16.54396 43.48782 16.54411 43.48777 16.54448 43.48777 16.54461 43.48772 16.54483 43.48767 16.54492 43.48751 16.54474 43.48745 16.54485 43.48761 16.54501 43.48756 16.54511 43.48739 16.54551 43.48707 16.54608 43.48647 16.54711 43.4858 16.54787 43.48544 16.54815 43.48531 16.5482 43.48501 16.54828 43.48493 16.54834 43.48479 16.54861 43.48466 16.54906 43.48459 16.54961 43.48455 16.55005 43.48445 16.55057 43.48437 16.55102 43.48435 16.55112 43.48426 16.55161 43.48416 16.55199 43.48404 16.55241 43.48379 16.55306 43.4837 16.55325 43.48355 16.55312 43.48351 16.55323 43.48363 16.55334 43.48355 16.5535 43.48341 16.55377 43.4832 16.55409 43.48272 16.55481 43.48256 16.55466 43.48251 16.55477 43.48265 16.5549 43.48222 16.55557 43.48203 16.55599 43.48185 16.55624 43.48148 16.55667 43.48121 16.55708 43.48115 16.55717 43.48103 16.55702 43.48097 16.5571 43.48109 16.55725 43.48101 16.55736 43.48092 16.55748 43.48081 16.55732 43.48074 16.55742 43.48085 16.55758 43.48081 16.55763 43.48035 16.55818 43.48029 16.55825 43.48016 16.55807 43.4801 16.55816 43.48023 16.55835 43.48017 16.55845 43.48005 16.55856 43.47988 16.55866 43.4794 16.55882 43.47933 16.55891 43.47928 16.55897 43.479 16.55947 43.47869 16.55985 43.47802 16.56056 43.47736 16.5611 43.47702 16.56153 43.47679 16.56139 43.47676 16.56129 43.47668 16.56134 43.47672 16.56146 43.47696 16.56163 43.47683 16.5618 43.47671 16.56192 43.4766 16.562 43.47646 16.56182 43.4764 16.56189 43.47655 16.56209 43.47647 16.56216 43.47629 16.56238 43.47605 16.56264 43.47514 16.56386 43.47498 16.56407 43.47474 16.56432 43.47446 16.56457 43.47424 16.56483 43.47419 16.56495 43.47418 16.56507 43.47419 16.56523 43.47414 16.56575 43.47409 16.56609 43.47404 16.56634 43.47396 16.56654 43.47374 16.56655 43.47374 16.56668 43.47394 16.56667 43.47389 16.5669 43.47382 16.56709 43.47371 16.56715 43.47366 16.56723 43.47364 16.56732 43.4736 16.56754 43.47313 16.56744 43.47315 16.56732 43.473 16.56728 43.47294 16.56762 43.47358 16.56778 43.47363 16.56823 43.47363 16.5684 43.47356 16.56865 43.47345 16.56896 43.47332 16.56923 43.47321 16.5694 43.47302 16.56975 43.47281 16.5701 43.47261 16.57054 43.4724 16.57081 43.47221 16.57113 43.47205 16.57151 43.47186 16.57182 43.47153 16.5722 43.47152 16.57221 43.47111 16.57262 43.47058 16.57325 43.4704 16.57342 43.47016 16.57363 43.46973 16.57403 43.46896 16.57462 43.46882 16.57477 43.46857 16.57517 43.4685 16.57537 43.46808 16.5762 43.46787 16.57652 43.46742 16.57705 43.46707 16.5777 43.46679 16.57804 43.46641 16.57844 43.46587 16.57922 43.46569 16.57952 43.46558 16.57965 43.46626 16.58177 43.4666 16.58218 43.46681 16.58244 43.46691 16.58249 43.46726 16.58263 43.46782 16.5834 43.46829 16.58403 43.46967 16.58591 43.471 16.58771 43.47144 16.58832 43.47192 16.58855 43.47227 16.58859 43.47304 16.58959 43.47312 16.58989 43.47317 16.59009 43.47356 16.59023 43.47356 16.59023 43.47397 16.59024 43.47433 16.59024 43.4747 16.59042 43.47518 16.59065 43.47678 16.59018 43.48778 16.5815 43.4899 16.57797 43.49264 16.57342 43.49281 16.57313 43.49727 16.56823 43.50017 16.56505</gml:posList>
                        </gml:LinearRing>
                      </gml:exterior>
                    </gml:Polygon>
                  </gml:surfaceMember>
                  <gml:surfaceMember>
                    <gml:Polygon gml:id="MEDIA_MONITORED_CILJ_ID_1_POLUTANT_3_MODEL_136">
                      <gml:exterior>
                        <gml:LinearRing>
                          <gml:posList srsDimension="2">43.52234 16.4155 43.52237 16.41558 43.5224 16.41562 43.52245 16.41564 43.52249 16.41561 43.52252 16.41557 43.52256 16.41549 43.52257 16.41539 43.52259 16.41529 43.52262 16.41515 43.52261 16.41504 43.5226 16.41497 43.52258 16.41489 43.52256 16.41486 43.52251 16.41486 43.52246 16.4149 43.52242 16.415 43.5224 16.41507 43.52238 16.41516 43.52236 16.41524 43.52235 16.41535 43.52234 16.4155</gml:posList>
                        </gml:LinearRing>
                      </gml:exterior>
                    </gml:Polygon>
                  </gml:surfaceMember>
                  <gml:surfaceMember>
                    <gml:Polygon gml:id="MEDIA_MONITORED_CILJ_ID_1_POLUTANT_3_MODEL_137">
                      <gml:exterior>
                        <gml:LinearRing>
                          <gml:posList srsDimension="2">43.53583 16.44778 43.53586 16.44782 43.5359 16.44782 43.53594 16.4478 43.53593 16.44775 43.53592 16.44769 43.53591 16.44765 43.53588 16.44764 43.53584 16.44766 43.53583 16.44769 43.53582 16.44773 43.53583 16.44778</gml:posList>
                        </gml:LinearRing>
                      </gml:exterior>
                    </gml:Polygon>
                  </gml:surfaceMember>
                  <gml:surfaceMember>
                    <gml:Polygon gml:id="MEDIA_MONITORED_CILJ_ID_1_POLUTANT_3_MODEL_138">
                      <gml:exterior>
                        <gml:LinearRing>
                          <gml:posList srsDimension="2">43.515 16.24743 43.5152 16.24825 43.51535 16.24914 43.51548 16.25012 43.51556 16.2506 43.51557 16.2507 43.51567 16.25107 43.51582 16.25159 43.51592 16.25192 43.51596 16.25194 43.5161 16.2519 43.51616 16.25194 43.51629 16.25213 43.51662 16.25261 43.51671 16.25261 43.518 16.25174 43.51805 16.25167 43.51807 16.25154 43.51807 16.25137 43.51805 16.25097 43.51803 16.25071 43.51799 16.25038 43.51797 16.25024 43.51794 16.25002 43.51794 16.24947 43.51789 16.24934 43.51746 16.24858 43.51648 16.24687 43.51643 16.24673 43.51632 16.24656 43.51621 16.24627 43.51608 16.24595 43.51589 16.24595 43.51576 16.24601 43.51565 16.24608 43.51556 16.24615 43.51542 16.24624 43.51526 16.24636 43.51515 16.24647 43.51512 16.2465 43.51501 16.24662 43.51495 16.2467 43.51489 16.24681 43.51487 16.24694 43.515 16.24743</gml:posList>
                        </gml:LinearRing>
                      </gml:exterior>
                    </gml:Polygon>
                  </gml:surfaceMember>
                  <gml:surfaceMember>
                    <gml:Polygon gml:id="MEDIA_MONITORED_CILJ_ID_1_POLUTANT_3_MODEL_139">
                      <gml:exterior>
                        <gml:LinearRing>
                          <gml:posList srsDimension="2">43.42905 16.12026 43.42907 16.12034 43.42907 16.12046 43.42912 16.12054 43.42915 16.12054 43.42921 16.12047 43.42921 16.12034 43.4292 16.12026 43.42915 16.12012 43.42915 16.12007 43.4291 16.12002 43.42907 16.12002 43.42903 16.12005 43.42901 16.12011 43.42905 16.12026</gml:posList>
                        </gml:LinearRing>
                      </gml:exterior>
                    </gml:Polygon>
                  </gml:surfaceMember>
                  <gml:surfaceMember>
                    <gml:Polygon gml:id="MEDIA_MONITORED_CILJ_ID_1_POLUTANT_3_MODEL_140">
                      <gml:exterior>
                        <gml:LinearRing>
                          <gml:posList srsDimension="2">43.41209 16.13601 43.4122 16.13616 43.4125 16.13624 43.41328 16.13623 43.41349 16.13618 43.41368 16.13609 43.41371 16.13609 43.41386 16.13602 43.41404 16.13585 43.41417 16.13565 43.41444 16.13479 43.41446 16.13462 43.41441 16.13447 43.41429 16.1343 43.41409 16.13417 43.41373 16.13417 43.41359 16.13424 43.4133 16.13433 43.41292 16.13462 43.41275 16.13484 43.41242 16.13515 43.41219 16.13547 43.41209 16.13576 43.41209 16.13601</gml:posList>
                        </gml:LinearRing>
                      </gml:exterior>
                    </gml:Polygon>
                  </gml:surfaceMember>
                  <gml:surfaceMember>
                    <gml:Polygon gml:id="MEDIA_MONITORED_CILJ_ID_1_POLUTANT_3_MODEL_141">
                      <gml:exterior>
                        <gml:LinearRing>
                          <gml:posList srsDimension="2">43.45569 16.07574 43.45578 16.07549 43.4558 16.07467 43.45579 16.0743 43.45571 16.074 43.45571 16.0737 43.4557 16.07252 43.45568 16.07238 43.45558 16.07212 43.45533 16.07187 43.45517 16.07177 43.45491 16.07174 43.45458 16.0718 43.45435 16.07176 43.45418 16.07169 43.45391 16.0716 43.45382 16.07153 43.45362 16.07125 43.45356 16.07112 43.45346 16.07101 43.45339 16.07095 43.45332 16.07085 43.45327 16.07063 43.45322 16.07026 43.4532 16.07013 43.45313 16.06996 43.45297 16.06976 43.4528 16.06966 43.45254 16.06955 43.45232 16.06954 43.45211 16.06945 43.45196 16.06928 43.45184 16.06909 43.45172 16.06899 43.45157 16.06899 43.45137 16.06909 43.45112 16.06909 43.45089 16.06895 43.45069 16.0689 43.45062 16.06885 43.45058 16.06878 43.45059 16.0686 43.45066 16.06842 43.4507 16.06828 43.45091 16.0677 43.45109 16.06733 43.45118 16.067 43.45119 16.06644 43.45126 16.06621 43.4514 16.06598 43.45155 16.06561 43.4516 16.06553 43.45186 16.06489 43.45195 16.06457 43.45201 16.06418 43.45202 16.06304 43.45201 16.06281 43.45197 16.0626 43.45186 16.06243 43.45172 16.06227 43.45103 16.06177 43.45092 16.06164 43.45072 16.06136 43.45058 16.06114 43.45053 16.06097 43.4505 16.06077 43.45051 16.06061 43.45054 16.06037 43.45069 16.05983 43.45083 16.05948 43.45115 16.0588 43.45122 16.0585 43.45137 16.05811 43.45148 16.05784 43.45159 16.0576 43.45164 16.05733 43.45165 16.057 43.45166 16.05665 43.45169 16.05632 43.45167 16.05604 43.45148 16.0556 43.45136 16.05537 43.4512 16.0549 43.45109 16.05467 43.45067 16.0541 43.45 16.05359 43.44913 16.05323 43.44846 16.05315 43.44812 16.05314 43.44799 16.05319 43.4475 16.05354 43.44714 16.05384 43.44674 16.05406 43.44653 16.05411 43.44642 16.05417 43.44593 16.05421 43.44589 16.05426 43.44587 16.05444 43.44582 16.05448 43.44577 16.05446 43.44573 16.05436 43.44568 16.05436 43.4456 16.05442 43.44552 16.05457 43.44547 16.05482 43.44549 16.05524 43.44563 16.05579 43.4458 16.05629 43.4461 16.05691 43.44623 16.05731 43.44644 16.05778 43.44649 16.05796 43.44677 16.05858 43.4473 16.05935 43.44739 16.05953 43.44745 16.0596 43.4478 16.06042 43.44792 16.0612 43.44793 16.06139 43.44788 16.06176 43.44773 16.06225 43.44751 16.06272 43.44736 16.06289 43.44722 16.06306 43.44624 16.06373 43.446 16.06395 43.44578 16.06424 43.44543 16.06468 43.44505 16.06524 43.44481 16.06583 43.44478 16.06603 43.44469 16.06721 43.44468 16.06792 43.44472 16.06818 43.44472 16.0686 43.44475 16.06892 43.4448 16.069 43.44492 16.06896 43.44498 16.06902 43.44498 16.06912 43.44493 16.06922 43.44482 16.06919 43.44475 16.06927 43.44474 16.06939 43.44481 16.06979 43.44497 16.07015 43.44513 16.07061 43.44537 16.0716 43.44548 16.07187 43.4456 16.07205 43.44567 16.0722 43.44574 16.07242 43.44577 16.07274 43.44581 16.07292 43.44584 16.07329 43.44584 16.074 43.44574 16.07457 43.44572 16.07509 43.44577 16.07541 43.44582 16.07554 43.44621 16.07604 43.44625 16.07616 43.44625 16.07623 43.44625 16.07631 43.44617 16.07661 43.44589 16.07734 43.4456 16.07805 43.44549 16.07842 43.44526 16.0795 43.44518 16.08005 43.44513 16.08056 43.44501 16.08114 43.44497 16.08185 43.44489 16.08217 43.4448 16.08244 43.44467 16.08266 43.44435 16.08282 43.44406 16.08289 43.44392 16.08282 43.44379 16.08267 43.44362 16.08231 43.44345 16.08212 43.44331 16.08185 43.44309 16.08147 43.44273 16.08099 43.44262 16.08074 43.44244 16.08049 43.44237 16.08044 43.44205 16.08031 43.4416 16.08025 43.44146 16.08013 43.44131 16.0801 43.4412 16.07996 43.44113 16.07996 43.44108 16.07999 43.44101 16.07997 43.44097 16.0799 43.44087 16.0798 43.44074 16.07977 43.44058 16.07967 43.4404 16.07967 43.44031 16.07961 43.44009 16.07963 43.44004 16.07958 43.43997 16.07958 43.43988 16.07968 43.43974 16.07967 43.43963 16.0796 43.43948 16.0796 43.43939 16.07967 43.4393 16.07967 43.43914 16.07984 43.43901 16.07986 43.43894 16.07998 43.43887 16.08008 43.43874 16.08013 43.43867 16.08031 43.43861 16.08033 43.43845 16.08032 43.43832 16.08039 43.43827 16.08057 43.43821 16.08064 43.43813 16.08059 43.43809 16.08064 43.43808 16.08071 43.43801 16.08078 43.43795 16.08082 43.43787 16.0809 43.43773 16.08095 43.4377 16.08102 43.4376 16.08112 43.43747 16.08122 43.43738 16.08122 43.43732 16.08129 43.43731 16.08136 43.43722 16.08147 43.43714 16.08156 43.43705 16.08171 43.43693 16.08188 43.43688 16.08191 43.43684 16.082 43.43683 16.08213 43.43682 16.08219 43.4368 16.08221 43.43676 16.08224 43.43667 16.08233 43.43657 16.08251 43.43654 16.08259 43.43626 16.08298 43.4359 16.08359 43.43575 16.08393 43.43559 16.08458 43.43551 16.08499 43.43545 16.08531 43.43545 16.0857 43.4355 16.0861 43.43552 16.08648 43.43563 16.08702 43.43577 16.08736 43.4362 16.08797 43.43646 16.08864 43.43659 16.08881 43.43675 16.08894 43.43721 16.08914 43.43743 16.08922 43.43779 16.08928 43.43795 16.08938 43.438 16.08946 43.43804 16.08955 43.43804 16.0906 43.43811 16.09075 43.43822 16.09082 43.43829 16.09087 43.43829 16.09092 43.43824 16.09097 43.43815 16.09098 43.43811 16.09102 43.43811 16.09109 43.43817 16.09122 43.4385 16.09211 43.4386 16.09228 43.43871 16.09243 43.43887 16.09256 43.43925 16.09259 43.43945 16.09258 43.4397 16.09255 43.43986 16.09245 43.44005 16.09228 43.44031 16.09194 43.44052 16.09172 43.44083 16.09161 43.44101 16.09149 43.44113 16.09134 43.44123 16.09116 43.44134 16.09102 43.44144 16.09095 43.4417 16.09091 43.44186 16.09078 43.44224 16.09069 43.44242 16.0906 43.44283 16.09053 43.44304 16.09053 43.44323 16.09049 43.44336 16.09049 43.44339 16.09054 43.44346 16.09057 43.44355 16.09054 43.44362 16.09043 43.44368 16.09037 43.44382 16.09038 43.4439 16.09052 43.44393 16.0907 43.44398 16.09077 43.44415 16.0908 43.44424 16.09085 43.44463 16.0913 43.44464 16.09138 43.44464 16.0915 43.4447 16.09158 43.44482 16.09163 43.44488 16.0917 43.44488 16.0918 43.44494 16.09203 43.44514 16.0923 43.44525 16.0926 43.4453 16.09292 43.44538 16.09315 43.44545 16.09347 43.44552 16.09359 43.4457 16.09409 43.4458 16.09461 43.44589 16.09486 43.44596 16.09506 43.44612 16.09561 43.44615 16.0959 43.44616 16.09608 43.44613 16.09625 43.44585 16.09734 43.44584 16.09782 43.44596 16.09817 43.44625 16.0982 43.44647 16.09818 43.44663 16.09809 43.44676 16.09792 43.44683 16.09769 43.44691 16.09703 43.44692 16.09666 43.44687 16.09599 43.44693 16.09574 43.44696 16.0955 43.44704 16.09528 43.44711 16.0951 43.4472 16.09486 43.44726 16.09456 43.44728 16.09407 43.4474 16.09333 43.44756 16.09289 43.44776 16.09248 43.44821 16.09166 43.44833 16.09152 43.44908 16.09035 43.44921 16.09025 43.44932 16.09023 43.44941 16.09018 43.44946 16.09011 43.44955 16.09002 43.44982 16.09036 43.44989 16.09024 43.44957 16.08984 43.44964 16.08969 43.4498 16.08948 43.45009 16.0891 43.45027 16.08931 43.45013 16.08959 43.4502 16.08966 43.45037 16.08937 43.45042 16.08934 43.45048 16.08934 43.45069 16.08959 43.45085 16.08988 43.45092 16.08993 43.45108 16.08996 43.45141 16.08999 43.45168 16.08992 43.45182 16.08991 43.45218 16.0899 43.4527 16.09014 43.45308 16.09018 43.45337 16.09018 43.45362 16.09011 43.45415 16.09002 43.45425 16.0899 43.4544 16.08982 43.45467 16.08958 43.455 16.08917 43.45529 16.08853 43.45537 16.08827 43.45543 16.08796 43.45555 16.08724 43.45554 16.08589 43.45547 16.08551 43.45522 16.08472 43.45512 16.08425 43.45507 16.08398 43.45499 16.08311 43.45497 16.08294 43.4549 16.08257 43.45489 16.08244 43.45485 16.08229 43.45476 16.08187 43.45472 16.08167 43.45468 16.08142 43.45454 16.08123 43.45433 16.08111 43.45424 16.08104 43.45405 16.0807 43.45391 16.08057 43.45382 16.08042 43.45379 16.0802 43.45361 16.0799 43.45351 16.07965 43.45349 16.07948 43.45356 16.07926 43.45391 16.07877 43.45423 16.07836 43.45484 16.07743 43.45502 16.07703 43.45525 16.0767 43.45543 16.07652 43.45556 16.07617 43.45564 16.07591 43.45569 16.07574</gml:posList>
                        </gml:LinearRing>
                      </gml:exterior>
                    </gml:Polygon>
                  </gml:surfaceMember>
                  <gml:surfaceMember>
                    <gml:Polygon gml:id="MEDIA_MONITORED_CILJ_ID_1_POLUTANT_3_MODEL_142">
                      <gml:exterior>
                        <gml:LinearRing>
                          <gml:posList srsDimension="2">45.44123 14.57911 45.44335 14.57346 45.44621 14.57304 45.44829 14.5728 45.44941 14.57191 45.45143 14.57014 45.45335 14.56851 45.45532 14.56673 45.45706 14.56484 45.45896 14.56259 45.4602 14.56119 45.46455 14.55719 45.46663 14.55523 45.467 14.5549 45.46832 14.55371 45.46594 14.55314 45.46507 14.55275 45.46432 14.55149 45.46312 14.55072 45.46228 14.55057 45.46133 14.55082 45.46044 14.55048 45.45921 14.54983 45.45812 14.5493 45.45733 14.54873 45.45639 14.54834 45.45573 14.54789 45.45505 14.54735 45.45429 14.54667 45.45305 14.54659 45.4519 14.54576 45.45092 14.5453 45.44949 14.54404 45.44919 14.54261 45.4479 14.54195 45.4468 14.54141 45.44607 14.54062 45.44517 14.53985 45.44445 14.53882 45.44339 14.53803 45.44217 14.53773 45.44096 14.53713 45.43984 14.53639 45.43809 14.5351 45.43729 14.53483 45.43691 14.5347 45.43623 14.53465 45.43569 14.53512 45.43547 14.53538 45.43519 14.53542 45.4347 14.53554 45.43441 14.53545 45.43433 14.53513 45.43377 14.53488 45.43318 14.53486 45.43271 14.53498 45.4326 14.53515 45.43212 14.53548 45.43177 14.53564 45.43154 14.53568 45.43106 14.53516 45.43071 14.53474 45.43012 14.53422 45.42935 14.53368 45.4283 14.53311 45.42738 14.53258 45.42662 14.53167 45.42589 14.53036 45.42521 14.52962 45.4243 14.52958 45.4234 14.53006 45.42285 14.52991 45.4223 14.52925 45.42215 14.52817 45.42248 14.52675 45.42223 14.52589 45.4222 14.52577 45.42142 14.52465 45.42057 14.52357 45.42052 14.52258 45.42024 14.52194 45.42005 14.52057 45.41982 14.5197 45.4192 14.51869 45.41925 14.51761 45.41922 14.51759 45.41893 14.51734 45.41876 14.5172 45.41872 14.51716 45.41798 14.51721 45.41712 14.51642 45.41646 14.51614 45.41585 14.51562 45.41517 14.51526 45.41509 14.51495 45.41511 14.51357 45.41509 14.51341 45.41506 14.51322 45.4149 14.51213 45.41436 14.51049 45.41368 14.50951 45.41287 14.50847 45.41247 14.5075 45.41227 14.507 45.41149 14.50631 45.41079 14.50709 45.4103 14.5071 45.40976 14.50627 45.40978 14.50554 45.40988 14.5046 45.40989 14.50452 45.4099 14.50435 45.40995 14.50375 45.40964 14.50384 45.40937 14.50391 45.40871 14.50376 45.408 14.50275 45.40718 14.50192 45.40726 14.50157 45.40721 14.50011 45.40734 14.49855 45.40718 14.49833 45.40675 14.49776 45.40569 14.49749 45.40463 14.49626 45.40423 14.49561 45.40398 14.49532 45.40362 14.4949 45.4034 14.49349 45.40312 14.49228 45.40235 14.49096 45.40171 14.48972 45.40062 14.48871 45.39939 14.48783 45.39823 14.48573 45.39801 14.48527 45.39719 14.48602 45.39658 14.48701 45.39589 14.48786 45.39528 14.48848 45.39514 14.48827 45.39474 14.48871 45.39431 14.48928 45.3937 14.49045 45.39302 14.49136 45.39262 14.49182 45.39232 14.49207 45.39181 14.49248 45.39074 14.49307 45.38967 14.49434 45.38902 14.49502 45.38865 14.49532 45.38782 14.49598 45.38696 14.49651 45.38684 14.49659 45.38555 14.49685 45.38437 14.49712 45.38326 14.49754 45.38172 14.49781 45.38082 14.49799 45.38012 14.49808 45.37983 14.4973 45.37945 14.49673 45.37899 14.49617 45.3787 14.49532 45.37858 14.4945 45.37862 14.49367 45.37864 14.49355 45.37867 14.4934 45.37871 14.49312 45.37834 14.49246 45.37793 14.49199 45.37734 14.49163 45.37647 14.49119 45.37644 14.48981 45.37633 14.48726 45.37618 14.48359 45.37616 14.48283 45.37608 14.48201 45.37551 14.48052 45.37546 14.48035 45.37535 14.48001 45.3751 14.47934 45.37485 14.4787 45.37486 14.47791 45.37485 14.47761 45.37483 14.47727 45.37451 14.47633 45.37511 14.47547 45.37506 14.47537 45.37481 14.47478 45.37437 14.47366 45.37507 14.47302 45.37605 14.47274 45.37689 14.47239 45.37775 14.47196 45.3784 14.47146 45.37888 14.47098 45.37966 14.4705 45.38036 14.47022 45.38081 14.46998 45.3811 14.46982 45.38109 14.46962 45.38106 14.46906 45.38083 14.46824 45.38024 14.46793 45.37977 14.4678 45.37955 14.46769 45.37933 14.46751 45.379 14.46818 45.37876 14.46799 45.37855 14.4682 45.37823 14.46792 45.37833 14.46765 45.37827 14.46732 45.37874 14.46691 45.37876 14.46685 45.3789 14.46634 45.37889 14.46633 45.37889 14.46631 45.37888 14.4663 45.37871 14.46575 45.3788 14.46532 45.37898 14.46495 45.37916 14.46431 45.37956 14.46306 45.37985 14.46185 45.38008 14.46096 45.3801 14.46051 45.38029 14.46027 45.38043 14.4601 45.38053 14.45937 45.38104 14.4587 45.38104 14.45818 45.38103 14.45814 45.38088 14.45766 45.38045 14.45688 45.3797 14.4567 45.37943 14.45637 45.37919 14.45522 45.37899 14.45423 45.37906 14.45319 45.37899 14.45307 45.37878 14.45267 45.37815 14.45208 45.37777 14.45164 45.37846 14.45035 45.37792 14.45015 45.37748 14.44952 45.3774 14.44941 45.37758 14.44884 45.37788 14.44801 45.37587 14.44704 45.37545 14.4465 45.37541 14.44597 45.37542 14.44589 45.37548 14.4453 45.37545 14.44512 45.3754 14.44476 45.37489 14.44454 45.37441 14.44434 45.37417 14.44399 45.37386 14.4435 45.37353 14.44297 45.37355 14.44244 45.3734 14.44202 45.3732 14.44224 45.37282 14.4423 45.37246 14.44221 45.37212 14.44267 45.37185 14.44302 45.37145 14.44301 45.37144 14.44199 45.37132 14.44102 45.37 14.44144 45.36911 14.44171 45.36796 14.44287 45.3672 14.44257 45.36665 14.44243 45.36605 14.44267 45.36559 14.44335 45.36517 14.44379 45.36465 14.44452 45.3643 14.4447 45.3638 14.44508 45.36309 14.44506 45.3622 14.44554 45.36185 14.44599 45.36152 14.4464 45.36107 14.44637 45.36048 14.44606 45.35988 14.44577 45.35931 14.4459 45.35895 14.44638 45.35869 14.44672 45.35812 14.44728 45.35818 14.44794 45.35816 14.44849 45.35832 14.44903 45.35846 14.44943 45.35855 14.45003 45.35857 14.45067 45.35861 14.45117 45.35876 14.45177 45.35883 14.45216 45.35886 14.45252 45.35897 14.45292 45.35951 14.45268 45.35987 14.45258 45.36016 14.45277 45.36053 14.45323 45.36087 14.45371 45.36128 14.45423 45.36145 14.45459 45.36143 14.45483 45.36141 14.45499 45.36133 14.45538 45.36123 14.45581 45.36128 14.45632 45.36135 14.45657 45.36136 14.45662 45.36128 14.45673 45.36093 14.45722 45.36087 14.45732 45.36044 14.45767 45.35988 14.45834 45.35931 14.45898 45.35881 14.45961 45.35823 14.46028 45.35772 14.4608 45.35749 14.46084 45.35729 14.46113 45.357 14.46092 45.35672 14.46073 45.35668 14.4616 45.35663 14.46219 45.35654 14.46294 45.35648 14.46348 45.35667 14.46366 45.35686 14.46362 45.35717 14.46352 45.35743 14.46385 45.35759 14.46427 45.35781 14.4649 45.35819 14.46524 45.35822 14.46568 45.35828 14.4664 45.35831 14.46661 45.35834 14.46678 45.35835 14.46685 45.35836 14.46692 45.35835 14.46714 45.35834 14.46745 45.35832 14.46792 45.35826 14.46857 45.35803 14.46899 45.3574 14.4696 45.35703 14.47007 45.35651 14.47078 45.3562 14.47109 45.3558 14.47136 45.35523 14.47165 45.35479 14.47185 45.35384 14.47227 45.35286 14.47288 45.352 14.47318 45.3512 14.47338 45.35034 14.47347 45.34951 14.47374 45.3494 14.474 45.34925 14.47382 45.34866 14.474 45.34858 14.47382 45.3485 14.47362 45.3482 14.47345 45.34788 14.47343 45.34768 14.47341 45.34676 14.47377 45.34572 14.47409 45.34519 14.47435 45.345 14.47445 45.3448 14.47451 45.34462 14.47472 45.34454 14.4751 45.3446 14.47537 45.3447 14.47574 45.34473 14.47583 45.34476 14.47591 45.34477 14.47591 45.34477 14.47593 45.34477 14.47625 45.34466 14.4763 45.34448 14.47622 45.34432 14.47595 45.34402 14.47555 45.34303 14.47619 45.34204 14.47845 45.34156 14.47961 45.34103 14.48052 45.34025 14.4815 45.33977 14.48223 45.33938 14.48291 45.33905 14.48287 45.33825 14.4829 45.33772 14.48315 45.33696 14.48387 45.33611 14.48444 45.33545 14.48491 45.33474 14.48525 45.33547 14.48641 45.33591 14.48698 45.33634 14.48749 45.33679 14.48803 45.3371 14.48834 45.33749 14.48863 45.33763 14.48892 45.33775 14.48935 45.33802 14.48992 45.33819 14.4905 45.33847 14.49088 45.3389 14.49151 45.33914 14.49201 45.3394 14.49265 45.3396 14.49321 45.33989 14.49408 45.34026 14.49533 45.34103 14.49689 45.34202 14.49909 45.3426 14.5005 45.34318 14.5021 45.34291 14.5024 45.34278 14.50253 45.34264 14.5029 45.3427 14.50333 45.34277 14.50385 45.34291 14.50411 45.34315 14.5044 45.34339 14.50456 45.34364 14.50452 45.34382 14.50429 45.34403 14.5038 45.34463 14.50496 45.34509 14.50596 45.34561 14.50727 45.3462 14.50872 45.34659 14.50963 45.34692 14.51084 45.3472 14.51191 45.34757 14.51264 45.34798 14.51309 45.3485 14.51376 45.34886 14.51424 45.34944 14.51485 45.34983 14.51547 45.35019 14.51589 45.35071 14.51644 45.35173 14.51741 45.3523 14.51815 45.35255 14.51842 45.35306 14.51931 45.35352 14.51965 45.35393 14.5199 45.35434 14.52031 45.35487 14.52063 45.35523 14.52117 45.35537 14.52183 45.35543 14.52272 45.35548 14.52345 45.3555 14.52419 45.35561 14.52457 45.3559 14.52517 45.35625 14.5258 45.35665 14.52641 45.3571 14.52692 45.35755 14.52755 45.35782 14.52824 45.35804 14.52912 45.35846 14.53032 45.35859 14.53126 45.35901 14.53246 45.35908 14.53304 45.35953 14.53444 45.36001 14.53574 45.36012 14.53677 45.36023 14.53792 45.36039 14.53889 45.36044 14.53924 45.36048 14.53948 45.36052 14.53969 45.36038 14.54012 45.36026 14.5405 45.36017 14.54079 45.36 14.54178 45.35963 14.54335 45.35947 14.54496 45.35869 14.54605 45.35888 14.54746 45.35956 14.5488 45.35962 14.54933 45.35966 14.5497 45.35962 14.54996 45.35958 14.55023 45.35939 14.55131 45.35876 14.55196 45.35852 14.55306 45.35898 14.55477 45.35963 14.55618 45.36026 14.55732 45.36089 14.55821 45.36152 14.55902 45.36242 14.56063 45.36266 14.56148 45.36351 14.56299 45.3639 14.5639 45.36524 14.56653 45.36705 14.57031 45.3676 14.57146 45.36852 14.57318 45.37011 14.57507 45.37087 14.5773 45.37109 14.57859 45.37194 14.57977 45.37204 14.58051 45.37282 14.58118 45.37281 14.58126 45.37277 14.58162 45.37257 14.58311 45.37246 14.58403 45.37287 14.58548 45.37328 14.58668 45.37368 14.5875 45.37453 14.58812 45.3751 14.58835 45.37549 14.58873 45.37594 14.58918 45.37597 14.58921 45.37609 14.58933 45.37616 14.5894 45.37585 14.59008 45.37601 14.59101 45.37631 14.59199 45.3767 14.59283 45.37755 14.59376 45.37812 14.59444 45.37841 14.59546 45.37945 14.59622 45.38009 14.59634 45.38069 14.59654 45.38112 14.59708 45.38157 14.59764 45.38186 14.59743 45.38247 14.59785 45.38313 14.59713 45.38353 14.59692 45.38472 14.59754 45.38672 14.59857 45.39465 14.60258 45.40232 14.60647 45.41167 14.61126 45.42105 14.61609 45.43038 14.62081 45.43126 14.62126 45.42968 14.60904 45.43273 14.59035 45.43409 14.58666 45.43421 14.58632 45.43425 14.58623 45.43414 14.58565 45.44123 14.57911</gml:posList>
                        </gml:LinearRing>
                      </gml:exterior>
                    </gml:Polygon>
                  </gml:surfaceMember>
                  <gml:surfaceMember>
                    <gml:Polygon gml:id="MEDIA_MONITORED_CILJ_ID_1_POLUTANT_3_MODEL_143">
                      <gml:exterior>
                        <gml:LinearRing>
                          <gml:posList srsDimension="2">45.40033 14.37011 45.40059 14.37003 45.40085 14.36995 45.40094 14.36993 45.40094 14.36958 45.40082 14.3696 45.40012 14.36906 45.3998 14.3679 45.39981 14.36714 45.39958 14.36638 45.39995 14.36506 45.40011 14.36428 45.40021 14.3639 45.40033 14.3635 45.40046 14.36304 45.40038 14.3627 45.40036 14.36259 45.40027 14.36219 45.40031 14.36115 45.40055 14.35997 45.4004 14.35964 45.4001 14.35896 45.40015 14.35821 45.39995 14.35806 45.39981 14.35795 45.3995 14.35772 45.39865 14.35802 45.39858 14.35724 45.39895 14.35679 45.39923 14.35645 45.39899 14.35549 45.39932 14.35461 45.39902 14.35361 45.39839 14.3537 45.39769 14.35355 45.39692 14.35344 45.3962 14.35335 45.39547 14.35326 45.39476 14.35318 45.39397 14.35285 45.39362 14.35198 45.39395 14.35094 45.39338 14.35097 45.39304 14.35 45.39252 14.34927 45.39218 14.34824 45.39287 14.3471 45.39281 14.34665 45.39278 14.34637 45.39259 14.34544 45.39326 14.34423 45.39331 14.34347 45.39332 14.34323 45.39305 14.34326 45.39287 14.34328 45.39281 14.34328 45.39246 14.34332 45.39157 14.34376 45.39102 14.34364 45.39069 14.34279 45.38984 14.34249 45.38947 14.3414 45.38886 14.34139 45.38815 14.3413 45.38741 14.34173 45.38703 14.34094 45.38651 14.34081 45.38588 14.34034 45.38524 14.3394 45.38454 14.33895 45.38444 14.33875 45.38399 14.33791 45.38367 14.33745 45.38325 14.33719 45.38293 14.337 45.3822 14.33503 45.38161 14.33352 45.38088 14.33188 45.38049 14.33204 45.38023 14.33149 45.37979 14.33126 45.37929 14.33127 45.37885 14.33073 45.37841 14.33003 45.3776 14.32886 45.37739 14.3279 45.37699 14.3272 45.37667 14.32723 45.37614 14.32729 45.37566 14.32686 45.37532 14.32654 45.3753 14.32652 45.37457 14.32617 45.37424 14.32597 45.37375 14.32598 45.37328 14.32587 45.37259 14.32594 45.37216 14.32573 45.37199 14.32564 45.37187 14.32498 45.37094 14.32472 45.37013 14.32448 45.36964 14.32479 45.36928 14.32508 45.36906 14.32525 45.36907 14.32527 45.37006 14.32654 45.36994 14.32748 45.36964 14.32753 45.36921 14.32764 45.36892 14.32763 45.36857 14.32748 45.36853 14.32785 45.36847 14.32839 45.36839 14.32903 45.36851 14.32947 45.36853 14.33005 45.36878 14.33066 45.36883 14.33096 45.36887 14.33121 45.36874 14.33142 45.36846 14.33185 45.36853 14.33227 45.36844 14.33252 45.3683 14.3329 45.36799 14.33322 45.36792 14.33373 45.36828 14.33475 45.36819 14.33524 45.36813 14.33587 45.36835 14.33705 45.36836 14.3371 45.36837 14.33722 45.36839 14.33729 45.36842 14.3375 45.36829 14.33835 45.36813 14.33923 45.36798 14.34045 45.36792 14.341 45.36768 14.34187 45.36779 14.34217 45.36776 14.34271 45.36775 14.34274 45.36754 14.34299 45.36746 14.34382 45.3675 14.34382 45.36762 14.34383 45.36775 14.34387 45.36785 14.34389 45.36786 14.34392 45.36786 14.34394 45.3679 14.3441 45.36779 14.34434 45.3677 14.34454 45.36743 14.3443 45.36731 14.3442 45.36724 14.34414 45.36718 14.34392 45.36678 14.34395 45.36648 14.34292 45.36625 14.34276 45.36592 14.34219 45.36566 14.34097 45.36546 14.34026 45.36525 14.33935 45.36544 14.33859 45.36542 14.33851 45.36529 14.33807 45.36528 14.33804 45.36503 14.33765 45.36487 14.3375 45.36476 14.33798 45.36441 14.33813 45.36422 14.33791 45.36383 14.33766 45.36325 14.33741 45.36248 14.33755 45.36163 14.33752 45.36106 14.33755 45.36018 14.3376 45.35996 14.33802 45.35972 14.33846 45.35893 14.34033 45.35727 14.34362 45.35651 14.34544 45.35567 14.34715 45.35523 14.34807 45.35497 14.34887 45.35499 14.34962 45.35479 14.35062 45.35464 14.35167 45.35463 14.3527 45.35435 14.3537 45.35402 14.35452 45.35372 14.35493 45.35333 14.35566 45.35265 14.35709 45.35308 14.35701 45.3536 14.35682 45.35407 14.35678 45.35501 14.35672 45.3551 14.35665 45.35555 14.35633 45.35573 14.35615 45.35601 14.35595 45.35632 14.35578 45.35677 14.35585 45.35732 14.35598 45.3577 14.35598 45.35824 14.35593 45.3586 14.35597 45.35881 14.35606 45.35893 14.3561 45.35904 14.35624 45.35905 14.35625 45.35916 14.35653 45.35916 14.35658 45.35917 14.35665 45.35918 14.35675 45.35919 14.35685 45.35917 14.35699 45.35914 14.35718 45.35896 14.35737 45.3588 14.35758 45.35864 14.35771 45.35879 14.35818 45.35912 14.35805 45.35913 14.35821 45.35934 14.35826 45.35952 14.35829 45.35962 14.35831 45.35958 14.35838 45.35956 14.35841 45.3595 14.35853 45.35926 14.35877 45.35891 14.35882 45.35864 14.35895 45.35831 14.35932 45.35826 14.3596 45.35841 14.36005 45.35855 14.36017 45.35863 14.36025 45.35898 14.36059 45.35926 14.36096 45.35936 14.36111 45.35943 14.36121 45.35934 14.36156 45.35942 14.36172 45.35974 14.36238 45.3596 14.36259 45.35938 14.36292 45.35934 14.36351 45.35923 14.36391 45.35922 14.36452 45.35927 14.36485 45.35931 14.36517 45.35931 14.36524 45.35926 14.36573 45.35922 14.36627 45.35968 14.36675 45.36004 14.36733 45.36036 14.36756 45.36094 14.3677 45.36096 14.36794 45.36096 14.36795 45.36097 14.36796 45.36094 14.36807 45.36089 14.36828 45.36091 14.36848 45.36128 14.36871 45.36174 14.36884 45.36209 14.36935 45.36241 14.36987 45.36258 14.37011 45.36287 14.37032 45.36317 14.37013 45.36347 14.3696 45.36371 14.36911 45.36367 14.36954 45.36377 14.36987 45.36402 14.37041 45.36424 14.3704 45.36429 14.37024 45.3645 14.36991 45.36512 14.36943 45.36537 14.36905 45.36569 14.3688 45.36577 14.36847 45.36599 14.36808 45.36613 14.36822 45.36658 14.36836 45.36709 14.36843 45.36744 14.36837 45.36854 14.36787 45.36911 14.3677 45.36945 14.36784 45.3697 14.36773 45.36993 14.3674 45.37133 14.36708 45.3717 14.36808 45.37219 14.36705 45.3735 14.36728 45.37424 14.36735 45.37514 14.36723 45.37547 14.36722 45.37597 14.36778 45.37666 14.36734 45.37794 14.36668 45.37858 14.36647 45.37884 14.36614 45.37968 14.3655 45.38005 14.36494 45.38055 14.36436 45.38091 14.36377 45.38157 14.36345 45.38154 14.36558 45.38201 14.36617 45.3823 14.36663 45.38241 14.36683 45.38242 14.36759 45.38254 14.3685 45.38262 14.36952 45.38287 14.37031 45.38315 14.37097 45.38353 14.37137 45.38415 14.37161 45.38458 14.37099 45.38484 14.37063 45.38519 14.37093 45.38577 14.37137 45.3866 14.37145 45.38695 14.37144 45.38731 14.37133 45.38745 14.37065 45.38758 14.37001 45.38785 14.36969 45.38817 14.36941 45.38839 14.3693 45.38844 14.36971 45.38853 14.36998 45.38882 14.3703 45.38931 14.37029 45.3898 14.37036 45.38981 14.37102 45.39003 14.37099 45.39027 14.37157 45.39036 14.37217 45.39077 14.37275 45.3915 14.37268 45.39202 14.3727 45.39231 14.37235 45.39236 14.37176 45.39241 14.37108 45.39294 14.37087 45.39326 14.37084 45.39371 14.37117 45.39408 14.37165 45.39437 14.37203 45.39542 14.37228 45.39599 14.37219 45.39665 14.37231 45.39721 14.37219 45.39733 14.37167 45.39741 14.37127 45.39778 14.3711 45.39822 14.37099 45.39857 14.37108 45.3989 14.37077 45.39966 14.37041 45.40033 14.37011</gml:posList>
                        </gml:LinearRing>
                      </gml:exterior>
                    </gml:Polygon>
                  </gml:surfaceMember>
                  <gml:surfaceMember>
                    <gml:Polygon gml:id="MEDIA_MONITORED_CILJ_ID_1_POLUTANT_3_MODEL_144">
                      <gml:exterior>
                        <gml:LinearRing>
                          <gml:posList srsDimension="2">45.29972 14.27616 45.29998 14.27571 45.30024 14.27536 45.30052 14.27509 45.30074 14.27486 45.30109 14.27468 45.30171 14.27086 45.30359 14.27088 45.30427 14.27089 45.30446 14.27054 45.30396 14.27019 45.30359 14.26953 45.30328 14.26848 45.30226 14.26791 45.30127 14.26738 45.30058 14.26667 45.30035 14.26646 45.30009 14.26623 45.29987 14.2659 45.29952 14.2655 45.29809 14.26471 45.29752 14.26459 45.29699 14.2644 45.29736 14.26279 45.29753 14.26189 45.29767 14.26081 45.29767 14.26005 45.29767 14.25965 45.29761 14.25893 45.29758 14.25862 45.29757 14.25854 45.29739 14.25741 45.2975 14.25668 45.29749 14.25631 45.29748 14.25604 45.29746 14.25522 45.29733 14.25407 45.29736 14.252 45.29716 14.2508 45.29711 14.25049 45.29706 14.24995 45.29713 14.24903 45.2973 14.24837 45.29765 14.24667 45.29768 14.24553 45.29772 14.24521 45.29734 14.24507 45.29508 14.24423 45.29527 14.24283 45.29533 14.24211 45.29532 14.23977 45.29536 14.23901 45.29545 14.23537 45.2957 14.23347 45.29579 14.23214 45.2961 14.23009 45.29629 14.22904 45.29634 14.22827 45.2965 14.22721 45.29664 14.22669 45.29684 14.22616 45.29709 14.22608 45.29753 14.22608 45.298 14.22622 45.29951 14.22685 45.30011 14.22692 45.3002 14.22675 45.3003 14.22645 45.30054 14.22607 45.30081 14.22547 45.3011 14.22461 45.30157 14.22351 45.30232 14.221 45.30257 14.22068 45.30273 14.22027 45.30282 14.21999 45.30284 14.21857 45.30285 14.21843 45.30288 14.21805 45.30289 14.21793 45.30289 14.21791 45.30287 14.21774 45.30284 14.21755 45.30283 14.21745 45.3028 14.2164 45.3028 14.2163 45.30283 14.2155 45.30289 14.21406 45.30288 14.21401 45.30287 14.21393 45.30277 14.21305 45.30276 14.2118 45.30284 14.21088 45.30177 14.20968 45.30137 14.209 45.30011 14.20726 45.29956 14.20665 45.29895 14.20577 45.29775 14.2044 45.29735 14.2043 45.29669 14.20434 45.29594 14.20417 45.29527 14.20411 45.29336 14.20406 45.29251 14.20386 45.29194 14.20388 45.29129 14.20384 45.291 14.20371 45.29066 14.20372 45.29025 14.20361 45.28939 14.20358 45.28853 14.2034 45.28821 14.20324 45.28769 14.20308 45.28615 14.20206 45.28505 14.2019 45.28374 14.20175 45.28268 14.20154 45.28037 14.2012 45.27961 14.20129 45.27896 14.20101 45.27841 14.20086 45.27777 14.19991 45.27683 14.1986 45.27628 14.19755 45.27592 14.19704 45.27529 14.19702 45.27503 14.19711 45.27478 14.19718 45.27474 14.19721 45.27451 14.19736 45.27408 14.19769 45.27393 14.19781 45.27387 14.19788 45.27374 14.19804 45.27372 14.19816 45.27369 14.19833 45.27353 14.19874 45.27346 14.19915 45.27323 14.19969 45.27307 14.19986 45.27305 14.19988 45.27269 14.20013 45.27232 14.20025 45.27225 14.20027 45.27208 14.20033 45.27198 14.20045 45.27195 14.20049 45.2719 14.20059 45.27183 14.20076 45.27168 14.20108 45.27162 14.20112 45.27143 14.20126 45.2713 14.20132 45.27122 14.20136 45.27117 14.20141 45.27106 14.20153 45.27075 14.20198 45.27058 14.20223 45.27029 14.20271 45.26998 14.20323 45.26994 14.20329 45.26977 14.20352 45.26941 14.20382 45.26929 14.20397 45.26918 14.2041 45.26905 14.20424 45.26899 14.20453 45.26897 14.20474 45.26896 14.2049 45.2691 14.20724 45.26913 14.2076 45.26939 14.20885 45.26963 14.20953 45.26975 14.21014 45.27015 14.21127 45.27041 14.21237 45.27128 14.2151 45.27129 14.21512 45.2713 14.21517 45.27134 14.21534 45.27155 14.21631 45.2717 14.21744 45.27185 14.21815 45.27189 14.2193 45.27189 14.21946 45.2719 14.21991 45.27192 14.22057 45.2719 14.22074 45.27188 14.22093 45.27186 14.22231 45.27169 14.2235 45.27162 14.22449 45.27151 14.22541 45.27124 14.22656 45.27127 14.22696 45.27125 14.22697 45.27121 14.22701 45.27098 14.2272 45.27089 14.22727 45.27078 14.22737 45.26954 14.2283 45.2687 14.22932 45.26821 14.22985 45.26767 14.23023 45.26734 14.23063 45.26708 14.23104 45.2668 14.23132 45.26601 14.23231 45.26562 14.23307 45.26517 14.23384 45.26467 14.23575 45.26412 14.23835 45.2641 14.23923 45.2641 14.23925 45.2641 14.23941 45.26413 14.24007 45.2641 14.24022 45.2641 14.24026 45.26409 14.24032 45.26396 14.24117 45.26394 14.24131 45.2637 14.24239 45.26356 14.24301 45.26302 14.24479 45.2628 14.24524 45.26269 14.24601 45.26246 14.24663 45.26234 14.24721 45.2621 14.24766 45.26193 14.24818 45.26162 14.24899 45.26107 14.24989 45.2608 14.25047 45.26071 14.25131 45.26047 14.25256 45.26044 14.2534 45.26045 14.25362 45.26047 14.25418 45.26049 14.25441 45.26048 14.25462 45.26046 14.25498 45.26059 14.25655 45.26074 14.25727 45.2608 14.25779 45.26094 14.2584 45.26095 14.25843 45.26095 14.25845 45.26096 14.25846 45.26097 14.25853 45.26107 14.25876 45.26118 14.25997 45.26135 14.26042 45.26266 14.26153 45.26331 14.26194 45.26402 14.26248 45.26417 14.2626 45.26428 14.2627 45.26471 14.26307 45.26474 14.26309 45.26477 14.26335 45.26479 14.26349 45.26479 14.26373 45.26474 14.2642 45.26464 14.26522 45.26471 14.26531 45.26476 14.26549 45.26477 14.26625 45.26479 14.26648 45.26484 14.2667 45.26501 14.26732 45.26501 14.26755 45.26507 14.26766 45.26517 14.26778 45.26528 14.26807 45.26548 14.26846 45.26552 14.26884 45.26558 14.26898 45.2657 14.26922 45.26576 14.2695 45.26589 14.26983 45.26605 14.27003 45.2665 14.27033 45.2667 14.27064 45.26683 14.27097 45.26694 14.27112 45.26708 14.27122 45.26726 14.27122 45.26744 14.27111 45.26755 14.27102 45.26763 14.27085 45.26764 14.27068 45.26765 14.27052 45.26773 14.27032 45.26787 14.27011 45.26796 14.26981 45.26801 14.26958 45.26806 14.26942 45.26814 14.26929 45.26826 14.26922 45.26878 14.26923 45.26898 14.26926 45.26946 14.2693 45.26968 14.26939 45.26983 14.26942 45.27006 14.26949 45.27026 14.26952 45.27044 14.26957 45.2708 14.26973 45.27109 14.26997 45.27134 14.27022 45.27145 14.27036 45.27149 14.27047 45.27151 14.27062 45.27151 14.27081 45.27148 14.27099 45.27135 14.27132 45.27127 14.27148 45.27116 14.27162 45.27102 14.27126 45.27093 14.27134 45.27101 14.2717 45.27099 14.27181 45.27137 14.27189 45.27143 14.27191 45.27151 14.27201 45.27159 14.27241 45.27169 14.27259 45.27175 14.27269 45.27188 14.27271 45.27196 14.27269 45.27202 14.27266 45.27209 14.27252 45.27217 14.27245 45.27227 14.27247 45.27233 14.27255 45.27281 14.27255 45.27288 14.27254 45.27295 14.27249 45.27315 14.27221 45.27333 14.27211 45.2735 14.27208 45.27369 14.2722 45.27388 14.27238 45.27418 14.27248 45.27424 14.27253 45.27443 14.27255 45.27471 14.27276 45.27481 14.27278 45.27598 14.27276 45.27627 14.2728 45.27654 14.27291 45.27694 14.27311 45.2773 14.27328 45.27749 14.27328 45.27759 14.27325 45.27787 14.27295 45.27809 14.27284 45.27827 14.27283 45.27836 14.27288 45.27851 14.27301 45.27858 14.27301 45.2787 14.27283 45.27881 14.2728 45.27895 14.27295 45.27904 14.27298 45.27926 14.27282 45.27939 14.27279 45.27973 14.27279 45.28018 14.27286 45.28023 14.27283 45.28059 14.27258 45.28062 14.27254 45.28068 14.27255 45.28075 14.27268 45.28084 14.27267 45.28095 14.27265 45.28104 14.27257 45.28111 14.27257 45.28117 14.27264 45.28124 14.27275 45.28154 14.27268 45.28162 14.27269 45.28169 14.27274 45.28181 14.27283 45.28185 14.27289 45.28184 14.273 45.28189 14.27307 45.28204 14.27317 45.28207 14.27319 45.28214 14.27321 45.28223 14.27317 45.28232 14.27319 45.28241 14.27328 45.28252 14.27344 45.28267 14.27354 45.28283 14.27352 45.28292 14.27344 45.283 14.27328 45.28307 14.27312 45.28311 14.27305 45.28318 14.27308 45.28326 14.27326 45.28339 14.27337 45.2835 14.27342 45.28363 14.2734 45.28387 14.27335 45.28398 14.27342 45.28407 14.27356 45.28411 14.27358 45.28417 14.27359 45.28425 14.27357 45.28438 14.2736 45.28454 14.27365 45.28472 14.27372 45.28495 14.27369 45.2851 14.27356 45.28542 14.27355 45.28562 14.27353 45.2857 14.27358 45.28582 14.27373 45.28592 14.27376 45.28599 14.27375 45.28607 14.27381 45.28618 14.27391 45.2863 14.2739 45.28636 14.27383 45.28637 14.27375 45.28639 14.27365 45.28649 14.2735 45.28662 14.27347 45.28676 14.27349 45.2869 14.27357 45.287 14.27367 45.28707 14.27383 45.28711 14.27405 45.28715 14.27421 45.28717 14.27428 45.28719 14.27438 45.28715 14.27458 45.28718 14.27468 45.2873 14.27483 45.28739 14.27506 45.28752 14.27514 45.28779 14.27519 45.28786 14.27525 45.28791 14.27533 45.28792 14.27535 45.288 14.27536 45.28813 14.27533 45.28823 14.27538 45.28833 14.27543 45.28846 14.27555 45.28858 14.27556 45.28871 14.27568 45.28889 14.27573 45.28905 14.27596 45.28911 14.27599 45.28923 14.27598 45.28932 14.27606 45.28941 14.27606 45.28948 14.27601 45.2897 14.27603 45.28991 14.27634 45.29005 14.27635 45.2901 14.27638 45.29016 14.27644 45.29017 14.27654 45.29021 14.27669 45.29027 14.27679 45.29036 14.27693 45.29044 14.27711 45.29048 14.27727 45.29051 14.27744 45.29051 14.27757 45.29044 14.27774 45.29032 14.27791 45.2902 14.27803 45.29007 14.27808 45.28991 14.2781 45.28978 14.27809 45.28966 14.27809 45.28967 14.27829 45.29053 14.27827 45.29056 14.27865 45.29056 14.2787 45.29117 14.27865 45.29118 14.27829 45.29111 14.27828 45.29111 14.27815 45.29118 14.27815 45.29118 14.27802 45.29112 14.27789 45.29112 14.27739 45.29114 14.27738 45.29118 14.2774 45.29123 14.27742 45.29142 14.27759 45.29125 14.27779 45.29132 14.27793 45.29146 14.27777 45.29184 14.27774 45.29197 14.2777 45.29218 14.27757 45.29238 14.27751 45.29254 14.27756 45.2927 14.27755 45.29278 14.2776 45.29284 14.2777 45.29294 14.27765 45.29297 14.2777 45.29296 14.27776 45.29288 14.2778 45.29286 14.27793 45.29292 14.278 45.29299 14.278 45.29313 14.27792 45.29324 14.27792 45.2933 14.27789 45.29336 14.27781 45.29343 14.27769 45.29348 14.27752 45.29376 14.2774 45.29399 14.27756 45.29416 14.27753 45.29432 14.2775 45.29455 14.27747 45.29471 14.27752 45.29491 14.27752 45.29518 14.27751 45.29541 14.27748 45.29558 14.27738 45.29577 14.27735 45.29588 14.27724 45.29597 14.27715 45.2961 14.27717 45.29628 14.27727 45.29676 14.27727 45.29707 14.27721 45.2972 14.27729 45.29732 14.27749 45.2974 14.27754 45.2977 14.27753 45.29795 14.27776 45.29802 14.27793 45.29828 14.27827 45.29832 14.27837 45.29834 14.27855 45.2983 14.27889 45.29834 14.27905 45.29838 14.27909 45.29841 14.27916 45.29841 14.27923 45.29843 14.27937 45.29849 14.27954 45.29867 14.27974 45.29881 14.27974 45.29887 14.27962 45.29894 14.27958 45.29898 14.27961 45.29901 14.27976 45.2991 14.27982 45.29913 14.27992 45.29908 14.28 45.29908 14.28007 45.29912 14.28012 45.29936 14.28014 45.29947 14.28023 45.29955 14.28037 45.29963 14.28057 45.29967 14.2808 45.29976 14.28098 45.29994 14.28102 45.30017 14.28089 45.30026 14.28089 45.30039 14.28104 45.30055 14.28129 45.30084 14.28163 45.30109 14.28183 45.30163 14.28201 45.30167 14.28172 45.30176 14.28135 45.30212 14.28042 45.30221 14.27986 45.30212 14.27968 45.30206 14.27956 45.30137 14.27925 45.3007 14.27909 45.30047 14.27881 45.30028 14.2785 45.30008 14.27798 45.29999 14.27771 45.29985 14.27726 45.29988 14.27714 45.30007 14.27705 45.30008 14.27698 45.30009 14.27692 45.30009 14.27687 45.30009 14.27682 45.30003 14.27663 45.29974 14.27654 45.29967 14.27641 45.29972 14.27616</gml:posList>
                        </gml:LinearRing>
                      </gml:exterior>
                    </gml:Polygon>
                  </gml:surfaceMember>
                  <gml:surfaceMember>
                    <gml:Polygon gml:id="MEDIA_MONITORED_CILJ_ID_1_POLUTANT_3_MODEL_145">
                      <gml:exterior>
                        <gml:LinearRing>
                          <gml:posList srsDimension="2">45.39075 14.20201 45.39154 14.19325 45.39166 14.1917 45.39187 14.1902 45.39208 14.18875 45.38889 14.18568 45.38577 14.18253 45.38374 14.18366 45.37875 14.18582 45.37686 14.18653 45.37679 14.18655 45.37672 14.18712 45.37658 14.18786 45.37394 14.1927 45.3727 14.1958 45.37118 14.19922 45.37006 14.20194 45.36873 14.20256 45.3678 14.20266 45.35747 14.20332 45.34762 14.20385 45.3465 14.20397 45.34579 14.20448 45.34397 14.20521 45.34215 14.20583 45.33948 14.20736 45.33562 14.20992 45.33255 14.21226 45.32872 14.21459 45.32735 14.21525 45.32759 14.21306 45.32814 14.21017 45.32879 14.20607 45.32895 14.20432 45.32884 14.20322 45.3282 14.20214 45.32698 14.2004 45.32455 14.19623 45.32372 14.1953 45.32324 14.19513 45.32231 14.19479 45.32119 14.19449 45.31844 14.19408 45.31801 14.1938 45.31767 14.19344 45.31686 14.19228 45.31622 14.1911 45.31553 14.19052 45.31317 14.18916 45.31274 14.18853 45.31162 14.18793 45.3093 14.18703 45.30755 14.18661 45.30611 14.18606 45.30371 14.18598 45.30179 14.18632 45.29985 14.18635 45.29891 14.18653 45.29665 14.18705 45.29514 14.18735 45.29372 14.18819 45.29266 14.18876 45.29201 14.18906 45.29103 14.18915 45.28954 14.18901 45.28817 14.18867 45.28559 14.18793 45.28508 14.1877 45.28413 14.18818 45.28307 14.18834 45.28213 14.18839 45.2817 14.1886 45.28036 14.18947 45.27797 14.19116 45.2759 14.1927 45.27522 14.19343 45.27504 14.19347 45.27504 14.19403 45.27504 14.19454 45.275 14.19479 45.27507 14.19535 45.27519 14.19568 45.27527 14.19616 45.27547 14.19651 45.2756 14.19667 45.27569 14.19677 45.27587 14.19698 45.27592 14.19704 45.27628 14.19755 45.27683 14.1986 45.27777 14.19991 45.27841 14.20086 45.27896 14.20101 45.27961 14.20129 45.28037 14.2012 45.28268 14.20154 45.28374 14.20175 45.28505 14.2019 45.28615 14.20206 45.28769 14.20308 45.28821 14.20324 45.28853 14.2034 45.28939 14.20358 45.29025 14.20361 45.29066 14.20372 45.291 14.20371 45.29129 14.20384 45.29194 14.20388 45.29251 14.20386 45.29336 14.20406 45.29527 14.20411 45.29594 14.20417 45.29669 14.20434 45.29735 14.2043 45.29775 14.2044 45.29895 14.20577 45.29956 14.20665 45.30011 14.20726 45.30137 14.209 45.30177 14.20968 45.30284 14.21088 45.30276 14.2118 45.30277 14.21305 45.30287 14.21393 45.30288 14.21401 45.30289 14.21406 45.30283 14.2155 45.3028 14.2163 45.3028 14.2164 45.30283 14.21745 45.30284 14.21755 45.30287 14.21774 45.30289 14.21791 45.30289 14.21793 45.30288 14.21805 45.30285 14.21843 45.30284 14.21857 45.30282 14.21999 45.30273 14.22027 45.30257 14.22068 45.30232 14.221 45.30157 14.22351 45.3011 14.22461 45.30081 14.22547 45.30054 14.22607 45.3003 14.22645 45.3002 14.22675 45.30011 14.22692 45.29951 14.22685 45.298 14.22622 45.29753 14.22608 45.29709 14.22608 45.29684 14.22616 45.29664 14.22669 45.2965 14.22721 45.29634 14.22827 45.29629 14.22904 45.2961 14.23009 45.29579 14.23214 45.2957 14.23347 45.29545 14.23537 45.29536 14.23901 45.29532 14.23977 45.29533 14.24211 45.29527 14.24283 45.29508 14.24423 45.29734 14.24507 45.29772 14.24521 45.29768 14.24553 45.29765 14.24667 45.2973 14.24837 45.29713 14.24903 45.29706 14.24995 45.29711 14.25049 45.29716 14.2508 45.29736 14.252 45.29733 14.25407 45.29746 14.25522 45.29748 14.25604 45.29749 14.25631 45.2975 14.25668 45.29739 14.25741 45.29757 14.25854 45.29758 14.25862 45.29761 14.25893 45.29767 14.25965 45.29767 14.26005 45.29767 14.26081 45.29753 14.26189 45.29736 14.26279 45.29699 14.2644 45.29752 14.26459 45.29809 14.26471 45.29952 14.2655 45.29987 14.2659 45.30009 14.26623 45.30035 14.26646 45.30058 14.26667 45.30127 14.26738 45.30226 14.26791 45.30328 14.26848 45.30359 14.26953 45.30396 14.27019 45.30446 14.27054 45.30427 14.27089 45.30359 14.27088 45.30171 14.27086 45.30109 14.27468 45.30074 14.27486 45.30052 14.27509 45.30024 14.27536 45.29998 14.27571 45.29972 14.27616 45.29967 14.27641 45.29974 14.27654 45.30003 14.27663 45.30009 14.27682 45.30009 14.27687 45.30009 14.27692 45.30008 14.27698 45.30007 14.27705 45.29988 14.27714 45.29985 14.27726 45.29999 14.27771 45.30008 14.27798 45.30028 14.2785 45.30047 14.27881 45.3007 14.27909 45.30137 14.27925 45.30206 14.27956 45.30212 14.27968 45.30221 14.27986 45.30212 14.28042 45.30176 14.28135 45.30167 14.28172 45.30163 14.28201 45.30174 14.28205 45.30183 14.28205 45.30205 14.28194 45.30225 14.28196 45.30241 14.28209 45.30257 14.28227 45.30297 14.28272 45.30317 14.28285 45.30335 14.28286 45.30349 14.28274 45.30382 14.28248 45.30399 14.28227 45.3041 14.28212 45.3043 14.28186 45.30482 14.28142 45.30507 14.28123 45.30553 14.28112 45.30571 14.28109 45.30591 14.28112 45.306 14.28122 45.30619 14.28159 45.30572 14.28188 45.30578 14.28207 45.30624 14.28179 45.30627 14.28185 45.30649 14.28228 45.30638 14.28252 45.30617 14.28288 45.30613 14.28298 45.306 14.28336 45.30599 14.28352 45.30598 14.28372 45.30602 14.28388 45.30617 14.28416 45.3066 14.28482 45.30682 14.28522 45.30695 14.28537 45.30749 14.28567 45.30789 14.28605 45.30827 14.2863 45.3085 14.28635 45.30904 14.28634 45.30938 14.28651 45.30965 14.28653 45.30982 14.28671 45.31052 14.2871 45.31055 14.28691 45.30996 14.28655 45.3099 14.28649 45.30994 14.28636 45.31003 14.28613 45.31006 14.28602 45.31021 14.28602 45.31037 14.28603 45.31046 14.28616 45.31061 14.28617 45.31069 14.28612 45.31077 14.28612 45.31081 14.28617 45.3107 14.28642 45.31079 14.28649 45.31089 14.28624 45.31101 14.28625 45.31111 14.28628 45.31126 14.2863 45.3114 14.28621 45.31149 14.28612 45.31213 14.28614 45.31229 14.28619 45.31245 14.28624 45.31252 14.2863 45.31304 14.28671 45.31335 14.28705 45.31352 14.28726 45.31361 14.28752 45.31366 14.28779 45.31366 14.28792 45.31373 14.28804 45.31384 14.28805 45.31395 14.28799 45.31411 14.28801 45.31418 14.28811 45.31429 14.28842 45.31449 14.28857 45.31456 14.28867 45.31467 14.28895 45.31469 14.2891 45.3148 14.28936 45.31504 14.28966 45.31518 14.28971 45.31529 14.28978 45.3154 14.28991 45.31542 14.29024 45.31551 14.29039 45.31562 14.29047 45.31587 14.29044 45.31598 14.29049 45.31624 14.29074 45.31657 14.29089 45.31668 14.29097 45.31686 14.29119 45.31712 14.29139 45.31726 14.29147 45.31755 14.29147 45.3178 14.29151 45.31815 14.29187 45.31843 14.29194 45.31851 14.29196 45.31869 14.29211 45.31876 14.29222 45.31885 14.29244 45.31887 14.2928 45.31893 14.29295 45.31898 14.29303 45.31909 14.29333 45.31921 14.29346 45.31929 14.29361 45.3193 14.29378 45.31926 14.29392 45.31908 14.29418 45.31906 14.29441 45.31894 14.29459 45.31894 14.29487 45.31881 14.2951 45.31881 14.29528 45.31891 14.2954 45.31901 14.29545 45.31907 14.29553 45.31906 14.29564 45.31904 14.29569 45.31903 14.29581 45.31914 14.29592 45.31943 14.29614 45.31956 14.29631 45.31961 14.29651 45.31963 14.29692 45.31976 14.29723 45.32008 14.29757 45.32038 14.29796 45.32078 14.29821 45.32128 14.29828 45.32141 14.29832 45.32168 14.29835 45.32181 14.29843 45.32193 14.29858 45.32202 14.29861 45.32224 14.29855 45.32233 14.29857 45.32238 14.29868 45.32238 14.29888 45.32247 14.29901 45.32249 14.29918 45.32255 14.29926 45.32274 14.29923 45.32283 14.29928 45.32291 14.29938 45.32309 14.29938 45.32316 14.29953 45.3237 14.29955 45.3239 14.29973 45.32422 14.29978 45.32429 14.29984 45.32437 14.29993 45.32457 14.2999 45.32462 14.29997 45.32465 14.30001 45.32472 14.30009 45.32482 14.30011 45.325 14.30012 45.32514 14.30007 45.32527 14.29999 45.32532 14.29992 45.32534 14.29981 45.32568 14.29983 45.32581 14.29978 45.32589 14.29981 45.32599 14.29993 45.3261 14.30003 45.32621 14.29999 45.32629 14.29993 45.32647 14.29998 45.32678 14.30025 45.32694 14.30033 45.32702 14.30033 45.32717 14.30023 45.3273 14.30011 45.32732 14.30011 45.3277 14.30008 45.32779 14.30012 45.3278 14.3002 45.32777 14.30041 45.32818 14.30084 45.32816 14.3013 45.32828 14.30132 45.32855 14.3015 45.32878 14.30167 45.32908 14.30176 45.32929 14.30198 45.32944 14.30206 45.32963 14.30225 45.33008 14.30243 45.33024 14.30244 45.33036 14.30196 45.3305 14.30203 45.33036 14.30252 45.33069 14.30289 45.33078 14.30291 45.33099 14.30311 45.33112 14.30317 45.33124 14.30319 45.33135 14.30316 45.33152 14.30308 45.33165 14.30305 45.33174 14.30313 45.3318 14.3032 45.33185 14.30327 45.33191 14.30336 45.33204 14.30351 45.33232 14.3039 45.33257 14.30351 45.33271 14.30379 45.33264 14.30387 45.33289 14.30439 45.33301 14.30426 45.33311 14.30441 45.33335 14.30482 45.3335 14.30508 45.33361 14.30529 45.33358 14.30548 45.33341 14.3055 45.33338 14.30565 45.33357 14.30567 45.33358 14.30614 45.33378 14.30631 45.33375 14.30647 45.33349 14.30647 45.33334 14.30657 45.33328 14.30666 45.33329 14.30678 45.3334 14.30688 45.33352 14.3069 45.33359 14.307 45.33354 14.30716 45.33364 14.30723 45.33374 14.30707 45.33387 14.30722 45.33391 14.30734 45.3338 14.30765 45.33391 14.30777 45.33404 14.30764 45.33421 14.30774 45.33437 14.30788 45.33458 14.30809 45.33479 14.30836 45.33489 14.30841 45.33502 14.30842 45.33505 14.30849 45.33508 14.30875 45.33506 14.30902 45.33498 14.30923 45.33492 14.30946 45.33485 14.30964 45.33469 14.30983 45.3346 14.31 45.33455 14.31017 45.33455 14.31046 45.33457 14.31054 45.33458 14.31072 45.3346 14.31088 45.3346 14.31108 45.33466 14.31116 45.33497 14.31123 45.3355 14.31142 45.33565 14.31097 45.33618 14.31118 45.33622 14.31104 45.33651 14.31115 45.33686 14.31129 45.33701 14.3114 45.33716 14.3111 45.33673 14.31065 45.33653 14.3106 45.33623 14.31048 45.33621 14.31047 45.33634 14.3103 45.3366 14.30998 45.33672 14.30983 45.33678 14.30986 45.33682 14.31006 45.33692 14.31011 45.33706 14.31012 45.33717 14.31016 45.33728 14.31024 45.33736 14.31038 45.33741 14.31041 45.33744 14.31036 45.33746 14.31022 45.33756 14.31011 45.33764 14.31018 45.33779 14.31053 45.33788 14.31053 45.33792 14.3104 45.33797 14.31035 45.338 14.3104 45.338 14.31068 45.33808 14.31078 45.33852 14.31078 45.33843 14.31051 45.33842 14.31044 45.33846 14.31038 45.33855 14.3103 45.33863 14.31035 45.33872 14.31077 45.33887 14.31088 45.33935 14.31082 45.33943 14.31087 45.33944 14.3109 45.3395 14.311 45.3395 14.31112 45.33938 14.31143 45.33938 14.31163 45.3395 14.31191 45.33951 14.31207 45.33945 14.31217 45.33945 14.31227 45.33949 14.31235 45.33962 14.31247 45.33971 14.31247 45.33984 14.31243 45.34001 14.31247 45.34012 14.31257 45.34025 14.31285 45.34039 14.31292 45.34057 14.31292 45.34099 14.31276 45.34115 14.31276 45.34118 14.31281 45.34115 14.31294 45.34115 14.31312 45.34101 14.31338 45.34101 14.31361 45.3411 14.31378 45.34121 14.31388 45.34125 14.31411 45.34139 14.31432 45.34159 14.31447 45.34165 14.31444 45.34171 14.31444 45.34175 14.31457 45.34177 14.31472 45.34193 14.31484 45.34204 14.31487 45.34237 14.31535 45.34253 14.31548 45.34268 14.31547 45.34316 14.3157 45.34377 14.31572 45.34379 14.31572 45.3439 14.31577 45.34401 14.31597 45.34403 14.31655 45.34405 14.31673 45.34411 14.31689 45.34436 14.31724 45.34461 14.31749 45.34498 14.31797 45.3453 14.31863 45.34545 14.31883 45.34553 14.31894 45.34561 14.31904 45.34588 14.31934 45.3463 14.32 45.34652 14.3201 45.34673 14.32025 45.34703 14.32053 45.34707 14.32059 45.34708 14.32065 45.34724 14.32096 45.3477 14.32185 45.34785 14.32166 45.34763 14.32125 45.3475 14.32099 45.34747 14.3208 45.34752 14.32067 45.34761 14.3206 45.3476 14.32035 45.34764 14.32031 45.3477 14.32035 45.34777 14.32049 45.34784 14.32059 45.3484 14.32061 45.34841 14.32116 45.34855 14.32117 45.34856 14.32061 45.34895 14.32066 45.34922 14.3207 45.34967 14.32074 45.35009 14.32089 45.35032 14.32104 45.3506 14.32134 45.35063 14.32145 45.3506 14.32177 45.35071 14.3218 45.35074 14.32158 45.35087 14.32161 45.35095 14.32158 45.35103 14.32158 45.35115 14.3216 45.35117 14.3216 45.35124 14.32166 45.35128 14.32175 45.35132 14.32188 45.35133 14.32244 45.35134 14.323 45.35129 14.32342 45.35122 14.32372 45.35117 14.32385 45.35113 14.32423 45.3511 14.32433 45.3511 14.32456 45.35115 14.32476 45.35128 14.32492 45.35141 14.3249 45.35148 14.3249 45.35155 14.32496 45.35173 14.32504 45.3522 14.32514 45.35252 14.32516 45.35277 14.32523 45.3529 14.32533 45.35317 14.32535 45.35351 14.32525 45.35369 14.32527 45.35389 14.32537 45.35411 14.32555 45.35452 14.32575 45.35474 14.32608 45.35498 14.32623 45.35512 14.32645 45.35532 14.32694 45.35547 14.32711 45.3556 14.32719 45.3557 14.32734 45.3558 14.32767 45.35582 14.32793 45.35594 14.32815 45.35594 14.32833 45.35598 14.32849 45.35616 14.32887 45.35622 14.32943 45.35626 14.32955 45.35624 14.32966 45.35617 14.32979 45.35617 14.3305 45.35615 14.33077 45.35613 14.33092 45.35612 14.33105 45.35609 14.33122 45.35602 14.3315 45.35593 14.3318 45.35586 14.33198 45.3558 14.33214 45.35573 14.3323 45.35561 14.33242 45.35543 14.33246 45.35525 14.33241 45.35534 14.33269 45.35556 14.33284 45.35581 14.33316 45.35609 14.33353 45.35615 14.33362 45.35617 14.33365 45.35626 14.33382 45.35619 14.33411 45.35611 14.33441 45.35599 14.33471 45.35588 14.33501 45.3561 14.33513 45.35627 14.33532 45.35659 14.33573 45.35661 14.33575 45.35681 14.33546 45.35714 14.33467 45.35786 14.33247 45.35792 14.33224 45.35814 14.33132 45.35827 14.3301 45.35844 14.32925 45.35861 14.32867 45.35896 14.32858 45.35993 14.3295 45.36013 14.32944 45.36021 14.32918 45.36024 14.3291 45.36024 14.32909 45.3602 14.32872 45.36037 14.32816 45.36071 14.32706 45.36071 14.32706 45.36054 14.32676 45.36031 14.32638 45.36019 14.32581 45.35996 14.32542 45.35963 14.32543 45.35936 14.32552 45.35909 14.32549 45.35881 14.32526 45.35868 14.32485 45.35857 14.32438 45.35867 14.32413 45.35898 14.32386 45.35915 14.32384 45.35918 14.32352 45.35906 14.32337 45.35892 14.32336 45.35794 14.32281 45.35763 14.32237 45.35758 14.32219 45.35746 14.32174 45.35735 14.32149 45.35726 14.32128 45.35719 14.32103 45.35717 14.32097 45.35699 14.32084 45.3569 14.32078 45.3567 14.32046 45.35648 14.31999 45.35699 14.31918 45.35704 14.31903 45.35713 14.31877 45.35727 14.31862 45.35733 14.31856 45.35759 14.31837 45.35779 14.31832 45.35832 14.31775 45.3588 14.31714 45.35771 14.31536 45.35748 14.31498 45.3572 14.31481 45.35694 14.31452 45.35678 14.3141 45.3567 14.31361 45.35675 14.31362 45.35682 14.31363 45.35676 14.31322 45.35673 14.31304 45.35666 14.31251 45.35665 14.31213 45.35666 14.31195 45.35773 14.31158 45.35778 14.31093 45.35792 14.30965 45.35794 14.30953 45.35794 14.30949 45.35759 14.30963 45.35723 14.30929 45.35688 14.30899 45.35641 14.30855 45.35596 14.30829 45.35554 14.30803 45.3551 14.30784 45.35465 14.30758 45.35425 14.30723 45.35415 14.30705 45.35411 14.30674 45.35413 14.3059 45.35444 14.3053 45.3543 14.30512 45.35396 14.30507 45.35367 14.30525 45.35341 14.30542 45.35325 14.30537 45.35229 14.30488 45.35212 14.30462 45.35191 14.30388 45.35181 14.30318 45.35165 14.30299 45.35147 14.30304 45.35131 14.30374 45.35123 14.30386 45.35113 14.30402 45.3511 14.30402 45.3509 14.30405 45.35047 14.3041 45.35021 14.30445 45.35006 14.30478 45.35001 14.30491 45.34983 14.305 45.34962 14.30495 45.3489 14.30479 45.34878 14.30472 45.34801 14.30428 45.34798 14.30426 45.34683 14.3038 45.34621 14.30338 45.34493 14.30206 45.34308 14.30027 45.34189 14.29941 45.34056 14.29827 45.34016 14.29816 45.33925 14.29765 45.33827 14.29667 45.33825 14.29666 45.33829 14.29637 45.33846 14.29496 45.33869 14.29414 45.33888 14.29292 45.33919 14.29191 45.33952 14.29154 45.33958 14.29134 45.33989 14.29103 45.34015 14.29076 45.34091 14.2902 45.34113 14.29009 45.34157 14.28986 45.34256 14.28956 45.34356 14.28895 45.34469 14.28773 45.34539 14.28667 45.34616 14.28581 45.347 14.28462 45.34851 14.28207 45.34887 14.28157 45.34984 14.282 45.35072 14.2822 45.35121 14.28234 45.3519 14.28263 45.35238 14.28291 45.35386 14.2829 45.35412 14.28283 45.35454 14.28254 45.35605 14.2818 45.35707 14.28163 45.3577 14.28143 45.3585 14.28048 45.35886 14.27971 45.35929 14.27918 45.35976 14.27869 45.35994 14.27844 45.36016 14.27792 45.36098 14.27644 45.36137 14.27546 45.36171 14.27473 45.36265 14.27194 45.36311 14.27079 45.36393 14.26826 45.36417 14.26766 45.36432 14.26742 45.36455 14.26686 45.36611 14.2626 45.36669 14.26082 45.36714 14.2593 45.36762 14.25788 45.3677 14.25753 45.36899 14.25443 45.36918 14.25329 45.36938 14.25241 45.37033 14.25033 45.37083 14.24879 45.37128 14.24798 45.37164 14.24712 45.37227 14.24531 45.37317 14.24164 45.37358 14.24015 45.37443 14.23801 45.37507 14.2366 45.37577 14.23475 45.37636 14.23286 45.37678 14.23116 45.37707 14.23054 45.37707 14.23012 45.37707 14.23005 45.37704 14.22985 45.37696 14.22939 45.37696 14.22862 45.37687 14.22652 45.37693 14.22571 45.37693 14.22545 45.37693 14.22498 45.37688 14.22366 45.37693 14.22256 45.37717 14.22203 45.37788 14.22067 45.37817 14.21997 45.37914 14.21861 45.37935 14.21784 45.37992 14.21692 45.38064 14.21585 45.38166 14.21421 45.38268 14.21215 45.383 14.21207 45.38359 14.21183 45.38428 14.21118 45.38525 14.21041 45.38625 14.20969 45.38727 14.20908 45.38869 14.20807 45.38919 14.2075 45.38983 14.20694 45.39013 14.20664 45.39025 14.20652 45.39039 14.20639 45.39063 14.20614 45.39061 14.20536 45.39075 14.20201</gml:posList>
                        </gml:LinearRing>
                      </gml:exterior>
                    </gml:Polygon>
                  </gml:surfaceMember>
                  <gml:surfaceMember>
                    <gml:Polygon gml:id="MEDIA_MONITORED_CILJ_ID_1_POLUTANT_3_MODEL_146">
                      <gml:exterior>
                        <gml:LinearRing>
                          <gml:posList srsDimension="2">45.53733 14.48966 45.53681 14.48875 45.53689 14.4883 45.53699 14.48774 45.53678 14.48641 45.53674 14.48614 45.53671 14.48596 45.53655 14.48505 45.5364 14.48447 45.53626 14.48391 45.53603 14.48296 45.53589 14.48291 45.53554 14.48277 45.53485 14.48144 45.53458 14.47996 45.53457 14.47913 45.53445 14.47871 45.53421 14.47835 45.53413 14.4782 45.53401 14.47797 45.53397 14.47758 45.53403 14.47718 45.53403 14.47708 45.53402 14.47706 45.53402 14.477 45.53386 14.47666 45.53388 14.4762 45.53386 14.4761 45.53383 14.47589 45.53366 14.47562 45.53356 14.47546 45.53359 14.4754 45.53364 14.4753 45.5334 14.47499 45.53309 14.47455 45.53299 14.47439 45.53292 14.47428 45.53282 14.47412 45.53267 14.47387 45.53246 14.47351 45.53223 14.47318 45.53193 14.47291 45.53187 14.47286 45.53176 14.47277 45.53148 14.4727 45.53114 14.47245 45.53103 14.47204 45.53092 14.47154 45.53079 14.47138 45.53061 14.47125 45.53031 14.47105 45.53025 14.47103 45.53018 14.471 45.53017 14.47095 45.53012 14.47074 45.53008 14.4706 45.53002 14.47057 45.52978 14.4702 45.52938 14.47 45.52925 14.46973 45.52903 14.46946 45.52892 14.46938 45.52869 14.46923 45.52842 14.46893 45.52801 14.46863 45.52772 14.46838 45.52754 14.46791 45.5273 14.46746 45.52714 14.46723 45.52692 14.46689 45.5266 14.46653 45.52649 14.4664 45.52632 14.46583 45.52623 14.4656 45.52613 14.46536 45.52597 14.46495 45.52564 14.46432 45.52532 14.46387 45.52511 14.46361 45.52496 14.46342 45.52481 14.46297 45.52472 14.46272 45.52464 14.46263 45.52447 14.46246 45.52425 14.46224 45.5241 14.46191 45.52391 14.46151 45.52374 14.46116 45.5235 14.4608 45.52328 14.46041 45.523 14.46001 45.52276 14.45972 45.52251 14.45955 45.52217 14.45935 45.52207 14.45921 45.5217 14.45874 45.52137 14.45804 45.52128 14.45788 45.5209 14.45722 45.52049 14.45644 45.52017 14.45575 45.51983 14.45506 45.51978 14.45451 45.51972 14.45397 45.51966 14.45347 45.51955 14.45248 45.51944 14.45195 45.51921 14.45141 45.51903 14.451 45.51898 14.4507 45.51893 14.45013 45.51886 14.44991 45.51877 14.44959 45.51857 14.44913 45.51842 14.44882 45.51813 14.44825 45.51801 14.44809 45.51795 14.44801 45.51784 14.44775 45.51772 14.44748 45.51764 14.44725 45.51753 14.4469 45.51737 14.44629 45.51712 14.44554 45.51696 14.44493 45.51691 14.44447 45.51683 14.44349 45.51676 14.44271 45.51638 14.44199 45.51634 14.44194 45.5162 14.44174 45.51592 14.44141 45.51569 14.44114 45.51539 14.4408 45.51471 14.44013 45.51417 14.43978 45.51367 14.43943 45.51352 14.43932 45.51309 14.43899 45.51269 14.43869 45.51229 14.4384 45.51213 14.43829 45.51172 14.43804 45.51105 14.43762 45.51077 14.43725 45.51059 14.43666 45.51049 14.43623 45.51043 14.43591 45.5103 14.4351 45.51024 14.43478 45.51014 14.43431 45.51007 14.434 45.50999 14.43361 45.50992 14.43339 45.50978 14.43287 45.50954 14.432 45.50947 14.43187 45.5093 14.43156 45.50903 14.43112 45.50867 14.43053 45.50838 14.43003 45.50795 14.42934 45.50766 14.42882 45.50754 14.42856 45.50744 14.42835 45.50733 14.4282 45.50715 14.42797 45.50701 14.42772 45.50694 14.42759 45.50736 14.42699 45.50771 14.4269 45.50796 14.42685 45.5083 14.42692 45.50837 14.42687 45.50851 14.42678 45.50861 14.42608 45.5088 14.42546 45.50897 14.42514 45.50911 14.42451 45.50931 14.42404 45.50935 14.42396 45.50951 14.42364 45.50968 14.42329 45.50974 14.42316 45.50978 14.423 45.50981 14.42289 45.50986 14.42272 45.50976 14.42229 45.50967 14.4222 45.50961 14.42215 45.50944 14.4222 45.50906 14.42174 45.5092 14.42117 45.50922 14.42073 45.50923 14.42052 45.5096 14.41983 45.50972 14.41955 45.50973 14.4193 45.5097 14.41921 45.50968 14.41917 45.50977 14.41844 45.50978 14.41833 45.50978 14.41825 45.50981 14.41789 45.50986 14.41725 45.50992 14.41628 45.50992 14.41624 45.5099 14.4157 45.50984 14.41563 45.50979 14.41558 45.50938 14.41541 45.50912 14.41525 45.50881 14.41504 45.50868 14.41497 45.50846 14.41485 45.50817 14.41496 45.50795 14.41475 45.5077 14.41438 45.50757 14.41376 45.50742 14.41341 45.50731 14.41315 45.50725 14.41295 45.50709 14.41247 45.50702 14.41214 45.50697 14.41135 45.50693 14.4112 45.5069 14.41107 45.50669 14.41071 45.50641 14.41061 45.50628 14.41053 45.50611 14.41043 45.50581 14.40985 45.50578 14.40975 45.50558 14.40912 45.50569 14.40842 45.50526 14.40833 45.50491 14.4083 45.50472 14.408 45.50465 14.40773 45.50469 14.40749 45.50471 14.40736 45.505 14.40677 45.50505 14.40612 45.50503 14.40589 45.50501 14.40577 45.50486 14.40549 45.50476 14.40534 45.5047 14.40523 45.50469 14.40492 45.50469 14.40485 45.50473 14.40456 45.50483 14.40399 45.50466 14.40372 45.50446 14.40321 45.50435 14.40282 45.5043 14.40265 45.50429 14.40254 45.50428 14.40237 45.50431 14.40209 45.50415 14.40183 45.50396 14.40151 45.50354 14.40075 45.50296 14.40003 45.50282 14.39979 45.50273 14.3992 45.50275 14.39839 45.50257 14.39853 45.5024 14.39867 45.502 14.39901 45.50198 14.39902 45.50162 14.39932 45.50148 14.39944 45.50122 14.39967 45.50095 14.3999 45.50067 14.40014 45.50031 14.39986 45.49992 14.39956 45.49978 14.39945 45.49962 14.39931 45.49933 14.39908 45.49899 14.39881 45.4989 14.39874 45.49881 14.39866 45.49848 14.39841 45.49804 14.39805 45.49779 14.39785 45.4973 14.39745 45.49686 14.3971 45.49661 14.3969 45.49642 14.39675 45.49608 14.39646 45.49601 14.39639 45.49561 14.39599 45.49513 14.39554 45.49467 14.39512 45.49447 14.39486 45.49432 14.39468 45.49418 14.39453 45.49393 14.39424 45.49388 14.39399 45.49384 14.39372 45.49393 14.39315 45.49392 14.39279 45.49397 14.39235 45.49431 14.39183 45.49435 14.39171 45.49441 14.39153 45.49452 14.3912 45.49451 14.39103 45.49451 14.39084 45.49451 14.39075 45.49451 14.39068 45.49427 14.39031 45.49423 14.39024 45.49424 14.38992 45.49422 14.38986 45.49421 14.38979 45.49404 14.38966 45.494 14.38961 45.49396 14.38953 45.4939 14.38908 45.49385 14.3887 45.49383 14.38862 45.4938 14.3885 45.49377 14.38847 45.4937 14.38838 45.49361 14.38831 45.49358 14.38828 45.49353 14.38814 45.49351 14.38789 45.49357 14.38758 45.49354 14.38743 45.49346 14.38703 45.49348 14.38681 45.49337 14.38666 45.49327 14.3865 45.4932 14.38639 45.49264 14.38563 45.49251 14.38546 45.49167 14.38429 45.49121 14.38363 45.4907 14.38291 45.48996 14.3819 45.48971 14.38155 45.48876 14.3802 45.48779 14.37877 45.48764 14.37814 45.48736 14.37701 45.48695 14.37516 45.48657 14.37333 45.48618 14.37151 45.4858 14.36964 45.48543 14.36779 45.48503 14.36596 45.48464 14.36411 45.48437 14.36284 45.48487 14.36255 45.48501 14.36267 45.48502 14.36202 45.485 14.36202 45.48468 14.36189 45.48455 14.3615 45.48463 14.36052 45.48474 14.35908 45.48492 14.35717 45.48498 14.35665 45.48512 14.35528 45.4852 14.35449 45.48531 14.35339 45.48559 14.35074 45.48501 14.34928 45.48494 14.3491 45.4849 14.34901 45.48407 14.34701 45.48306 14.34576 45.4825 14.34505 45.48206 14.3445 45.48121 14.34348 45.48116 14.34334 45.4811 14.34315 45.48092 14.34327 45.48032 14.34261 45.48033 14.34256 45.48035 14.34241 45.48072 14.34192 45.47993 14.33934 45.47971 14.33904 45.47876 14.33807 45.47764 14.33683 45.47685 14.33546 45.47598 14.3339 45.47547 14.33334 45.47451 14.33229 45.47444 14.33215 45.47367 14.33076 45.47294 14.32945 45.47224 14.32815 45.47203 14.3275 45.47168 14.32641 45.47047 14.32262 45.4696 14.32393 45.4691 14.32543 45.46854 14.32673 45.46793 14.32763 45.46713 14.32884 45.46568 14.33001 45.46478 14.33065 45.46384 14.33125 45.46273 14.33199 45.4617 14.3326 45.46106 14.33305 45.45943 14.33307 45.45938 14.3329 45.45926 14.33254 45.45878 14.33289 45.45852 14.33241 45.45834 14.332 45.45839 14.33189 45.45849 14.33168 45.45866 14.33126 45.4587 14.33107 45.45874 14.33083 45.45874 14.33081 45.45874 14.33074 45.45873 14.33063 45.45866 14.33047 45.4585 14.33029 45.45728 14.32909 45.45583 14.32788 45.45511 14.32739 45.45493 14.32767 45.45339 14.32729 45.45236 14.32686 45.45153 14.32651 45.45078 14.32602 45.45002 14.32554 45.44937 14.32539 45.44851 14.32541 45.44783 14.32544 45.44773 14.3246 45.44699 14.32402 45.44628 14.32404 45.44553 14.32394 45.44467 14.32384 45.44397 14.32387 45.443 14.32362 45.44157 14.32352 45.43971 14.32334 45.43838 14.32319 45.43697 14.32314 45.43375 14.32248 45.43117 14.32145 45.43098 14.32137 45.43077 14.32129 45.43089 14.32075 45.43344 14.31765 45.43383 14.31521 45.43408 14.31367 45.43418 14.3132 45.43438 14.31222 45.43359 14.31154 45.43278 14.31085 45.43066 14.30916 45.42933 14.308 45.42791 14.30655 45.42552 14.30379 45.42461 14.30617 45.42449 14.30748 45.42454 14.30857 45.42438 14.3089 45.42401 14.30968 45.42378 14.31056 45.4232 14.31107 45.42273 14.31188 45.42243 14.31271 45.42225 14.31357 45.42126 14.31471 45.42052 14.31486 45.41996 14.3155 45.41944 14.31661 45.41887 14.3173 45.4183 14.3178 45.41728 14.3188 45.41707 14.31957 45.4162 14.3197 45.41492 14.31989 45.41409 14.31921 45.41358 14.31859 45.41289 14.31821 45.41247 14.31741 45.41275 14.31707 45.41332 14.31636 45.41286 14.31581 45.41285 14.3158 45.41258 14.31547 45.41187 14.31492 45.4112 14.31449 45.41091 14.31433 45.41054 14.31411 45.40953 14.31391 45.40899 14.31377 45.40801 14.31423 45.40745 14.31466 45.40676 14.31537 45.40661 14.31539 45.40584 14.31552 45.40575 14.31558 45.40516 14.31597 45.4045 14.31631 45.40395 14.31666 45.40284 14.31734 45.4026 14.31752 45.40199 14.31795 45.40115 14.31855 45.40027 14.3202 45.39975 14.32034 45.39897 14.32057 45.3983 14.32032 45.39752 14.32079 45.3979 14.32185 45.39866 14.32324 45.39873 14.32406 45.39883 14.32539 45.3993 14.32668 45.39944 14.32706 45.39975 14.32784 45.39974 14.32815 45.39972 14.32859 45.39904 14.32896 45.39846 14.3294 45.39744 14.32985 45.39668 14.33134 45.39581 14.33226 45.39512 14.3323 45.39418 14.33326 45.39336 14.33375 45.39274 14.33394 45.39197 14.3336 45.39187 14.33382 45.39144 14.33466 45.39078 14.33479 45.39005 14.3352 45.38952 14.3357 45.38855 14.33612 45.38762 14.33625 45.38753 14.33701 45.38675 14.33761 45.38608 14.3384 45.38524 14.3394 45.38588 14.34034 45.38651 14.34081 45.38703 14.34094 45.38741 14.34173 45.38815 14.3413 45.38886 14.34139 45.38947 14.3414 45.38984 14.34249 45.39069 14.34279 45.39102 14.34364 45.39157 14.34376 45.39246 14.34332 45.39281 14.34328 45.39287 14.34328 45.39305 14.34326 45.39332 14.34323 45.39331 14.34347 45.39326 14.34423 45.39259 14.34544 45.39278 14.34637 45.39281 14.34665 45.39287 14.3471 45.39218 14.34824 45.39252 14.34927 45.39304 14.35 45.39338 14.35097 45.39395 14.35094 45.39362 14.35198 45.39397 14.35285 45.39476 14.35318 45.39547 14.35326 45.3962 14.35335 45.39692 14.35344 45.39769 14.35355 45.39839 14.3537 45.39902 14.35361 45.39932 14.35461 45.39899 14.35549 45.39923 14.35645 45.39895 14.35679 45.39858 14.35724 45.39865 14.35802 45.3995 14.35772 45.39981 14.35795 45.39995 14.35806 45.40015 14.35821 45.4001 14.35896 45.4004 14.35964 45.40055 14.35997 45.40031 14.36115 45.40027 14.36219 45.40036 14.36259 45.40038 14.3627 45.40046 14.36304 45.40033 14.3635 45.40021 14.3639 45.40011 14.36428 45.39995 14.36506 45.39958 14.36638 45.39981 14.36714 45.3998 14.3679 45.40012 14.36906 45.40082 14.3696 45.40094 14.36958 45.40185 14.36947 45.4022 14.37046 45.40275 14.37067 45.40292 14.37077 45.40343 14.37105 45.40338 14.37184 45.40373 14.37266 45.40456 14.37309 45.40511 14.37414 45.40549 14.37431 45.40567 14.3744 45.40599 14.37455 45.40586 14.37584 45.40603 14.37692 45.40657 14.37758 45.40732 14.37769 45.40811 14.37759 45.40904 14.37749 45.40912 14.37769 45.40933 14.37827 45.40942 14.37852 45.40939 14.37867 45.40935 14.37899 45.40929 14.37938 45.40932 14.38026 45.41024 14.38011 45.41087 14.37999 45.41162 14.38094 45.41217 14.38069 45.41282 14.38045 45.41334 14.38128 45.41394 14.3824 45.41401 14.38252 45.41488 14.3821 45.41564 14.38177 45.4171 14.38113 45.41834 14.38038 45.41958 14.37946 45.42117 14.37824 45.42128 14.37902 45.42137 14.37917 45.42157 14.3795 45.42149 14.37965 45.42114 14.38028 45.42124 14.38068 45.42064 14.3813 45.42052 14.38143 45.42078 14.38204 45.4207 14.38278 45.42099 14.38273 45.42124 14.3829 45.42127 14.38292 45.42155 14.38306 45.42154 14.38315 45.42146 14.38355 45.42116 14.38421 45.42075 14.3849 45.42027 14.38558 45.41976 14.3862 45.41928 14.38687 45.41883 14.38735 45.41808 14.38866 45.4177 14.38933 45.41743 14.39005 45.4174 14.39065 45.41785 14.3909 45.4181 14.39085 45.41807 14.39114 45.41827 14.39128 45.41828 14.39145 45.41832 14.39181 45.41805 14.392 45.41794 14.39209 45.41795 14.39247 45.41813 14.39293 45.41842 14.39337 45.41882 14.39339 45.41879 14.39355 45.41875 14.39375 45.41875 14.39376 45.41864 14.39384 45.4185 14.39393 45.41831 14.39417 45.41812 14.39405 45.41792 14.39414 45.41779 14.3944 45.41781 14.39482 45.41742 14.39509 45.41695 14.39541 45.41639 14.39581 45.41608 14.39616 45.41533 14.39747 45.41519 14.39788 45.4147 14.39961 45.41425 14.4013 45.41389 14.40296 45.41345 14.40494 45.41343 14.40627 45.41343 14.40656 45.41331 14.40914 45.41323 14.4112 45.41313 14.41312 45.4131 14.41485 45.41393 14.41662 45.41469 14.41845 45.41553 14.4203 45.41641 14.42229 45.41651 14.42176 45.4168 14.42123 45.41736 14.42102 45.41795 14.4208 45.41865 14.42069 45.41915 14.4205 45.4197 14.42026 45.42008 14.41998 45.42054 14.41979 45.42094 14.41982 45.42136 14.41998 45.42154 14.42024 45.42181 14.42073 45.42205 14.42142 45.42237 14.4223 45.42291 14.423 45.42365 14.42369 45.42413 14.42409 45.42463 14.42432 45.42528 14.42404 45.42591 14.4235 45.42629 14.42292 45.42677 14.42193 45.42705 14.42125 45.42753 14.42018 45.42802 14.4188 45.4284 14.41758 45.42885 14.41638 45.42925 14.41497 45.42972 14.41309 45.43026 14.41258 45.43111 14.41287 45.43163 14.41364 45.43226 14.41354 45.43263 14.41279 45.43324 14.41199 45.43402 14.41199 45.43523 14.41185 45.43548 14.41268 45.43625 14.41326 45.43692 14.41272 45.43747 14.41265 45.43822 14.41192 45.43875 14.41178 45.4394 14.41125 45.43989 14.4104 45.44075 14.40992 45.44139 14.40986 45.44225 14.40936 45.44264 14.41029 45.44334 14.4114 45.44396 14.4125 45.44451 14.41334 45.44496 14.41412 45.4456 14.41518 45.44621 14.41629 45.44706 14.41765 45.44747 14.41841 45.44814 14.41996 45.44822 14.42079 45.44823 14.42132 45.4484 14.42244 45.44895 14.42345 45.44961 14.42436 45.45002 14.42561 45.45029 14.42715 45.45071 14.42853 45.45099 14.42954 45.45164 14.43151 45.4517 14.43163 45.45235 14.43305 45.45328 14.43435 45.45437 14.43536 45.45519 14.4363 45.45644 14.43778 45.45767 14.43925 45.45915 14.44096 45.46052 14.44257 45.46174 14.44415 45.46305 14.44642 45.46397 14.44764 45.46458 14.44839 45.46553 14.44948 45.46665 14.45065 45.46748 14.451 45.46833 14.45136 45.4694 14.45177 45.47022 14.45193 45.47099 14.45207 45.47118 14.45182 45.47198 14.45184 45.47275 14.45229 45.47266 14.45261 45.47317 14.45303 45.47365 14.45338 45.47406 14.45304 45.4743 14.45296 45.47504 14.45264 45.47599 14.4524 45.47728 14.45198 45.47787 14.45225 45.4785 14.45226 45.47932 14.45199 45.48002 14.45252 45.4802 14.45378 45.48084 14.45561 45.48159 14.45596 45.48241 14.45635 45.48314 14.45679 45.4839 14.4574 45.48461 14.45787 45.48571 14.45855 45.48669 14.45989 45.48732 14.4598 45.4884 14.45963 45.48965 14.45953 45.49053 14.45941 45.49137 14.45935 45.49223 14.45933 45.49301 14.45913 45.49387 14.45865 45.49476 14.45855 45.49609 14.4591 45.49668 14.45996 45.49745 14.46087 45.49822 14.46165 45.49865 14.46266 45.49883 14.46364 45.49918 14.46465 45.49952 14.46603 45.49981 14.46612 45.50047 14.46633 45.50116 14.46653 45.50205 14.46705 45.50249 14.4673 45.50369 14.46764 45.50462 14.46787 45.5061 14.46841 45.50638 14.46975 45.50736 14.47237 45.5076 14.47225 45.50807 14.47203 45.50894 14.4716 45.51039 14.47111 45.51169 14.47081 45.51345 14.47059 45.51452 14.4705 45.51568 14.47058 45.51827 14.47053 45.51844 14.47053 45.5193 14.47072 45.52004 14.47144 45.52093 14.47281 45.52095 14.47325 45.52099 14.47378 45.52099 14.47394 45.52089 14.47469 45.52088 14.47475 45.52083 14.4751 45.52074 14.47621 45.52081 14.47723 45.52085 14.47773 45.52083 14.47873 45.52135 14.48067 45.52248 14.48033 45.52284 14.48025 45.52311 14.48019 45.52368 14.48043 45.5245 14.48081 45.52514 14.48128 45.52543 14.4822 45.52594 14.4828 45.5265 14.4835 45.52696 14.48381 45.52831 14.48579 45.52897 14.48676 45.52956 14.48756 45.52983 14.48768 45.53022 14.48786 45.53077 14.48798 45.53134 14.48816 45.53177 14.48831 45.53196 14.48838 45.53252 14.48851 45.53324 14.48872 45.53371 14.48877 45.53392 14.4888 45.53451 14.4891 45.53536 14.48941 45.53568 14.4895 45.53595 14.48958 45.53649 14.48961 45.53733 14.48966</gml:posList>
                        </gml:LinearRing>
                      </gml:exterior>
                    </gml:Polygon>
                  </gml:surfaceMember>
                  <gml:surfaceMember>
                    <gml:Polygon gml:id="MEDIA_MONITORED_CILJ_ID_1_POLUTANT_3_MODEL_147">
                      <gml:exterior>
                        <gml:LinearRing>
                          <gml:posList srsDimension="2">45.42149 14.37965 45.42157 14.3795 45.42137 14.37917 45.42128 14.37902 45.42117 14.37824 45.41958 14.37946 45.41834 14.38038 45.4171 14.38113 45.41564 14.38177 45.41488 14.3821 45.41401 14.38252 45.41394 14.3824 45.41334 14.38128 45.41282 14.38045 45.41217 14.38069 45.41162 14.38094 45.41087 14.37999 45.41024 14.38011 45.40932 14.38026 45.40929 14.37938 45.40935 14.37899 45.40939 14.37867 45.40942 14.37852 45.40933 14.37827 45.40912 14.37769 45.40904 14.37749 45.40811 14.37759 45.40732 14.37769 45.40657 14.37758 45.40603 14.37692 45.40586 14.37584 45.40599 14.37455 45.40567 14.3744 45.40549 14.37431 45.40511 14.37414 45.40456 14.37309 45.40373 14.37266 45.40338 14.37184 45.40343 14.37105 45.40292 14.37077 45.40275 14.37067 45.4022 14.37046 45.40185 14.36947 45.40094 14.36958 45.40094 14.36993 45.40085 14.36995 45.40059 14.37003 45.40033 14.37011 45.39966 14.37041 45.3989 14.37077 45.39857 14.37108 45.39822 14.37099 45.39778 14.3711 45.39741 14.37127 45.39733 14.37167 45.39721 14.37219 45.39665 14.37231 45.39599 14.37219 45.39542 14.37228 45.39437 14.37203 45.39408 14.37165 45.39371 14.37117 45.39326 14.37084 45.39294 14.37087 45.39241 14.37108 45.39236 14.37176 45.39231 14.37235 45.39202 14.3727 45.3915 14.37268 45.39077 14.37275 45.39036 14.37217 45.39027 14.37157 45.39003 14.37099 45.38981 14.37102 45.3898 14.37036 45.38931 14.37029 45.38882 14.3703 45.38853 14.36998 45.38844 14.36971 45.38839 14.3693 45.38817 14.36941 45.38785 14.36969 45.38758 14.37001 45.38745 14.37065 45.38731 14.37133 45.38695 14.37144 45.3866 14.37145 45.38577 14.37137 45.38519 14.37093 45.38484 14.37063 45.38458 14.37099 45.38415 14.37161 45.38353 14.37137 45.38315 14.37097 45.38287 14.37031 45.38262 14.36952 45.38254 14.3685 45.38242 14.36759 45.38241 14.36683 45.3823 14.36663 45.38201 14.36617 45.38154 14.36558 45.38157 14.36345 45.38091 14.36377 45.38055 14.36436 45.38005 14.36494 45.37968 14.3655 45.37884 14.36614 45.37858 14.36647 45.37794 14.36668 45.37666 14.36734 45.37597 14.36778 45.37547 14.36722 45.37514 14.36723 45.37424 14.36735 45.3735 14.36728 45.37219 14.36705 45.3717 14.36808 45.37133 14.36708 45.36993 14.3674 45.3697 14.36773 45.36945 14.36784 45.36911 14.3677 45.36854 14.36787 45.36744 14.36837 45.36743 14.36846 45.36741 14.36866 45.36739 14.36892 45.36736 14.36957 45.36733 14.37004 45.3672 14.37053 45.36683 14.37106 45.36662 14.37139 45.36628 14.37189 45.3662 14.37234 45.36618 14.37278 45.36625 14.37309 45.36631 14.37336 45.3663 14.3736 45.36628 14.37391 45.36629 14.3746 45.36626 14.37486 45.36619 14.37537 45.36606 14.37606 45.36587 14.37651 45.36575 14.37665 45.36542 14.37589 45.36517 14.37599 45.36507 14.37593 45.36498 14.37552 45.3644 14.37534 45.36396 14.37528 45.36342 14.37535 45.36311 14.37644 45.36293 14.37704 45.3626 14.37791 45.36241 14.37838 45.36225 14.37867 45.36216 14.37883 45.36223 14.37942 45.36213 14.37958 45.36206 14.37969 45.36221 14.38002 45.36207 14.38008 45.36178 14.38022 45.36136 14.38037 45.36097 14.38056 45.3606 14.38088 45.36027 14.38128 45.36025 14.38132 45.36013 14.38168 45.36003 14.38201 45.35995 14.38239 45.35999 14.38261 45.36003 14.38279 45.36022 14.38305 45.36032 14.38319 45.36055 14.38343 45.36058 14.38365 45.36058 14.38424 45.36074 14.38478 45.36084 14.3851 45.36083 14.38552 45.3609 14.38602 45.36073 14.38646 45.36038 14.38733 45.35995 14.38727 45.3596 14.38735 45.35951 14.38748 45.35966 14.38792 45.35961 14.38799 45.35948 14.38814 45.35958 14.38852 45.35961 14.38864 45.35966 14.38892 45.35964 14.38896 45.35958 14.38909 45.35921 14.3892 45.35895 14.38912 45.35875 14.38922 45.3585 14.38916 45.35838 14.38958 45.35843 14.38983 45.35836 14.39016 45.35832 14.39046 45.35854 14.39072 45.35886 14.39084 45.35919 14.39113 45.35946 14.39146 45.35956 14.39171 45.3596 14.39198 45.35999 14.39186 45.36004 14.3932 45.36012 14.39394 45.36015 14.39413 45.36015 14.3942 45.35993 14.39489 45.36023 14.39523 45.36029 14.39528 45.36076 14.39575 45.3608 14.3958 45.36095 14.39603 45.36112 14.39654 45.36123 14.39735 45.36134 14.39786 45.36156 14.39822 45.36169 14.39843 45.36189 14.39879 45.36199 14.39914 45.36206 14.39941 45.36182 14.40003 45.36176 14.40017 45.36154 14.40067 45.3614 14.40098 45.36123 14.40133 45.3612 14.40225 45.36106 14.403 45.36109 14.40335 45.36146 14.40357 45.36194 14.4036 45.36198 14.4036 45.36238 14.40365 45.36273 14.40374 45.36309 14.40348 45.36344 14.40309 45.36363 14.40266 45.364 14.40219 45.36436 14.40203 45.36469 14.40211 45.36518 14.40187 45.36553 14.40179 45.36589 14.40197 45.36621 14.40218 45.36644 14.40192 45.36674 14.40171 45.36703 14.4015 45.36716 14.40172 45.36724 14.40188 45.36732 14.40202 45.36731 14.40213 45.36727 14.4025 45.36704 14.40297 45.36713 14.40316 45.36727 14.40342 45.36777 14.40425 45.36834 14.40487 45.36855 14.40523 45.3687 14.40584 45.36917 14.4064 45.36969 14.40725 45.37004 14.40792 45.37057 14.40808 45.37093 14.40823 45.37139 14.40879 45.37106 14.40928 45.37101 14.40935 45.37084 14.4096 45.37076 14.4109 45.37143 14.41124 45.37157 14.41129 45.37174 14.41136 45.37173 14.412 45.37188 14.41244 45.37231 14.41261 45.37271 14.41296 45.37319 14.41281 45.37375 14.41251 45.37407 14.41209 45.37424 14.41169 45.37455 14.4121 45.37472 14.41239 45.37496 14.41283 45.37497 14.41286 45.375 14.41291 45.37502 14.41295 45.37494 14.41347 45.37523 14.41409 45.3754 14.41476 45.37533 14.41535 45.37504 14.41567 45.37457 14.41598 45.37428 14.4163 45.37422 14.4168 45.37427 14.41751 45.37419 14.41855 45.37436 14.41897 45.3748 14.41918 45.37504 14.4193 45.37529 14.41942 45.3752 14.41953 45.37512 14.41962 45.37527 14.42071 45.37541 14.4209 45.37587 14.4212 45.37587 14.42121 45.37602 14.42168 45.37599 14.42218 45.37631 14.42329 45.37659 14.42336 45.37708 14.42322 45.37741 14.42292 45.37788 14.42398 45.37838 14.42462 45.37871 14.4255 45.37934 14.42673 45.38019 14.42759 45.38148 14.4262 45.38224 14.42562 45.38344 14.4247 45.38452 14.42369 45.38555 14.42276 45.38642 14.42201 45.38715 14.42084 45.3874 14.42061 45.38802 14.41977 45.38855 14.41905 45.38872 14.41875 45.3889 14.41841 45.38909 14.41791 45.38947 14.41814 45.38981 14.4187 45.39025 14.41897 45.3909 14.41917 45.39128 14.41931 45.39177 14.41912 45.39189 14.41856 45.39206 14.4183 45.39236 14.41876 45.39238 14.41873 45.39248 14.41853 45.39244 14.41835 45.39241 14.41821 45.39237 14.41805 45.39236 14.41799 45.39235 14.41661 45.39234 14.41623 45.39258 14.41613 45.39269 14.41573 45.3928 14.41478 45.39295 14.41414 45.39296 14.41378 45.39324 14.413 45.39347 14.41213 45.39352 14.41159 45.39346 14.4111 45.39364 14.41097 45.39402 14.4107 45.39437 14.41033 45.39488 14.41005 45.39506 14.40959 45.39519 14.40895 45.3952 14.40866 45.39521 14.40857 45.39522 14.40829 45.39515 14.40817 45.39512 14.40813 45.39505 14.40802 45.39498 14.40744 45.39503 14.40727 45.39507 14.40711 45.3953 14.40727 45.39581 14.40704 45.3962 14.40674 45.39647 14.40617 45.39657 14.40548 45.39666 14.40472 45.39735 14.40462 45.39771 14.40423 45.39902 14.40377 45.3999 14.40332 45.40086 14.40302 45.4019 14.4028 45.40282 14.4028 45.40365 14.40284 45.40366 14.4022 45.40514 14.40177 45.40536 14.40178 45.40536 14.40141 45.40512 14.40115 45.40561 14.4008 45.40643 14.4005 45.40668 14.40059 45.40732 14.40043 45.40774 14.4 45.40809 14.40036 45.40873 14.39997 45.40904 14.39934 45.40997 14.39903 45.41044 14.39907 45.41101 14.39884 45.41111 14.39861 45.41152 14.39838 45.41164 14.39806 45.41199 14.39795 45.41263 14.39779 45.41297 14.39789 45.41309 14.39848 45.41334 14.39872 45.41383 14.39845 45.41406 14.39829 45.4142 14.39843 45.41482 14.39775 45.41533 14.39747 45.41608 14.39616 45.41639 14.39581 45.41695 14.39541 45.41742 14.39509 45.41781 14.39482 45.41779 14.3944 45.41792 14.39414 45.41812 14.39405 45.41831 14.39417 45.4185 14.39393 45.41864 14.39384 45.41875 14.39376 45.41875 14.39375 45.41879 14.39355 45.41882 14.39339 45.41842 14.39337 45.41813 14.39293 45.41795 14.39247 45.41794 14.39209 45.41805 14.392 45.41832 14.39181 45.41828 14.39145 45.41827 14.39128 45.41807 14.39114 45.4181 14.39085 45.41785 14.3909 45.4174 14.39065 45.41743 14.39005 45.4177 14.38933 45.41808 14.38866 45.41883 14.38735 45.41928 14.38687 45.41976 14.3862 45.42027 14.38558 45.42075 14.3849 45.42116 14.38421 45.42146 14.38355 45.42154 14.38315 45.42155 14.38306 45.42127 14.38292 45.42124 14.3829 45.42099 14.38273 45.4207 14.38278 45.42078 14.38204 45.42052 14.38143 45.42064 14.3813 45.42124 14.38068 45.42114 14.38028 45.42149 14.37965</gml:posList>
                        </gml:LinearRing>
                      </gml:exterior>
                    </gml:Polygon>
                  </gml:surfaceMember>
                  <gml:surfaceMember>
                    <gml:Polygon gml:id="MEDIA_MONITORED_CILJ_ID_1_POLUTANT_3_MODEL_148">
                      <gml:exterior>
                        <gml:LinearRing>
                          <gml:posList srsDimension="2">45.37638 14.43855 45.3768 14.4387 45.37695 14.43762 45.37706 14.43715 45.37742 14.43684 45.37859 14.43704 45.37911 14.43724 45.37983 14.43692 45.38048 14.43683 45.38197 14.43391 45.38244 14.43363 45.38358 14.43342 45.38394 14.43308 45.3842 14.43284 45.38366 14.4318 45.38303 14.43082 45.38248 14.42979 45.3814 14.42878 45.38076 14.4283 45.38019 14.42759 45.37934 14.42673 45.37871 14.4255 45.37838 14.42462 45.37788 14.42398 45.37741 14.42292 45.37708 14.42322 45.37659 14.42336 45.37631 14.42329 45.37599 14.42218 45.37602 14.42168 45.37587 14.42121 45.37587 14.4212 45.37541 14.4209 45.37527 14.42071 45.37512 14.41962 45.3752 14.41953 45.37529 14.41942 45.37504 14.4193 45.3748 14.41918 45.37436 14.41897 45.37419 14.41855 45.37427 14.41751 45.37422 14.4168 45.37428 14.4163 45.37457 14.41598 45.37504 14.41567 45.37533 14.41535 45.3754 14.41476 45.37523 14.41409 45.37494 14.41347 45.37502 14.41295 45.375 14.41291 45.37497 14.41286 45.37496 14.41283 45.37472 14.41239 45.37455 14.4121 45.37424 14.41169 45.37407 14.41209 45.37375 14.41251 45.37319 14.41281 45.37271 14.41296 45.37231 14.41261 45.37188 14.41244 45.37173 14.412 45.37174 14.41136 45.37157 14.41129 45.37143 14.41124 45.37076 14.4109 45.37084 14.4096 45.37101 14.40935 45.37106 14.40928 45.37139 14.40879 45.37093 14.40823 45.37057 14.40808 45.37004 14.40792 45.36969 14.40725 45.36917 14.4064 45.3687 14.40584 45.36855 14.40523 45.36834 14.40487 45.36777 14.40425 45.36727 14.40342 45.36713 14.40316 45.36704 14.40297 45.36727 14.4025 45.36731 14.40213 45.36732 14.40202 45.36724 14.40188 45.36716 14.40172 45.36703 14.4015 45.36674 14.40171 45.36644 14.40192 45.36621 14.40218 45.36589 14.40197 45.36553 14.40179 45.36518 14.40187 45.36469 14.40211 45.36436 14.40203 45.364 14.40219 45.36363 14.40266 45.36344 14.40309 45.36309 14.40348 45.36273 14.40374 45.36238 14.40365 45.36198 14.4036 45.36194 14.4036 45.36146 14.40357 45.36109 14.40335 45.36106 14.403 45.3612 14.40225 45.36123 14.40133 45.3614 14.40098 45.36154 14.40067 45.36176 14.40017 45.36182 14.40003 45.36206 14.39941 45.36199 14.39914 45.36189 14.39879 45.36169 14.39843 45.36156 14.39822 45.36134 14.39786 45.36123 14.39735 45.36112 14.39654 45.36095 14.39603 45.3608 14.3958 45.36076 14.39575 45.36029 14.39528 45.36023 14.39523 45.35993 14.39489 45.36015 14.3942 45.36015 14.39413 45.36012 14.39394 45.36004 14.3932 45.35999 14.39186 45.3596 14.39198 45.35956 14.39171 45.35946 14.39146 45.35919 14.39113 45.35886 14.39084 45.35854 14.39072 45.35832 14.39046 45.35836 14.39016 45.35843 14.38983 45.35838 14.38958 45.3585 14.38916 45.35875 14.38922 45.35895 14.38912 45.35921 14.3892 45.35958 14.38909 45.35964 14.38896 45.35966 14.38892 45.35961 14.38864 45.35958 14.38852 45.35948 14.38814 45.35961 14.38799 45.35966 14.38792 45.35951 14.38748 45.3596 14.38735 45.35995 14.38727 45.36038 14.38733 45.36073 14.38646 45.3609 14.38602 45.36083 14.38552 45.36084 14.3851 45.36074 14.38478 45.36058 14.38424 45.36058 14.38365 45.36055 14.38343 45.36032 14.38319 45.36022 14.38305 45.36003 14.38279 45.35999 14.38261 45.35995 14.38239 45.36003 14.38201 45.36013 14.38168 45.36025 14.38132 45.36027 14.38128 45.3606 14.38088 45.36097 14.38056 45.36136 14.38037 45.36178 14.38022 45.36207 14.38008 45.36221 14.38002 45.36206 14.37969 45.36213 14.37958 45.36223 14.37942 45.36216 14.37883 45.36225 14.37867 45.36241 14.37838 45.3626 14.37791 45.36293 14.37704 45.36311 14.37644 45.36342 14.37535 45.36396 14.37528 45.3644 14.37534 45.36498 14.37552 45.36507 14.37593 45.36517 14.37599 45.36542 14.37589 45.36575 14.37665 45.36587 14.37651 45.36606 14.37606 45.36619 14.37537 45.36626 14.37486 45.36629 14.3746 45.36628 14.37391 45.3663 14.3736 45.36631 14.37336 45.36625 14.37309 45.36618 14.37278 45.3662 14.37234 45.36628 14.37189 45.36662 14.37139 45.36683 14.37106 45.3672 14.37053 45.36733 14.37004 45.36736 14.36957 45.36739 14.36892 45.36741 14.36866 45.36743 14.36846 45.36744 14.36837 45.36709 14.36843 45.36658 14.36836 45.36613 14.36822 45.36599 14.36808 45.36577 14.36847 45.36569 14.3688 45.36537 14.36905 45.36512 14.36943 45.3645 14.36991 45.36429 14.37024 45.36424 14.3704 45.36402 14.37041 45.36377 14.36987 45.36367 14.36954 45.36371 14.36911 45.36347 14.3696 45.36317 14.37013 45.36287 14.37032 45.36258 14.37011 45.36241 14.36987 45.36209 14.36935 45.36174 14.36884 45.36128 14.36871 45.36091 14.36848 45.36089 14.36828 45.36094 14.36807 45.36097 14.36796 45.36096 14.36795 45.36096 14.36794 45.36094 14.3677 45.36036 14.36756 45.36004 14.36733 45.35968 14.36675 45.35922 14.36627 45.35926 14.36573 45.35931 14.36524 45.35931 14.36517 45.35927 14.36485 45.35922 14.36452 45.35923 14.36391 45.35934 14.36351 45.35938 14.36292 45.3596 14.36259 45.35974 14.36238 45.35942 14.36172 45.35934 14.36156 45.35943 14.36121 45.35936 14.36111 45.35926 14.36096 45.35898 14.36059 45.35863 14.36025 45.35855 14.36017 45.35841 14.36005 45.35826 14.3596 45.35831 14.35932 45.35864 14.35895 45.35891 14.35882 45.35926 14.35877 45.3595 14.35853 45.35956 14.35841 45.35958 14.35838 45.35962 14.35831 45.35952 14.35829 45.35934 14.35826 45.35913 14.35821 45.35912 14.35805 45.35879 14.35818 45.35864 14.35771 45.3588 14.35758 45.35896 14.35737 45.35914 14.35718 45.35917 14.35699 45.35919 14.35685 45.35918 14.35675 45.35917 14.35665 45.35916 14.35658 45.35916 14.35653 45.35905 14.35625 45.35904 14.35624 45.35893 14.3561 45.35881 14.35606 45.3586 14.35597 45.35824 14.35593 45.3577 14.35598 45.35732 14.35598 45.35677 14.35585 45.35632 14.35578 45.35601 14.35595 45.35573 14.35615 45.35555 14.35633 45.3551 14.35665 45.35501 14.35672 45.35407 14.35678 45.3536 14.35682 45.35308 14.35701 45.35265 14.35709 45.35333 14.35566 45.35372 14.35493 45.35402 14.35452 45.35435 14.3537 45.35463 14.3527 45.35464 14.35167 45.35479 14.35062 45.35499 14.34962 45.35497 14.34887 45.35523 14.34807 45.35567 14.34715 45.35651 14.34544 45.35727 14.34362 45.35893 14.34033 45.35972 14.33846 45.35996 14.33802 45.35895 14.33714 45.35815 14.33643 45.35801 14.33644 45.3574 14.33659 45.35718 14.33658 45.35694 14.33622 45.35661 14.33575 45.35659 14.33573 45.35627 14.33532 45.3561 14.33513 45.35588 14.33501 45.35599 14.33471 45.35611 14.33441 45.35619 14.33411 45.35626 14.33382 45.35617 14.33365 45.35615 14.33362 45.35609 14.33353 45.35581 14.33316 45.35556 14.33284 45.35534 14.33269 45.35525 14.33241 45.35523 14.3324 45.35512 14.33232 45.35499 14.33222 45.35489 14.3321 45.35471 14.332 45.35373 14.33201 45.35292 14.33222 45.3523 14.33241 45.35224 14.33249 45.35225 14.33281 45.35223 14.33289 45.35187 14.33341 45.35178 14.33377 45.35175 14.33406 45.35179 14.33441 45.3518 14.33453 45.35184 14.33466 45.35189 14.33491 45.35193 14.33505 45.35195 14.33514 45.35193 14.33526 45.35184 14.3354 45.35179 14.33553 45.35179 14.33573 45.35187 14.33594 45.35187 14.33601 45.3518 14.33614 45.35182 14.33691 45.35175 14.33706 45.35164 14.33714 45.35096 14.3372 45.35078 14.3373 45.35065 14.33753 45.35067 14.33792 45.35067 14.33804 45.35064 14.3381 45.35053 14.33815 45.35046 14.33815 45.35037 14.33828 45.3503 14.33853 45.35023 14.33864 45.35021 14.33877 45.35023 14.33892 45.35024 14.33907 45.35021 14.33912 45.3501 14.33915 45.35004 14.33926 45.35002 14.33951 45.34987 14.33969 45.34987 14.33979 45.3499 14.33986 45.34993 14.33991 45.34991 14.34002 45.34982 14.34015 45.34982 14.3404 45.34995 14.34073 45.34995 14.34096 45.35002 14.34109 45.35008 14.34129 45.35008 14.3416 45.35012 14.3417 45.35012 14.34185 45.35008 14.34193 45.35002 14.342 45.34985 14.34198 45.34972 14.34198 45.34953 14.34211 45.34941 14.3422 45.34923 14.34241 45.34922 14.34255 45.34925 14.34269 45.34923 14.34283 45.34912 14.34289 45.34899 14.34291 45.34853 14.34361 45.34849 14.34376 45.34831 14.34399 45.34824 14.34422 45.34823 14.34453 45.34816 14.34466 45.34814 14.34489 45.34801 14.34514 45.34798 14.34596 45.34795 14.34622 45.34788 14.3464 45.34773 14.3466 45.34756 14.34696 45.34749 14.34706 45.3474 14.34712 45.34727 14.3473 45.34722 14.34748 45.34708 14.34771 45.34704 14.34781 45.34705 14.34799 45.34702 14.34809 45.34697 14.34817 45.34679 14.34865 45.34665 14.34895 45.34665 14.34917 45.34661 14.34945 45.34653 14.34963 45.34649 14.34975 45.34649 14.34988 45.34645 14.35002 45.34632 14.35037 45.3463 14.3507 45.34625 14.35093 45.34614 14.35116 45.34609 14.35137 45.34591 14.35173 45.34584 14.35229 45.34579 14.35242 45.34563 14.35234 45.34557 14.35242 45.34557 14.35256 45.34557 14.35257 45.34563 14.3528 45.34559 14.35296 45.34543 14.35319 45.34546 14.35355 45.34545 14.35367 45.34531 14.35388 45.3453 14.35399 45.34534 14.35406 45.34535 14.35416 45.34526 14.35439 45.34526 14.35467 45.34548 14.35495 45.34556 14.35509 45.34559 14.35523 45.34555 14.35537 45.34534 14.35574 45.34512 14.356 45.34511 14.35615 45.34498 14.35638 45.34495 14.35664 45.34486 14.35674 45.34481 14.35687 45.34473 14.35697 45.34461 14.35705 45.34454 14.35705 45.34439 14.35721 45.34434 14.35736 45.34409 14.35772 45.34406 14.35787 45.34401 14.35794 45.34395 14.35795 45.34382 14.35818 45.34375 14.35821 45.34366 14.35834 45.34363 14.35859 45.3434 14.3589 45.34336 14.35918 45.34327 14.35949 45.34327 14.35969 45.34315 14.36018 45.34317 14.36042 45.34315 14.36054 45.34308 14.36064 45.34299 14.36069 45.3429 14.36074 45.34276 14.36095 45.34265 14.36121 45.3426 14.36149 45.34262 14.36187 45.34275 14.36215 45.34304 14.36246 45.34316 14.36266 45.34322 14.36278 45.34326 14.36299 45.34324 14.36308 45.34318 14.36312 45.34309 14.36312 45.34266 14.36312 45.34234 14.36325 45.34225 14.36333 45.34213 14.36354 45.34202 14.36359 45.34193 14.36382 45.34193 14.36405 45.34204 14.36445 45.34202 14.36479 45.34181 14.3651 45.34176 14.36527 45.3417 14.36556 45.3417 14.36563 45.34169 14.36604 45.34162 14.36625 45.34162 14.36642 45.34165 14.36662 45.34161 14.36678 45.34153 14.36689 45.34135 14.36715 45.34119 14.36767 45.34112 14.36783 45.34103 14.36794 45.34098 14.36807 45.34096 14.3684 45.34091 14.36868 45.34091 14.36914 45.34102 14.36929 45.34117 14.36939 45.34123 14.36943 45.34123 14.36954 45.34128 14.36959 45.34137 14.36967 45.34135 14.36977 45.34124 14.36998 45.34124 14.37003 45.34135 14.3702 45.3414 14.37043 45.34147 14.37059 45.34147 14.37065 45.34147 14.37066 45.3414 14.37075 45.34129 14.37083 45.34112 14.371 45.34099 14.37113 45.34086 14.37128 45.34081 14.37144 45.34081 14.37164 45.34083 14.3718 45.34084 14.37198 45.34083 14.37217 45.34078 14.3723 45.34071 14.37239 45.34063 14.37243 45.34052 14.37243 45.34042 14.37246 45.34036 14.37262 45.34034 14.37273 45.3403 14.37282 45.34023 14.37291 45.34019 14.37302 45.34021 14.37318 45.34023 14.37334 45.34022 14.37353 45.34023 14.37371 45.34023 14.37392 45.34016 14.37422 45.34011 14.37451 45.34006 14.37465 45.33997 14.37484 45.33989 14.37503 45.3398 14.37519 45.33976 14.37531 45.33975 14.37539 45.33973 14.37544 45.33966 14.37551 45.33961 14.37555 45.33956 14.37561 45.33956 14.37563 45.33956 14.37569 45.3396 14.37577 45.33965 14.37584 45.3397 14.37588 45.33971 14.37593 45.33968 14.37601 45.33963 14.37606 45.3396 14.37616 45.33965 14.37623 45.33972 14.37635 45.33971 14.37641 45.33965 14.37648 45.33952 14.37652 45.33939 14.37663 45.33922 14.37688 45.33911 14.37709 45.33905 14.37725 45.33901 14.3774 45.339 14.37748 45.33904 14.37765 45.33913 14.37793 45.33922 14.37825 45.33925 14.37836 45.33925 14.37845 45.33922 14.3786 45.33916 14.37883 45.33914 14.37891 45.33911 14.37905 45.33895 14.379 45.33879 14.37895 45.33882 14.37841 45.33882 14.37814 45.3387 14.37813 45.33868 14.37876 45.33866 14.37908 45.33877 14.37911 45.33899 14.37919 45.33905 14.37935 45.33904 14.37956 45.33901 14.37969 45.3389 14.3799 45.33872 14.38015 45.33864 14.38033 45.33857 14.38047 45.33847 14.38057 45.3384 14.38067 45.3384 14.38078 45.33839 14.38096 45.33837 14.38121 45.33835 14.38134 45.33828 14.38159 45.33822 14.38191 45.33817 14.38216 45.33814 14.38259 45.33812 14.38288 45.3381 14.38308 45.33796 14.3833 45.33784 14.3836 45.33777 14.38397 45.33776 14.38413 45.33772 14.38429 45.33766 14.3844 45.33763 14.38453 45.33763 14.38468 45.33762 14.38485 45.33757 14.38496 45.33749 14.38508 45.33745 14.38518 45.33744 14.38537 45.33742 14.3859 45.33742 14.3861 45.3375 14.38629 45.33754 14.3864 45.33756 14.38654 45.33755 14.38666 45.33749 14.38674 45.33736 14.38685 45.33726 14.38705 45.33722 14.38723 45.33723 14.38737 45.33723 14.38755 45.33732 14.38784 45.33738 14.38801 45.33739 14.38821 45.33734 14.38844 45.33725 14.38858 45.33712 14.38862 45.33682 14.38861 45.33676 14.38893 45.33635 14.38884 45.33635 14.3884 45.33642 14.38815 45.33634 14.3881 45.33624 14.38836 45.33619 14.38932 45.33627 14.38932 45.33629 14.38939 45.33621 14.38946 45.33655 14.39025 45.33667 14.39054 45.33646 14.39074 45.33632 14.39046 45.33617 14.39059 45.33634 14.39102 45.336 14.39134 45.33655 14.39274 45.33635 14.39289 45.33645 14.39317 45.33619 14.39335 45.33601 14.3929 45.33588 14.39298 45.33667 14.39649 45.33619 14.39672 45.33555 14.39399 45.33537 14.39398 45.33505 14.39275 45.33503 14.39256 45.33504 14.3924 45.33519 14.39184 45.33506 14.39176 45.33486 14.39243 45.33484 14.39259 45.33487 14.3928 45.33521 14.39405 45.33519 14.39445 45.33514 14.39495 45.3351 14.39526 45.33503 14.39559 45.33502 14.39577 45.33503 14.39586 45.33523 14.39616 45.33523 14.39729 45.33521 14.39973 45.33521 14.39992 45.33476 14.39993 45.33475 14.40021 45.33526 14.4002 45.33526 14.40082 45.33486 14.40083 45.33486 14.40175 45.33449 14.40177 45.33449 14.401 45.33462 14.40098 45.33462 14.4007 45.33455 14.4007 45.33456 14.39988 45.33448 14.39968 45.33436 14.39981 45.33441 14.39998 45.33438 14.40078 45.33435 14.4019 45.33433 14.4033 45.33424 14.40347 45.33412 14.40345 45.33394 14.40373 45.33412 14.40401 45.33427 14.4039 45.33426 14.40449 45.33422 14.4046 45.33395 14.40503 45.33391 14.40521 45.33391 14.40599 45.33393 14.4061 45.33406 14.40642 45.3343 14.40685 45.3344 14.40703 45.33443 14.40717 45.33445 14.40918 45.33443 14.40944 45.33443 14.40954 45.33436 14.40994 45.33428 14.41031 45.33406 14.41084 45.33374 14.41139 45.3339 14.41159 45.33395 14.41145 45.33415 14.41161 45.33345 14.41377 45.33304 14.41356 45.33265 14.41335 45.3326 14.41323 45.33256 14.41314 45.33265 14.41256 45.33275 14.4126 45.33282 14.4123 45.33274 14.41227 45.33278 14.41208 45.33286 14.4121 45.33293 14.41175 45.33284 14.41171 45.33286 14.41156 45.33296 14.41158 45.33298 14.41129 45.3329 14.41128 45.33292 14.41103 45.33293 14.41078 45.33282 14.41077 45.33278 14.41128 45.33278 14.41148 45.33254 14.41261 45.33246 14.41304 45.33246 14.41322 45.33252 14.41339 45.33266 14.41354 45.33281 14.41366 45.33267 14.41414 45.3326 14.41436 45.33216 14.41578 45.33212 14.41605 45.33207 14.41645 45.33177 14.41733 45.33167 14.41768 45.33151 14.41803 45.33142 14.41853 45.33134 14.41915 45.33133 14.41949 45.33127 14.41971 45.33122 14.42 45.33122 14.42019 45.3312 14.4203 45.33113 14.4205 45.33093 14.42083 45.33084 14.42098 45.33078 14.42103 45.33076 14.42104 45.3306 14.421 45.3304 14.42091 45.32993 14.42089 45.32959 14.42096 45.32949 14.42105 45.32941 14.42118 45.32936 14.42142 45.32933 14.42169 45.33059 14.4223 45.33025 14.42391 45.33016 14.42436 45.32987 14.42601 45.32973 14.42668 45.32882 14.42605 45.32848 14.42696 45.3294 14.4277 45.32865 14.42999 45.32832 14.43102 45.32824 14.43126 45.32809 14.43168 45.32674 14.43077 45.32635 14.43186 45.32797 14.43308 45.32707 14.43568 45.32592 14.43489 45.32555 14.43585 45.32681 14.4367 45.3265 14.43757 45.32696 14.43793 45.32671 14.4386 45.32617 14.43824 45.32593 14.43878 45.32651 14.43918 45.3263 14.43973 45.32617 14.44009 45.32567 14.4398 45.32555 14.44099 45.32582 14.44118 45.32568 14.44151 45.32551 14.4419 45.3247 14.44124 45.32409 14.4407 45.32391 14.44054 45.32391 14.43989 45.32406 14.43982 45.32405 14.43869 45.32411 14.4383 45.32414 14.43765 45.32434 14.43491 45.32445 14.43331 45.32456 14.43201 45.32468 14.43152 45.32479 14.43123 45.32553 14.42903 45.32581 14.42823 45.32601 14.42758 45.32654 14.42593 45.32663 14.42566 45.32672 14.42492 45.32681 14.42403 45.32715 14.42096 45.3272 14.42056 45.3272 14.42022 45.32714 14.41928 45.32696 14.41932 45.32702 14.42031 45.32702 14.4206 45.32696 14.42119 45.32646 14.42555 45.32636 14.42587 45.32596 14.42705 45.32498 14.4299 45.32433 14.43196 45.32425 14.43221 45.32422 14.4325 45.32419 14.43318 45.32385 14.43793 45.32376 14.43862 45.32363 14.43875 45.32302 14.43882 45.32309 14.4391 45.3236 14.43912 45.32354 14.43999 45.32352 14.44018 45.32375 14.44003 45.32375 14.44034 45.32355 14.44042 45.32347 14.44066 45.32329 14.44144 45.32289 14.44305 45.32288 14.44312 45.32318 14.44381 45.32305 14.44424 45.32298 14.44414 45.32295 14.4444 45.32266 14.44408 45.32194 14.44332 45.32196 14.44324 45.32221 14.44212 45.32199 14.44192 45.32165 14.44286 45.32163 14.44291 45.32144 14.44272 45.32145 14.44262 45.32168 14.44108 45.32193 14.43944 45.32202 14.43887 45.32253 14.43893 45.32254 14.43874 45.32201 14.43864 45.32171 14.43785 45.3216 14.43793 45.32184 14.43865 45.32151 14.44105 45.32124 14.44254 45.3212 14.44285 45.32126 14.44327 45.3217 14.44524 45.32197 14.44639 45.32204 14.44698 45.32203 14.44783 45.32199 14.44799 45.32178 14.44852 45.32166 14.44894 45.32252 14.44968 45.32263 14.4497 45.32272 14.45013 45.32221 14.45011 45.32219 14.45068 45.32193 14.45062 45.32192 14.45077 45.32213 14.45086 45.32192 14.45198 45.3218 14.45194 45.32178 14.45211 45.32188 14.45216 45.32167 14.45354 45.32158 14.45362 45.32153 14.45374 45.3215 14.45383 45.32149 14.45397 45.32151 14.4541 45.32155 14.45423 45.32155 14.45434 45.3215 14.45474 45.32146 14.45486 45.3214 14.45498 45.32125 14.45512 45.32111 14.45536 45.32102 14.45554 45.32091 14.45597 45.3209 14.4563 45.32093 14.45679 45.32104 14.45715 45.32118 14.45743 45.32123 14.4576 45.32124 14.45804 45.32122 14.45851 45.3212 14.45867 45.32118 14.45881 45.32111 14.45909 45.321 14.45947 45.32074 14.45999 45.3204 14.46067 45.32003 14.46124 45.31988 14.46157 45.31977 14.46145 45.31969 14.46157 45.3198 14.46171 45.31968 14.46191 45.31955 14.46226 45.31941 14.46266 45.31931 14.46289 45.31923 14.46304 45.31904 14.46317 45.3189 14.4633 45.3188 14.46352 45.31876 14.46373 45.3187 14.4639 45.31871 14.46421 45.31862 14.46447 45.31847 14.46473 45.31839 14.46483 45.31832 14.46485 45.31818 14.4649 45.31806 14.46505 45.31798 14.46514 45.31794 14.46529 45.31792 14.4655 45.31787 14.46571 45.31777 14.46596 45.31769 14.46615 45.31761 14.46621 45.31745 14.46631 45.31716 14.46637 45.31699 14.46642 45.31686 14.46659 45.3168 14.46665 45.3167 14.4667 45.31663 14.46684 45.31651 14.46692 45.31626 14.46705 45.3161 14.46714 45.31597 14.46725 45.31593 14.46737 45.3159 14.46749 45.31576 14.46766 45.31567 14.46776 45.31566 14.46808 45.3157 14.46833 45.31568 14.4686 45.31559 14.469 45.31552 14.46922 45.31543 14.46937 45.31531 14.46939 45.31519 14.46945 45.31505 14.46947 45.31491 14.46949 45.31477 14.46959 45.31471 14.46973 45.31462 14.46987 45.31448 14.46996 45.3143 14.47002 45.31415 14.47008 45.31401 14.4702 45.31392 14.47037 45.31387 14.47053 45.31401 14.47059 45.31394 14.47078 45.31368 14.47088 45.31384 14.47019 45.31374 14.47016 45.31358 14.47069 45.31338 14.4712 45.31326 14.47146 45.31311 14.47163 45.31297 14.47185 45.31278 14.47215 45.31258 14.47242 45.31246 14.47258 45.31237 14.47295 45.31221 14.47358 45.31207 14.47399 45.31183 14.47457 45.31184 14.47462 45.31212 14.47439 45.31221 14.47453 45.31199 14.47479 45.31204 14.47488 45.3123 14.47464 45.31239 14.47477 45.3121 14.47506 45.31204 14.47506 45.31175 14.47463 45.31176 14.47445 45.31167 14.47445 45.31167 14.47464 45.3117 14.47477 45.31202 14.47525 45.31209 14.47555 45.31212 14.47564 45.31226 14.47563 45.31243 14.47566 45.31251 14.47573 45.31255 14.47586 45.31255 14.47601 45.31263 14.47618 45.31274 14.47629 45.31282 14.47639 45.31288 14.4766 45.31304 14.47677 45.31316 14.47688 45.31326 14.47681 45.3134 14.4767 45.31368 14.47624 45.3139 14.47642 45.31405 14.47649 45.3143 14.47644 45.31533 14.4759 45.31596 14.47549 45.31614 14.47549 45.31622 14.4755 45.31625 14.47557 45.31641 14.47589 45.31637 14.47604 45.31632 14.47626 45.31601 14.47676 45.31562 14.47746 45.31532 14.47806 45.31524 14.47863 45.3155 14.47922 45.31579 14.47996 45.31599 14.48022 45.3163 14.48062 45.31647 14.48029 45.31684 14.48064 45.31714 14.48085 45.31732 14.48101 45.31775 14.48095 45.31795 14.48108 45.31838 14.48145 45.31871 14.48134 45.31884 14.48239 45.31906 14.48306 45.31931 14.48365 45.31937 14.48423 45.31951 14.48469 45.3196 14.48527 45.31961 14.48532 45.31961 14.48547 45.3196 14.4859 45.31956 14.48658 45.3195 14.48716 45.31969 14.48786 45.31971 14.48796 45.31957 14.48891 45.31841 14.49075 45.31874 14.49116 45.31887 14.49133 45.31888 14.49152 45.31895 14.49333 45.31899 14.49452 45.31891 14.49469 45.31886 14.4948 45.3187 14.49512 45.3186 14.49533 45.31842 14.49569 45.31798 14.4966 45.31752 14.49762 45.31702 14.4984 45.3165 14.49917 45.31575 14.49998 45.31536 14.50074 45.31531 14.50132 45.31495 14.50264 45.31469 14.50351 45.31423 14.50408 45.31398 14.50475 45.31373 14.50568 45.31334 14.50711 45.3133 14.5072 45.3132 14.5074 45.31298 14.50788 45.31265 14.50844 45.31248 14.50917 45.31218 14.51032 45.31184 14.51112 45.31141 14.51214 45.3113 14.51274 45.31118 14.51335 45.3111 14.51397 45.3111 14.51519 45.31129 14.51615 45.31153 14.51753 45.31154 14.51755 45.31167 14.51801 45.31182 14.51852 45.31182 14.51873 45.31181 14.51901 45.31174 14.51963 45.31146 14.52021 45.31121 14.52055 45.31088 14.52088 45.31063 14.52131 45.31059 14.52177 45.31056 14.52201 45.3095 14.5228 45.30895 14.52314 45.30831 14.5236 45.30787 14.52383 45.30744 14.52414 45.3074 14.52414 45.30884 14.52772 45.30909 14.52797 45.30944 14.52855 45.30973 14.52977 45.30995 14.52901 45.31017 14.52925 45.31046 14.52993 45.31072 14.52998 45.31138 14.53 45.31162 14.52982 45.31342 14.53221 45.31384 14.53247 45.31386 14.53234 45.31395 14.53133 45.31423 14.53058 45.31441 14.53042 45.31477 14.53059 45.31501 14.53067 45.31522 14.53072 45.31544 14.53066 45.31556 14.53053 45.31565 14.53027 45.31565 14.53004 45.3156 14.52971 45.31548 14.52927 45.3158 14.52886 45.31619 14.52833 45.31663 14.52764 45.31675 14.52756 45.3169 14.52747 45.31662 14.52615 45.31638 14.5254 45.31601 14.52426 45.31574 14.52373 45.31535 14.5227 45.31513 14.52185 45.31541 14.52164 45.31606 14.52124 45.31667 14.5209 45.31708 14.52058 45.31755 14.51989 45.31783 14.5191 45.31824 14.51808 45.31864 14.51675 45.31889 14.51569 45.31912 14.51457 45.31947 14.51334 45.31971 14.51296 45.31972 14.51294 45.31974 14.51291 45.32018 14.51204 45.32061 14.51118 45.32106 14.51043 45.32153 14.50952 45.32203 14.50856 45.32242 14.50783 45.32281 14.50747 45.32328 14.50712 45.32351 14.50678 45.32365 14.50612 45.32382 14.50546 45.32414 14.50496 45.32458 14.50442 45.32461 14.50436 45.32485 14.5037 45.3251 14.50272 45.32531 14.50214 45.32547 14.50171 45.32591 14.50091 45.32656 14.49968 45.32709 14.49887 45.32764 14.49805 45.32808 14.49712 45.32855 14.49589 45.32882 14.49533 45.32914 14.49467 45.32965 14.49389 45.33007 14.49308 45.33018 14.49288 45.33056 14.49215 45.33094 14.49139 45.33125 14.49063 45.33158 14.48965 45.33211 14.48847 45.33279 14.48757 45.33347 14.4867 45.33474 14.48525 45.33545 14.48491 45.33611 14.48444 45.33696 14.48387 45.33772 14.48315 45.33825 14.4829 45.33905 14.48287 45.33938 14.48291 45.33977 14.48223 45.34025 14.4815 45.34103 14.48052 45.34156 14.47961 45.34204 14.47845 45.34303 14.47619 45.34402 14.47555 45.34432 14.47595 45.34448 14.47622 45.34466 14.4763 45.34477 14.47625 45.34477 14.47593 45.34477 14.47591 45.34476 14.47591 45.34473 14.47583 45.3447 14.47574 45.3446 14.47537 45.34454 14.4751 45.34462 14.47472 45.3448 14.47451 45.345 14.47445 45.34519 14.47435 45.34572 14.47409 45.34676 14.47377 45.34768 14.47341 45.34788 14.47343 45.3482 14.47345 45.3485 14.47362 45.34858 14.47382 45.34866 14.474 45.34925 14.47382 45.3494 14.474 45.34951 14.47374 45.35034 14.47347 45.3512 14.47338 45.352 14.47318 45.35286 14.47288 45.35384 14.47227 45.35479 14.47185 45.35523 14.47165 45.3558 14.47136 45.3562 14.47109 45.35651 14.47078 45.35703 14.47007 45.3574 14.4696 45.35803 14.46899 45.35826 14.46857 45.35832 14.46792 45.35834 14.46745 45.35835 14.46714 45.35836 14.46692 45.35835 14.46685 45.35834 14.46678 45.35831 14.46661 45.35828 14.4664 45.35822 14.46568 45.35819 14.46524 45.35781 14.4649 45.35759 14.46427 45.35743 14.46385 45.35717 14.46352 45.35686 14.46362 45.35667 14.46366 45.35648 14.46348 45.35654 14.46294 45.35663 14.46219 45.35668 14.4616 45.35672 14.46073 45.357 14.46092 45.35729 14.46113 45.35749 14.46084 45.35772 14.4608 45.35823 14.46028 45.35881 14.45961 45.35931 14.45898 45.35988 14.45834 45.36044 14.45767 45.36087 14.45732 45.36093 14.45722 45.36128 14.45673 45.36136 14.45662 45.36135 14.45657 45.36128 14.45632 45.36123 14.45581 45.36133 14.45538 45.36141 14.45499 45.36143 14.45483 45.36145 14.45459 45.36128 14.45423 45.36087 14.45371 45.36053 14.45323 45.36016 14.45277 45.35987 14.45258 45.35951 14.45268 45.35897 14.45292 45.35886 14.45252 45.35883 14.45216 45.35876 14.45177 45.35861 14.45117 45.35857 14.45067 45.35855 14.45003 45.35846 14.44943 45.35832 14.44903 45.35816 14.44849 45.35818 14.44794 45.35812 14.44728 45.35869 14.44672 45.35895 14.44638 45.35931 14.4459 45.35988 14.44577 45.36048 14.44606 45.36107 14.44637 45.36152 14.4464 45.36185 14.44599 45.3622 14.44554 45.36309 14.44506 45.3638 14.44508 45.3643 14.4447 45.36465 14.44452 45.36517 14.44379 45.36559 14.44335 45.36605 14.44267 45.36665 14.44243 45.3672 14.44257 45.36796 14.44287 45.36911 14.44171 45.37 14.44144 45.37132 14.44102 45.37239 14.44069 45.37301 14.44046 45.37364 14.44009 45.37441 14.43994 45.3749 14.44026 45.37524 14.44084 45.37602 14.4397 45.37638 14.43855</gml:posList>
                        </gml:LinearRing>
                      </gml:exterior>
                    </gml:Polygon>
                  </gml:surfaceMember>
                  <gml:surfaceMember>
                    <gml:Polygon gml:id="MEDIA_MONITORED_CILJ_ID_1_POLUTANT_3_MODEL_149">
                      <gml:exterior>
                        <gml:LinearRing>
                          <gml:posList srsDimension="2">45.2453 14.55933 45.24532 14.55933 45.24538 14.55932 45.24545 14.55926 45.24554 14.55921 45.24558 14.55916 45.24566 14.55905 45.24575 14.55898 45.24579 14.559 45.24587 14.55903 45.2459 14.55896 45.2459 14.55893 45.24589 14.55885 45.24587 14.55873 45.2458 14.5587 45.24573 14.55868 45.24566 14.55872 45.24556 14.55877 45.24545 14.55876 45.24538 14.55889 45.24535 14.55904 45.24533 14.55913 45.24529 14.55921 45.24528 14.55927 45.2453 14.55933</gml:posList>
                        </gml:LinearRing>
                      </gml:exterior>
                    </gml:Polygon>
                  </gml:surfaceMember>
                  <gml:surfaceMember>
                    <gml:Polygon gml:id="MEDIA_MONITORED_CILJ_ID_1_POLUTANT_3_MODEL_150">
                      <gml:exterior>
                        <gml:LinearRing>
                          <gml:posList srsDimension="2">45.31957 14.48891 45.31971 14.48796 45.31969 14.48786 45.3195 14.48716 45.31956 14.48658 45.3196 14.4859 45.31961 14.48547 45.31961 14.48532 45.3196 14.48527 45.31951 14.48469 45.31937 14.48423 45.31931 14.48365 45.31906 14.48306 45.31884 14.48239 45.31871 14.48134 45.31838 14.48145 45.31795 14.48108 45.31775 14.48095 45.31732 14.48101 45.31714 14.48085 45.31684 14.48064 45.31647 14.48029 45.3163 14.48062 45.31599 14.48022 45.31579 14.47996 45.3155 14.47922 45.31524 14.47863 45.31532 14.47806 45.31562 14.47746 45.31601 14.47676 45.31632 14.47626 45.31637 14.47604 45.31641 14.47589 45.31625 14.47557 45.31622 14.4755 45.31614 14.47549 45.31596 14.47549 45.31533 14.4759 45.3143 14.47644 45.31405 14.47649 45.3139 14.47642 45.31368 14.47624 45.3134 14.4767 45.31326 14.47681 45.31316 14.47688 45.31334 14.47705 45.31337 14.47717 45.31346 14.47731 45.31352 14.47745 45.31354 14.47764 45.31354 14.47782 45.31368 14.47799 45.31377 14.47787 45.31394 14.47803 45.3139 14.47816 45.31404 14.47828 45.31409 14.47816 45.31427 14.47833 45.31423 14.47842 45.31434 14.47852 45.31455 14.47812 45.31474 14.47805 45.31483 14.47807 45.31491 14.47813 45.31494 14.4782 45.31491 14.47836 45.31481 14.47851 45.31487 14.47863 45.31499 14.47847 45.31509 14.4786 45.31506 14.47867 45.3151 14.47907 45.31517 14.47961 45.31488 14.47919 45.31478 14.47937 45.3154 14.48038 45.31603 14.48139 45.31618 14.48162 45.31587 14.48216 45.31539 14.48163 45.31557 14.48125 45.31454 14.48007 45.31444 14.48008 45.31402 14.48075 45.31404 14.48086 45.3152 14.48217 45.3153 14.48217 45.31539 14.48214 45.31543 14.48207 45.31544 14.48199 45.31544 14.48185 45.31583 14.48229 45.31576 14.48238 45.31583 14.48249 45.31562 14.48288 45.31551 14.48275 45.31539 14.48293 45.31547 14.48305 45.31536 14.48321 45.31524 14.48324 45.31509 14.48341 45.31399 14.4821 45.31307 14.48101 45.31288 14.48079 45.31209 14.47984 45.31157 14.47922 45.31141 14.47938 45.31141 14.4792 45.31126 14.47919 45.31126 14.47934 45.31115 14.47929 45.31109 14.47927 45.31099 14.47927 45.31088 14.47933 45.31074 14.4794 45.31107 14.47699 45.31093 14.47694 45.31059 14.47923 45.31047 14.4793 45.31031 14.4795 45.31018 14.47975 45.31011 14.47995 45.31004 14.48027 45.30996 14.48057 45.30985 14.48079 45.30972 14.481 45.30946 14.48132 45.30929 14.48157 45.30915 14.48185 45.3091 14.48195 45.30905 14.48218 45.30879 14.48216 45.30879 14.48231 45.30898 14.48235 45.30891 14.48258 45.3088 14.48285 45.30868 14.48308 45.30855 14.48335 45.30826 14.48382 45.3078 14.48453 45.30754 14.48499 45.3073 14.4853 45.3072 14.48545 45.30714 14.48554 45.30713 14.48562 45.30713 14.48565 45.30715 14.48573 45.30714 14.48588 45.30713 14.48611 45.30713 14.48626 45.30716 14.48646 45.30727 14.48669 45.30737 14.48695 45.30743 14.48713 45.30759 14.48732 45.3078 14.4875 45.30795 14.48764 45.30805 14.48779 45.30809 14.48792 45.30808 14.48804 45.30802 14.48816 45.30802 14.48817 45.3078 14.48849 45.30768 14.48866 45.30763 14.48873 45.30757 14.48875 45.30755 14.48875 45.30754 14.48857 45.30746 14.48858 45.30746 14.48873 45.30733 14.48873 45.30734 14.48858 45.30724 14.48859 45.30724 14.48875 45.30718 14.48872 45.30713 14.48863 45.30707 14.4884 45.30702 14.48829 45.30699 14.48818 45.30699 14.48808 45.30696 14.48807 45.3069 14.48807 45.30684 14.48812 45.30676 14.48817 45.30662 14.48818 45.30642 14.48815 45.30626 14.4881 45.30616 14.48799 45.30607 14.48779 45.30601 14.48766 45.30592 14.48756 45.30569 14.48746 45.30529 14.48727 45.30521 14.48727 45.30513 14.48733 45.30508 14.48742 45.30498 14.48754 45.30495 14.48756 45.30485 14.48763 45.30468 14.48781 45.30459 14.48786 45.3045 14.48785 45.30443 14.48786 45.30437 14.48795 45.30428 14.48807 45.30424 14.48811 45.30416 14.48812 45.30399 14.48807 45.30366 14.48804 45.30333 14.48798 45.30316 14.488 45.30305 14.48802 45.30291 14.48811 45.30274 14.48829 45.30246 14.48871 45.30232 14.48891 45.30221 14.48899 45.30201 14.48909 45.3018 14.4892 45.30161 14.48936 45.30142 14.4895 45.3013 14.48967 45.30104 14.48995 45.30084 14.4901 45.30072 14.49021 45.30064 14.49034 45.3006 14.4904 45.30054 14.49045 45.30048 14.49048 45.30041 14.49052 45.30037 14.49057 45.30035 14.49066 45.30033 14.49076 45.30027 14.49087 45.30018 14.49094 45.30009 14.49097 45.30001 14.491 45.29996 14.49105 45.29994 14.49111 45.2999 14.49125 45.29987 14.49136 45.29977 14.49148 45.29959 14.49171 45.29949 14.49184 45.29934 14.49195 45.29923 14.49201 45.2991 14.49205 45.29898 14.49209 45.29893 14.49213 45.29887 14.49222 45.29877 14.49238 45.29868 14.49248 45.29855 14.49255 45.29846 14.49259 45.29836 14.49263 45.29825 14.49268 45.29806 14.49294 45.29803 14.49311 45.29798 14.49327 45.29789 14.49343 45.29769 14.49355 45.29759 14.49362 45.29752 14.49372 45.29752 14.49393 45.29757 14.49433 45.2977 14.49484 45.29787 14.49536 45.29799 14.49549 45.29802 14.49561 45.29801 14.49574 45.29798 14.49576 45.29792 14.49582 45.29777 14.49579 45.2972 14.49554 45.29691 14.49552 45.29662 14.4956 45.29641 14.49588 45.29628 14.49603 45.29617 14.49624 45.29608 14.49637 45.29587 14.49652 45.29558 14.49655 45.29536 14.49668 45.29529 14.49681 45.29526 14.49706 45.29517 14.49732 45.29512 14.4974 45.29494 14.49742 45.29481 14.49763 45.29478 14.49773 45.29478 14.49783 45.29481 14.49791 45.29483 14.49803 45.2948 14.49819 45.29463 14.49827 45.29454 14.49837 45.29453 14.49873 45.29437 14.49898 45.29423 14.49952 45.29421 14.49999 45.29421 14.50003 45.29427 14.50014 45.29439 14.50029 45.29443 14.50041 45.29439 14.50059 45.29434 14.50064 45.29423 14.50087 45.29418 14.50118 45.2942 14.50212 45.29422 14.50229 45.29428 14.50248 45.29431 14.50266 45.29427 14.50276 45.29423 14.50285 45.2942 14.50292 45.29419 14.50304 45.29412 14.50332 45.2939 14.50371 45.29385 14.50388 45.29383 14.50416 45.29385 14.50438 45.29388 14.5045 45.29387 14.50467 45.2938 14.50478 45.29362 14.50488 45.29355 14.50501 45.29348 14.50526 45.29335 14.50555 45.29335 14.50578 45.29339 14.50592 45.29335 14.506 45.29329 14.50605 45.29323 14.50604 45.29317 14.50601 45.29305 14.50601 45.29295 14.50594 45.29285 14.50593 45.29272 14.50596 45.29262 14.50601 45.29247 14.50619 45.29233 14.50663 45.29228 14.50708 45.29215 14.50754 45.29205 14.50829 45.29193 14.50872 45.29195 14.50913 45.29198 14.50923 45.29213 14.50943 45.29214 14.5095 45.29213 14.50964 45.29207 14.50979 45.292 14.50983 45.29184 14.50982 45.29177 14.50987 45.29163 14.5101 45.29159 14.51031 45.29153 14.51037 45.29144 14.5103 45.29136 14.51033 45.29121 14.51064 45.2911 14.51083 45.29105 14.511 45.29098 14.51143 45.29073 14.5121 45.29068 14.51235 45.2905 14.51286 45.29043 14.51297 45.29036 14.5132 45.29034 14.51335 45.29038 14.51342 45.29038 14.51353 45.29035 14.51357 45.29029 14.5136 45.2902 14.51378 45.29018 14.51392 45.29019 14.51413 45.29017 14.51427 45.2901 14.51437 45.28981 14.51432 45.28974 14.51437 45.28972 14.51445 45.28959 14.51453 45.2895 14.51476 45.28952 14.51495 45.28956 14.51506 45.28954 14.51517 45.28946 14.51521 45.28942 14.51524 45.28936 14.51528 45.28913 14.51542 45.28899 14.51571 45.28877 14.51594 45.28874 14.51604 45.28875 14.5163 45.28877 14.51636 45.28875 14.51642 45.28868 14.51642 45.2885 14.51655 45.288 14.51712 45.28775 14.5173 45.28761 14.51745 45.28755 14.51758 45.28759 14.51783 45.28758 14.51791 45.28756 14.51801 45.28743 14.51809 45.28736 14.51809 45.28705 14.51837 45.28682 14.51852 45.28661 14.51881 45.28643 14.51894 45.28619 14.5192 45.286 14.51953 45.28592 14.51966 45.28567 14.51984 45.28551 14.52006 45.28535 14.52031 45.2852 14.52073 45.28494 14.52145 45.28475 14.52181 45.28468 14.52214 45.28455 14.52233 45.28442 14.52247 45.2843 14.52265 45.28414 14.52317 45.28413 14.52355 45.28412 14.52368 45.28426 14.52438 45.28438 14.52445 45.28449 14.52453 45.28467 14.52456 45.28467 14.52433 45.28453 14.52434 45.28452 14.52407 45.28443 14.52404 45.28446 14.52385 45.28462 14.52387 45.28461 14.52367 45.28476 14.52368 45.28472 14.524 45.2848 14.52405 45.28484 14.5238 45.28492 14.52397 45.28497 14.52448 45.28497 14.52492 45.28492 14.52517 45.28485 14.5254 45.28467 14.52579 45.28449 14.5262 45.28444 14.52631 45.28433 14.52663 45.28423 14.52686 45.28413 14.52698 45.28401 14.52714 45.28387 14.52735 45.28376 14.52748 45.28369 14.52781 45.28364 14.52804 45.28361 14.52914 45.28368 14.52952 45.28379 14.52981 45.28384 14.52998 45.28386 14.53005 45.28383 14.53013 45.28375 14.53021 45.28369 14.53019 45.28359 14.53013 45.28332 14.52985 45.28309 14.52957 45.28294 14.52937 45.28287 14.52932 45.2828 14.52935 45.28278 14.52963 45.28282 14.52973 45.28289 14.5298 45.28287 14.52988 45.28261 14.53085 45.28232 14.5317 45.28216 14.53188 45.28196 14.53257 45.2817 14.5332 45.28165 14.53405 45.28159 14.53435 45.28154 14.53461 45.28111 14.53596 45.28099 14.53691 45.28087 14.53732 45.28053 14.53785 45.2804 14.53816 45.28028 14.53839 45.28006 14.5387 45.27978 14.53898 45.27946 14.53962 45.27933 14.5398 45.27915 14.54003 45.27905 14.53989 45.27898 14.54001 45.27908 14.54013 45.27903 14.54019 45.2788 14.54051 45.27869 14.54039 45.27861 14.54054 45.27869 14.54066 45.27847 14.54098 45.27837 14.54112 45.27827 14.54101 45.2782 14.54112 45.27831 14.54125 45.27811 14.54157 45.27806 14.54163 45.27798 14.54153 45.27792 14.54162 45.27798 14.54174 45.27779 14.54201 45.27779 14.54216 45.27792 14.54254 45.27788 14.5429 45.27792 14.543 45.27801 14.54307 45.27805 14.54323 45.27805 14.54369 45.27812 14.54407 45.27811 14.54473 45.27816 14.54501 45.27816 14.54529 45.27806 14.54562 45.27793 14.54583 45.27761 14.54632 45.27752 14.54657 45.27743 14.54708 45.27749 14.54767 45.27744 14.54876 45.27748 14.54904 45.2775 14.54927 45.27752 14.5495 45.27754 14.55075 45.27761 14.55162 45.27761 14.55192 45.27767 14.55225 45.27767 14.55246 45.27773 14.55261 45.27782 14.55269 45.27792 14.55269 45.27803 14.55258 45.27814 14.55256 45.27826 14.55245 45.27837 14.5523 45.27852 14.55217 45.27871 14.55204 45.27878 14.55186 45.27891 14.55168 45.27911 14.55153 45.27932 14.55115 45.27948 14.55107 45.27956 14.55112 45.27959 14.55119 45.27956 14.55137 45.27959 14.55173 45.27978 14.55247 45.2798 14.55275 45.2799 14.55313 45.27991 14.55344 45.27985 14.55359 45.27971 14.55377 45.27966 14.554 45.27953 14.55428 45.27952 14.55464 45.27942 14.5549 45.27941 14.55501 45.27942 14.55517 45.27948 14.55553 45.27954 14.55609 45.27954 14.55637 45.2795 14.5565 45.27952 14.55685 45.27963 14.55724 45.27971 14.55734 45.27992 14.55734 45.2801 14.55723 45.28039 14.5572 45.28102 14.55672 45.28147 14.55646 45.28186 14.55612 45.28199 14.55604 45.28209 14.55609 45.28217 14.5562 45.2822 14.55632 45.2822 14.55645 45.28208 14.55704 45.2821 14.55757 45.28223 14.55798 45.28246 14.55844 45.28254 14.55897 45.28257 14.55907 45.28265 14.55918 45.28297 14.5594 45.28326 14.55973 45.28346 14.55996 45.28353 14.56006 45.28378 14.56019 45.28411 14.56023 45.28427 14.56018 45.28472 14.55985 45.28492 14.55967 45.28527 14.55928 45.28563 14.55892 45.28583 14.55877 45.28626 14.55818 45.28682 14.55761 45.28692 14.55743 45.28698 14.55741 45.28717 14.55713 45.28723 14.5571 45.28739 14.55684 45.28753 14.55666 45.28768 14.55648 45.28789 14.5563 45.28802 14.55625 45.28811 14.55607 45.28821 14.55587 45.28837 14.55577 45.28848 14.55576 45.28861 14.55574 45.28868 14.55564 45.28875 14.55545 45.28873 14.55539 45.28841 14.55436 45.28831 14.55371 45.28818 14.55271 45.28839 14.55186 45.28882 14.55131 45.28912 14.5509 45.28974 14.55031 45.28993 14.55018 45.28996 14.55014 45.29007 14.54999 45.29027 14.55005 45.29027 14.55004 45.29033 14.54995 45.29033 14.54994 45.29038 14.54985 45.29037 14.5498 45.29032 14.54964 45.29023 14.54949 45.29016 14.54928 45.29041 14.54917 45.2908 14.549 45.291 14.54894 45.29108 14.54891 45.29105 14.54871 45.29122 14.54864 45.29168 14.5485 45.29196 14.54847 45.29241 14.5481 45.29263 14.54763 45.2928 14.54727 45.2927 14.54709 45.2928 14.54683 45.29312 14.54637 45.2934 14.54605 45.29351 14.54581 45.29361 14.5456 45.29349 14.54546 45.29343 14.54539 45.29337 14.54531 45.29357 14.5449 45.29422 14.54384 45.29497 14.54239 45.29536 14.54144 45.2959 14.54042 45.29645 14.53928 45.29685 14.5384 45.29716 14.53769 45.2977 14.53705 45.29774 14.53702 45.29821 14.5366 45.29842 14.53624 45.2989 14.5357 45.29891 14.53564 45.29903 14.53527 45.29905 14.53517 45.29897 14.53457 45.29897 14.53393 45.29898 14.53346 45.29923 14.53268 45.29956 14.53201 45.30005 14.53091 45.30051 14.53019 45.30107 14.52918 45.3013 14.52859 45.30168 14.5279 45.30203 14.52699 45.30213 14.52684 45.3025 14.52631 45.30292 14.5257 45.30343 14.52497 45.30392 14.52422 45.30443 14.52391 45.30495 14.52391 45.30541 14.52397 45.30597 14.52393 45.30628 14.524 45.30706 14.52411 45.3074 14.52414 45.30744 14.52414 45.30787 14.52383 45.30831 14.5236 45.30895 14.52314 45.3095 14.5228 45.31056 14.52201 45.31059 14.52177 45.31063 14.52131 45.31088 14.52088 45.31121 14.52055 45.31146 14.52021 45.31174 14.51963 45.31181 14.51901 45.31182 14.51873 45.31182 14.51852 45.31167 14.51801 45.31154 14.51755 45.31153 14.51753 45.31129 14.51615 45.3111 14.51519 45.3111 14.51397 45.31118 14.51335 45.3113 14.51274 45.31141 14.51214 45.31184 14.51112 45.31218 14.51032 45.31248 14.50917 45.31265 14.50844 45.31298 14.50788 45.3132 14.5074 45.3133 14.5072 45.31334 14.50711 45.31373 14.50568 45.31398 14.50475 45.31423 14.50408 45.31469 14.50351 45.31495 14.50264 45.31531 14.50132 45.31536 14.50074 45.31575 14.49998 45.3165 14.49917 45.31702 14.4984 45.31752 14.49762 45.31798 14.4966 45.31842 14.49569 45.3186 14.49533 45.3187 14.49512 45.31886 14.4948 45.31891 14.49469 45.31899 14.49452 45.31895 14.49333 45.31888 14.49152 45.31887 14.49133 45.31874 14.49116 45.31841 14.49075 45.31957 14.48891</gml:posList>
                        </gml:LinearRing>
                      </gml:exterior>
                    </gml:Polygon>
                  </gml:surfaceMember>
                  <gml:surfaceMember>
                    <gml:Polygon gml:id="MEDIA_MONITORED_CILJ_ID_1_POLUTANT_3_MODEL_151">
                      <gml:exterior>
                        <gml:LinearRing>
                          <gml:posList srsDimension="2">45.24443 14.5572 45.24445 14.557 45.24457 14.55679 45.24464 14.55649 45.24479 14.55613 45.24493 14.55585 45.24516 14.55564 45.2452 14.55549 45.2453 14.55539 45.24538 14.55516 45.24555 14.5549 45.24564 14.55477 45.24577 14.55462 45.24581 14.55452 45.2458 14.55439 45.24579 14.55434 45.24568 14.55429 45.24559 14.55419 45.24528 14.55414 45.24516 14.55422 45.24498 14.55447 45.24485 14.55458 45.24464 14.55458 45.24456 14.5545 45.24453 14.5544 45.24433 14.5543 45.24418 14.55405 45.24415 14.55371 45.24422 14.55343 45.24427 14.55336 45.2443 14.55328 45.24427 14.55323 45.24409 14.55321 45.24378 14.553 45.24371 14.5529 45.24366 14.5529 45.24359 14.55295 45.24353 14.55306 45.24324 14.55326 45.24303 14.55365 45.24255 14.55396 45.24242 14.554 45.24197 14.55432 45.24181 14.55437 45.24132 14.55468 45.24127 14.55478 45.24125 14.55481 45.24117 14.55492 45.24111 14.55511 45.241 14.55529 45.24086 14.55532 45.24071 14.55522 45.24061 14.55519 45.24055 14.55504 45.24055 14.55501 45.24055 14.55489 45.24064 14.55466 45.24073 14.55451 45.24078 14.5544 45.24094 14.5541 45.24143 14.5534 45.24173 14.55315 45.24204 14.55299 45.2422 14.55286 45.24232 14.55274 45.24238 14.55263 45.24252 14.55243 45.2427 14.55217 45.24277 14.55212 45.24279 14.55194 45.24272 14.55187 45.24254 14.55187 45.24246 14.55187 45.24241 14.55187 45.24234 14.55187 45.24216 14.55187 45.24196 14.55164 45.24174 14.55159 45.24171 14.55154 45.24171 14.55129 45.24165 14.55126 45.2416 14.55131 45.24153 14.55131 45.24144 14.55142 45.2414 14.55205 45.24133 14.55223 45.24137 14.55246 45.24135 14.55272 45.24121 14.55283 45.24112 14.5529 45.24094 14.55318 45.24078 14.55321 45.24074 14.55316 45.24074 14.55303 45.24078 14.55293 45.2411 14.55267 45.24111 14.55259 45.2411 14.55254 45.24104 14.55252 45.24076 14.55254 45.24061 14.55247 45.24052 14.55247 45.2404 14.55257 45.24029 14.55257 45.24009 14.55268 45.23982 14.55288 45.23961 14.55288 45.23939 14.55276 45.23914 14.55248 45.23903 14.55215 45.23901 14.55169 45.23894 14.55154 45.23879 14.55141 45.23859 14.55131 45.2384 14.55119 45.23798 14.55086 45.2372 14.55053 45.23706 14.55043 45.23679 14.55043 45.23659 14.55054 45.23636 14.55079 45.23609 14.55098 45.23589 14.55123 45.2357 14.55136 45.23561 14.55149 45.23541 14.55162 45.23534 14.55162 45.2353 14.55157 45.23526 14.55141 45.23526 14.55116 45.23519 14.55088 45.23521 14.55075 45.23533 14.55057 45.2354 14.55039 45.23558 14.55016 45.23558 14.54999 45.23547 14.54988 45.23544 14.54978 45.23544 14.5496 45.23556 14.54932 45.23562 14.54912 45.23569 14.54904 45.23576 14.54881 45.23583 14.54869 45.23592 14.54861 45.23622 14.5484 45.23639 14.54817 45.23674 14.54728 45.23674 14.54702 45.23666 14.5469 45.23665 14.54669 45.23661 14.54659 45.2367 14.54618 45.23686 14.54577 45.23688 14.54537 45.23673 14.54496 45.2367 14.5447 45.2368 14.54445 45.23689 14.54437 45.237 14.54445 45.23706 14.54451 45.23715 14.54462 45.23747 14.5446 45.23759 14.54447 45.23759 14.54431 45.23753 14.54431 45.23745 14.54439 45.23738 14.54432 45.23721 14.54404 45.23718 14.54381 45.23701 14.54333 45.23698 14.5433 45.23694 14.54302 45.23678 14.54269 45.23674 14.54239 45.2366 14.54206 45.23658 14.54175 45.23616 14.54073 45.23608 14.54012 45.2359 14.53962 45.23592 14.53939 45.23599 14.53918 45.23606 14.53911 45.2361 14.539 45.23615 14.5386 45.23626 14.53836 45.23643 14.5378 45.23645 14.53772 45.23647 14.53761 45.23647 14.53741 45.23643 14.53712 45.23639 14.53696 45.23625 14.53673 45.23618 14.53668 45.23589 14.53666 45.23575 14.53674 45.23571 14.53682 45.23562 14.53687 45.2355 14.53707 45.23542 14.5373 45.23528 14.53748 45.23514 14.53789 45.23496 14.5381 45.23491 14.53838 45.2348 14.53862 45.23481 14.53873 45.23478 14.53881 45.23472 14.53889 45.23446 14.53907 45.2343 14.5393 45.23396 14.53963 45.2339 14.53981 45.23391 14.53994 45.23412 14.5405 45.23411 14.5407 45.23398 14.54091 45.23378 14.54116 45.23364 14.54132 45.23353 14.54147 45.23343 14.54165 45.23323 14.54193 45.23309 14.54229 45.233 14.54242 45.23264 14.5428 45.23253 14.54303 45.23239 14.54316 45.23221 14.54321 45.23181 14.54304 45.23165 14.54314 45.23147 14.54334 45.23117 14.54353 45.23084 14.54383 45.23034 14.54394 45.23028 14.5439 45.23025 14.54365 45.23016 14.54365 45.23018 14.54409 45.23005 14.54404 45.22983 14.54371 45.22955 14.54341 45.22938 14.5434 45.22899 14.54347 45.22883 14.54342 45.2287 14.54349 45.22859 14.54362 45.22832 14.54357 45.22825 14.54363 45.2282 14.54378 45.2282 14.54398 45.22823 14.54411 45.22827 14.54467 45.22829 14.54482 45.22829 14.54495 45.22864 14.54602 45.22871 14.54614 45.22891 14.54635 45.22931 14.54662 45.22938 14.54677 45.22947 14.54685 45.22947 14.54693 45.22942 14.547 45.22929 14.54708 45.2292 14.54718 45.22911 14.54725 45.22908 14.54736 45.22911 14.54762 45.22911 14.54792 45.22906 14.54805 45.22885 14.54833 45.22868 14.54846 45.22858 14.54861 45.22845 14.54874 45.22813 14.54908 45.22791 14.54923 45.22783 14.54926 45.22775 14.54923 45.22764 14.54916 45.22752 14.54913 45.22737 14.54924 45.22732 14.54934 45.22725 14.5494 45.22722 14.54947 45.22697 14.54967 45.22666 14.54994 45.2266 14.54973 45.22652 14.54978 45.22657 14.54997 45.22649 14.55003 45.22625 14.55014 45.22576 14.55036 45.22574 14.55015 45.22565 14.55017 45.22566 14.5504 45.22556 14.55042 45.22554 14.55026 45.22545 14.55029 45.22547 14.5505 45.22524 14.55062 45.2252 14.55043 45.22515 14.55046 45.22518 14.55069 45.22484 14.55088 45.22482 14.55068 45.22476 14.55069 45.22479 14.5509 45.2245 14.55097 45.22449 14.55078 45.2244 14.55078 45.22441 14.55104 45.22432 14.55102 45.22428 14.55079 45.22418 14.55081 45.22421 14.55106 45.22401 14.55113 45.22396 14.55098 45.22388 14.55105 45.22393 14.55125 45.22387 14.55132 45.22371 14.55148 45.2235 14.55172 45.22316 14.55171 45.22302 14.55163 45.22276 14.55154 45.22263 14.55146 45.22274 14.55127 45.22265 14.55116 45.22252 14.55134 45.22236 14.55119 45.22225 14.55106 45.22214 14.55103 45.22194 14.55096 45.22172 14.55092 45.22171 14.55073 45.22161 14.55074 45.22161 14.55092 45.22127 14.55102 45.22073 14.55104 45.22042 14.5511 45.21939 14.55158 45.21925 14.55167 45.21903 14.5518 45.21892 14.55184 45.21884 14.55177 45.21876 14.55177 45.21862 14.55185 45.21844 14.55181 45.21823 14.55176 45.21815 14.55163 45.21812 14.55133 45.21817 14.55119 45.21817 14.55101 45.21807 14.55086 45.21797 14.55079 45.21773 14.55079 45.21757 14.55076 45.21721 14.55068 45.21658 14.55062 45.21645 14.55064 45.21636 14.5507 45.21626 14.55085 45.21619 14.55094 45.2161 14.55106 45.21595 14.55118 45.21593 14.55136 45.21594 14.5515 45.21582 14.55172 45.21569 14.55185 45.21552 14.55189 45.21552 14.5517 45.2154 14.5517 45.21539 14.55189 45.21525 14.55186 45.21489 14.55173 45.21465 14.55156 45.21446 14.55145 45.21438 14.55144 45.21439 14.55125 45.2143 14.55125 45.2143 14.55143 45.21373 14.55142 45.21372 14.55125 45.21358 14.55125 45.21357 14.55147 45.2134 14.55145 45.21329 14.55142 45.213 14.55125 45.21276 14.55113 45.21214 14.55112 45.21199 14.55108 45.21188 14.55102 45.21188 14.55089 45.2119 14.55081 45.21204 14.55071 45.21213 14.55055 45.2124 14.55024 45.2126 14.55012 45.21273 14.54996 45.21274 14.54971 45.21256 14.5495 45.21251 14.54938 45.21236 14.54933 45.21181 14.54933 45.21163 14.54949 45.21151 14.54956 45.21128 14.54962 45.21107 14.5498 45.211 14.5499 45.21089 14.55 45.21092 14.55017 45.2107 14.55037 45.21063 14.55027 45.21052 14.55041 45.21065 14.5506 45.21086 14.55044 45.21093 14.55059 45.21082 14.55072 45.21092 14.55089 45.21064 14.55128 45.2105 14.55147 45.21033 14.55161 45.21002 14.55187 45.2098 14.55199 45.20955 14.5522 45.20939 14.55241 45.20924 14.55262 45.20907 14.55285 45.20889 14.55298 45.20874 14.55298 45.20858 14.55288 45.20839 14.55276 45.20816 14.55249 45.20802 14.5523 45.20791 14.55212 45.20784 14.55197 45.20786 14.55181 45.20793 14.55165 45.20821 14.55152 45.20841 14.55124 45.20843 14.55109 45.2085 14.55089 45.20866 14.55066 45.20873 14.5506 45.20879 14.55043 45.20881 14.55036 45.20879 14.55029 45.2087 14.55026 45.20857 14.55027 45.20821 14.55053 45.2081 14.55069 45.20789 14.5512 45.20773 14.55143 45.20753 14.55143 45.20737 14.55125 45.20726 14.55102 45.20709 14.55044 45.20688 14.54988 45.20684 14.54955 45.20688 14.54932 45.20696 14.54917 45.20721 14.54886 45.20764 14.54847 45.20775 14.54832 45.20841 14.54774 45.20849 14.5476 45.20864 14.54743 45.20879 14.54729 45.20904 14.54699 45.20926 14.54683 45.20972 14.54617 45.2099 14.54576 45.21003 14.54558 45.21026 14.54545 45.2104 14.54532 45.21069 14.54527 45.21078 14.54516 45.2108 14.54506 45.21092 14.54491 45.21101 14.54486 45.21114 14.54486 45.21153 14.54457 45.21164 14.54457 45.21175 14.54465 45.21231 14.54464 45.2126 14.54454 45.21285 14.54433 45.21374 14.54303 45.21403 14.54272 45.21419 14.54254 45.21441 14.54231 45.21464 14.54203 45.21489 14.54177 45.21501 14.54169 45.21523 14.54146 45.21532 14.54128 45.21534 14.54113 45.21538 14.54107 45.21543 14.54105 45.21553 14.54098 45.21568 14.54092 45.21582 14.54069 45.21609 14.54051 45.21625 14.54026 45.21647 14.54015 45.21661 14.54 45.21684 14.53985 45.2169 14.53985 45.21702 14.53972 45.21742 14.53954 45.2176 14.53936 45.21772 14.53935 45.21781 14.5393 45.21796 14.5391 45.21828 14.53894 45.21837 14.53881 45.21855 14.53871 45.21862 14.53861 45.21878 14.53851 45.21898 14.5382 45.2191 14.53812 45.21925 14.53809 45.21934 14.53789 45.21982 14.5374 45.2202 14.5372 45.22036 14.53704 45.22074 14.53689 45.22084 14.53681 45.22104 14.53665 45.22127 14.53655 45.22145 14.5364 45.22185 14.53621 45.22201 14.53609 45.2221 14.53596 45.22273 14.53552 45.22289 14.53537 45.22294 14.53526 45.22316 14.53516 45.22334 14.53498 45.22363 14.53493 45.22377 14.53477 45.22406 14.53457 45.22438 14.53428 45.2249 14.53387 45.22508 14.53379 45.2252 14.53362 45.22533 14.53349 45.22549 14.53333 45.22583 14.53308 45.22637 14.53277 45.22651 14.53276 45.22659 14.53259 45.22673 14.53248 45.22694 14.53223 45.22802 14.53158 45.22876 14.53106 45.22899 14.53073 45.22903 14.5304 45.22897 14.53017 45.22883 14.53002 45.22875 14.52997 45.22859 14.52992 45.22828 14.52972 45.22812 14.52954 45.22794 14.52926 45.22769 14.52906 45.2276 14.52899 45.22727 14.52877 45.22704 14.52856 45.22695 14.52841 45.22657 14.52815 45.22642 14.52813 45.22626 14.52803 45.22612 14.528 45.22592 14.5279 45.22543 14.52753 45.2252 14.5274 45.22466 14.52741 45.22433 14.52759 45.22419 14.52774 45.22399 14.52805 45.22381 14.52823 45.22367 14.52846 45.22335 14.52889 45.22313 14.529 45.22299 14.52912 45.22284 14.52921 45.22273 14.52931 45.22247 14.52944 45.22229 14.52946 45.22206 14.52946 45.2218 14.52967 45.22179 14.52972 45.22168 14.5298 45.22157 14.5298 45.22136 14.52998 45.22123 14.53001 45.22106 14.52989 45.22098 14.52983 45.2208 14.52996 45.2203 14.53017 45.22001 14.53014 45.21994 14.53019 45.21974 14.5302 45.21959 14.53012 45.21941 14.52987 45.21936 14.52969 45.21929 14.52967 45.21911 14.52995 45.21894 14.53005 45.21868 14.53023 45.21846 14.53041 45.21814 14.53059 45.21796 14.53057 45.21787 14.53047 45.21781 14.53029 45.21774 14.53024 45.21729 14.53022 45.21644 14.5304 45.21612 14.53066 45.21585 14.53104 45.21571 14.53124 45.21562 14.53135 45.21555 14.53155 45.21546 14.53175 45.21541 14.53196 45.21534 14.53212 45.21514 14.5323 45.21507 14.53255 45.21507 14.53271 45.21503 14.53296 45.21487 14.53334 45.21478 14.53355 45.21459 14.53388 45.21416 14.53488 45.21403 14.53508 45.21386 14.53534 45.21362 14.53582 45.21335 14.53611 45.21273 14.53657 45.21253 14.53682 45.21237 14.53703 45.21205 14.53744 45.21199 14.53749 45.21178 14.53767 45.21147 14.53808 45.21097 14.53849 45.21084 14.53865 45.21063 14.53878 45.21045 14.53878 45.21005 14.53903 45.20962 14.5395 45.20945 14.53965 45.20933 14.53975 45.20923 14.53988 45.20909 14.54001 45.2088 14.54019 45.20862 14.54037 45.20833 14.54058 45.20823 14.5407 45.20796 14.54086 45.20788 14.54096 45.20769 14.54106 45.20743 14.54107 45.20718 14.54125 45.20713 14.54135 45.20693 14.54153 45.20672 14.54181 45.20639 14.54214 45.20577 14.54296 45.20539 14.54325 45.20509 14.54348 45.20478 14.54366 45.2046 14.54368 45.2046 14.54346 45.20449 14.54347 45.20448 14.54367 45.20426 14.54366 45.20419 14.54372 45.20399 14.54374 45.20397 14.54344 45.20384 14.54345 45.20384 14.54374 45.20367 14.54374 45.20352 14.54387 45.2033 14.54397 45.20329 14.54372 45.20318 14.54372 45.20319 14.54397 45.20275 14.54424 45.20268 14.5443 45.20253 14.54419 45.20248 14.54435 45.2026 14.54445 45.20259 14.54454 45.20248 14.54472 45.20237 14.5448 45.20201 14.5448 45.20198 14.54457 45.20187 14.54461 45.20191 14.54487 45.20167 14.54501 45.20141 14.54539 45.20132 14.54567 45.20125 14.54618 45.20118 14.54641 45.20112 14.54651 45.20098 14.54674 45.20083 14.5468 45.20056 14.5468 45.2004 14.5467 45.20022 14.54645 45.20008 14.54634 45.19993 14.54635 45.19972 14.5465 45.1994 14.54688 45.1992 14.54699 45.19929 14.54685 45.19941 14.54671 45.19954 14.54658 45.19972 14.54619 45.19982 14.54604 45.19984 14.54591 45.19982 14.54581 45.19962 14.54553 45.19957 14.5453 45.19962 14.54505 45.19987 14.54472 45.19991 14.54461 45.19993 14.54436 45.19989 14.54416 45.19978 14.54398 45.19949 14.54365 45.19944 14.54345 45.19947 14.54332 45.19958 14.54319 45.19974 14.54309 45.19994 14.54304 45.20039 14.54306 45.20051 14.54298 45.20058 14.54285 45.20069 14.54244 45.20078 14.54237 45.20092 14.54234 45.2012 14.54242 45.20129 14.54244 45.20137 14.54266 45.20147 14.54259 45.20138 14.54234 45.20143 14.54216 45.20141 14.54173 45.20148 14.54152 45.20157 14.54142 45.20184 14.54126 45.20196 14.54126 45.20202 14.54121 45.20211 14.54088 45.20214 14.54052 45.20234 14.53978 45.20235 14.53935 45.20217 14.53798 45.20195 14.53762 45.20184 14.53729 45.20171 14.53712 45.2017 14.53704 45.20153 14.53691 45.20144 14.53674 45.20115 14.53648 45.20083 14.53638 45.2007 14.53641 45.20057 14.53636 45.20018 14.53634 45.20011 14.53629 45.19998 14.53598 45.20002 14.53563 45.20002 14.53537 45.20001 14.53525 45.19998 14.53511 45.19989 14.53494 45.19987 14.53481 45.19978 14.53466 45.19976 14.53451 45.19963 14.53438 45.19953 14.53441 45.19943 14.53436 45.19936 14.53423 45.19929 14.53418 45.19907 14.53416 45.19895 14.53403 45.19884 14.53398 45.19861 14.53398 45.19837 14.53409 45.1983 14.53409 45.19821 14.53401 45.19805 14.53401 45.19789 14.53414 45.19756 14.5343 45.19744 14.5344 45.1973 14.53447 45.19711 14.53463 45.19699 14.53466 45.19679 14.53481 45.19645 14.53497 45.19607 14.53497 45.19564 14.53475 45.19523 14.53475 45.1951 14.5347 45.19501 14.5346 45.1949 14.53457 45.19477 14.53463 45.19447 14.53465 45.19434 14.53473 45.19402 14.53473 45.19393 14.53468 45.19382 14.53469 45.19355 14.53492 45.19321 14.5351 45.19308 14.53515 45.19292 14.53515 45.19276 14.53523 45.1926 14.5352 45.19246 14.53536 45.19244 14.53543 45.19231 14.53561 45.19226 14.53564 45.19161 14.53567 45.19155 14.53577 45.19122 14.53628 45.19113 14.53629 45.19086 14.53603 45.19077 14.53603 45.19062 14.53593 45.1901 14.53594 45.19005 14.53599 45.18969 14.53599 45.18929 14.53622 45.18906 14.53625 45.18879 14.53638 45.18857 14.53638 45.18846 14.53643 45.18832 14.53657 45.1883 14.53659 45.18805 14.53684 45.188 14.53695 45.18778 14.53705 45.18771 14.53718 45.18768 14.53738 45.18764 14.53743 45.18757 14.53738 45.18753 14.53728 45.18753 14.53708 45.1876 14.53687 45.18758 14.53657 45.18742 14.53649 45.18731 14.5366 45.18728 14.5367 45.18722 14.5367 45.18717 14.5365 45.1871 14.53642 45.18699 14.53625 45.18688 14.53596 45.18673 14.53571 45.18639 14.53525 45.1863 14.53515 45.18614 14.53495 45.18599 14.5349 45.18585 14.53493 45.1857 14.53478 45.1856 14.53475 45.18538 14.5348 45.18531 14.5347 45.18509 14.53455 45.18482 14.53445 45.18471 14.53448 45.18437 14.53443 45.18417 14.53451 45.18405 14.53451 45.18367 14.53469 45.18333 14.53469 45.1832 14.53477 45.18299 14.53482 45.1829 14.5349 45.18229 14.53491 45.18173 14.53504 45.18158 14.53517 45.18135 14.53524 45.18106 14.53545 45.18099 14.53555 45.18094 14.53555 45.18062 14.53581 45.18049 14.53586 45.1804 14.53599 45.18022 14.53609 45.18011 14.5363 45.1799 14.53643 45.17986 14.53648 45.17986 14.53654 45.17991 14.53664 45.1799 14.53673 45.17986 14.53681 45.17981 14.53686 45.1797 14.5368 45.17965 14.53684 45.17954 14.53704 45.1794 14.53717 45.17936 14.5373 45.17936 14.53763 45.17927 14.53791 45.1792 14.53799 45.17899 14.53799 45.1787 14.53784 45.17863 14.53784 45.17839 14.53769 45.17819 14.53764 45.17796 14.53769 45.17697 14.5377 45.17668 14.53765 45.17636 14.53765 45.17612 14.53776 45.17607 14.53788 45.17612 14.53801 45.17612 14.53809 45.17606 14.53817 45.17595 14.53832 45.17579 14.53872 45.17575 14.53898 45.17561 14.53949 45.17559 14.53964 45.17543 14.5401 45.17543 14.54018 45.17556 14.54051 45.1756 14.54068 45.17567 14.54079 45.17567 14.54089 45.17547 14.54089 45.17534 14.54084 45.17516 14.54105 45.17507 14.54107 45.17493 14.5412 45.17479 14.54125 45.17445 14.54148 45.17432 14.54171 45.17405 14.54189 45.17398 14.54207 45.1739 14.54219 45.17378 14.54235 45.17364 14.54256 45.17348 14.54269 45.17337 14.54276 45.17305 14.54277 45.17287 14.54292 45.17269 14.54292 45.17247 14.54277 45.17229 14.54272 45.1722 14.54275 45.17206 14.54288 45.17201 14.54316 45.17156 14.54308 45.17121 14.54311 45.17119 14.54321 45.1713 14.54324 45.17132 14.54334 45.17114 14.5436 45.17102 14.54395 45.17093 14.54403 45.17082 14.54403 45.17071 14.54411 45.17064 14.54421 45.17061 14.54439 45.17043 14.54462 45.17039 14.5448 45.17043 14.54487 45.17043 14.54503 45.17032 14.54521 45.17021 14.54531 45.17005 14.54536 45.16989 14.54536 45.16976 14.54545 45.16968 14.54544 45.16961 14.5454 45.16949 14.54541 45.16939 14.54547 45.16923 14.54567 45.1691 14.54595 45.16898 14.54616 45.16874 14.54636 45.16851 14.54647 45.16802 14.5465 45.16796 14.54638 45.16793 14.54626 45.16799 14.54612 45.16798 14.54597 45.16825 14.54566 45.16818 14.54551 45.1679 14.54579 45.16782 14.54576 45.16766 14.54558 45.16753 14.5453 45.16737 14.54518 45.16724 14.54523 45.16719 14.54536 45.16725 14.54561 45.1672 14.54575 45.16703 14.54561 45.16689 14.54562 45.16674 14.54557 45.16657 14.54545 45.16641 14.54516 45.16624 14.54486 45.16607 14.54455 45.16588 14.5442 45.16545 14.54356 45.16563 14.54332 45.16555 14.54325 45.16536 14.54345 45.16516 14.54318 45.16534 14.54294 45.16527 14.54284 45.1651 14.54305 45.16503 14.54299 45.16497 14.54284 45.16491 14.54269 45.16491 14.5425 45.16494 14.54233 45.165 14.54221 45.16522 14.54248 45.1653 14.54234 45.16511 14.54211 45.16525 14.54189 45.16556 14.54206 45.16558 14.54192 45.16523 14.54171 45.16484 14.54138 45.16471 14.54123 45.1646 14.5411 45.16444 14.5409 45.16436 14.54075 45.16454 14.54048 45.16447 14.54037 45.16426 14.54065 45.16418 14.54065 45.16405 14.54063 45.16391 14.54064 45.16366 14.54071 45.16351 14.54069 45.16333 14.54067 45.16341 14.54048 45.16334 14.54035 45.16315 14.54059 45.16301 14.54043 45.1628 14.54011 45.16264 14.53987 45.16245 14.53952 45.16213 14.53883 45.162 14.53853 45.16177 14.538 45.16153 14.53764 45.16136 14.5375 45.16119 14.53732 45.16105 14.53712 45.16089 14.53692 45.16079 14.53679 45.16064 14.5366 45.16042 14.53631 45.16011 14.53604 45.15987 14.53579 45.15957 14.53553 45.15914 14.53521 45.15879 14.53506 45.15842 14.53495 45.15784 14.53489 45.15777 14.53483 45.15739 14.53465 45.15727 14.53468 45.15718 14.53475 45.1566 14.53478 45.1564 14.53453 45.15633 14.53441 45.15628 14.5343 45.15624 14.53418 45.15611 14.53395 45.15611 14.53383 45.15608 14.53377 45.15591 14.53377 45.15582 14.53373 45.1557 14.53377 45.15561 14.53377 45.15548 14.53365 45.15527 14.53362 45.15519 14.53352 45.15496 14.5334 45.15483 14.5334 45.15465 14.53353 45.1545 14.53357 45.15433 14.53361 45.15402 14.53369 45.15396 14.53371 45.15388 14.53374 45.15368 14.53389 45.15363 14.53397 45.15358 14.53415 45.15354 14.53461 45.15348 14.53472 45.15338 14.53473 45.15327 14.53476 45.15318 14.53474 45.15309 14.53466 45.15291 14.53468 45.1528 14.53471 45.15248 14.53472 45.15237 14.53467 45.15221 14.53459 45.15208 14.53449 45.15197 14.53434 45.15196 14.53403 45.1519 14.53386 45.15183 14.53381 45.15167 14.53381 45.15161 14.53376 45.15132 14.53368 45.1512 14.53338 45.15113 14.53331 45.15111 14.53315 45.15107 14.53307 45.15106 14.53296 45.15101 14.53287 45.15099 14.53273 45.15096 14.53262 45.15094 14.53249 45.15095 14.53225 45.15092 14.53206 45.15081 14.53198 45.15076 14.53183 45.15058 14.53163 45.1505 14.53127 45.15041 14.53115 45.1504 14.53104 45.15029 14.53094 45.15023 14.53079 45.15025 14.53049 45.15036 14.53028 45.15048 14.52972 45.15053 14.52962 45.15056 14.52943 45.15058 14.52927 45.1506 14.52908 45.15061 14.52892 45.15062 14.52873 45.15062 14.52863 45.15071 14.52842 45.15085 14.52832 45.15092 14.52832 45.15103 14.52839 45.15112 14.52857 45.1513 14.52865 45.15195 14.52864 45.15211 14.52854 45.15227 14.52851 45.1524 14.52843 45.15251 14.52831 45.15262 14.52828 45.15283 14.52805 45.1529 14.52792 45.15299 14.52767 45.15299 14.52728 45.15297 14.52719 45.15295 14.52711 45.1529 14.52695 45.15259 14.52668 45.15257 14.52663 45.15243 14.52655 45.15234 14.52654 45.15226 14.52657 45.15222 14.52654 45.15222 14.52646 45.15218 14.52635 45.15212 14.5263 45.15194 14.52633 45.15155 14.52615 45.1514 14.52615 45.15131 14.52592 45.15127 14.5259 45.15122 14.52488 45.15125 14.52481 45.15123 14.52455 45.15125 14.5243 45.15132 14.52414 45.15132 14.52402 45.15141 14.52384 45.15144 14.52369 45.15144 14.52323 45.15139 14.52318 45.15128 14.52287 45.15115 14.52272 45.15115 14.52262 45.15103 14.52234 45.15074 14.52211 45.15065 14.52209 45.1505 14.52219 45.15041 14.52219 45.15034 14.52224 45.15023 14.52242 45.15018 14.52245 45.15021 14.524 45.15025 14.52581 45.15024 14.52584 45.15011 14.52678 45.1501 14.52688 45.14962 14.53172 45.14938 14.5347 45.14927 14.53915 45.14872 14.53964 45.14837 14.54037 45.14816 14.54111 45.1481 14.54192 45.14816 14.5427 45.14836 14.54351 45.14837 14.54388 45.14838 14.54421 45.14838 14.54425 45.14819 14.54485 45.14817 14.5449 45.14783 14.54538 45.14748 14.546 45.14751 14.54637 45.14785 14.54713 45.14967 14.5465 45.15123 14.54599 45.1527 14.54568 45.15462 14.54548 45.15672 14.54612 45.15799 14.54661 45.15833 14.5469 45.15877 14.54736 45.15923 14.54798 45.16057 14.55052 45.1608 14.5506 45.16167 14.54971 45.16225 14.54976 45.16318 14.5503 45.16456 14.55121 45.16517 14.55207 45.16605 14.55404 45.16679 14.55545 45.16731 14.55641 45.16708 14.55654 45.16638 14.5587 45.16602 14.56012 45.16593 14.56168 45.16598 14.56277 45.16621 14.56384 45.16655 14.5652 45.16672 14.56611 45.16675 14.56625 45.16667 14.56674 45.16663 14.56703 45.16616 14.56788 45.16604 14.56894 45.1656 14.57004 45.1648 14.57056 45.16395 14.57063 45.16308 14.57022 45.16248 14.5701 45.16133 14.57021 45.16098 14.57036 45.16008 14.57089 45.15951 14.57105 45.15794 14.57124 45.15673 14.57131 45.15464 14.57199 45.15407 14.57251 45.15334 14.5741 45.15333 14.57511 45.15318 14.5763 45.15324 14.57679 45.1534 14.57753 45.154 14.57937 45.15481 14.58097 45.1553 14.58159 45.15575 14.58224 45.15688 14.58271 45.15965 14.58335 45.16487 14.58473 45.16543 14.5847 45.16581 14.58475 45.16633 14.58467 45.16653 14.58476 45.16717 14.5844 45.16769 14.58399 45.16848 14.58248 45.16877 14.58179 45.16912 14.58053 45.16968 14.57875 45.17044 14.57724 45.17084 14.57692 45.17145 14.57623 45.17189 14.57557 45.17264 14.57595 45.17336 14.57624 45.17476 14.57736 45.17672 14.57925 45.17778 14.58044 45.17951 14.58266 45.18101 14.58408 45.181 14.58432 45.18094 14.58578 45.18088 14.58733 45.18025 14.59112 45.18031 14.59153 45.18073 14.59312 45.18162 14.59493 45.18225 14.59603 45.18251 14.59669 45.18262 14.59706 45.18263 14.59728 45.18264 14.59747 45.18265 14.59755 45.18261 14.59812 45.18244 14.5991 45.18223 14.59984 45.18217 14.60032 45.18217 14.60077 45.18228 14.6011 45.18252 14.60143 45.18301 14.60176 45.18393 14.60193 45.18454 14.60197 45.18485 14.60223 45.1852 14.60324 45.18647 14.60747 45.18667 14.60841 45.1871 14.6098 45.18756 14.61143 45.18761 14.61181 45.18767 14.61217 45.18766 14.61221 45.18765 14.61229 45.18756 14.61309 45.18756 14.6131 45.18756 14.61313 45.18755 14.61314 45.18751 14.61323 45.18747 14.61341 45.18742 14.61346 45.18738 14.61356 45.18747 14.61388 45.18747 14.6139 45.18726 14.61387 45.18724 14.61402 45.18744 14.61406 45.18746 14.6142 45.18739 14.61429 45.18721 14.61421 45.18717 14.61436 45.18731 14.61443 45.18726 14.6146 45.18731 14.61471 45.18742 14.6147 45.18746 14.61496 45.18741 14.61509 45.18744 14.61516 45.18755 14.61521 45.18757 14.61539 45.18761 14.61544 45.18786 14.61544 45.18798 14.61539 45.18804 14.61544 45.1882 14.61544 45.18831 14.61562 45.18845 14.61561 45.18854 14.61556 45.18861 14.61561 45.18876 14.61561 45.18883 14.61554 45.18887 14.61559 45.18882 14.6157 45.18887 14.61579 45.18892 14.61584 45.18914 14.61579 45.18923 14.61571 45.18932 14.61576 45.18932 14.61584 45.18928 14.61589 45.1893 14.61596 45.18941 14.61596 45.18948 14.61617 45.18966 14.61614 45.18982 14.61622 45.19 14.61621 45.19013 14.61609 45.19027 14.61601 45.19034 14.61591 45.19049 14.61577 45.19054 14.61578 45.19056 14.61603 45.19061 14.61605 45.19067 14.61601 45.19072 14.61606 45.19081 14.61606 45.19092 14.61595 45.191 14.6159 45.19104 14.61593 45.19106 14.61603 45.19115 14.61608 45.19119 14.61616 45.1913 14.61621 45.19142 14.61621 45.19153 14.61633 45.19164 14.61633 45.19178 14.61625 45.19178 14.61608 45.19191 14.61592 45.19232 14.61566 45.19254 14.61548 45.19263 14.61548 45.19297 14.61523 45.19306 14.6152 45.19317 14.61502 45.19347 14.61477 45.19352 14.61477 45.1936 14.61469 45.19365 14.61469 45.19374 14.61476 45.19388 14.61474 45.19399 14.61453 45.19406 14.61448 45.19419 14.61448 45.19433 14.61438 45.19449 14.61405 45.19476 14.61384 45.19479 14.61375 45.19476 14.61369 45.19473 14.61361 45.19474 14.61356 45.19485 14.61346 45.19492 14.61333 45.19523 14.61313 45.19528 14.61305 45.19528 14.61297 45.19534 14.61287 45.19544 14.61284 45.19564 14.61269 45.19598 14.61266 45.19618 14.61236 45.19643 14.61225 45.19649 14.61217 45.19656 14.61192 45.19666 14.61174 45.19673 14.6117 45.19685 14.61175 45.19692 14.61171 45.19694 14.61161 45.19693 14.61154 45.19686 14.61136 45.19697 14.61098 45.19706 14.61082 45.19713 14.61067 45.19724 14.61026 45.19722 14.61016 45.19713 14.61013 45.19698 14.61013 45.19662 14.61014 45.19646 14.61004 45.19641 14.61004 45.19637 14.61002 45.19636 14.60997 45.19635 14.60986 45.19642 14.60971 45.19764 14.60886 45.19773 14.60873 45.19784 14.60865 45.19793 14.60873 45.19809 14.60873 45.19849 14.60857 45.19867 14.60847 45.1987 14.60839 45.19881 14.60832 45.19892 14.60814 45.19904 14.60806 45.19919 14.60803 45.19939 14.60788 45.19967 14.60785 45.19985 14.60795 45.19991 14.60805 45.2 14.60805 45.2 14.60795 45.20009 14.60775 45.20048 14.60746 45.20055 14.60746 45.20072 14.60736 45.20088 14.60713 45.20113 14.60695 45.2012 14.60682 45.20129 14.60682 45.20151 14.60697 45.20165 14.60697 45.2017 14.6069 45.2017 14.60682 45.20178 14.60667 45.20196 14.60666 45.20199 14.60661 45.20204 14.6065 45.20215 14.6062 45.20226 14.60613 45.2024 14.60613 45.20269 14.60602 45.2028 14.60592 45.20285 14.60572 45.20309 14.60559 45.20325 14.60533 45.20326 14.60487 45.20337 14.60467 45.20346 14.60464 45.20353 14.60472 45.20361 14.6049 45.20367 14.60497 45.20375 14.60505 45.20386 14.60505 45.20393 14.605 45.20402 14.60487 45.20405 14.60472 45.20411 14.60464 45.2044 14.60446 45.20468 14.60435 45.20483 14.60425 45.20492 14.6041 45.2052 14.60397 45.20524 14.60389 45.20547 14.60376 45.20556 14.60358 45.20589 14.6034 45.20594 14.6032 45.20599 14.60312 45.20635 14.60294 45.20653 14.60274 45.20663 14.60267 45.20671 14.60261 45.20676 14.60253 45.20698 14.6021 45.20723 14.60194 45.20725 14.60174 45.20732 14.60159 45.2074 14.60156 45.2075 14.60163 45.20761 14.60158 45.20777 14.60133 45.20779 14.6012 45.20782 14.60115 45.20789 14.6011 45.20802 14.6011 45.20814 14.60087 45.20822 14.60082 45.20834 14.60082 45.20852 14.60069 45.20873 14.6006 45.20886 14.60043 45.20899 14.60035 45.20907 14.60017 45.20917 14.60005 45.20928 14.59997 45.20942 14.59997 45.20947 14.60002 45.20962 14.59999 45.20981 14.59961 45.20993 14.59948 45.20996 14.5994 45.21005 14.5993 45.21012 14.59915 45.21019 14.5991 45.21028 14.5991 45.21042 14.59917 45.21059 14.59917 45.21066 14.59897 45.21082 14.59884 45.2109 14.59871 45.21098 14.59863 45.21105 14.59845 45.21116 14.59842 45.21127 14.59847 45.21138 14.59845 45.21157 14.59825 45.21191 14.59814 45.212 14.59804 45.21209 14.59784 45.21224 14.59771 45.21231 14.59768 45.2124 14.59758 45.21263 14.59748 45.21272 14.59732 45.21297 14.59709 45.21322 14.59694 45.21328 14.59683 45.21364 14.59665 45.21371 14.59655 45.2138 14.5963 45.2138 14.59619 45.21385 14.59609 45.21414 14.59606 45.2143 14.59599 45.21455 14.59573 45.21461 14.59555 45.2148 14.59547 45.21509 14.59512 45.21525 14.59509 45.21527 14.59497 45.21525 14.59489 45.21529 14.59478 45.21536 14.59473 45.21565 14.59473 45.21583 14.59442 45.21597 14.59432 45.21608 14.59401 45.21617 14.59399 45.21622 14.59391 45.21625 14.59358 45.21633 14.5935 45.21651 14.59342 45.21658 14.5933 45.21663 14.59327 45.21683 14.59286 45.21706 14.59268 45.21715 14.59268 45.21724 14.5926 45.21738 14.59258 45.21742 14.59253 45.21744 14.5924 45.21762 14.59227 45.21771 14.59209 45.21781 14.59203 45.2179 14.59194 45.21807 14.59183 45.21814 14.59173 45.21832 14.5916 45.21833 14.59155 45.21848 14.59148 45.21855 14.5913 45.21869 14.59119 45.21877 14.59119 45.21889 14.59109 45.21909 14.59101 45.21916 14.59096 45.21925 14.59081 45.21961 14.5906 45.21979 14.59037 45.21986 14.59022 45.22008 14.59011 45.22011 14.59006 45.22011 14.58991 45.22016 14.58978 45.22016 14.58971 45.2202 14.5896 45.22027 14.58947 45.22032 14.5893 45.2204 14.58925 45.22067 14.58927 45.22079 14.58922 45.22099 14.58899 45.22115 14.58888 45.2212 14.58878 45.22156 14.58852 45.2216 14.58845 45.22167 14.5884 45.22175 14.5884 45.22186 14.58836 45.22212 14.58816 45.22225 14.58816 45.22243 14.58803 45.22253 14.58801 45.22277 14.58775 45.22298 14.58762 45.22305 14.58752 45.22314 14.58747 45.22322 14.58734 45.2233 14.58726 45.22338 14.58711 45.2235 14.58703 45.22356 14.58696 45.22364 14.58675 45.224 14.58647 45.22416 14.58621 45.22442 14.58603 45.2246 14.58583 45.22474 14.58562 45.22477 14.58547 45.22499 14.58521 45.22502 14.58509 45.22513 14.58493 45.22526 14.58486 45.22532 14.5849 45.22538 14.58498 45.22543 14.58501 45.22549 14.58498 45.22547 14.58478 45.22551 14.58468 45.22558 14.5846 45.22592 14.58444 45.22599 14.58444 45.22616 14.58421 45.22635 14.58406 45.22653 14.58398 45.22659 14.5839 45.22678 14.5838 45.227 14.58362 45.22705 14.58362 45.2273 14.58342 45.22754 14.58339 45.22761 14.58329 45.22788 14.58308 45.22835 14.58285 45.2284 14.58277 45.22876 14.58251 45.22899 14.58238 45.22957 14.58187 45.22982 14.58179 45.23003 14.58161 45.23012 14.58159 45.2303 14.58171 45.23063 14.58202 45.23077 14.58209 45.23081 14.58214 45.23088 14.58222 45.23106 14.58234 45.23142 14.58272 45.23164 14.58303 45.23173 14.58318 45.23198 14.58356 45.23201 14.58366 45.232 14.58379 45.23181 14.58427 45.23174 14.58466 45.23174 14.58494 45.23181 14.58518 45.23183 14.58532 45.23179 14.58542 45.23162 14.58557 45.23153 14.58567 45.23149 14.5858 45.2314 14.58591 45.23138 14.58598 45.23112 14.58637 45.23104 14.58655 45.2309 14.58678 45.23083 14.58697 45.23074 14.58713 45.23044 14.58758 45.23033 14.58784 45.23027 14.588 45.23023 14.58811 45.23013 14.58818 45.22999 14.58824 45.22979 14.58839 45.22964 14.58859 45.22948 14.58888 45.22939 14.58906 45.2292 14.58941 45.22914 14.58962 45.22914 14.58977 45.22909 14.59005 45.22897 14.59043 45.22892 14.59097 45.22879 14.59145 45.22874 14.59178 45.2287 14.59186 45.22866 14.59196 45.22854 14.59212 45.22813 14.59291 45.22793 14.59329 45.22784 14.59345 45.22774 14.5936 45.22765 14.59383 45.22756 14.59393 45.2275 14.59411 45.22736 14.59437 45.22725 14.59465 45.22724 14.595 45.2272 14.59511 45.2272 14.59549 45.22717 14.59569 45.2271 14.5959 45.22692 14.59615 45.22681 14.59646 45.22669 14.59707 45.22658 14.59743 45.22633 14.59802 45.2263 14.59814 45.22628 14.59825 45.22628 14.5985 45.22621 14.59876 45.22621 14.59898 45.22617 14.59909 45.22605 14.59927 45.22598 14.59944 45.22587 14.59947 45.22572 14.59958 45.22567 14.59978 45.22556 14.59993 45.22546 14.60001 45.22528 14.60044 45.22521 14.60065 45.22517 14.60083 45.22503 14.60136 45.22501 14.60172 45.22496 14.60202 45.22482 14.60251 45.22476 14.60302 45.22469 14.60332 45.22466 14.60345 45.22464 14.60362 45.22462 14.60386 45.22466 14.60396 45.22479 14.60394 45.22498 14.60365 45.22511 14.60337 45.22521 14.60317 45.22529 14.60299 45.22548 14.60273 45.22582 14.6025 45.22633 14.60237 45.22645 14.6024 45.22665 14.60229 45.22676 14.60193 45.22687 14.60178 45.22721 14.60147 45.22726 14.60137 45.22744 14.60124 45.22751 14.60114 45.22758 14.60089 45.22767 14.60076 45.22782 14.60068 45.22789 14.60058 45.22796 14.60025 45.22807 14.60009 45.22821 14.60001 45.22833 14.59984 45.22842 14.59975 45.2285 14.59963 45.22878 14.59942 45.22891 14.59922 45.22912 14.59912 45.22923 14.59886 45.2295 14.59868 45.22954 14.59863 45.22957 14.59835 45.22962 14.59817 45.22968 14.59812 45.22982 14.59781 45.22995 14.59774 45.23 14.59763 45.23014 14.59752 45.23022 14.59743 45.23041 14.59727 45.23056 14.59725 45.23075 14.59709 45.23101 14.59696 45.2312 14.59684 45.23135 14.59663 45.23186 14.59617 45.23206 14.59599 45.23237 14.59573 45.23253 14.59553 45.23269 14.59545 45.23284 14.59514 45.23305 14.59501 45.23316 14.59481 45.23339 14.59465 45.23355 14.5944 45.23366 14.59422 45.23391 14.59399 45.23409 14.59373 45.23438 14.59348 45.2345 14.5934 45.23474 14.59319 45.23499 14.59294 45.23524 14.59258 45.23538 14.59237 45.23551 14.59225 45.23558 14.59209 45.23651 14.59137 45.23674 14.59109 45.23687 14.59091 45.23701 14.59078 45.23728 14.5906 45.23746 14.59058 45.23759 14.59065 45.2377 14.59078 45.23793 14.59083 45.23802 14.59093 45.23826 14.59105 45.23836 14.59116 45.2386 14.59115 45.23869 14.59125 45.23883 14.5913 45.23887 14.59136 45.23892 14.59136 45.23896 14.5913 45.23899 14.59121 45.23903 14.59115 45.23903 14.59102 45.2389 14.59082 45.23884 14.59053 45.23898 14.59034 45.23891 14.59022 45.23874 14.59039 45.2386 14.59029 45.23851 14.59014 45.23822 14.58988 45.23811 14.58973 45.23796 14.5894 45.23787 14.5893 45.2378 14.5891 45.2378 14.58902 45.23791 14.58879 45.23812 14.58864 45.23828 14.58861 45.23841 14.58853 45.23855 14.58828 45.23877 14.5881 45.23893 14.58782 45.23902 14.58758 45.23911 14.58738 45.23912 14.58715 45.23927 14.58684 45.23932 14.58644 45.23937 14.58628 45.23953 14.58605 45.23955 14.58598 45.23955 14.58575 45.2396 14.58562 45.2396 14.58547 45.23968 14.58521 45.23966 14.58473 45.23971 14.58452 45.23982 14.58434 45.23989 14.58422 45.24001 14.58388 45.24008 14.58378 45.24019 14.58365 45.2403 14.58358 45.24048 14.58296 45.24057 14.58283 45.24073 14.58248 45.24092 14.5822 45.24101 14.58199 45.24101 14.58181 45.24107 14.58148 45.24123 14.58105 45.24122 14.58072 45.24139 14.58041 45.24142 14.57992 45.24162 14.57964 45.24169 14.57934 45.24174 14.57921 45.24181 14.57913 45.24181 14.57883 45.24179 14.57862 45.24176 14.57843 45.24174 14.57819 45.24159 14.57796 45.2416 14.57762 45.24148 14.5772 45.24134 14.57702 45.24096 14.577 45.2408 14.57691 45.24067 14.57692 45.24054 14.57695 45.24037 14.57696 45.24013 14.57706 45.23963 14.57716 45.2394 14.57726 45.23912 14.57742 45.23894 14.57742 45.23878 14.57729 45.23863 14.57729 45.23826 14.57735 45.23812 14.57741 45.23794 14.57748 45.23738 14.57789 45.23724 14.57807 45.23708 14.57812 45.23672 14.57812 45.23662 14.57809 45.23652 14.57813 45.23643 14.57825 45.23626 14.5785 45.23615 14.57867 45.23607 14.57884 45.23596 14.579 45.23582 14.57918 45.23573 14.57925 45.23546 14.57925 45.23526 14.57923 45.23513 14.57914 45.23486 14.57889 45.23501 14.57835 45.23489 14.5783 45.23474 14.5788 45.23466 14.57899 45.23458 14.57883 45.23454 14.57868 45.23436 14.57837 45.23425 14.57809 45.23421 14.57766 45.23428 14.57695 45.23444 14.57633 45.23467 14.57608 45.23478 14.57574 45.23487 14.57562 45.23494 14.57557 45.23521 14.57556 45.2353 14.57546 45.23539 14.57528 45.23553 14.57515 45.23568 14.57518 45.23572 14.5753 45.23578 14.57532 45.23584 14.57528 45.23588 14.57515 45.23595 14.5751 45.23604 14.5751 45.23607 14.57505 45.23607 14.57487 45.23602 14.57477 45.23609 14.57441 45.23607 14.57393 45.23614 14.57365 45.23616 14.57359 45.23649 14.57378 45.23654 14.57366 45.23621 14.57344 45.23619 14.57334 45.23637 14.57275 45.23642 14.57264 45.23678 14.57291 45.23683 14.57277 45.2365 14.57249 45.23666 14.57219 45.23684 14.57173 45.23703 14.57145 45.2371 14.57124 45.23726 14.57091 45.23735 14.57078 45.2375 14.57045 45.23764 14.5703 45.2378 14.57009 45.238 14.56979 45.23807 14.56961 45.2382 14.56948 45.2383 14.56927 45.23843 14.56881 45.23855 14.56856 45.23875 14.56828 45.23882 14.56817 45.23898 14.56794 45.23932 14.56751 45.23943 14.56743 45.23984 14.56684 45.23997 14.56674 45.24024 14.56633 45.24041 14.56615 45.24063 14.56584 45.24102 14.56551 45.24117 14.56533 45.24136 14.56517 45.24151 14.565 45.24163 14.56492 45.24169 14.56482 45.24181 14.56474 45.24188 14.56464 45.2421 14.56451 45.24224 14.56435 45.24233 14.56435 45.24255 14.56425 45.24267 14.56415 45.24285 14.56412 45.24293 14.56417 45.24298 14.56427 45.24307 14.56427 45.24325 14.56406 45.24345 14.56394 45.24345 14.56383 45.24348 14.56373 45.24355 14.56365 45.24366 14.56327 45.24368 14.56297 45.24362 14.56276 45.24362 14.56261 45.24377 14.5622 45.24376 14.56197 45.24382 14.56187 45.24385 14.56159 45.24391 14.56141 45.24389 14.561 45.24394 14.56082 45.24394 14.56057 45.24388 14.56034 45.24395 14.56003 45.24397 14.55975 45.24401 14.55968 45.24411 14.55881 45.24417 14.55871 45.24422 14.55843 45.24423 14.55818 45.24423 14.55799 45.24426 14.55786 45.24434 14.55766 45.24434 14.55748 45.24443 14.5572</gml:posList>
                        </gml:LinearRing>
                      </gml:exterior>
                    </gml:Polygon>
                  </gml:surfaceMember>
                  <gml:surfaceMember>
                    <gml:Polygon gml:id="MEDIA_MONITORED_CILJ_ID_1_POLUTANT_3_MODEL_152">
                      <gml:exterior>
                        <gml:LinearRing>
                          <gml:posList srsDimension="2">45.28632 14.58101 45.2867 14.58082 45.28702 14.58057 45.28749 14.5803 45.28793 14.58 45.28831 14.57972 45.28844 14.57954 45.28872 14.57916 45.28873 14.57914 45.28868 14.5784 45.28841 14.57797 45.28815 14.57762 45.28785 14.5772 45.28747 14.57704 45.28705 14.57694 45.28676 14.57642 45.28666 14.57583 45.2864 14.5753 45.28633 14.57522 45.28615 14.57501 45.28607 14.57511 45.28602 14.57526 45.28579 14.57631 45.28574 14.57656 45.28565 14.57695 45.28558 14.57713 45.28554 14.57736 45.28542 14.57771 45.2854 14.57784 45.28513 14.57853 45.28492 14.57892 45.28474 14.57904 45.28456 14.5791 45.28434 14.57915 45.28404 14.57915 45.28377 14.57923 45.28366 14.57931 45.28359 14.57944 45.28344 14.57954 45.28269 14.57995 45.28245 14.58013 45.28237 14.58024 45.28233 14.58034 45.28224 14.58047 45.28208 14.5807 45.28177 14.58098 45.2817 14.58103 45.2816 14.58108 45.28145 14.58108 45.28122 14.58114 45.28104 14.58125 45.28045 14.58121 45.28043 14.58132 45.28019 14.58125 45.27999 14.58117 45.28005 14.58102 45.28031 14.58105 45.28032 14.58091 45.27999 14.58088 45.27991 14.58111 45.27974 14.58095 45.2796 14.58077 45.27956 14.58063 45.27954 14.58039 45.27953 14.58018 45.27952 14.57998 45.27957 14.57969 45.27964 14.57937 45.27973 14.57921 45.2798 14.57888 45.27989 14.57847 45.27995 14.57802 45.27996 14.57768 45.27996 14.57719 45.28001 14.57691 45.28008 14.5762 45.28008 14.57592 45.28003 14.57561 45.27988 14.57528 45.27979 14.57518 45.27968 14.5749 45.27966 14.5747 45.27972 14.57416 45.27993 14.5734 45.28016 14.57301 45.28023 14.57283 45.28032 14.57276 45.28057 14.5724 45.28075 14.57189 45.28081 14.57178 45.28127 14.57096 45.28152 14.57025 45.28189 14.56933 45.282 14.56892 45.28202 14.56874 45.28207 14.56861 45.28223 14.56774 45.28228 14.56718 45.28235 14.56677 45.28235 14.5657 45.28229 14.56537 45.28216 14.56491 45.28191 14.56451 45.28153 14.56421 45.28135 14.56413 45.28124 14.56408 45.28099 14.56401 45.28067 14.56409 45.2804 14.56424 45.28022 14.56447 45.2802 14.56455 45.28 14.56485 45.27993 14.56506 45.27967 14.5657 45.27954 14.56585 45.27938 14.56596 45.27895 14.56609 45.27861 14.56617 45.27844 14.56619 45.27816 14.56619 45.2777 14.56587 45.27738 14.56556 45.27698 14.56501 45.27682 14.5647 45.27678 14.56447 45.27672 14.56429 45.27671 14.56381 45.27681 14.56317 45.27684 14.56294 45.27683 14.56264 45.2769 14.56238 45.2769 14.56215 45.27683 14.56208 45.27668 14.56208 45.27652 14.56218 45.27638 14.56241 45.27611 14.56282 45.27582 14.5633 45.27577 14.56341 45.27572 14.56349 45.27504 14.56454 45.27489 14.56487 45.2748 14.56525 45.27476 14.56551 45.27477 14.56579 45.27482 14.56607 45.27488 14.56632 45.27487 14.5666 45.27485 14.56688 45.2748 14.56708 45.27469 14.56721 45.27452 14.56704 45.27442 14.56719 45.27425 14.56701 45.27435 14.56682 45.27419 14.56668 45.27388 14.56732 45.27379 14.56749 45.27345 14.56807 45.27335 14.56805 45.2733 14.568 45.2733 14.56789 45.27337 14.56773 45.27337 14.56761 45.27336 14.56753 45.27328 14.56743 45.27322 14.56735 45.27299 14.56741 45.27282 14.56746 45.27261 14.56749 45.2724 14.56728 45.27164 14.56821 45.27136 14.56839 45.27117 14.56801 45.27119 14.56784 45.27103 14.56756 45.27109 14.56737 45.2712 14.56719 45.27141 14.56681 45.27157 14.56655 45.27168 14.56659 45.2719 14.56622 45.27214 14.56609 45.2724 14.56603 45.27268 14.5658 45.2728 14.56565 45.27291 14.56548 45.27304 14.56521 45.27313 14.56493 45.27324 14.56437 45.27329 14.56424 45.27346 14.5632 45.27347 14.56307 45.27352 14.56287 45.27352 14.56269 45.27361 14.56223 45.2736 14.56207 45.27362 14.5619 45.27362 14.56146 45.2736 14.56141 45.2734 14.56129 45.27333 14.56108 45.27337 14.5607 45.27345 14.56042 45.27345 14.56016 45.27325 14.55994 45.27311 14.55991 45.27297 14.55989 45.27278 14.55988 45.27267 14.55991 45.27257 14.55992 45.27234 14.56002 45.27221 14.56015 45.27212 14.56058 45.27203 14.56076 45.27191 14.56094 45.27176 14.56104 45.2716 14.56107 45.27126 14.561 45.27099 14.561 45.27087 14.56108 45.27079 14.5612 45.27079 14.56131 45.27092 14.56156 45.2709 14.56174 45.2708 14.56184 45.2706 14.56182 45.27049 14.56189 45.27045 14.56207 45.2704 14.56215 45.27007 14.56204 45.27029 14.56114 45.27022 14.56113 45.26999 14.56203 45.26991 14.56201 45.26984 14.56198 45.26947 14.56191 45.26908 14.56191 45.26871 14.56206 45.26857 14.56209 45.26787 14.56255 45.26774 14.5626 45.2676 14.5626 45.26727 14.56276 45.26704 14.56279 45.26689 14.56269 45.26679 14.56264 45.2667 14.56261 45.2665 14.56259 45.26583 14.56262 45.26578 14.56252 45.26572 14.56224 45.26563 14.56216 45.26552 14.56216 45.26536 14.56227 45.26524 14.5625 45.2652 14.5625 45.26506 14.56237 45.26495 14.56265 45.26513 14.56278 45.26513 14.56285 45.26508 14.5629 45.26495 14.56319 45.26485 14.56375 45.26481 14.56377 45.26476 14.56393 45.26461 14.56413 45.26456 14.56416 45.26442 14.56439 45.26431 14.56469 45.26423 14.56496 45.2642 14.56508 45.26411 14.56521 45.26354 14.56557 45.26341 14.56577 45.26336 14.5658 45.26322 14.566 45.26315 14.56618 45.26306 14.56628 45.26281 14.56692 45.26275 14.567 45.26266 14.56728 45.26259 14.56738 45.2625 14.56764 45.26241 14.56777 45.26207 14.56805 45.26193 14.56825 45.26184 14.56831 45.26164 14.56854 45.26128 14.56882 45.26091 14.56933 45.26075 14.56946 45.26062 14.56964 45.26056 14.56973 45.2605 14.56985 45.26046 14.56987 45.2603 14.57023 45.26025 14.57041 45.2601 14.57069 45.26 14.57082 45.25992 14.57097 45.25978 14.57118 45.25973 14.5712 45.25949 14.57153 45.25917 14.57187 45.25905 14.57195 45.25885 14.5722 45.25869 14.57259 45.25865 14.57279 45.25858 14.57289 45.25797 14.57328 45.25767 14.57359 45.25756 14.57377 45.2575 14.57379 45.25738 14.57397 45.25736 14.5742 45.2574 14.57428 45.25744 14.57472 45.25747 14.57496 45.25746 14.57504 45.25735 14.57504 45.25717 14.57494 45.25702 14.57492 45.25657 14.57492 45.2558 14.57508 45.25568 14.57512 45.25555 14.57516 45.2553 14.57531 45.25509 14.57538 45.25496 14.57543 45.25487 14.57549 45.25474 14.57555 45.25448 14.57567 45.2542 14.57586 45.2541 14.57588 45.25393 14.57606 45.25382 14.57616 45.25364 14.57639 45.25348 14.57652 45.25336 14.57652 45.25325 14.57642 45.25318 14.57632 45.25309 14.57622 45.25298 14.57608 45.25287 14.57594 45.25271 14.57572 45.25262 14.57557 45.25228 14.57508 45.25211 14.57488 45.252 14.57473 45.25187 14.57456 45.25166 14.57427 45.25149 14.57402 45.25086 14.57314 45.2507 14.57293 45.25052 14.57269 45.25043 14.5726 45.2503 14.57247 45.24992 14.57219 45.24988 14.57217 45.2496 14.5722 45.24944 14.57232 45.24927 14.57235 45.24915 14.57243 45.24884 14.57271 45.24863 14.57299 45.24857 14.57311 45.24854 14.57327 45.24843 14.57381 45.24847 14.57457 45.24847 14.57489 45.24848 14.57521 45.24848 14.57676 45.24841 14.57707 45.24839 14.57743 45.24848 14.5776 45.24848 14.57773 45.24852 14.57783 45.24856 14.57885 45.2486 14.57895 45.24862 14.57954 45.24865 14.57982 45.24893 14.58081 45.24895 14.58099 45.24922 14.5816 45.24927 14.58193 45.24933 14.58208 45.24933 14.58218 45.24938 14.58229 45.2494 14.58259 45.24937 14.58284 45.2493 14.58308 45.24924 14.5831 45.2492 14.5831 45.24893 14.58305 45.24863 14.58294 45.24816 14.5829 45.24814 14.58298 45.24802 14.58304 45.24787 14.58316 45.24773 14.58334 45.24754 14.58393 45.24752 14.58408 45.24741 14.58431 45.24734 14.58465 45.24718 14.58508 45.24696 14.58543 45.24682 14.5856 45.24666 14.58582 45.2466 14.58588 45.24655 14.586 45.24643 14.58626 45.24636 14.58636 45.24631 14.58653 45.24627 14.5867 45.24616 14.58692 45.24591 14.58725 45.24575 14.58746 45.24562 14.5876 45.24546 14.58784 45.24541 14.58787 45.24528 14.58805 45.24503 14.58861 45.24486 14.58885 45.24478 14.58899 45.24472 14.58917 45.24459 14.58963 45.24457 14.58984 45.24437 14.59042 45.24434 14.59068 45.24425 14.59091 45.24416 14.59162 45.24375 14.59295 45.24343 14.59364 45.2434 14.59379 45.24322 14.59423 45.24316 14.59438 45.24293 14.59505 45.24275 14.59538 45.24256 14.59569 45.24245 14.59581 45.24214 14.5963 45.24195 14.59651 45.2418 14.59663 45.24159 14.59684 45.24149 14.59692 45.24139 14.59704 45.24124 14.59718 45.24103 14.5974 45.2409 14.59754 45.24076 14.59769 45.24051 14.59787 45.2397 14.59823 45.23938 14.59836 45.23902 14.59846 45.2388 14.59857 45.23855 14.59867 45.23814 14.59905 45.23809 14.59918 45.23805 14.59941 45.23812 14.59969 45.23813 14.60007 45.23816 14.60043 45.2384 14.60101 45.23854 14.60124 45.23865 14.60155 45.2388 14.60165 45.23894 14.60193 45.23894 14.60208 45.23882 14.60213 45.23869 14.60203 45.23853 14.60198 45.23846 14.60193 45.23833 14.60193 45.23815 14.60181 45.23784 14.60173 45.23777 14.60165 45.23748 14.60155 45.23737 14.60151 45.23721 14.60155 45.23689 14.60164 45.23667 14.60187 45.23639 14.60263 45.23637 14.60289 45.23661 14.6036 45.23684 14.60388 45.23664 14.60389 45.23664 14.60405 45.23684 14.60401 45.23679 14.60413 45.23674 14.60429 45.23658 14.60459 45.23652 14.60492 45.23656 14.60513 45.23663 14.60531 45.23663 14.60553 45.23667 14.60561 45.23678 14.60566 45.2368 14.60581 45.23672 14.60592 45.23662 14.60594 45.23656 14.60607 45.23637 14.6061 45.236 14.60595 45.23552 14.60564 45.23494 14.6055 45.23471 14.60537 45.23458 14.60542 45.23454 14.60559 45.23458 14.60575 45.23467 14.60601 45.23467 14.60613 45.235 14.6071 45.23508 14.60721 45.23508 14.60733 45.23494 14.6073 45.23489 14.60747 45.23499 14.60762 45.23497 14.60771 45.23462 14.60795 45.23452 14.60802 45.23429 14.60835 45.23415 14.60823 45.2341 14.60836 45.23421 14.60848 45.23391 14.60879 45.23375 14.60909 45.23366 14.60932 45.23357 14.6095 45.23349 14.60964 45.23339 14.61005 45.23325 14.60994 45.23321 14.61007 45.23334 14.61017 45.23328 14.6103 45.23319 14.61044 45.23314 14.61068 45.23315 14.61072 45.23413 14.61219 45.23445 14.6126 45.23473 14.61295 45.23488 14.61312 45.2357 14.61415 45.23649 14.61519 45.2376 14.61602 45.23761 14.61697 45.23785 14.61756 45.23817 14.61767 45.23903 14.61841 45.23947 14.6182 45.23967 14.61859 45.23954 14.61927 45.24059 14.6207 45.24113 14.62159 45.24174 14.6225 45.24235 14.62337 45.24379 14.62568 45.24395 14.6259 45.2447 14.62706 45.24552 14.62802 45.24616 14.62881 45.24689 14.62971 45.24766 14.63026 45.24839 14.63038 45.24904 14.63067 45.24945 14.63093 45.24964 14.63105 45.25005 14.63138 45.25068 14.63231 45.25156 14.63304 45.25244 14.63404 45.25318 14.63479 45.25396 14.63584 45.2544 14.63636 45.25496 14.63661 45.25552 14.63764 45.25585 14.63794 45.2563 14.63835 45.25702 14.63792 45.25748 14.63703 45.25782 14.63616 45.25805 14.63569 45.25794 14.63467 45.25823 14.63384 45.25894 14.63173 45.25911 14.63067 45.25935 14.62941 45.25974 14.6276 45.25988 14.62637 45.26029 14.62447 45.26071 14.62275 45.26153 14.62054 45.26185 14.61954 45.26204 14.61898 45.26246 14.61789 45.26265 14.61737 45.26285 14.61677 45.26313 14.61609 45.26332 14.61563 45.26362 14.61529 45.26423 14.61525 45.26483 14.61502 45.26543 14.61471 45.26605 14.61436 45.26617 14.61429 45.26648 14.61412 45.26691 14.61403 45.26747 14.61383 45.26829 14.61287 45.26886 14.61213 45.26952 14.61142 45.26985 14.61105 45.27024 14.61026 45.27082 14.6092 45.2713 14.60816 45.27169 14.60743 45.27196 14.60706 45.27235 14.60613 45.27283 14.60495 45.27323 14.60416 45.27351 14.60336 45.27392 14.60265 45.27449 14.60187 45.27482 14.601 45.27485 14.60034 45.27487 14.59993 45.2751 14.59919 45.27532 14.59887 45.27544 14.59819 45.27544 14.59744 45.2755 14.59671 45.27581 14.59712 45.276 14.59741 45.27629 14.59741 45.27639 14.59699 45.27649 14.59666 45.2767 14.59631 45.27703 14.59599 45.27742 14.59585 45.27785 14.59564 45.27844 14.59544 45.2787 14.59458 45.27891 14.59395 45.27919 14.59316 45.27957 14.59234 45.27986 14.59158 45.2802 14.59112 45.28078 14.59041 45.28153 14.58958 45.2818 14.58905 45.28225 14.58865 45.28271 14.58822 45.28317 14.5878 45.28374 14.5871 45.28429 14.58648 45.28481 14.58561 45.2852 14.58496 45.28563 14.58392 45.28587 14.58379 45.28631 14.58335 45.28671 14.58288 45.28685 14.5825 45.28702 14.58202 45.28699 14.5819 45.28692 14.58167 45.28661 14.58141 45.2863 14.58138 45.28605 14.58125 45.28632 14.58101</gml:posList>
                        </gml:LinearRing>
                      </gml:exterior>
                    </gml:Polygon>
                  </gml:surfaceMember>
                  <gml:surfaceMember>
                    <gml:Polygon gml:id="MEDIA_MONITORED_CILJ_ID_1_POLUTANT_3_MODEL_153">
                      <gml:exterior>
                        <gml:LinearRing>
                          <gml:posList srsDimension="2">45.38044 14.62786 45.3832 14.62212 45.38648 14.62195 45.3915 14.6217 45.39399 14.62579 45.4158 14.62769 45.41695 14.62626 45.43126 14.62126 45.43038 14.62081 45.42105 14.61609 45.41167 14.61126 45.40232 14.60647 45.39465 14.60258 45.38672 14.59857 45.38472 14.59754 45.38353 14.59692 45.38313 14.59713 45.38247 14.59785 45.38186 14.59743 45.38157 14.59764 45.38112 14.59708 45.38069 14.59654 45.38009 14.59634 45.37945 14.59622 45.37841 14.59546 45.37812 14.59444 45.37755 14.59376 45.3767 14.59283 45.37631 14.59199 45.37601 14.59101 45.37585 14.59008 45.37616 14.5894 45.37609 14.58933 45.37597 14.58921 45.37594 14.58918 45.37549 14.58873 45.3751 14.58835 45.37453 14.58812 45.37368 14.5875 45.37328 14.58668 45.37287 14.58548 45.37246 14.58403 45.37257 14.58311 45.37277 14.58162 45.37281 14.58126 45.37282 14.58118 45.37204 14.58051 45.37194 14.57977 45.37109 14.57859 45.37087 14.5773 45.37011 14.57507 45.36852 14.57318 45.3676 14.57146 45.36705 14.57031 45.36524 14.56653 45.3639 14.5639 45.36351 14.56299 45.36266 14.56148 45.36242 14.56063 45.36152 14.55902 45.36089 14.55821 45.36026 14.55732 45.35963 14.55618 45.35898 14.55477 45.35852 14.55306 45.35876 14.55196 45.35939 14.55131 45.35958 14.55023 45.35962 14.54996 45.35966 14.5497 45.35962 14.54933 45.35956 14.5488 45.35888 14.54746 45.35869 14.54605 45.35947 14.54496 45.35963 14.54335 45.36 14.54178 45.36017 14.54079 45.36026 14.5405 45.36038 14.54012 45.36052 14.53969 45.36048 14.53948 45.36044 14.53924 45.36039 14.53889 45.36023 14.53792 45.36012 14.53677 45.36001 14.53574 45.35953 14.53444 45.35908 14.53304 45.35901 14.53246 45.35859 14.53126 45.35846 14.53032 45.35804 14.52912 45.35782 14.52824 45.35755 14.52755 45.3571 14.52692 45.35665 14.52641 45.35625 14.5258 45.3559 14.52517 45.35561 14.52457 45.3555 14.52419 45.35548 14.52345 45.35543 14.52272 45.35537 14.52183 45.35523 14.52117 45.35487 14.52063 45.35434 14.52031 45.35393 14.5199 45.35352 14.51965 45.35306 14.51931 45.35255 14.51842 45.3523 14.51815 45.35173 14.51741 45.35071 14.51644 45.35019 14.51589 45.34983 14.51547 45.34944 14.51485 45.34886 14.51424 45.3485 14.51376 45.34798 14.51309 45.34757 14.51264 45.3472 14.51191 45.34692 14.51084 45.34659 14.50963 45.3462 14.50872 45.34561 14.50727 45.34509 14.50596 45.34463 14.50496 45.34403 14.5038 45.34382 14.50429 45.34364 14.50452 45.34339 14.50456 45.34315 14.5044 45.34291 14.50411 45.34277 14.50385 45.3427 14.50333 45.34264 14.5029 45.34278 14.50253 45.34291 14.5024 45.34318 14.5021 45.3426 14.5005 45.34202 14.49909 45.34103 14.49689 45.34026 14.49533 45.33989 14.49408 45.3396 14.49321 45.3394 14.49265 45.33914 14.49201 45.3389 14.49151 45.33847 14.49088 45.33819 14.4905 45.33802 14.48992 45.33775 14.48935 45.33763 14.48892 45.33749 14.48863 45.3371 14.48834 45.33679 14.48803 45.33634 14.48749 45.33591 14.48698 45.33547 14.48641 45.33474 14.48525 45.33347 14.4867 45.33279 14.48757 45.33211 14.48847 45.33158 14.48965 45.33125 14.49063 45.33094 14.49139 45.33056 14.49215 45.33018 14.49288 45.33007 14.49308 45.32965 14.49389 45.32914 14.49467 45.32882 14.49533 45.32855 14.49589 45.32808 14.49712 45.32764 14.49805 45.32709 14.49887 45.32656 14.49968 45.32591 14.50091 45.32547 14.50171 45.32531 14.50214 45.3251 14.50272 45.32485 14.5037 45.32461 14.50436 45.32458 14.50442 45.32414 14.50496 45.32382 14.50546 45.32365 14.50612 45.32351 14.50678 45.32328 14.50712 45.32281 14.50747 45.32242 14.50783 45.32203 14.50856 45.32153 14.50952 45.32106 14.51043 45.32061 14.51118 45.32018 14.51204 45.31974 14.51291 45.31972 14.51294 45.31971 14.51296 45.31947 14.51334 45.31912 14.51457 45.31889 14.51569 45.31864 14.51675 45.31824 14.51808 45.31783 14.5191 45.31755 14.51989 45.31708 14.52058 45.31667 14.5209 45.31606 14.52124 45.31541 14.52164 45.31513 14.52185 45.31535 14.5227 45.31574 14.52373 45.31601 14.52426 45.31638 14.5254 45.31662 14.52615 45.3169 14.52747 45.31675 14.52756 45.31663 14.52764 45.31619 14.52833 45.3158 14.52886 45.31548 14.52927 45.3156 14.52971 45.31565 14.53004 45.31565 14.53027 45.31556 14.53053 45.31544 14.53066 45.31522 14.53072 45.31501 14.53067 45.31477 14.53059 45.31441 14.53042 45.31423 14.53058 45.31395 14.53133 45.31386 14.53234 45.31384 14.53247 45.31342 14.53221 45.31162 14.52982 45.31138 14.53 45.31072 14.52998 45.31046 14.52993 45.31017 14.52925 45.30995 14.52901 45.30973 14.52977 45.30944 14.52855 45.30909 14.52797 45.30884 14.52772 45.3074 14.52414 45.30706 14.52411 45.30628 14.524 45.30597 14.52393 45.30541 14.52397 45.30495 14.52391 45.30443 14.52391 45.30392 14.52422 45.30343 14.52497 45.30292 14.5257 45.3025 14.52631 45.30213 14.52684 45.30203 14.52699 45.30168 14.5279 45.3013 14.52859 45.30107 14.52918 45.30051 14.53019 45.30005 14.53091 45.29956 14.53201 45.29923 14.53268 45.29898 14.53346 45.29897 14.53393 45.29897 14.53457 45.29905 14.53517 45.29903 14.53527 45.29891 14.53564 45.2989 14.5357 45.29842 14.53624 45.29821 14.5366 45.29774 14.53702 45.2977 14.53705 45.29716 14.53769 45.29685 14.5384 45.29645 14.53928 45.2959 14.54042 45.29536 14.54144 45.29497 14.54239 45.29422 14.54384 45.29357 14.5449 45.29337 14.54531 45.29343 14.54539 45.29349 14.54546 45.29361 14.5456 45.29351 14.54581 45.2934 14.54605 45.29312 14.54637 45.2928 14.54683 45.2927 14.54709 45.2928 14.54727 45.29263 14.54763 45.29241 14.5481 45.29196 14.54847 45.29168 14.5485 45.29122 14.54864 45.29105 14.54871 45.29108 14.54891 45.291 14.54894 45.2908 14.549 45.29041 14.54917 45.29016 14.54928 45.29023 14.54949 45.29032 14.54964 45.29037 14.5498 45.29038 14.54985 45.29033 14.54994 45.29033 14.54995 45.29027 14.55004 45.29027 14.55005 45.29007 14.54999 45.28996 14.55014 45.28993 14.55018 45.28974 14.55031 45.28912 14.5509 45.28882 14.55131 45.28839 14.55186 45.28818 14.55271 45.28831 14.55371 45.28841 14.55436 45.28873 14.55539 45.28875 14.55545 45.2888 14.55528 45.28888 14.55523 45.28895 14.55523 45.28904 14.5552 45.28909 14.55515 45.28913 14.55505 45.28945 14.55481 45.28954 14.55476 45.2897 14.55476 45.29001 14.55458 45.29035 14.5543 45.29055 14.55422 45.29076 14.55406 45.29092 14.55388 45.29135 14.55358 45.29144 14.55365 45.29174 14.55348 45.29176 14.55371 45.29197 14.55366 45.29195 14.55343 45.29265 14.55313 45.29271 14.55312 45.29277 14.55335 45.29289 14.55332 45.29307 14.55318 45.29318 14.55329 45.29325 14.55315 45.29314 14.55304 45.29324 14.55285 45.29335 14.55295 45.29342 14.55282 45.29331 14.55272 45.29345 14.55247 45.29354 14.55257 45.29359 14.55246 45.2935 14.55237 45.29362 14.55215 45.29371 14.55223 45.29376 14.55213 45.29367 14.55204 45.29381 14.55179 45.2939 14.55186 45.29393 14.55179 45.29385 14.55171 45.29395 14.55152 45.29404 14.55158 45.29409 14.55148 45.29401 14.55141 45.29413 14.55119 45.2942 14.55126 45.29426 14.55114 45.29419 14.55108 45.29427 14.55093 45.29434 14.55098 45.29439 14.55087 45.29433 14.55082 45.29447 14.55055 45.29453 14.55059 45.29458 14.5505 45.29435 14.55025 45.29462 14.54966 45.29456 14.54962 45.29498 14.54884 45.29506 14.54868 45.29522 14.54819 45.29583 14.54717 45.29601 14.54668 45.29627 14.54617 45.29647 14.54591 45.29665 14.54588 45.29676 14.5457 45.29683 14.5455 45.29683 14.54542 45.29694 14.54519 45.29702 14.54484 45.29713 14.54471 45.29715 14.54463 45.29744 14.5443 45.29769 14.54417 45.29803 14.54406 45.29848 14.54371 45.29873 14.5438 45.29881 14.54349 45.2987 14.54344 45.29867 14.54362 45.29856 14.54357 45.29856 14.54331 45.29862 14.54305 45.29865 14.54265 45.29876 14.54255 45.2989 14.5425 45.29899 14.54237 45.29899 14.54212 45.29888 14.54191 45.29905 14.54168 45.29942 14.54142 45.29962 14.54135 45.29973 14.54135 45.29994 14.54139 45.30027 14.54165 45.30041 14.5417 45.30053 14.5419 45.30061 14.5418 45.30067 14.54172 45.30054 14.54154 45.30054 14.54149 45.30066 14.54134 45.30071 14.5412 45.30082 14.54136 45.30106 14.54106 45.30098 14.54093 45.30084 14.54111 45.3008 14.54102 45.30084 14.54093 45.30091 14.54065 45.30096 14.53988 45.30137 14.53914 45.30141 14.53891 45.30146 14.53881 45.30156 14.53839 45.30161 14.53828 45.30169 14.53819 45.30218 14.53781 45.30275 14.53716 45.30295 14.53701 45.30309 14.53688 45.30322 14.53674 45.30331 14.53696 45.30357 14.53689 45.30355 14.53676 45.30337 14.5368 45.30332 14.53665 45.30427 14.53669 45.30464 14.53694 45.30478 14.537 45.30492 14.53703 45.30519 14.537 45.30534 14.53696 45.3055 14.53684 45.30576 14.53644 45.30605 14.53602 45.3062 14.53614 45.30628 14.53599 45.30606 14.53582 45.30598 14.53591 45.30587 14.53579 45.306 14.5356 45.30626 14.5358 45.3063 14.53569 45.30622 14.53562 45.30629 14.53543 45.30638 14.5354 45.30662 14.53549 45.30681 14.53559 45.30704 14.53601 45.30709 14.53612 45.30712 14.53621 45.30715 14.53629 45.30678 14.5388 45.30666 14.53878 45.3065 14.53924 45.30659 14.53931 45.30634 14.54007 45.30621 14.54041 45.30604 14.54099 45.30591 14.54171 45.30576 14.54239 45.30571 14.54266 45.30542 14.54331 45.30494 14.54419 45.30499 14.54428 45.30467 14.54467 45.30439 14.54506 45.30433 14.54499 45.30406 14.54529 45.304 14.54522 45.30378 14.54545 45.30384 14.5456 45.30359 14.54588 45.3035 14.54577 45.30252 14.54677 45.30196 14.54737 45.30177 14.54758 45.30184 14.54783 45.30186 14.54793 45.30168 14.54809 45.30155 14.54817 45.30145 14.54829 45.30132 14.5486 45.3012 14.54891 45.30109 14.54921 45.30077 14.55021 45.30056 14.55077 45.30041 14.55106 45.29988 14.55259 45.29976 14.55292 45.29943 14.55372 45.29913 14.55487 45.29899 14.5554 45.29876 14.55612 45.29864 14.55655 45.29845 14.55695 45.29815 14.55778 45.29799 14.55814 45.29783 14.55862 45.29749 14.55937 45.2973 14.55965 45.2971 14.5598 45.29681 14.55983 45.29667 14.55993 45.29651 14.56022 45.29644 14.56045 45.29637 14.56057 45.29628 14.56085 45.29606 14.56114 45.29586 14.56129 45.2957 14.56152 45.29564 14.56171 45.29549 14.56193 45.29502 14.56234 45.29469 14.56264 45.29445 14.5628 45.29409 14.56319 45.29391 14.5634 45.29375 14.56358 45.29359 14.56376 45.29332 14.56409 45.29314 14.56432 45.29289 14.56477 45.2926 14.56552 45.2925 14.56575 45.29221 14.56619 45.29219 14.56622 45.2921 14.5665 45.29205 14.56701 45.29209 14.56754 45.29224 14.568 45.29231 14.56817 45.2924 14.56836 45.29242 14.5685 45.29242 14.56871 45.29226 14.56925 45.29192 14.56994 45.29172 14.57022 45.2914 14.57056 45.29023 14.57123 45.28969 14.57164 45.28941 14.57195 45.28849 14.57275 45.2884 14.5729 45.28797 14.57326 45.28785 14.57339 45.28772 14.57357 45.28761 14.5737 45.28747 14.57385 45.28727 14.57403 45.28695 14.57426 45.28666 14.57449 45.28645 14.5747 45.28625 14.57488 45.28615 14.57501 45.28633 14.57522 45.2864 14.5753 45.28666 14.57583 45.28676 14.57642 45.28705 14.57694 45.28747 14.57704 45.28785 14.5772 45.28815 14.57762 45.28841 14.57797 45.28868 14.5784 45.28873 14.57914 45.28872 14.57916 45.28844 14.57954 45.28831 14.57972 45.28793 14.58 45.28749 14.5803 45.28702 14.58057 45.2867 14.58082 45.28632 14.58101 45.28605 14.58125 45.2863 14.58138 45.28661 14.58141 45.28692 14.58167 45.28699 14.5819 45.28702 14.58202 45.28685 14.5825 45.28671 14.58288 45.28631 14.58335 45.28587 14.58379 45.28563 14.58392 45.2852 14.58496 45.28481 14.58561 45.28429 14.58648 45.28374 14.5871 45.28317 14.5878 45.28271 14.58822 45.28225 14.58865 45.2818 14.58905 45.28153 14.58958 45.28078 14.59041 45.2802 14.59112 45.27986 14.59158 45.27957 14.59234 45.27919 14.59316 45.27891 14.59395 45.2787 14.59458 45.27844 14.59544 45.27785 14.59564 45.27742 14.59585 45.27703 14.59599 45.2767 14.59631 45.27649 14.59666 45.27639 14.59699 45.27629 14.59741 45.276 14.59741 45.27581 14.59712 45.2755 14.59671 45.27544 14.59744 45.27544 14.59819 45.27532 14.59887 45.2751 14.59919 45.27487 14.59993 45.27485 14.60034 45.27482 14.601 45.27449 14.60187 45.27392 14.60265 45.27351 14.60336 45.27323 14.60416 45.27283 14.60495 45.27235 14.60613 45.27196 14.60706 45.27169 14.60743 45.2713 14.60816 45.27082 14.6092 45.27024 14.61026 45.26985 14.61105 45.26952 14.61142 45.26886 14.61213 45.26829 14.61287 45.26747 14.61383 45.26691 14.61403 45.26648 14.61412 45.26617 14.61429 45.26605 14.61436 45.26543 14.61471 45.26483 14.61502 45.26423 14.61525 45.26362 14.61529 45.26332 14.61563 45.26313 14.61609 45.26285 14.61677 45.26265 14.61737 45.26246 14.61789 45.26204 14.61898 45.26185 14.61954 45.26153 14.62054 45.26071 14.62275 45.26029 14.62447 45.25988 14.62637 45.25974 14.6276 45.25935 14.62941 45.25911 14.63067 45.25894 14.63173 45.25823 14.63384 45.25794 14.63467 45.25805 14.63569 45.25782 14.63616 45.25748 14.63703 45.25702 14.63792 45.2563 14.63835 45.25712 14.63923 45.25797 14.64007 45.25905 14.64092 45.25924 14.6411 45.25955 14.64142 45.26016 14.64203 45.26008 14.64315 45.26078 14.64428 45.26166 14.64503 45.26199 14.64554 45.26233 14.64603 45.2626 14.6465 45.26287 14.64694 45.26318 14.64749 45.2636 14.64793 45.26384 14.64806 45.26428 14.64863 45.26435 14.64875 45.26455 14.64909 45.26453 14.64964 45.26455 14.64988 45.2648 14.65022 45.26489 14.65067 45.26489 14.6512 45.26549 14.65182 45.26595 14.65239 45.2662 14.65312 45.26681 14.65402 45.26719 14.65548 45.26785 14.65687 45.26881 14.6602 45.26991 14.66017 45.27087 14.66044 45.27184 14.66054 45.27261 14.66076 45.27446 14.66125 45.27521 14.66154 45.27623 14.66203 45.27718 14.66236 45.27828 14.66257 45.27881 14.66306 45.27964 14.66393 45.28051 14.66423 45.28141 14.66454 45.28216 14.66521 45.28282 14.66578 45.28313 14.66645 45.28365 14.66743 45.28418 14.66827 45.28498 14.66878 45.28569 14.66912 45.28677 14.66983 45.28742 14.67068 45.28812 14.67179 45.28867 14.67279 45.28873 14.67371 45.28873 14.67373 45.28873 14.6738 45.28859 14.67407 45.28846 14.67431 45.28737 14.67599 45.28764 14.67671 45.28766 14.6768 45.28806 14.67738 45.28855 14.6782 45.28911 14.67901 45.28962 14.67971 45.29021 14.68066 45.29056 14.68118 45.29114 14.68165 45.29182 14.68237 45.29238 14.68426 45.29286 14.68465 45.29368 14.68484 45.29408 14.68508 45.29429 14.68519 45.29491 14.68568 45.29545 14.686 45.29605 14.68624 45.29645 14.68649 45.29715 14.68665 45.29754 14.6866 45.2979 14.68655 45.29862 14.68616 45.29927 14.68576 45.29972 14.68512 45.29996 14.68442 45.30033 14.68373 45.301 14.68295 45.30156 14.68256 45.302 14.68185 45.30242 14.68118 45.30297 14.68037 45.30346 14.67984 45.30365 14.67907 45.30389 14.67853 45.30408 14.67807 45.30414 14.67793 45.3042 14.67708 45.30441 14.67626 45.30478 14.67536 45.30525 14.67466 45.3058 14.67435 45.30638 14.67395 45.30676 14.67326 45.30709 14.67249 45.30741 14.67238 45.30796 14.67171 45.30853 14.67101 45.30877 14.66986 45.3092 14.6696 45.30932 14.66938 45.30954 14.66896 45.30897 14.66808 45.30894 14.66761 45.31091 14.66534 45.31224 14.66364 45.31365 14.66201 45.31443 14.66203 45.31485 14.66176 45.31527 14.66126 45.31582 14.66051 45.31632 14.65974 45.31696 14.65857 45.31731 14.65749 45.3178 14.65652 45.31843 14.65559 45.31911 14.65461 45.31956 14.65376 45.32016 14.65278 45.32075 14.65229 45.3214 14.65186 45.32207 14.65123 45.3224 14.65107 45.32296 14.6505 45.32353 14.65026 45.32446 14.64966 45.32523 14.64944 45.32582 14.64959 45.32628 14.64983 45.32693 14.65039 45.32815 14.65108 45.32955 14.65203 45.33085 14.65283 45.33164 14.65345 45.33252 14.65481 45.33317 14.65553 45.33393 14.65624 45.33465 14.65706 45.33524 14.65765 45.33588 14.65794 45.33646 14.65824 45.33735 14.65863 45.3384 14.65906 45.33931 14.65967 45.34009 14.66034 45.34088 14.66056 45.34181 14.66063 45.34265 14.66046 45.34398 14.66065 45.34723 14.66123 45.3503 14.66167 45.35093 14.66179 45.35122 14.66185 45.35239 14.66219 45.35375 14.66286 45.35465 14.66312 45.35544 14.66353 45.35675 14.66391 45.35829 14.66456 45.35945 14.66491 45.36071 14.6649 45.36152 14.66515 45.3628 14.66486 45.36349 14.66482 45.36424 14.66474 45.36515 14.66473 45.36582 14.6633 45.36606 14.66229 45.36649 14.661 45.36652 14.66095 45.36702 14.66011 45.36687 14.65918 45.36739 14.65766 45.36777 14.65685 45.37058 14.65451 45.37137 14.65009 45.37174 14.6495 45.37233 14.64894 45.37268 14.64846 45.37297 14.6478 45.37342 14.64706 45.37356 14.64657 45.37382 14.6459 45.37427 14.64546 45.37471 14.64506 45.37478 14.64484 45.3748 14.64478 45.37486 14.64458 45.3746 14.64416 45.37407 14.64345 45.37345 14.64288 45.37382 14.64164 45.37453 14.64158 45.37508 14.64126 45.37554 14.64067 45.37643 14.63945 45.37711 14.6383 45.37759 14.63696 45.37847 14.63423 45.37871 14.63255 45.37866 14.63128 45.38044 14.62786</gml:posList>
                        </gml:LinearRing>
                      </gml:exterior>
                    </gml:Polygon>
                  </gml:surfaceMember>
                  <gml:surfaceMember>
                    <gml:Polygon gml:id="MEDIA_MONITORED_CILJ_ID_1_POLUTANT_3_MODEL_154">
                      <gml:exterior>
                        <gml:LinearRing>
                          <gml:posList srsDimension="2">45.25671 14.56213 45.25671 14.56203 45.2567 14.5619 45.25667 14.56141 45.25659 14.56113 45.25652 14.56065 45.25643 14.56035 45.25641 14.56014 45.25615 14.55935 45.25593 14.55894 45.25583 14.55875 45.25568 14.55844 45.25543 14.55811 45.25537 14.55799 45.25514 14.55774 45.25478 14.5572 45.25452 14.55665 45.25438 14.55644 45.25428 14.55627 45.25416 14.55598 45.25393 14.55573 45.25355 14.5555 45.25337 14.55545 45.25313 14.55545 45.25285 14.55561 45.2527 14.55581 45.2526 14.55589 45.25236 14.55592 45.25227 14.55587 45.25222 14.55577 45.25204 14.55561 45.25189 14.55562 45.25157 14.55585 45.25148 14.55591 45.25141 14.55598 45.2513 14.55605 45.25121 14.55618 45.25117 14.55624 45.25112 14.55634 45.25107 14.55657 45.25093 14.55674 45.25082 14.55728 45.25062 14.55782 45.25059 14.55812 45.25059 14.55851 45.25054 14.55876 45.25048 14.55891 45.25029 14.55914 45.25011 14.55968 45.24995 14.56001 45.24985 14.56009 45.24981 14.56015 45.24972 14.56032 45.24968 14.56068 45.24936 14.56111 45.249 14.5614 45.24878 14.56178 45.24866 14.56181 45.24834 14.56204 45.24823 14.5621 45.24812 14.56219 45.24771 14.5625 45.24749 14.56278 45.24746 14.56291 45.24733 14.56296 45.24726 14.56307 45.24717 14.56312 45.24708 14.56327 45.24694 14.56337 45.24672 14.56366 45.24647 14.56386 45.2464 14.56399 45.24593 14.5643 45.24557 14.56486 45.24522 14.56517 45.24484 14.56563 45.24473 14.56599 45.24468 14.56642 45.24461 14.56663 45.24448 14.56678 45.24445 14.56688 45.24449 14.56704 45.24452 14.56706 45.24459 14.56739 45.24469 14.5676 45.2447 14.5678 45.24467 14.56803 45.24472 14.56828 45.2449 14.56841 45.24498 14.56869 45.24507 14.56874 45.24514 14.56887 45.24534 14.56899 45.24548 14.56899 45.24557 14.56894 45.24598 14.56832 45.24616 14.56817 45.24627 14.56802 45.24677 14.5676 45.24713 14.56722 45.24724 14.56712 45.24735 14.56701 45.24749 14.56689 45.2479 14.56658 45.24887 14.56609 45.24909 14.56608 45.24943 14.56604 45.24958 14.56597 45.24969 14.56591 45.24977 14.5658 45.24985 14.56573 45.25006 14.56572 45.25013 14.5658 45.25031 14.56585 45.25042 14.56592 45.25057 14.56612 45.25066 14.56616 45.25075 14.56617 45.25088 14.5661 45.25123 14.56607 45.25181 14.56627 45.2521 14.56644 45.25247 14.56654 45.25294 14.56682 45.25323 14.56712 45.25377 14.56717 45.25383 14.56722 45.25389 14.56725 45.25406 14.56727 45.25419 14.56722 45.25426 14.56711 45.25445 14.5665 45.25453 14.5664 45.25465 14.56632 45.25479 14.56612 45.25492 14.56586 45.25495 14.56568 45.25513 14.56522 45.25521 14.56513 45.25524 14.56504 45.25546 14.56468 45.25556 14.56446 45.25568 14.56423 45.25574 14.56412 45.25621 14.56342 45.25636 14.56322 45.25646 14.56305 45.25662 14.56264 45.25671 14.56233 45.25671 14.5622 45.25671 14.56213</gml:posList>
                        </gml:LinearRing>
                      </gml:exterior>
                    </gml:Polygon>
                  </gml:surfaceMember>
                  <gml:surfaceMember>
                    <gml:Polygon gml:id="MEDIA_MONITORED_CILJ_ID_1_POLUTANT_3_MODEL_155">
                      <gml:exterior>
                        <gml:LinearRing>
                          <gml:posList srsDimension="2">45.47047 14.32262 45.47298 14.31974 45.4772 14.31846 45.48297 14.3167 45.4802 14.30594 45.48129 14.30226 45.4813 14.30205 45.48137 14.30196 45.48165 14.30087 45.48191 14.29987 45.48487 14.29095 45.48845 14.28808 45.48981 14.28699 45.4903 14.2866 45.48995 14.28499 45.48947 14.2828 45.49039 14.28196 45.49036 14.28172 45.49033 14.28156 45.49023 14.28095 45.49031 14.28087 45.49038 14.28082 45.49034 14.28056 45.49044 14.28025 45.49044 14.28001 45.49045 14.27988 45.4903 14.27905 45.49017 14.27893 45.48965 14.27792 45.4896 14.27791 45.48951 14.27787 45.48941 14.27771 45.48928 14.27749 45.48927 14.27735 45.48917 14.2768 45.4892 14.27671 45.4893 14.27644 45.48929 14.27629 45.48925 14.27625 45.48923 14.27622 45.48923 14.27617 45.48924 14.276 45.48906 14.27579 45.48901 14.2757 45.48881 14.27537 45.48873 14.27533 45.4886 14.27526 45.4886 14.27519 45.48842 14.27506 45.48844 14.275 45.48836 14.27483 45.48833 14.27483 45.48817 14.27485 45.48805 14.27481 45.48788 14.27482 45.48761 14.27454 45.4876 14.27454 45.48734 14.27443 45.48714 14.27428 45.48689 14.27421 45.48687 14.27431 45.48661 14.27384 45.48658 14.27386 45.48656 14.27381 45.48654 14.27375 45.48614 14.27339 45.48591 14.27292 45.48559 14.2709 45.48334 14.26888 45.48323 14.26893 45.48302 14.26874 45.48301 14.2687 45.48299 14.26862 45.48223 14.26796 45.48227 14.26764 45.48229 14.26744 45.48225 14.26743 45.48225 14.26738 45.48226 14.26724 45.48229 14.26723 45.48232 14.26723 45.48251 14.26578 45.48266 14.26457 45.48334 14.26419 45.48353 14.26441 45.48379 14.2642 45.48386 14.26419 45.48392 14.26417 45.484 14.26408 45.48403 14.26394 45.48406 14.2637 45.48408 14.26347 45.4842 14.26315 45.48424 14.26303 45.48431 14.26302 45.4845 14.26272 45.48468 14.26267 45.48483 14.26277 45.48495 14.26285 45.48504 14.26305 45.48504 14.26313 45.48503 14.26324 45.48628 14.26255 45.487 14.26214 45.48863 14.26041 45.48994 14.25902 45.48991 14.25887 45.48998 14.25864 45.49 14.25857 45.49011 14.25865 45.49021 14.25871 45.49035 14.25857 45.4909 14.25801 45.49082 14.25784 45.49074 14.25767 45.49079 14.25758 45.49095 14.25754 45.49123 14.25729 45.49146 14.25662 45.49154 14.25661 45.49161 14.25674 45.49169 14.25691 45.49177 14.25694 45.49185 14.25697 45.49315 14.2561 45.49485 14.25497 45.495 14.25465 45.49542 14.25415 45.49557 14.25397 45.49564 14.2539 45.49589 14.25361 45.49614 14.25304 45.49662 14.25252 45.49688 14.25186 45.497 14.2513 45.49719 14.25006 45.4973 14.2496 45.49757 14.24968 45.49902 14.24938 45.49928 14.24919 45.49975 14.24882 45.49993 14.24867 45.50002 14.24859 45.50048 14.24819 45.50118 14.24777 45.50119 14.24768 45.50119 14.24757 45.50189 14.24699 45.50206 14.24675 45.50219 14.2467 45.50226 14.24668 45.50233 14.24657 45.50252 14.24625 45.50291 14.24611 45.50316 14.24606 45.50336 14.24611 45.50357 14.24648 45.50359 14.24644 45.5036 14.24641 45.50362 14.24637 45.50342 14.24602 45.50329 14.24597 45.5031 14.24591 45.50336 14.24569 45.50341 14.24554 45.50477 14.24512 45.50529 14.24496 45.50525 14.24479 45.50518 14.24443 45.50518 14.24382 45.50518 14.24345 45.50518 14.24317 45.50518 14.24313 45.50494 14.24139 45.50581 14.23741 45.5056 14.23493 45.50516 14.23262 45.50477 14.23061 45.50139 14.22338 45.50119 14.22333 45.50001 14.22304 45.49655 14.22216 45.49638 14.22204 45.49341 14.22006 45.49272 14.2178 45.49215 14.21592 45.49217 14.21536 45.49221 14.21455 45.49258 14.21429 45.492 14.21392 45.49157 14.21365 45.49143 14.2136 45.49093 14.21341 45.49028 14.21278 45.48991 14.21243 45.48965 14.21248 45.48936 14.21235 45.48887 14.21211 45.4885 14.21241 45.48901 14.21065 45.48813 14.21011 45.4842 14.20766 45.4821 14.20635 45.47978 14.20924 45.47853 14.20662 45.46923 14.20765 45.47013 14.20432 45.47066 14.20236 45.47189 14.19786 45.47205 14.19737 45.47218 14.19701 45.47221 14.19688 45.47224 14.19674 45.47243 14.19622 45.47257 14.19584 45.47261 14.19569 45.47271 14.19538 45.47277 14.1951 45.47282 14.19483 45.47288 14.19469 45.47294 14.19454 45.47301 14.19427 45.47324 14.19377 45.4733 14.1935 45.47351 14.19309 45.47389 14.19235 45.47414 14.19181 45.47425 14.19118 45.47465 14.19003 45.47476 14.18977 45.47476 14.18963 45.47476 14.18959 45.4748 14.18922 45.47483 14.18904 45.47483 14.18858 45.47485 14.18843 45.4749 14.18809 45.47491 14.18804 45.47488 14.18772 45.47489 14.18743 45.47491 14.18698 45.47499 14.18665 45.47504 14.18646 45.47509 14.18636 45.47514 14.18628 45.47541 14.18593 45.47567 14.18559 45.47626 14.18474 45.47665 14.18395 45.4769 14.18359 45.47707 14.18335 45.47733 14.18258 45.4774 14.18235 45.47755 14.18187 45.47778 14.18104 45.47782 14.18082 45.47789 14.18042 45.47798 14.18011 45.47807 14.17982 45.47812 14.1795 45.47824 14.17879 45.47872 14.17728 45.47953 14.17311 45.47972 14.17038 45.47988 14.16822 45.4798 14.16803 45.47978 14.16798 45.47979 14.16742 45.47975 14.16731 45.47965 14.16733 45.47959 14.16737 45.47967 14.16719 45.47967 14.16696 45.47982 14.16667 45.47987 14.16657 45.47993 14.16641 45.47983 14.16627 45.47977 14.16618 45.47977 14.16538 45.47981 14.16503 45.47981 14.165 45.47987 14.16482 45.47992 14.1647 45.47991 14.16443 45.47979 14.16417 45.47978 14.16402 45.47976 14.16386 45.47981 14.16375 45.47984 14.16369 45.48007 14.16307 45.4801 14.16283 45.48013 14.16258 45.48015 14.16253 45.4802 14.1624 45.48021 14.1623 45.48021 14.1622 45.48038 14.16192 45.4804 14.16162 45.48049 14.16142 45.48054 14.16126 45.48057 14.16116 45.48057 14.16096 45.48056 14.16081 45.48059 14.16067 45.48061 14.16057 45.48057 14.16025 45.48048 14.15994 45.48038 14.15972 45.48078 14.15644 45.48107 14.15406 45.48066 14.1519 45.48039 14.15052 45.47817 14.14743 45.47536 14.14353 45.47527 14.13681 45.47538 14.13671 45.47543 14.13666 45.47564 14.13384 45.47742 14.12812 45.47958 14.12211 45.48111 14.11792 45.48227 14.11115 45.48239 14.10907 45.48099 14.10938 45.48009 14.10958 45.47765 14.11013 45.47437 14.11277 45.4708 14.11453 45.469 14.11342 45.46499 14.11093 45.45955 14.1079 45.45077 14.11965 45.44332 14.12076 45.43271 14.13344 45.43167 14.13555 45.42603 14.14618 45.42454 14.14901 45.41932 14.15905 45.41821 14.16155 45.41592 14.16509 45.41502 14.16791 45.41367 14.17497 45.41188 14.18135 45.41119 14.18397 45.41072 14.18648 45.41027 14.18826 45.41027 14.18828 45.41026 14.18831 45.40879 14.1923 45.40706 14.19753 45.40596 14.20103 45.40506 14.20329 45.4043 14.20536 45.4031 14.20587 45.4017 14.2062 45.40128 14.20621 45.39585 14.19548 45.39312 14.18987 45.393 14.18963 45.39208 14.18875 45.39187 14.1902 45.39166 14.1917 45.39154 14.19325 45.39075 14.20201 45.39061 14.20536 45.39063 14.20614 45.39039 14.20639 45.39025 14.20652 45.39013 14.20664 45.38983 14.20694 45.38919 14.2075 45.38869 14.20807 45.38727 14.20908 45.38625 14.20969 45.38525 14.21041 45.38428 14.21118 45.38359 14.21183 45.383 14.21207 45.38268 14.21215 45.38166 14.21421 45.38064 14.21585 45.37992 14.21692 45.37935 14.21784 45.37914 14.21861 45.37817 14.21997 45.37788 14.22067 45.37717 14.22203 45.37693 14.22256 45.37688 14.22366 45.37693 14.22498 45.37693 14.22545 45.37693 14.22571 45.37687 14.22652 45.37696 14.22862 45.37696 14.22939 45.37704 14.22985 45.37707 14.23005 45.37707 14.23012 45.37707 14.23054 45.37678 14.23116 45.37636 14.23286 45.37577 14.23475 45.37507 14.2366 45.37443 14.23801 45.37358 14.24015 45.37317 14.24164 45.37227 14.24531 45.37164 14.24712 45.37128 14.24798 45.37083 14.24879 45.37033 14.25033 45.36938 14.25241 45.36918 14.25329 45.36899 14.25443 45.3677 14.25753 45.36762 14.25788 45.36714 14.2593 45.36669 14.26082 45.36611 14.2626 45.36455 14.26686 45.36432 14.26742 45.36417 14.26766 45.36393 14.26826 45.36311 14.27079 45.36265 14.27194 45.36171 14.27473 45.36137 14.27546 45.36098 14.27644 45.36016 14.27792 45.35994 14.27844 45.35976 14.27869 45.35929 14.27918 45.35886 14.27971 45.3585 14.28048 45.3577 14.28143 45.35707 14.28163 45.35605 14.2818 45.35454 14.28254 45.35412 14.28283 45.35386 14.2829 45.35238 14.28291 45.3519 14.28263 45.35121 14.28234 45.35072 14.2822 45.34984 14.282 45.34887 14.28157 45.34851 14.28207 45.347 14.28462 45.34616 14.28581 45.34539 14.28667 45.34469 14.28773 45.34356 14.28895 45.34256 14.28956 45.34157 14.28986 45.34113 14.29009 45.34091 14.2902 45.34015 14.29076 45.33989 14.29103 45.33958 14.29134 45.33952 14.29154 45.33919 14.29191 45.33888 14.29292 45.33869 14.29414 45.33846 14.29496 45.33829 14.29637 45.33825 14.29666 45.33827 14.29667 45.33925 14.29765 45.34016 14.29816 45.34056 14.29827 45.34189 14.29941 45.34308 14.30027 45.34493 14.30206 45.34621 14.30338 45.34683 14.3038 45.34798 14.30426 45.34801 14.30428 45.34878 14.30472 45.3489 14.30479 45.34962 14.30495 45.34983 14.305 45.35001 14.30491 45.35006 14.30478 45.35021 14.30445 45.35047 14.3041 45.3509 14.30405 45.3511 14.30402 45.35113 14.30402 45.35123 14.30386 45.35131 14.30374 45.35147 14.30304 45.35165 14.30299 45.35181 14.30318 45.35191 14.30388 45.35212 14.30462 45.35229 14.30488 45.35325 14.30537 45.35341 14.30542 45.35367 14.30525 45.35396 14.30507 45.3543 14.30512 45.35444 14.3053 45.35413 14.3059 45.35411 14.30674 45.35415 14.30705 45.35425 14.30723 45.35465 14.30758 45.3551 14.30784 45.35554 14.30803 45.35596 14.30829 45.35641 14.30855 45.35688 14.30899 45.35723 14.30929 45.35759 14.30963 45.35794 14.30949 45.35794 14.30953 45.35792 14.30965 45.35778 14.31093 45.35773 14.31158 45.35666 14.31195 45.35665 14.31213 45.35666 14.31251 45.35673 14.31304 45.35676 14.31322 45.35682 14.31363 45.35675 14.31362 45.3567 14.31361 45.35678 14.3141 45.35694 14.31452 45.3572 14.31481 45.35748 14.31498 45.35771 14.31536 45.3588 14.31714 45.35832 14.31775 45.35779 14.31832 45.35759 14.31837 45.35733 14.31856 45.35727 14.31862 45.35713 14.31877 45.35704 14.31903 45.35699 14.31918 45.35648 14.31999 45.3567 14.32046 45.3569 14.32078 45.35699 14.32084 45.35717 14.32097 45.35719 14.32103 45.35726 14.32128 45.35735 14.32149 45.35746 14.32174 45.35758 14.32219 45.35763 14.32237 45.35794 14.32281 45.35892 14.32336 45.35906 14.32337 45.35918 14.32352 45.35915 14.32384 45.35898 14.32386 45.35867 14.32413 45.35857 14.32438 45.35868 14.32485 45.35881 14.32526 45.35909 14.32549 45.35936 14.32552 45.35963 14.32543 45.35996 14.32542 45.36019 14.32581 45.36031 14.32638 45.36054 14.32676 45.36071 14.32706 45.36071 14.32706 45.36037 14.32816 45.3602 14.32872 45.36024 14.32909 45.36024 14.3291 45.36021 14.32918 45.36013 14.32944 45.35993 14.3295 45.35896 14.32858 45.35861 14.32867 45.35844 14.32925 45.35827 14.3301 45.35814 14.33132 45.35792 14.33224 45.35786 14.33247 45.35714 14.33467 45.35681 14.33546 45.35661 14.33575 45.35694 14.33622 45.35718 14.33658 45.3574 14.33659 45.35801 14.33644 45.35815 14.33643 45.35895 14.33714 45.35996 14.33802 45.36018 14.3376 45.36106 14.33755 45.36163 14.33752 45.36248 14.33755 45.36325 14.33741 45.36383 14.33766 45.36422 14.33791 45.36441 14.33813 45.36476 14.33798 45.36487 14.3375 45.36503 14.33765 45.36528 14.33804 45.36529 14.33807 45.36542 14.33851 45.36544 14.33859 45.36525 14.33935 45.36546 14.34026 45.36566 14.34097 45.36592 14.34219 45.36625 14.34276 45.36648 14.34292 45.36678 14.34395 45.36718 14.34392 45.36724 14.34414 45.36731 14.3442 45.36743 14.3443 45.3677 14.34454 45.36779 14.34434 45.3679 14.3441 45.36786 14.34394 45.36786 14.34392 45.36785 14.34389 45.36775 14.34387 45.36762 14.34383 45.3675 14.34382 45.36746 14.34382 45.36754 14.34299 45.36775 14.34274 45.36776 14.34271 45.36779 14.34217 45.36768 14.34187 45.36792 14.341 45.36798 14.34045 45.36813 14.33923 45.36829 14.33835 45.36842 14.3375 45.36839 14.33729 45.36837 14.33722 45.36836 14.3371 45.36835 14.33705 45.36813 14.33587 45.36819 14.33524 45.36828 14.33475 45.36792 14.33373 45.36799 14.33322 45.3683 14.3329 45.36844 14.33252 45.36853 14.33227 45.36846 14.33185 45.36874 14.33142 45.36887 14.33121 45.36883 14.33096 45.36878 14.33066 45.36853 14.33005 45.36851 14.32947 45.36839 14.32903 45.36847 14.32839 45.36853 14.32785 45.36857 14.32748 45.36892 14.32763 45.36921 14.32764 45.36964 14.32753 45.36994 14.32748 45.37006 14.32654 45.36907 14.32527 45.36906 14.32525 45.36928 14.32508 45.36964 14.32479 45.37013 14.32448 45.37094 14.32472 45.37187 14.32498 45.37199 14.32564 45.37216 14.32573 45.37259 14.32594 45.37328 14.32587 45.37375 14.32598 45.37424 14.32597 45.37457 14.32617 45.3753 14.32652 45.37532 14.32654 45.37566 14.32686 45.37614 14.32729 45.37667 14.32723 45.37699 14.3272 45.37739 14.3279 45.3776 14.32886 45.37841 14.33003 45.37885 14.33073 45.37929 14.33127 45.37979 14.33126 45.38023 14.33149 45.38049 14.33204 45.38088 14.33188 45.38161 14.33352 45.3822 14.33503 45.38293 14.337 45.38325 14.33719 45.38367 14.33745 45.38399 14.33791 45.38444 14.33875 45.38454 14.33895 45.38524 14.3394 45.38608 14.3384 45.38675 14.33761 45.38753 14.33701 45.38762 14.33625 45.38855 14.33612 45.38952 14.3357 45.39005 14.3352 45.39078 14.33479 45.39144 14.33466 45.39187 14.33382 45.39197 14.3336 45.39274 14.33394 45.39336 14.33375 45.39418 14.33326 45.39512 14.3323 45.39581 14.33226 45.39668 14.33134 45.39744 14.32985 45.39846 14.3294 45.39904 14.32896 45.39972 14.32859 45.39974 14.32815 45.39975 14.32784 45.39944 14.32706 45.3993 14.32668 45.39883 14.32539 45.39873 14.32406 45.39866 14.32324 45.3979 14.32185 45.39752 14.32079 45.3983 14.32032 45.39897 14.32057 45.39975 14.32034 45.40027 14.3202 45.40115 14.31855 45.40199 14.31795 45.4026 14.31752 45.40284 14.31734 45.40395 14.31666 45.4045 14.31631 45.40516 14.31597 45.40575 14.31558 45.40584 14.31552 45.40661 14.31539 45.40676 14.31537 45.40745 14.31466 45.40801 14.31423 45.40899 14.31377 45.40953 14.31391 45.41054 14.31411 45.41091 14.31433 45.4112 14.31449 45.41187 14.31492 45.41258 14.31547 45.41285 14.3158 45.41286 14.31581 45.41332 14.31636 45.41275 14.31707 45.41247 14.31741 45.41289 14.31821 45.41358 14.31859 45.41409 14.31921 45.41492 14.31989 45.4162 14.3197 45.41707 14.31957 45.41728 14.3188 45.4183 14.3178 45.41887 14.3173 45.41944 14.31661 45.41996 14.3155 45.42052 14.31486 45.42126 14.31471 45.42225 14.31357 45.42243 14.31271 45.42273 14.31188 45.4232 14.31107 45.42378 14.31056 45.42401 14.30968 45.42438 14.3089 45.42454 14.30857 45.42449 14.30748 45.42461 14.30617 45.42552 14.30379 45.42791 14.30655 45.42933 14.308 45.43066 14.30916 45.43278 14.31085 45.43359 14.31154 45.43438 14.31222 45.43418 14.3132 45.43408 14.31367 45.43383 14.31521 45.43344 14.31765 45.43089 14.32075 45.43077 14.32129 45.43098 14.32137 45.43117 14.32145 45.43375 14.32248 45.43697 14.32314 45.43838 14.32319 45.43971 14.32334 45.44157 14.32352 45.443 14.32362 45.44397 14.32387 45.44467 14.32384 45.44553 14.32394 45.44628 14.32404 45.44699 14.32402 45.44773 14.3246 45.44783 14.32544 45.44851 14.32541 45.44937 14.32539 45.45002 14.32554 45.45078 14.32602 45.45153 14.32651 45.45236 14.32686 45.45339 14.32729 45.45493 14.32767 45.45511 14.32739 45.45583 14.32788 45.45728 14.32909 45.4585 14.33029 45.45866 14.33047 45.45873 14.33063 45.45874 14.33074 45.45874 14.33081 45.45874 14.33083 45.4587 14.33107 45.45866 14.33126 45.45849 14.33168 45.45839 14.33189 45.45834 14.332 45.45852 14.33241 45.45878 14.33289 45.45926 14.33254 45.45938 14.3329 45.45943 14.33307 45.46106 14.33305 45.4617 14.3326 45.46273 14.33199 45.46384 14.33125 45.46478 14.33065 45.46568 14.33001 45.46713 14.32884 45.46793 14.32763 45.46854 14.32673 45.4691 14.32543 45.4696 14.32393 45.47047 14.32262</gml:posList>
                        </gml:LinearRing>
                      </gml:exterior>
                    </gml:Polygon>
                  </gml:surfaceMember>
                </gml:MultiSurface>
              </sams:shape>
            </id2:AQD_ModelArea>
          </ns1:featureOfInterest>
          <ns1:observedProperty xlink:href="http://dd.eionet.europa.eu/vocabulary/aq/pollutant/10"/>
        </ns1:ObservingCapability>
      </ns1:observingCapability>
      <ns1:organisationLevel xlink:href=""/>
      <id2:environmentalObjective>
        <id2:EnvironmentalObjective>
          <id2:objectiveType xlink:href="http://dd.eionet.europa.eu/vocabulary/aq/objectivetype/LV"/>
          <id2:reportingMetric xlink:href="http://dd.eionet.europa.eu/vocabulary/aq/reportingmetric/hrsAbove"/>
          <id2:protectionTarget xlink:href="http://dd.eionet.europa.eu/vocabulary/aq/protectiontarget/H"/>
        </id2:EnvironmentalObjective>
      </id2:environmentalObjective>
      <id2:assessmentType xlink:href="http://dd.eionet.europa.eu/vocabulary/aq/assessmenttype/model"/>
      <id2:zone xlink:href=""/>
    </id2:AQD_Model>
  </gml:featureMember>
  <gml:featureMember>
    <id2:AQD_Model gml:id="MEDIA_MONITORED_CILJ_ID_1_CILJ_ID_5_POLUTANT_1_1">
      <gml:description>Testna objektivna procjena</gml:description>
      <ns1:inspireId>
        <ns:Identifier>
          <ns:localId>MEDIA_MONITORED_CILJ_ID_1_CILJ_ID_5_POLUTANT_1_LOCAL</ns:localId>
          <ns:namespace>aqd.azo.hr</ns:namespace>
          <ns:versionId>1.0</ns:versionId>
        </ns:Identifier>
      </ns1:inspireId>
      <ns1:name/>
      <ns1:mediaMonitored xlink:href=""/>
      <ns1:observingCapability>
        <ns1:ObservingCapability gml:id="MEDIA_MONITORED_CILJ_ID_1_CILJ_ID_5_POLUTANT_1_MODEL_OBJECTIVE_ESTIMATION_1">
          <ns1:observingTime>
            <gml:TimePeriod gml:id="MEDIA_MONITORED_CILJ_ID_1_CILJ_ID_5_POLUTANT_1_MODEL_TIMEPERIOD_1">
              <gml:beginPosition>2001-01-01</gml:beginPosition>
              <gml:endPosition/>
            </gml:TimePeriod>
          </ns1:observingTime>
          <ns1:processType xlink:href="http://inspire.ec.europa.eu/codeList/ProcessTypeValue/process"/>
          <ns1:resultNature xlink:href="http://inspire.ec.europa.eu/codeList/ResultNatureValue/primary"/>
          <ns1:procedure xlink:href="MEDIA_MONITORED_CILJ_ID_1_CILJ_ID_5_POLUTANT_1_1"/>
          <ns1:featureOfInterest>
            <id2:AQD_ModelArea gml:id="MEDIA_MONITORED_CILJ_ID_1_CILJ_ID_5_POLUTANT_1_MODEL_MODEL_GEOMETRY_ID_3">
              <gml:name>MODEL</gml:name>
              <sam:sampledFeature xsi:nil="true" nilReason="inapplicable"/>
              <sams:shape>
                <gml:MultiSurface gml:id="MEDIA_MONITORED_CILJ_ID_1_CILJ_ID_5_POLUTANT_1_MODEL_MODEL_GEOMETRY_MULTISURFICE_ID_4" srsName="urn:ogc:def:crs:EPSG::4258">
                  <gml:surfaceMember>
                    <gml:Polygon gml:id="MEDIA_MONITORED_CILJ_ID_1_CILJ_ID_5_POLUTANT_1_MODEL_156">
                      <gml:exterior>
                        <gml:LinearRing>
                          <gml:posList srsDimension="2">45.58539 18.61786 45.58664 18.61571 45.58681 18.61543 45.58698 18.61528 45.58721 18.61509 45.58771 18.61474 45.58851 18.61417 45.5893 18.61361 45.59001 18.61311 45.59204 18.61155 45.59234 18.61128 45.59365 18.6101 45.59419 18.60905 45.59439 18.60886 45.59542 18.60789 45.59558 18.60726 45.59569 18.60687 45.5957 18.60682 45.59414 18.60544 45.59226 18.60452 45.59076 18.60391 45.58962 18.60345 45.58892 18.60316 45.58775 18.6027 45.58746 18.60258 45.58697 18.60211 45.58685 18.60199 45.58641 18.60115 45.58626 18.59965 45.58618 18.59884 45.58571 18.59385 45.58578 18.59285 45.58578 18.59266 45.58579 18.59181 45.5858 18.58926 45.58579 18.58884 45.58577 18.58801 45.58584 18.58693 45.58574 18.5861 45.58551 18.58526 45.58545 18.58516 45.58527 18.58486 45.58503 18.58471 45.58496 18.58467 45.58494 18.58464 45.58466 18.58426 45.58493 18.58378 45.58525 18.58354 45.58535 18.58341 45.58565 18.58301 45.58585 18.58292 45.58618 18.58277 45.58752 18.58249 45.58801 18.5819 45.58845 18.58156 45.58956 18.58114 45.58973 18.58114 45.58994 18.58114 45.59066 18.5807 45.59102 18.58044 45.59159 18.58003 45.59205 18.57979 45.59215 18.57974 45.5927 18.5794 45.59347 18.57909 45.59411 18.57883 45.59508 18.57777 45.59535 18.57747 45.59555 18.57716 45.59588 18.57664 45.5962 18.57602 45.59643 18.57556 45.59487 18.57307 45.5937 18.57121 45.59268 18.56958 45.59317 18.56881 45.59046 18.56474 45.58514 18.55676 45.58453 18.56207 45.58445 18.56279 45.57831 18.56156 45.57465 18.56083 45.56585 18.55887 45.56497 18.5585 45.56495 18.55849 45.56493 18.55848 45.56479 18.55825 45.56469 18.55808 45.56438 18.5571 45.56241 18.55869 45.55963 18.56091 45.55852 18.5615 45.55789 18.56074 45.55724 18.5616 45.55704 18.56093 45.55692 18.56051 45.55433 18.56206 45.55218 18.56093 45.55196 18.56092 45.55138 18.56089 45.55049 18.56193 45.55062 18.5629 45.55015 18.5636 45.55085 18.56582 45.5527 18.57173 45.54941 18.57377 45.54742 18.57477 45.54551 18.57529 45.54508 18.57544 45.54451 18.57564 45.54469 18.57872 45.54642 18.57905 45.54843 18.58 45.54927 18.58088 45.54992 18.58237 45.55018 18.58548 45.54981 18.58579 45.54872 18.58668 45.54822 18.58649 45.54775 18.5863 45.54666 18.58463 45.5452 18.58875 45.54299 18.59494 45.54291 18.59528 45.54278 18.59584 45.54248 18.59621 45.54227 18.59648 45.54181 18.59665 45.5409 18.59715 45.53766 18.59837 45.53786 18.59924 45.5384 18.60149 45.53841 18.60161 45.53867 18.60404 45.53877 18.60489 45.5374 18.60555 45.537 18.60574 45.53588 18.61017 45.53585 18.61401 45.53585 18.61404 45.5356 18.6192 45.53372 18.62005 45.53371 18.61972 45.5337 18.6195 45.53256 18.62001 45.53126 18.62061 45.53103 18.62071 45.53096 18.62073 45.52928 18.62145 45.52877 18.61984 45.52855 18.61915 45.52625 18.61982 45.52327 18.62103 45.52052 18.62178 45.51997 18.61974 45.51771 18.62061 45.51493 18.62156 45.51149 18.62244 45.50962 18.62126 45.50963 18.62126 45.50974 18.62149 45.50996 18.62335 45.51015 18.625 45.51034 18.62605 45.51038 18.62628 45.51044 18.62661 45.51051 18.62695 45.51063 18.62764 45.51014 18.63128 45.51031 18.63273 45.51125 18.64089 45.51138 18.64168 45.51151 18.64252 45.51073 18.64426 45.51324 18.65414 45.51609 18.66533 45.5151 18.66604 45.51407 18.66678 45.51476 18.66852 45.51564 18.67076 45.51608 18.67148 45.51664 18.67241 45.51698 18.67412 45.51702 18.67437 45.51783 18.67728 45.51791 18.67789 45.51809 18.6794 45.51811 18.6797 45.51813 18.68005 45.51728 18.67966 45.51621 18.67918 45.51681 18.68098 45.51747 18.68298 45.51767 18.68394 45.51784 18.68478 45.51783 18.68574 45.51783 18.68626 45.51782 18.68665 45.51775 18.68811 45.5177 18.68932 45.51768 18.69015 45.51767 18.69062 45.51766 18.69132 45.51764 18.69222 45.51839 18.69242 45.51896 18.69258 45.52008 18.69468 45.52083 18.69644 45.52115 18.69742 45.52113 18.69763 45.52113 18.69765 45.52111 18.6979 45.52092 18.69813 45.52036 18.69879 45.51878 18.70114 45.51844 18.70165 45.5167 18.70383 45.51586 18.70385 45.51531 18.70387 45.51435 18.704 45.51414 18.70416 45.51378 18.70444 45.51358 18.70465 45.51315 18.70511 45.5128 18.70568 45.51247 18.70623 45.50948 18.7096 45.50862 18.71049 45.50652 18.71267 45.50458 18.71484 45.50128 18.71853 45.50079 18.719 45.50015 18.71961 45.49931 18.72043 45.494 18.72563 45.48846 18.71552 45.48642 18.71757 45.48701 18.71881 45.48721 18.71923 45.48697 18.71947 45.48671 18.71973 45.48214 18.72437 45.48127 18.72294 45.47551 18.72883 45.47562 18.72908 45.47608 18.73014 45.47582 18.73039 45.47536 18.73084 45.47428 18.73189 45.47378 18.73239 45.47328 18.73136 45.47322 18.73123 45.46447 18.74058 45.4594 18.746 45.45985 18.747 45.46046 18.74836 45.45901 18.74977 45.45823 18.75052 45.4577 18.75104 45.45543 18.75323 45.45518 18.75284 45.45421 18.75127 45.45055 18.75543 45.44466 18.76109 45.44515 18.76642 45.44536 18.76866 45.44597 18.77728 45.4466 18.7862 45.45504 18.79344 45.4558 18.7941 45.4566 18.79479 45.45756 18.79552 45.45828 18.79612 45.45911 18.79682 45.46015 18.79763 45.46049 18.79793 45.4613 18.79865 45.46191 18.79948 45.46283 18.80072 45.46426 18.80251 45.45812 18.81576 45.45809 18.81583 45.45779 18.81647 45.46336 18.8274 45.46464 18.82992 45.46531 18.83093 45.46593 18.83187 45.46641 18.83239 45.46789 18.83404 45.46878 18.83503 45.46805 18.83618 45.46402 18.84249 45.4649 18.84254 45.46614 18.84347 45.46714 18.84515 45.46962 18.84742 45.4706 18.84845 45.47081 18.84897 45.47108 18.8496 45.47346 18.85081 45.47559 18.8519 45.47729 18.85068 45.47821 18.85004 45.47837 18.84992 45.47893 18.84952 45.47889 18.84883 45.47955 18.84865 45.48162 18.84809 45.47875 18.83134 45.48232 18.82707 45.48146 18.82566 45.48205 18.82479 45.4821 18.82471 45.4827 18.824 45.48271 18.824 45.48331 18.8233 45.48409 18.82239 45.4902 18.81532 45.49391 18.81104 45.4954 18.80927 45.498 18.80618 45.49866 18.8054 45.50015 18.80393 45.5007 18.80334 45.50269 18.80122 45.50489 18.79835 45.50498 18.79996 45.50504 18.80094 45.5064 18.80179 45.50832 18.80299 45.50922 18.8074 45.50983 18.81035 45.51351 18.81759 45.51392 18.81846 45.51406 18.81896 45.51421 18.81951 45.51568 18.82588 45.51672 18.82994 45.51749 18.834 45.51761 18.83465 45.51847 18.83879 45.51902 18.84005 45.51905 18.84012 45.5191 18.8402 45.51909 18.84022 45.51645 18.84821 45.51705 18.84835 45.52024 18.84906 45.52001 18.85172 45.51987 18.85325 45.52455 18.85807 45.53043 18.86461 45.53382 18.86001 45.53393 18.86024 45.53395 18.86028 45.53425 18.8605 45.53512 18.86115 45.53602 18.8621 45.53673 18.86285 45.53807 18.86327 45.53899 18.8634 45.53931 18.86345 45.54149 18.86306 45.54351 18.862 45.54473 18.8613 45.54636 18.86037 45.54801 18.85988 45.5502 18.85916 45.55126 18.85884 45.55198 18.85867 45.55221 18.85861 45.55178 18.85589 45.55155 18.8538 45.55137 18.8525 45.55119 18.85117 45.55085 18.84873 45.55074 18.84785 45.55047 18.84578 45.55016 18.84323 45.54984 18.84102 45.54965 18.83901 45.55252 18.83902 45.55379 18.83903 45.55521 18.83821 45.5587 18.83532 45.55837 18.83481 45.5583 18.8347 45.5582 18.83456 45.55815 18.83447 45.55738 18.83356 45.55643 18.8325 45.55619 18.83227 45.55544 18.83154 45.55463 18.8307 45.55405 18.83009 45.55359 18.82945 45.5524 18.82776 45.55121 18.82594 45.55035 18.82463 45.54978 18.82346 45.54972 18.82255 45.54971 18.82236 45.54994 18.82126 45.55041 18.81864 45.5509 18.81596 45.55113 18.81403 45.55127 18.81317 45.55133 18.81281 45.55133 18.81224 45.55134 18.81166 45.55119 18.81044 45.55106 18.80892 45.55074 18.80703 45.55064 18.80656 45.55031 18.80503 45.54948 18.80165 45.54902 18.80012 45.54855 18.79838 45.54786 18.79637 45.54711 18.7943 45.54594 18.7905 45.54587 18.79015 45.54541 18.78808 45.54448 18.78329 45.54421 18.78138 45.54413 18.78081 45.54382 18.77812 45.54304 18.77311 45.54275 18.77165 45.54263 18.77068 45.54258 18.77033 45.5425 18.76896 45.54252 18.76837 45.54253 18.76801 45.54258 18.76758 45.54268 18.76691 45.54305 18.76576 45.54325 18.76522 45.54354 18.76445 45.54567 18.76138 45.54694 18.75972 45.54827 18.75821 45.54898 18.75753 45.55368 18.75439 45.55502 18.75341 45.55533 18.75315 45.55691 18.75176 45.55787 18.7507 45.55796 18.75061 45.55831 18.7499 45.55964 18.74727 45.56031 18.74554 45.56149 18.74178 45.56189 18.74031 45.56216 18.73931 45.56241 18.73805 45.56255 18.73731 45.56304 18.7348 45.56426 18.73497 45.56524 18.73533 45.56588 18.73557 45.56816 18.73729 45.56837 18.73688 45.56874 18.73617 45.56891 18.73586 45.56947 18.73479 45.56947 18.7347 45.56953 18.73283 45.5696 18.73062 45.56947 18.72914 45.56936 18.72794 45.56941 18.72594 45.57373 18.72717 45.57486 18.72749 45.57589 18.72225 45.5757 18.72216 45.57501 18.72187 45.57484 18.72091 45.57447 18.71891 45.57418 18.71582 45.57399 18.71381 45.574 18.71351 45.57414 18.70771 45.57414 18.70766 45.57414 18.70758 45.57404 18.70333 45.57418 18.7023 45.57425 18.70186 45.5743 18.70155 45.5745 18.70021 45.575 18.69824 45.57506 18.69794 45.5753 18.69774 45.57542 18.69774 45.57557 18.69773 45.57617 18.69794 45.57674 18.69813 45.57741 18.69838 45.57816 18.69865 45.57939 18.6991 45.57982 18.69926 45.57951 18.69873 45.57919 18.69818 45.57872 18.69737 45.57883 18.69732 45.57894 18.69726 45.57974 18.69684 45.57868 18.69538 45.57843 18.69503 45.57707 18.69296 45.57697 18.69278 45.57678 18.69243 45.57657 18.69133 45.57664 18.69029 45.57665 18.69017 45.57676 18.6897 45.57743 18.68897 45.57903 18.68683 45.57937 18.68647 45.58051 18.68527 45.58037 18.68515 45.58032 18.68511 45.57987 18.68471 45.57887 18.68383 45.5781 18.68257 45.57799 18.68226 45.5769 18.67918 45.5761 18.67644 45.57557 18.67375 45.57542 18.67279 45.57481 18.66906 45.57475 18.66859 45.57473 18.66845 45.57446 18.66658 45.57602 18.66576 45.5762 18.66449 45.57647 18.66162 45.57651 18.6609 45.57653 18.66058 45.57661 18.65929 45.57659 18.65919 45.57658 18.65916 45.57656 18.65904 45.57653 18.65893 45.57612 18.65678 45.57558 18.65419 45.57526 18.65264 45.57512 18.65243 45.57451 18.65155 45.57313 18.65028 45.57321 18.64932 45.57324 18.649 45.57327 18.64867 45.57417 18.64563 45.57459 18.64389 45.57481 18.64295 45.57578 18.64072 45.57622 18.63974 45.57752 18.63617 45.57856 18.63333 45.57876 18.63277 45.57916 18.63144 45.57965 18.62979 45.58098 18.62653 45.58322 18.62191 45.58504 18.61851 45.58539 18.61786</gml:posList>
                        </gml:LinearRing>
                      </gml:exterior>
                    </gml:Polygon>
                  </gml:surfaceMember>
                  <gml:surfaceMember>
                    <gml:Polygon gml:id="MEDIA_MONITORED_CILJ_ID_1_CILJ_ID_5_POLUTANT_1_MODEL_157">
                      <gml:exterior>
                        <gml:LinearRing>
                          <gml:posList srsDimension="2">43.53632 16.44603 43.53633 16.44595 43.53635 16.44583 43.53636 16.44577 43.53636 16.44567 43.53636 16.44564 43.5363 16.44553 43.53628 16.44549 43.53625 16.44546 43.53625 16.44541 43.53627 16.44531 43.53631 16.44525 43.53634 16.4452 43.53636 16.44515 43.53636 16.44511 43.53633 16.44507 43.53628 16.44505 43.53627 16.44505 43.53623 16.44507 43.53618 16.44506 43.53617 16.44503 43.53616 16.44501 43.53615 16.44496 43.53608 16.44494 43.53605 16.44497 43.53603 16.44501 43.53601 16.4451 43.53596 16.44522 43.53592 16.44531 43.53586 16.44545 43.53581 16.44556 43.53577 16.44563 43.53575 16.44572 43.53572 16.44586 43.53571 16.44596 43.5357 16.44609 43.53571 16.44619 43.53571 16.44634 43.53573 16.44645 43.53575 16.44652 43.53577 16.44661 43.53582 16.44672 43.5359 16.44682 43.53596 16.44688 43.53602 16.44691 43.53607 16.44694 43.5361 16.44695 43.53616 16.44693 43.5362 16.44691 43.53624 16.44685 43.53627 16.44669 43.53627 16.44659 43.53629 16.44624 43.53631 16.44614 43.53631 16.44606 43.53632 16.44603</gml:posList>
                        </gml:LinearRing>
                      </gml:exterior>
                    </gml:Polygon>
                  </gml:surfaceMember>
                  <gml:surfaceMember>
                    <gml:Polygon gml:id="MEDIA_MONITORED_CILJ_ID_1_CILJ_ID_5_POLUTANT_1_MODEL_158">
                      <gml:exterior>
                        <gml:LinearRing>
                          <gml:posList srsDimension="2">43.5241 16.27317 43.52423 16.27303 43.52422 16.27295 43.52411 16.27273 43.52411 16.27255 43.52415 16.27241 43.52418 16.27197 43.5242 16.27185 43.52419 16.27134 43.52413 16.2709 43.52411 16.27066 43.52404 16.27038 43.52387 16.2703 43.52368 16.27027 43.52361 16.2703 43.52359 16.27033 43.52356 16.27033 43.52352 16.27028 43.52349 16.27019 43.52348 16.27005 43.52346 16.27 43.52338 16.26998 43.52328 16.27 43.52322 16.27004 43.52318 16.27012 43.52317 16.27023 43.52316 16.27038 43.52322 16.27054 43.5233 16.27071 43.52333 16.27081 43.52339 16.2709 43.52343 16.27102 43.52344 16.2712 43.52335 16.27143 43.52333 16.27153 43.52332 16.27164 43.52334 16.27178 43.5234 16.27192 43.52366 16.27231 43.52398 16.27303 43.52405 16.27314 43.5241 16.27317</gml:posList>
                        </gml:LinearRing>
                      </gml:exterior>
                    </gml:Polygon>
                  </gml:surfaceMember>
                  <gml:surfaceMember>
                    <gml:Polygon gml:id="MEDIA_MONITORED_CILJ_ID_1_CILJ_ID_5_POLUTANT_1_MODEL_159">
                      <gml:exterior>
                        <gml:LinearRing>
                          <gml:posList srsDimension="2">43.53223 16.62762 43.53593 16.61962 43.53767 16.61631 43.5403 16.61131 43.54111 16.6062 43.54171 16.60247 43.54347 16.59755 43.54423 16.59546 43.54561 16.5916 43.54567 16.59138 43.55182 16.56993 43.54666 16.55449 43.54665 16.55448 43.53908 16.54702 43.53779 16.54575 43.53381 16.54183 43.52571 16.53386 43.52554 16.53369 43.52528 16.53343 43.52418 16.53231 43.5238 16.53233 43.52227 16.5324 43.5212 16.53209 43.52076 16.53196 43.52034 16.53138 43.52031 16.53073 43.52082 16.52759 43.52085 16.52737 43.52087 16.52717 43.52108 16.52521 43.52124 16.52365 43.52161 16.5209 43.52245 16.51679 43.52222 16.51677 43.52275 16.51441 43.52311 16.51282 43.52404 16.51043 43.52548 16.50914 43.52566 16.50823 43.52586 16.50814 43.52599 16.50812 43.52641 16.50805 43.52654 16.50788 43.52693 16.50737 43.52783 16.50512 43.52803 16.50462 43.5281 16.50444 43.52815 16.5043 43.52854 16.50169 43.52869 16.50063 43.5287 16.50055 43.52877 16.50005 43.52885 16.4986 43.52892 16.49734 43.52914 16.49595 43.52925 16.49528 43.52927 16.49517 43.52928 16.49343 43.52929 16.48958 43.52929 16.48867 43.5293 16.48409 43.52931 16.48405 43.52931 16.48403 43.52931 16.48388 43.52932 16.48332 43.52932 16.48297 43.52933 16.48279 43.52934 16.48203 43.52755 16.47447 43.52755 16.47446 43.52753 16.47424 43.52753 16.47418 43.52752 16.47414 43.5275 16.4741 43.52746 16.47403 43.52744 16.47398 43.52742 16.47395 43.52742 16.47391 43.52744 16.47388 43.52753 16.47378 43.52759 16.47376 43.52762 16.47374 43.52766 16.47367 43.52767 16.47356 43.52767 16.47353 43.52766 16.47351 43.52762 16.47346 43.52757 16.47339 43.52753 16.47332 43.5275 16.4732 43.52752 16.47295 43.52754 16.4728 43.52756 16.47262 43.52758 16.47246 43.52761 16.47216 43.52764 16.47185 43.52769 16.4715 43.52773 16.47116 43.52775 16.47097 43.52776 16.47084 43.52777 16.4707 43.52788 16.4707 43.52789 16.4705 43.5278 16.4705 43.52783 16.47027 43.52784 16.47007 43.52786 16.46994 43.5279 16.46971 43.52792 16.46958 43.52795 16.46919 43.52799 16.4689 43.528 16.46883 43.52806 16.46885 43.52809 16.46865 43.52802 16.46863 43.52806 16.46829 43.52809 16.46799 43.52815 16.46746 43.52821 16.46701 43.52829 16.46625 43.52831 16.46603 43.52841 16.46517 43.52843 16.46504 43.52848 16.46467 43.52847 16.4646 43.5284 16.46437 43.52829 16.46405 43.52799 16.46315 43.52795 16.46303 43.52793 16.46297 43.52787 16.46292 43.52774 16.46276 43.52768 16.46269 43.52766 16.46267 43.52761 16.4626 43.52759 16.46249 43.52759 16.4623 43.52758 16.46222 43.52748 16.46193 43.5274 16.46173 43.52734 16.46158 43.5273 16.4615 43.52728 16.4614 43.52725 16.46132 43.5272 16.4612 43.52716 16.4611 43.52714 16.46102 43.52713 16.46088 43.52714 16.46086 43.52717 16.46081 43.52725 16.46074 43.52736 16.46073 43.52743 16.46071 43.52749 16.46064 43.52752 16.46055 43.52756 16.46043 43.52758 16.4604 43.52768 16.46038 43.52773 16.46037 43.52777 16.46031 43.52777 16.46023 43.5278 16.46006 43.52783 16.45989 43.52785 16.45977 43.52789 16.45971 43.52795 16.45964 43.52798 16.45961 43.52803 16.45954 43.52806 16.4595 43.52806 16.45943 43.52807 16.4591 43.52805 16.45896 43.52802 16.45873 43.52799 16.45854 43.52797 16.45836 43.52795 16.45814 43.52793 16.45791 43.52791 16.45758 43.52787 16.4572 43.52785 16.45706 43.52785 16.45696 43.52788 16.45681 43.52791 16.45659 43.52791 16.45632 43.5279 16.45612 43.52788 16.45594 43.52788 16.45573 43.52791 16.45564 43.52792 16.45561 43.52792 16.4555 43.5279 16.45545 43.52791 16.45538 43.52798 16.45527 43.52814 16.45511 43.52824 16.45505 43.52832 16.45495 43.52839 16.45486 43.52845 16.45481 43.52854 16.4547 43.52856 16.45467 43.52863 16.45454 43.52869 16.45441 43.52871 16.45435 43.52873 16.45426 43.52876 16.4542 43.52879 16.45406 43.52881 16.45391 43.52882 16.45356 43.52881 16.45344 43.5288 16.45331 43.52881 16.45323 43.52886 16.45323 43.52887 16.45309 43.52882 16.45309 43.52878 16.45306 43.52876 16.45302 43.52876 16.45295 43.52881 16.45271 43.52886 16.45252 43.52892 16.45227 43.52896 16.45214 43.52899 16.45206 43.52903 16.452 43.52905 16.45196 43.52906 16.4518 43.52905 16.45175 43.52899 16.4516 43.52897 16.45154 43.52898 16.45106 43.52897 16.45101 43.52893 16.45092 43.52883 16.45059 43.52897 16.45049 43.52892 16.45038 43.52878 16.45048 43.52861 16.45059 43.52851 16.45066 43.52846 16.45065 43.5284 16.45058 43.52828 16.45043 43.52818 16.45031 43.52803 16.45013 43.52795 16.45001 43.52787 16.44992 43.52782 16.44983 43.52781 16.44974 43.52782 16.44925 43.5278 16.44921 43.52775 16.44918 43.52768 16.44913 43.52765 16.4491 43.52764 16.44908 43.52776 16.44889 43.52785 16.44873 43.5279 16.44866 43.52791 16.44865 43.52793 16.44865 43.52795 16.44867 43.52805 16.44875 43.52817 16.44884 43.52828 16.44891 43.52832 16.44893 43.52852 16.44909 43.52857 16.44913 43.52862 16.44918 43.52865 16.44918 43.52875 16.44913 43.52892 16.44905 43.52904 16.44896 43.52912 16.44893 43.52924 16.44888 43.52933 16.44887 43.52942 16.44888 43.52948 16.44891 43.5295 16.44891 43.52954 16.44885 43.52972 16.44863 43.52983 16.44854 43.52989 16.44843 43.52994 16.44829 43.53 16.44813 43.53003 16.44779 43.53002 16.44755 43.53001 16.44746 43.53001 16.44737 43.53009 16.44722 43.53021 16.44691 43.53023 16.44688 43.53022 16.44683 43.5302 16.44677 43.53017 16.44676 43.52988 16.44664 43.52953 16.44645 43.52907 16.44625 43.52864 16.44604 43.52836 16.4459 43.52828 16.44586 43.52825 16.44584 43.52818 16.44583 43.52788 16.44568 43.52777 16.44562 43.5277 16.44557 43.52733 16.44539 43.52726 16.44536 43.52719 16.44537 43.52707 16.44549 43.52694 16.44562 43.52684 16.44572 43.52679 16.44571 43.52632 16.44546 43.52621 16.4454 43.52615 16.44539 43.52595 16.44528 43.52582 16.44521 43.52545 16.44501 43.52532 16.44495 43.52485 16.44474 43.5244 16.4445 43.5239 16.44426 43.5237 16.44415 43.52369 16.44412 43.52369 16.44404 43.52375 16.44382 43.52381 16.44363 43.52384 16.44359 43.5239 16.4436 43.52405 16.4437 43.52415 16.44373 43.52442 16.44387 43.5246 16.44399 43.52503 16.44422 43.52522 16.44429 43.52535 16.44438 43.52572 16.44457 43.52586 16.44466 43.52591 16.44447 43.52573 16.44437 43.52528 16.44414 43.52485 16.44395 43.52497 16.4435 43.52531 16.44353 43.52554 16.44358 43.52598 16.44366 43.52599 16.44349 43.52568 16.44343 43.52525 16.44335 43.52492 16.44331 43.52447 16.44321 43.52417 16.44316 43.52419 16.44275 43.5244 16.4428 43.52466 16.44286 43.52505 16.44295 43.52539 16.44299 43.52584 16.44309 43.52624 16.44315 43.52625 16.44305 43.52578 16.44298 43.52576 16.44293 43.52576 16.44285 43.52578 16.44282 43.52608 16.4429 43.5263 16.44292 43.52631 16.44276 43.52581 16.4427 43.52569 16.44264 43.52517 16.44252 43.52477 16.44245 43.52439 16.44237 43.52443 16.44201 43.52493 16.44212 43.52536 16.4422 43.52564 16.44225 43.52564 16.44207 43.52446 16.44183 43.52444 16.44173 43.52448 16.4415 43.52473 16.44156 43.52504 16.44163 43.52528 16.44166 43.52551 16.44172 43.52554 16.44172 43.52555 16.44155 43.52515 16.44147 43.5248 16.4414 43.52455 16.44135 43.5245 16.44133 43.52451 16.44104 43.52457 16.44101 43.52487 16.44108 43.52521 16.44114 43.52545 16.44119 43.52561 16.44122 43.52566 16.4406 43.52543 16.44053 43.52541 16.44046 43.52546 16.44008 43.5255 16.44 43.52559 16.44001 43.52563 16.44005 43.52571 16.44005 43.5258 16.43998 43.52587 16.43998 43.52608 16.44005 43.52621 16.44004 43.52621 16.43991 43.52605 16.4399 43.526 16.43988 43.52593 16.43986 43.52589 16.43984 43.52587 16.43981 43.52607 16.43977 43.52615 16.43975 43.52633 16.4398 43.52651 16.43983 43.52663 16.43981 43.52667 16.43976 43.52668 16.43962 43.52666 16.43956 43.52652 16.43942 43.52637 16.43932 43.52624 16.43925 43.52614 16.43918 43.52609 16.43911 43.52608 16.43902 43.52611 16.43898 43.52615 16.439 43.52624 16.43914 43.52636 16.43916 43.52641 16.43913 43.52654 16.43903 43.52667 16.43887 43.52671 16.4388 43.52676 16.43873 43.52687 16.43861 43.52694 16.43855 43.52712 16.43859 43.52734 16.4389 43.5274 16.43897 43.52746 16.43904 43.52757 16.43913 43.5278 16.43922 43.52792 16.43931 43.52797 16.43939 43.528 16.4395 43.52803 16.43967 43.5281 16.43976 43.5282 16.43988 43.52827 16.44008 43.52831 16.44027 43.52833 16.44038 43.52842 16.44049 43.5285 16.44051 43.52857 16.44045 43.52875 16.44 43.52884 16.43959 43.52892 16.43935 43.52893 16.43919 43.52895 16.43896 43.52898 16.43885 43.529 16.43871 43.52896 16.43855 43.52887 16.43821 43.52883 16.43803 43.52878 16.43792 43.52876 16.4378 43.52875 16.4376 43.52874 16.4375 43.52872 16.43739 43.52862 16.43725 43.52854 16.4371 43.52848 16.43694 43.52841 16.43665 43.52837 16.4365 43.52832 16.4364 43.52828 16.43619 43.52827 16.43577 43.52827 16.43565 43.52822 16.43548 43.52817 16.43538 43.52815 16.43531 43.52813 16.43526 43.52811 16.43517 43.52806 16.43513 43.52793 16.43494 43.52782 16.43464 43.52779 16.43458 43.52773 16.43425 43.52768 16.43401 43.52764 16.4338 43.52764 16.43374 43.52774 16.43375 43.52777 16.43307 43.52755 16.43305 43.52754 16.43291 43.52766 16.4324 43.52773 16.43193 43.52788 16.43116 43.52799 16.43051 43.52813 16.42978 43.52835 16.42864 43.52841 16.42839 43.52845 16.42807 43.52858 16.42746 43.52861 16.42713 43.5286 16.42705 43.52837 16.42633 43.52817 16.42586 43.52809 16.42562 43.52788 16.42513 43.52772 16.42471 43.5275 16.42417 43.52737 16.42386 43.52724 16.42349 43.52718 16.42336 43.52708 16.42347 43.52723 16.42389 43.52734 16.42413 43.52738 16.42429 43.52744 16.42437 43.52751 16.4246 43.52765 16.42494 43.52772 16.42514 43.52785 16.42546 43.52799 16.42581 43.52805 16.42593 43.52813 16.42617 43.52832 16.42665 43.52839 16.42683 43.52841 16.4273 43.52841 16.42761 43.52831 16.42804 43.52822 16.42865 43.5281 16.42918 43.52804 16.42949 43.52786 16.43051 43.52775 16.43109 43.52764 16.43164 43.5275 16.4323 43.52749 16.43244 43.52745 16.43266 43.52743 16.43276 43.52738 16.43276 43.52707 16.4325 43.52698 16.43242 43.52665 16.43216 43.52663 16.4321 43.52671 16.43166 43.5267 16.43164 43.52496 16.43091 43.52494 16.43109 43.52524 16.43121 43.52526 16.43125 43.52521 16.43145 43.52519 16.43155 43.52517 16.43158 43.5249 16.43152 43.52464 16.43143 43.52461 16.4314 43.5246 16.4313 43.52459 16.43115 43.5246 16.4311 43.52439 16.43104 43.52434 16.43099 43.52432 16.43067 43.52433 16.43036 43.52434 16.43033 43.52453 16.43034 43.52468 16.42731 43.52483 16.42436 43.52572 16.4243 43.52627 16.42423 43.52625 16.42404 43.52577 16.4241 43.52535 16.42412 43.52492 16.42415 43.52465 16.42419 43.52459 16.42417 43.52455 16.42414 43.52455 16.42402 43.52456 16.42389 43.52459 16.4238 43.52459 16.42371 43.52457 16.4236 43.52458 16.42352 43.52461 16.42347 43.52461 16.42344 43.52458 16.42338 43.52454 16.42332 43.52449 16.42317 43.52445 16.42297 43.52444 16.42282 43.5244 16.42258 43.52437 16.42244 43.52434 16.42231 43.52433 16.42224 43.52431 16.42215 43.52428 16.42205 43.52415 16.42188 43.52407 16.42183 43.52387 16.42175 43.52362 16.4217 43.52349 16.42169 43.52325 16.42175 43.52312 16.42182 43.52301 16.4219 43.52293 16.422 43.52284 16.42209 43.5228 16.42209 43.52275 16.42203 43.52273 16.42189 43.52272 16.42183 43.52271 16.42148 43.52269 16.42134 43.52264 16.42126 43.52258 16.42116 43.52258 16.42107 43.52258 16.42098 43.52256 16.42091 43.52255 16.42084 43.52249 16.42084 43.52245 16.42089 43.52241 16.42105 43.52236 16.42111 43.52227 16.42119 43.52221 16.42127 43.52217 16.42152 43.52211 16.42178 43.522 16.42229 43.52195 16.42275 43.5219 16.42329 43.52188 16.42375 43.52185 16.4239 43.52178 16.42407 43.5217 16.42424 43.52163 16.42434 43.52098 16.42429 43.52097 16.42441 43.52133 16.42447 43.52136 16.42452 43.52133 16.42469 43.52134 16.42494 43.5213 16.42509 43.52132 16.42518 43.52137 16.4252 43.5214 16.42522 43.52139 16.4253 43.52139 16.42542 43.52139 16.42551 43.52136 16.42577 43.52133 16.42606 43.52131 16.4263 43.52128 16.42655 43.52128 16.4267 43.52117 16.42682 43.52114 16.42687 43.5211 16.42694 43.52109 16.42705 43.52112 16.42717 43.52114 16.42724 43.52115 16.42733 43.52113 16.42744 43.5211 16.42753 43.52109 16.42763 43.52111 16.42774 43.52116 16.42786 43.52116 16.42803 43.52114 16.4282 43.5211 16.42829 43.52095 16.42837 43.52082 16.42843 43.52079 16.42845 43.52077 16.42844 43.52076 16.42827 43.52072 16.42823 43.52053 16.42815 43.52041 16.4281 43.52037 16.42806 43.52037 16.42797 43.52069 16.42799 43.5207 16.42786 43.52039 16.42784 43.52039 16.42768 43.52044 16.42764 43.52077 16.42762 43.52077 16.42749 43.52043 16.42752 43.52041 16.42747 43.52041 16.42738 43.52053 16.4273 43.52072 16.42723 43.52082 16.42719 43.52079 16.42706 43.52066 16.42712 43.52051 16.42718 43.52044 16.42718 43.52045 16.42693 43.52061 16.42684 43.52076 16.42677 43.52072 16.42664 43.52038 16.42681 43.52033 16.42689 43.52026 16.42795 43.52023 16.42798 43.51936 16.42794 43.51933 16.42809 43.51933 16.42822 43.51933 16.42841 43.51927 16.42852 43.51918 16.42857 43.51912 16.42856 43.51891 16.42847 43.51881 16.42835 43.51874 16.42831 43.5184 16.42801 43.51823 16.4278 43.51823 16.42777 43.51842 16.4278 43.51843 16.42766 43.51816 16.42763 43.51808 16.42759 43.51792 16.42739 43.51786 16.4273 43.51782 16.42726 43.51782 16.42715 43.51784 16.42709 43.51789 16.42701 43.51793 16.42696 43.5185 16.4271 43.51846 16.42648 43.51774 16.4263 43.51772 16.42642 43.51789 16.42646 43.51785 16.42668 43.51781 16.42683 43.51781 16.42688 43.51771 16.42708 43.51763 16.4272 43.51759 16.42725 43.51756 16.42725 43.51738 16.42711 43.51712 16.42692 43.51704 16.42685 43.51694 16.42677 43.51689 16.42675 43.51684 16.42673 43.51684 16.42662 43.51683 16.42657 43.51669 16.42647 43.5166 16.42639 43.51658 16.42636 43.51657 16.42633 43.51657 16.42629 43.51688 16.42603 43.51683 16.42594 43.51674 16.42603 43.5167 16.42605 43.5166 16.42615 43.51654 16.42619 43.51651 16.42618 43.51648 16.42614 43.51645 16.42609 43.51634 16.42608 43.5163 16.42604 43.51618 16.42576 43.5161 16.4255 43.51605 16.42521 43.51604 16.42499 43.51604 16.42497 43.51608 16.42495 43.51609 16.42479 43.51602 16.42449 43.51598 16.42429 43.51597 16.42421 43.51593 16.42405 43.51589 16.42378 43.51586 16.42364 43.51581 16.42352 43.51578 16.42346 43.51576 16.42339 43.51577 16.42337 43.51592 16.42319 43.51616 16.42288 43.51618 16.42286 43.5161 16.42261 43.51604 16.42226 43.51596 16.42172 43.51586 16.42176 43.51591 16.42208 43.51595 16.42238 43.516 16.42263 43.51606 16.42283 43.51606 16.42286 43.51595 16.42298 43.51591 16.42303 43.51587 16.42303 43.51571 16.42258 43.51559 16.42225 43.51553 16.42205 43.51551 16.42181 43.51541 16.4218 43.51542 16.42202 43.51546 16.42223 43.51558 16.42252 43.51569 16.42278 43.51575 16.42296 43.51578 16.42307 43.5158 16.4231 43.51582 16.42315 43.5157 16.42328 43.51565 16.42328 43.51498 16.42228 43.51495 16.42217 43.51494 16.42194 43.51496 16.42192 43.51517 16.42183 43.51514 16.4217 43.51501 16.42175 43.51491 16.42179 43.51486 16.42174 43.51475 16.42113 43.51466 16.42065 43.51464 16.42053 43.51466 16.42046 43.51499 16.42047 43.51509 16.42117 43.51518 16.42117 43.51514 16.42086 43.51512 16.42065 43.51511 16.42048 43.51554 16.42047 43.51563 16.42046 43.51567 16.42055 43.51569 16.42072 43.51572 16.42095 43.51581 16.42092 43.51578 16.42073 43.51576 16.42062 43.51574 16.42045 43.5157 16.42038 43.51565 16.42034 43.51561 16.42034 43.51553 16.42036 43.51466 16.42034 43.51463 16.42031 43.51462 16.42015 43.5146 16.41997 43.51455 16.41977 43.51455 16.41946 43.51461 16.41906 43.51465 16.41878 43.51467 16.41859 43.51468 16.41796 43.51469 16.41791 43.51472 16.41765 43.51472 16.41721 43.5147 16.41704 43.51471 16.41678 43.51476 16.41665 43.51476 16.41613 43.51475 16.41599 43.51469 16.41589 43.51464 16.41576 43.51464 16.41563 43.51462 16.41554 43.51458 16.41544 43.51457 16.4153 43.51461 16.41512 43.51467 16.41485 43.5147 16.41478 43.51469 16.41461 43.5147 16.41429 43.51474 16.41346 43.51477 16.41252 43.51478 16.41237 43.51486 16.41229 43.5149 16.41221 43.5149 16.41206 43.51495 16.41173 43.51495 16.41119 43.51494 16.41073 43.51488 16.41038 43.51484 16.41016 43.51483 16.4099 43.51481 16.40972 43.5148 16.40961 43.51489 16.40939 43.51495 16.40923 43.51495 16.409 43.51494 16.40889 43.51495 16.40881 43.51497 16.40843 43.51499 16.40821 43.51505 16.40791 43.51505 16.40764 43.515 16.40739 43.51493 16.40714 43.51467 16.4069 43.5145 16.40677 43.51447 16.40669 43.51448 16.40662 43.51467 16.40638 43.51476 16.40628 43.51499 16.40561 43.51515 16.40505 43.51523 16.40488 43.5153 16.40476 43.51535 16.40471 43.51562 16.40463 43.51578 16.40455 43.51586 16.40434 43.51589 16.40348 43.51585 16.40334 43.51582 16.40314 43.51581 16.40298 43.51584 16.40281 43.51586 16.40261 43.51585 16.40252 43.51571 16.40227 43.51548 16.40184 43.51528 16.40156 43.51521 16.40148 43.5151 16.40144 43.51504 16.40136 43.515 16.40129 43.51496 16.40129 43.5149 16.40124 43.51491 16.40097 43.51482 16.40097 43.5148 16.40118 43.51473 16.40118 43.51458 16.40126 43.51448 16.40135 43.51443 16.40145 43.5144 16.40154 43.51428 16.40157 43.51423 16.40161 43.51418 16.40161 43.51415 16.40155 43.51411 16.40145 43.51413 16.40124 43.51417 16.40116 43.51417 16.40107 43.51409 16.40074 43.51393 16.4002 43.51386 16.39991 43.51375 16.39951 43.51364 16.39919 43.51356 16.39891 43.51347 16.39861 43.51342 16.39841 43.51339 16.39808 43.51336 16.39792 43.51333 16.39775 43.51329 16.39755 43.51318 16.39732 43.51301 16.39702 43.5129 16.39678 43.5128 16.39657 43.5127 16.39639 43.51261 16.39621 43.51249 16.39589 43.51239 16.39562 43.5122 16.39522 43.51213 16.39514 43.51198 16.39483 43.51185 16.39454 43.51172 16.39428 43.51162 16.39408 43.51154 16.3939 43.51149 16.39383 43.5114 16.39367 43.51127 16.39343 43.51124 16.39331 43.51103 16.39301 43.51092 16.39268 43.51084 16.39246 43.51075 16.39222 43.5107 16.39199 43.51065 16.3918 43.51057 16.39162 43.5105 16.39151 43.51048 16.39136 43.51044 16.39125 43.51027 16.39105 43.51019 16.39093 43.51013 16.39085 43.5102 16.39081 43.51012 16.39059 43.51006 16.39064 43.51002 16.39042 43.50998 16.39017 43.50995 16.38995 43.50991 16.38972 43.50988 16.38967 43.50985 16.38958 43.5098 16.38931 43.50978 16.38924 43.50972 16.3891 43.50964 16.38898 43.5095 16.38885 43.50936 16.38871 43.5093 16.38858 43.50929 16.38852 43.50922 16.38838 43.50913 16.38829 43.50868 16.3882 43.50862 16.38819 43.50861 16.38818 43.50855 16.38817 43.5085 16.38813 43.50833 16.38782 43.50829 16.38776 43.50826 16.38772 43.50806 16.38768 43.50805 16.38779 43.50818 16.38782 43.50824 16.38787 43.50829 16.38798 43.50839 16.38812 43.50842 16.38819 43.50843 16.38828 43.50795 16.38827 43.50793 16.38856 43.5079 16.38857 43.50785 16.38858 43.50782 16.38854 43.50781 16.38832 43.50779 16.38807 43.50771 16.38807 43.5077 16.38827 43.50772 16.38837 43.50773 16.38851 43.50773 16.38871 43.50773 16.38874 43.50773 16.38894 43.50769 16.38917 43.50767 16.38931 43.50765 16.38945 43.50768 16.38958 43.5077 16.38975 43.50767 16.39002 43.50765 16.39026 43.50765 16.39048 43.50768 16.39054 43.50768 16.39065 43.50763 16.39086 43.50762 16.39099 43.50763 16.39133 43.50762 16.39167 43.50763 16.39185 43.50763 16.3923 43.50768 16.3925 43.50773 16.39279 43.50774 16.39296 43.50776 16.39333 43.50777 16.39371 43.5078 16.39384 43.50784 16.39413 43.50791 16.39463 43.50792 16.39498 43.50796 16.39534 43.50798 16.39568 43.50802 16.3961 43.50805 16.39651 43.50807 16.39682 43.50804 16.39764 43.50802 16.3984 43.50799 16.39876 43.50795 16.39901 43.5079 16.3993 43.50789 16.39943 43.50784 16.39957 43.50775 16.39966 43.50766 16.39971 43.50757 16.39977 43.50745 16.39987 43.50735 16.40001 43.50728 16.40018 43.50718 16.40037 43.507 16.40059 43.50684 16.40065 43.50663 16.40062 43.50654 16.40058 43.50639 16.40055 43.50624 16.40053 43.50615 16.40057 43.50608 16.40062 43.50602 16.40071 43.50593 16.4008 43.5058 16.40087 43.50566 16.40092 43.50555 16.40097 43.50545 16.40106 43.50538 16.40114 43.50531 16.40117 43.50515 16.40118 43.50504 16.40119 43.50498 16.40123 43.50492 16.40134 43.50487 16.40147 43.50482 16.40153 43.50475 16.40151 43.50468 16.40147 43.50463 16.40147 43.50458 16.40149 43.50454 16.40156 43.50447 16.40201 43.5044 16.40246 43.50431 16.40292 43.5042 16.40342 43.50402 16.40475 43.504 16.405 43.50395 16.40533 43.50388 16.40585 43.50381 16.40644 43.50377 16.40694 43.50376 16.4073 43.50377 16.40752 43.50376 16.40793 43.50382 16.4082 43.50392 16.40838 43.50409 16.40859 43.50413 16.40879 43.50413 16.40889 43.50413 16.40896 43.50407 16.40915 43.50398 16.40929 43.50394 16.40928 43.50389 16.40903 43.5038 16.40908 43.50384 16.40927 43.50384 16.40933 43.5038 16.40936 43.50372 16.40939 43.50366 16.40949 43.50366 16.40973 43.50365 16.40988 43.5036 16.41015 43.50361 16.41034 43.50358 16.41082 43.50353 16.41111 43.50351 16.41144 43.5035 16.41156 43.5035 16.41165 43.5035 16.41176 43.50347 16.41198 43.50338 16.41226 43.5033 16.41254 43.50329 16.41255 43.50319 16.4129 43.50318 16.41299 43.50317 16.41314 43.50315 16.41325 43.50307 16.41341 43.50303 16.41355 43.50303 16.41367 43.50307 16.41385 43.50317 16.41408 43.5033 16.41438 43.50343 16.41467 43.50353 16.41492 43.50365 16.41532 43.50375 16.41567 43.50382 16.41607 43.50384 16.4163 43.50387 16.41649 43.50384 16.41671 43.50378 16.4169 43.50375 16.41704 43.50376 16.41736 43.50381 16.41767 43.50384 16.41781 43.50386 16.41792 43.50385 16.41814 43.50382 16.41828 43.50368 16.41844 43.50356 16.41846 43.5035 16.41846 43.50345 16.41841 43.50339 16.41834 43.50329 16.41836 43.50325 16.41843 43.50326 16.41855 43.50327 16.41863 43.50319 16.41884 43.50316 16.41899 43.50314 16.41921 43.5031 16.41937 43.50306 16.41948 43.50306 16.41953 43.50306 16.41963 43.50304 16.41968 43.50302 16.41966 43.50299 16.41958 43.50298 16.41952 43.50295 16.41945 43.50291 16.41945 43.50287 16.41947 43.50286 16.41955 43.50284 16.41976 43.50284 16.41995 43.50279 16.42023 43.50273 16.4204 43.50272 16.42055 43.50267 16.42071 43.50258 16.42086 43.50254 16.42107 43.50252 16.42118 43.50254 16.42125 43.50262 16.42129 43.5027 16.42126 43.50286 16.42124 43.50297 16.42124 43.50304 16.42128 43.50311 16.42135 43.50319 16.42147 43.50323 16.42166 43.50323 16.4219 43.50318 16.42224 43.50308 16.42254 43.50293 16.42306 43.50285 16.42323 43.50272 16.42351 43.50248 16.42382 43.50234 16.42403 43.5023 16.42414 43.50223 16.42417 43.50215 16.42413 43.50207 16.42406 43.50197 16.42395 43.50208 16.4237 43.50201 16.42365 43.5019 16.42389 43.50189 16.42392 43.50185 16.42389 43.50182 16.42385 43.50171 16.42376 43.50166 16.42372 43.50161 16.42369 43.50154 16.42362 43.50153 16.42359 43.50156 16.42346 43.5016 16.42337 43.50151 16.42331 43.50144 16.42348 43.50141 16.42359 43.50136 16.42361 43.50135 16.42361 43.50131 16.42359 43.50127 16.42359 43.50119 16.4238 43.50112 16.42397 43.50109 16.42409 43.50106 16.42423 43.501 16.42432 43.50089 16.42447 43.50085 16.42463 43.5008 16.42493 43.50076 16.42535 43.50073 16.42622 43.50073 16.4263 43.50072 16.42654 43.5007 16.42676 43.50067 16.42699 43.50065 16.42718 43.50065 16.42735 43.50066 16.42748 43.50068 16.42769 43.50069 16.42788 43.50069 16.42814 43.50071 16.42828 43.50071 16.42837 43.50067 16.42851 43.50064 16.42866 43.50061 16.42881 43.5006 16.42895 43.50062 16.42902 43.50062 16.42921 43.50061 16.42939 43.50057 16.42958 43.50065 16.42962 43.50069 16.42949 43.50072 16.42944 43.50083 16.42944 43.50087 16.42947 43.50117 16.42949 43.50173 16.42956 43.50212 16.42962 43.50218 16.42954 43.50229 16.42911 43.50221 16.42907 43.50214 16.4293 43.50211 16.42939 43.5021 16.42946 43.50206 16.4295 43.50166 16.42943 43.50135 16.42939 43.50114 16.42939 43.50102 16.42936 43.50089 16.42934 43.50087 16.42929 43.50101 16.42895 43.50111 16.42898 43.50118 16.429 43.5013 16.42903 43.50139 16.42902 43.50139 16.4289 43.5013 16.4289 43.50119 16.42889 43.50106 16.42884 43.50105 16.42877 43.50112 16.42855 43.50119 16.42849 43.50132 16.4285 43.50143 16.42851 43.50146 16.42853 43.50161 16.42857 43.5018 16.42863 43.50182 16.42851 43.50164 16.42847 43.50133 16.42837 43.50131 16.42836 43.5013 16.42834 43.50132 16.42829 43.50142 16.42823 43.50149 16.42821 43.50171 16.42836 43.50175 16.42826 43.50155 16.42812 43.50152 16.42809 43.50152 16.42804 43.50155 16.42799 43.50172 16.428 43.50172 16.42771 43.50174 16.42746 43.50195 16.42746 43.50209 16.42749 43.50227 16.42751 43.50231 16.42752 43.50234 16.42749 43.50243 16.42749 43.50245 16.42754 43.50246 16.4276 43.50246 16.42776 43.50244 16.42791 43.50242 16.42799 43.50241 16.428 43.50225 16.428 43.50225 16.42813 43.50271 16.42811 43.50282 16.42818 43.50286 16.4282 43.50299 16.42837 43.5031 16.42848 43.50311 16.42849 43.50322 16.42857 43.5033 16.42862 43.50336 16.42866 43.50357 16.42888 43.50376 16.42908 43.50418 16.42953 43.50435 16.42969 43.50458 16.42988 43.50477 16.43009 43.50493 16.43026 43.50532 16.43084 43.5054 16.43099 43.5054 16.43114 43.50539 16.43118 43.50538 16.43139 43.50543 16.43149 43.50556 16.43155 43.50564 16.43159 43.50572 16.43159 43.50578 16.43156 43.50581 16.43158 43.50589 16.43168 43.50594 16.4318 43.50605 16.43193 43.50609 16.43203 43.50619 16.43218 43.50621 16.43225 43.50622 16.43232 43.50631 16.43242 43.50632 16.43253 43.50639 16.43263 43.5064 16.43268 43.50643 16.4328 43.50645 16.43284 43.50646 16.43295 43.50647 16.43301 43.50647 16.43304 43.50648 16.43308 43.5065 16.4331 43.50656 16.43314 43.50661 16.43319 43.50666 16.43322 43.50676 16.43331 43.50686 16.43335 43.50697 16.4334 43.50699 16.43343 43.50703 16.43347 43.50706 16.43357 43.5071 16.43375 43.50712 16.43391 43.50713 16.43405 43.50715 16.43419 43.50714 16.43429 43.50713 16.43438 43.5071 16.43445 43.50709 16.43446 43.50709 16.43461 43.50727 16.43461 43.50731 16.43466 43.50727 16.43527 43.50723 16.43572 43.50738 16.43574 43.50741 16.43532 43.50743 16.43524 43.50743 16.43474 43.50745 16.4346 43.50767 16.43459 43.50767 16.43461 43.50772 16.43499 43.50776 16.43517 43.50778 16.43541 43.50779 16.43547 43.50781 16.43564 43.50784 16.43593 43.50787 16.43618 43.50789 16.43639 43.50793 16.43649 43.50793 16.43657 43.50792 16.4368 43.50784 16.43712 43.50776 16.43737 43.5077 16.43755 43.50765 16.43772 43.50763 16.43777 43.50751 16.43777 43.50751 16.43788 43.50744 16.43809 43.50739 16.43826 43.50737 16.4383 43.50724 16.43875 43.50718 16.4389 43.50716 16.43902 43.50712 16.4391 43.50711 16.43924 43.5071 16.43928 43.50705 16.43929 43.5067 16.43911 43.50667 16.4391 43.50667 16.43848 43.50675 16.43848 43.50675 16.4382 43.50643 16.43819 43.50642 16.43915 43.50643 16.43924 43.50642 16.43983 43.50641 16.44053 43.50642 16.44069 43.50642 16.44096 43.50642 16.441 43.50641 16.44125 43.50637 16.44132 43.50626 16.44137 43.50591 16.44156 43.50575 16.44164 43.50563 16.4417 43.50551 16.4418 43.50534 16.44187 43.50522 16.44195 43.50517 16.44197 43.50513 16.44196 43.5051 16.44191 43.50477 16.44058 43.50471 16.44038 43.50449 16.44052 43.50465 16.44116 43.50479 16.44172 43.50483 16.44191 43.50487 16.44198 43.50487 16.44206 43.50485 16.44207 43.50479 16.44208 43.50472 16.44211 43.50459 16.44214 43.5045 16.44219 43.5044 16.44221 43.50425 16.44225 43.50411 16.44229 43.50379 16.44238 43.50357 16.44243 43.50349 16.44248 43.50338 16.44251 43.50328 16.44251 43.50327 16.44251 43.50327 16.44193 43.50324 16.44185 43.50324 16.44131 43.50324 16.44059 43.50321 16.44042 43.5032 16.43971 43.50261 16.43971 43.5026 16.4403 43.50263 16.44055 43.50264 16.44125 43.50264 16.4418 43.50261 16.44184 43.50234 16.44177 43.50199 16.44166 43.50176 16.44155 43.50168 16.44152 43.50156 16.44147 43.50145 16.44142 43.50142 16.4414 43.50135 16.44126 43.50133 16.44118 43.50132 16.44089 43.50132 16.4405 43.50134 16.43922 43.50135 16.43813 43.50118 16.43813 43.50121 16.43636 43.50105 16.43637 43.50103 16.43687 43.50098 16.43763 43.50097 16.43814 43.50092 16.43934 43.50085 16.44066 43.50078 16.44187 43.50077 16.4421 43.50072 16.44224 43.50068 16.44232 43.50066 16.44235 43.50065 16.44253 43.50067 16.44274 43.50067 16.44297 43.50065 16.44314 43.50064 16.44318 43.5006 16.44344 43.50054 16.44369 43.5004 16.4442 43.50036 16.44448 43.50032 16.44464 43.5003 16.44479 43.50025 16.44512 43.50022 16.44537 43.50022 16.4455 43.50024 16.44566 43.50024 16.44585 43.50029 16.44603 43.50035 16.4462 43.50038 16.44622 43.5004 16.44621 43.50045 16.44615 43.50047 16.4461 43.50049 16.44604 43.50051 16.44599 43.50056 16.44594 43.50078 16.44576 43.50092 16.44569 43.50099 16.44561 43.50107 16.44559 43.50117 16.44556 43.5013 16.44557 43.5014 16.44564 43.50146 16.44567 43.50149 16.44571 43.50151 16.44573 43.50156 16.44573 43.50163 16.44583 43.50178 16.44602 43.50187 16.4461 43.5019 16.44614 43.50199 16.44631 43.50216 16.44659 43.50226 16.4468 43.50235 16.44708 43.50237 16.44721 43.50239 16.44731 43.5024 16.44743 43.5024 16.44757 43.50237 16.44772 43.50229 16.44787 43.50217 16.44807 43.50211 16.44817 43.50205 16.44827 43.50203 16.44831 43.50198 16.4484 43.50183 16.44834 43.50166 16.44855 43.50176 16.4487 43.50147 16.44916 43.50136 16.44902 43.50128 16.44913 43.50138 16.44928 43.50128 16.44941 43.50122 16.44942 43.50101 16.4495 43.50092 16.44955 43.50082 16.44959 43.50079 16.4496 43.50078 16.44937 43.50066 16.44937 43.50063 16.44969 43.50061 16.44993 43.5006 16.45019 43.50059 16.45045 43.50055 16.45077 43.50054 16.45098 43.50053 16.45117 43.50051 16.45125 43.50047 16.45134 43.50042 16.45143 43.50036 16.45149 43.50032 16.45152 43.50027 16.45154 43.50024 16.45156 43.50012 16.45156 43.50006 16.45155 43.4999 16.45162 43.4998 16.45174 43.49971 16.45184 43.49968 16.45199 43.49973 16.45215 43.49981 16.45231 43.49991 16.45243 43.49997 16.45247 43.50005 16.45246 43.50012 16.45246 43.5002 16.45243 43.50034 16.45244 43.50047 16.45253 43.50055 16.45263 43.50056 16.45267 43.50058 16.45268 43.50061 16.4527 43.50062 16.45275 43.50068 16.4529 43.50074 16.45303 43.50077 16.45322 43.50079 16.45331 43.5008 16.4539 43.50078 16.45409 43.50077 16.4542 43.50076 16.4543 43.50067 16.45441 43.50062 16.45447 43.50052 16.45448 43.50045 16.45438 43.50035 16.45414 43.50026 16.45421 43.50031 16.45432 43.50032 16.45446 43.50032 16.45456 43.50023 16.45467 43.50013 16.45479 43.50008 16.45484 43.5 16.45491 43.49973 16.45517 43.49965 16.45526 43.4996 16.45539 43.4995 16.45553 43.49947 16.45569 43.49949 16.45589 43.49952 16.45613 43.49955 16.45624 43.49958 16.4563 43.49963 16.45631 43.4997 16.45628 43.49979 16.45637 43.50001 16.45666 43.50009 16.45681 43.50015 16.45674 43.50042 16.45644 43.50047 16.45643 43.50059 16.45664 43.50068 16.45675 43.50069 16.4568 43.50068 16.45687 43.50063 16.45695 43.50068 16.45701 43.50074 16.45695 43.50079 16.45697 43.50087 16.4571 43.50091 16.45722 43.50094 16.45724 43.50095 16.45727 43.50095 16.45734 43.50087 16.45746 43.50081 16.4576 43.50081 16.45766 43.50081 16.45769 43.50086 16.45777 43.5009 16.45782 43.50092 16.45784 43.50093 16.45787 43.50092 16.45791 43.50088 16.45796 43.50084 16.45803 43.50081 16.45806 43.5007 16.45807 43.50067 16.458 43.50053 16.45725 43.50047 16.45728 43.50052 16.45756 43.50055 16.4577 43.50058 16.45787 43.5006 16.458 43.5006 16.45805 43.50058 16.45806 43.50057 16.45806 43.50047 16.45789 43.50041 16.45774 43.50038 16.45758 43.50035 16.45745 43.5003 16.4573 43.50027 16.45719 43.50025 16.45713 43.50019 16.45716 43.50024 16.45729 43.50025 16.45739 43.50031 16.4576 43.50034 16.45777 43.50036 16.45785 43.50038 16.45798 43.50044 16.45812 43.50049 16.45822 43.50053 16.45828 43.50058 16.45829 43.5007 16.45834 43.50079 16.45844 43.50085 16.45866 43.50086 16.45887 43.5009 16.45901 43.50093 16.45916 43.50096 16.45927 43.50097 16.45935 43.50097 16.45979 43.50095 16.45987 43.50087 16.45996 43.50081 16.46002 43.50075 16.46006 43.50068 16.46016 43.50064 16.46028 43.50062 16.46031 43.50061 16.46062 43.50065 16.46077 43.50072 16.46102 43.50075 16.46113 43.5008 16.46127 43.50083 16.46148 43.5009 16.46167 43.50094 16.46181 43.50102 16.46201 43.50106 16.46214 43.5011 16.46226 43.50114 16.46241 43.50115 16.46252 43.50116 16.46262 43.50116 16.46289 43.50113 16.46305 43.50114 16.46323 43.50115 16.46327 43.5012 16.46335 43.50128 16.46342 43.50132 16.46345 43.50139 16.46347 43.50154 16.46356 43.50161 16.4636 43.50165 16.46372 43.50168 16.4638 43.5017 16.46387 43.50173 16.4639 43.50183 16.46394 43.5019 16.46396 43.50198 16.46411 43.50205 16.46429 43.50213 16.46459 43.50218 16.4648 43.50221 16.46494 43.50223 16.46511 43.50224 16.46525 43.50226 16.46534 43.50225 16.4657 43.50221 16.46594 43.50218 16.46603 43.50212 16.46624 43.50206 16.4664 43.50195 16.4666 43.50185 16.46673 43.50175 16.46682 43.50166 16.46688 43.50152 16.46696 43.50145 16.467 43.50136 16.46705 43.50128 16.46712 43.50119 16.46723 43.50116 16.46733 43.50116 16.46762 43.5012 16.46776 43.50126 16.46792 43.50128 16.46807 43.5013 16.46814 43.50135 16.46823 43.50137 16.46832 43.50144 16.46848 43.50157 16.46871 43.50161 16.46888 43.50164 16.46905 43.50166 16.4692 43.50166 16.46936 43.50169 16.46944 43.50169 16.46953 43.50168 16.46956 43.50161 16.46958 43.50156 16.46963 43.50155 16.4697 43.50154 16.46982 43.50152 16.46991 43.50151 16.4701 43.50152 16.47031 43.50156 16.47042 43.50171 16.47056 43.50178 16.47067 43.50183 16.47076 43.5019 16.47082 43.50203 16.47095 43.50211 16.47111 43.50214 16.47121 43.50217 16.4713 43.50217 16.47155 43.50217 16.47167 43.50217 16.47169 43.50214 16.47171 43.50203 16.4717 43.50192 16.47161 43.50186 16.47156 43.50176 16.47151 43.50144 16.47149 43.50135 16.47146 43.50117 16.47132 43.5011 16.47152 43.50128 16.47164 43.50136 16.47168 43.50142 16.47171 43.50151 16.47178 43.50155 16.47184 43.50156 16.47191 43.50155 16.47194 43.50149 16.47206 43.50147 16.47213 43.50147 16.47221 43.50143 16.47234 43.50118 16.47311 43.50115 16.47321 43.50113 16.47321 43.50108 16.47318 43.50095 16.4731 43.50087 16.47306 43.50082 16.47303 43.50078 16.47302 43.50072 16.473 43.50068 16.47302 43.50066 16.47311 43.50064 16.4733 43.50065 16.47349 43.50071 16.47366 43.50086 16.47385 43.50101 16.47404 43.50105 16.47409 43.50111 16.47413 43.50135 16.47446 43.50143 16.47455 43.50146 16.47461 43.50155 16.47473 43.50167 16.47489 43.50178 16.47505 43.50187 16.47524 43.50192 16.47536 43.50193 16.47588 43.50192 16.47613 43.50193 16.47624 43.50196 16.47639 43.50204 16.47662 43.50211 16.47677 43.50221 16.47687 43.50228 16.47694 43.50235 16.47696 43.5024 16.47695 43.5025 16.47681 43.50253 16.47674 43.50254 16.47667 43.50255 16.47662 43.50263 16.47635 43.50269 16.47617 43.50275 16.47597 43.50281 16.47587 43.5029 16.47581 43.50301 16.4758 43.50308 16.47586 43.50317 16.47593 43.50321 16.47597 43.50327 16.47603 43.50329 16.47608 43.50327 16.47621 43.50326 16.47635 43.50325 16.4767 43.50327 16.47689 43.5033 16.47717 43.50331 16.47726 43.50333 16.47741 43.50337 16.47779 43.5034 16.47804 43.5034 16.4784 43.50341 16.47869 43.50344 16.47905 43.50344 16.47923 43.50344 16.47937 43.50339 16.47952 43.50336 16.4796 43.50329 16.47974 43.50317 16.47989 43.50302 16.48014 43.50299 16.48018 43.50293 16.4803 43.50288 16.48043 43.5028 16.4806 43.50264 16.4808 43.50247 16.48097 43.50243 16.48109 43.50241 16.48134 43.50237 16.4815 43.5023 16.48164 43.50218 16.48183 43.50203 16.48208 43.50197 16.48227 43.50194 16.48239 43.50191 16.48251 43.50188 16.48263 43.50187 16.48291 43.5019 16.4831 43.50194 16.48325 43.50197 16.48347 43.50198 16.48362 43.50204 16.48384 43.5021 16.48413 43.50214 16.48437 43.50218 16.4846 43.50218 16.48496 43.50215 16.48523 43.50212 16.48545 43.50212 16.48587 43.50215 16.48605 43.50215 16.48615 43.50211 16.48637 43.50202 16.48683 43.50197 16.48713 43.50186 16.48771 43.50176 16.48797 43.50172 16.48815 43.50168 16.4884 43.50167 16.48853 43.50165 16.48861 43.50164 16.48899 43.50165 16.48914 43.50168 16.48936 43.50172 16.48957 43.50175 16.48971 43.50176 16.48987 43.50178 16.49001 43.50182 16.49014 43.50184 16.49032 43.50187 16.49055 43.50188 16.49067 43.50188 16.49106 43.50186 16.49131 43.50185 16.49152 43.50179 16.49184 43.5017 16.49225 43.50164 16.49256 43.50162 16.49268 43.50136 16.49268 43.50138 16.493 43.50141 16.49331 43.50139 16.49345 43.50131 16.49358 43.50129 16.49359 43.50129 16.49361 43.50128 16.49366 43.50164 16.49458 43.50167 16.4946 43.50175 16.4946 43.50179 16.49456 43.50187 16.49455 43.50191 16.49464 43.50195 16.49479 43.50201 16.49498 43.50205 16.49517 43.5021 16.49538 43.50214 16.49559 43.50221 16.49591 43.50223 16.49609 43.50225 16.49642 43.50224 16.49682 43.50225 16.49716 43.50224 16.49756 43.50223 16.49779 43.50223 16.49789 43.50218 16.49824 43.50215 16.49846 43.50211 16.49861 43.50203 16.49886 43.50195 16.49911 43.50188 16.49926 43.50178 16.4996 43.50173 16.49979 43.50171 16.49991 43.50167 16.50028 43.50167 16.50044 43.50167 16.50066 43.50166 16.50114 43.50165 16.50128 43.50163 16.50195 43.50159 16.50243 43.50155 16.50279 43.50154 16.50291 43.50152 16.50323 43.50151 16.50385 43.5015 16.50399 43.50144 16.50468 43.50142 16.50519 43.5014 16.50556 43.50138 16.50567 43.50137 16.5057 43.50136 16.50588 43.50135 16.50619 43.50132 16.50637 43.50125 16.50659 43.50114 16.5069 43.50109 16.50711 43.50104 16.50726 43.50101 16.50748 43.501 16.50766 43.501 16.50796 43.50104 16.50821 43.50106 16.5084 43.50107 16.50861 43.50103 16.50901 43.50101 16.50927 43.50098 16.50979 43.50099 16.50992 43.501 16.51004 43.501 16.51027 43.50099 16.51043 43.50095 16.51057 43.50091 16.51072 43.50086 16.5109 43.5008 16.511 43.50078 16.51103 43.50078 16.51109 43.50075 16.51114 43.50073 16.5112 43.5007 16.51125 43.50069 16.5113 43.50068 16.51138 43.50066 16.51165 43.50065 16.51179 43.50065 16.51192 43.50067 16.51207 43.5007 16.51239 43.50073 16.51269 43.50074 16.51295 43.50074 16.51311 43.50074 16.51351 43.50075 16.51359 43.50076 16.51373 43.50078 16.51397 43.50078 16.51426 43.50077 16.51462 43.50073 16.51483 43.50072 16.51497 43.50071 16.51524 43.5007 16.51547 43.5007 16.51576 43.50065 16.51597 43.50061 16.51617 43.50049 16.51648 43.50048 16.5166 43.50048 16.5168 43.5005 16.51715 43.5005 16.51737 43.50049 16.51754 43.5004 16.51787 43.50038 16.51802 43.50035 16.51821 43.50033 16.51854 43.5003 16.51875 43.50024 16.51888 43.50017 16.51901 43.50012 16.51905 43.49997 16.51952 43.49988 16.51978 43.49963 16.52032 43.49944 16.52084 43.49935 16.52099 43.49923 16.52111 43.49911 16.52128 43.49896 16.52166 43.49884 16.52182 43.4987 16.52185 43.49859 16.52197 43.4985 16.52208 43.49835 16.52251 43.49823 16.52264 43.49781 16.5231 43.49776 16.52322 43.49773 16.52342 43.49771 16.52356 43.49768 16.52372 43.49762 16.52387 43.49762 16.52392 43.49763 16.52397 43.49765 16.52399 43.49766 16.52406 43.49767 16.52428 43.49768 16.52433 43.49773 16.52437 43.49776 16.52442 43.49777 16.52446 43.49777 16.52451 43.49778 16.52458 43.4978 16.52462 43.49797 16.52484 43.49802 16.52495 43.49808 16.52499 43.49816 16.52505 43.49818 16.52513 43.49819 16.52518 43.49814 16.5253 43.49821 16.52537 43.49828 16.52524 43.49839 16.52536 43.4984 16.52542 43.49835 16.52551 43.49842 16.52559 43.49848 16.52549 43.49853 16.52551 43.49856 16.5256 43.49849 16.52573 43.49856 16.52581 43.49866 16.52567 43.49879 16.52567 43.49892 16.52592 43.49903 16.52584 43.49911 16.52592 43.49926 16.52616 43.4994 16.52601 43.49923 16.52569 43.49957 16.52537 43.49952 16.52526 43.49942 16.52535 43.49936 16.52534 43.49935 16.52495 43.49948 16.52405 43.49953 16.52367 43.49955 16.52341 43.4996 16.52331 43.49976 16.52331 43.49987 16.52328 43.5 16.52322 43.50027 16.52314 43.50057 16.52308 43.50079 16.52303 43.50096 16.52301 43.50099 16.52302 43.50102 16.52305 43.50142 16.52365 43.50155 16.52383 43.5019 16.52442 43.50203 16.5246 43.50231 16.52509 43.50239 16.52521 43.50249 16.52534 43.50267 16.52569 43.50274 16.52585 43.50281 16.52604 43.5029 16.5263 43.5029 16.52631 43.50298 16.52662 43.50298 16.52679 43.50298 16.52697 43.50297 16.5271 43.50296 16.52724 43.50293 16.52752 43.50292 16.52759 43.5029 16.52764 43.50288 16.5277 43.50285 16.52775 43.50279 16.52782 43.50263 16.52794 43.50239 16.52819 43.50233 16.52824 43.50231 16.52829 43.50229 16.52831 43.50229 16.52834 43.50228 16.52835 43.50227 16.52838 43.50228 16.5284 43.50231 16.52843 43.50235 16.52846 43.50246 16.52849 43.50251 16.5285 43.50261 16.5285 43.50283 16.5285 43.50307 16.52852 43.50315 16.52854 43.50334 16.52855 43.50355 16.52858 43.50371 16.52862 43.50385 16.52868 43.50397 16.52875 43.50411 16.52887 43.5042 16.52898 43.50426 16.52907 43.50434 16.52921 43.50443 16.52937 43.50447 16.52952 43.5045 16.52964 43.50455 16.52981 43.50456 16.53 43.50458 16.53005 43.50459 16.53016 43.50461 16.53026 43.50464 16.53036 43.50469 16.53046 43.50474 16.53053 43.50477 16.53055 43.50483 16.53057 43.50487 16.53057 43.5049 16.53058 43.50492 16.53058 43.50493 16.53062 43.50493 16.53064 43.50492 16.53068 43.50491 16.53072 43.50489 16.53076 43.50487 16.53081 43.50485 16.53085 43.50482 16.53087 43.50481 16.53087 43.50477 16.53087 43.50469 16.53089 43.50464 16.53091 43.50462 16.53091 43.50456 16.53096 43.50452 16.53099 43.50445 16.53106 43.50443 16.53109 43.50471 16.53118 43.50484 16.53122 43.50503 16.53129 43.50559 16.53147 43.50571 16.53173 43.50572 16.53174 43.50623 16.53286 43.50645 16.53376 43.50645 16.53376 43.50671 16.53484 43.50781 16.53518 43.50871 16.53665 43.50872 16.53704 43.50873 16.5372 43.51085 16.53755 43.51272 16.53748 43.51333 16.53912 43.51338 16.53924 43.51374 16.54022 43.51521 16.54127 43.51552 16.54154 43.5156 16.54161 43.51587 16.54184 43.51616 16.54208 43.51628 16.54219 43.51642 16.54231 43.5166 16.5426 43.51686 16.54303 43.51775 16.54351 43.51824 16.5437 43.5185 16.54367 43.51856 16.54366 43.51865 16.54365 43.51874 16.54393 43.51877 16.54406 43.51065 16.55464 43.51055 16.55477 43.50828 16.55705 43.50775 16.55758 43.50724 16.55809 43.50139 16.56385 43.50018 16.56504 43.50017 16.56505 43.49727 16.56823 43.49281 16.57313 43.49264 16.57342 43.4899 16.57797 43.48778 16.5815 43.47678 16.59018 43.47674 16.59037 43.47667 16.59067 43.47233 16.60523 43.47509 16.60921 43.47582 16.61027 43.47721 16.61234 43.47725 16.61243 43.47738 16.61275 43.47752 16.61292 43.47762 16.61306 43.47788 16.6132 43.47792 16.61322 43.47815 16.61353 43.47884 16.61446 43.47901 16.61486 43.4792 16.6153 43.47966 16.61665 43.47997 16.61756 43.48077 16.61968 43.48097 16.62023 43.48104 16.62042 43.48109 16.62047 43.48126 16.62063 43.48135 16.62072 43.48154 16.62072 43.48188 16.62071 43.4823 16.62017 43.4825 16.61991 43.48362 16.62034 43.48386 16.62008 43.48474 16.61988 43.48486 16.61972 43.48496 16.61958 43.4851 16.61907 43.48512 16.61904 43.48519 16.61893 43.4853 16.61877 43.48523 16.61862 43.48519 16.61853 43.48554 16.6185 43.48639 16.61811 43.48699 16.61732 43.48704 16.61725 43.48711 16.61722 43.48748 16.61705 43.48777 16.6175 43.48791 16.61754 43.48818 16.61721 43.48864 16.61661 43.48947 16.61776 43.48994 16.61742 43.49038 16.6171 43.49094 16.61699 43.49131 16.6167 43.49209 16.6161 43.49218 16.61603 43.49228 16.61595 43.49367 16.61521 43.49507 16.61397 43.49568 16.61357 43.49627 16.61319 43.49726 16.61417 43.49885 16.61565 43.49923 16.616 43.50025 16.61686 43.50214 16.6184 43.50399 16.61991 43.5069 16.62201 43.5102 16.62594 43.5151 16.63163 43.51936 16.63521 43.51956 16.63538 43.52591 16.64015 43.52654 16.64019 43.53164 16.64055 43.53642 16.64095 43.53655 16.64096 43.53683 16.64088 43.53582 16.63951 43.53148 16.63358 43.53223 16.62762</gml:posList>
                        </gml:LinearRing>
                      </gml:exterior>
                    </gml:Polygon>
                  </gml:surfaceMember>
                  <gml:surfaceMember>
                    <gml:Polygon gml:id="MEDIA_MONITORED_CILJ_ID_1_CILJ_ID_5_POLUTANT_1_MODEL_160">
                      <gml:exterior>
                        <gml:LinearRing>
                          <gml:posList srsDimension="2">43.53555 16.44877 43.53557 16.44886 43.53561 16.44892 43.53568 16.44897 43.53574 16.44896 43.53577 16.4489 43.53579 16.44875 43.53579 16.44863 43.53577 16.44858 43.53571 16.44849 43.53568 16.44847 43.53562 16.44848 43.53556 16.44853 43.53554 16.44866 43.53555 16.44877</gml:posList>
                        </gml:LinearRing>
                      </gml:exterior>
                    </gml:Polygon>
                  </gml:surfaceMember>
                  <gml:surfaceMember>
                    <gml:Polygon gml:id="MEDIA_MONITORED_CILJ_ID_1_CILJ_ID_5_POLUTANT_1_MODEL_161">
                      <gml:exterior>
                        <gml:LinearRing>
                          <gml:posList srsDimension="2">43.53573 16.44815 43.53576 16.4482 43.53579 16.4482 43.53581 16.44818 43.53583 16.44811 43.53583 16.44802 43.53581 16.44797 43.53578 16.44796 43.53574 16.44798 43.53572 16.44806 43.53573 16.44815</gml:posList>
                        </gml:LinearRing>
                      </gml:exterior>
                    </gml:Polygon>
                  </gml:surfaceMember>
                  <gml:surfaceMember>
                    <gml:Polygon gml:id="MEDIA_MONITORED_CILJ_ID_1_CILJ_ID_5_POLUTANT_1_MODEL_162">
                      <gml:exterior>
                        <gml:LinearRing>
                          <gml:posList srsDimension="2">43.50078 16.19384 43.50089 16.19396 43.50099 16.19398 43.50116 16.19394 43.50117 16.19395 43.50127 16.19382 43.50128 16.19367 43.50127 16.19355 43.50123 16.19346 43.50116 16.1934 43.50105 16.19338 43.50095 16.1934 43.50082 16.19352 43.50078 16.19362 43.50076 16.19373 43.50078 16.19384</gml:posList>
                        </gml:LinearRing>
                      </gml:exterior>
                    </gml:Polygon>
                  </gml:surfaceMember>
                  <gml:surfaceMember>
                    <gml:Polygon gml:id="MEDIA_MONITORED_CILJ_ID_1_CILJ_ID_5_POLUTANT_1_MODEL_163">
                      <gml:exterior>
                        <gml:LinearRing>
                          <gml:posList srsDimension="2">43.51051 16.31127 43.5106 16.31114 43.51069 16.31105 43.5108 16.31086 43.51097 16.31059 43.51113 16.31042 43.51124 16.31014 43.51129 16.30999 43.51141 16.3098 43.51147 16.30969 43.51139 16.30966 43.5113 16.30962 43.50764 16.30806 43.50767 16.30783 43.50759 16.3078 43.50747 16.30776 43.50733 16.30772 43.50716 16.30767 43.50696 16.30797 43.50541 16.30738 43.50029 16.3059 43.49979 16.30564 43.49848 16.3057 43.49762 16.30547 43.49557 16.3057 43.49401 16.30505 43.49377 16.3052 43.49337 16.30466 43.49032 16.30504 43.48761 16.30525 43.48649 16.30519 43.48639 16.30395 43.48555 16.30397 43.48606 16.30228 43.48648 16.30104 43.48631 16.30097 43.4862 16.30093 43.4861 16.3009 43.48605 16.30115 43.48594 16.30136 43.48586 16.30148 43.48585 16.30162 43.48581 16.30167 43.4857 16.30169 43.4856 16.30188 43.48559 16.30206 43.48553 16.30235 43.48554 16.303 43.48545 16.30324 43.48498 16.30403 43.48486 16.30411 43.48467 16.30411 43.48445 16.30426 43.48435 16.30442 43.48432 16.30453 43.48428 16.30455 43.48418 16.30455 43.4841 16.30462 43.48401 16.30499 43.48386 16.30538 43.48379 16.30566 43.48376 16.30586 43.48377 16.30609 43.48383 16.30632 43.48385 16.30662 43.48391 16.30674 43.48402 16.30687 43.48406 16.30699 43.48399 16.30783 43.48379 16.30852 43.48367 16.30884 43.48365 16.30904 43.48367 16.30948 43.48364 16.3097 43.48363 16.30998 43.48354 16.31026 43.48341 16.31055 43.48336 16.31093 43.48332 16.31133 43.48318 16.31203 43.48298 16.31313 43.48287 16.31355 43.48273 16.31381 43.4827 16.31389 43.48269 16.31398 43.48269 16.31418 43.48265 16.31425 43.48255 16.31448 43.48253 16.3146 43.48261 16.31567 43.48259 16.31693 43.4825 16.31764 43.48246 16.31789 43.48243 16.3182 43.4824 16.31844 43.48237 16.31865 43.4823 16.31882 43.4823 16.31907 43.48247 16.31947 43.48274 16.3199 43.48281 16.32012 43.48277 16.32097 43.48283 16.32126 43.48282 16.32249 43.48277 16.3227 43.48278 16.32291 43.48273 16.32308 43.48274 16.32318 43.48284 16.32341 43.48288 16.32358 43.48285 16.32377 43.48278 16.32408 43.48278 16.32442 43.4827 16.32474 43.48266 16.32509 43.48255 16.32542 43.48251 16.32562 43.48245 16.32583 43.48244 16.32599 43.48248 16.32607 43.48256 16.32609 43.48256 16.32615 43.48254 16.32623 43.4825 16.32629 43.4825 16.32641 43.48252 16.32664 43.4826 16.32701 43.48269 16.32721 43.48285 16.32774 43.48284 16.32796 43.48285 16.32813 43.48275 16.32828 43.48276 16.32849 43.48282 16.32885 43.48289 16.32902 43.48288 16.32929 43.48283 16.32954 43.48282 16.33004 43.48276 16.33036 43.48272 16.33055 43.48271 16.33138 43.48268 16.33164 43.48265 16.33236 43.48268 16.3325 43.4827 16.33285 43.48269 16.33344 43.48265 16.33374 43.48246 16.33422 43.48242 16.33445 43.48244 16.33502 43.48241 16.33616 43.48227 16.3368 43.4823 16.33759 43.48224 16.33795 43.48224 16.33838 43.48218 16.33867 43.48217 16.33914 43.4822 16.33924 43.48219 16.33944 43.48207 16.33996 43.4821 16.34077 43.48213 16.34092 43.48208 16.34124 43.48209 16.34203 43.48219 16.34266 43.48219 16.34282 43.48215 16.34293 43.48215 16.343 43.48207 16.34315 43.48206 16.34328 43.48206 16.34331 43.48209 16.34349 43.48223 16.34367 43.48239 16.34402 43.4824 16.34454 43.48252 16.34486 43.48253 16.34496 43.48248 16.34505 43.48248 16.34511 43.48259 16.34528 43.48262 16.34561 43.48259 16.34579 43.48259 16.34608 43.48256 16.3465 43.48259 16.34667 43.4826 16.34684 43.48256 16.34696 43.48251 16.34699 43.48244 16.34701 43.48242 16.34704 43.48239 16.34708 43.48238 16.34718 43.48246 16.34731 43.48247 16.34743 43.48243 16.34822 43.48233 16.34904 43.48232 16.34928 43.48236 16.34948 43.48233 16.35015 43.48238 16.35042 43.48238 16.35092 43.48243 16.35117 43.48253 16.35141 43.48261 16.35211 43.4827 16.35228 43.48283 16.35247 43.48286 16.35262 43.48288 16.35298 43.48294 16.35329 43.483 16.35343 43.48301 16.35355 43.48297 16.3537 43.48297 16.35387 43.48311 16.3542 43.48318 16.35477 43.4833 16.35512 43.48331 16.35531 43.48332 16.35603 43.48344 16.35632 43.48348 16.35642 43.48344 16.3565 43.48339 16.35649 43.48336 16.35645 43.4833 16.35645 43.48326 16.35652 43.48323 16.35662 43.4832 16.35704 43.48311 16.35728 43.48311 16.35739 43.48318 16.35751 43.48321 16.35771 43.48334 16.35801 43.48339 16.35823 43.48339 16.35838 43.48333 16.3586 43.48333 16.3587 43.48333 16.35879 43.48336 16.35889 43.48345 16.35899 43.4835 16.35908 43.48358 16.35927 43.48359 16.3594 43.4836 16.35983 43.48365 16.36012 43.48372 16.3612 43.48375 16.36133 43.48378 16.3616 43.48378 16.36195 43.48374 16.36215 43.48371 16.3624 43.48375 16.36274 43.4837 16.36291 43.48364 16.36304 43.48364 16.36317 43.48371 16.36323 43.48376 16.36341 43.48375 16.36401 43.48373 16.36418 43.48373 16.36427 43.48379 16.36439 43.48381 16.36455 43.48374 16.36474 43.48375 16.36531 43.48381 16.36551 43.48382 16.36578 43.48396 16.36626 43.48395 16.36675 43.484 16.36702 43.48399 16.36774 43.48396 16.36794 43.48389 16.36812 43.4839 16.36853 43.48395 16.3688 43.48393 16.36905 43.48398 16.36925 43.48412 16.36945 43.48426 16.36982 43.48429 16.37 43.48429 16.37024 43.48432 16.37036 43.48436 16.37059 43.48439 16.37067 43.48438 16.37087 43.48437 16.37097 43.48435 16.37109 43.48434 16.37121 43.48436 16.37129 43.48436 16.37137 43.48433 16.37148 43.48428 16.37173 43.48424 16.37192 43.48424 16.37213 43.48424 16.37228 43.48428 16.37239 43.48431 16.37243 43.48432 16.37246 43.48433 16.37248 43.48431 16.37263 43.48429 16.37286 43.48427 16.37293 43.48423 16.37304 43.48416 16.37325 43.48414 16.37344 43.48413 16.37365 43.48411 16.37382 43.48409 16.37398 43.48405 16.37414 43.48401 16.37431 43.48397 16.37455 43.48397 16.37473 43.48399 16.37485 43.48402 16.37501 43.48402 16.37513 43.48403 16.37528 43.48405 16.37536 43.48408 16.37545 43.48421 16.3757 43.48422 16.37593 43.48422 16.37605 43.48425 16.37621 43.48426 16.37631 43.48428 16.37638 43.4843 16.37645 43.48429 16.37651 43.48427 16.37659 43.4842 16.37675 43.48415 16.37691 43.48413 16.37697 43.48414 16.37724 43.48417 16.37735 43.48419 16.37749 43.48421 16.37762 43.48421 16.37777 43.48419 16.37791 43.48417 16.37805 43.48416 16.37814 43.48419 16.37848 43.48417 16.3786 43.48417 16.37877 43.48423 16.37906 43.48431 16.37949 43.48433 16.37966 43.48435 16.37977 43.48434 16.38006 43.48435 16.38019 43.48438 16.38038 43.48443 16.38061 43.4844 16.38077 43.4844 16.38093 43.48442 16.38121 43.48445 16.38138 43.48451 16.38175 43.48452 16.3819 43.48453 16.38205 43.48465 16.38232 43.48473 16.38254 43.48481 16.3829 43.48485 16.38304 43.48488 16.38321 43.48487 16.3835 43.48487 16.3836 43.48486 16.38373 43.48487 16.38385 43.48488 16.38408 43.48496 16.38436 43.48503 16.38461 43.48506 16.38472 43.48508 16.38481 43.48518 16.38496 43.48521 16.38503 43.48522 16.38518 43.48518 16.3853 43.48518 16.38553 43.4852 16.38572 43.48523 16.38581 43.48526 16.38595 43.48529 16.38614 43.4853 16.38633 43.48531 16.38651 43.48533 16.38669 43.4854 16.38691 43.48546 16.3871 43.48547 16.38713 43.48546 16.38744 43.48548 16.3876 43.4855 16.3877 43.48553 16.38779 43.48556 16.38787 43.48566 16.38806 43.48571 16.38812 43.48575 16.3882 43.48579 16.38833 43.4858 16.38843 43.48583 16.38855 43.48589 16.38864 43.48597 16.38873 43.48605 16.38882 43.48611 16.3889 43.48615 16.38902 43.48618 16.38912 43.48622 16.38925 43.48625 16.38935 43.4864 16.38956 43.48648 16.38967 43.48652 16.38979 43.48655 16.38988 43.48663 16.39005 43.48669 16.39015 43.48676 16.39027 43.48691 16.39047 43.48704 16.39066 43.48719 16.39086 43.48733 16.39103 43.48749 16.39125 43.48758 16.39139 43.48764 16.39146 43.4877 16.39154 43.48777 16.3916 43.48781 16.39169 43.48789 16.39186 43.48799 16.39195 43.48801 16.39197 43.48802 16.39198 43.48808 16.39198 43.48817 16.39201 43.48826 16.39207 43.48832 16.39213 43.48834 16.39215 43.48846 16.39218 43.48893 16.39218 43.48901 16.39218 43.4892 16.39215 43.48927 16.39211 43.48937 16.39195 43.48944 16.39177 43.48946 16.39165 43.48954 16.39147 43.48957 16.39135 43.48957 16.39126 43.48957 16.39114 43.48961 16.39099 43.48967 16.39082 43.48968 16.39068 43.48968 16.39045 43.48969 16.39035 43.48971 16.39023 43.48974 16.39012 43.48983 16.3899 43.48985 16.38973 43.48992 16.38934 43.48994 16.38924 43.48995 16.38903 43.48997 16.38884 43.48996 16.38817 43.48998 16.38795 43.48999 16.38783 43.49002 16.38771 43.49003 16.38752 43.49002 16.38737 43.49002 16.38702 43.49002 16.38686 43.49001 16.38664 43.48999 16.38657 43.48994 16.38641 43.4899 16.38623 43.48989 16.38591 43.48988 16.3857 43.48984 16.38558 43.48979 16.38542 43.48978 16.38518 43.48977 16.38494 43.48976 16.38486 43.48972 16.38478 43.48965 16.38465 43.48959 16.38448 43.48956 16.38428 43.48949 16.38412 43.48935 16.38388 43.48931 16.38369 43.48926 16.38351 43.48921 16.38341 43.48915 16.38329 43.48914 16.38319 43.48909 16.38293 43.48909 16.38276 43.48911 16.38253 43.48911 16.38238 43.48909 16.38227 43.48907 16.3821 43.48901 16.38194 43.48898 16.38177 43.48894 16.38152 43.48889 16.38127 43.48886 16.38112 43.48884 16.38099 43.48885 16.38091 43.48886 16.38074 43.48885 16.38063 43.48882 16.38049 43.48879 16.3804 43.48878 16.38034 43.48875 16.3803 43.48867 16.38024 43.48862 16.38017 43.48856 16.38002 43.48851 16.37984 43.48843 16.37964 43.48833 16.37929 43.48826 16.37909 43.48821 16.37899 43.48817 16.37888 43.48814 16.37865 43.4881 16.37842 43.48804 16.37826 43.48798 16.37809 43.48796 16.37788 43.48796 16.3778 43.48797 16.37776 43.48799 16.37768 43.48799 16.37753 43.48797 16.37746 43.48794 16.37729 43.48791 16.37711 43.4879 16.37696 43.48793 16.37682 43.48804 16.37641 43.48809 16.37617 43.48813 16.37592 43.48813 16.3758 43.48812 16.37567 43.48813 16.37538 43.48817 16.37517 43.4882 16.375 43.48823 16.37477 43.48824 16.37467 43.48829 16.37455 43.48835 16.37435 43.48837 16.37417 43.4884 16.37397 43.48846 16.37368 43.48849 16.37354 43.48857 16.37327 43.48865 16.37311 43.4887 16.37298 43.48879 16.37278 43.48887 16.37256 43.48893 16.37246 43.48903 16.37235 43.48912 16.37229 43.48929 16.37217 43.48945 16.37205 43.48954 16.37198 43.48974 16.37179 43.48988 16.37156 43.48992 16.37142 43.48997 16.37123 43.49001 16.37105 43.49006 16.37092 43.4901 16.37073 43.49014 16.37041 43.49014 16.37024 43.49011 16.37013 43.49007 16.37 43.49009 16.36981 43.49007 16.36963 43.49002 16.36951 43.49001 16.36926 43.4899 16.36901 43.4899 16.36881 43.48995 16.36866 43.49002 16.36852 43.49007 16.36845 43.49027 16.36825 43.4904 16.36805 43.49059 16.36774 43.49072 16.3673 43.49081 16.36708 43.49088 16.36698 43.49108 16.36689 43.4916 16.36675 43.49188 16.36663 43.49213 16.36647 43.49235 16.3664 43.49239 16.36635 43.49242 16.3663 43.49242 16.36618 43.49244 16.36613 43.49248 16.3661 43.49255 16.3661 43.49262 16.36603 43.49275 16.36561 43.4929 16.3653 43.49288 16.36502 43.49285 16.36492 43.49273 16.36477 43.49231 16.36466 43.49214 16.36457 43.492 16.36445 43.4919 16.36441 43.49172 16.3644 43.49161 16.36433 43.49155 16.36413 43.49148 16.36353 43.49141 16.36321 43.49142 16.36307 43.49143 16.36299 43.49189 16.36241 43.49195 16.36226 43.49204 16.36185 43.49212 16.36157 43.49227 16.36108 43.49238 16.36054 43.49238 16.36032 43.49233 16.36004 43.49223 16.3594 43.49213 16.35904 43.49208 16.35877 43.49199 16.35857 43.49178 16.35832 43.49175 16.35822 43.49176 16.3581 43.49191 16.35761 43.49195 16.35729 43.49196 16.35699 43.492 16.35663 43.49207 16.35645 43.49213 16.35612 43.49214 16.35578 43.49218 16.35552 43.49225 16.35522 43.49238 16.35475 43.49242 16.35448 43.49255 16.35401 43.49264 16.35356 43.49265 16.35272 43.49262 16.35255 43.49264 16.35243 43.49271 16.35229 43.4928 16.35219 43.49302 16.35202 43.49319 16.35173 43.49326 16.35127 43.49333 16.35094 43.49337 16.3507 43.4934 16.35032 43.49353 16.34993 43.49367 16.34924 43.49376 16.34899 43.49398 16.34858 43.49423 16.34821 43.4944 16.34793 43.49454 16.34766 43.49496 16.3468 43.495 16.34661 43.49505 16.34645 43.49516 16.34636 43.49534 16.34629 43.49547 16.34614 43.49563 16.3458 43.49582 16.34524 43.49593 16.34494 43.49601 16.34454 43.49615 16.34394 43.49628 16.34326 43.49639 16.34295 43.49668 16.34238 43.4969 16.34179 43.49709 16.34155 43.49725 16.34146 43.49736 16.34141 43.49759 16.34127 43.49791 16.341 43.49828 16.34079 43.49841 16.34071 43.49859 16.3405 43.49875 16.34022 43.49885 16.34001 43.49898 16.34018 43.49902 16.3402 43.49928 16.34052 43.49965 16.34044 43.49963 16.34025 43.49932 16.34033 43.49892 16.33983 43.49916 16.33928 43.49927 16.33893 43.49943 16.33858 43.49955 16.33852 43.49969 16.33876 43.49946 16.33919 43.49958 16.3393 43.4998 16.33892 43.49997 16.33899 43.50003 16.339 43.50049 16.33886 43.50072 16.33879 43.5009 16.33867 43.50114 16.3383 43.50127 16.33791 43.50129 16.33759 43.50133 16.33747 43.50151 16.33722 43.50156 16.33709 43.50155 16.3369 43.5015 16.33681 43.50148 16.33675 43.5015 16.33666 43.50155 16.33659 43.50165 16.33643 43.50167 16.33609 43.50171 16.33593 43.50171 16.33567 43.50175 16.33543 43.50179 16.33527 43.50176 16.33485 43.50179 16.33471 43.5019 16.33449 43.50194 16.33424 43.50197 16.33304 43.50194 16.33276 43.50195 16.33221 43.50191 16.33211 43.5019 16.33201 43.5019 16.33196 43.5019 16.33179 43.50187 16.33167 43.50178 16.33149 43.50173 16.33104 43.5016 16.33058 43.5016 16.33037 43.50173 16.33013 43.50185 16.33001 43.50193 16.32997 43.50204 16.32993 43.50211 16.32995 43.50219 16.33011 43.50227 16.33013 43.50237 16.33012 43.50261 16.32988 43.50272 16.32971 43.503 16.32886 43.50303 16.3282 43.50299 16.32809 43.50301 16.32797 43.50309 16.32781 43.50312 16.32764 43.50311 16.32704 43.5031 16.32685 43.50314 16.32658 43.50315 16.32623 43.50317 16.32607 43.50325 16.3259 43.50339 16.3256 43.5036 16.3253 43.50374 16.3252 43.50406 16.32484 43.50418 16.32476 43.50449 16.32438 43.50464 16.32403 43.50466 16.32388 43.50471 16.32374 43.50482 16.32359 43.5049 16.32342 43.50492 16.3231 43.50495 16.32295 43.50525 16.3225 43.50542 16.32197 43.50547 16.32189 43.50558 16.3218 43.50612 16.32154 43.50638 16.32138 43.50663 16.32128 43.50685 16.32111 43.5072 16.32094 43.50726 16.32087 43.50727 16.32065 43.50723 16.32055 43.50725 16.32046 43.50756 16.31999 43.50771 16.31977 43.50803 16.31922 43.50808 16.31906 43.50828 16.31857 43.50834 16.31839 43.50838 16.31808 43.50839 16.31775 43.5084 16.31765 43.50843 16.31758 43.50855 16.31723 43.50873 16.31664 43.5089 16.31616 43.50901 16.31589 43.50921 16.31542 43.50934 16.31513 43.50964 16.31456 43.50995 16.31399 43.51019 16.31356 43.51025 16.3134 43.51042 16.3131 43.51049 16.31286 43.51054 16.31268 43.51054 16.31232 43.5105 16.31192 43.51049 16.31165 43.51051 16.31127</gml:posList>
                        </gml:LinearRing>
                      </gml:exterior>
                    </gml:Polygon>
                  </gml:surfaceMember>
                  <gml:surfaceMember>
                    <gml:Polygon gml:id="MEDIA_MONITORED_CILJ_ID_1_CILJ_ID_5_POLUTANT_1_MODEL_164">
                      <gml:exterior>
                        <gml:LinearRing>
                          <gml:posList srsDimension="2">43.45812 16.14112 43.45815 16.14099 43.45855 16.14037 43.4587 16.13993 43.45876 16.13965 43.45896 16.13909 43.45918 16.13862 43.45934 16.13808 43.45941 16.13773 43.45954 16.13717 43.45956 16.13653 43.45953 16.13603 43.45943 16.13549 43.45943 16.13519 43.45938 16.1347 43.45922 16.1343 43.45917 16.13405 43.45912 16.13394 43.45907 16.13389 43.45898 16.13385 43.45891 16.13377 43.4588 16.1336 43.45863 16.13348 43.45828 16.13327 43.45797 16.13316 43.4576 16.13296 43.45646 16.13294 43.45598 16.13308 43.4554 16.13351 43.45511 16.13368 43.455 16.13373 43.4549 16.1338 43.45476 16.13396 43.45471 16.1341 43.45469 16.13426 43.45442 16.13486 43.45432 16.13519 43.45424 16.13554 43.45407 16.136 43.45389 16.1364 43.45371 16.13669 43.45335 16.13698 43.453 16.13739 43.45287 16.13766 43.45284 16.1379 43.45285 16.13907 43.45276 16.13951 43.45252 16.14018 43.45245 16.1405 43.45235 16.14109 43.45229 16.14175 43.45231 16.14188 43.45232 16.14215 43.4524 16.14231 43.45241 16.14239 43.4524 16.14244 43.45228 16.14266 43.45223 16.14279 43.4522 16.14305 43.45215 16.14341 43.45211 16.14356 43.45205 16.14373 43.45196 16.14395 43.45183 16.14389 43.45179 16.14406 43.45192 16.14413 43.45188 16.14449 43.45186 16.14459 43.45181 16.14469 43.45168 16.14462 43.45164 16.14476 43.45179 16.14485 43.45167 16.14513 43.45157 16.1454 43.45152 16.1456 43.45143 16.14584 43.45124 16.14605 43.45115 16.14613 43.45108 16.14607 43.45108 16.14587 43.45099 16.14588 43.45099 16.14602 43.45096 16.14605 43.4509 16.14599 43.45089 16.14564 43.45102 16.14564 43.45102 16.14551 43.45092 16.1455 43.45082 16.14546 43.45068 16.1453 43.45045 16.14499 43.45039 16.14483 43.45037 16.14468 43.45024 16.14469 43.45009 16.14478 43.44964 16.145 43.44962 16.14512 43.44955 16.14519 43.44945 16.14503 43.44938 16.14512 43.44947 16.14531 43.44944 16.14537 43.44934 16.14536 43.44925 16.14544 43.44917 16.14543 43.44903 16.14542 43.44902 16.14552 43.44898 16.14553 43.4489 16.14545 43.44881 16.14548 43.44865 16.14548 43.44859 16.14547 43.44857 16.14543 43.44857 16.1454 43.44858 16.14528 43.44866 16.14503 43.44875 16.1448 43.44882 16.14486 43.44887 16.14479 43.44879 16.14472 43.44882 16.14462 43.44892 16.14463 43.44894 16.14448 43.44886 16.14446 43.44914 16.14387 43.44925 16.14354 43.44956 16.14314 43.44975 16.14305 43.44997 16.14307 43.44997 16.14327 43.45006 16.14327 43.45007 16.14308 43.45028 16.14308 43.45046 16.14288 43.4505 16.14278 43.45061 16.14227 43.45063 16.14175 43.45045 16.13963 43.45031 16.13942 43.45011 16.13935 43.44996 16.13937 43.44951 16.13963 43.44938 16.1397 43.44925 16.13976 43.44906 16.13982 43.44892 16.13986 43.44889 16.13981 43.44886 16.13971 43.44878 16.13976 43.44883 16.13993 43.44869 16.13998 43.44845 16.13999 43.44835 16.14003 43.44813 16.14015 43.4481 16.14009 43.44804 16.14009 43.44803 16.14023 43.44796 16.14026 43.44786 16.14023 43.44782 16.14011 43.44789 16.14 43.44794 16.14006 43.44799 16.13999 43.44795 16.13992 43.44799 16.13988 43.44805 16.13994 43.44811 16.13985 43.44805 16.13977 43.44808 16.13969 43.44815 16.13977 43.44821 16.13968 43.44813 16.13958 43.44829 16.13922 43.44845 16.13887 43.44867 16.1386 43.44896 16.13823 43.44936 16.13742 43.44967 16.13696 43.44989 16.13655 43.45017 16.13612 43.45039 16.13569 43.45046 16.13547 43.45046 16.13525 43.45041 16.13507 43.4502 16.13475 43.45017 16.13455 43.45016 16.13435 43.45019 16.13423 43.45037 16.13403 43.45089 16.13362 43.45097 16.13348 43.45103 16.13329 43.45103 16.13298 43.45098 16.13224 43.45099 16.13214 43.45103 16.13196 43.45133 16.13126 43.45155 16.13049 43.45164 16.13021 43.45172 16.12986 43.45182 16.1293 43.45188 16.12898 43.45195 16.12855 43.45203 16.12813 43.45213 16.12737 43.45213 16.12672 43.45203 16.12611 43.45193 16.12564 43.45172 16.12499 43.45129 16.12412 43.45112 16.12387 43.45058 16.12334 43.45024 16.12308 43.44985 16.12283 43.44889 16.12226 43.44867 16.12214 43.44844 16.12204 43.44793 16.12186 43.44762 16.12176 43.44718 16.12169 43.44679 16.12177 43.44635 16.12193 43.44601 16.12202 43.44571 16.12216 43.44517 16.12252 43.44499 16.12269 43.44477 16.12281 43.44455 16.12303 43.44418 16.12357 43.44409 16.12372 43.44391 16.12423 43.44377 16.12452 43.44369 16.12489 43.44369 16.12532 43.44365 16.12546 43.44354 16.12558 43.44338 16.1257 43.44305 16.12587 43.4427 16.12621 43.44252 16.12645 43.44241 16.12669 43.44237 16.12714 43.44232 16.12729 43.44227 16.12737 43.44219 16.12741 43.44203 16.12745 43.4419 16.12743 43.44181 16.12738 43.4418 16.12722 43.44188 16.12722 43.44189 16.12715 43.44181 16.12715 43.4418 16.12655 43.44178 16.12628 43.44179 16.12613 43.44201 16.12544 43.44209 16.12503 43.44213 16.12479 43.44219 16.12444 43.44223 16.12419 43.44232 16.12407 43.44234 16.12391 43.44231 16.1238 43.44219 16.12366 43.44207 16.12349 43.44178 16.12335 43.4415 16.12303 43.44133 16.1229 43.44083 16.12263 43.44067 16.12257 43.43995 16.12257 43.43986 16.1225 43.43983 16.1224 43.43984 16.12232 43.43992 16.12223 43.44041 16.12196 43.44084 16.1216 43.44099 16.12153 43.4413 16.12151 43.44143 16.12148 43.44146 16.12143 43.4415 16.12143 43.44162 16.12162 43.4417 16.12168 43.44192 16.12168 43.44241 16.12151 43.44301 16.12115 43.44326 16.12087 43.44355 16.12016 43.44356 16.12007 43.44356 16.11982 43.44355 16.11962 43.44351 16.1195 43.44342 16.11925 43.44296 16.11853 43.44268 16.11783 43.44255 16.11765 43.44233 16.1175 43.44216 16.11741 43.44187 16.1173 43.44165 16.11726 43.44137 16.11731 43.44116 16.11748 43.44089 16.11757 43.44022 16.11756 43.43993 16.11762 43.43971 16.11762 43.43961 16.11756 43.43955 16.11748 43.43952 16.11729 43.4394 16.11715 43.4392 16.11705 43.43887 16.11693 43.4387 16.11672 43.43845 16.11641 43.4381 16.11617 43.43778 16.11589 43.43755 16.11571 43.43743 16.11558 43.43736 16.11546 43.43723 16.11538 43.43721 16.11533 43.43723 16.11526 43.43727 16.11516 43.43745 16.11469 43.43754 16.11437 43.43758 16.11404 43.4376 16.11367 43.43756 16.11272 43.43749 16.1122 43.43736 16.1116 43.43722 16.11121 43.43708 16.11093 43.43692 16.11068 43.43674 16.11051 43.43661 16.11031 43.43647 16.11011 43.43636 16.11008 43.43632 16.11012 43.43629 16.1102 43.43628 16.1103 43.43624 16.11029 43.43623 16.11024 43.43624 16.11 43.43622 16.10995 43.43617 16.1099 43.43591 16.10992 43.4358 16.10997 43.43568 16.11004 43.43548 16.11031 43.43542 16.11056 43.43536 16.11067 43.43527 16.11077 43.43519 16.11087 43.43515 16.11112 43.43509 16.11122 43.43498 16.11133 43.4349 16.1115 43.43476 16.11178 43.43462 16.112 43.43449 16.11212 43.43443 16.11227 43.43431 16.11231 43.43417 16.11224 43.43397 16.11225 43.43382 16.1122 43.4337 16.11208 43.43355 16.11198 43.4335 16.1119 43.43348 16.11178 43.43347 16.11116 43.43336 16.11037 43.43329 16.11016 43.43311 16.10958 43.433 16.10935 43.43288 16.10918 43.43275 16.10905 43.43259 16.10897 43.43205 16.10858 43.43179 16.10848 43.4316 16.10838 43.43116 16.10828 43.43102 16.10825 43.43068 16.10812 43.43026 16.10809 43.43008 16.10819 43.4299 16.10843 43.42981 16.10863 43.42975 16.10887 43.42974 16.10939 43.42967 16.11008 43.42966 16.1109 43.42961 16.11122 43.42959 16.11188 43.42968 16.11216 43.42968 16.11299 43.42967 16.11323 43.42961 16.11351 43.42937 16.1142 43.42895 16.11481 43.42892 16.11491 43.42888 16.11503 43.42889 16.11518 43.42891 16.11528 43.42889 16.1154 43.42882 16.1155 43.4288 16.11559 43.42878 16.11582 43.42872 16.11616 43.42874 16.11646 43.42881 16.11659 43.42888 16.11666 43.42897 16.11674 43.42946 16.11692 43.4301 16.11691 43.43018 16.11696 43.43023 16.11706 43.43021 16.11719 43.43015 16.11733 43.42994 16.11768 43.42986 16.11783 43.42979 16.11811 43.42978 16.11836 43.42984 16.11853 43.42987 16.11863 43.43003 16.11886 43.43009 16.11895 43.43014 16.11907 43.43013 16.11918 43.43007 16.11929 43.42992 16.11942 43.42977 16.11957 43.42953 16.11966 43.42947 16.11968 43.42941 16.11976 43.42937 16.11983 43.42932 16.12008 43.42931 16.12025 43.42931 16.12043 43.42929 16.1206 43.42929 16.12074 43.42943 16.12093 43.42951 16.12102 43.42958 16.12123 43.42965 16.12139 43.4297 16.12154 43.42966 16.12168 43.42922 16.12208 43.42899 16.12212 43.42892 16.12217 43.42871 16.12222 43.42855 16.12253 43.42846 16.12249 43.42845 16.12236 43.42841 16.1223 43.4283 16.12228 43.4282 16.12235 43.42807 16.12258 43.42799 16.12287 43.42788 16.12314 43.42784 16.12366 43.42791 16.12405 43.42819 16.12505 43.42833 16.1254 43.42836 16.12562 43.42832 16.12578 43.42827 16.12586 43.42816 16.12594 43.42776 16.12605 43.42769 16.12612 43.42762 16.12622 43.42751 16.12652 43.42748 16.12703 43.42749 16.12786 43.42755 16.1285 43.42754 16.12901 43.42746 16.12936 43.42745 16.12949 43.42746 16.1296 43.42753 16.12973 43.42756 16.12988 43.42756 16.13007 43.42752 16.1302 43.42752 16.13035 43.42756 16.1304 43.42763 16.13038 43.42773 16.13034 43.42781 16.13029 43.42786 16.13031 43.42786 16.13038 43.42781 16.13045 43.42777 16.13052 43.42776 16.13055 43.42778 16.13057 43.42783 16.13057 43.42799 16.13058 43.42805 16.13065 43.42809 16.1308 43.42806 16.13085 43.42797 16.13087 43.42793 16.13095 43.42796 16.13119 43.42795 16.13132 43.428 16.13139 43.42807 16.13137 43.42812 16.13128 43.4282 16.13137 43.42818 16.13146 43.42821 16.13154 43.4283 16.13164 43.42848 16.13187 43.42864 16.13222 43.42869 16.13234 43.42885 16.13264 43.42906 16.13312 43.4292 16.13334 43.42942 16.13352 43.42976 16.1339 43.43011 16.1341 43.43038 16.13418 43.43073 16.13449 43.43093 16.1346 43.43128 16.13462 43.43133 16.13469 43.43135 16.13484 43.4314 16.13496 43.43138 16.13509 43.43122 16.1353 43.43113 16.1355 43.43109 16.13575 43.43099 16.136 43.43101 16.13627 43.43116 16.1364 43.43123 16.13645 43.43124 16.13652 43.43122 16.1366 43.43117 16.13684 43.43113 16.13696 43.43078 16.1374 43.43069 16.13762 43.43067 16.13774 43.43067 16.13799 43.4307 16.13814 43.43099 16.13859 43.43118 16.13878 43.43121 16.13889 43.4312 16.13899 43.43107 16.13918 43.43096 16.13945 43.43074 16.13972 43.43051 16.13994 43.43045 16.14003 43.43034 16.14033 43.43028 16.14057 43.43018 16.14075 43.43015 16.14091 43.43006 16.14146 43.42995 16.14175 43.42969 16.14222 43.42962 16.14241 43.42954 16.14278 43.42952 16.1431 43.42947 16.14331 43.42949 16.14389 43.42955 16.14418 43.4296 16.14461 43.42966 16.14501 43.42976 16.14521 43.42989 16.14558 43.43005 16.14574 43.43009 16.14581 43.43008 16.14588 43.43002 16.14589 43.42992 16.14589 43.42986 16.14591 43.42985 16.146 43.42996 16.14613 43.43017 16.1462 43.43055 16.14643 43.43076 16.14659 43.43092 16.14676 43.43142 16.14709 43.43157 16.14724 43.43169 16.14732 43.43207 16.1478 43.43248 16.1481 43.43269 16.14818 43.43298 16.14818 43.43329 16.14807 43.43356 16.14783 43.43435 16.14673 43.43464 16.14622 43.43495 16.14583 43.4355 16.14492 43.43564 16.1448 43.43575 16.14475 43.43585 16.14479 43.43591 16.14483 43.43602 16.14498 43.43607 16.14513 43.43612 16.14558 43.43626 16.14588 43.43626 16.14602 43.4362 16.14622 43.43608 16.14664 43.436 16.14678 43.43594 16.1471 43.43594 16.1474 43.43603 16.1478 43.43626 16.1483 43.43631 16.14854 43.43629 16.14869 43.43623 16.14881 43.43594 16.14918 43.43576 16.14973 43.43572 16.14994 43.43568 16.15012 43.43568 16.15046 43.43565 16.15061 43.43564 16.15085 43.43572 16.15123 43.43581 16.15145 43.43586 16.15182 43.43598 16.15207 43.43616 16.15257 43.43635 16.15284 43.43651 16.15295 43.43669 16.153 43.43701 16.15321 43.43731 16.15332 43.43775 16.15332 43.43808 16.15325 43.4382 16.15318 43.43847 16.15316 43.43855 16.15321 43.43876 16.15324 43.43882 16.15327 43.43885 16.15336 43.43881 16.15351 43.43863 16.15375 43.43854 16.15395 43.4385 16.15414 43.4385 16.15466 43.43844 16.15483 43.43831 16.15503 43.43816 16.15502 43.43806 16.15503 43.43762 16.15534 43.43699 16.15607 43.43682 16.15609 43.4367 16.15601 43.43661 16.15601 43.4365 16.15613 43.43641 16.15613 43.43634 16.15606 43.43614 16.15608 43.43594 16.15625 43.43579 16.15648 43.43563 16.15688 43.43546 16.15757 43.43545 16.15767 43.43546 16.15782 43.43557 16.15799 43.43558 16.15807 43.43556 16.15818 43.43553 16.15828 43.43557 16.15846 43.43561 16.15856 43.43559 16.15864 43.43554 16.15871 43.43505 16.15902 43.43452 16.1595 43.43443 16.15955 43.43425 16.1598 43.43389 16.16013 43.43337 16.16096 43.43324 16.16126 43.43299 16.1617 43.43253 16.16243 43.43242 16.16277 43.43222 16.16326 43.43223 16.16334 43.43234 16.16342 43.43239 16.16354 43.43239 16.16359 43.43234 16.16364 43.43214 16.16363 43.4321 16.16368 43.43205 16.16375 43.43195 16.16427 43.43195 16.16462 43.43202 16.16504 43.43201 16.16546 43.43196 16.16576 43.43189 16.16605 43.43186 16.1663 43.4319 16.1665 43.43196 16.16687 43.43195 16.16766 43.43199 16.16805 43.43211 16.16845 43.43223 16.1687 43.4323 16.16885 43.43244 16.169 43.4327 16.16913 43.43293 16.16931 43.4332 16.16943 43.43345 16.16949 43.43421 16.16987 43.43442 16.16993 43.43463 16.16998 43.43517 16.17016 43.43544 16.17029 43.43626 16.17051 43.43668 16.17051 43.43699 16.17046 43.43714 16.17039 43.43741 16.17033 43.4376 16.17018 43.43779 16.17018 43.43785 16.17013 43.43802 16.16997 43.43812 16.16992 43.43839 16.1699 43.43847 16.16988 43.43867 16.16985 43.43875 16.16979 43.43876 16.16973 43.43869 16.16964 43.43854 16.16951 43.43851 16.16938 43.43862 16.16927 43.43878 16.16919 43.43897 16.16921 43.4392 16.16936 43.43942 16.1695 43.43951 16.16956 43.43961 16.16965 43.43967 16.16983 43.43972 16.17018 43.43973 16.17043 43.43988 16.171 43.44016 16.1714 43.44041 16.17162 43.44057 16.17185 43.44068 16.17215 43.44074 16.17254 43.44071 16.17393 43.44078 16.1743 43.44083 16.17444 43.44095 16.17485 43.44102 16.175 43.44133 16.17542 43.44139 16.17558 43.44159 16.17585 43.4417 16.17601 43.4416 16.17623 43.4417 16.17635 43.44181 16.17614 43.44186 16.17625 43.44204 16.1765 43.44225 16.1765 43.44263 16.17636 43.44301 16.17615 43.44324 16.17595 43.44336 16.17578 43.44372 16.17549 43.44401 16.17515 43.44427 16.17494 43.44505 16.17444 43.44517 16.1743 43.44526 16.17424 43.4454 16.17412 43.44554 16.17407 43.44567 16.17406 43.44579 16.17408 43.44603 16.17419 43.44618 16.17426 43.44634 16.17433 43.44663 16.17444 43.44675 16.17452 43.44706 16.17454 43.44722 16.1746 43.4476 16.17456 43.44818 16.17429 43.44849 16.17408 43.44867 16.17379 43.4488 16.17332 43.44891 16.17307 43.4491 16.1727 43.44912 16.17268 43.44916 16.17263 43.44921 16.17262 43.44928 16.17266 43.44967 16.17311 43.44981 16.17319 43.44995 16.17324 43.45021 16.17325 43.45046 16.17315 43.45082 16.17286 43.45095 16.17269 43.45104 16.1725 43.45113 16.17221 43.45117 16.17192 43.45119 16.17171 43.45124 16.17135 43.45129 16.17117 43.45136 16.17107 43.45149 16.171 43.45181 16.17095 43.45236 16.17072 43.45263 16.17045 43.45307 16.16989 43.45321 16.16975 43.45343 16.16963 43.45355 16.16951 43.45365 16.16935 43.45376 16.1691 43.45383 16.16889 43.45387 16.16862 43.4539 16.16837 43.45391 16.16823 43.45397 16.16813 43.45408 16.16813 43.45425 16.16823 43.45465 16.16829 43.4549 16.16825 43.45532 16.16806 43.45539 16.16798 43.45577 16.16767 43.45597 16.16743 43.45627 16.16704 43.45635 16.16684 43.45659 16.16648 43.45678 16.16591 43.45686 16.16554 43.45708 16.1648 43.45716 16.16416 43.45719 16.16325 43.45714 16.16263 43.45709 16.16251 43.45707 16.16226 43.45707 16.16209 43.45709 16.16201 43.45715 16.16194 43.45725 16.16187 43.45761 16.16182 43.4579 16.16166 43.45812 16.16136 43.45833 16.16085 43.45848 16.15972 43.45851 16.1589 43.45839 16.1585 43.45808 16.1581 43.45806 16.15802 43.45807 16.15795 43.45812 16.15787 43.45821 16.15778 43.45856 16.15767 43.45872 16.15752 43.45885 16.15735 43.45898 16.15699 43.45903 16.15676 43.45907 16.15651 43.4591 16.15567 43.45907 16.15533 43.459 16.15471 43.45896 16.15356 43.4589 16.15322 43.45886 16.15305 43.45879 16.15268 43.45877 16.15243 43.45862 16.15146 43.4586 16.15123 43.45857 16.15102 43.45848 16.15067 43.45841 16.15018 43.45832 16.14995 43.4582 16.1498 43.45804 16.14967 43.45779 16.14952 43.45718 16.14943 43.45714 16.14937 43.45713 16.14931 43.45713 16.14921 43.45722 16.14879 43.4575 16.14815 43.45762 16.14773 43.45767 16.14742 43.45762 16.14655 43.45746 16.14546 43.45747 16.14483 43.4575 16.14446 43.45761 16.14386 43.45766 16.14341 43.4578 16.1428 43.45792 16.14219 43.45803 16.14197 43.4581 16.14177 43.45812 16.14161 43.45811 16.14123 43.45812 16.14112</gml:posList>
                        </gml:LinearRing>
                      </gml:exterior>
                    </gml:Polygon>
                  </gml:surfaceMember>
                  <gml:surfaceMember>
                    <gml:Polygon gml:id="MEDIA_MONITORED_CILJ_ID_1_CILJ_ID_5_POLUTANT_1_MODEL_165">
                      <gml:exterior>
                        <gml:LinearRing>
                          <gml:posList srsDimension="2">43.5301 16.43902 43.5301 16.4389 43.5301 16.43886 43.53008 16.43879 43.53004 16.43877 43.52999 16.43877 43.52996 16.43881 43.52995 16.43891 43.52996 16.43898 43.52998 16.43906 43.53 16.43908 43.53003 16.4391 43.53007 16.43908 43.5301 16.43902</gml:posList>
                        </gml:LinearRing>
                      </gml:exterior>
                    </gml:Polygon>
                  </gml:surfaceMember>
                  <gml:surfaceMember>
                    <gml:Polygon gml:id="MEDIA_MONITORED_CILJ_ID_1_CILJ_ID_5_POLUTANT_1_MODEL_166">
                      <gml:exterior>
                        <gml:LinearRing>
                          <gml:posList srsDimension="2">43.48228 16.34687 43.48231 16.34691 43.48236 16.34693 43.48241 16.34692 43.48243 16.3469 43.48243 16.34681 43.48239 16.34676 43.48235 16.34674 43.4823 16.34674 43.48229 16.34678 43.48228 16.34683 43.48228 16.34687</gml:posList>
                        </gml:LinearRing>
                      </gml:exterior>
                    </gml:Polygon>
                  </gml:surfaceMember>
                  <gml:surfaceMember>
                    <gml:Polygon gml:id="MEDIA_MONITORED_CILJ_ID_1_CILJ_ID_5_POLUTANT_1_MODEL_167">
                      <gml:exterior>
                        <gml:LinearRing>
                          <gml:posList srsDimension="2">43.5363 16.44415 43.53633 16.44421 43.53637 16.44421 43.53641 16.44419 43.53645 16.44412 43.53649 16.44399 43.53648 16.44394 43.53644 16.44389 43.53638 16.44389 43.53631 16.44396 43.5363 16.44404 43.5363 16.44415</gml:posList>
                        </gml:LinearRing>
                      </gml:exterior>
                    </gml:Polygon>
                  </gml:surfaceMember>
                  <gml:surfaceMember>
                    <gml:Polygon gml:id="MEDIA_MONITORED_CILJ_ID_1_CILJ_ID_5_POLUTANT_1_MODEL_168">
                      <gml:exterior>
                        <gml:LinearRing>
                          <gml:posList srsDimension="2">43.52418 16.27612 43.52478 16.27707 43.52487 16.27707 43.52499 16.2769 43.52509 16.27673 43.52508 16.27667 43.52503 16.27654 43.52499 16.27652 43.52493 16.27655 43.52484 16.27661 43.52482 16.27661 43.52477 16.2766 43.52471 16.27653 43.5246 16.27632 43.52448 16.2761 43.52445 16.276 43.52438 16.2757 43.52434 16.2754 43.52428 16.27524 43.52422 16.27512 43.52417 16.27496 43.52417 16.27481 43.52423 16.27462 43.52423 16.27435 43.52414 16.27404 43.52415 16.27389 43.52416 16.27384 43.52418 16.27379 43.52424 16.27374 43.52436 16.27375 43.52442 16.27367 43.52442 16.2736 43.52437 16.27352 43.5241 16.27352 43.52401 16.27359 43.52397 16.27369 43.52396 16.27411 43.524 16.27433 43.52403 16.27466 43.52404 16.2749 43.52402 16.27547 43.52405 16.27582 43.52418 16.27612</gml:posList>
                        </gml:LinearRing>
                      </gml:exterior>
                    </gml:Polygon>
                  </gml:surfaceMember>
                  <gml:surfaceMember>
                    <gml:Polygon gml:id="MEDIA_MONITORED_CILJ_ID_1_CILJ_ID_5_POLUTANT_1_MODEL_169">
                      <gml:exterior>
                        <gml:LinearRing>
                          <gml:posList srsDimension="2">43.58534 16.47565 43.58764 16.46715 43.58899 16.45595 43.58951 16.45112 43.59091 16.43813 43.58676 16.43165 43.57105 16.4132 43.57031 16.41939 43.56908 16.42981 43.56988 16.43096 43.56776 16.43584 43.56765 16.43788 43.5643 16.44156 43.56311 16.44468 43.56216 16.44651 43.55815 16.44554 43.55785 16.44637 43.55773 16.44671 43.55741 16.44693 43.55711 16.44713 43.55668 16.44741 43.55464 16.45812 43.55378 16.45839 43.55337 16.45931 43.55231 16.45945 43.55222 16.45946 43.54973 16.45886 43.54956 16.45882 43.54943 16.45879 43.54928 16.45875 43.54927 16.45875 43.54846 16.45855 43.54768 16.45837 43.54695 16.45819 43.54557 16.45761 43.5454 16.45765 43.54498 16.45772 43.54496 16.45772 43.54459 16.45796 43.54444 16.4589 43.54356 16.46023 43.54197 16.46066 43.54189 16.46071 43.54184 16.46073 43.54177 16.46079 43.54135 16.46103 43.53981 16.46194 43.53767 16.46171 43.53765 16.46173 43.53763 16.46188 43.53769 16.462 43.5377 16.46207 43.53764 16.46211 43.53747 16.46211 43.53726 16.46213 43.53719 16.46217 43.53709 16.4623 43.53706 16.46235 43.53705 16.46262 43.53702 16.46275 43.53695 16.46286 43.53694 16.4629 43.53669 16.46284 43.53667 16.46289 43.53645 16.46399 43.53644 16.46411 43.53639 16.46435 43.53628 16.46484 43.53621 16.46528 43.53624 16.46541 43.53631 16.4655 43.53634 16.46557 43.53634 16.46571 43.53627 16.46573 43.53626 16.46572 43.53623 16.4656 43.53614 16.46569 43.53617 16.46578 43.53618 16.46606 43.53619 16.46633 43.53627 16.46635 43.53635 16.46629 43.53645 16.46633 43.53649 16.46634 43.53657 16.46635 43.53663 16.4664 43.53671 16.46661 43.53677 16.46677 43.53689 16.4671 43.53694 16.46727 43.537 16.46743 43.53703 16.46754 43.53699 16.46758 43.5369 16.46762 43.53682 16.46764 43.53646 16.46766 43.53643 16.46761 43.53642 16.46733 43.53634 16.46734 43.53634 16.46767 43.53637 16.46774 43.53646 16.46779 43.53686 16.46778 43.53694 16.46778 43.53699 16.46788 43.53701 16.46809 43.53706 16.46822 43.53708 16.46826 43.5371 16.46832 43.53724 16.46834 43.53729 16.46835 43.53737 16.46847 43.53739 16.4686 43.53738 16.46885 43.53715 16.46953 43.53711 16.46979 43.53708 16.46991 43.53702 16.46999 43.53688 16.47008 43.53678 16.47015 43.53669 16.47019 43.53662 16.47024 43.53638 16.47073 43.5363 16.47099 43.53599 16.47141 43.53594 16.47153 43.53592 16.47186 43.53594 16.47197 43.53593 16.47214 43.5359 16.47228 43.53591 16.47246 43.53593 16.47265 43.53592 16.47287 43.53585 16.47321 43.53572 16.47356 43.53572 16.47358 43.53556 16.47404 43.53537 16.47445 43.5352 16.47476 43.53506 16.47499 43.53503 16.47508 43.53492 16.47531 43.53486 16.47553 43.53486 16.47565 43.53486 16.47567 43.53486 16.47577 43.53484 16.47581 43.53472 16.47594 43.53459 16.47607 43.53425 16.4748 43.53385 16.47505 43.53376 16.47512 43.53344 16.47528 43.53314 16.47542 43.53284 16.47555 43.53288 16.47569 43.53322 16.47552 43.5342 16.47501 43.53422 16.47501 43.53425 16.4751 43.53436 16.47557 43.53436 16.47563 43.53304 16.47682 43.53299 16.47683 43.5327 16.47686 43.53268 16.4768 43.53265 16.47655 43.53259 16.47609 43.5325 16.47609 43.53252 16.47639 43.53256 16.4767 43.53258 16.47687 43.5326 16.477 43.53258 16.47711 43.53248 16.47724 43.53235 16.47734 43.53221 16.47741 43.53213 16.47744 43.53211 16.4774 43.53212 16.47674 43.53215 16.47652 43.53214 16.47624 43.53215 16.47579 43.53218 16.47559 43.53219 16.4754 43.53219 16.47513 43.53218 16.47498 43.5322 16.47483 43.53225 16.47462 43.53237 16.47431 43.53244 16.47407 43.53248 16.47392 43.5325 16.47377 43.5325 16.47364 43.53245 16.47337 43.53243 16.47324 43.53243 16.47317 43.53243 16.47295 43.53249 16.47275 43.53253 16.47263 43.53255 16.47254 43.53255 16.47247 43.53252 16.47241 43.53247 16.47233 43.53243 16.47229 43.53242 16.47225 43.53245 16.47219 43.53247 16.47211 43.53246 16.47207 43.53244 16.47203 43.53242 16.47198 43.5324 16.47189 43.5324 16.47153 43.53238 16.47147 43.53235 16.4714 43.53231 16.47136 43.53202 16.47133 43.53191 16.47125 43.53182 16.47117 43.53174 16.47111 43.53168 16.47108 43.53161 16.47101 43.53157 16.47095 43.53151 16.47087 43.53148 16.4708 43.53147 16.47065 43.53149 16.4705 43.53152 16.4704 43.53158 16.47032 43.53163 16.4703 43.53165 16.47032 43.53171 16.47038 43.53179 16.4704 43.5318 16.47041 43.53185 16.47037 43.53193 16.4703 43.53197 16.4703 43.53204 16.47025 43.53211 16.47014 43.53216 16.47011 43.53223 16.4701 43.53228 16.47014 43.53235 16.47013 43.53241 16.47005 43.53243 16.46998 43.53245 16.46991 43.53248 16.46984 43.53252 16.46979 43.53255 16.46973 43.53257 16.46969 43.53258 16.46964 43.53258 16.46958 43.53257 16.46952 43.53257 16.46941 43.53254 16.46936 43.53251 16.46931 43.5325 16.46929 43.53249 16.46926 43.53248 16.46918 43.53249 16.46914 43.53252 16.46908 43.53255 16.46901 43.53256 16.46899 43.53257 16.46886 43.53256 16.46884 43.53256 16.46881 43.53254 16.4688 43.53254 16.46878 43.53254 16.4687 43.53256 16.46862 43.53257 16.46857 43.53258 16.4685 43.5326 16.46847 43.53265 16.46846 43.53267 16.46842 43.53267 16.46841 43.53266 16.46838 43.53264 16.46835 43.53261 16.46834 43.53258 16.46833 43.53256 16.46832 43.53252 16.4683 43.53248 16.4683 43.5324 16.46834 43.53233 16.46836 43.53228 16.46838 43.53223 16.46837 43.5322 16.46835 43.53217 16.46833 43.53207 16.46823 43.53204 16.46819 43.532 16.46814 43.53199 16.46809 43.53199 16.46799 43.53202 16.4679 43.53204 16.46783 43.53205 16.46778 43.53207 16.46772 43.53207 16.46765 43.53207 16.46757 43.53205 16.46748 43.53201 16.46743 43.53195 16.46734 43.53192 16.46729 43.53189 16.46721 43.53189 16.46713 43.53187 16.46708 43.53185 16.46697 43.53184 16.46683 43.53183 16.46681 43.53181 16.46678 43.5318 16.46667 43.53178 16.46658 43.53177 16.46656 43.53175 16.46646 43.53172 16.46641 43.53167 16.46635 43.53156 16.46633 43.53155 16.46633 43.53102 16.46632 43.53104 16.46648 43.53105 16.46662 43.53106 16.46674 43.53109 16.46685 43.53111 16.46692 43.53111 16.46702 43.5311 16.46703 43.53103 16.46701 43.53088 16.46693 43.53085 16.46687 43.53083 16.46674 43.53081 16.4666 43.5308 16.46654 43.53078 16.46633 43.5306 16.46628 43.53058 16.46627 43.5306 16.46547 43.53051 16.46547 43.5305 16.46574 43.53045 16.4658 43.53043 16.46581 43.53038 16.46582 43.53022 16.46586 43.53018 16.46604 43.53014 16.46631 43.5301 16.46653 43.53006 16.46668 43.53005 16.46676 43.52983 16.46675 43.52982 16.46697 43.52979 16.46707 43.52976 16.46719 43.52973 16.46727 43.52917 16.46949 43.52916 16.46955 43.52908 16.46993 43.52901 16.4702 43.52901 16.47026 43.52909 16.47039 43.52908 16.47063 43.52906 16.47077 43.52902 16.47086 43.52901 16.47091 43.529 16.47096 43.52889 16.47114 43.52879 16.47126 43.52873 16.4714 43.52868 16.47162 43.52864 16.47178 43.52862 16.47183 43.52859 16.47184 43.52858 16.47182 43.52862 16.47169 43.52854 16.47165 43.52849 16.47176 43.52845 16.47193 43.52837 16.47222 43.52836 16.47229 43.52835 16.47237 43.52831 16.47251 43.52823 16.47273 43.52819 16.47285 43.52817 16.47297 43.52815 16.47307 43.52814 16.47312 43.52815 16.47318 43.52818 16.47319 43.52819 16.47318 43.52822 16.47313 43.52825 16.47307 43.52827 16.47305 43.5283 16.47304 43.52831 16.47305 43.52832 16.47309 43.52829 16.47318 43.52822 16.4733 43.52815 16.47346 43.52811 16.47356 43.5281 16.47367 43.52806 16.4738 43.52802 16.47392 43.52799 16.47401 43.52797 16.47408 43.52793 16.47414 43.52786 16.47418 43.5278 16.47423 43.52773 16.47435 43.52768 16.47445 43.52765 16.4745 43.52762 16.47452 43.52757 16.47451 43.52755 16.47447 43.52934 16.48203 43.52933 16.48279 43.52932 16.48297 43.52932 16.48332 43.52931 16.48388 43.52931 16.48403 43.52931 16.48405 43.5293 16.48409 43.52929 16.48867 43.52929 16.48958 43.52928 16.49343 43.52927 16.49517 43.52925 16.49528 43.52914 16.49595 43.52892 16.49734 43.52885 16.4986 43.52877 16.50005 43.5287 16.50055 43.52869 16.50063 43.52854 16.50169 43.52815 16.5043 43.5281 16.50444 43.52803 16.50462 43.52783 16.50512 43.52693 16.50737 43.52654 16.50788 43.52641 16.50805 43.52599 16.50812 43.52586 16.50814 43.52566 16.50823 43.52548 16.50914 43.52404 16.51043 43.52311 16.51282 43.52275 16.51441 43.52222 16.51677 43.52245 16.51679 43.52161 16.5209 43.52124 16.52365 43.52108 16.52521 43.52087 16.52717 43.52085 16.52737 43.52082 16.52759 43.52031 16.53073 43.52034 16.53138 43.52076 16.53196 43.5212 16.53209 43.52227 16.5324 43.5238 16.53233 43.52418 16.53231 43.52528 16.53343 43.52554 16.53369 43.52571 16.53386 43.53381 16.54183 43.53779 16.54575 43.53908 16.54702 43.54665 16.55448 43.54666 16.55449 43.54359 16.54804 43.5416 16.5422 43.54063 16.53936 43.54085 16.539 43.54181 16.53183 43.54281 16.52439 43.5429 16.52369 43.5429 16.52365 43.54292 16.52334 43.54297 16.52261 43.54277 16.52197 43.54229 16.52035 43.54156 16.51793 43.54151 16.51742 43.54142 16.51669 43.54133 16.51563 43.5413 16.51527 43.54116 16.5136 43.54035 16.51169 43.54018 16.5104 43.54016 16.51024 43.54058 16.50863 43.54075 16.50799 43.54068 16.50763 43.5406 16.50724 43.54024 16.50551 43.54033 16.50498 43.54052 16.50383 43.54055 16.50329 43.54061 16.50251 43.54063 16.50225 43.54063 16.50215 43.54063 16.50208 43.54062 16.50173 43.54061 16.50151 43.54059 16.50077 43.54041 16.49927 43.54023 16.49871 43.53999 16.49798 43.54001 16.49728 43.53977 16.49649 43.5397 16.49624 43.53936 16.49598 43.53914 16.49581 43.53832 16.49517 43.53802 16.49481 43.53764 16.49321 43.53767 16.49266 43.53778 16.49239 43.5378 16.49233 43.53825 16.49191 43.5388 16.49278 43.53932 16.49327 43.54008 16.49386 43.54093 16.4947 43.54112 16.49489 43.5414 16.49517 43.54153 16.49532 43.54174 16.49554 43.54184 16.49565 43.54267 16.49584 43.54332 16.49593 43.54361 16.49599 43.54425 16.49611 43.54463 16.49627 43.54483 16.49636 43.54491 16.49645 43.5454 16.49701 43.54551 16.49713 43.54601 16.49748 43.54652 16.49784 43.54695 16.49802 43.54711 16.49808 43.54738 16.49802 43.5479 16.4979 43.54798 16.49813 43.54808 16.49842 43.54824 16.49856 43.54833 16.49864 43.54871 16.49866 43.5497 16.4986 43.55012 16.49821 43.55047 16.49799 43.55065 16.49787 43.5515 16.498 43.55276 16.49818 43.55315 16.49883 43.55331 16.49893 43.55372 16.4992 43.55405 16.4993 43.5544 16.49941 43.55652 16.4991 43.55686 16.4991 43.55692 16.4991 43.55694 16.4991 43.55716 16.49937 43.5572 16.49942 43.55721 16.49944 43.55723 16.49946 43.5573 16.49955 43.55751 16.49992 43.55768 16.50021 43.55785 16.50041 43.55803 16.50064 43.55831 16.5015 43.55848 16.50249 43.559 16.50665 43.55918 16.50677 43.56042 16.50758 43.56078 16.50678 43.56124 16.50576 43.5614 16.50557 43.5615 16.50546 43.5619 16.50583 43.5623 16.5069 43.56271 16.5079 43.56345 16.50831 43.56374 16.5076 43.56404 16.50699 43.56412 16.50685 43.56421 16.5067 43.56433 16.5065 43.56445 16.50631 43.56451 16.50621 43.56453 16.50618 43.56443 16.50588 43.56436 16.50564 43.56453 16.50505 43.56482 16.50402 43.56522 16.50338 43.5653 16.50325 43.56602 16.50142 43.5662 16.49936 43.56703 16.49964 43.56739 16.49976 43.56804 16.49834 43.56858 16.49811 43.57 16.49753 43.57014 16.49747 43.57318 16.49623 43.57523 16.49539 43.57576 16.49517 43.57576 16.49516 43.58015 16.49351 43.58431 16.49284 43.58471 16.49192 43.58495 16.48594 43.58465 16.48352 43.58534 16.47565</gml:posList>
                        </gml:LinearRing>
                      </gml:exterior>
                    </gml:Polygon>
                  </gml:surfaceMember>
                  <gml:surfaceMember>
                    <gml:Polygon gml:id="MEDIA_MONITORED_CILJ_ID_1_CILJ_ID_5_POLUTANT_1_MODEL_170">
                      <gml:exterior>
                        <gml:LinearRing>
                          <gml:posList srsDimension="2">43.41548 16.1302 43.41593 16.12993 43.41606 16.12979 43.41615 16.12973 43.41622 16.12975 43.41626 16.12983 43.41629 16.12986 43.41638 16.12987 43.41667 16.12972 43.41678 16.12963 43.41702 16.12931 43.41718 16.12917 43.41733 16.12909 43.41742 16.12897 43.41771 16.12876 43.41791 16.12871 43.41818 16.12852 43.41889 16.12776 43.41907 16.12763 43.41934 16.12745 43.41952 16.12723 43.41956 16.12709 43.41967 16.12688 43.41982 16.12648 43.41997 16.12598 43.42002 16.12542 43.42005 16.12509 43.42012 16.1248 43.42022 16.12455 43.42044 16.12414 43.42047 16.12398 43.42051 16.12387 43.42073 16.12353 43.42079 16.12326 43.42083 16.12308 43.4209 16.12294 43.42098 16.12242 43.421 16.12197 43.42107 16.12167 43.42111 16.12114 43.42112 16.12069 43.42105 16.12037 43.42103 16.12027 43.42092 16.12002 43.4209 16.11983 43.42086 16.11968 43.4208 16.11942 43.42073 16.11919 43.42068 16.11909 43.42065 16.11903 43.42059 16.11898 43.42049 16.1189 43.42044 16.11885 43.42029 16.1188 43.42006 16.11879 43.41988 16.11877 43.41974 16.11874 43.41962 16.11872 43.41953 16.11874 43.41948 16.11874 43.41942 16.11876 43.41936 16.11879 43.41926 16.11882 43.4192 16.11885 43.4191 16.11891 43.41887 16.11909 43.41877 16.11918 43.41866 16.1192 43.41852 16.11927 43.41844 16.11933 43.41831 16.11947 43.41819 16.11967 43.41806 16.11981 43.41795 16.11989 43.41787 16.11994 43.41778 16.12 43.41769 16.12014 43.41754 16.12058 43.41739 16.12077 43.41721 16.12087 43.41705 16.12104 43.41701 16.1212 43.41701 16.12136 43.41692 16.12158 43.41613 16.12265 43.41597 16.12297 43.41588 16.12321 43.41584 16.12345 43.41583 16.12386 43.41579 16.12402 43.4157 16.12445 43.41561 16.12479 43.41549 16.12511 43.41546 16.12533 43.41514 16.12611 43.41508 16.12637 43.41503 16.12666 43.41504 16.12717 43.41508 16.12732 43.41511 16.12782 43.41509 16.12821 43.41499 16.12877 43.41489 16.12942 43.41482 16.12971 43.41472 16.12998 43.41472 16.13016 43.41475 16.13024 43.41481 16.13031 43.41499 16.13031 43.41548 16.1302</gml:posList>
                        </gml:LinearRing>
                      </gml:exterior>
                    </gml:Polygon>
                  </gml:surfaceMember>
                  <gml:surfaceMember>
                    <gml:Polygon gml:id="MEDIA_MONITORED_CILJ_ID_1_CILJ_ID_5_POLUTANT_1_MODEL_171">
                      <gml:exterior>
                        <gml:LinearRing>
                          <gml:posList srsDimension="2">43.50331 16.41773 43.50335 16.41775 43.5034 16.41774 43.50341 16.41768 43.5035 16.41744 43.50353 16.41731 43.50353 16.41723 43.50349 16.41711 43.50343 16.41709 43.50338 16.41714 43.50334 16.41731 43.5033 16.41745 43.5033 16.41761 43.50331 16.41773</gml:posList>
                        </gml:LinearRing>
                      </gml:exterior>
                    </gml:Polygon>
                  </gml:surfaceMember>
                  <gml:surfaceMember>
                    <gml:Polygon gml:id="MEDIA_MONITORED_CILJ_ID_1_CILJ_ID_5_POLUTANT_1_MODEL_172">
                      <gml:exterior>
                        <gml:LinearRing>
                          <gml:posList srsDimension="2">43.50097 16.19453 43.50102 16.19461 43.50111 16.19461 43.50115 16.19455 43.50115 16.19446 43.5011 16.19436 43.50101 16.19434 43.50095 16.19441 43.50097 16.19453</gml:posList>
                        </gml:LinearRing>
                      </gml:exterior>
                    </gml:Polygon>
                  </gml:surfaceMember>
                  <gml:surfaceMember>
                    <gml:Polygon gml:id="MEDIA_MONITORED_CILJ_ID_1_CILJ_ID_5_POLUTANT_1_MODEL_173">
                      <gml:exterior>
                        <gml:LinearRing>
                          <gml:posList srsDimension="2">43.53204 16.41892 43.53206 16.41902 43.53211 16.41913 43.53213 16.41918 43.53219 16.41928 43.53224 16.41933 43.53231 16.41933 43.53237 16.41928 43.53241 16.41917 43.53247 16.41895 43.53251 16.4188 43.53251 16.41862 43.53246 16.41851 43.53238 16.41832 43.53234 16.4183 43.53228 16.41829 43.53221 16.4183 43.53213 16.41834 43.53206 16.41845 43.53205 16.41851 43.53204 16.4188 43.53204 16.41892</gml:posList>
                        </gml:LinearRing>
                      </gml:exterior>
                    </gml:Polygon>
                  </gml:surfaceMember>
                  <gml:surfaceMember>
                    <gml:Polygon gml:id="MEDIA_MONITORED_CILJ_ID_1_CILJ_ID_5_POLUTANT_1_MODEL_174">
                      <gml:exterior>
                        <gml:LinearRing>
                          <gml:posList srsDimension="2">43.53004 16.44206 43.53004 16.44215 43.53004 16.44222 43.53008 16.44226 43.53011 16.44225 43.53014 16.44218 43.53014 16.44204 43.53014 16.44199 43.53011 16.44196 43.53008 16.44193 43.53005 16.44194 43.53004 16.44199 43.53004 16.44206</gml:posList>
                        </gml:LinearRing>
                      </gml:exterior>
                    </gml:Polygon>
                  </gml:surfaceMember>
                  <gml:surfaceMember>
                    <gml:Polygon gml:id="MEDIA_MONITORED_CILJ_ID_1_CILJ_ID_5_POLUTANT_1_MODEL_175">
                      <gml:exterior>
                        <gml:LinearRing>
                          <gml:posList srsDimension="2">43.43915 16.1757 43.43917 16.1755 43.43911 16.17543 43.43906 16.17543 43.43891 16.17555 43.43882 16.17557 43.43844 16.17554 43.43835 16.17561 43.43816 16.17566 43.43729 16.17564 43.43706 16.17571 43.4363 16.17621 43.43617 16.17624 43.43601 16.17633 43.4359 16.17644 43.43581 16.17657 43.43564 16.17684 43.43542 16.17701 43.43535 16.17711 43.43526 16.1775 43.43519 16.17766 43.43507 16.17784 43.43501 16.178 43.43503 16.17841 43.43496 16.17866 43.43493 16.17884 43.43495 16.17905 43.43506 16.17948 43.43523 16.17973 43.43534 16.1798 43.43545 16.17985 43.43572 16.17986 43.43621 16.17965 43.43679 16.17921 43.43783 16.17802 43.43864 16.17727 43.43904 16.17674 43.43908 16.17664 43.43909 16.17605 43.43915 16.1757</gml:posList>
                        </gml:LinearRing>
                      </gml:exterior>
                    </gml:Polygon>
                  </gml:surfaceMember>
                  <gml:surfaceMember>
                    <gml:Polygon gml:id="MEDIA_MONITORED_CILJ_ID_1_CILJ_ID_5_POLUTANT_1_MODEL_176">
                      <gml:exterior>
                        <gml:LinearRing>
                          <gml:posList srsDimension="2">43.61492 16.16578 43.61634 16.16225 43.61873 16.15849 43.6225 16.15256 43.63276 16.12911 43.63405 16.12445 43.63457 16.1198 43.63522 16.11535 43.63521 16.11534 43.63382 16.11369 43.63223 16.11217 43.63011 16.10907 43.62385 16.10477 43.61081 16.10193 43.60721 16.12015 43.6062 16.12685 43.60595 16.12702 43.59896 16.1466 43.59136 16.13963 43.58951 16.13969 43.58562 16.13618 43.58513 16.13613 43.58476 16.13545 43.58497 16.13448 43.58404 16.1342 43.5833 16.1345 43.58321 16.1344 43.58272 16.13387 43.58307 16.13279 43.58257 16.13228 43.58108 16.13075 43.58107 16.13074 43.58077 16.13044 43.57982 16.12754 43.57465 16.12228 43.5711 16.12087 43.57087 16.12015 43.57032 16.11866 43.56949 16.11859 43.56863 16.11823 43.56701 16.11742 43.56519 16.11722 43.56329 16.11797 43.56246 16.12194 43.56141 16.12361 43.56116 16.12529 43.56117 16.1253 43.56329 16.12842 43.56199 16.12955 43.56016 16.13114 43.55943 16.13178 43.55922 16.13386 43.55881 16.13546 43.55403 16.1529 43.55377 16.16391 43.54637 16.17411 43.5434 16.1758 43.54183 16.17746 43.53948 16.18042 43.53812 16.18174 43.53784 16.18201 43.53634 16.18246 43.53509 16.18097 43.53227 16.17992 43.52775 16.17913 43.52517 16.18017 43.51993 16.17957 43.51978 16.17876 43.5193 16.17619 43.51874 16.17388 43.51718 16.17242 43.51258 16.17026 43.51255 16.17024 43.51254 16.17047 43.5125 16.17067 43.51248 16.17129 43.51248 16.17161 43.5125 16.17184 43.51251 16.17235 43.51257 16.17295 43.51262 16.1732 43.51269 16.17367 43.51272 16.17391 43.51277 16.17458 43.51284 16.17496 43.51291 16.17523 43.51294 16.17555 43.513 16.17583 43.51302 16.1761 43.51299 16.17647 43.51298 16.17684 43.51303 16.17704 43.51305 16.17741 43.51305 16.17764 43.51305 16.17805 43.51295 16.17832 43.51289 16.17847 43.51283 16.17859 43.51282 16.17882 43.51288 16.17903 43.51302 16.17922 43.51325 16.17943 43.51331 16.1795 43.5133 16.17957 43.5133 16.17959 43.51326 16.17961 43.51308 16.17968 43.51289 16.17963 43.51292 16.1794 43.51283 16.17938 43.5128 16.17962 43.51271 16.17961 43.51248 16.17957 43.51243 16.17982 43.51239 16.18004 43.51232 16.18016 43.5122 16.18015 43.51219 16.18027 43.51231 16.18028 43.51207 16.18093 43.51196 16.18093 43.51195 16.18105 43.51207 16.18106 43.51186 16.18157 43.51182 16.18179 43.51176 16.182 43.5116 16.18228 43.51154 16.18262 43.51142 16.18288 43.51139 16.183 43.51137 16.18312 43.51129 16.18313 43.5113 16.18327 43.51138 16.18326 43.51141 16.18334 43.51141 16.18385 43.51133 16.18388 43.51135 16.184 43.51144 16.18398 43.51147 16.18401 43.51146 16.18414 43.51133 16.1842 43.51136 16.18431 43.51146 16.18426 43.51148 16.18457 43.51124 16.18476 43.51128 16.18488 43.5115 16.1847 43.51157 16.18473 43.51167 16.18491 43.51168 16.18502 43.51169 16.18522 43.51165 16.18536 43.51157 16.18542 43.51147 16.18549 43.5115 16.18561 43.51167 16.18548 43.51171 16.18546 43.51175 16.18551 43.51174 16.18555 43.51172 16.18562 43.51154 16.18578 43.51141 16.18579 43.51125 16.18576 43.51117 16.18565 43.51117 16.18553 43.51116 16.1854 43.5111 16.18533 43.51106 16.18529 43.511 16.18523 43.51104 16.18508 43.51096 16.18503 43.51091 16.18518 43.51081 16.18516 43.51065 16.1851 43.51061 16.18507 43.51066 16.18487 43.51057 16.18482 43.51052 16.18501 43.51047 16.185 43.51036 16.18488 43.51024 16.18465 43.51019 16.18449 43.51017 16.18438 43.51015 16.18433 43.5101 16.18413 43.51 16.18389 43.50988 16.18357 43.51001 16.18351 43.50997 16.18338 43.50986 16.18344 43.50981 16.18329 43.50975 16.18307 43.50986 16.18302 43.50982 16.1829 43.50973 16.18296 43.50971 16.18291 43.50966 16.18268 43.50978 16.18261 43.50975 16.18251 43.50964 16.18257 43.50962 16.18254 43.50959 16.18242 43.50956 16.18231 43.50968 16.18226 43.50964 16.18214 43.50953 16.18219 43.5095 16.18216 43.50943 16.18194 43.50935 16.18171 43.50946 16.18162 43.50942 16.18152 43.50931 16.18161 43.50919 16.18141 43.50928 16.18132 43.50921 16.1812 43.50913 16.18129 43.50907 16.18118 43.50913 16.18112 43.50908 16.18103 43.50901 16.1811 43.50895 16.1809 43.50907 16.18076 43.50902 16.18068 43.50891 16.18078 43.50871 16.18054 43.50877 16.18047 43.5087 16.18037 43.50865 16.18043 43.50851 16.18031 43.50847 16.18029 43.50851 16.18019 43.50844 16.18014 43.50839 16.18027 43.50834 16.18024 43.50819 16.18023 43.50819 16.18013 43.5081 16.18013 43.50809 16.18028 43.50801 16.18038 43.50785 16.1802 43.5078 16.18029 43.50793 16.18047 43.50791 16.18052 43.50786 16.18066 43.50774 16.1809 43.50767 16.18106 43.50756 16.18122 43.50751 16.1813 43.50733 16.18106 43.50727 16.18114 43.50744 16.18139 43.50737 16.18158 43.5073 16.18175 43.50723 16.1819 43.50706 16.18182 43.50702 16.18193 43.50717 16.18201 43.50716 16.18211 43.50712 16.18225 43.50706 16.18251 43.50703 16.18258 43.50687 16.18245 43.5068 16.18259 43.50696 16.18273 43.50695 16.18297 43.50695 16.18345 43.50699 16.18367 43.50704 16.1839 43.50711 16.18405 43.50735 16.18477 43.50748 16.18494 43.50764 16.18534 43.5079 16.18567 43.50792 16.18574 43.50803 16.18589 43.5081 16.18612 43.50811 16.18627 43.50808 16.18641 43.50795 16.18673 43.50791 16.18708 43.50781 16.1874 43.50775 16.18829 43.5078 16.18891 43.5079 16.18938 43.508 16.18976 43.50811 16.19012 43.5082 16.19052 43.50831 16.19088 43.50851 16.19162 43.50856 16.19186 43.50855 16.19264 43.50865 16.19304 43.50874 16.19343 43.50883 16.1939 43.5089 16.19407 43.50903 16.19422 43.50925 16.19462 43.50954 16.19489 43.50965 16.19506 43.50985 16.1954 43.50998 16.19565 43.51014 16.1961 43.5102 16.1965 43.5103 16.19679 43.51039 16.19724 43.51048 16.19752 43.51069 16.19794 43.51082 16.19815 43.51098 16.19836 43.51117 16.19843 43.5116 16.1985 43.51162 16.19865 43.5112 16.19912 43.51111 16.19936 43.51106 16.19967 43.51108 16.20015 43.51116 16.20099 43.51113 16.20125 43.5111 16.20194 43.51106 16.20225 43.51104 16.20269 43.51099 16.20293 43.511 16.20337 43.51103 16.20376 43.51098 16.20395 43.51091 16.20416 43.51085 16.20426 43.51055 16.20474 43.51044 16.20502 43.51034 16.20541 43.51027 16.2058 43.51025 16.20597 43.51023 16.20679 43.5102 16.20697 43.51019 16.20711 43.51019 16.20723 43.51022 16.20733 43.51024 16.20744 43.51022 16.20759 43.51019 16.20773 43.51002 16.2081 43.51002 16.20821 43.51006 16.20832 43.51011 16.20833 43.51019 16.20825 43.51023 16.20823 43.51031 16.20829 43.51041 16.20847 43.51049 16.2088 43.51052 16.209 43.51054 16.20908 43.51055 16.20915 43.51042 16.2092 43.51045 16.20938 43.51058 16.20933 43.5107 16.20953 43.51079 16.20978 43.51079 16.20993 43.5107 16.21019 43.5107 16.2103 43.51074 16.21038 43.5108 16.21037 43.51086 16.21034 43.51096 16.21038 43.51102 16.21042 43.51109 16.21065 43.5111 16.21081 43.51112 16.21097 43.51112 16.21134 43.5111 16.21153 43.51108 16.21161 43.51096 16.21181 43.51109 16.21199 43.51119 16.21184 43.51123 16.21184 43.51128 16.21187 43.51148 16.21195 43.51153 16.21197 43.51159 16.21195 43.51164 16.21199 43.51169 16.21209 43.51173 16.2122 43.51181 16.21243 43.51191 16.21257 43.51201 16.21263 43.51215 16.2127 43.51229 16.21288 43.5124 16.21302 43.5124 16.21303 43.51241 16.21305 43.51231 16.21322 43.51239 16.21331 43.5125 16.21313 43.51267 16.21335 43.51279 16.21349 43.51283 16.21354 43.51273 16.21373 43.51279 16.21381 43.5129 16.21364 43.51313 16.21382 43.51331 16.21403 43.51358 16.21428 43.51376 16.2145 43.51388 16.21464 43.51394 16.2147 43.51382 16.21487 43.51389 16.21498 43.51398 16.21484 43.51413 16.21499 43.51425 16.21521 43.51438 16.21539 43.51454 16.2156 43.51464 16.21572 43.51477 16.21583 43.51492 16.21593 43.51506 16.21596 43.51512 16.21602 43.51514 16.21606 43.51503 16.21617 43.51509 16.21629 43.51516 16.21623 43.51523 16.21619 43.5154 16.21625 43.51552 16.21639 43.51605 16.21712 43.5163 16.21782 43.51638 16.21817 43.51642 16.21839 43.51643 16.21843 43.51662 16.2189 43.51663 16.21911 43.51669 16.21935 43.51682 16.21961 43.51691 16.21988 43.51708 16.22016 43.5172 16.22056 43.51728 16.22075 43.51747 16.22133 43.51765 16.22178 43.51771 16.222 43.51783 16.2224 43.51788 16.22263 43.51785 16.22285 43.51767 16.22276 43.51764 16.22287 43.51784 16.22298 43.51785 16.22416 43.5177 16.22485 43.51758 16.2252 43.51752 16.22543 43.51748 16.22574 43.51735 16.22615 43.51719 16.22605 43.51715 16.22619 43.51732 16.22629 43.51713 16.22679 43.5171 16.22699 43.51712 16.22772 43.51696 16.22772 43.51696 16.22704 43.51687 16.22705 43.51687 16.22767 43.51661 16.22768 43.5166 16.22784 43.51681 16.22784 43.51686 16.22855 43.51692 16.22906 43.51694 16.22961 43.51694 16.22977 43.51694 16.2298 43.5169 16.23008 43.51684 16.23033 43.5167 16.23031 43.51669 16.23049 43.5168 16.2305 43.51677 16.23079 43.51664 16.23133 43.51651 16.23163 43.51603 16.23178 43.51584 16.23185 43.51577 16.23201 43.51573 16.23207 43.5153 16.23202 43.51531 16.23179 43.51521 16.23179 43.51519 16.23226 43.5155 16.23226 43.51605 16.23242 43.5161 16.23243 43.51612 16.23247 43.51611 16.23253 43.51609 16.23283 43.51604 16.23305 43.51602 16.23332 43.51613 16.2335 43.51614 16.23361 43.51611 16.23372 43.51607 16.23393 43.51603 16.23406 43.51586 16.23406 43.51573 16.23595 43.51593 16.23599 43.51617 16.2361 43.51631 16.23628 43.51631 16.23667 43.51625 16.23693 43.51624 16.23717 43.51629 16.23736 43.5163 16.23781 43.51643 16.23831 43.51632 16.23837 43.51634 16.23849 43.51636 16.23864 43.51633 16.2388 43.5164 16.23892 43.51651 16.23896 43.5165 16.23931 43.51638 16.23937 43.51623 16.23937 43.51623 16.23949 43.51645 16.2395 43.51644 16.23963 43.51624 16.23962 43.51624 16.23974 43.51647 16.23976 43.5165 16.2399 43.5165 16.24037 43.51645 16.24051 43.51642 16.24065 43.51642 16.24088 43.5163 16.24121 43.5163 16.24133 43.51624 16.24149 43.51613 16.24156 43.516 16.24171 43.51596 16.2419 43.51591 16.24208 43.51585 16.24217 43.51576 16.24222 43.51564 16.2423 43.51548 16.24258 43.51819 16.24161 43.52001 16.24125 43.5213 16.2404 43.52251 16.23795 43.52271 16.23788 43.52322 16.23771 43.52386 16.23733 43.52571 16.23577 43.52669 16.2361 43.52777 16.23588 43.5287 16.2351 43.52953 16.23487 43.52963 16.23484 43.53111 16.23442 43.53211 16.2342 43.53589 16.23483 43.53705 16.23544 43.53811 16.23641 43.54038 16.23672 43.54575 16.23477 43.54863 16.23573 43.55011 16.24516 43.55028 16.24698 43.55532 16.25237 43.55566 16.25241 43.5558 16.25183 43.55609 16.2518 43.55652 16.25148 43.55792 16.24652 43.55855 16.2461 43.5588 16.24563 43.55904 16.24521 43.55872 16.24236 43.55944 16.2413 43.55971 16.24084 43.55996 16.24008 43.56047 16.23937 43.56334 16.23602 43.56485 16.23286 43.56933 16.22328 43.56975 16.22264 43.57815 16.21539 43.5934 16.20736 43.59488 16.20666 43.59648 16.20666 43.59732 16.20722 43.59798 16.20756 43.59897 16.20768 43.60048 16.20771 43.60081 16.20827 43.6023 16.20939 43.60301 16.20944 43.60374 16.20956 43.6049 16.20969 43.60505 16.21013 43.60687 16.21002 43.60913 16.21093 43.6114 16.21222 43.61145 16.21041 43.61145 16.21023 43.61108 16.20503 43.61312 16.18751 43.61354 16.18388 43.6138 16.18135 43.61411 16.17841 43.61447 16.17483 43.61353 16.16924 43.61492 16.16578</gml:posList>
                        </gml:LinearRing>
                      </gml:exterior>
                    </gml:Polygon>
                  </gml:surfaceMember>
                  <gml:surfaceMember>
                    <gml:Polygon gml:id="MEDIA_MONITORED_CILJ_ID_1_CILJ_ID_5_POLUTANT_1_MODEL_177">
                      <gml:exterior>
                        <gml:LinearRing>
                          <gml:posList srsDimension="2">43.51658 16.26551 43.51659 16.26457 43.51655 16.26392 43.51656 16.26363 43.5166 16.26304 43.51659 16.26224 43.51655 16.26201 43.51651 16.26166 43.5165 16.26153 43.51642 16.26107 43.51636 16.2606 43.51631 16.26013 43.51625 16.25978 43.51623 16.25959 43.51624 16.25945 43.51652 16.25947 43.51664 16.25914 43.5165 16.25907 43.51647 16.25926 43.51624 16.25925 43.5162 16.25906 43.51617 16.25883 43.51625 16.25883 43.51625 16.25875 43.51617 16.25874 43.51615 16.25853 43.51618 16.25826 43.5162 16.25795 43.51613 16.25752 43.51602 16.25681 43.51594 16.25655 43.51588 16.25638 43.51581 16.2563 43.51581 16.25624 43.51601 16.25595 43.51591 16.2558 43.51585 16.25589 43.51586 16.25596 43.51573 16.25616 43.51544 16.25574 43.51529 16.25536 43.51523 16.25507 43.51519 16.25459 43.51518 16.25425 43.5152 16.254 43.5152 16.25383 43.5153 16.25383 43.51532 16.25362 43.51522 16.25361 43.51515 16.25248 43.51517 16.2524 43.51518 16.25237 43.51522 16.25229 43.51517 16.25219 43.51513 16.25214 43.51508 16.25193 43.51498 16.25178 43.51485 16.25141 43.51468 16.25105 43.51454 16.25067 43.51451 16.2506 43.51415 16.2505 43.51405 16.25048 43.51397 16.25042 43.51391 16.24996 43.51357 16.24875 43.51372 16.24864 43.5136 16.24826 43.51345 16.24836 43.51338 16.24833 43.5133 16.24826 43.51317 16.2481 43.51286 16.24709 43.51286 16.24705 43.51282 16.24681 43.51279 16.24658 43.51287 16.24651 43.51287 16.24641 43.51278 16.24627 43.51282 16.24602 43.51291 16.24521 43.51292 16.24509 43.51292 16.24468 43.51291 16.24435 43.51293 16.24396 43.51293 16.24377 43.51286 16.24351 43.51282 16.24312 43.51272 16.24257 43.51269 16.24235 43.51271 16.24183 43.5127 16.24167 43.51261 16.24149 43.51254 16.24126 43.51249 16.24098 43.51247 16.24079 43.51236 16.24064 43.51229 16.24038 43.51223 16.23997 43.51219 16.23976 43.51204 16.23937 43.51174 16.23854 43.51171 16.23821 43.51161 16.23796 43.51156 16.23792 43.51152 16.23793 43.51149 16.23829 43.51145 16.23868 43.51137 16.23898 43.51132 16.23913 43.5113 16.23934 43.51134 16.23947 43.51131 16.23957 43.51121 16.23975 43.51121 16.23997 43.51119 16.24005 43.5111 16.24025 43.51109 16.24038 43.51112 16.24055 43.51118 16.24074 43.51117 16.24083 43.51116 16.2409 43.51108 16.24107 43.51106 16.24119 43.51107 16.24134 43.51098 16.24165 43.51099 16.24195 43.51103 16.24206 43.51102 16.24215 43.51098 16.24232 43.51096 16.24252 43.51099 16.24293 43.51103 16.24319 43.51105 16.24344 43.51109 16.24375 43.51113 16.24432 43.51117 16.24457 43.51121 16.24487 43.51126 16.24522 43.51136 16.24534 43.51138 16.24552 43.51132 16.24561 43.51124 16.24565 43.51099 16.24567 43.51072 16.24576 43.50991 16.24589 43.50982 16.24599 43.50989 16.24618 43.50999 16.24612 43.51006 16.24608 43.51117 16.24588 43.51031 16.2478 43.51065 16.24817 43.51073 16.24831 43.51072 16.24866 43.51072 16.24907 43.51075 16.24934 43.51076 16.24994 43.5109 16.25073 43.51089 16.25083 43.51085 16.25085 43.51071 16.25084 43.51068 16.25088 43.51066 16.25095 43.51069 16.25129 43.51075 16.25145 43.5108 16.25155 43.51086 16.25158 43.51091 16.25164 43.5109 16.25172 43.51085 16.25188 43.51078 16.25202 43.51074 16.25222 43.51072 16.25248 43.51067 16.25258 43.51057 16.2527 43.51052 16.25285 43.51053 16.2531 43.51031 16.25344 43.51029 16.25361 43.51022 16.25379 43.51018 16.25383 43.51006 16.2539 43.50998 16.25398 43.50985 16.25415 43.50969 16.25424 43.50946 16.25451 43.5094 16.25463 43.50933 16.25479 43.50915 16.25521 43.50911 16.25538 43.50899 16.25564 43.50877 16.25596 43.50843 16.25637 43.50832 16.25657 43.50811 16.25688 43.50778 16.25744 43.50758 16.25791 43.50743 16.25823 43.50723 16.25862 43.50705 16.25889 43.50687 16.25897 43.50665 16.25895 43.50651 16.25895 43.50613 16.25885 43.5061 16.25883 43.50605 16.25902 43.50602 16.25914 43.50503 16.26109 43.50542 16.26171 43.50525 16.26199 43.5054 16.26266 43.50548 16.26305 43.50504 16.26367 43.50569 16.26426 43.50587 16.26513 43.50636 16.26517 43.50653 16.26595 43.50729 16.26599 43.5073 16.26603 43.5074 16.26681 43.50747 16.26732 43.50652 16.26904 43.5076 16.27201 43.50609 16.27257 43.5056 16.27429 43.50518 16.27515 43.50541 16.27629 43.5054 16.27651 43.5054 16.27743 43.50505 16.27797 43.50374 16.27805 43.50158 16.27898 43.50031 16.27988 43.50008 16.28005 43.49452 16.28313 43.49428 16.28391 43.49288 16.28463 43.48684 16.29732 43.4868 16.2974 43.48664 16.29761 43.48652 16.29785 43.48641 16.29844 43.48626 16.29896 43.4862 16.29938 43.48621 16.29965 43.48615 16.30066 43.4861 16.3009 43.4862 16.30093 43.48631 16.30097 43.48648 16.30104 43.48606 16.30228 43.48555 16.30397 43.48639 16.30395 43.48649 16.30519 43.48761 16.30525 43.49032 16.30504 43.49337 16.30466 43.49377 16.3052 43.49401 16.30505 43.49557 16.3057 43.49762 16.30547 43.49848 16.3057 43.49979 16.30564 43.50029 16.3059 43.50541 16.30738 43.50696 16.30797 43.50716 16.30767 43.50733 16.30772 43.50747 16.30776 43.50759 16.3078 43.50767 16.30783 43.50764 16.30806 43.5113 16.30962 43.51139 16.30966 43.51147 16.30969 43.51152 16.30959 43.51156 16.30902 43.51163 16.3088 43.51167 16.30851 43.51169 16.30757 43.51161 16.30713 43.51154 16.30694 43.5115 16.3067 43.51147 16.30647 43.51143 16.30634 43.51151 16.30639 43.51158 16.30617 43.5115 16.30612 43.51163 16.30574 43.51171 16.30579 43.51178 16.30559 43.51171 16.30553 43.51187 16.30509 43.51196 16.30513 43.51202 16.30493 43.51193 16.30487 43.51202 16.30451 43.5121 16.30456 43.51219 16.3043 43.51209 16.30423 43.5126 16.30378 43.5127 16.30366 43.51275 16.30348 43.51281 16.30339 43.51289 16.30336 43.51305 16.30334 43.51314 16.30319 43.5132 16.30295 43.51331 16.30275 43.51349 16.30244 43.51355 16.30211 43.51363 16.30174 43.51367 16.30083 43.5139 16.30062 43.51407 16.30031 43.51397 16.30023 43.51389 16.3004 43.51381 16.30051 43.51371 16.3006 43.5137 16.30038 43.51373 16.29968 43.51374 16.29931 43.51376 16.29874 43.51381 16.29834 43.51381 16.29804 43.51383 16.29752 43.51388 16.2971 43.5139 16.29643 43.51391 16.29574 43.51391 16.29541 43.51392 16.29478 43.51395 16.29465 43.51399 16.29454 43.5141 16.29434 43.51419 16.29408 43.51426 16.29382 43.51427 16.29322 43.51423 16.29293 43.51423 16.29268 43.51423 16.29236 43.51439 16.29179 43.51423 16.29172 43.51419 16.29197 43.51414 16.29208 43.51404 16.29169 43.51398 16.29157 43.51382 16.29114 43.51375 16.29087 43.51365 16.29057 43.51361 16.29044 43.51359 16.29011 43.51361 16.29005 43.51366 16.28989 43.51383 16.28928 43.51388 16.28886 43.51393 16.28867 43.51399 16.28847 43.51399 16.28822 43.51396 16.28788 43.51384 16.2876 43.51373 16.28745 43.51364 16.28721 43.51358 16.28698 43.51351 16.28652 43.51351 16.28636 43.5134 16.28606 43.51336 16.2859 43.51342 16.28544 43.51351 16.28485 43.5135 16.2844 43.51346 16.28404 43.51341 16.28377 43.51328 16.28335 43.51327 16.28299 43.51326 16.28211 43.51337 16.28139 43.51337 16.28133 43.51339 16.28088 43.5134 16.28062 43.51339 16.28021 43.5134 16.27971 43.51347 16.27941 43.51363 16.27916 43.51408 16.27856 43.51421 16.27811 43.51423 16.278 43.5143 16.27765 43.5143 16.27733 43.5142 16.27693 43.51399 16.27605 43.51398 16.27589 43.514 16.27577 43.51412 16.27535 43.51429 16.27516 43.51446 16.27505 43.51478 16.27463 43.51482 16.2745 43.51484 16.27434 43.51493 16.27412 43.51497 16.27387 43.51492 16.27334 43.51497 16.27323 43.51498 16.27317 43.51501 16.27307 43.51513 16.27282 43.51538 16.27221 43.51556 16.27162 43.51569 16.27112 43.5158 16.27063 43.51587 16.2702 43.51596 16.2697 43.51598 16.26895 43.51607 16.26847 43.51617 16.268 43.51629 16.26751 43.51642 16.26688 43.51649 16.26621 43.51658 16.26551</gml:posList>
                        </gml:LinearRing>
                      </gml:exterior>
                    </gml:Polygon>
                  </gml:surfaceMember>
                  <gml:surfaceMember>
                    <gml:Polygon gml:id="MEDIA_MONITORED_CILJ_ID_1_CILJ_ID_5_POLUTANT_1_MODEL_178">
                      <gml:exterior>
                        <gml:LinearRing>
                          <gml:posList srsDimension="2">43.52988 16.44183 43.52989 16.44187 43.52991 16.44188 43.52995 16.44187 43.52997 16.44183 43.52999 16.44175 43.52998 16.44169 43.52995 16.44167 43.52992 16.44168 43.52989 16.44172 43.52988 16.44176 43.52988 16.44183</gml:posList>
                        </gml:LinearRing>
                      </gml:exterior>
                    </gml:Polygon>
                  </gml:surfaceMember>
                  <gml:surfaceMember>
                    <gml:Polygon gml:id="MEDIA_MONITORED_CILJ_ID_1_CILJ_ID_5_POLUTANT_1_MODEL_179">
                      <gml:exterior>
                        <gml:LinearRing>
                          <gml:posList srsDimension="2">43.53094 16.46313 43.53099 16.46333 43.53102 16.46345 43.53109 16.46364 43.53112 16.46379 43.53117 16.46391 43.53117 16.46399 43.5312 16.46404 43.53124 16.46413 43.53125 16.46444 43.53125 16.46472 43.53127 16.46488 43.53133 16.46492 43.53146 16.46504 43.53153 16.46513 43.53163 16.46528 43.53168 16.46537 43.53184 16.46553 43.53186 16.46555 43.53188 16.46554 43.53192 16.46546 43.53194 16.46536 43.53205 16.46504 43.53211 16.46479 43.53222 16.46444 43.5323 16.46409 43.5323 16.46397 43.53235 16.46372 43.53243 16.46341 43.53249 16.46324 43.53255 16.46302 43.53256 16.46278 43.53255 16.46268 43.53252 16.46233 43.53249 16.46199 43.53248 16.46172 43.53248 16.46155 43.53246 16.46137 43.53244 16.46131 43.53242 16.46128 43.53235 16.46125 43.53227 16.46123 43.53207 16.46116 43.53199 16.46112 43.53188 16.46107 43.53176 16.461 43.53168 16.46098 43.53159 16.46095 43.53146 16.46094 43.53134 16.46096 43.53119 16.46103 43.53103 16.46111 43.53097 16.46118 43.53094 16.46124 43.53094 16.46134 43.53088 16.46145 43.53082 16.46166 43.53078 16.4619 43.53076 16.46211 43.53076 16.46232 43.53077 16.46256 43.53082 16.46274 43.53088 16.46294 43.53094 16.46313</gml:posList>
                        </gml:LinearRing>
                      </gml:exterior>
                    </gml:Polygon>
                  </gml:surfaceMember>
                  <gml:surfaceMember>
                    <gml:Polygon gml:id="MEDIA_MONITORED_CILJ_ID_1_CILJ_ID_5_POLUTANT_1_MODEL_180">
                      <gml:exterior>
                        <gml:LinearRing>
                          <gml:posList srsDimension="2">43.52973 16.44174 43.52974 16.44177 43.52975 16.44178 43.52977 16.44178 43.52979 16.44178 43.52981 16.44176 43.52983 16.44168 43.52985 16.44159 43.52988 16.44152 43.5299 16.44143 43.52989 16.44133 43.52987 16.44126 43.52985 16.44124 43.52983 16.44124 43.5298 16.44124 43.52979 16.44127 43.52977 16.44132 43.52975 16.44138 43.52974 16.44161 43.52973 16.44174</gml:posList>
                        </gml:LinearRing>
                      </gml:exterior>
                    </gml:Polygon>
                  </gml:surfaceMember>
                  <gml:surfaceMember>
                    <gml:Polygon gml:id="MEDIA_MONITORED_CILJ_ID_1_CILJ_ID_5_POLUTANT_1_MODEL_181">
                      <gml:exterior>
                        <gml:LinearRing>
                          <gml:posList srsDimension="2">43.69103 16.37244 43.69465 16.37017 43.69876 16.36659 43.69269 16.35822 43.6877 16.35135 43.68772 16.35088 43.68723 16.35101 43.68637 16.35124 43.68538 16.3515 43.6852 16.34929 43.68495 16.3485 43.68433 16.34826 43.68298 16.34629 43.68212 16.3466 43.66769 16.34028 43.65331 16.34224 43.64857 16.37002 43.64802 16.3732 43.63951 16.37154 43.63792 16.37003 43.63551 16.36917 43.63397 16.36789 43.63114 16.36738 43.63053 16.36681 43.63007 16.3668 43.62537 16.36662 43.62416 16.36715 43.62237 16.366 43.62217 16.36618 43.62204 16.36679 43.61387 16.36663 43.61353 16.36428 43.6125 16.35721 43.61217 16.35754 43.61144 16.35825 43.61119 16.35931 43.61004 16.3591 43.59977 16.37038 43.59838 16.37197 43.59767 16.37507 43.58629 16.37635 43.58087 16.37379 43.57816 16.37241 43.57753 16.37271 43.57601 16.37343 43.5752 16.37754 43.57517 16.37772 43.57511 16.37801 43.57432 16.38339 43.57352 16.38879 43.57153 16.39915 43.57108 16.40151 43.57066 16.40369 43.57072 16.40828 43.57073 16.40888 43.57105 16.4132 43.58676 16.43165 43.59091 16.43813 43.58951 16.45112 43.58899 16.45595 43.58764 16.46715 43.58534 16.47565 43.58465 16.48352 43.58495 16.48594 43.58471 16.49192 43.58431 16.49284 43.58015 16.49351 43.57576 16.49516 43.57576 16.49517 43.57523 16.49539 43.57318 16.49623 43.57014 16.49747 43.57 16.49753 43.56858 16.49811 43.56804 16.49834 43.56739 16.49976 43.56703 16.49964 43.5662 16.49936 43.56602 16.50142 43.5653 16.50325 43.56522 16.50338 43.56482 16.50402 43.56453 16.50505 43.56436 16.50564 43.56443 16.50588 43.56453 16.50618 43.56451 16.50621 43.56445 16.50631 43.56433 16.5065 43.56421 16.5067 43.56412 16.50685 43.56404 16.50699 43.56374 16.5076 43.56345 16.50831 43.56271 16.5079 43.5623 16.5069 43.5619 16.50583 43.5615 16.50546 43.5614 16.50557 43.56124 16.50576 43.56078 16.50678 43.56042 16.50758 43.55918 16.50677 43.559 16.50665 43.55848 16.50249 43.55831 16.5015 43.55803 16.50064 43.55785 16.50041 43.55768 16.50021 43.55751 16.49992 43.5573 16.49955 43.55723 16.49946 43.55721 16.49944 43.5572 16.49942 43.55716 16.49937 43.55694 16.4991 43.55692 16.4991 43.55686 16.4991 43.55652 16.4991 43.5544 16.49941 43.55405 16.4993 43.55372 16.4992 43.55331 16.49893 43.55315 16.49883 43.55276 16.49818 43.5515 16.498 43.55065 16.49787 43.55047 16.49799 43.55012 16.49821 43.5497 16.4986 43.54871 16.49866 43.54833 16.49864 43.54824 16.49856 43.54808 16.49842 43.54798 16.49813 43.5479 16.4979 43.54738 16.49802 43.54711 16.49808 43.54695 16.49802 43.54652 16.49784 43.54601 16.49748 43.54551 16.49713 43.5454 16.49701 43.54491 16.49645 43.54483 16.49636 43.54463 16.49627 43.54425 16.49611 43.54361 16.49599 43.54332 16.49593 43.54267 16.49584 43.54184 16.49565 43.54174 16.49554 43.54153 16.49532 43.5414 16.49517 43.54112 16.49489 43.54093 16.4947 43.54008 16.49386 43.53932 16.49327 43.5388 16.49278 43.53825 16.49191 43.5378 16.49233 43.53778 16.49239 43.53767 16.49266 43.53764 16.49321 43.53802 16.49481 43.53832 16.49517 43.53914 16.49581 43.53936 16.49598 43.5397 16.49624 43.53977 16.49649 43.54001 16.49728 43.53999 16.49798 43.54023 16.49871 43.54041 16.49927 43.54059 16.50077 43.54061 16.50151 43.54062 16.50173 43.54063 16.50208 43.54063 16.50215 43.54063 16.50225 43.54061 16.50251 43.54055 16.50329 43.54052 16.50383 43.54033 16.50498 43.54024 16.50551 43.5406 16.50724 43.54068 16.50763 43.54075 16.50799 43.54058 16.50863 43.54016 16.51024 43.54018 16.5104 43.54035 16.51169 43.54116 16.5136 43.5413 16.51527 43.54133 16.51563 43.54142 16.51669 43.54151 16.51742 43.54156 16.51793 43.54229 16.52035 43.54277 16.52197 43.54297 16.52261 43.54292 16.52334 43.5429 16.52365 43.5429 16.52369 43.54281 16.52439 43.54181 16.53183 43.54085 16.539 43.54063 16.53936 43.5416 16.5422 43.54359 16.54804 43.54666 16.55449 43.55182 16.56993 43.55559 16.56812 43.55837 16.56679 43.56906 16.56093 43.5707 16.56003 43.57212 16.55926 43.57448 16.55797 43.57605 16.55743 43.57644 16.5573 43.57757 16.5566 43.57839 16.55619 43.57908 16.55578 43.57973 16.5553 43.5807 16.55458 43.58075 16.5544 43.58077 16.55435 43.58079 16.55428 43.58085 16.55409 43.58088 16.55399 43.5805 16.5531 43.58001 16.55198 43.58663 16.54635 43.58833 16.53988 43.59008 16.53322 43.59011 16.53311 43.59341 16.5305 43.6006 16.52896 43.60074 16.52893 43.61437 16.52522 43.61639 16.52646 43.6174 16.52708 43.61986 16.53416 43.62069 16.53296 43.6219 16.53124 43.62347 16.53171 43.62502 16.52996 43.62502 16.52986 43.62503 16.52969 43.62549 16.52968 43.63124 16.52504 43.63328 16.52698 43.63337 16.52695 43.63381 16.52683 43.63456 16.5268 43.63594 16.52675 43.63653 16.52698 43.63662 16.52703 43.63701 16.52727 43.63711 16.52741 43.64152 16.52615 43.6423 16.52592 43.64314 16.52572 43.64579 16.51995 43.64697 16.51738 43.65863 16.50738 43.66099 16.50536 43.65787 16.49951 43.65681 16.49948 43.65459 16.49941 43.65443 16.49921 43.65393 16.49858 43.65122 16.49517 43.65122 16.49515 43.64995 16.49314 43.64857 16.48914 43.64903 16.48711 43.64897 16.48707 43.64877 16.4869 43.64831 16.4865 43.64834 16.48596 43.64792 16.48526 43.64722 16.48412 43.64614 16.48418 43.64538 16.48373 43.64476 16.48237 43.64101 16.48092 43.64098 16.4809 43.64059 16.47875 43.64078 16.47801 43.63754 16.46857 43.63461 16.46001 43.63422 16.45714 43.63395 16.45347 43.63398 16.45321 43.63437 16.44904 43.63971 16.45033 43.64041 16.45122 43.64217 16.45342 43.64195 16.45121 43.64407 16.44991 43.64418 16.44962 43.64502 16.4491 43.65269 16.44846 43.66285 16.44762 43.66841 16.43989 43.67157 16.4355 43.67127 16.43484 43.67413 16.42657 43.67918 16.416 43.67919 16.41599 43.67927 16.41582 43.68177 16.40721 43.68531 16.39501 43.69103 16.37244</gml:posList>
                        </gml:LinearRing>
                      </gml:exterior>
                    </gml:Polygon>
                  </gml:surfaceMember>
                  <gml:surfaceMember>
                    <gml:Polygon gml:id="MEDIA_MONITORED_CILJ_ID_1_CILJ_ID_5_POLUTANT_1_MODEL_182">
                      <gml:exterior>
                        <gml:LinearRing>
                          <gml:posList srsDimension="2">43.55269 16.2853 43.55377 16.28506 43.55436 16.28443 43.55469 16.28338 43.5548 16.28281 43.55476 16.28261 43.55468 16.28215 43.55432 16.28103 43.55411 16.27859 43.55345 16.27445 43.55292 16.27147 43.55274 16.26958 43.5521 16.2678 43.5519 16.2662 43.55205 16.26515 43.55196 16.26463 43.5519 16.2643 43.5519 16.26427 43.55183 16.26388 43.5468 16.25646 43.55028 16.25313 43.55058 16.25262 43.55088 16.25209 43.55082 16.2514 43.55082 16.25134 43.55078 16.25095 43.55071 16.2501 43.55028 16.24698 43.55011 16.24516 43.54863 16.23573 43.54575 16.23477 43.54038 16.23672 43.53811 16.23641 43.53705 16.23544 43.53589 16.23483 43.53211 16.2342 43.53111 16.23442 43.52963 16.23484 43.52953 16.23487 43.5287 16.2351 43.52777 16.23588 43.52669 16.2361 43.52571 16.23577 43.52386 16.23733 43.52322 16.23771 43.52271 16.23788 43.52251 16.23795 43.5213 16.2404 43.52001 16.24125 43.51819 16.24161 43.51548 16.24258 43.51547 16.24259 43.51545 16.24301 43.51534 16.24335 43.51532 16.2436 43.51533 16.24364 43.51537 16.24382 43.5154 16.24388 43.51569 16.24437 43.51574 16.24452 43.51586 16.2448 43.51598 16.24517 43.51599 16.24518 43.51605 16.24542 43.51621 16.24573 43.5165 16.24636 43.51652 16.24641 43.5166 16.24654 43.51677 16.24681 43.51726 16.24775 43.51733 16.24791 43.51746 16.2481 43.51774 16.24847 43.51782 16.24874 43.51802 16.24918 43.51814 16.24943 43.51817 16.24955 43.51817 16.24965 43.51817 16.24997 43.51817 16.25024 43.51819 16.25048 43.51825 16.25069 43.51826 16.25083 43.51826 16.25149 43.51823 16.25177 43.51816 16.25191 43.51807 16.25202 43.51802 16.2521 43.51801 16.25217 43.51803 16.25225 43.51807 16.25247 43.51811 16.25267 43.51815 16.253 43.51802 16.25307 43.51826 16.2534 43.5183 16.25372 43.51831 16.2538 43.51829 16.25385 43.51789 16.25402 43.51793 16.2542 43.51838 16.25401 43.51842 16.25438 43.51843 16.25452 43.51818 16.25467 43.51823 16.25482 43.51844 16.25469 43.51848 16.25481 43.51845 16.25486 43.51829 16.25495 43.51833 16.25509 43.51855 16.25495 43.51869 16.25529 43.51851 16.25542 43.51857 16.25557 43.51874 16.25543 43.51887 16.25567 43.51873 16.25579 43.51877 16.25586 43.5189 16.25609 43.51902 16.25605 43.51907 16.25608 43.51915 16.25628 43.51929 16.25668 43.51936 16.25681 43.51945 16.2569 43.51958 16.25696 43.51971 16.257 43.51979 16.2571 43.51983 16.25721 43.51986 16.25729 43.51989 16.25736 43.52 16.25757 43.52006 16.25778 43.52009 16.25787 43.52022 16.25831 43.52034 16.25883 43.52053 16.25974 43.52054 16.25975 43.52063 16.26017 43.5207 16.26048 43.52081 16.26091 43.52087 16.26116 43.52097 16.26144 43.52111 16.2618 43.52144 16.26251 43.52162 16.26285 43.52165 16.26289 43.52177 16.26306 43.52199 16.26343 43.52204 16.26351 43.52229 16.26391 43.52236 16.26404 43.52253 16.26431 43.52262 16.26446 43.52275 16.26469 43.52281 16.2648 43.52275 16.26486 43.52286 16.26502 43.52292 16.26495 43.52305 16.26517 43.52318 16.26544 43.52323 16.26563 43.52322 16.26573 43.52322 16.26587 43.52327 16.26622 43.52336 16.26672 43.52348 16.26701 43.52358 16.26721 43.52363 16.2674 43.52361 16.26802 43.52337 16.26882 43.52336 16.26893 43.52339 16.26901 43.52343 16.26906 43.52356 16.26913 43.52359 16.2692 43.52358 16.26928 43.52348 16.26937 43.5234 16.26947 43.5234 16.26957 43.52348 16.26971 43.52368 16.26995 43.52375 16.27002 43.5238 16.27003 43.52389 16.27011 43.52402 16.27015 43.52407 16.27017 43.52409 16.27018 43.52415 16.27032 43.52426 16.27063 43.52426 16.27078 43.52429 16.27094 43.52432 16.27115 43.52432 16.27137 43.52433 16.27148 43.52436 16.27158 43.52448 16.27175 43.52461 16.27185 43.52476 16.27191 43.52483 16.27198 43.52493 16.27211 43.52506 16.27214 43.52525 16.27216 43.52535 16.27225 43.52559 16.27257 43.5257 16.27274 43.5257 16.27289 43.52568 16.27303 43.52564 16.27312 43.52548 16.27337 43.5254 16.27352 43.52533 16.27382 43.5253 16.27413 43.52534 16.2745 43.52539 16.27472 43.52543 16.27474 43.52564 16.27471 43.52571 16.27472 43.52573 16.27478 43.52573 16.2749 43.5256 16.27513 43.52559 16.27525 43.52578 16.27553 43.52592 16.27584 43.52591 16.27614 43.52584 16.2766 43.52587 16.27683 43.52594 16.27698 43.52609 16.27705 43.52624 16.27708 43.52635 16.27719 43.5264 16.27733 43.52644 16.27754 43.52647 16.27773 43.52647 16.27782 43.52644 16.27792 43.52639 16.27801 43.52628 16.27806 43.52614 16.27799 43.52596 16.27778 43.52583 16.27759 43.52568 16.27744 43.52557 16.27742 43.52548 16.27748 43.52543 16.27762 43.52541 16.27773 43.52543 16.27794 43.52549 16.27813 43.52557 16.27829 43.52565 16.27838 43.52575 16.27843 43.52611 16.27853 43.52634 16.27853 43.52647 16.27858 43.52659 16.27868 43.52662 16.27877 43.52666 16.27892 43.52678 16.27911 43.52679 16.27917 43.52676 16.27925 43.52664 16.27939 43.52652 16.27961 43.52642 16.27965 43.52636 16.2797 43.52632 16.27975 43.52632 16.27979 43.52634 16.27982 43.52641 16.27985 43.52647 16.2799 43.52647 16.28009 43.52644 16.28016 43.5264 16.28028 43.5263 16.28046 43.52625 16.28055 43.52626 16.28065 43.52628 16.2808 43.52631 16.28095 43.52637 16.28154 43.52637 16.28231 43.52632 16.2827 43.52623 16.2829 43.52608 16.28311 43.52603 16.28318 43.5259 16.28319 43.52582 16.28325 43.52577 16.28331 43.52576 16.28338 43.52576 16.28345 43.52581 16.28357 43.52589 16.28368 43.52592 16.28387 43.52591 16.284 43.52588 16.28421 43.52582 16.28439 43.5257 16.28464 43.52567 16.28482 43.52566 16.28506 43.52561 16.28543 43.52564 16.28566 43.52574 16.28588 43.52574 16.28602 43.52568 16.2862 43.52556 16.28648 43.52545 16.28656 43.52532 16.28652 43.5252 16.28653 43.52505 16.28661 43.525 16.28665 43.52494 16.28686 43.5249 16.28707 43.52479 16.28731 43.52475 16.28743 43.52471 16.28757 43.52471 16.2877 43.52474 16.28791 43.52482 16.28832 43.52484 16.28853 43.52487 16.2888 43.52492 16.28893 43.52506 16.28914 43.52516 16.28938 43.52522 16.28956 43.52524 16.28975 43.52525 16.28992 43.52539 16.29018 43.52545 16.29033 43.52555 16.2907 43.52566 16.29096 43.52581 16.29119 43.52592 16.29148 43.52592 16.2917 43.52592 16.29209 43.52592 16.29228 43.52574 16.29222 43.52572 16.29237 43.52592 16.29243 43.52591 16.29273 43.52584 16.29317 43.52579 16.29363 43.52574 16.294 43.5257 16.2943 43.52556 16.2943 43.52556 16.2946 43.52573 16.29462 43.52578 16.29487 43.52449 16.2945 43.52446 16.29469 43.52581 16.29505 43.52587 16.29512 43.52605 16.29523 43.52621 16.29532 43.52642 16.2954 43.52652 16.29547 43.52661 16.29556 43.52681 16.29578 43.52694 16.29622 43.52695 16.2966 43.52694 16.29687 43.527 16.29717 43.52707 16.29759 43.52713 16.29786 43.52714 16.2981 43.52709 16.29826 43.52696 16.29818 43.52692 16.29828 43.52707 16.29838 43.52712 16.29853 43.5272 16.29888 43.52722 16.29936 43.52729 16.2996 43.52747 16.30008 43.52753 16.30018 43.52759 16.3002 43.52766 16.30012 43.52772 16.30007 43.52781 16.30011 43.5284 16.30038 43.5287 16.30047 43.52901 16.30043 43.53001 16.29842 43.53366 16.29734 43.53379 16.29719 43.53475 16.29618 43.53549 16.29568 43.53569 16.29456 43.5364 16.29363 43.53727 16.29249 43.5374 16.29232 43.53819 16.29223 43.53854 16.29188 43.53928 16.29148 43.54017 16.29169 43.54096 16.29152 43.54155 16.29255 43.54192 16.29285 43.54249 16.29283 43.54366 16.29249 43.5437 16.29248 43.54378 16.29246 43.54551 16.29195 43.55005 16.29064 43.54997 16.2894 43.54991 16.2886 43.54962 16.28708 43.54953 16.28559 43.55269 16.2853</gml:posList>
                        </gml:LinearRing>
                      </gml:exterior>
                    </gml:Polygon>
                  </gml:surfaceMember>
                  <gml:surfaceMember>
                    <gml:Polygon gml:id="MEDIA_MONITORED_CILJ_ID_1_CILJ_ID_5_POLUTANT_1_MODEL_183">
                      <gml:exterior>
                        <gml:LinearRing>
                          <gml:posList srsDimension="2">43.53613 16.44387 43.53615 16.44391 43.53619 16.44393 43.53622 16.44393 43.53625 16.44387 43.53625 16.4438 43.53624 16.44377 43.53621 16.44372 43.53619 16.4437 43.53615 16.44371 43.53612 16.44377 43.53613 16.44387</gml:posList>
                        </gml:LinearRing>
                      </gml:exterior>
                    </gml:Polygon>
                  </gml:surfaceMember>
                  <gml:surfaceMember>
                    <gml:Polygon gml:id="MEDIA_MONITORED_CILJ_ID_1_CILJ_ID_5_POLUTANT_1_MODEL_184">
                      <gml:exterior>
                        <gml:LinearRing>
                          <gml:posList srsDimension="2">43.44218 16.17847 43.44216 16.17808 43.44208 16.17783 43.4419 16.17753 43.44172 16.1775 43.44121 16.17782 43.44116 16.17782 43.44114 16.17777 43.44111 16.17764 43.44106 16.1776 43.44099 16.17763 43.44097 16.17774 43.44096 16.17791 43.44092 16.17796 43.44062 16.17803 43.44051 16.1781 43.44034 16.17837 43.44028 16.17871 43.44028 16.17913 43.44026 16.17949 43.44027 16.1799 43.44041 16.18007 43.44058 16.18013 43.44086 16.18013 43.44104 16.18011 43.44151 16.17985 43.44166 16.17973 43.44201 16.17922 43.44216 16.17877 43.44216 16.17865 43.44218 16.17847</gml:posList>
                        </gml:LinearRing>
                      </gml:exterior>
                    </gml:Polygon>
                  </gml:surfaceMember>
                  <gml:surfaceMember>
                    <gml:Polygon gml:id="MEDIA_MONITORED_CILJ_ID_1_CILJ_ID_5_POLUTANT_1_MODEL_185">
                      <gml:exterior>
                        <gml:LinearRing>
                          <gml:posList srsDimension="2">43.59945 16.34836 43.5996 16.34685 43.59826 16.34623 43.59807 16.34615 43.59803 16.34533 43.59728 16.34446 43.59555 16.34371 43.59372 16.34365 43.5794 16.34213 43.58098 16.32604 43.58313 16.31509 43.58394 16.31238 43.58448 16.30961 43.58454 16.30845 43.58459 16.30766 43.58428 16.30594 43.58385 16.3035 43.58379 16.29906 43.58696 16.28994 43.58723 16.28915 43.58762 16.28804 43.58524 16.28489 43.58381 16.283 43.58031 16.27837 43.57596 16.27713 43.56757 16.27232 43.55878 16.2631 43.55874 16.26369 43.5557 16.26083 43.55586 16.25974 43.55582 16.25923 43.55558 16.25592 43.55532 16.25237 43.55028 16.24698 43.55071 16.2501 43.55078 16.25095 43.55082 16.25134 43.55082 16.2514 43.55088 16.25209 43.55058 16.25262 43.55028 16.25313 43.5468 16.25646 43.55183 16.26388 43.5519 16.26427 43.5519 16.2643 43.55196 16.26463 43.55205 16.26515 43.5519 16.2662 43.5521 16.2678 43.55274 16.26958 43.55292 16.27147 43.55345 16.27445 43.55411 16.27859 43.55432 16.28103 43.55468 16.28215 43.55476 16.28261 43.5548 16.28281 43.55469 16.28338 43.55436 16.28443 43.55377 16.28506 43.55269 16.2853 43.54953 16.28559 43.54962 16.28708 43.54991 16.2886 43.54997 16.2894 43.55005 16.29064 43.54551 16.29195 43.54378 16.29246 43.5437 16.29248 43.54366 16.29249 43.54249 16.29283 43.54192 16.29285 43.54155 16.29255 43.54096 16.29152 43.54017 16.29169 43.53928 16.29148 43.53854 16.29188 43.53819 16.29223 43.5374 16.29232 43.53727 16.29249 43.5364 16.29363 43.53569 16.29456 43.53549 16.29568 43.53475 16.29618 43.53379 16.29719 43.53366 16.29734 43.53001 16.29842 43.52901 16.30043 43.52905 16.30043 43.52914 16.30048 43.52923 16.3006 43.52938 16.30085 43.52948 16.30103 43.52947 16.3012 43.52916 16.30134 43.52921 16.30154 43.52943 16.30145 43.52958 16.30144 43.52976 16.30147 43.52991 16.30158 43.53007 16.30175 43.53016 16.30184 43.53029 16.30188 43.53042 16.30184 43.53052 16.30187 43.53111 16.30244 43.53129 16.30274 43.53136 16.30291 43.53144 16.30308 43.53144 16.30325 43.5314 16.30348 43.53136 16.30365 43.53106 16.30372 43.53108 16.30393 43.53128 16.3039 43.5314 16.30389 43.53148 16.30407 43.53156 16.30427 43.5315 16.30435 43.53135 16.30439 43.53138 16.30455 43.53155 16.30451 43.5316 16.30449 43.5317 16.30449 43.53176 16.30455 43.53183 16.30475 43.53198 16.30496 43.53215 16.30504 43.53225 16.30513 43.53232 16.30525 43.53234 16.30537 43.53246 16.30554 43.53278 16.30573 43.53285 16.30583 43.53292 16.30601 43.53303 16.30608 43.53316 16.30625 43.53316 16.30632 43.533 16.30657 43.53302 16.30665 43.53306 16.30673 43.53323 16.30681 43.53335 16.30682 43.53355 16.30682 43.53364 16.30684 43.53369 16.30687 43.53372 16.30694 43.53378 16.30699 43.53387 16.30698 43.53399 16.30693 43.53416 16.30682 43.53456 16.30685 43.53495 16.3069 43.53509 16.30698 43.53519 16.30706 43.53532 16.30708 43.53582 16.30719 43.53618 16.30741 43.5364 16.3076 43.53653 16.30778 43.53658 16.30796 43.53661 16.30812 43.53665 16.30818 43.5367 16.30819 43.53678 16.30815 43.53688 16.30804 43.53702 16.30823 43.53681 16.30851 43.53692 16.30866 43.53706 16.30849 43.53715 16.30833 43.5372 16.30828 43.53725 16.30834 43.53725 16.30845 43.53727 16.30854 43.5373 16.30863 43.53738 16.30864 43.53746 16.30862 43.53755 16.30874 43.53738 16.30915 43.53749 16.30926 43.53767 16.30893 43.53785 16.30888 43.53794 16.30889 43.53809 16.30899 43.53837 16.30915 43.53865 16.30933 43.53879 16.30943 43.53892 16.30953 43.53904 16.30973 43.53912 16.30995 43.53911 16.31018 43.53904 16.31042 43.53901 16.31068 43.53902 16.31086 43.53907 16.31105 43.53917 16.31123 43.53937 16.31143 43.53968 16.31192 43.53978 16.31223 43.53984 16.31253 43.5399 16.31272 43.53974 16.3129 43.53961 16.31293 43.53963 16.31314 43.53991 16.31308 43.53996 16.31322 43.54 16.31358 43.53984 16.31367 43.53989 16.31383 43.54007 16.31377 43.54019 16.31395 43.54026 16.31411 43.54028 16.31425 43.54011 16.31438 43.54018 16.31454 43.54033 16.31444 43.5404 16.31439 43.54046 16.31444 43.54056 16.31478 43.5406 16.31499 43.54063 16.3153 43.54065 16.31557 43.54069 16.31585 43.54074 16.31605 43.54038 16.31621 43.54014 16.31653 43.54004 16.31655 43.53999 16.31645 43.53996 16.31625 43.5398 16.3163 43.53983 16.31659 43.53991 16.31687 43.5403 16.31675 43.54034 16.31658 43.54039 16.31649 43.5405 16.31639 43.54076 16.31627 43.54089 16.31631 43.5412 16.31671 43.5413 16.31691 43.54129 16.31712 43.54118 16.3173 43.54109 16.31737 43.54098 16.31738 43.54089 16.31744 43.54087 16.3175 43.54091 16.31759 43.54099 16.31762 43.54111 16.31763 43.54129 16.3179 43.54136 16.31811 43.54142 16.31841 43.54143 16.31845 43.5415 16.31862 43.5416 16.31881 43.54167 16.31889 43.54166 16.31902 43.5414 16.31922 43.54148 16.31936 43.54168 16.3192 43.54178 16.31926 43.54179 16.31953 43.54176 16.31974 43.54155 16.3197 43.54154 16.31987 43.54173 16.31992 43.54181 16.31998 43.54183 16.32021 43.54171 16.32027 43.5416 16.32027 43.54159 16.32044 43.54177 16.32047 43.54185 16.32049 43.54192 16.32061 43.54195 16.32072 43.54194 16.32082 43.54185 16.32085 43.54175 16.3209 43.54173 16.32104 43.54176 16.32116 43.5422 16.32169 43.54234 16.32183 43.54253 16.32196 43.5427 16.32213 43.54281 16.32229 43.54286 16.32244 43.54307 16.32272 43.54324 16.32295 43.54349 16.32332 43.54357 16.32346 43.54365 16.32356 43.54373 16.32373 43.54379 16.32388 43.54383 16.32413 43.54388 16.3243 43.54402 16.32446 43.54417 16.3246 43.54474 16.32559 43.5451 16.32616 43.54534 16.32678 43.54553 16.32726 43.54576 16.32766 43.54576 16.32786 43.54574 16.32805 43.54571 16.32822 43.5457 16.32836 43.54566 16.32849 43.5455 16.32858 43.54538 16.32867 43.54547 16.32883 43.54578 16.32878 43.54586 16.32887 43.54621 16.32955 43.54583 16.33002 43.54592 16.33015 43.5461 16.32998 43.54622 16.32994 43.54629 16.32994 43.54634 16.33003 43.54635 16.33007 43.54638 16.33025 43.54636 16.33045 43.54632 16.33044 43.54632 16.33034 43.54619 16.33035 43.54618 16.33062 43.54622 16.33078 43.54626 16.33094 43.54632 16.33107 43.5464 16.33114 43.54655 16.33118 43.54671 16.33129 43.54686 16.33134 43.547 16.33143 43.54722 16.33171 43.54736 16.33193 43.54746 16.33222 43.54757 16.33248 43.54764 16.33267 43.54773 16.33286 43.54778 16.33305 43.54787 16.33328 43.54789 16.33344 43.54786 16.33359 43.54782 16.33382 43.54777 16.33403 43.5478 16.33439 43.54778 16.33475 43.54773 16.33498 43.54758 16.33525 43.54752 16.33547 43.54754 16.3357 43.54757 16.3359 43.54766 16.33624 43.54776 16.33675 43.54776 16.33701 43.54767 16.33718 43.54762 16.33732 43.54762 16.33735 43.54764 16.33756 43.54767 16.33779 43.54765 16.33805 43.54768 16.33886 43.5475 16.33886 43.54731 16.33818 43.54707 16.33771 43.54696 16.3378 43.54711 16.33809 43.54721 16.33835 43.54736 16.33891 43.54729 16.33901 43.54737 16.33949 43.54777 16.33943 43.5485 16.34038 43.54924 16.34136 43.54924 16.34168 43.54939 16.34171 43.5494 16.3419 43.54942 16.3422 43.54949 16.34276 43.54947 16.34297 43.54932 16.34306 43.54951 16.34364 43.54963 16.34406 43.54965 16.34413 43.54974 16.34443 43.54986 16.34478 43.54991 16.34504 43.54988 16.34511 43.54977 16.34515 43.54915 16.34494 43.54909 16.34528 43.54957 16.34543 43.54967 16.34584 43.54993 16.34572 43.55032 16.34627 43.55044 16.34648 43.55082 16.34713 43.551 16.34763 43.55103 16.34783 43.55101 16.34806 43.55094 16.34821 43.55086 16.34837 43.55086 16.34849 43.55097 16.34864 43.55105 16.34887 43.55105 16.34929 43.55102 16.35028 43.55099 16.3515 43.55096 16.35157 43.55087 16.35162 43.55078 16.35175 43.55077 16.35181 43.55078 16.35186 43.55085 16.3519 43.55101 16.35205 43.55101 16.35254 43.55101 16.35284 43.55101 16.35304 43.55093 16.35306 43.55093 16.35317 43.55099 16.35318 43.55097 16.35374 43.55087 16.35378 43.55086 16.35308 43.55076 16.35309 43.55076 16.35397 43.55092 16.35395 43.55097 16.35396 43.55097 16.35413 43.55098 16.35431 43.5509 16.35432 43.5509 16.35465 43.55078 16.35465 43.55078 16.3548 43.55087 16.35479 43.55082 16.35508 43.55076 16.35508 43.55068 16.35504 43.55065 16.35518 43.55072 16.35522 43.55066 16.35547 43.55031 16.35517 43.55023 16.35538 43.55053 16.3556 43.55056 16.35565 43.55057 16.35595 43.5507 16.35596 43.55076 16.35611 43.55112 16.35704 43.55126 16.35756 43.55126 16.35786 43.55121 16.35803 43.55119 16.35828 43.55106 16.35827 43.55105 16.35808 43.55091 16.35807 43.55097 16.35848 43.55131 16.35849 43.55136 16.35863 43.55126 16.35868 43.5513 16.3589 43.55139 16.35886 43.55141 16.35902 43.55117 16.35908 43.55115 16.35977 43.55111 16.35997 43.55105 16.36027 43.5509 16.36076 43.55075 16.36066 43.55068 16.36082 43.55082 16.36094 43.55074 16.36106 43.55054 16.36108 43.55062 16.36161 43.55063 16.36211 43.55047 16.36256 43.5503 16.36292 43.55016 16.36321 43.5499 16.36332 43.54994 16.3635 43.55029 16.36334 43.55041 16.36333 43.55046 16.3634 43.55047 16.36348 43.55056 16.364 43.55056 16.36464 43.55059 16.36508 43.55038 16.36504 43.55032 16.36429 43.55019 16.36408 43.55001 16.36397 43.5497 16.36386 43.54968 16.36402 43.54996 16.36412 43.55018 16.36431 43.55022 16.36448 43.55025 16.36475 43.55024 16.36514 43.55019 16.36562 43.5504 16.36574 43.5505 16.366 43.55047 16.36652 43.55046 16.36667 43.55042 16.36706 43.55035 16.36762 43.55021 16.36801 43.55004 16.36826 43.54981 16.36826 43.5498 16.36842 43.54989 16.36843 43.54997 16.36845 43.54995 16.36871 43.54975 16.36869 43.54975 16.36883 43.54989 16.36886 43.54989 16.36906 43.54971 16.36907 43.54971 16.36923 43.54981 16.36925 43.54971 16.36962 43.54964 16.36961 43.54964 16.36977 43.5497 16.36978 43.54982 16.36997 43.54981 16.37018 43.54983 16.37032 43.54985 16.37039 43.54986 16.3705 43.54985 16.37067 43.54984 16.37069 43.5498 16.37108 43.54975 16.37141 43.54971 16.3716 43.5497 16.37182 43.54964 16.37204 43.5496 16.37225 43.54952 16.37255 43.54947 16.3727 43.5494 16.37301 43.54938 16.37324 43.54935 16.37353 43.54932 16.37377 43.54929 16.37404 43.54926 16.37445 43.54925 16.37465 43.54923 16.37485 43.54922 16.37492 43.54915 16.37539 43.54908 16.37566 43.54905 16.3758 43.54905 16.37586 43.54905 16.37595 43.549 16.37613 43.54892 16.37631 43.54875 16.37658 43.54866 16.37662 43.54855 16.37671 43.54847 16.37672 43.5484 16.37677 43.5483 16.37695 43.54822 16.3771 43.54814 16.37722 43.54808 16.37737 43.54806 16.37766 43.54803 16.37776 43.54801 16.3778 43.54791 16.37784 43.54794 16.37796 43.54804 16.37791 43.54809 16.37794 43.54812 16.37805 43.5482 16.3782 43.54827 16.3784 43.54836 16.37861 43.54841 16.37868 43.54845 16.37888 43.54852 16.37915 43.54854 16.37927 43.54854 16.37948 43.54851 16.3795 43.54839 16.37951 43.54839 16.37964 43.54855 16.37964 43.54858 16.37973 43.5486 16.37996 43.54862 16.38013 43.54865 16.38023 43.54864 16.38034 43.54861 16.38043 43.54857 16.38046 43.54844 16.38047 43.54845 16.38059 43.54859 16.38059 43.54862 16.38063 43.54864 16.38073 43.54868 16.38086 43.5487 16.38092 43.54873 16.38102 43.54875 16.3811 43.54875 16.38127 43.54869 16.38138 43.54851 16.3814 43.54851 16.38149 43.54871 16.38149 43.54873 16.38149 43.54875 16.38153 43.54876 16.38159 43.54875 16.38195 43.54871 16.38227 43.5487 16.38245 43.5487 16.38266 43.54868 16.38283 43.54866 16.38288 43.54864 16.3829 43.54859 16.38294 43.54855 16.38308 43.54852 16.38323 43.54848 16.38336 43.54846 16.38344 43.54838 16.38347 43.54837 16.38419 43.54855 16.38421 43.54858 16.38425 43.54858 16.38441 43.54853 16.38465 43.54852 16.38477 43.54838 16.38477 43.54838 16.38453 43.54829 16.38455 43.54827 16.38503 43.54825 16.38505 43.54823 16.38534 43.54823 16.38549 43.54826 16.38552 43.54827 16.38562 43.54823 16.38575 43.54818 16.38584 43.54815 16.38588 43.5481 16.3859 43.54771 16.38579 43.54769 16.38591 43.54802 16.38603 43.54804 16.38604 43.54805 16.38627 43.5481 16.38637 43.5481 16.38653 43.54807 16.38674 43.54805 16.38689 43.54808 16.38704 43.54812 16.3872 43.54821 16.38736 43.54824 16.38749 43.54826 16.38754 43.54826 16.3877 43.54824 16.38819 43.54825 16.38826 43.54827 16.38828 43.54827 16.38898 43.54823 16.38909 43.54819 16.38919 43.5481 16.38936 43.54805 16.38945 43.54798 16.38954 43.54789 16.38964 43.54778 16.38978 43.54765 16.38996 43.54758 16.39007 43.54753 16.3902 43.54751 16.39032 43.54751 16.39041 43.54757 16.39053 43.54768 16.39071 43.54769 16.39075 43.54778 16.39092 43.54784 16.39101 43.5479 16.39107 43.54796 16.39117 43.548 16.39119 43.54808 16.39116 43.54813 16.39114 43.54824 16.39128 43.54836 16.39154 43.5484 16.39172 43.54842 16.39198 43.54841 16.39203 43.5484 16.39227 43.54829 16.39257 43.54814 16.39313 43.54805 16.39372 43.54794 16.39433 43.54787 16.3947 43.54781 16.39504 43.54781 16.39514 43.54782 16.39519 43.5478 16.39532 43.54776 16.39542 43.54766 16.39542 43.54766 16.39504 43.54758 16.39504 43.54758 16.39497 43.54749 16.39497 43.54748 16.39515 43.54753 16.39515 43.54757 16.3952 43.54757 16.39524 43.54757 16.39559 43.54774 16.39561 43.54777 16.39562 43.54779 16.39567 43.54779 16.3957 43.54777 16.39573 43.5476 16.39572 43.54749 16.39612 43.54759 16.39631 43.54765 16.39639 43.5476 16.39645 43.54749 16.39637 43.54731 16.39655 43.54736 16.39668 43.54747 16.39658 43.54752 16.39663 43.54755 16.39673 43.54758 16.39686 43.54757 16.39722 43.54751 16.3975 43.54751 16.39752 43.54749 16.39771 43.54747 16.39787 43.54747 16.39804 43.54746 16.39814 43.54741 16.39818 43.54729 16.39816 43.54728 16.39829 43.5474 16.3983 43.54743 16.39839 43.54741 16.3991 43.54725 16.3991 43.54725 16.39923 43.54741 16.39923 43.5474 16.39942 43.54724 16.39943 43.54724 16.39957 43.54743 16.39958 43.54743 16.39971 43.54738 16.3998 43.54721 16.39982 43.54722 16.39993 43.54732 16.39993 43.54736 16.39998 43.54736 16.40021 43.54737 16.40043 43.54737 16.40053 43.54735 16.40058 43.54733 16.40059 43.54717 16.40056 43.54717 16.40068 43.54735 16.40071 43.54735 16.40079 43.54734 16.40089 43.54731 16.40095 43.5473 16.40097 43.54729 16.40098 43.54692 16.40095 43.54692 16.40109 43.54725 16.40113 43.54726 16.4012 43.54725 16.40127 43.54721 16.40136 43.54717 16.40144 43.54716 16.40148 43.54713 16.40151 43.54708 16.40152 43.54703 16.40157 43.54701 16.40161 43.54699 16.40162 43.54691 16.40157 43.54688 16.40167 43.54698 16.40176 43.54699 16.40181 43.54699 16.40186 43.54697 16.40189 43.54694 16.40193 43.54687 16.40193 43.54679 16.40195 43.54676 16.40224 43.54669 16.40253 43.54663 16.40277 43.5467 16.40281 43.54675 16.40265 43.54681 16.40265 43.54681 16.40275 43.54678 16.40288 43.54674 16.40298 43.54671 16.40308 43.54669 16.40314 43.54667 16.40315 43.54657 16.40307 43.54652 16.40317 43.54662 16.40328 43.54663 16.40333 43.54659 16.40337 43.54658 16.40341 43.54657 16.40348 43.54654 16.40351 43.54648 16.40346 43.54643 16.40341 43.54636 16.40351 43.54646 16.40361 43.54648 16.40364 43.54646 16.40368 43.54639 16.40373 43.54634 16.40375 43.54623 16.40364 43.54618 16.4037 43.54623 16.4038 43.54623 16.40382 43.54617 16.40388 43.54608 16.40392 43.5458 16.40394 43.54562 16.40389 43.54555 16.40385 43.54548 16.40384 43.54543 16.40384 43.5454 16.40391 43.54541 16.40416 43.54552 16.40423 43.54594 16.40424 43.54612 16.40424 43.54625 16.40429 43.54636 16.40438 43.54645 16.40456 43.54652 16.4047 43.54653 16.40478 43.54656 16.40481 43.54656 16.40492 43.54651 16.40517 43.54647 16.40539 43.54645 16.40553 43.54643 16.40559 43.54642 16.40562 43.54631 16.40551 43.54626 16.40561 43.54637 16.40573 43.54644 16.40583 43.54643 16.40598 43.54628 16.40611 43.54597 16.40642 43.54587 16.40626 43.5458 16.40633 43.54587 16.40644 43.54584 16.4065 43.54576 16.4066 43.54558 16.4068 43.54545 16.40695 43.54537 16.4071 43.54531 16.40737 43.5453 16.40759 43.54522 16.40782 43.54507 16.40807 43.54504 16.40829 43.54501 16.40854 43.54496 16.40881 43.54494 16.40889 43.54493 16.40918 43.5449 16.40941 43.54486 16.40956 43.54479 16.4096 43.54456 16.40958 43.54455 16.40967 43.54396 16.40972 43.54396 16.41008 43.54404 16.41009 43.54404 16.40987 43.54409 16.40984 43.54449 16.4098 43.54454 16.4099 43.54461 16.40992 43.54467 16.40992 43.54472 16.40999 43.54471 16.41035 43.54471 16.4106 43.54479 16.4109 43.5449 16.41105 43.54505 16.41113 43.54518 16.41127 43.54524 16.41144 43.54526 16.41168 43.54523 16.41181 43.54515 16.41194 43.54501 16.41217 43.54488 16.41242 43.54482 16.41261 43.54478 16.41288 43.54478 16.41311 43.54483 16.41331 43.54489 16.41343 43.54497 16.41344 43.54507 16.41334 43.54517 16.41325 43.5452 16.41327 43.54525 16.41332 43.54523 16.41363 43.5452 16.41406 43.54517 16.41443 43.54516 16.41474 43.54508 16.41498 43.54507 16.41579 43.54512 16.41581 43.54517 16.41576 43.54522 16.41591 43.54526 16.41621 43.54526 16.41623 43.54526 16.41664 43.54532 16.41719 43.54537 16.41741 43.54541 16.41755 43.54553 16.41769 43.54567 16.41774 43.54575 16.41777 43.54583 16.41801 43.54586 16.41829 43.54582 16.41855 43.54571 16.41885 43.54556 16.4191 43.54533 16.41934 43.54513 16.41948 43.54492 16.41956 43.54487 16.41958 43.54475 16.41963 43.54469 16.41981 43.54471 16.42004 43.54482 16.42021 43.54502 16.42046 43.54518 16.42066 43.54535 16.42084 43.54552 16.42125 43.54561 16.42165 43.54571 16.42215 43.54574 16.42228 43.54581 16.42269 43.54587 16.42306 43.5459 16.42347 43.54592 16.42367 43.54589 16.42402 43.54581 16.42432 43.54573 16.42468 43.54567 16.42497 43.54566 16.42499 43.54528 16.42501 43.54531 16.42481 43.54517 16.4248 43.54503 16.42567 43.54483 16.42669 43.54468 16.42748 43.54469 16.42759 43.54467 16.42771 43.54459 16.42794 43.54456 16.42804 43.54456 16.42808 43.54455 16.42817 43.54457 16.42818 43.5446 16.42818 43.54491 16.42798 43.54513 16.42783 43.54528 16.42772 43.54539 16.42766 43.54547 16.4277 43.54557 16.42784 43.54561 16.42801 43.54559 16.42851 43.54547 16.42893 43.54537 16.42929 43.5453 16.4295 43.54526 16.42969 43.54524 16.42997 43.54523 16.43028 43.54525 16.43046 43.54524 16.43067 43.5451 16.4309 43.545 16.43107 43.54487 16.43131 43.54478 16.43147 43.54474 16.43154 43.54472 16.43158 43.54447 16.43154 43.54445 16.43166 43.54466 16.43171 43.54473 16.4318 43.54477 16.43224 43.54479 16.43234 43.54483 16.43259 43.54486 16.43275 43.54489 16.4329 43.54489 16.43313 43.54471 16.43366 43.54463 16.43384 43.54462 16.43387 43.54456 16.43389 43.5445 16.4339 43.54446 16.43396 43.54443 16.43419 43.54438 16.43446 43.54427 16.4347 43.54413 16.43488 43.54403 16.43498 43.54396 16.43512 43.54399 16.43538 43.54405 16.43547 43.54412 16.43562 43.54413 16.43563 43.54413 16.43567 43.54398 16.43583 43.54404 16.43596 43.54418 16.43583 43.54422 16.43584 43.54426 16.4359 43.54428 16.436 43.5443 16.43609 43.5443 16.43616 43.54429 16.43636 43.54423 16.43648 43.54416 16.43666 43.54408 16.43676 43.544 16.43691 43.54394 16.43698 43.5439 16.43698 43.54385 16.43699 43.54384 16.437 43.54382 16.43675 43.54374 16.43676 43.54375 16.43702 43.54373 16.43705 43.54369 16.43705 43.54364 16.43702 43.54358 16.43699 43.54349 16.43695 43.54338 16.43701 43.54334 16.43703 43.54319 16.43688 43.54313 16.43699 43.54323 16.43708 43.54325 16.43713 43.5432 16.43721 43.5431 16.43745 43.54307 16.43759 43.54315 16.43766 43.54316 16.43787 43.54317 16.43794 43.54306 16.43802 43.54304 16.43802 43.54299 16.43795 43.54292 16.43805 43.54308 16.43826 43.54288 16.43852 43.54272 16.43832 43.54265 16.4384 43.54279 16.4386 43.54277 16.43865 43.54273 16.4387 43.54268 16.43878 43.54264 16.43883 43.54257 16.43892 43.54255 16.43895 43.54251 16.43901 43.54246 16.4391 43.54245 16.43912 43.54239 16.43919 43.54238 16.43919 43.54234 16.43919 43.54236 16.43876 43.54225 16.43877 43.54224 16.43915 43.54224 16.43919 43.54223 16.43919 43.54213 16.43916 43.54211 16.43914 43.542 16.43903 43.54191 16.43887 43.54178 16.43861 43.54165 16.4384 43.54152 16.43827 43.54142 16.43819 43.54125 16.43804 43.54102 16.43795 43.54086 16.4379 43.54064 16.43789 43.54048 16.43793 43.54011 16.43804 43.53992 16.43814 43.53975 16.43826 43.53955 16.43851 43.53948 16.4386 43.53938 16.43871 43.53931 16.43872 43.53927 16.43869 43.53883 16.43924 43.53875 16.43956 43.53873 16.43998 43.53875 16.4405 43.53878 16.44102 43.53879 16.44157 43.53881 16.44192 43.53882 16.4421 43.53886 16.44219 43.53892 16.44222 43.53895 16.44225 43.53898 16.44236 43.53901 16.44274 43.53905 16.443 43.53906 16.44326 43.53899 16.44353 43.53896 16.4437 43.53901 16.44404 43.53903 16.44443 43.53905 16.44454 43.53905 16.44467 43.53904 16.44484 43.53902 16.44487 43.53896 16.4449 43.53889 16.44509 43.53887 16.44537 43.53879 16.44561 43.53867 16.44584 43.53856 16.44597 43.53842 16.44601 43.53824 16.44597 43.53814 16.44601 43.5381 16.44606 43.53809 16.44619 43.53802 16.44625 43.53794 16.44632 43.5379 16.4464 43.53792 16.44648 43.538 16.44665 43.53809 16.44677 43.53817 16.44689 43.53825 16.44695 43.53834 16.4471 43.53836 16.44718 43.53824 16.44741 43.53803 16.44772 43.53795 16.44799 43.53793 16.44826 43.53803 16.44877 43.53804 16.44917 43.53797 16.4496 43.53787 16.45016 43.53783 16.45061 43.53776 16.45137 43.53776 16.45156 43.53781 16.45194 43.53786 16.45238 43.53783 16.45282 43.53771 16.45307 43.53757 16.45328 43.53751 16.45341 43.5375 16.45364 43.53757 16.45435 43.53761 16.45459 43.53723 16.45472 43.53737 16.4557 43.53768 16.45563 43.53773 16.45581 43.5379 16.45688 43.53803 16.45691 43.53822 16.45729 43.53838 16.45768 43.53841 16.45778 43.53837 16.45795 43.53732 16.45795 43.5373 16.45886 43.5384 16.45894 43.53844 16.45898 43.53843 16.45944 43.53861 16.45946 43.53864 16.45951 43.53864 16.4597 43.53862 16.45974 43.53852 16.45972 43.53847 16.45976 43.53844 16.45991 43.53844 16.46002 43.53839 16.46011 43.53834 16.46029 43.53835 16.46043 43.53845 16.46063 43.5385 16.46075 43.53852 16.46091 43.53846 16.46112 43.53826 16.46131 43.53787 16.46155 43.53772 16.46164 43.53767 16.46171 43.53981 16.46194 43.54135 16.46103 43.54177 16.46079 43.54184 16.46073 43.54189 16.46071 43.54197 16.46066 43.54356 16.46023 43.54444 16.4589 43.54459 16.45796 43.54496 16.45772 43.54498 16.45772 43.5454 16.45765 43.54557 16.45761 43.54695 16.45819 43.54768 16.45837 43.54846 16.45855 43.54927 16.45875 43.54928 16.45875 43.54943 16.45879 43.54956 16.45882 43.54973 16.45886 43.55222 16.45946 43.55231 16.45945 43.55337 16.45931 43.55378 16.45839 43.55464 16.45812 43.55668 16.44741 43.55711 16.44713 43.55741 16.44693 43.55773 16.44671 43.55785 16.44637 43.55815 16.44554 43.56216 16.44651 43.56311 16.44468 43.5643 16.44156 43.56765 16.43788 43.56776 16.43584 43.56988 16.43096 43.56908 16.42981 43.57031 16.41939 43.57105 16.4132 43.57073 16.40888 43.57072 16.40828 43.57066 16.40369 43.57108 16.40151 43.57153 16.39915 43.57352 16.38879 43.57432 16.38339 43.57511 16.37801 43.57517 16.37772 43.5752 16.37754 43.57601 16.37343 43.57753 16.37271 43.57816 16.37241 43.58087 16.37379 43.58629 16.37635 43.59767 16.37507 43.59838 16.37197 43.59849 16.37025 43.5986 16.3572 43.59945 16.34836</gml:posList>
                        </gml:LinearRing>
                      </gml:exterior>
                    </gml:Polygon>
                  </gml:surfaceMember>
                  <gml:surfaceMember>
                    <gml:Polygon gml:id="MEDIA_MONITORED_CILJ_ID_1_CILJ_ID_5_POLUTANT_1_MODEL_186">
                      <gml:exterior>
                        <gml:LinearRing>
                          <gml:posList srsDimension="2">43.45357 16.11235 43.4537 16.11253 43.45386 16.11259 43.45398 16.11263 43.45416 16.11258 43.4544 16.11226 43.45442 16.1122 43.45442 16.11212 43.45437 16.11202 43.45428 16.11196 43.45412 16.11192 43.4539 16.11193 43.45368 16.11197 43.45355 16.1121 43.45353 16.1122 43.45357 16.11235</gml:posList>
                        </gml:LinearRing>
                      </gml:exterior>
                    </gml:Polygon>
                  </gml:surfaceMember>
                  <gml:surfaceMember>
                    <gml:Polygon gml:id="MEDIA_MONITORED_CILJ_ID_1_CILJ_ID_5_POLUTANT_1_MODEL_187">
                      <gml:exterior>
                        <gml:LinearRing>
                          <gml:posList srsDimension="2">43.50017 16.56505 43.50018 16.56504 43.50139 16.56385 43.50724 16.55809 43.50775 16.55758 43.50828 16.55705 43.51055 16.55477 43.51065 16.55464 43.51877 16.54406 43.51874 16.54393 43.51865 16.54365 43.51856 16.54366 43.5185 16.54367 43.51824 16.5437 43.51775 16.54351 43.51686 16.54303 43.5166 16.5426 43.51642 16.54231 43.51628 16.54219 43.51616 16.54208 43.51587 16.54184 43.5156 16.54161 43.51552 16.54154 43.51521 16.54127 43.51374 16.54022 43.51338 16.53924 43.51333 16.53912 43.51272 16.53748 43.51085 16.53755 43.50873 16.5372 43.50872 16.53704 43.50871 16.53665 43.50781 16.53518 43.50671 16.53484 43.50645 16.53376 43.50645 16.53376 43.50623 16.53286 43.50572 16.53174 43.50571 16.53173 43.50559 16.53147 43.50503 16.53129 43.50484 16.53122 43.50471 16.53118 43.50443 16.53109 43.50441 16.53114 43.50438 16.53123 43.50433 16.53139 43.50429 16.53153 43.5042 16.53195 43.50417 16.53206 43.50414 16.53224 43.5041 16.53235 43.50408 16.53241 43.50405 16.53253 43.50399 16.53265 43.50389 16.53287 43.50385 16.533 43.50381 16.53308 43.50379 16.53313 43.50378 16.5332 43.50369 16.53334 43.50366 16.53339 43.50361 16.53344 43.50357 16.53347 43.50344 16.53358 43.50326 16.53375 43.50314 16.53384 43.50313 16.53384 43.50311 16.53383 43.50309 16.5338 43.50308 16.53376 43.50302 16.53368 43.50298 16.53365 43.50291 16.53363 43.50282 16.53365 43.50275 16.5337 43.50268 16.53376 43.50266 16.53377 43.50253 16.53378 43.50245 16.53376 43.5023 16.53376 43.50207 16.53379 43.50205 16.53381 43.50201 16.53381 43.50196 16.53382 43.50192 16.53384 43.50185 16.53389 43.50177 16.53396 43.5016 16.53415 43.50152 16.53423 43.5014 16.53434 43.50138 16.53435 43.50134 16.53435 43.50115 16.53433 43.50107 16.53434 43.50088 16.53432 43.50068 16.53433 43.50055 16.53437 43.50041 16.5344 43.50026 16.53447 43.5001 16.53451 43.49998 16.53467 43.49981 16.53472 43.49972 16.53465 43.49967 16.53425 43.49963 16.53418 43.49953 16.53417 43.49948 16.5341 43.49945 16.53404 43.49941 16.534 43.49935 16.534 43.49929 16.53408 43.49928 16.53418 43.49928 16.53433 43.49927 16.53441 43.49925 16.53447 43.49908 16.53478 43.4989 16.5349 43.49841 16.53548 43.49827 16.53558 43.49813 16.5356 43.49796 16.53554 43.49741 16.53558 43.49723 16.53565 43.4971 16.53571 43.49684 16.53578 43.49659 16.53591 43.49642 16.53595 43.49621 16.53598 43.49608 16.53607 43.49601 16.53615 43.49595 16.53614 43.49594 16.53613 43.4959 16.53608 43.49583 16.53598 43.49562 16.53586 43.49527 16.5356 43.49513 16.53554 43.49495 16.53555 43.49479 16.53566 43.49458 16.53579 43.49443 16.53591 43.4943 16.53602 43.49418 16.53609 43.49388 16.5363 43.49382 16.53641 43.49377 16.53653 43.49351 16.53675 43.49322 16.53701 43.49297 16.53717 43.49282 16.53717 43.49274 16.5371 43.49267 16.53698 43.49251 16.53672 43.49257 16.53658 43.49249 16.53651 43.4924 16.53672 43.49229 16.53699 43.4922 16.53714 43.4921 16.53706 43.49213 16.53698 43.49207 16.53691 43.49195 16.53716 43.4918 16.53755 43.4917 16.53784 43.49163 16.53798 43.49158 16.53813 43.49133 16.53882 43.49102 16.53846 43.49118 16.5381 43.49104 16.53797 43.49097 16.53813 43.49081 16.53802 43.49068 16.53835 43.491 16.53866 43.49093 16.53881 43.49108 16.53897 43.49093 16.53929 43.49077 16.5395 43.49061 16.53971 43.4905 16.53984 43.49017 16.54042 43.4899 16.54102 43.48978 16.54144 43.4895 16.54197 43.48943 16.54207 43.48917 16.54229 43.48899 16.54247 43.48876 16.54269 43.48845 16.54306 43.4882 16.54325 43.48816 16.54324 43.48811 16.54326 43.48804 16.54334 43.48792 16.54355 43.48787 16.54373 43.48786 16.54396 43.48782 16.54411 43.48777 16.54448 43.48777 16.54461 43.48772 16.54483 43.48767 16.54492 43.48751 16.54474 43.48745 16.54485 43.48761 16.54501 43.48756 16.54511 43.48739 16.54551 43.48707 16.54608 43.48647 16.54711 43.4858 16.54787 43.48544 16.54815 43.48531 16.5482 43.48501 16.54828 43.48493 16.54834 43.48479 16.54861 43.48466 16.54906 43.48459 16.54961 43.48455 16.55005 43.48445 16.55057 43.48437 16.55102 43.48435 16.55112 43.48426 16.55161 43.48416 16.55199 43.48404 16.55241 43.48379 16.55306 43.4837 16.55325 43.48355 16.55312 43.48351 16.55323 43.48363 16.55334 43.48355 16.5535 43.48341 16.55377 43.4832 16.55409 43.48272 16.55481 43.48256 16.55466 43.48251 16.55477 43.48265 16.5549 43.48222 16.55557 43.48203 16.55599 43.48185 16.55624 43.48148 16.55667 43.48121 16.55708 43.48115 16.55717 43.48103 16.55702 43.48097 16.5571 43.48109 16.55725 43.48101 16.55736 43.48092 16.55748 43.48081 16.55732 43.48074 16.55742 43.48085 16.55758 43.48081 16.55763 43.48035 16.55818 43.48029 16.55825 43.48016 16.55807 43.4801 16.55816 43.48023 16.55835 43.48017 16.55845 43.48005 16.55856 43.47988 16.55866 43.4794 16.55882 43.47933 16.55891 43.47928 16.55897 43.479 16.55947 43.47869 16.55985 43.47802 16.56056 43.47736 16.5611 43.47702 16.56153 43.47679 16.56139 43.47676 16.56129 43.47668 16.56134 43.47672 16.56146 43.47696 16.56163 43.47683 16.5618 43.47671 16.56192 43.4766 16.562 43.47646 16.56182 43.4764 16.56189 43.47655 16.56209 43.47647 16.56216 43.47629 16.56238 43.47605 16.56264 43.47514 16.56386 43.47498 16.56407 43.47474 16.56432 43.47446 16.56457 43.47424 16.56483 43.47419 16.56495 43.47418 16.56507 43.47419 16.56523 43.47414 16.56575 43.47409 16.56609 43.47404 16.56634 43.47396 16.56654 43.47374 16.56655 43.47374 16.56668 43.47394 16.56667 43.47389 16.5669 43.47382 16.56709 43.47371 16.56715 43.47366 16.56723 43.47364 16.56732 43.4736 16.56754 43.47313 16.56744 43.47315 16.56732 43.473 16.56728 43.47294 16.56762 43.47358 16.56778 43.47363 16.56823 43.47363 16.5684 43.47356 16.56865 43.47345 16.56896 43.47332 16.56923 43.47321 16.5694 43.47302 16.56975 43.47281 16.5701 43.47261 16.57054 43.4724 16.57081 43.47221 16.57113 43.47205 16.57151 43.47186 16.57182 43.47153 16.5722 43.47152 16.57221 43.47111 16.57262 43.47058 16.57325 43.4704 16.57342 43.47016 16.57363 43.46973 16.57403 43.46896 16.57462 43.46882 16.57477 43.46857 16.57517 43.4685 16.57537 43.46808 16.5762 43.46787 16.57652 43.46742 16.57705 43.46707 16.5777 43.46679 16.57804 43.46641 16.57844 43.46587 16.57922 43.46569 16.57952 43.46558 16.57965 43.46626 16.58177 43.4666 16.58218 43.46681 16.58244 43.46691 16.58249 43.46726 16.58263 43.46782 16.5834 43.46829 16.58403 43.46967 16.58591 43.471 16.58771 43.47144 16.58832 43.47192 16.58855 43.47227 16.58859 43.47304 16.58959 43.47312 16.58989 43.47317 16.59009 43.47356 16.59023 43.47356 16.59023 43.47397 16.59024 43.47433 16.59024 43.4747 16.59042 43.47518 16.59065 43.47678 16.59018 43.48778 16.5815 43.4899 16.57797 43.49264 16.57342 43.49281 16.57313 43.49727 16.56823 43.50017 16.56505</gml:posList>
                        </gml:LinearRing>
                      </gml:exterior>
                    </gml:Polygon>
                  </gml:surfaceMember>
                  <gml:surfaceMember>
                    <gml:Polygon gml:id="MEDIA_MONITORED_CILJ_ID_1_CILJ_ID_5_POLUTANT_1_MODEL_188">
                      <gml:exterior>
                        <gml:LinearRing>
                          <gml:posList srsDimension="2">43.52234 16.4155 43.52237 16.41558 43.5224 16.41562 43.52245 16.41564 43.52249 16.41561 43.52252 16.41557 43.52256 16.41549 43.52257 16.41539 43.52259 16.41529 43.52262 16.41515 43.52261 16.41504 43.5226 16.41497 43.52258 16.41489 43.52256 16.41486 43.52251 16.41486 43.52246 16.4149 43.52242 16.415 43.5224 16.41507 43.52238 16.41516 43.52236 16.41524 43.52235 16.41535 43.52234 16.4155</gml:posList>
                        </gml:LinearRing>
                      </gml:exterior>
                    </gml:Polygon>
                  </gml:surfaceMember>
                  <gml:surfaceMember>
                    <gml:Polygon gml:id="MEDIA_MONITORED_CILJ_ID_1_CILJ_ID_5_POLUTANT_1_MODEL_189">
                      <gml:exterior>
                        <gml:LinearRing>
                          <gml:posList srsDimension="2">43.53583 16.44778 43.53586 16.44782 43.5359 16.44782 43.53594 16.4478 43.53593 16.44775 43.53592 16.44769 43.53591 16.44765 43.53588 16.44764 43.53584 16.44766 43.53583 16.44769 43.53582 16.44773 43.53583 16.44778</gml:posList>
                        </gml:LinearRing>
                      </gml:exterior>
                    </gml:Polygon>
                  </gml:surfaceMember>
                  <gml:surfaceMember>
                    <gml:Polygon gml:id="MEDIA_MONITORED_CILJ_ID_1_CILJ_ID_5_POLUTANT_1_MODEL_190">
                      <gml:exterior>
                        <gml:LinearRing>
                          <gml:posList srsDimension="2">43.515 16.24743 43.5152 16.24825 43.51535 16.24914 43.51548 16.25012 43.51556 16.2506 43.51557 16.2507 43.51567 16.25107 43.51582 16.25159 43.51592 16.25192 43.51596 16.25194 43.5161 16.2519 43.51616 16.25194 43.51629 16.25213 43.51662 16.25261 43.51671 16.25261 43.518 16.25174 43.51805 16.25167 43.51807 16.25154 43.51807 16.25137 43.51805 16.25097 43.51803 16.25071 43.51799 16.25038 43.51797 16.25024 43.51794 16.25002 43.51794 16.24947 43.51789 16.24934 43.51746 16.24858 43.51648 16.24687 43.51643 16.24673 43.51632 16.24656 43.51621 16.24627 43.51608 16.24595 43.51589 16.24595 43.51576 16.24601 43.51565 16.24608 43.51556 16.24615 43.51542 16.24624 43.51526 16.24636 43.51515 16.24647 43.51512 16.2465 43.51501 16.24662 43.51495 16.2467 43.51489 16.24681 43.51487 16.24694 43.515 16.24743</gml:posList>
                        </gml:LinearRing>
                      </gml:exterior>
                    </gml:Polygon>
                  </gml:surfaceMember>
                  <gml:surfaceMember>
                    <gml:Polygon gml:id="MEDIA_MONITORED_CILJ_ID_1_CILJ_ID_5_POLUTANT_1_MODEL_191">
                      <gml:exterior>
                        <gml:LinearRing>
                          <gml:posList srsDimension="2">43.42905 16.12026 43.42907 16.12034 43.42907 16.12046 43.42912 16.12054 43.42915 16.12054 43.42921 16.12047 43.42921 16.12034 43.4292 16.12026 43.42915 16.12012 43.42915 16.12007 43.4291 16.12002 43.42907 16.12002 43.42903 16.12005 43.42901 16.12011 43.42905 16.12026</gml:posList>
                        </gml:LinearRing>
                      </gml:exterior>
                    </gml:Polygon>
                  </gml:surfaceMember>
                  <gml:surfaceMember>
                    <gml:Polygon gml:id="MEDIA_MONITORED_CILJ_ID_1_CILJ_ID_5_POLUTANT_1_MODEL_192">
                      <gml:exterior>
                        <gml:LinearRing>
                          <gml:posList srsDimension="2">43.41209 16.13601 43.4122 16.13616 43.4125 16.13624 43.41328 16.13623 43.41349 16.13618 43.41368 16.13609 43.41371 16.13609 43.41386 16.13602 43.41404 16.13585 43.41417 16.13565 43.41444 16.13479 43.41446 16.13462 43.41441 16.13447 43.41429 16.1343 43.41409 16.13417 43.41373 16.13417 43.41359 16.13424 43.4133 16.13433 43.41292 16.13462 43.41275 16.13484 43.41242 16.13515 43.41219 16.13547 43.41209 16.13576 43.41209 16.13601</gml:posList>
                        </gml:LinearRing>
                      </gml:exterior>
                    </gml:Polygon>
                  </gml:surfaceMember>
                  <gml:surfaceMember>
                    <gml:Polygon gml:id="MEDIA_MONITORED_CILJ_ID_1_CILJ_ID_5_POLUTANT_1_MODEL_193">
                      <gml:exterior>
                        <gml:LinearRing>
                          <gml:posList srsDimension="2">43.45569 16.07574 43.45578 16.07549 43.4558 16.07467 43.45579 16.0743 43.45571 16.074 43.45571 16.0737 43.4557 16.07252 43.45568 16.07238 43.45558 16.07212 43.45533 16.07187 43.45517 16.07177 43.45491 16.07174 43.45458 16.0718 43.45435 16.07176 43.45418 16.07169 43.45391 16.0716 43.45382 16.07153 43.45362 16.07125 43.45356 16.07112 43.45346 16.07101 43.45339 16.07095 43.45332 16.07085 43.45327 16.07063 43.45322 16.07026 43.4532 16.07013 43.45313 16.06996 43.45297 16.06976 43.4528 16.06966 43.45254 16.06955 43.45232 16.06954 43.45211 16.06945 43.45196 16.06928 43.45184 16.06909 43.45172 16.06899 43.45157 16.06899 43.45137 16.06909 43.45112 16.06909 43.45089 16.06895 43.45069 16.0689 43.45062 16.06885 43.45058 16.06878 43.45059 16.0686 43.45066 16.06842 43.4507 16.06828 43.45091 16.0677 43.45109 16.06733 43.45118 16.067 43.45119 16.06644 43.45126 16.06621 43.4514 16.06598 43.45155 16.06561 43.4516 16.06553 43.45186 16.06489 43.45195 16.06457 43.45201 16.06418 43.45202 16.06304 43.45201 16.06281 43.45197 16.0626 43.45186 16.06243 43.45172 16.06227 43.45103 16.06177 43.45092 16.06164 43.45072 16.06136 43.45058 16.06114 43.45053 16.06097 43.4505 16.06077 43.45051 16.06061 43.45054 16.06037 43.45069 16.05983 43.45083 16.05948 43.45115 16.0588 43.45122 16.0585 43.45137 16.05811 43.45148 16.05784 43.45159 16.0576 43.45164 16.05733 43.45165 16.057 43.45166 16.05665 43.45169 16.05632 43.45167 16.05604 43.45148 16.0556 43.45136 16.05537 43.4512 16.0549 43.45109 16.05467 43.45067 16.0541 43.45 16.05359 43.44913 16.05323 43.44846 16.05315 43.44812 16.05314 43.44799 16.05319 43.4475 16.05354 43.44714 16.05384 43.44674 16.05406 43.44653 16.05411 43.44642 16.05417 43.44593 16.05421 43.44589 16.05426 43.44587 16.05444 43.44582 16.05448 43.44577 16.05446 43.44573 16.05436 43.44568 16.05436 43.4456 16.05442 43.44552 16.05457 43.44547 16.05482 43.44549 16.05524 43.44563 16.05579 43.4458 16.05629 43.4461 16.05691 43.44623 16.05731 43.44644 16.05778 43.44649 16.05796 43.44677 16.05858 43.4473 16.05935 43.44739 16.05953 43.44745 16.0596 43.4478 16.06042 43.44792 16.0612 43.44793 16.06139 43.44788 16.06176 43.44773 16.06225 43.44751 16.06272 43.44736 16.06289 43.44722 16.06306 43.44624 16.06373 43.446 16.06395 43.44578 16.06424 43.44543 16.06468 43.44505 16.06524 43.44481 16.06583 43.44478 16.06603 43.44469 16.06721 43.44468 16.06792 43.44472 16.06818 43.44472 16.0686 43.44475 16.06892 43.4448 16.069 43.44492 16.06896 43.44498 16.06902 43.44498 16.06912 43.44493 16.06922 43.44482 16.06919 43.44475 16.06927 43.44474 16.06939 43.44481 16.06979 43.44497 16.07015 43.44513 16.07061 43.44537 16.0716 43.44548 16.07187 43.4456 16.07205 43.44567 16.0722 43.44574 16.07242 43.44577 16.07274 43.44581 16.07292 43.44584 16.07329 43.44584 16.074 43.44574 16.07457 43.44572 16.07509 43.44577 16.07541 43.44582 16.07554 43.44621 16.07604 43.44625 16.07616 43.44625 16.07623 43.44625 16.07631 43.44617 16.07661 43.44589 16.07734 43.4456 16.07805 43.44549 16.07842 43.44526 16.0795 43.44518 16.08005 43.44513 16.08056 43.44501 16.08114 43.44497 16.08185 43.44489 16.08217 43.4448 16.08244 43.44467 16.08266 43.44435 16.08282 43.44406 16.08289 43.44392 16.08282 43.44379 16.08267 43.44362 16.08231 43.44345 16.08212 43.44331 16.08185 43.44309 16.08147 43.44273 16.08099 43.44262 16.08074 43.44244 16.08049 43.44237 16.08044 43.44205 16.08031 43.4416 16.08025 43.44146 16.08013 43.44131 16.0801 43.4412 16.07996 43.44113 16.07996 43.44108 16.07999 43.44101 16.07997 43.44097 16.0799 43.44087 16.0798 43.44074 16.07977 43.44058 16.07967 43.4404 16.07967 43.44031 16.07961 43.44009 16.07963 43.44004 16.07958 43.43997 16.07958 43.43988 16.07968 43.43974 16.07967 43.43963 16.0796 43.43948 16.0796 43.43939 16.07967 43.4393 16.07967 43.43914 16.07984 43.43901 16.07986 43.43894 16.07998 43.43887 16.08008 43.43874 16.08013 43.43867 16.08031 43.43861 16.08033 43.43845 16.08032 43.43832 16.08039 43.43827 16.08057 43.43821 16.08064 43.43813 16.08059 43.43809 16.08064 43.43808 16.08071 43.43801 16.08078 43.43795 16.08082 43.43787 16.0809 43.43773 16.08095 43.4377 16.08102 43.4376 16.08112 43.43747 16.08122 43.43738 16.08122 43.43732 16.08129 43.43731 16.08136 43.43722 16.08147 43.43714 16.08156 43.43705 16.08171 43.43693 16.08188 43.43688 16.08191 43.43684 16.082 43.43683 16.08213 43.43682 16.08219 43.4368 16.08221 43.43676 16.08224 43.43667 16.08233 43.43657 16.08251 43.43654 16.08259 43.43626 16.08298 43.4359 16.08359 43.43575 16.08393 43.43559 16.08458 43.43551 16.08499 43.43545 16.08531 43.43545 16.0857 43.4355 16.0861 43.43552 16.08648 43.43563 16.08702 43.43577 16.08736 43.4362 16.08797 43.43646 16.08864 43.43659 16.08881 43.43675 16.08894 43.43721 16.08914 43.43743 16.08922 43.43779 16.08928 43.43795 16.08938 43.438 16.08946 43.43804 16.08955 43.43804 16.0906 43.43811 16.09075 43.43822 16.09082 43.43829 16.09087 43.43829 16.09092 43.43824 16.09097 43.43815 16.09098 43.43811 16.09102 43.43811 16.09109 43.43817 16.09122 43.4385 16.09211 43.4386 16.09228 43.43871 16.09243 43.43887 16.09256 43.43925 16.09259 43.43945 16.09258 43.4397 16.09255 43.43986 16.09245 43.44005 16.09228 43.44031 16.09194 43.44052 16.09172 43.44083 16.09161 43.44101 16.09149 43.44113 16.09134 43.44123 16.09116 43.44134 16.09102 43.44144 16.09095 43.4417 16.09091 43.44186 16.09078 43.44224 16.09069 43.44242 16.0906 43.44283 16.09053 43.44304 16.09053 43.44323 16.09049 43.44336 16.09049 43.44339 16.09054 43.44346 16.09057 43.44355 16.09054 43.44362 16.09043 43.44368 16.09037 43.44382 16.09038 43.4439 16.09052 43.44393 16.0907 43.44398 16.09077 43.44415 16.0908 43.44424 16.09085 43.44463 16.0913 43.44464 16.09138 43.44464 16.0915 43.4447 16.09158 43.44482 16.09163 43.44488 16.0917 43.44488 16.0918 43.44494 16.09203 43.44514 16.0923 43.44525 16.0926 43.4453 16.09292 43.44538 16.09315 43.44545 16.09347 43.44552 16.09359 43.4457 16.09409 43.4458 16.09461 43.44589 16.09486 43.44596 16.09506 43.44612 16.09561 43.44615 16.0959 43.44616 16.09608 43.44613 16.09625 43.44585 16.09734 43.44584 16.09782 43.44596 16.09817 43.44625 16.0982 43.44647 16.09818 43.44663 16.09809 43.44676 16.09792 43.44683 16.09769 43.44691 16.09703 43.44692 16.09666 43.44687 16.09599 43.44693 16.09574 43.44696 16.0955 43.44704 16.09528 43.44711 16.0951 43.4472 16.09486 43.44726 16.09456 43.44728 16.09407 43.4474 16.09333 43.44756 16.09289 43.44776 16.09248 43.44821 16.09166 43.44833 16.09152 43.44908 16.09035 43.44921 16.09025 43.44932 16.09023 43.44941 16.09018 43.44946 16.09011 43.44955 16.09002 43.44982 16.09036 43.44989 16.09024 43.44957 16.08984 43.44964 16.08969 43.4498 16.08948 43.45009 16.0891 43.45027 16.08931 43.45013 16.08959 43.4502 16.08966 43.45037 16.08937 43.45042 16.08934 43.45048 16.08934 43.45069 16.08959 43.45085 16.08988 43.45092 16.08993 43.45108 16.08996 43.45141 16.08999 43.45168 16.08992 43.45182 16.08991 43.45218 16.0899 43.4527 16.09014 43.45308 16.09018 43.45337 16.09018 43.45362 16.09011 43.45415 16.09002 43.45425 16.0899 43.4544 16.08982 43.45467 16.08958 43.455 16.08917 43.45529 16.08853 43.45537 16.08827 43.45543 16.08796 43.45555 16.08724 43.45554 16.08589 43.45547 16.08551 43.45522 16.08472 43.45512 16.08425 43.45507 16.08398 43.45499 16.08311 43.45497 16.08294 43.4549 16.08257 43.45489 16.08244 43.45485 16.08229 43.45476 16.08187 43.45472 16.08167 43.45468 16.08142 43.45454 16.08123 43.45433 16.08111 43.45424 16.08104 43.45405 16.0807 43.45391 16.08057 43.45382 16.08042 43.45379 16.0802 43.45361 16.0799 43.45351 16.07965 43.45349 16.07948 43.45356 16.07926 43.45391 16.07877 43.45423 16.07836 43.45484 16.07743 43.45502 16.07703 43.45525 16.0767 43.45543 16.07652 43.45556 16.07617 43.45564 16.07591 43.45569 16.07574</gml:posList>
                        </gml:LinearRing>
                      </gml:exterior>
                    </gml:Polygon>
                  </gml:surfaceMember>
                  <gml:surfaceMember>
                    <gml:Polygon gml:id="MEDIA_MONITORED_CILJ_ID_1_CILJ_ID_5_POLUTANT_1_MODEL_194">
                      <gml:exterior>
                        <gml:LinearRing>
                          <gml:posList srsDimension="2">45.44123 14.57911 45.44335 14.57346 45.44621 14.57304 45.44829 14.5728 45.44941 14.57191 45.45143 14.57014 45.45335 14.56851 45.45532 14.56673 45.45706 14.56484 45.45896 14.56259 45.4602 14.56119 45.46455 14.55719 45.46663 14.55523 45.467 14.5549 45.46832 14.55371 45.46594 14.55314 45.46507 14.55275 45.46432 14.55149 45.46312 14.55072 45.46228 14.55057 45.46133 14.55082 45.46044 14.55048 45.45921 14.54983 45.45812 14.5493 45.45733 14.54873 45.45639 14.54834 45.45573 14.54789 45.45505 14.54735 45.45429 14.54667 45.45305 14.54659 45.4519 14.54576 45.45092 14.5453 45.44949 14.54404 45.44919 14.54261 45.4479 14.54195 45.4468 14.54141 45.44607 14.54062 45.44517 14.53985 45.44445 14.53882 45.44339 14.53803 45.44217 14.53773 45.44096 14.53713 45.43984 14.53639 45.43809 14.5351 45.43729 14.53483 45.43691 14.5347 45.43623 14.53465 45.43569 14.53512 45.43547 14.53538 45.43519 14.53542 45.4347 14.53554 45.43441 14.53545 45.43433 14.53513 45.43377 14.53488 45.43318 14.53486 45.43271 14.53498 45.4326 14.53515 45.43212 14.53548 45.43177 14.53564 45.43154 14.53568 45.43106 14.53516 45.43071 14.53474 45.43012 14.53422 45.42935 14.53368 45.4283 14.53311 45.42738 14.53258 45.42662 14.53167 45.42589 14.53036 45.42521 14.52962 45.4243 14.52958 45.4234 14.53006 45.42285 14.52991 45.4223 14.52925 45.42215 14.52817 45.42248 14.52675 45.42223 14.52589 45.4222 14.52577 45.42142 14.52465 45.42057 14.52357 45.42052 14.52258 45.42024 14.52194 45.42005 14.52057 45.41982 14.5197 45.4192 14.51869 45.41925 14.51761 45.41922 14.51759 45.41893 14.51734 45.41876 14.5172 45.41872 14.51716 45.41798 14.51721 45.41712 14.51642 45.41646 14.51614 45.41585 14.51562 45.41517 14.51526 45.41509 14.51495 45.41511 14.51357 45.41509 14.51341 45.41506 14.51322 45.4149 14.51213 45.41436 14.51049 45.41368 14.50951 45.41287 14.50847 45.41247 14.5075 45.41227 14.507 45.41149 14.50631 45.41079 14.50709 45.4103 14.5071 45.40976 14.50627 45.40978 14.50554 45.40988 14.5046 45.40989 14.50452 45.4099 14.50435 45.40995 14.50375 45.40964 14.50384 45.40937 14.50391 45.40871 14.50376 45.408 14.50275 45.40718 14.50192 45.40726 14.50157 45.40721 14.50011 45.40734 14.49855 45.40718 14.49833 45.40675 14.49776 45.40569 14.49749 45.40463 14.49626 45.40423 14.49561 45.40398 14.49532 45.40362 14.4949 45.4034 14.49349 45.40312 14.49228 45.40235 14.49096 45.40171 14.48972 45.40062 14.48871 45.39939 14.48783 45.39823 14.48573 45.39801 14.48527 45.39719 14.48602 45.39658 14.48701 45.39589 14.48786 45.39528 14.48848 45.39514 14.48827 45.39474 14.48871 45.39431 14.48928 45.3937 14.49045 45.39302 14.49136 45.39262 14.49182 45.39232 14.49207 45.39181 14.49248 45.39074 14.49307 45.38967 14.49434 45.38902 14.49502 45.38865 14.49532 45.38782 14.49598 45.38696 14.49651 45.38684 14.49659 45.38555 14.49685 45.38437 14.49712 45.38326 14.49754 45.38172 14.49781 45.38082 14.49799 45.38012 14.49808 45.37983 14.4973 45.37945 14.49673 45.37899 14.49617 45.3787 14.49532 45.37858 14.4945 45.37862 14.49367 45.37864 14.49355 45.37867 14.4934 45.37871 14.49312 45.37834 14.49246 45.37793 14.49199 45.37734 14.49163 45.37647 14.49119 45.37644 14.48981 45.37633 14.48726 45.37618 14.48359 45.37616 14.48283 45.37608 14.48201 45.37551 14.48052 45.37546 14.48035 45.37535 14.48001 45.3751 14.47934 45.37485 14.4787 45.37486 14.47791 45.37485 14.47761 45.37483 14.47727 45.37451 14.47633 45.37511 14.47547 45.37506 14.47537 45.37481 14.47478 45.37437 14.47366 45.37507 14.47302 45.37605 14.47274 45.37689 14.47239 45.37775 14.47196 45.3784 14.47146 45.37888 14.47098 45.37966 14.4705 45.38036 14.47022 45.38081 14.46998 45.3811 14.46982 45.38109 14.46962 45.38106 14.46906 45.38083 14.46824 45.38024 14.46793 45.37977 14.4678 45.37955 14.46769 45.37933 14.46751 45.379 14.46818 45.37876 14.46799 45.37855 14.4682 45.37823 14.46792 45.37833 14.46765 45.37827 14.46732 45.37874 14.46691 45.37876 14.46685 45.3789 14.46634 45.37889 14.46633 45.37889 14.46631 45.37888 14.4663 45.37871 14.46575 45.3788 14.46532 45.37898 14.46495 45.37916 14.46431 45.37956 14.46306 45.37985 14.46185 45.38008 14.46096 45.3801 14.46051 45.38029 14.46027 45.38043 14.4601 45.38053 14.45937 45.38104 14.4587 45.38104 14.45818 45.38103 14.45814 45.38088 14.45766 45.38045 14.45688 45.3797 14.4567 45.37943 14.45637 45.37919 14.45522 45.37899 14.45423 45.37906 14.45319 45.37899 14.45307 45.37878 14.45267 45.37815 14.45208 45.37777 14.45164 45.37846 14.45035 45.37792 14.45015 45.37748 14.44952 45.3774 14.44941 45.37758 14.44884 45.37788 14.44801 45.37587 14.44704 45.37545 14.4465 45.37541 14.44597 45.37542 14.44589 45.37548 14.4453 45.37545 14.44512 45.3754 14.44476 45.37489 14.44454 45.37441 14.44434 45.37417 14.44399 45.37386 14.4435 45.37353 14.44297 45.37355 14.44244 45.3734 14.44202 45.3732 14.44224 45.37282 14.4423 45.37246 14.44221 45.37212 14.44267 45.37185 14.44302 45.37145 14.44301 45.37144 14.44199 45.37132 14.44102 45.37 14.44144 45.36911 14.44171 45.36796 14.44287 45.3672 14.44257 45.36665 14.44243 45.36605 14.44267 45.36559 14.44335 45.36517 14.44379 45.36465 14.44452 45.3643 14.4447 45.3638 14.44508 45.36309 14.44506 45.3622 14.44554 45.36185 14.44599 45.36152 14.4464 45.36107 14.44637 45.36048 14.44606 45.35988 14.44577 45.35931 14.4459 45.35895 14.44638 45.35869 14.44672 45.35812 14.44728 45.35818 14.44794 45.35816 14.44849 45.35832 14.44903 45.35846 14.44943 45.35855 14.45003 45.35857 14.45067 45.35861 14.45117 45.35876 14.45177 45.35883 14.45216 45.35886 14.45252 45.35897 14.45292 45.35951 14.45268 45.35987 14.45258 45.36016 14.45277 45.36053 14.45323 45.36087 14.45371 45.36128 14.45423 45.36145 14.45459 45.36143 14.45483 45.36141 14.45499 45.36133 14.45538 45.36123 14.45581 45.36128 14.45632 45.36135 14.45657 45.36136 14.45662 45.36128 14.45673 45.36093 14.45722 45.36087 14.45732 45.36044 14.45767 45.35988 14.45834 45.35931 14.45898 45.35881 14.45961 45.35823 14.46028 45.35772 14.4608 45.35749 14.46084 45.35729 14.46113 45.357 14.46092 45.35672 14.46073 45.35668 14.4616 45.35663 14.46219 45.35654 14.46294 45.35648 14.46348 45.35667 14.46366 45.35686 14.46362 45.35717 14.46352 45.35743 14.46385 45.35759 14.46427 45.35781 14.4649 45.35819 14.46524 45.35822 14.46568 45.35828 14.4664 45.35831 14.46661 45.35834 14.46678 45.35835 14.46685 45.35836 14.46692 45.35835 14.46714 45.35834 14.46745 45.35832 14.46792 45.35826 14.46857 45.35803 14.46899 45.3574 14.4696 45.35703 14.47007 45.35651 14.47078 45.3562 14.47109 45.3558 14.47136 45.35523 14.47165 45.35479 14.47185 45.35384 14.47227 45.35286 14.47288 45.352 14.47318 45.3512 14.47338 45.35034 14.47347 45.34951 14.47374 45.3494 14.474 45.34925 14.47382 45.34866 14.474 45.34858 14.47382 45.3485 14.47362 45.3482 14.47345 45.34788 14.47343 45.34768 14.47341 45.34676 14.47377 45.34572 14.47409 45.34519 14.47435 45.345 14.47445 45.3448 14.47451 45.34462 14.47472 45.34454 14.4751 45.3446 14.47537 45.3447 14.47574 45.34473 14.47583 45.34476 14.47591 45.34477 14.47591 45.34477 14.47593 45.34477 14.47625 45.34466 14.4763 45.34448 14.47622 45.34432 14.47595 45.34402 14.47555 45.34303 14.47619 45.34204 14.47845 45.34156 14.47961 45.34103 14.48052 45.34025 14.4815 45.33977 14.48223 45.33938 14.48291 45.33905 14.48287 45.33825 14.4829 45.33772 14.48315 45.33696 14.48387 45.33611 14.48444 45.33545 14.48491 45.33474 14.48525 45.33547 14.48641 45.33591 14.48698 45.33634 14.48749 45.33679 14.48803 45.3371 14.48834 45.33749 14.48863 45.33763 14.48892 45.33775 14.48935 45.33802 14.48992 45.33819 14.4905 45.33847 14.49088 45.3389 14.49151 45.33914 14.49201 45.3394 14.49265 45.3396 14.49321 45.33989 14.49408 45.34026 14.49533 45.34103 14.49689 45.34202 14.49909 45.3426 14.5005 45.34318 14.5021 45.34291 14.5024 45.34278 14.50253 45.34264 14.5029 45.3427 14.50333 45.34277 14.50385 45.34291 14.50411 45.34315 14.5044 45.34339 14.50456 45.34364 14.50452 45.34382 14.50429 45.34403 14.5038 45.34463 14.50496 45.34509 14.50596 45.34561 14.50727 45.3462 14.50872 45.34659 14.50963 45.34692 14.51084 45.3472 14.51191 45.34757 14.51264 45.34798 14.51309 45.3485 14.51376 45.34886 14.51424 45.34944 14.51485 45.34983 14.51547 45.35019 14.51589 45.35071 14.51644 45.35173 14.51741 45.3523 14.51815 45.35255 14.51842 45.35306 14.51931 45.35352 14.51965 45.35393 14.5199 45.35434 14.52031 45.35487 14.52063 45.35523 14.52117 45.35537 14.52183 45.35543 14.52272 45.35548 14.52345 45.3555 14.52419 45.35561 14.52457 45.3559 14.52517 45.35625 14.5258 45.35665 14.52641 45.3571 14.52692 45.35755 14.52755 45.35782 14.52824 45.35804 14.52912 45.35846 14.53032 45.35859 14.53126 45.35901 14.53246 45.35908 14.53304 45.35953 14.53444 45.36001 14.53574 45.36012 14.53677 45.36023 14.53792 45.36039 14.53889 45.36044 14.53924 45.36048 14.53948 45.36052 14.53969 45.36038 14.54012 45.36026 14.5405 45.36017 14.54079 45.36 14.54178 45.35963 14.54335 45.35947 14.54496 45.35869 14.54605 45.35888 14.54746 45.35956 14.5488 45.35962 14.54933 45.35966 14.5497 45.35962 14.54996 45.35958 14.55023 45.35939 14.55131 45.35876 14.55196 45.35852 14.55306 45.35898 14.55477 45.35963 14.55618 45.36026 14.55732 45.36089 14.55821 45.36152 14.55902 45.36242 14.56063 45.36266 14.56148 45.36351 14.56299 45.3639 14.5639 45.36524 14.56653 45.36705 14.57031 45.3676 14.57146 45.36852 14.57318 45.37011 14.57507 45.37087 14.5773 45.37109 14.57859 45.37194 14.57977 45.37204 14.58051 45.37282 14.58118 45.37281 14.58126 45.37277 14.58162 45.37257 14.58311 45.37246 14.58403 45.37287 14.58548 45.37328 14.58668 45.37368 14.5875 45.37453 14.58812 45.3751 14.58835 45.37549 14.58873 45.37594 14.58918 45.37597 14.58921 45.37609 14.58933 45.37616 14.5894 45.37585 14.59008 45.37601 14.59101 45.37631 14.59199 45.3767 14.59283 45.37755 14.59376 45.37812 14.59444 45.37841 14.59546 45.37945 14.59622 45.38009 14.59634 45.38069 14.59654 45.38112 14.59708 45.38157 14.59764 45.38186 14.59743 45.38247 14.59785 45.38313 14.59713 45.38353 14.59692 45.38472 14.59754 45.38672 14.59857 45.39465 14.60258 45.40232 14.60647 45.41167 14.61126 45.42105 14.61609 45.43038 14.62081 45.43126 14.62126 45.42968 14.60904 45.43273 14.59035 45.43409 14.58666 45.43421 14.58632 45.43425 14.58623 45.43414 14.58565 45.44123 14.57911</gml:posList>
                        </gml:LinearRing>
                      </gml:exterior>
                    </gml:Polygon>
                  </gml:surfaceMember>
                  <gml:surfaceMember>
                    <gml:Polygon gml:id="MEDIA_MONITORED_CILJ_ID_1_CILJ_ID_5_POLUTANT_1_MODEL_195">
                      <gml:exterior>
                        <gml:LinearRing>
                          <gml:posList srsDimension="2">45.40033 14.37011 45.40059 14.37003 45.40085 14.36995 45.40094 14.36993 45.40094 14.36958 45.40082 14.3696 45.40012 14.36906 45.3998 14.3679 45.39981 14.36714 45.39958 14.36638 45.39995 14.36506 45.40011 14.36428 45.40021 14.3639 45.40033 14.3635 45.40046 14.36304 45.40038 14.3627 45.40036 14.36259 45.40027 14.36219 45.40031 14.36115 45.40055 14.35997 45.4004 14.35964 45.4001 14.35896 45.40015 14.35821 45.39995 14.35806 45.39981 14.35795 45.3995 14.35772 45.39865 14.35802 45.39858 14.35724 45.39895 14.35679 45.39923 14.35645 45.39899 14.35549 45.39932 14.35461 45.39902 14.35361 45.39839 14.3537 45.39769 14.35355 45.39692 14.35344 45.3962 14.35335 45.39547 14.35326 45.39476 14.35318 45.39397 14.35285 45.39362 14.35198 45.39395 14.35094 45.39338 14.35097 45.39304 14.35 45.39252 14.34927 45.39218 14.34824 45.39287 14.3471 45.39281 14.34665 45.39278 14.34637 45.39259 14.34544 45.39326 14.34423 45.39331 14.34347 45.39332 14.34323 45.39305 14.34326 45.39287 14.34328 45.39281 14.34328 45.39246 14.34332 45.39157 14.34376 45.39102 14.34364 45.39069 14.34279 45.38984 14.34249 45.38947 14.3414 45.38886 14.34139 45.38815 14.3413 45.38741 14.34173 45.38703 14.34094 45.38651 14.34081 45.38588 14.34034 45.38524 14.3394 45.38454 14.33895 45.38444 14.33875 45.38399 14.33791 45.38367 14.33745 45.38325 14.33719 45.38293 14.337 45.3822 14.33503 45.38161 14.33352 45.38088 14.33188 45.38049 14.33204 45.38023 14.33149 45.37979 14.33126 45.37929 14.33127 45.37885 14.33073 45.37841 14.33003 45.3776 14.32886 45.37739 14.3279 45.37699 14.3272 45.37667 14.32723 45.37614 14.32729 45.37566 14.32686 45.37532 14.32654 45.3753 14.32652 45.37457 14.32617 45.37424 14.32597 45.37375 14.32598 45.37328 14.32587 45.37259 14.32594 45.37216 14.32573 45.37199 14.32564 45.37187 14.32498 45.37094 14.32472 45.37013 14.32448 45.36964 14.32479 45.36928 14.32508 45.36906 14.32525 45.36907 14.32527 45.37006 14.32654 45.36994 14.32748 45.36964 14.32753 45.36921 14.32764 45.36892 14.32763 45.36857 14.32748 45.36853 14.32785 45.36847 14.32839 45.36839 14.32903 45.36851 14.32947 45.36853 14.33005 45.36878 14.33066 45.36883 14.33096 45.36887 14.33121 45.36874 14.33142 45.36846 14.33185 45.36853 14.33227 45.36844 14.33252 45.3683 14.3329 45.36799 14.33322 45.36792 14.33373 45.36828 14.33475 45.36819 14.33524 45.36813 14.33587 45.36835 14.33705 45.36836 14.3371 45.36837 14.33722 45.36839 14.33729 45.36842 14.3375 45.36829 14.33835 45.36813 14.33923 45.36798 14.34045 45.36792 14.341 45.36768 14.34187 45.36779 14.34217 45.36776 14.34271 45.36775 14.34274 45.36754 14.34299 45.36746 14.34382 45.3675 14.34382 45.36762 14.34383 45.36775 14.34387 45.36785 14.34389 45.36786 14.34392 45.36786 14.34394 45.3679 14.3441 45.36779 14.34434 45.3677 14.34454 45.36743 14.3443 45.36731 14.3442 45.36724 14.34414 45.36718 14.34392 45.36678 14.34395 45.36648 14.34292 45.36625 14.34276 45.36592 14.34219 45.36566 14.34097 45.36546 14.34026 45.36525 14.33935 45.36544 14.33859 45.36542 14.33851 45.36529 14.33807 45.36528 14.33804 45.36503 14.33765 45.36487 14.3375 45.36476 14.33798 45.36441 14.33813 45.36422 14.33791 45.36383 14.33766 45.36325 14.33741 45.36248 14.33755 45.36163 14.33752 45.36106 14.33755 45.36018 14.3376 45.35996 14.33802 45.35972 14.33846 45.35893 14.34033 45.35727 14.34362 45.35651 14.34544 45.35567 14.34715 45.35523 14.34807 45.35497 14.34887 45.35499 14.34962 45.35479 14.35062 45.35464 14.35167 45.35463 14.3527 45.35435 14.3537 45.35402 14.35452 45.35372 14.35493 45.35333 14.35566 45.35265 14.35709 45.35308 14.35701 45.3536 14.35682 45.35407 14.35678 45.35501 14.35672 45.3551 14.35665 45.35555 14.35633 45.35573 14.35615 45.35601 14.35595 45.35632 14.35578 45.35677 14.35585 45.35732 14.35598 45.3577 14.35598 45.35824 14.35593 45.3586 14.35597 45.35881 14.35606 45.35893 14.3561 45.35904 14.35624 45.35905 14.35625 45.35916 14.35653 45.35916 14.35658 45.35917 14.35665 45.35918 14.35675 45.35919 14.35685 45.35917 14.35699 45.35914 14.35718 45.35896 14.35737 45.3588 14.35758 45.35864 14.35771 45.35879 14.35818 45.35912 14.35805 45.35913 14.35821 45.35934 14.35826 45.35952 14.35829 45.35962 14.35831 45.35958 14.35838 45.35956 14.35841 45.3595 14.35853 45.35926 14.35877 45.35891 14.35882 45.35864 14.35895 45.35831 14.35932 45.35826 14.3596 45.35841 14.36005 45.35855 14.36017 45.35863 14.36025 45.35898 14.36059 45.35926 14.36096 45.35936 14.36111 45.35943 14.36121 45.35934 14.36156 45.35942 14.36172 45.35974 14.36238 45.3596 14.36259 45.35938 14.36292 45.35934 14.36351 45.35923 14.36391 45.35922 14.36452 45.35927 14.36485 45.35931 14.36517 45.35931 14.36524 45.35926 14.36573 45.35922 14.36627 45.35968 14.36675 45.36004 14.36733 45.36036 14.36756 45.36094 14.3677 45.36096 14.36794 45.36096 14.36795 45.36097 14.36796 45.36094 14.36807 45.36089 14.36828 45.36091 14.36848 45.36128 14.36871 45.36174 14.36884 45.36209 14.36935 45.36241 14.36987 45.36258 14.37011 45.36287 14.37032 45.36317 14.37013 45.36347 14.3696 45.36371 14.36911 45.36367 14.36954 45.36377 14.36987 45.36402 14.37041 45.36424 14.3704 45.36429 14.37024 45.3645 14.36991 45.36512 14.36943 45.36537 14.36905 45.36569 14.3688 45.36577 14.36847 45.36599 14.36808 45.36613 14.36822 45.36658 14.36836 45.36709 14.36843 45.36744 14.36837 45.36854 14.36787 45.36911 14.3677 45.36945 14.36784 45.3697 14.36773 45.36993 14.3674 45.37133 14.36708 45.3717 14.36808 45.37219 14.36705 45.3735 14.36728 45.37424 14.36735 45.37514 14.36723 45.37547 14.36722 45.37597 14.36778 45.37666 14.36734 45.37794 14.36668 45.37858 14.36647 45.37884 14.36614 45.37968 14.3655 45.38005 14.36494 45.38055 14.36436 45.38091 14.36377 45.38157 14.36345 45.38154 14.36558 45.38201 14.36617 45.3823 14.36663 45.38241 14.36683 45.38242 14.36759 45.38254 14.3685 45.38262 14.36952 45.38287 14.37031 45.38315 14.37097 45.38353 14.37137 45.38415 14.37161 45.38458 14.37099 45.38484 14.37063 45.38519 14.37093 45.38577 14.37137 45.3866 14.37145 45.38695 14.37144 45.38731 14.37133 45.38745 14.37065 45.38758 14.37001 45.38785 14.36969 45.38817 14.36941 45.38839 14.3693 45.38844 14.36971 45.38853 14.36998 45.38882 14.3703 45.38931 14.37029 45.3898 14.37036 45.38981 14.37102 45.39003 14.37099 45.39027 14.37157 45.39036 14.37217 45.39077 14.37275 45.3915 14.37268 45.39202 14.3727 45.39231 14.37235 45.39236 14.37176 45.39241 14.37108 45.39294 14.37087 45.39326 14.37084 45.39371 14.37117 45.39408 14.37165 45.39437 14.37203 45.39542 14.37228 45.39599 14.37219 45.39665 14.37231 45.39721 14.37219 45.39733 14.37167 45.39741 14.37127 45.39778 14.3711 45.39822 14.37099 45.39857 14.37108 45.3989 14.37077 45.39966 14.37041 45.40033 14.37011</gml:posList>
                        </gml:LinearRing>
                      </gml:exterior>
                    </gml:Polygon>
                  </gml:surfaceMember>
                  <gml:surfaceMember>
                    <gml:Polygon gml:id="MEDIA_MONITORED_CILJ_ID_1_CILJ_ID_5_POLUTANT_1_MODEL_196">
                      <gml:exterior>
                        <gml:LinearRing>
                          <gml:posList srsDimension="2">45.29972 14.27616 45.29998 14.27571 45.30024 14.27536 45.30052 14.27509 45.30074 14.27486 45.30109 14.27468 45.30171 14.27086 45.30359 14.27088 45.30427 14.27089 45.30446 14.27054 45.30396 14.27019 45.30359 14.26953 45.30328 14.26848 45.30226 14.26791 45.30127 14.26738 45.30058 14.26667 45.30035 14.26646 45.30009 14.26623 45.29987 14.2659 45.29952 14.2655 45.29809 14.26471 45.29752 14.26459 45.29699 14.2644 45.29736 14.26279 45.29753 14.26189 45.29767 14.26081 45.29767 14.26005 45.29767 14.25965 45.29761 14.25893 45.29758 14.25862 45.29757 14.25854 45.29739 14.25741 45.2975 14.25668 45.29749 14.25631 45.29748 14.25604 45.29746 14.25522 45.29733 14.25407 45.29736 14.252 45.29716 14.2508 45.29711 14.25049 45.29706 14.24995 45.29713 14.24903 45.2973 14.24837 45.29765 14.24667 45.29768 14.24553 45.29772 14.24521 45.29734 14.24507 45.29508 14.24423 45.29527 14.24283 45.29533 14.24211 45.29532 14.23977 45.29536 14.23901 45.29545 14.23537 45.2957 14.23347 45.29579 14.23214 45.2961 14.23009 45.29629 14.22904 45.29634 14.22827 45.2965 14.22721 45.29664 14.22669 45.29684 14.22616 45.29709 14.22608 45.29753 14.22608 45.298 14.22622 45.29951 14.22685 45.30011 14.22692 45.3002 14.22675 45.3003 14.22645 45.30054 14.22607 45.30081 14.22547 45.3011 14.22461 45.30157 14.22351 45.30232 14.221 45.30257 14.22068 45.30273 14.22027 45.30282 14.21999 45.30284 14.21857 45.30285 14.21843 45.30288 14.21805 45.30289 14.21793 45.30289 14.21791 45.30287 14.21774 45.30284 14.21755 45.30283 14.21745 45.3028 14.2164 45.3028 14.2163 45.30283 14.2155 45.30289 14.21406 45.30288 14.21401 45.30287 14.21393 45.30277 14.21305 45.30276 14.2118 45.30284 14.21088 45.30177 14.20968 45.30137 14.209 45.30011 14.20726 45.29956 14.20665 45.29895 14.20577 45.29775 14.2044 45.29735 14.2043 45.29669 14.20434 45.29594 14.20417 45.29527 14.20411 45.29336 14.20406 45.29251 14.20386 45.29194 14.20388 45.29129 14.20384 45.291 14.20371 45.29066 14.20372 45.29025 14.20361 45.28939 14.20358 45.28853 14.2034 45.28821 14.20324 45.28769 14.20308 45.28615 14.20206 45.28505 14.2019 45.28374 14.20175 45.28268 14.20154 45.28037 14.2012 45.27961 14.20129 45.27896 14.20101 45.27841 14.20086 45.27777 14.19991 45.27683 14.1986 45.27628 14.19755 45.27592 14.19704 45.27529 14.19702 45.27503 14.19711 45.27478 14.19718 45.27474 14.19721 45.27451 14.19736 45.27408 14.19769 45.27393 14.19781 45.27387 14.19788 45.27374 14.19804 45.27372 14.19816 45.27369 14.19833 45.27353 14.19874 45.27346 14.19915 45.27323 14.19969 45.27307 14.19986 45.27305 14.19988 45.27269 14.20013 45.27232 14.20025 45.27225 14.20027 45.27208 14.20033 45.27198 14.20045 45.27195 14.20049 45.2719 14.20059 45.27183 14.20076 45.27168 14.20108 45.27162 14.20112 45.27143 14.20126 45.2713 14.20132 45.27122 14.20136 45.27117 14.20141 45.27106 14.20153 45.27075 14.20198 45.27058 14.20223 45.27029 14.20271 45.26998 14.20323 45.26994 14.20329 45.26977 14.20352 45.26941 14.20382 45.26929 14.20397 45.26918 14.2041 45.26905 14.20424 45.26899 14.20453 45.26897 14.20474 45.26896 14.2049 45.2691 14.20724 45.26913 14.2076 45.26939 14.20885 45.26963 14.20953 45.26975 14.21014 45.27015 14.21127 45.27041 14.21237 45.27128 14.2151 45.27129 14.21512 45.2713 14.21517 45.27134 14.21534 45.27155 14.21631 45.2717 14.21744 45.27185 14.21815 45.27189 14.2193 45.27189 14.21946 45.2719 14.21991 45.27192 14.22057 45.2719 14.22074 45.27188 14.22093 45.27186 14.22231 45.27169 14.2235 45.27162 14.22449 45.27151 14.22541 45.27124 14.22656 45.27127 14.22696 45.27125 14.22697 45.27121 14.22701 45.27098 14.2272 45.27089 14.22727 45.27078 14.22737 45.26954 14.2283 45.2687 14.22932 45.26821 14.22985 45.26767 14.23023 45.26734 14.23063 45.26708 14.23104 45.2668 14.23132 45.26601 14.23231 45.26562 14.23307 45.26517 14.23384 45.26467 14.23575 45.26412 14.23835 45.2641 14.23923 45.2641 14.23925 45.2641 14.23941 45.26413 14.24007 45.2641 14.24022 45.2641 14.24026 45.26409 14.24032 45.26396 14.24117 45.26394 14.24131 45.2637 14.24239 45.26356 14.24301 45.26302 14.24479 45.2628 14.24524 45.26269 14.24601 45.26246 14.24663 45.26234 14.24721 45.2621 14.24766 45.26193 14.24818 45.26162 14.24899 45.26107 14.24989 45.2608 14.25047 45.26071 14.25131 45.26047 14.25256 45.26044 14.2534 45.26045 14.25362 45.26047 14.25418 45.26049 14.25441 45.26048 14.25462 45.26046 14.25498 45.26059 14.25655 45.26074 14.25727 45.2608 14.25779 45.26094 14.2584 45.26095 14.25843 45.26095 14.25845 45.26096 14.25846 45.26097 14.25853 45.26107 14.25876 45.26118 14.25997 45.26135 14.26042 45.26266 14.26153 45.26331 14.26194 45.26402 14.26248 45.26417 14.2626 45.26428 14.2627 45.26471 14.26307 45.26474 14.26309 45.26477 14.26335 45.26479 14.26349 45.26479 14.26373 45.26474 14.2642 45.26464 14.26522 45.26471 14.26531 45.26476 14.26549 45.26477 14.26625 45.26479 14.26648 45.26484 14.2667 45.26501 14.26732 45.26501 14.26755 45.26507 14.26766 45.26517 14.26778 45.26528 14.26807 45.26548 14.26846 45.26552 14.26884 45.26558 14.26898 45.2657 14.26922 45.26576 14.2695 45.26589 14.26983 45.26605 14.27003 45.2665 14.27033 45.2667 14.27064 45.26683 14.27097 45.26694 14.27112 45.26708 14.27122 45.26726 14.27122 45.26744 14.27111 45.26755 14.27102 45.26763 14.27085 45.26764 14.27068 45.26765 14.27052 45.26773 14.27032 45.26787 14.27011 45.26796 14.26981 45.26801 14.26958 45.26806 14.26942 45.26814 14.26929 45.26826 14.26922 45.26878 14.26923 45.26898 14.26926 45.26946 14.2693 45.26968 14.26939 45.26983 14.26942 45.27006 14.26949 45.27026 14.26952 45.27044 14.26957 45.2708 14.26973 45.27109 14.26997 45.27134 14.27022 45.27145 14.27036 45.27149 14.27047 45.27151 14.27062 45.27151 14.27081 45.27148 14.27099 45.27135 14.27132 45.27127 14.27148 45.27116 14.27162 45.27102 14.27126 45.27093 14.27134 45.27101 14.2717 45.27099 14.27181 45.27137 14.27189 45.27143 14.27191 45.27151 14.27201 45.27159 14.27241 45.27169 14.27259 45.27175 14.27269 45.27188 14.27271 45.27196 14.27269 45.27202 14.27266 45.27209 14.27252 45.27217 14.27245 45.27227 14.27247 45.27233 14.27255 45.27281 14.27255 45.27288 14.27254 45.27295 14.27249 45.27315 14.27221 45.27333 14.27211 45.2735 14.27208 45.27369 14.2722 45.27388 14.27238 45.27418 14.27248 45.27424 14.27253 45.27443 14.27255 45.27471 14.27276 45.27481 14.27278 45.27598 14.27276 45.27627 14.2728 45.27654 14.27291 45.27694 14.27311 45.2773 14.27328 45.27749 14.27328 45.27759 14.27325 45.27787 14.27295 45.27809 14.27284 45.27827 14.27283 45.27836 14.27288 45.27851 14.27301 45.27858 14.27301 45.2787 14.27283 45.27881 14.2728 45.27895 14.27295 45.27904 14.27298 45.27926 14.27282 45.27939 14.27279 45.27973 14.27279 45.28018 14.27286 45.28023 14.27283 45.28059 14.27258 45.28062 14.27254 45.28068 14.27255 45.28075 14.27268 45.28084 14.27267 45.28095 14.27265 45.28104 14.27257 45.28111 14.27257 45.28117 14.27264 45.28124 14.27275 45.28154 14.27268 45.28162 14.27269 45.28169 14.27274 45.28181 14.27283 45.28185 14.27289 45.28184 14.273 45.28189 14.27307 45.28204 14.27317 45.28207 14.27319 45.28214 14.27321 45.28223 14.27317 45.28232 14.27319 45.28241 14.27328 45.28252 14.27344 45.28267 14.27354 45.28283 14.27352 45.28292 14.27344 45.283 14.27328 45.28307 14.27312 45.28311 14.27305 45.28318 14.27308 45.28326 14.27326 45.28339 14.27337 45.2835 14.27342 45.28363 14.2734 45.28387 14.27335 45.28398 14.27342 45.28407 14.27356 45.28411 14.27358 45.28417 14.27359 45.28425 14.27357 45.28438 14.2736 45.28454 14.27365 45.28472 14.27372 45.28495 14.27369 45.2851 14.27356 45.28542 14.27355 45.28562 14.27353 45.2857 14.27358 45.28582 14.27373 45.28592 14.27376 45.28599 14.27375 45.28607 14.27381 45.28618 14.27391 45.2863 14.2739 45.28636 14.27383 45.28637 14.27375 45.28639 14.27365 45.28649 14.2735 45.28662 14.27347 45.28676 14.27349 45.2869 14.27357 45.287 14.27367 45.28707 14.27383 45.28711 14.27405 45.28715 14.27421 45.28717 14.27428 45.28719 14.27438 45.28715 14.27458 45.28718 14.27468 45.2873 14.27483 45.28739 14.27506 45.28752 14.27514 45.28779 14.27519 45.28786 14.27525 45.28791 14.27533 45.28792 14.27535 45.288 14.27536 45.28813 14.27533 45.28823 14.27538 45.28833 14.27543 45.28846 14.27555 45.28858 14.27556 45.28871 14.27568 45.28889 14.27573 45.28905 14.27596 45.28911 14.27599 45.28923 14.27598 45.28932 14.27606 45.28941 14.27606 45.28948 14.27601 45.2897 14.27603 45.28991 14.27634 45.29005 14.27635 45.2901 14.27638 45.29016 14.27644 45.29017 14.27654 45.29021 14.27669 45.29027 14.27679 45.29036 14.27693 45.29044 14.27711 45.29048 14.27727 45.29051 14.27744 45.29051 14.27757 45.29044 14.27774 45.29032 14.27791 45.2902 14.27803 45.29007 14.27808 45.28991 14.2781 45.28978 14.27809 45.28966 14.27809 45.28967 14.27829 45.29053 14.27827 45.29056 14.27865 45.29056 14.2787 45.29117 14.27865 45.29118 14.27829 45.29111 14.27828 45.29111 14.27815 45.29118 14.27815 45.29118 14.27802 45.29112 14.27789 45.29112 14.27739 45.29114 14.27738 45.29118 14.2774 45.29123 14.27742 45.29142 14.27759 45.29125 14.27779 45.29132 14.27793 45.29146 14.27777 45.29184 14.27774 45.29197 14.2777 45.29218 14.27757 45.29238 14.27751 45.29254 14.27756 45.2927 14.27755 45.29278 14.2776 45.29284 14.2777 45.29294 14.27765 45.29297 14.2777 45.29296 14.27776 45.29288 14.2778 45.29286 14.27793 45.29292 14.278 45.29299 14.278 45.29313 14.27792 45.29324 14.27792 45.2933 14.27789 45.29336 14.27781 45.29343 14.27769 45.29348 14.27752 45.29376 14.2774 45.29399 14.27756 45.29416 14.27753 45.29432 14.2775 45.29455 14.27747 45.29471 14.27752 45.29491 14.27752 45.29518 14.27751 45.29541 14.27748 45.29558 14.27738 45.29577 14.27735 45.29588 14.27724 45.29597 14.27715 45.2961 14.27717 45.29628 14.27727 45.29676 14.27727 45.29707 14.27721 45.2972 14.27729 45.29732 14.27749 45.2974 14.27754 45.2977 14.27753 45.29795 14.27776 45.29802 14.27793 45.29828 14.27827 45.29832 14.27837 45.29834 14.27855 45.2983 14.27889 45.29834 14.27905 45.29838 14.27909 45.29841 14.27916 45.29841 14.27923 45.29843 14.27937 45.29849 14.27954 45.29867 14.27974 45.29881 14.27974 45.29887 14.27962 45.29894 14.27958 45.29898 14.27961 45.29901 14.27976 45.2991 14.27982 45.29913 14.27992 45.29908 14.28 45.29908 14.28007 45.29912 14.28012 45.29936 14.28014 45.29947 14.28023 45.29955 14.28037 45.29963 14.28057 45.29967 14.2808 45.29976 14.28098 45.29994 14.28102 45.30017 14.28089 45.30026 14.28089 45.30039 14.28104 45.30055 14.28129 45.30084 14.28163 45.30109 14.28183 45.30163 14.28201 45.30167 14.28172 45.30176 14.28135 45.30212 14.28042 45.30221 14.27986 45.30212 14.27968 45.30206 14.27956 45.30137 14.27925 45.3007 14.27909 45.30047 14.27881 45.30028 14.2785 45.30008 14.27798 45.29999 14.27771 45.29985 14.27726 45.29988 14.27714 45.30007 14.27705 45.30008 14.27698 45.30009 14.27692 45.30009 14.27687 45.30009 14.27682 45.30003 14.27663 45.29974 14.27654 45.29967 14.27641 45.29972 14.27616</gml:posList>
                        </gml:LinearRing>
                      </gml:exterior>
                    </gml:Polygon>
                  </gml:surfaceMember>
                  <gml:surfaceMember>
                    <gml:Polygon gml:id="MEDIA_MONITORED_CILJ_ID_1_CILJ_ID_5_POLUTANT_1_MODEL_197">
                      <gml:exterior>
                        <gml:LinearRing>
                          <gml:posList srsDimension="2">45.39075 14.20201 45.39154 14.19325 45.39166 14.1917 45.39187 14.1902 45.39208 14.18875 45.38889 14.18568 45.38577 14.18253 45.38374 14.18366 45.37875 14.18582 45.37686 14.18653 45.37679 14.18655 45.37672 14.18712 45.37658 14.18786 45.37394 14.1927 45.3727 14.1958 45.37118 14.19922 45.37006 14.20194 45.36873 14.20256 45.3678 14.20266 45.35747 14.20332 45.34762 14.20385 45.3465 14.20397 45.34579 14.20448 45.34397 14.20521 45.34215 14.20583 45.33948 14.20736 45.33562 14.20992 45.33255 14.21226 45.32872 14.21459 45.32735 14.21525 45.32759 14.21306 45.32814 14.21017 45.32879 14.20607 45.32895 14.20432 45.32884 14.20322 45.3282 14.20214 45.32698 14.2004 45.32455 14.19623 45.32372 14.1953 45.32324 14.19513 45.32231 14.19479 45.32119 14.19449 45.31844 14.19408 45.31801 14.1938 45.31767 14.19344 45.31686 14.19228 45.31622 14.1911 45.31553 14.19052 45.31317 14.18916 45.31274 14.18853 45.31162 14.18793 45.3093 14.18703 45.30755 14.18661 45.30611 14.18606 45.30371 14.18598 45.30179 14.18632 45.29985 14.18635 45.29891 14.18653 45.29665 14.18705 45.29514 14.18735 45.29372 14.18819 45.29266 14.18876 45.29201 14.18906 45.29103 14.18915 45.28954 14.18901 45.28817 14.18867 45.28559 14.18793 45.28508 14.1877 45.28413 14.18818 45.28307 14.18834 45.28213 14.18839 45.2817 14.1886 45.28036 14.18947 45.27797 14.19116 45.2759 14.1927 45.27522 14.19343 45.27504 14.19347 45.27504 14.19403 45.27504 14.19454 45.275 14.19479 45.27507 14.19535 45.27519 14.19568 45.27527 14.19616 45.27547 14.19651 45.2756 14.19667 45.27569 14.19677 45.27587 14.19698 45.27592 14.19704 45.27628 14.19755 45.27683 14.1986 45.27777 14.19991 45.27841 14.20086 45.27896 14.20101 45.27961 14.20129 45.28037 14.2012 45.28268 14.20154 45.28374 14.20175 45.28505 14.2019 45.28615 14.20206 45.28769 14.20308 45.28821 14.20324 45.28853 14.2034 45.28939 14.20358 45.29025 14.20361 45.29066 14.20372 45.291 14.20371 45.29129 14.20384 45.29194 14.20388 45.29251 14.20386 45.29336 14.20406 45.29527 14.20411 45.29594 14.20417 45.29669 14.20434 45.29735 14.2043 45.29775 14.2044 45.29895 14.20577 45.29956 14.20665 45.30011 14.20726 45.30137 14.209 45.30177 14.20968 45.30284 14.21088 45.30276 14.2118 45.30277 14.21305 45.30287 14.21393 45.30288 14.21401 45.30289 14.21406 45.30283 14.2155 45.3028 14.2163 45.3028 14.2164 45.30283 14.21745 45.30284 14.21755 45.30287 14.21774 45.30289 14.21791 45.30289 14.21793 45.30288 14.21805 45.30285 14.21843 45.30284 14.21857 45.30282 14.21999 45.30273 14.22027 45.30257 14.22068 45.30232 14.221 45.30157 14.22351 45.3011 14.22461 45.30081 14.22547 45.30054 14.22607 45.3003 14.22645 45.3002 14.22675 45.30011 14.22692 45.29951 14.22685 45.298 14.22622 45.29753 14.22608 45.29709 14.22608 45.29684 14.22616 45.29664 14.22669 45.2965 14.22721 45.29634 14.22827 45.29629 14.22904 45.2961 14.23009 45.29579 14.23214 45.2957 14.23347 45.29545 14.23537 45.29536 14.23901 45.29532 14.23977 45.29533 14.24211 45.29527 14.24283 45.29508 14.24423 45.29734 14.24507 45.29772 14.24521 45.29768 14.24553 45.29765 14.24667 45.2973 14.24837 45.29713 14.24903 45.29706 14.24995 45.29711 14.25049 45.29716 14.2508 45.29736 14.252 45.29733 14.25407 45.29746 14.25522 45.29748 14.25604 45.29749 14.25631 45.2975 14.25668 45.29739 14.25741 45.29757 14.25854 45.29758 14.25862 45.29761 14.25893 45.29767 14.25965 45.29767 14.26005 45.29767 14.26081 45.29753 14.26189 45.29736 14.26279 45.29699 14.2644 45.29752 14.26459 45.29809 14.26471 45.29952 14.2655 45.29987 14.2659 45.30009 14.26623 45.30035 14.26646 45.30058 14.26667 45.30127 14.26738 45.30226 14.26791 45.30328 14.26848 45.30359 14.26953 45.30396 14.27019 45.30446 14.27054 45.30427 14.27089 45.30359 14.27088 45.30171 14.27086 45.30109 14.27468 45.30074 14.27486 45.30052 14.27509 45.30024 14.27536 45.29998 14.27571 45.29972 14.27616 45.29967 14.27641 45.29974 14.27654 45.30003 14.27663 45.30009 14.27682 45.30009 14.27687 45.30009 14.27692 45.30008 14.27698 45.30007 14.27705 45.29988 14.27714 45.29985 14.27726 45.29999 14.27771 45.30008 14.27798 45.30028 14.2785 45.30047 14.27881 45.3007 14.27909 45.30137 14.27925 45.30206 14.27956 45.30212 14.27968 45.30221 14.27986 45.30212 14.28042 45.30176 14.28135 45.30167 14.28172 45.30163 14.28201 45.30174 14.28205 45.30183 14.28205 45.30205 14.28194 45.30225 14.28196 45.30241 14.28209 45.30257 14.28227 45.30297 14.28272 45.30317 14.28285 45.30335 14.28286 45.30349 14.28274 45.30382 14.28248 45.30399 14.28227 45.3041 14.28212 45.3043 14.28186 45.30482 14.28142 45.30507 14.28123 45.30553 14.28112 45.30571 14.28109 45.30591 14.28112 45.306 14.28122 45.30619 14.28159 45.30572 14.28188 45.30578 14.28207 45.30624 14.28179 45.30627 14.28185 45.30649 14.28228 45.30638 14.28252 45.30617 14.28288 45.30613 14.28298 45.306 14.28336 45.30599 14.28352 45.30598 14.28372 45.30602 14.28388 45.30617 14.28416 45.3066 14.28482 45.30682 14.28522 45.30695 14.28537 45.30749 14.28567 45.30789 14.28605 45.30827 14.2863 45.3085 14.28635 45.30904 14.28634 45.30938 14.28651 45.30965 14.28653 45.30982 14.28671 45.31052 14.2871 45.31055 14.28691 45.30996 14.28655 45.3099 14.28649 45.30994 14.28636 45.31003 14.28613 45.31006 14.28602 45.31021 14.28602 45.31037 14.28603 45.31046 14.28616 45.31061 14.28617 45.31069 14.28612 45.31077 14.28612 45.31081 14.28617 45.3107 14.28642 45.31079 14.28649 45.31089 14.28624 45.31101 14.28625 45.31111 14.28628 45.31126 14.2863 45.3114 14.28621 45.31149 14.28612 45.31213 14.28614 45.31229 14.28619 45.31245 14.28624 45.31252 14.2863 45.31304 14.28671 45.31335 14.28705 45.31352 14.28726 45.31361 14.28752 45.31366 14.28779 45.31366 14.28792 45.31373 14.28804 45.31384 14.28805 45.31395 14.28799 45.31411 14.28801 45.31418 14.28811 45.31429 14.28842 45.31449 14.28857 45.31456 14.28867 45.31467 14.28895 45.31469 14.2891 45.3148 14.28936 45.31504 14.28966 45.31518 14.28971 45.31529 14.28978 45.3154 14.28991 45.31542 14.29024 45.31551 14.29039 45.31562 14.29047 45.31587 14.29044 45.31598 14.29049 45.31624 14.29074 45.31657 14.29089 45.31668 14.29097 45.31686 14.29119 45.31712 14.29139 45.31726 14.29147 45.31755 14.29147 45.3178 14.29151 45.31815 14.29187 45.31843 14.29194 45.31851 14.29196 45.31869 14.29211 45.31876 14.29222 45.31885 14.29244 45.31887 14.2928 45.31893 14.29295 45.31898 14.29303 45.31909 14.29333 45.31921 14.29346 45.31929 14.29361 45.3193 14.29378 45.31926 14.29392 45.31908 14.29418 45.31906 14.29441 45.31894 14.29459 45.31894 14.29487 45.31881 14.2951 45.31881 14.29528 45.31891 14.2954 45.31901 14.29545 45.31907 14.29553 45.31906 14.29564 45.31904 14.29569 45.31903 14.29581 45.31914 14.29592 45.31943 14.29614 45.31956 14.29631 45.31961 14.29651 45.31963 14.29692 45.31976 14.29723 45.32008 14.29757 45.32038 14.29796 45.32078 14.29821 45.32128 14.29828 45.32141 14.29832 45.32168 14.29835 45.32181 14.29843 45.32193 14.29858 45.32202 14.29861 45.32224 14.29855 45.32233 14.29857 45.32238 14.29868 45.32238 14.29888 45.32247 14.29901 45.32249 14.29918 45.32255 14.29926 45.32274 14.29923 45.32283 14.29928 45.32291 14.29938 45.32309 14.29938 45.32316 14.29953 45.3237 14.29955 45.3239 14.29973 45.32422 14.29978 45.32429 14.29984 45.32437 14.29993 45.32457 14.2999 45.32462 14.29997 45.32465 14.30001 45.32472 14.30009 45.32482 14.30011 45.325 14.30012 45.32514 14.30007 45.32527 14.29999 45.32532 14.29992 45.32534 14.29981 45.32568 14.29983 45.32581 14.29978 45.32589 14.29981 45.32599 14.29993 45.3261 14.30003 45.32621 14.29999 45.32629 14.29993 45.32647 14.29998 45.32678 14.30025 45.32694 14.30033 45.32702 14.30033 45.32717 14.30023 45.3273 14.30011 45.32732 14.30011 45.3277 14.30008 45.32779 14.30012 45.3278 14.3002 45.32777 14.30041 45.32818 14.30084 45.32816 14.3013 45.32828 14.30132 45.32855 14.3015 45.32878 14.30167 45.32908 14.30176 45.32929 14.30198 45.32944 14.30206 45.32963 14.30225 45.33008 14.30243 45.33024 14.30244 45.33036 14.30196 45.3305 14.30203 45.33036 14.30252 45.33069 14.30289 45.33078 14.30291 45.33099 14.30311 45.33112 14.30317 45.33124 14.30319 45.33135 14.30316 45.33152 14.30308 45.33165 14.30305 45.33174 14.30313 45.3318 14.3032 45.33185 14.30327 45.33191 14.30336 45.33204 14.30351 45.33232 14.3039 45.33257 14.30351 45.33271 14.30379 45.33264 14.30387 45.33289 14.30439 45.33301 14.30426 45.33311 14.30441 45.33335 14.30482 45.3335 14.30508 45.33361 14.30529 45.33358 14.30548 45.33341 14.3055 45.33338 14.30565 45.33357 14.30567 45.33358 14.30614 45.33378 14.30631 45.33375 14.30647 45.33349 14.30647 45.33334 14.30657 45.33328 14.30666 45.33329 14.30678 45.3334 14.30688 45.33352 14.3069 45.33359 14.307 45.33354 14.30716 45.33364 14.30723 45.33374 14.30707 45.33387 14.30722 45.33391 14.30734 45.3338 14.30765 45.33391 14.30777 45.33404 14.30764 45.33421 14.30774 45.33437 14.30788 45.33458 14.30809 45.33479 14.30836 45.33489 14.30841 45.33502 14.30842 45.33505 14.30849 45.33508 14.30875 45.33506 14.30902 45.33498 14.30923 45.33492 14.30946 45.33485 14.30964 45.33469 14.30983 45.3346 14.31 45.33455 14.31017 45.33455 14.31046 45.33457 14.31054 45.33458 14.31072 45.3346 14.31088 45.3346 14.31108 45.33466 14.31116 45.33497 14.31123 45.3355 14.31142 45.33565 14.31097 45.33618 14.31118 45.33622 14.31104 45.33651 14.31115 45.33686 14.31129 45.33701 14.3114 45.33716 14.3111 45.33673 14.31065 45.33653 14.3106 45.33623 14.31048 45.33621 14.31047 45.33634 14.3103 45.3366 14.30998 45.33672 14.30983 45.33678 14.30986 45.33682 14.31006 45.33692 14.31011 45.33706 14.31012 45.33717 14.31016 45.33728 14.31024 45.33736 14.31038 45.33741 14.31041 45.33744 14.31036 45.33746 14.31022 45.33756 14.31011 45.33764 14.31018 45.33779 14.31053 45.33788 14.31053 45.33792 14.3104 45.33797 14.31035 45.338 14.3104 45.338 14.31068 45.33808 14.31078 45.33852 14.31078 45.33843 14.31051 45.33842 14.31044 45.33846 14.31038 45.33855 14.3103 45.33863 14.31035 45.33872 14.31077 45.33887 14.31088 45.33935 14.31082 45.33943 14.31087 45.33944 14.3109 45.3395 14.311 45.3395 14.31112 45.33938 14.31143 45.33938 14.31163 45.3395 14.31191 45.33951 14.31207 45.33945 14.31217 45.33945 14.31227 45.33949 14.31235 45.33962 14.31247 45.33971 14.31247 45.33984 14.31243 45.34001 14.31247 45.34012 14.31257 45.34025 14.31285 45.34039 14.31292 45.34057 14.31292 45.34099 14.31276 45.34115 14.31276 45.34118 14.31281 45.34115 14.31294 45.34115 14.31312 45.34101 14.31338 45.34101 14.31361 45.3411 14.31378 45.34121 14.31388 45.34125 14.31411 45.34139 14.31432 45.34159 14.31447 45.34165 14.31444 45.34171 14.31444 45.34175 14.31457 45.34177 14.31472 45.34193 14.31484 45.34204 14.31487 45.34237 14.31535 45.34253 14.31548 45.34268 14.31547 45.34316 14.3157 45.34377 14.31572 45.34379 14.31572 45.3439 14.31577 45.34401 14.31597 45.34403 14.31655 45.34405 14.31673 45.34411 14.31689 45.34436 14.31724 45.34461 14.31749 45.34498 14.31797 45.3453 14.31863 45.34545 14.31883 45.34553 14.31894 45.34561 14.31904 45.34588 14.31934 45.3463 14.32 45.34652 14.3201 45.34673 14.32025 45.34703 14.32053 45.34707 14.32059 45.34708 14.32065 45.34724 14.32096 45.3477 14.32185 45.34785 14.32166 45.34763 14.32125 45.3475 14.32099 45.34747 14.3208 45.34752 14.32067 45.34761 14.3206 45.3476 14.32035 45.34764 14.32031 45.3477 14.32035 45.34777 14.32049 45.34784 14.32059 45.3484 14.32061 45.34841 14.32116 45.34855 14.32117 45.34856 14.32061 45.34895 14.32066 45.34922 14.3207 45.34967 14.32074 45.35009 14.32089 45.35032 14.32104 45.3506 14.32134 45.35063 14.32145 45.3506 14.32177 45.35071 14.3218 45.35074 14.32158 45.35087 14.32161 45.35095 14.32158 45.35103 14.32158 45.35115 14.3216 45.35117 14.3216 45.35124 14.32166 45.35128 14.32175 45.35132 14.32188 45.35133 14.32244 45.35134 14.323 45.35129 14.32342 45.35122 14.32372 45.35117 14.32385 45.35113 14.32423 45.3511 14.32433 45.3511 14.32456 45.35115 14.32476 45.35128 14.32492 45.35141 14.3249 45.35148 14.3249 45.35155 14.32496 45.35173 14.32504 45.3522 14.32514 45.35252 14.32516 45.35277 14.32523 45.3529 14.32533 45.35317 14.32535 45.35351 14.32525 45.35369 14.32527 45.35389 14.32537 45.35411 14.32555 45.35452 14.32575 45.35474 14.32608 45.35498 14.32623 45.35512 14.32645 45.35532 14.32694 45.35547 14.32711 45.3556 14.32719 45.3557 14.32734 45.3558 14.32767 45.35582 14.32793 45.35594 14.32815 45.35594 14.32833 45.35598 14.32849 45.35616 14.32887 45.35622 14.32943 45.35626 14.32955 45.35624 14.32966 45.35617 14.32979 45.35617 14.3305 45.35615 14.33077 45.35613 14.33092 45.35612 14.33105 45.35609 14.33122 45.35602 14.3315 45.35593 14.3318 45.35586 14.33198 45.3558 14.33214 45.35573 14.3323 45.35561 14.33242 45.35543 14.33246 45.35525 14.33241 45.35534 14.33269 45.35556 14.33284 45.35581 14.33316 45.35609 14.33353 45.35615 14.33362 45.35617 14.33365 45.35626 14.33382 45.35619 14.33411 45.35611 14.33441 45.35599 14.33471 45.35588 14.33501 45.3561 14.33513 45.35627 14.33532 45.35659 14.33573 45.35661 14.33575 45.35681 14.33546 45.35714 14.33467 45.35786 14.33247 45.35792 14.33224 45.35814 14.33132 45.35827 14.3301 45.35844 14.32925 45.35861 14.32867 45.35896 14.32858 45.35993 14.3295 45.36013 14.32944 45.36021 14.32918 45.36024 14.3291 45.36024 14.32909 45.3602 14.32872 45.36037 14.32816 45.36071 14.32706 45.36071 14.32706 45.36054 14.32676 45.36031 14.32638 45.36019 14.32581 45.35996 14.32542 45.35963 14.32543 45.35936 14.32552 45.35909 14.32549 45.35881 14.32526 45.35868 14.32485 45.35857 14.32438 45.35867 14.32413 45.35898 14.32386 45.35915 14.32384 45.35918 14.32352 45.35906 14.32337 45.35892 14.32336 45.35794 14.32281 45.35763 14.32237 45.35758 14.32219 45.35746 14.32174 45.35735 14.32149 45.35726 14.32128 45.35719 14.32103 45.35717 14.32097 45.35699 14.32084 45.3569 14.32078 45.3567 14.32046 45.35648 14.31999 45.35699 14.31918 45.35704 14.31903 45.35713 14.31877 45.35727 14.31862 45.35733 14.31856 45.35759 14.31837 45.35779 14.31832 45.35832 14.31775 45.3588 14.31714 45.35771 14.31536 45.35748 14.31498 45.3572 14.31481 45.35694 14.31452 45.35678 14.3141 45.3567 14.31361 45.35675 14.31362 45.35682 14.31363 45.35676 14.31322 45.35673 14.31304 45.35666 14.31251 45.35665 14.31213 45.35666 14.31195 45.35773 14.31158 45.35778 14.31093 45.35792 14.30965 45.35794 14.30953 45.35794 14.30949 45.35759 14.30963 45.35723 14.30929 45.35688 14.30899 45.35641 14.30855 45.35596 14.30829 45.35554 14.30803 45.3551 14.30784 45.35465 14.30758 45.35425 14.30723 45.35415 14.30705 45.35411 14.30674 45.35413 14.3059 45.35444 14.3053 45.3543 14.30512 45.35396 14.30507 45.35367 14.30525 45.35341 14.30542 45.35325 14.30537 45.35229 14.30488 45.35212 14.30462 45.35191 14.30388 45.35181 14.30318 45.35165 14.30299 45.35147 14.30304 45.35131 14.30374 45.35123 14.30386 45.35113 14.30402 45.3511 14.30402 45.3509 14.30405 45.35047 14.3041 45.35021 14.30445 45.35006 14.30478 45.35001 14.30491 45.34983 14.305 45.34962 14.30495 45.3489 14.30479 45.34878 14.30472 45.34801 14.30428 45.34798 14.30426 45.34683 14.3038 45.34621 14.30338 45.34493 14.30206 45.34308 14.30027 45.34189 14.29941 45.34056 14.29827 45.34016 14.29816 45.33925 14.29765 45.33827 14.29667 45.33825 14.29666 45.33829 14.29637 45.33846 14.29496 45.33869 14.29414 45.33888 14.29292 45.33919 14.29191 45.33952 14.29154 45.33958 14.29134 45.33989 14.29103 45.34015 14.29076 45.34091 14.2902 45.34113 14.29009 45.34157 14.28986 45.34256 14.28956 45.34356 14.28895 45.34469 14.28773 45.34539 14.28667 45.34616 14.28581 45.347 14.28462 45.34851 14.28207 45.34887 14.28157 45.34984 14.282 45.35072 14.2822 45.35121 14.28234 45.3519 14.28263 45.35238 14.28291 45.35386 14.2829 45.35412 14.28283 45.35454 14.28254 45.35605 14.2818 45.35707 14.28163 45.3577 14.28143 45.3585 14.28048 45.35886 14.27971 45.35929 14.27918 45.35976 14.27869 45.35994 14.27844 45.36016 14.27792 45.36098 14.27644 45.36137 14.27546 45.36171 14.27473 45.36265 14.27194 45.36311 14.27079 45.36393 14.26826 45.36417 14.26766 45.36432 14.26742 45.36455 14.26686 45.36611 14.2626 45.36669 14.26082 45.36714 14.2593 45.36762 14.25788 45.3677 14.25753 45.36899 14.25443 45.36918 14.25329 45.36938 14.25241 45.37033 14.25033 45.37083 14.24879 45.37128 14.24798 45.37164 14.24712 45.37227 14.24531 45.37317 14.24164 45.37358 14.24015 45.37443 14.23801 45.37507 14.2366 45.37577 14.23475 45.37636 14.23286 45.37678 14.23116 45.37707 14.23054 45.37707 14.23012 45.37707 14.23005 45.37704 14.22985 45.37696 14.22939 45.37696 14.22862 45.37687 14.22652 45.37693 14.22571 45.37693 14.22545 45.37693 14.22498 45.37688 14.22366 45.37693 14.22256 45.37717 14.22203 45.37788 14.22067 45.37817 14.21997 45.37914 14.21861 45.37935 14.21784 45.37992 14.21692 45.38064 14.21585 45.38166 14.21421 45.38268 14.21215 45.383 14.21207 45.38359 14.21183 45.38428 14.21118 45.38525 14.21041 45.38625 14.20969 45.38727 14.20908 45.38869 14.20807 45.38919 14.2075 45.38983 14.20694 45.39013 14.20664 45.39025 14.20652 45.39039 14.20639 45.39063 14.20614 45.39061 14.20536 45.39075 14.20201</gml:posList>
                        </gml:LinearRing>
                      </gml:exterior>
                    </gml:Polygon>
                  </gml:surfaceMember>
                  <gml:surfaceMember>
                    <gml:Polygon gml:id="MEDIA_MONITORED_CILJ_ID_1_CILJ_ID_5_POLUTANT_1_MODEL_198">
                      <gml:exterior>
                        <gml:LinearRing>
                          <gml:posList srsDimension="2">45.53733 14.48966 45.53681 14.48875 45.53689 14.4883 45.53699 14.48774 45.53678 14.48641 45.53674 14.48614 45.53671 14.48596 45.53655 14.48505 45.5364 14.48447 45.53626 14.48391 45.53603 14.48296 45.53589 14.48291 45.53554 14.48277 45.53485 14.48144 45.53458 14.47996 45.53457 14.47913 45.53445 14.47871 45.53421 14.47835 45.53413 14.4782 45.53401 14.47797 45.53397 14.47758 45.53403 14.47718 45.53403 14.47708 45.53402 14.47706 45.53402 14.477 45.53386 14.47666 45.53388 14.4762 45.53386 14.4761 45.53383 14.47589 45.53366 14.47562 45.53356 14.47546 45.53359 14.4754 45.53364 14.4753 45.5334 14.47499 45.53309 14.47455 45.53299 14.47439 45.53292 14.47428 45.53282 14.47412 45.53267 14.47387 45.53246 14.47351 45.53223 14.47318 45.53193 14.47291 45.53187 14.47286 45.53176 14.47277 45.53148 14.4727 45.53114 14.47245 45.53103 14.47204 45.53092 14.47154 45.53079 14.47138 45.53061 14.47125 45.53031 14.47105 45.53025 14.47103 45.53018 14.471 45.53017 14.47095 45.53012 14.47074 45.53008 14.4706 45.53002 14.47057 45.52978 14.4702 45.52938 14.47 45.52925 14.46973 45.52903 14.46946 45.52892 14.46938 45.52869 14.46923 45.52842 14.46893 45.52801 14.46863 45.52772 14.46838 45.52754 14.46791 45.5273 14.46746 45.52714 14.46723 45.52692 14.46689 45.5266 14.46653 45.52649 14.4664 45.52632 14.46583 45.52623 14.4656 45.52613 14.46536 45.52597 14.46495 45.52564 14.46432 45.52532 14.46387 45.52511 14.46361 45.52496 14.46342 45.52481 14.46297 45.52472 14.46272 45.52464 14.46263 45.52447 14.46246 45.52425 14.46224 45.5241 14.46191 45.52391 14.46151 45.52374 14.46116 45.5235 14.4608 45.52328 14.46041 45.523 14.46001 45.52276 14.45972 45.52251 14.45955 45.52217 14.45935 45.52207 14.45921 45.5217 14.45874 45.52137 14.45804 45.52128 14.45788 45.5209 14.45722 45.52049 14.45644 45.52017 14.45575 45.51983 14.45506 45.51978 14.45451 45.51972 14.45397 45.51966 14.45347 45.51955 14.45248 45.51944 14.45195 45.51921 14.45141 45.51903 14.451 45.51898 14.4507 45.51893 14.45013 45.51886 14.44991 45.51877 14.44959 45.51857 14.44913 45.51842 14.44882 45.51813 14.44825 45.51801 14.44809 45.51795 14.44801 45.51784 14.44775 45.51772 14.44748 45.51764 14.44725 45.51753 14.4469 45.51737 14.44629 45.51712 14.44554 45.51696 14.44493 45.51691 14.44447 45.51683 14.44349 45.51676 14.44271 45.51638 14.44199 45.51634 14.44194 45.5162 14.44174 45.51592 14.44141 45.51569 14.44114 45.51539 14.4408 45.51471 14.44013 45.51417 14.43978 45.51367 14.43943 45.51352 14.43932 45.51309 14.43899 45.51269 14.43869 45.51229 14.4384 45.51213 14.43829 45.51172 14.43804 45.51105 14.43762 45.51077 14.43725 45.51059 14.43666 45.51049 14.43623 45.51043 14.43591 45.5103 14.4351 45.51024 14.43478 45.51014 14.43431 45.51007 14.434 45.50999 14.43361 45.50992 14.43339 45.50978 14.43287 45.50954 14.432 45.50947 14.43187 45.5093 14.43156 45.50903 14.43112 45.50867 14.43053 45.50838 14.43003 45.50795 14.42934 45.50766 14.42882 45.50754 14.42856 45.50744 14.42835 45.50733 14.4282 45.50715 14.42797 45.50701 14.42772 45.50694 14.42759 45.50736 14.42699 45.50771 14.4269 45.50796 14.42685 45.5083 14.42692 45.50837 14.42687 45.50851 14.42678 45.50861 14.42608 45.5088 14.42546 45.50897 14.42514 45.50911 14.42451 45.50931 14.42404 45.50935 14.42396 45.50951 14.42364 45.50968 14.42329 45.50974 14.42316 45.50978 14.423 45.50981 14.42289 45.50986 14.42272 45.50976 14.42229 45.50967 14.4222 45.50961 14.42215 45.50944 14.4222 45.50906 14.42174 45.5092 14.42117 45.50922 14.42073 45.50923 14.42052 45.5096 14.41983 45.50972 14.41955 45.50973 14.4193 45.5097 14.41921 45.50968 14.41917 45.50977 14.41844 45.50978 14.41833 45.50978 14.41825 45.50981 14.41789 45.50986 14.41725 45.50992 14.41628 45.50992 14.41624 45.5099 14.4157 45.50984 14.41563 45.50979 14.41558 45.50938 14.41541 45.50912 14.41525 45.50881 14.41504 45.50868 14.41497 45.50846 14.41485 45.50817 14.41496 45.50795 14.41475 45.5077 14.41438 45.50757 14.41376 45.50742 14.41341 45.50731 14.41315 45.50725 14.41295 45.50709 14.41247 45.50702 14.41214 45.50697 14.41135 45.50693 14.4112 45.5069 14.41107 45.50669 14.41071 45.50641 14.41061 45.50628 14.41053 45.50611 14.41043 45.50581 14.40985 45.50578 14.40975 45.50558 14.40912 45.50569 14.40842 45.50526 14.40833 45.50491 14.4083 45.50472 14.408 45.50465 14.40773 45.50469 14.40749 45.50471 14.40736 45.505 14.40677 45.50505 14.40612 45.50503 14.40589 45.50501 14.40577 45.50486 14.40549 45.50476 14.40534 45.5047 14.40523 45.50469 14.40492 45.50469 14.40485 45.50473 14.40456 45.50483 14.40399 45.50466 14.40372 45.50446 14.40321 45.50435 14.40282 45.5043 14.40265 45.50429 14.40254 45.50428 14.40237 45.50431 14.40209 45.50415 14.40183 45.50396 14.40151 45.50354 14.40075 45.50296 14.40003 45.50282 14.39979 45.50273 14.3992 45.50275 14.39839 45.50257 14.39853 45.5024 14.39867 45.502 14.39901 45.50198 14.39902 45.50162 14.39932 45.50148 14.39944 45.50122 14.39967 45.50095 14.3999 45.50067 14.40014 45.50031 14.39986 45.49992 14.39956 45.49978 14.39945 45.49962 14.39931 45.49933 14.39908 45.49899 14.39881 45.4989 14.39874 45.49881 14.39866 45.49848 14.39841 45.49804 14.39805 45.49779 14.39785 45.4973 14.39745 45.49686 14.3971 45.49661 14.3969 45.49642 14.39675 45.49608 14.39646 45.49601 14.39639 45.49561 14.39599 45.49513 14.39554 45.49467 14.39512 45.49447 14.39486 45.49432 14.39468 45.49418 14.39453 45.49393 14.39424 45.49388 14.39399 45.49384 14.39372 45.49393 14.39315 45.49392 14.39279 45.49397 14.39235 45.49431 14.39183 45.49435 14.39171 45.49441 14.39153 45.49452 14.3912 45.49451 14.39103 45.49451 14.39084 45.49451 14.39075 45.49451 14.39068 45.49427 14.39031 45.49423 14.39024 45.49424 14.38992 45.49422 14.38986 45.49421 14.38979 45.49404 14.38966 45.494 14.38961 45.49396 14.38953 45.4939 14.38908 45.49385 14.3887 45.49383 14.38862 45.4938 14.3885 45.49377 14.38847 45.4937 14.38838 45.49361 14.38831 45.49358 14.38828 45.49353 14.38814 45.49351 14.38789 45.49357 14.38758 45.49354 14.38743 45.49346 14.38703 45.49348 14.38681 45.49337 14.38666 45.49327 14.3865 45.4932 14.38639 45.49264 14.38563 45.49251 14.38546 45.49167 14.38429 45.49121 14.38363 45.4907 14.38291 45.48996 14.3819 45.48971 14.38155 45.48876 14.3802 45.48779 14.37877 45.48764 14.37814 45.48736 14.37701 45.48695 14.37516 45.48657 14.37333 45.48618 14.37151 45.4858 14.36964 45.48543 14.36779 45.48503 14.36596 45.48464 14.36411 45.48437 14.36284 45.48487 14.36255 45.48501 14.36267 45.48502 14.36202 45.485 14.36202 45.48468 14.36189 45.48455 14.3615 45.48463 14.36052 45.48474 14.35908 45.48492 14.35717 45.48498 14.35665 45.48512 14.35528 45.4852 14.35449 45.48531 14.35339 45.48559 14.35074 45.48501 14.34928 45.48494 14.3491 45.4849 14.34901 45.48407 14.34701 45.48306 14.34576 45.4825 14.34505 45.48206 14.3445 45.48121 14.34348 45.48116 14.34334 45.4811 14.34315 45.48092 14.34327 45.48032 14.34261 45.48033 14.34256 45.48035 14.34241 45.48072 14.34192 45.47993 14.33934 45.47971 14.33904 45.47876 14.33807 45.47764 14.33683 45.47685 14.33546 45.47598 14.3339 45.47547 14.33334 45.47451 14.33229 45.47444 14.33215 45.47367 14.33076 45.47294 14.32945 45.47224 14.32815 45.47203 14.3275 45.47168 14.32641 45.47047 14.32262 45.4696 14.32393 45.4691 14.32543 45.46854 14.32673 45.46793 14.32763 45.46713 14.32884 45.46568 14.33001 45.46478 14.33065 45.46384 14.33125 45.46273 14.33199 45.4617 14.3326 45.46106 14.33305 45.45943 14.33307 45.45938 14.3329 45.45926 14.33254 45.45878 14.33289 45.45852 14.33241 45.45834 14.332 45.45839 14.33189 45.45849 14.33168 45.45866 14.33126 45.4587 14.33107 45.45874 14.33083 45.45874 14.33081 45.45874 14.33074 45.45873 14.33063 45.45866 14.33047 45.4585 14.33029 45.45728 14.32909 45.45583 14.32788 45.45511 14.32739 45.45493 14.32767 45.45339 14.32729 45.45236 14.32686 45.45153 14.32651 45.45078 14.32602 45.45002 14.32554 45.44937 14.32539 45.44851 14.32541 45.44783 14.32544 45.44773 14.3246 45.44699 14.32402 45.44628 14.32404 45.44553 14.32394 45.44467 14.32384 45.44397 14.32387 45.443 14.32362 45.44157 14.32352 45.43971 14.32334 45.43838 14.32319 45.43697 14.32314 45.43375 14.32248 45.43117 14.32145 45.43098 14.32137 45.43077 14.32129 45.43089 14.32075 45.43344 14.31765 45.43383 14.31521 45.43408 14.31367 45.43418 14.3132 45.43438 14.31222 45.43359 14.31154 45.43278 14.31085 45.43066 14.30916 45.42933 14.308 45.42791 14.30655 45.42552 14.30379 45.42461 14.30617 45.42449 14.30748 45.42454 14.30857 45.42438 14.3089 45.42401 14.30968 45.42378 14.31056 45.4232 14.31107 45.42273 14.31188 45.42243 14.31271 45.42225 14.31357 45.42126 14.31471 45.42052 14.31486 45.41996 14.3155 45.41944 14.31661 45.41887 14.3173 45.4183 14.3178 45.41728 14.3188 45.41707 14.31957 45.4162 14.3197 45.41492 14.31989 45.41409 14.31921 45.41358 14.31859 45.41289 14.31821 45.41247 14.31741 45.41275 14.31707 45.41332 14.31636 45.41286 14.31581 45.41285 14.3158 45.41258 14.31547 45.41187 14.31492 45.4112 14.31449 45.41091 14.31433 45.41054 14.31411 45.40953 14.31391 45.40899 14.31377 45.40801 14.31423 45.40745 14.31466 45.40676 14.31537 45.40661 14.31539 45.40584 14.31552 45.40575 14.31558 45.40516 14.31597 45.4045 14.31631 45.40395 14.31666 45.40284 14.31734 45.4026 14.31752 45.40199 14.31795 45.40115 14.31855 45.40027 14.3202 45.39975 14.32034 45.39897 14.32057 45.3983 14.32032 45.39752 14.32079 45.3979 14.32185 45.39866 14.32324 45.39873 14.32406 45.39883 14.32539 45.3993 14.32668 45.39944 14.32706 45.39975 14.32784 45.39974 14.32815 45.39972 14.32859 45.39904 14.32896 45.39846 14.3294 45.39744 14.32985 45.39668 14.33134 45.39581 14.33226 45.39512 14.3323 45.39418 14.33326 45.39336 14.33375 45.39274 14.33394 45.39197 14.3336 45.39187 14.33382 45.39144 14.33466 45.39078 14.33479 45.39005 14.3352 45.38952 14.3357 45.38855 14.33612 45.38762 14.33625 45.38753 14.33701 45.38675 14.33761 45.38608 14.3384 45.38524 14.3394 45.38588 14.34034 45.38651 14.34081 45.38703 14.34094 45.38741 14.34173 45.38815 14.3413 45.38886 14.34139 45.38947 14.3414 45.38984 14.34249 45.39069 14.34279 45.39102 14.34364 45.39157 14.34376 45.39246 14.34332 45.39281 14.34328 45.39287 14.34328 45.39305 14.34326 45.39332 14.34323 45.39331 14.34347 45.39326 14.34423 45.39259 14.34544 45.39278 14.34637 45.39281 14.34665 45.39287 14.3471 45.39218 14.34824 45.39252 14.34927 45.39304 14.35 45.39338 14.35097 45.39395 14.35094 45.39362 14.35198 45.39397 14.35285 45.39476 14.35318 45.39547 14.35326 45.3962 14.35335 45.39692 14.35344 45.39769 14.35355 45.39839 14.3537 45.39902 14.35361 45.39932 14.35461 45.39899 14.35549 45.39923 14.35645 45.39895 14.35679 45.39858 14.35724 45.39865 14.35802 45.3995 14.35772 45.39981 14.35795 45.39995 14.35806 45.40015 14.35821 45.4001 14.35896 45.4004 14.35964 45.40055 14.35997 45.40031 14.36115 45.40027 14.36219 45.40036 14.36259 45.40038 14.3627 45.40046 14.36304 45.40033 14.3635 45.40021 14.3639 45.40011 14.36428 45.39995 14.36506 45.39958 14.36638 45.39981 14.36714 45.3998 14.3679 45.40012 14.36906 45.40082 14.3696 45.40094 14.36958 45.40185 14.36947 45.4022 14.37046 45.40275 14.37067 45.40292 14.37077 45.40343 14.37105 45.40338 14.37184 45.40373 14.37266 45.40456 14.37309 45.40511 14.37414 45.40549 14.37431 45.40567 14.3744 45.40599 14.37455 45.40586 14.37584 45.40603 14.37692 45.40657 14.37758 45.40732 14.37769 45.40811 14.37759 45.40904 14.37749 45.40912 14.37769 45.40933 14.37827 45.40942 14.37852 45.40939 14.37867 45.40935 14.37899 45.40929 14.37938 45.40932 14.38026 45.41024 14.38011 45.41087 14.37999 45.41162 14.38094 45.41217 14.38069 45.41282 14.38045 45.41334 14.38128 45.41394 14.3824 45.41401 14.38252 45.41488 14.3821 45.41564 14.38177 45.4171 14.38113 45.41834 14.38038 45.41958 14.37946 45.42117 14.37824 45.42128 14.37902 45.42137 14.37917 45.42157 14.3795 45.42149 14.37965 45.42114 14.38028 45.42124 14.38068 45.42064 14.3813 45.42052 14.38143 45.42078 14.38204 45.4207 14.38278 45.42099 14.38273 45.42124 14.3829 45.42127 14.38292 45.42155 14.38306 45.42154 14.38315 45.42146 14.38355 45.42116 14.38421 45.42075 14.3849 45.42027 14.38558 45.41976 14.3862 45.41928 14.38687 45.41883 14.38735 45.41808 14.38866 45.4177 14.38933 45.41743 14.39005 45.4174 14.39065 45.41785 14.3909 45.4181 14.39085 45.41807 14.39114 45.41827 14.39128 45.41828 14.39145 45.41832 14.39181 45.41805 14.392 45.41794 14.39209 45.41795 14.39247 45.41813 14.39293 45.41842 14.39337 45.41882 14.39339 45.41879 14.39355 45.41875 14.39375 45.41875 14.39376 45.41864 14.39384 45.4185 14.39393 45.41831 14.39417 45.41812 14.39405 45.41792 14.39414 45.41779 14.3944 45.41781 14.39482 45.41742 14.39509 45.41695 14.39541 45.41639 14.39581 45.41608 14.39616 45.41533 14.39747 45.41519 14.39788 45.4147 14.39961 45.41425 14.4013 45.41389 14.40296 45.41345 14.40494 45.41343 14.40627 45.41343 14.40656 45.41331 14.40914 45.41323 14.4112 45.41313 14.41312 45.4131 14.41485 45.41393 14.41662 45.41469 14.41845 45.41553 14.4203 45.41641 14.42229 45.41651 14.42176 45.4168 14.42123 45.41736 14.42102 45.41795 14.4208 45.41865 14.42069 45.41915 14.4205 45.4197 14.42026 45.42008 14.41998 45.42054 14.41979 45.42094 14.41982 45.42136 14.41998 45.42154 14.42024 45.42181 14.42073 45.42205 14.42142 45.42237 14.4223 45.42291 14.423 45.42365 14.42369 45.42413 14.42409 45.42463 14.42432 45.42528 14.42404 45.42591 14.4235 45.42629 14.42292 45.42677 14.42193 45.42705 14.42125 45.42753 14.42018 45.42802 14.4188 45.4284 14.41758 45.42885 14.41638 45.42925 14.41497 45.42972 14.41309 45.43026 14.41258 45.43111 14.41287 45.43163 14.41364 45.43226 14.41354 45.43263 14.41279 45.43324 14.41199 45.43402 14.41199 45.43523 14.41185 45.43548 14.41268 45.43625 14.41326 45.43692 14.41272 45.43747 14.41265 45.43822 14.41192 45.43875 14.41178 45.4394 14.41125 45.43989 14.4104 45.44075 14.40992 45.44139 14.40986 45.44225 14.40936 45.44264 14.41029 45.44334 14.4114 45.44396 14.4125 45.44451 14.41334 45.44496 14.41412 45.4456 14.41518 45.44621 14.41629 45.44706 14.41765 45.44747 14.41841 45.44814 14.41996 45.44822 14.42079 45.44823 14.42132 45.4484 14.42244 45.44895 14.42345 45.44961 14.42436 45.45002 14.42561 45.45029 14.42715 45.45071 14.42853 45.45099 14.42954 45.45164 14.43151 45.4517 14.43163 45.45235 14.43305 45.45328 14.43435 45.45437 14.43536 45.45519 14.4363 45.45644 14.43778 45.45767 14.43925 45.45915 14.44096 45.46052 14.44257 45.46174 14.44415 45.46305 14.44642 45.46397 14.44764 45.46458 14.44839 45.46553 14.44948 45.46665 14.45065 45.46748 14.451 45.46833 14.45136 45.4694 14.45177 45.47022 14.45193 45.47099 14.45207 45.47118 14.45182 45.47198 14.45184 45.47275 14.45229 45.47266 14.45261 45.47317 14.45303 45.47365 14.45338 45.47406 14.45304 45.4743 14.45296 45.47504 14.45264 45.47599 14.4524 45.47728 14.45198 45.47787 14.45225 45.4785 14.45226 45.47932 14.45199 45.48002 14.45252 45.4802 14.45378 45.48084 14.45561 45.48159 14.45596 45.48241 14.45635 45.48314 14.45679 45.4839 14.4574 45.48461 14.45787 45.48571 14.45855 45.48669 14.45989 45.48732 14.4598 45.4884 14.45963 45.48965 14.45953 45.49053 14.45941 45.49137 14.45935 45.49223 14.45933 45.49301 14.45913 45.49387 14.45865 45.49476 14.45855 45.49609 14.4591 45.49668 14.45996 45.49745 14.46087 45.49822 14.46165 45.49865 14.46266 45.49883 14.46364 45.49918 14.46465 45.49952 14.46603 45.49981 14.46612 45.50047 14.46633 45.50116 14.46653 45.50205 14.46705 45.50249 14.4673 45.50369 14.46764 45.50462 14.46787 45.5061 14.46841 45.50638 14.46975 45.50736 14.47237 45.5076 14.47225 45.50807 14.47203 45.50894 14.4716 45.51039 14.47111 45.51169 14.47081 45.51345 14.47059 45.51452 14.4705 45.51568 14.47058 45.51827 14.47053 45.51844 14.47053 45.5193 14.47072 45.52004 14.47144 45.52093 14.47281 45.52095 14.47325 45.52099 14.47378 45.52099 14.47394 45.52089 14.47469 45.52088 14.47475 45.52083 14.4751 45.52074 14.47621 45.52081 14.47723 45.52085 14.47773 45.52083 14.47873 45.52135 14.48067 45.52248 14.48033 45.52284 14.48025 45.52311 14.48019 45.52368 14.48043 45.5245 14.48081 45.52514 14.48128 45.52543 14.4822 45.52594 14.4828 45.5265 14.4835 45.52696 14.48381 45.52831 14.48579 45.52897 14.48676 45.52956 14.48756 45.52983 14.48768 45.53022 14.48786 45.53077 14.48798 45.53134 14.48816 45.53177 14.48831 45.53196 14.48838 45.53252 14.48851 45.53324 14.48872 45.53371 14.48877 45.53392 14.4888 45.53451 14.4891 45.53536 14.48941 45.53568 14.4895 45.53595 14.48958 45.53649 14.48961 45.53733 14.48966</gml:posList>
                        </gml:LinearRing>
                      </gml:exterior>
                    </gml:Polygon>
                  </gml:surfaceMember>
                  <gml:surfaceMember>
                    <gml:Polygon gml:id="MEDIA_MONITORED_CILJ_ID_1_CILJ_ID_5_POLUTANT_1_MODEL_199">
                      <gml:exterior>
                        <gml:LinearRing>
                          <gml:posList srsDimension="2">45.42149 14.37965 45.42157 14.3795 45.42137 14.37917 45.42128 14.37902 45.42117 14.37824 45.41958 14.37946 45.41834 14.38038 45.4171 14.38113 45.41564 14.38177 45.41488 14.3821 45.41401 14.38252 45.41394 14.3824 45.41334 14.38128 45.41282 14.38045 45.41217 14.38069 45.41162 14.38094 45.41087 14.37999 45.41024 14.38011 45.40932 14.38026 45.40929 14.37938 45.40935 14.37899 45.40939 14.37867 45.40942 14.37852 45.40933 14.37827 45.40912 14.37769 45.40904 14.37749 45.40811 14.37759 45.40732 14.37769 45.40657 14.37758 45.40603 14.37692 45.40586 14.37584 45.40599 14.37455 45.40567 14.3744 45.40549 14.37431 45.40511 14.37414 45.40456 14.37309 45.40373 14.37266 45.40338 14.37184 45.40343 14.37105 45.40292 14.37077 45.40275 14.37067 45.4022 14.37046 45.40185 14.36947 45.40094 14.36958 45.40094 14.36993 45.40085 14.36995 45.40059 14.37003 45.40033 14.37011 45.39966 14.37041 45.3989 14.37077 45.39857 14.37108 45.39822 14.37099 45.39778 14.3711 45.39741 14.37127 45.39733 14.37167 45.39721 14.37219 45.39665 14.37231 45.39599 14.37219 45.39542 14.37228 45.39437 14.37203 45.39408 14.37165 45.39371 14.37117 45.39326 14.37084 45.39294 14.37087 45.39241 14.37108 45.39236 14.37176 45.39231 14.37235 45.39202 14.3727 45.3915 14.37268 45.39077 14.37275 45.39036 14.37217 45.39027 14.37157 45.39003 14.37099 45.38981 14.37102 45.3898 14.37036 45.38931 14.37029 45.38882 14.3703 45.38853 14.36998 45.38844 14.36971 45.38839 14.3693 45.38817 14.36941 45.38785 14.36969 45.38758 14.37001 45.38745 14.37065 45.38731 14.37133 45.38695 14.37144 45.3866 14.37145 45.38577 14.37137 45.38519 14.37093 45.38484 14.37063 45.38458 14.37099 45.38415 14.37161 45.38353 14.37137 45.38315 14.37097 45.38287 14.37031 45.38262 14.36952 45.38254 14.3685 45.38242 14.36759 45.38241 14.36683 45.3823 14.36663 45.38201 14.36617 45.38154 14.36558 45.38157 14.36345 45.38091 14.36377 45.38055 14.36436 45.38005 14.36494 45.37968 14.3655 45.37884 14.36614 45.37858 14.36647 45.37794 14.36668 45.37666 14.36734 45.37597 14.36778 45.37547 14.36722 45.37514 14.36723 45.37424 14.36735 45.3735 14.36728 45.37219 14.36705 45.3717 14.36808 45.37133 14.36708 45.36993 14.3674 45.3697 14.36773 45.36945 14.36784 45.36911 14.3677 45.36854 14.36787 45.36744 14.36837 45.36743 14.36846 45.36741 14.36866 45.36739 14.36892 45.36736 14.36957 45.36733 14.37004 45.3672 14.37053 45.36683 14.37106 45.36662 14.37139 45.36628 14.37189 45.3662 14.37234 45.36618 14.37278 45.36625 14.37309 45.36631 14.37336 45.3663 14.3736 45.36628 14.37391 45.36629 14.3746 45.36626 14.37486 45.36619 14.37537 45.36606 14.37606 45.36587 14.37651 45.36575 14.37665 45.36542 14.37589 45.36517 14.37599 45.36507 14.37593 45.36498 14.37552 45.3644 14.37534 45.36396 14.37528 45.36342 14.37535 45.36311 14.37644 45.36293 14.37704 45.3626 14.37791 45.36241 14.37838 45.36225 14.37867 45.36216 14.37883 45.36223 14.37942 45.36213 14.37958 45.36206 14.37969 45.36221 14.38002 45.36207 14.38008 45.36178 14.38022 45.36136 14.38037 45.36097 14.38056 45.3606 14.38088 45.36027 14.38128 45.36025 14.38132 45.36013 14.38168 45.36003 14.38201 45.35995 14.38239 45.35999 14.38261 45.36003 14.38279 45.36022 14.38305 45.36032 14.38319 45.36055 14.38343 45.36058 14.38365 45.36058 14.38424 45.36074 14.38478 45.36084 14.3851 45.36083 14.38552 45.3609 14.38602 45.36073 14.38646 45.36038 14.38733 45.35995 14.38727 45.3596 14.38735 45.35951 14.38748 45.35966 14.38792 45.35961 14.38799 45.35948 14.38814 45.35958 14.38852 45.35961 14.38864 45.35966 14.38892 45.35964 14.38896 45.35958 14.38909 45.35921 14.3892 45.35895 14.38912 45.35875 14.38922 45.3585 14.38916 45.35838 14.38958 45.35843 14.38983 45.35836 14.39016 45.35832 14.39046 45.35854 14.39072 45.35886 14.39084 45.35919 14.39113 45.35946 14.39146 45.35956 14.39171 45.3596 14.39198 45.35999 14.39186 45.36004 14.3932 45.36012 14.39394 45.36015 14.39413 45.36015 14.3942 45.35993 14.39489 45.36023 14.39523 45.36029 14.39528 45.36076 14.39575 45.3608 14.3958 45.36095 14.39603 45.36112 14.39654 45.36123 14.39735 45.36134 14.39786 45.36156 14.39822 45.36169 14.39843 45.36189 14.39879 45.36199 14.39914 45.36206 14.39941 45.36182 14.40003 45.36176 14.40017 45.36154 14.40067 45.3614 14.40098 45.36123 14.40133 45.3612 14.40225 45.36106 14.403 45.36109 14.40335 45.36146 14.40357 45.36194 14.4036 45.36198 14.4036 45.36238 14.40365 45.36273 14.40374 45.36309 14.40348 45.36344 14.40309 45.36363 14.40266 45.364 14.40219 45.36436 14.40203 45.36469 14.40211 45.36518 14.40187 45.36553 14.40179 45.36589 14.40197 45.36621 14.40218 45.36644 14.40192 45.36674 14.40171 45.36703 14.4015 45.36716 14.40172 45.36724 14.40188 45.36732 14.40202 45.36731 14.40213 45.36727 14.4025 45.36704 14.40297 45.36713 14.40316 45.36727 14.40342 45.36777 14.40425 45.36834 14.40487 45.36855 14.40523 45.3687 14.40584 45.36917 14.4064 45.36969 14.40725 45.37004 14.40792 45.37057 14.40808 45.37093 14.40823 45.37139 14.40879 45.37106 14.40928 45.37101 14.40935 45.37084 14.4096 45.37076 14.4109 45.37143 14.41124 45.37157 14.41129 45.37174 14.41136 45.37173 14.412 45.37188 14.41244 45.37231 14.41261 45.37271 14.41296 45.37319 14.41281 45.37375 14.41251 45.37407 14.41209 45.37424 14.41169 45.37455 14.4121 45.37472 14.41239 45.37496 14.41283 45.37497 14.41286 45.375 14.41291 45.37502 14.41295 45.37494 14.41347 45.37523 14.41409 45.3754 14.41476 45.37533 14.41535 45.37504 14.41567 45.37457 14.41598 45.37428 14.4163 45.37422 14.4168 45.37427 14.41751 45.37419 14.41855 45.37436 14.41897 45.3748 14.41918 45.37504 14.4193 45.37529 14.41942 45.3752 14.41953 45.37512 14.41962 45.37527 14.42071 45.37541 14.4209 45.37587 14.4212 45.37587 14.42121 45.37602 14.42168 45.37599 14.42218 45.37631 14.42329 45.37659 14.42336 45.37708 14.42322 45.37741 14.42292 45.37788 14.42398 45.37838 14.42462 45.37871 14.4255 45.37934 14.42673 45.38019 14.42759 45.38148 14.4262 45.38224 14.42562 45.38344 14.4247 45.38452 14.42369 45.38555 14.42276 45.38642 14.42201 45.38715 14.42084 45.3874 14.42061 45.38802 14.41977 45.38855 14.41905 45.38872 14.41875 45.3889 14.41841 45.38909 14.41791 45.38947 14.41814 45.38981 14.4187 45.39025 14.41897 45.3909 14.41917 45.39128 14.41931 45.39177 14.41912 45.39189 14.41856 45.39206 14.4183 45.39236 14.41876 45.39238 14.41873 45.39248 14.41853 45.39244 14.41835 45.39241 14.41821 45.39237 14.41805 45.39236 14.41799 45.39235 14.41661 45.39234 14.41623 45.39258 14.41613 45.39269 14.41573 45.3928 14.41478 45.39295 14.41414 45.39296 14.41378 45.39324 14.413 45.39347 14.41213 45.39352 14.41159 45.39346 14.4111 45.39364 14.41097 45.39402 14.4107 45.39437 14.41033 45.39488 14.41005 45.39506 14.40959 45.39519 14.40895 45.3952 14.40866 45.39521 14.40857 45.39522 14.40829 45.39515 14.40817 45.39512 14.40813 45.39505 14.40802 45.39498 14.40744 45.39503 14.40727 45.39507 14.40711 45.3953 14.40727 45.39581 14.40704 45.3962 14.40674 45.39647 14.40617 45.39657 14.40548 45.39666 14.40472 45.39735 14.40462 45.39771 14.40423 45.39902 14.40377 45.3999 14.40332 45.40086 14.40302 45.4019 14.4028 45.40282 14.4028 45.40365 14.40284 45.40366 14.4022 45.40514 14.40177 45.40536 14.40178 45.40536 14.40141 45.40512 14.40115 45.40561 14.4008 45.40643 14.4005 45.40668 14.40059 45.40732 14.40043 45.40774 14.4 45.40809 14.40036 45.40873 14.39997 45.40904 14.39934 45.40997 14.39903 45.41044 14.39907 45.41101 14.39884 45.41111 14.39861 45.41152 14.39838 45.41164 14.39806 45.41199 14.39795 45.41263 14.39779 45.41297 14.39789 45.41309 14.39848 45.41334 14.39872 45.41383 14.39845 45.41406 14.39829 45.4142 14.39843 45.41482 14.39775 45.41533 14.39747 45.41608 14.39616 45.41639 14.39581 45.41695 14.39541 45.41742 14.39509 45.41781 14.39482 45.41779 14.3944 45.41792 14.39414 45.41812 14.39405 45.41831 14.39417 45.4185 14.39393 45.41864 14.39384 45.41875 14.39376 45.41875 14.39375 45.41879 14.39355 45.41882 14.39339 45.41842 14.39337 45.41813 14.39293 45.41795 14.39247 45.41794 14.39209 45.41805 14.392 45.41832 14.39181 45.41828 14.39145 45.41827 14.39128 45.41807 14.39114 45.4181 14.39085 45.41785 14.3909 45.4174 14.39065 45.41743 14.39005 45.4177 14.38933 45.41808 14.38866 45.41883 14.38735 45.41928 14.38687 45.41976 14.3862 45.42027 14.38558 45.42075 14.3849 45.42116 14.38421 45.42146 14.38355 45.42154 14.38315 45.42155 14.38306 45.42127 14.38292 45.42124 14.3829 45.42099 14.38273 45.4207 14.38278 45.42078 14.38204 45.42052 14.38143 45.42064 14.3813 45.42124 14.38068 45.42114 14.38028 45.42149 14.37965</gml:posList>
                        </gml:LinearRing>
                      </gml:exterior>
                    </gml:Polygon>
                  </gml:surfaceMember>
                  <gml:surfaceMember>
                    <gml:Polygon gml:id="MEDIA_MONITORED_CILJ_ID_1_CILJ_ID_5_POLUTANT_1_MODEL_200">
                      <gml:exterior>
                        <gml:LinearRing>
                          <gml:posList srsDimension="2">45.37638 14.43855 45.3768 14.4387 45.37695 14.43762 45.37706 14.43715 45.37742 14.43684 45.37859 14.43704 45.37911 14.43724 45.37983 14.43692 45.38048 14.43683 45.38197 14.43391 45.38244 14.43363 45.38358 14.43342 45.38394 14.43308 45.3842 14.43284 45.38366 14.4318 45.38303 14.43082 45.38248 14.42979 45.3814 14.42878 45.38076 14.4283 45.38019 14.42759 45.37934 14.42673 45.37871 14.4255 45.37838 14.42462 45.37788 14.42398 45.37741 14.42292 45.37708 14.42322 45.37659 14.42336 45.37631 14.42329 45.37599 14.42218 45.37602 14.42168 45.37587 14.42121 45.37587 14.4212 45.37541 14.4209 45.37527 14.42071 45.37512 14.41962 45.3752 14.41953 45.37529 14.41942 45.37504 14.4193 45.3748 14.41918 45.37436 14.41897 45.37419 14.41855 45.37427 14.41751 45.37422 14.4168 45.37428 14.4163 45.37457 14.41598 45.37504 14.41567 45.37533 14.41535 45.3754 14.41476 45.37523 14.41409 45.37494 14.41347 45.37502 14.41295 45.375 14.41291 45.37497 14.41286 45.37496 14.41283 45.37472 14.41239 45.37455 14.4121 45.37424 14.41169 45.37407 14.41209 45.37375 14.41251 45.37319 14.41281 45.37271 14.41296 45.37231 14.41261 45.37188 14.41244 45.37173 14.412 45.37174 14.41136 45.37157 14.41129 45.37143 14.41124 45.37076 14.4109 45.37084 14.4096 45.37101 14.40935 45.37106 14.40928 45.37139 14.40879 45.37093 14.40823 45.37057 14.40808 45.37004 14.40792 45.36969 14.40725 45.36917 14.4064 45.3687 14.40584 45.36855 14.40523 45.36834 14.40487 45.36777 14.40425 45.36727 14.40342 45.36713 14.40316 45.36704 14.40297 45.36727 14.4025 45.36731 14.40213 45.36732 14.40202 45.36724 14.40188 45.36716 14.40172 45.36703 14.4015 45.36674 14.40171 45.36644 14.40192 45.36621 14.40218 45.36589 14.40197 45.36553 14.40179 45.36518 14.40187 45.36469 14.40211 45.36436 14.40203 45.364 14.40219 45.36363 14.40266 45.36344 14.40309 45.36309 14.40348 45.36273 14.40374 45.36238 14.40365 45.36198 14.4036 45.36194 14.4036 45.36146 14.40357 45.36109 14.40335 45.36106 14.403 45.3612 14.40225 45.36123 14.40133 45.3614 14.40098 45.36154 14.40067 45.36176 14.40017 45.36182 14.40003 45.36206 14.39941 45.36199 14.39914 45.36189 14.39879 45.36169 14.39843 45.36156 14.39822 45.36134 14.39786 45.36123 14.39735 45.36112 14.39654 45.36095 14.39603 45.3608 14.3958 45.36076 14.39575 45.36029 14.39528 45.36023 14.39523 45.35993 14.39489 45.36015 14.3942 45.36015 14.39413 45.36012 14.39394 45.36004 14.3932 45.35999 14.39186 45.3596 14.39198 45.35956 14.39171 45.35946 14.39146 45.35919 14.39113 45.35886 14.39084 45.35854 14.39072 45.35832 14.39046 45.35836 14.39016 45.35843 14.38983 45.35838 14.38958 45.3585 14.38916 45.35875 14.38922 45.35895 14.38912 45.35921 14.3892 45.35958 14.38909 45.35964 14.38896 45.35966 14.38892 45.35961 14.38864 45.35958 14.38852 45.35948 14.38814 45.35961 14.38799 45.35966 14.38792 45.35951 14.38748 45.3596 14.38735 45.35995 14.38727 45.36038 14.38733 45.36073 14.38646 45.3609 14.38602 45.36083 14.38552 45.36084 14.3851 45.36074 14.38478 45.36058 14.38424 45.36058 14.38365 45.36055 14.38343 45.36032 14.38319 45.36022 14.38305 45.36003 14.38279 45.35999 14.38261 45.35995 14.38239 45.36003 14.38201 45.36013 14.38168 45.36025 14.38132 45.36027 14.38128 45.3606 14.38088 45.36097 14.38056 45.36136 14.38037 45.36178 14.38022 45.36207 14.38008 45.36221 14.38002 45.36206 14.37969 45.36213 14.37958 45.36223 14.37942 45.36216 14.37883 45.36225 14.37867 45.36241 14.37838 45.3626 14.37791 45.36293 14.37704 45.36311 14.37644 45.36342 14.37535 45.36396 14.37528 45.3644 14.37534 45.36498 14.37552 45.36507 14.37593 45.36517 14.37599 45.36542 14.37589 45.36575 14.37665 45.36587 14.37651 45.36606 14.37606 45.36619 14.37537 45.36626 14.37486 45.36629 14.3746 45.36628 14.37391 45.3663 14.3736 45.36631 14.37336 45.36625 14.37309 45.36618 14.37278 45.3662 14.37234 45.36628 14.37189 45.36662 14.37139 45.36683 14.37106 45.3672 14.37053 45.36733 14.37004 45.36736 14.36957 45.36739 14.36892 45.36741 14.36866 45.36743 14.36846 45.36744 14.36837 45.36709 14.36843 45.36658 14.36836 45.36613 14.36822 45.36599 14.36808 45.36577 14.36847 45.36569 14.3688 45.36537 14.36905 45.36512 14.36943 45.3645 14.36991 45.36429 14.37024 45.36424 14.3704 45.36402 14.37041 45.36377 14.36987 45.36367 14.36954 45.36371 14.36911 45.36347 14.3696 45.36317 14.37013 45.36287 14.37032 45.36258 14.37011 45.36241 14.36987 45.36209 14.36935 45.36174 14.36884 45.36128 14.36871 45.36091 14.36848 45.36089 14.36828 45.36094 14.36807 45.36097 14.36796 45.36096 14.36795 45.36096 14.36794 45.36094 14.3677 45.36036 14.36756 45.36004 14.36733 45.35968 14.36675 45.35922 14.36627 45.35926 14.36573 45.35931 14.36524 45.35931 14.36517 45.35927 14.36485 45.35922 14.36452 45.35923 14.36391 45.35934 14.36351 45.35938 14.36292 45.3596 14.36259 45.35974 14.36238 45.35942 14.36172 45.35934 14.36156 45.35943 14.36121 45.35936 14.36111 45.35926 14.36096 45.35898 14.36059 45.35863 14.36025 45.35855 14.36017 45.35841 14.36005 45.35826 14.3596 45.35831 14.35932 45.35864 14.35895 45.35891 14.35882 45.35926 14.35877 45.3595 14.35853 45.35956 14.35841 45.35958 14.35838 45.35962 14.35831 45.35952 14.35829 45.35934 14.35826 45.35913 14.35821 45.35912 14.35805 45.35879 14.35818 45.35864 14.35771 45.3588 14.35758 45.35896 14.35737 45.35914 14.35718 45.35917 14.35699 45.35919 14.35685 45.35918 14.35675 45.35917 14.35665 45.35916 14.35658 45.35916 14.35653 45.35905 14.35625 45.35904 14.35624 45.35893 14.3561 45.35881 14.35606 45.3586 14.35597 45.35824 14.35593 45.3577 14.35598 45.35732 14.35598 45.35677 14.35585 45.35632 14.35578 45.35601 14.35595 45.35573 14.35615 45.35555 14.35633 45.3551 14.35665 45.35501 14.35672 45.35407 14.35678 45.3536 14.35682 45.35308 14.35701 45.35265 14.35709 45.35333 14.35566 45.35372 14.35493 45.35402 14.35452 45.35435 14.3537 45.35463 14.3527 45.35464 14.35167 45.35479 14.35062 45.35499 14.34962 45.35497 14.34887 45.35523 14.34807 45.35567 14.34715 45.35651 14.34544 45.35727 14.34362 45.35893 14.34033 45.35972 14.33846 45.35996 14.33802 45.35895 14.33714 45.35815 14.33643 45.35801 14.33644 45.3574 14.33659 45.35718 14.33658 45.35694 14.33622 45.35661 14.33575 45.35659 14.33573 45.35627 14.33532 45.3561 14.33513 45.35588 14.33501 45.35599 14.33471 45.35611 14.33441 45.35619 14.33411 45.35626 14.33382 45.35617 14.33365 45.35615 14.33362 45.35609 14.33353 45.35581 14.33316 45.35556 14.33284 45.35534 14.33269 45.35525 14.33241 45.35523 14.3324 45.35512 14.33232 45.35499 14.33222 45.35489 14.3321 45.35471 14.332 45.35373 14.33201 45.35292 14.33222 45.3523 14.33241 45.35224 14.33249 45.35225 14.33281 45.35223 14.33289 45.35187 14.33341 45.35178 14.33377 45.35175 14.33406 45.35179 14.33441 45.3518 14.33453 45.35184 14.33466 45.35189 14.33491 45.35193 14.33505 45.35195 14.33514 45.35193 14.33526 45.35184 14.3354 45.35179 14.33553 45.35179 14.33573 45.35187 14.33594 45.35187 14.33601 45.3518 14.33614 45.35182 14.33691 45.35175 14.33706 45.35164 14.33714 45.35096 14.3372 45.35078 14.3373 45.35065 14.33753 45.35067 14.33792 45.35067 14.33804 45.35064 14.3381 45.35053 14.33815 45.35046 14.33815 45.35037 14.33828 45.3503 14.33853 45.35023 14.33864 45.35021 14.33877 45.35023 14.33892 45.35024 14.33907 45.35021 14.33912 45.3501 14.33915 45.35004 14.33926 45.35002 14.33951 45.34987 14.33969 45.34987 14.33979 45.3499 14.33986 45.34993 14.33991 45.34991 14.34002 45.34982 14.34015 45.34982 14.3404 45.34995 14.34073 45.34995 14.34096 45.35002 14.34109 45.35008 14.34129 45.35008 14.3416 45.35012 14.3417 45.35012 14.34185 45.35008 14.34193 45.35002 14.342 45.34985 14.34198 45.34972 14.34198 45.34953 14.34211 45.34941 14.3422 45.34923 14.34241 45.34922 14.34255 45.34925 14.34269 45.34923 14.34283 45.34912 14.34289 45.34899 14.34291 45.34853 14.34361 45.34849 14.34376 45.34831 14.34399 45.34824 14.34422 45.34823 14.34453 45.34816 14.34466 45.34814 14.34489 45.34801 14.34514 45.34798 14.34596 45.34795 14.34622 45.34788 14.3464 45.34773 14.3466 45.34756 14.34696 45.34749 14.34706 45.3474 14.34712 45.34727 14.3473 45.34722 14.34748 45.34708 14.34771 45.34704 14.34781 45.34705 14.34799 45.34702 14.34809 45.34697 14.34817 45.34679 14.34865 45.34665 14.34895 45.34665 14.34917 45.34661 14.34945 45.34653 14.34963 45.34649 14.34975 45.34649 14.34988 45.34645 14.35002 45.34632 14.35037 45.3463 14.3507 45.34625 14.35093 45.34614 14.35116 45.34609 14.35137 45.34591 14.35173 45.34584 14.35229 45.34579 14.35242 45.34563 14.35234 45.34557 14.35242 45.34557 14.35256 45.34557 14.35257 45.34563 14.3528 45.34559 14.35296 45.34543 14.35319 45.34546 14.35355 45.34545 14.35367 45.34531 14.35388 45.3453 14.35399 45.34534 14.35406 45.34535 14.35416 45.34526 14.35439 45.34526 14.35467 45.34548 14.35495 45.34556 14.35509 45.34559 14.35523 45.34555 14.35537 45.34534 14.35574 45.34512 14.356 45.34511 14.35615 45.34498 14.35638 45.34495 14.35664 45.34486 14.35674 45.34481 14.35687 45.34473 14.35697 45.34461 14.35705 45.34454 14.35705 45.34439 14.35721 45.34434 14.35736 45.34409 14.35772 45.34406 14.35787 45.34401 14.35794 45.34395 14.35795 45.34382 14.35818 45.34375 14.35821 45.34366 14.35834 45.34363 14.35859 45.3434 14.3589 45.34336 14.35918 45.34327 14.35949 45.34327 14.35969 45.34315 14.36018 45.34317 14.36042 45.34315 14.36054 45.34308 14.36064 45.34299 14.36069 45.3429 14.36074 45.34276 14.36095 45.34265 14.36121 45.3426 14.36149 45.34262 14.36187 45.34275 14.36215 45.34304 14.36246 45.34316 14.36266 45.34322 14.36278 45.34326 14.36299 45.34324 14.36308 45.34318 14.36312 45.34309 14.36312 45.34266 14.36312 45.34234 14.36325 45.34225 14.36333 45.34213 14.36354 45.34202 14.36359 45.34193 14.36382 45.34193 14.36405 45.34204 14.36445 45.34202 14.36479 45.34181 14.3651 45.34176 14.36527 45.3417 14.36556 45.3417 14.36563 45.34169 14.36604 45.34162 14.36625 45.34162 14.36642 45.34165 14.36662 45.34161 14.36678 45.34153 14.36689 45.34135 14.36715 45.34119 14.36767 45.34112 14.36783 45.34103 14.36794 45.34098 14.36807 45.34096 14.3684 45.34091 14.36868 45.34091 14.36914 45.34102 14.36929 45.34117 14.36939 45.34123 14.36943 45.34123 14.36954 45.34128 14.36959 45.34137 14.36967 45.34135 14.36977 45.34124 14.36998 45.34124 14.37003 45.34135 14.3702 45.3414 14.37043 45.34147 14.37059 45.34147 14.37065 45.34147 14.37066 45.3414 14.37075 45.34129 14.37083 45.34112 14.371 45.34099 14.37113 45.34086 14.37128 45.34081 14.37144 45.34081 14.37164 45.34083 14.3718 45.34084 14.37198 45.34083 14.37217 45.34078 14.3723 45.34071 14.37239 45.34063 14.37243 45.34052 14.37243 45.34042 14.37246 45.34036 14.37262 45.34034 14.37273 45.3403 14.37282 45.34023 14.37291 45.34019 14.37302 45.34021 14.37318 45.34023 14.37334 45.34022 14.37353 45.34023 14.37371 45.34023 14.37392 45.34016 14.37422 45.34011 14.37451 45.34006 14.37465 45.33997 14.37484 45.33989 14.37503 45.3398 14.37519 45.33976 14.37531 45.33975 14.37539 45.33973 14.37544 45.33966 14.37551 45.33961 14.37555 45.33956 14.37561 45.33956 14.37563 45.33956 14.37569 45.3396 14.37577 45.33965 14.37584 45.3397 14.37588 45.33971 14.37593 45.33968 14.37601 45.33963 14.37606 45.3396 14.37616 45.33965 14.37623 45.33972 14.37635 45.33971 14.37641 45.33965 14.37648 45.33952 14.37652 45.33939 14.37663 45.33922 14.37688 45.33911 14.37709 45.33905 14.37725 45.33901 14.3774 45.339 14.37748 45.33904 14.37765 45.33913 14.37793 45.33922 14.37825 45.33925 14.37836 45.33925 14.37845 45.33922 14.3786 45.33916 14.37883 45.33914 14.37891 45.33911 14.37905 45.33895 14.379 45.33879 14.37895 45.33882 14.37841 45.33882 14.37814 45.3387 14.37813 45.33868 14.37876 45.33866 14.37908 45.33877 14.37911 45.33899 14.37919 45.33905 14.37935 45.33904 14.37956 45.33901 14.37969 45.3389 14.3799 45.33872 14.38015 45.33864 14.38033 45.33857 14.38047 45.33847 14.38057 45.3384 14.38067 45.3384 14.38078 45.33839 14.38096 45.33837 14.38121 45.33835 14.38134 45.33828 14.38159 45.33822 14.38191 45.33817 14.38216 45.33814 14.38259 45.33812 14.38288 45.3381 14.38308 45.33796 14.3833 45.33784 14.3836 45.33777 14.38397 45.33776 14.38413 45.33772 14.38429 45.33766 14.3844 45.33763 14.38453 45.33763 14.38468 45.33762 14.38485 45.33757 14.38496 45.33749 14.38508 45.33745 14.38518 45.33744 14.38537 45.33742 14.3859 45.33742 14.3861 45.3375 14.38629 45.33754 14.3864 45.33756 14.38654 45.33755 14.38666 45.33749 14.38674 45.33736 14.38685 45.33726 14.38705 45.33722 14.38723 45.33723 14.38737 45.33723 14.38755 45.33732 14.38784 45.33738 14.38801 45.33739 14.38821 45.33734 14.38844 45.33725 14.38858 45.33712 14.38862 45.33682 14.38861 45.33676 14.38893 45.33635 14.38884 45.33635 14.3884 45.33642 14.38815 45.33634 14.3881 45.33624 14.38836 45.33619 14.38932 45.33627 14.38932 45.33629 14.38939 45.33621 14.38946 45.33655 14.39025 45.33667 14.39054 45.33646 14.39074 45.33632 14.39046 45.33617 14.39059 45.33634 14.39102 45.336 14.39134 45.33655 14.39274 45.33635 14.39289 45.33645 14.39317 45.33619 14.39335 45.33601 14.3929 45.33588 14.39298 45.33667 14.39649 45.33619 14.39672 45.33555 14.39399 45.33537 14.39398 45.33505 14.39275 45.33503 14.39256 45.33504 14.3924 45.33519 14.39184 45.33506 14.39176 45.33486 14.39243 45.33484 14.39259 45.33487 14.3928 45.33521 14.39405 45.33519 14.39445 45.33514 14.39495 45.3351 14.39526 45.33503 14.39559 45.33502 14.39577 45.33503 14.39586 45.33523 14.39616 45.33523 14.39729 45.33521 14.39973 45.33521 14.39992 45.33476 14.39993 45.33475 14.40021 45.33526 14.4002 45.33526 14.40082 45.33486 14.40083 45.33486 14.40175 45.33449 14.40177 45.33449 14.401 45.33462 14.40098 45.33462 14.4007 45.33455 14.4007 45.33456 14.39988 45.33448 14.39968 45.33436 14.39981 45.33441 14.39998 45.33438 14.40078 45.33435 14.4019 45.33433 14.4033 45.33424 14.40347 45.33412 14.40345 45.33394 14.40373 45.33412 14.40401 45.33427 14.4039 45.33426 14.40449 45.33422 14.4046 45.33395 14.40503 45.33391 14.40521 45.33391 14.40599 45.33393 14.4061 45.33406 14.40642 45.3343 14.40685 45.3344 14.40703 45.33443 14.40717 45.33445 14.40918 45.33443 14.40944 45.33443 14.40954 45.33436 14.40994 45.33428 14.41031 45.33406 14.41084 45.33374 14.41139 45.3339 14.41159 45.33395 14.41145 45.33415 14.41161 45.33345 14.41377 45.33304 14.41356 45.33265 14.41335 45.3326 14.41323 45.33256 14.41314 45.33265 14.41256 45.33275 14.4126 45.33282 14.4123 45.33274 14.41227 45.33278 14.41208 45.33286 14.4121 45.33293 14.41175 45.33284 14.41171 45.33286 14.41156 45.33296 14.41158 45.33298 14.41129 45.3329 14.41128 45.33292 14.41103 45.33293 14.41078 45.33282 14.41077 45.33278 14.41128 45.33278 14.41148 45.33254 14.41261 45.33246 14.41304 45.33246 14.41322 45.33252 14.41339 45.33266 14.41354 45.33281 14.41366 45.33267 14.41414 45.3326 14.41436 45.33216 14.41578 45.33212 14.41605 45.33207 14.41645 45.33177 14.41733 45.33167 14.41768 45.33151 14.41803 45.33142 14.41853 45.33134 14.41915 45.33133 14.41949 45.33127 14.41971 45.33122 14.42 45.33122 14.42019 45.3312 14.4203 45.33113 14.4205 45.33093 14.42083 45.33084 14.42098 45.33078 14.42103 45.33076 14.42104 45.3306 14.421 45.3304 14.42091 45.32993 14.42089 45.32959 14.42096 45.32949 14.42105 45.32941 14.42118 45.32936 14.42142 45.32933 14.42169 45.33059 14.4223 45.33025 14.42391 45.33016 14.42436 45.32987 14.42601 45.32973 14.42668 45.32882 14.42605 45.32848 14.42696 45.3294 14.4277 45.32865 14.42999 45.32832 14.43102 45.32824 14.43126 45.32809 14.43168 45.32674 14.43077 45.32635 14.43186 45.32797 14.43308 45.32707 14.43568 45.32592 14.43489 45.32555 14.43585 45.32681 14.4367 45.3265 14.43757 45.32696 14.43793 45.32671 14.4386 45.32617 14.43824 45.32593 14.43878 45.32651 14.43918 45.3263 14.43973 45.32617 14.44009 45.32567 14.4398 45.32555 14.44099 45.32582 14.44118 45.32568 14.44151 45.32551 14.4419 45.3247 14.44124 45.32409 14.4407 45.32391 14.44054 45.32391 14.43989 45.32406 14.43982 45.32405 14.43869 45.32411 14.4383 45.32414 14.43765 45.32434 14.43491 45.32445 14.43331 45.32456 14.43201 45.32468 14.43152 45.32479 14.43123 45.32553 14.42903 45.32581 14.42823 45.32601 14.42758 45.32654 14.42593 45.32663 14.42566 45.32672 14.42492 45.32681 14.42403 45.32715 14.42096 45.3272 14.42056 45.3272 14.42022 45.32714 14.41928 45.32696 14.41932 45.32702 14.42031 45.32702 14.4206 45.32696 14.42119 45.32646 14.42555 45.32636 14.42587 45.32596 14.42705 45.32498 14.4299 45.32433 14.43196 45.32425 14.43221 45.32422 14.4325 45.32419 14.43318 45.32385 14.43793 45.32376 14.43862 45.32363 14.43875 45.32302 14.43882 45.32309 14.4391 45.3236 14.43912 45.32354 14.43999 45.32352 14.44018 45.32375 14.44003 45.32375 14.44034 45.32355 14.44042 45.32347 14.44066 45.32329 14.44144 45.32289 14.44305 45.32288 14.44312 45.32318 14.44381 45.32305 14.44424 45.32298 14.44414 45.32295 14.4444 45.32266 14.44408 45.32194 14.44332 45.32196 14.44324 45.32221 14.44212 45.32199 14.44192 45.32165 14.44286 45.32163 14.44291 45.32144 14.44272 45.32145 14.44262 45.32168 14.44108 45.32193 14.43944 45.32202 14.43887 45.32253 14.43893 45.32254 14.43874 45.32201 14.43864 45.32171 14.43785 45.3216 14.43793 45.32184 14.43865 45.32151 14.44105 45.32124 14.44254 45.3212 14.44285 45.32126 14.44327 45.3217 14.44524 45.32197 14.44639 45.32204 14.44698 45.32203 14.44783 45.32199 14.44799 45.32178 14.44852 45.32166 14.44894 45.32252 14.44968 45.32263 14.4497 45.32272 14.45013 45.32221 14.45011 45.32219 14.45068 45.32193 14.45062 45.32192 14.45077 45.32213 14.45086 45.32192 14.45198 45.3218 14.45194 45.32178 14.45211 45.32188 14.45216 45.32167 14.45354 45.32158 14.45362 45.32153 14.45374 45.3215 14.45383 45.32149 14.45397 45.32151 14.4541 45.32155 14.45423 45.32155 14.45434 45.3215 14.45474 45.32146 14.45486 45.3214 14.45498 45.32125 14.45512 45.32111 14.45536 45.32102 14.45554 45.32091 14.45597 45.3209 14.4563 45.32093 14.45679 45.32104 14.45715 45.32118 14.45743 45.32123 14.4576 45.32124 14.45804 45.32122 14.45851 45.3212 14.45867 45.32118 14.45881 45.32111 14.45909 45.321 14.45947 45.32074 14.45999 45.3204 14.46067 45.32003 14.46124 45.31988 14.46157 45.31977 14.46145 45.31969 14.46157 45.3198 14.46171 45.31968 14.46191 45.31955 14.46226 45.31941 14.46266 45.31931 14.46289 45.31923 14.46304 45.31904 14.46317 45.3189 14.4633 45.3188 14.46352 45.31876 14.46373 45.3187 14.4639 45.31871 14.46421 45.31862 14.46447 45.31847 14.46473 45.31839 14.46483 45.31832 14.46485 45.31818 14.4649 45.31806 14.46505 45.31798 14.46514 45.31794 14.46529 45.31792 14.4655 45.31787 14.46571 45.31777 14.46596 45.31769 14.46615 45.31761 14.46621 45.31745 14.46631 45.31716 14.46637 45.31699 14.46642 45.31686 14.46659 45.3168 14.46665 45.3167 14.4667 45.31663 14.46684 45.31651 14.46692 45.31626 14.46705 45.3161 14.46714 45.31597 14.46725 45.31593 14.46737 45.3159 14.46749 45.31576 14.46766 45.31567 14.46776 45.31566 14.46808 45.3157 14.46833 45.31568 14.4686 45.31559 14.469 45.31552 14.46922 45.31543 14.46937 45.31531 14.46939 45.31519 14.46945 45.31505 14.46947 45.31491 14.46949 45.31477 14.46959 45.31471 14.46973 45.31462 14.46987 45.31448 14.46996 45.3143 14.47002 45.31415 14.47008 45.31401 14.4702 45.31392 14.47037 45.31387 14.47053 45.31401 14.47059 45.31394 14.47078 45.31368 14.47088 45.31384 14.47019 45.31374 14.47016 45.31358 14.47069 45.31338 14.4712 45.31326 14.47146 45.31311 14.47163 45.31297 14.47185 45.31278 14.47215 45.31258 14.47242 45.31246 14.47258 45.31237 14.47295 45.31221 14.47358 45.31207 14.47399 45.31183 14.47457 45.31184 14.47462 45.31212 14.47439 45.31221 14.47453 45.31199 14.47479 45.31204 14.47488 45.3123 14.47464 45.31239 14.47477 45.3121 14.47506 45.31204 14.47506 45.31175 14.47463 45.31176 14.47445 45.31167 14.47445 45.31167 14.47464 45.3117 14.47477 45.31202 14.47525 45.31209 14.47555 45.31212 14.47564 45.31226 14.47563 45.31243 14.47566 45.31251 14.47573 45.31255 14.47586 45.31255 14.47601 45.31263 14.47618 45.31274 14.47629 45.31282 14.47639 45.31288 14.4766 45.31304 14.47677 45.31316 14.47688 45.31326 14.47681 45.3134 14.4767 45.31368 14.47624 45.3139 14.47642 45.31405 14.47649 45.3143 14.47644 45.31533 14.4759 45.31596 14.47549 45.31614 14.47549 45.31622 14.4755 45.31625 14.47557 45.31641 14.47589 45.31637 14.47604 45.31632 14.47626 45.31601 14.47676 45.31562 14.47746 45.31532 14.47806 45.31524 14.47863 45.3155 14.47922 45.31579 14.47996 45.31599 14.48022 45.3163 14.48062 45.31647 14.48029 45.31684 14.48064 45.31714 14.48085 45.31732 14.48101 45.31775 14.48095 45.31795 14.48108 45.31838 14.48145 45.31871 14.48134 45.31884 14.48239 45.31906 14.48306 45.31931 14.48365 45.31937 14.48423 45.31951 14.48469 45.3196 14.48527 45.31961 14.48532 45.31961 14.48547 45.3196 14.4859 45.31956 14.48658 45.3195 14.48716 45.31969 14.48786 45.31971 14.48796 45.31957 14.48891 45.31841 14.49075 45.31874 14.49116 45.31887 14.49133 45.31888 14.49152 45.31895 14.49333 45.31899 14.49452 45.31891 14.49469 45.31886 14.4948 45.3187 14.49512 45.3186 14.49533 45.31842 14.49569 45.31798 14.4966 45.31752 14.49762 45.31702 14.4984 45.3165 14.49917 45.31575 14.49998 45.31536 14.50074 45.31531 14.50132 45.31495 14.50264 45.31469 14.50351 45.31423 14.50408 45.31398 14.50475 45.31373 14.50568 45.31334 14.50711 45.3133 14.5072 45.3132 14.5074 45.31298 14.50788 45.31265 14.50844 45.31248 14.50917 45.31218 14.51032 45.31184 14.51112 45.31141 14.51214 45.3113 14.51274 45.31118 14.51335 45.3111 14.51397 45.3111 14.51519 45.31129 14.51615 45.31153 14.51753 45.31154 14.51755 45.31167 14.51801 45.31182 14.51852 45.31182 14.51873 45.31181 14.51901 45.31174 14.51963 45.31146 14.52021 45.31121 14.52055 45.31088 14.52088 45.31063 14.52131 45.31059 14.52177 45.31056 14.52201 45.3095 14.5228 45.30895 14.52314 45.30831 14.5236 45.30787 14.52383 45.30744 14.52414 45.3074 14.52414 45.30884 14.52772 45.30909 14.52797 45.30944 14.52855 45.30973 14.52977 45.30995 14.52901 45.31017 14.52925 45.31046 14.52993 45.31072 14.52998 45.31138 14.53 45.31162 14.52982 45.31342 14.53221 45.31384 14.53247 45.31386 14.53234 45.31395 14.53133 45.31423 14.53058 45.31441 14.53042 45.31477 14.53059 45.31501 14.53067 45.31522 14.53072 45.31544 14.53066 45.31556 14.53053 45.31565 14.53027 45.31565 14.53004 45.3156 14.52971 45.31548 14.52927 45.3158 14.52886 45.31619 14.52833 45.31663 14.52764 45.31675 14.52756 45.3169 14.52747 45.31662 14.52615 45.31638 14.5254 45.31601 14.52426 45.31574 14.52373 45.31535 14.5227 45.31513 14.52185 45.31541 14.52164 45.31606 14.52124 45.31667 14.5209 45.31708 14.52058 45.31755 14.51989 45.31783 14.5191 45.31824 14.51808 45.31864 14.51675 45.31889 14.51569 45.31912 14.51457 45.31947 14.51334 45.31971 14.51296 45.31972 14.51294 45.31974 14.51291 45.32018 14.51204 45.32061 14.51118 45.32106 14.51043 45.32153 14.50952 45.32203 14.50856 45.32242 14.50783 45.32281 14.50747 45.32328 14.50712 45.32351 14.50678 45.32365 14.50612 45.32382 14.50546 45.32414 14.50496 45.32458 14.50442 45.32461 14.50436 45.32485 14.5037 45.3251 14.50272 45.32531 14.50214 45.32547 14.50171 45.32591 14.50091 45.32656 14.49968 45.32709 14.49887 45.32764 14.49805 45.32808 14.49712 45.32855 14.49589 45.32882 14.49533 45.32914 14.49467 45.32965 14.49389 45.33007 14.49308 45.33018 14.49288 45.33056 14.49215 45.33094 14.49139 45.33125 14.49063 45.33158 14.48965 45.33211 14.48847 45.33279 14.48757 45.33347 14.4867 45.33474 14.48525 45.33545 14.48491 45.33611 14.48444 45.33696 14.48387 45.33772 14.48315 45.33825 14.4829 45.33905 14.48287 45.33938 14.48291 45.33977 14.48223 45.34025 14.4815 45.34103 14.48052 45.34156 14.47961 45.34204 14.47845 45.34303 14.47619 45.34402 14.47555 45.34432 14.47595 45.34448 14.47622 45.34466 14.4763 45.34477 14.47625 45.34477 14.47593 45.34477 14.47591 45.34476 14.47591 45.34473 14.47583 45.3447 14.47574 45.3446 14.47537 45.34454 14.4751 45.34462 14.47472 45.3448 14.47451 45.345 14.47445 45.34519 14.47435 45.34572 14.47409 45.34676 14.47377 45.34768 14.47341 45.34788 14.47343 45.3482 14.47345 45.3485 14.47362 45.34858 14.47382 45.34866 14.474 45.34925 14.47382 45.3494 14.474 45.34951 14.47374 45.35034 14.47347 45.3512 14.47338 45.352 14.47318 45.35286 14.47288 45.35384 14.47227 45.35479 14.47185 45.35523 14.47165 45.3558 14.47136 45.3562 14.47109 45.35651 14.47078 45.35703 14.47007 45.3574 14.4696 45.35803 14.46899 45.35826 14.46857 45.35832 14.46792 45.35834 14.46745 45.35835 14.46714 45.35836 14.46692 45.35835 14.46685 45.35834 14.46678 45.35831 14.46661 45.35828 14.4664 45.35822 14.46568 45.35819 14.46524 45.35781 14.4649 45.35759 14.46427 45.35743 14.46385 45.35717 14.46352 45.35686 14.46362 45.35667 14.46366 45.35648 14.46348 45.35654 14.46294 45.35663 14.46219 45.35668 14.4616 45.35672 14.46073 45.357 14.46092 45.35729 14.46113 45.35749 14.46084 45.35772 14.4608 45.35823 14.46028 45.35881 14.45961 45.35931 14.45898 45.35988 14.45834 45.36044 14.45767 45.36087 14.45732 45.36093 14.45722 45.36128 14.45673 45.36136 14.45662 45.36135 14.45657 45.36128 14.45632 45.36123 14.45581 45.36133 14.45538 45.36141 14.45499 45.36143 14.45483 45.36145 14.45459 45.36128 14.45423 45.36087 14.45371 45.36053 14.45323 45.36016 14.45277 45.35987 14.45258 45.35951 14.45268 45.35897 14.45292 45.35886 14.45252 45.35883 14.45216 45.35876 14.45177 45.35861 14.45117 45.35857 14.45067 45.35855 14.45003 45.35846 14.44943 45.35832 14.44903 45.35816 14.44849 45.35818 14.44794 45.35812 14.44728 45.35869 14.44672 45.35895 14.44638 45.35931 14.4459 45.35988 14.44577 45.36048 14.44606 45.36107 14.44637 45.36152 14.4464 45.36185 14.44599 45.3622 14.44554 45.36309 14.44506 45.3638 14.44508 45.3643 14.4447 45.36465 14.44452 45.36517 14.44379 45.36559 14.44335 45.36605 14.44267 45.36665 14.44243 45.3672 14.44257 45.36796 14.44287 45.36911 14.44171 45.37 14.44144 45.37132 14.44102 45.37239 14.44069 45.37301 14.44046 45.37364 14.44009 45.37441 14.43994 45.3749 14.44026 45.37524 14.44084 45.37602 14.4397 45.37638 14.43855</gml:posList>
                        </gml:LinearRing>
                      </gml:exterior>
                    </gml:Polygon>
                  </gml:surfaceMember>
                  <gml:surfaceMember>
                    <gml:Polygon gml:id="MEDIA_MONITORED_CILJ_ID_1_CILJ_ID_5_POLUTANT_1_MODEL_201">
                      <gml:exterior>
                        <gml:LinearRing>
                          <gml:posList srsDimension="2">45.2453 14.55933 45.24532 14.55933 45.24538 14.55932 45.24545 14.55926 45.24554 14.55921 45.24558 14.55916 45.24566 14.55905 45.24575 14.55898 45.24579 14.559 45.24587 14.55903 45.2459 14.55896 45.2459 14.55893 45.24589 14.55885 45.24587 14.55873 45.2458 14.5587 45.24573 14.55868 45.24566 14.55872 45.24556 14.55877 45.24545 14.55876 45.24538 14.55889 45.24535 14.55904 45.24533 14.55913 45.24529 14.55921 45.24528 14.55927 45.2453 14.55933</gml:posList>
                        </gml:LinearRing>
                      </gml:exterior>
                    </gml:Polygon>
                  </gml:surfaceMember>
                  <gml:surfaceMember>
                    <gml:Polygon gml:id="MEDIA_MONITORED_CILJ_ID_1_CILJ_ID_5_POLUTANT_1_MODEL_202">
                      <gml:exterior>
                        <gml:LinearRing>
                          <gml:posList srsDimension="2">45.31957 14.48891 45.31971 14.48796 45.31969 14.48786 45.3195 14.48716 45.31956 14.48658 45.3196 14.4859 45.31961 14.48547 45.31961 14.48532 45.3196 14.48527 45.31951 14.48469 45.31937 14.48423 45.31931 14.48365 45.31906 14.48306 45.31884 14.48239 45.31871 14.48134 45.31838 14.48145 45.31795 14.48108 45.31775 14.48095 45.31732 14.48101 45.31714 14.48085 45.31684 14.48064 45.31647 14.48029 45.3163 14.48062 45.31599 14.48022 45.31579 14.47996 45.3155 14.47922 45.31524 14.47863 45.31532 14.47806 45.31562 14.47746 45.31601 14.47676 45.31632 14.47626 45.31637 14.47604 45.31641 14.47589 45.31625 14.47557 45.31622 14.4755 45.31614 14.47549 45.31596 14.47549 45.31533 14.4759 45.3143 14.47644 45.31405 14.47649 45.3139 14.47642 45.31368 14.47624 45.3134 14.4767 45.31326 14.47681 45.31316 14.47688 45.31334 14.47705 45.31337 14.47717 45.31346 14.47731 45.31352 14.47745 45.31354 14.47764 45.31354 14.47782 45.31368 14.47799 45.31377 14.47787 45.31394 14.47803 45.3139 14.47816 45.31404 14.47828 45.31409 14.47816 45.31427 14.47833 45.31423 14.47842 45.31434 14.47852 45.31455 14.47812 45.31474 14.47805 45.31483 14.47807 45.31491 14.47813 45.31494 14.4782 45.31491 14.47836 45.31481 14.47851 45.31487 14.47863 45.31499 14.47847 45.31509 14.4786 45.31506 14.47867 45.3151 14.47907 45.31517 14.47961 45.31488 14.47919 45.31478 14.47937 45.3154 14.48038 45.31603 14.48139 45.31618 14.48162 45.31587 14.48216 45.31539 14.48163 45.31557 14.48125 45.31454 14.48007 45.31444 14.48008 45.31402 14.48075 45.31404 14.48086 45.3152 14.48217 45.3153 14.48217 45.31539 14.48214 45.31543 14.48207 45.31544 14.48199 45.31544 14.48185 45.31583 14.48229 45.31576 14.48238 45.31583 14.48249 45.31562 14.48288 45.31551 14.48275 45.31539 14.48293 45.31547 14.48305 45.31536 14.48321 45.31524 14.48324 45.31509 14.48341 45.31399 14.4821 45.31307 14.48101 45.31288 14.48079 45.31209 14.47984 45.31157 14.47922 45.31141 14.47938 45.31141 14.4792 45.31126 14.47919 45.31126 14.47934 45.31115 14.47929 45.31109 14.47927 45.31099 14.47927 45.31088 14.47933 45.31074 14.4794 45.31107 14.47699 45.31093 14.47694 45.31059 14.47923 45.31047 14.4793 45.31031 14.4795 45.31018 14.47975 45.31011 14.47995 45.31004 14.48027 45.30996 14.48057 45.30985 14.48079 45.30972 14.481 45.30946 14.48132 45.30929 14.48157 45.30915 14.48185 45.3091 14.48195 45.30905 14.48218 45.30879 14.48216 45.30879 14.48231 45.30898 14.48235 45.30891 14.48258 45.3088 14.48285 45.30868 14.48308 45.30855 14.48335 45.30826 14.48382 45.3078 14.48453 45.30754 14.48499 45.3073 14.4853 45.3072 14.48545 45.30714 14.48554 45.30713 14.48562 45.30713 14.48565 45.30715 14.48573 45.30714 14.48588 45.30713 14.48611 45.30713 14.48626 45.30716 14.48646 45.30727 14.48669 45.30737 14.48695 45.30743 14.48713 45.30759 14.48732 45.3078 14.4875 45.30795 14.48764 45.30805 14.48779 45.30809 14.48792 45.30808 14.48804 45.30802 14.48816 45.30802 14.48817 45.3078 14.48849 45.30768 14.48866 45.30763 14.48873 45.30757 14.48875 45.30755 14.48875 45.30754 14.48857 45.30746 14.48858 45.30746 14.48873 45.30733 14.48873 45.30734 14.48858 45.30724 14.48859 45.30724 14.48875 45.30718 14.48872 45.30713 14.48863 45.30707 14.4884 45.30702 14.48829 45.30699 14.48818 45.30699 14.48808 45.30696 14.48807 45.3069 14.48807 45.30684 14.48812 45.30676 14.48817 45.30662 14.48818 45.30642 14.48815 45.30626 14.4881 45.30616 14.48799 45.30607 14.48779 45.30601 14.48766 45.30592 14.48756 45.30569 14.48746 45.30529 14.48727 45.30521 14.48727 45.30513 14.48733 45.30508 14.48742 45.30498 14.48754 45.30495 14.48756 45.30485 14.48763 45.30468 14.48781 45.30459 14.48786 45.3045 14.48785 45.30443 14.48786 45.30437 14.48795 45.30428 14.48807 45.30424 14.48811 45.30416 14.48812 45.30399 14.48807 45.30366 14.48804 45.30333 14.48798 45.30316 14.488 45.30305 14.48802 45.30291 14.48811 45.30274 14.48829 45.30246 14.48871 45.30232 14.48891 45.30221 14.48899 45.30201 14.48909 45.3018 14.4892 45.30161 14.48936 45.30142 14.4895 45.3013 14.48967 45.30104 14.48995 45.30084 14.4901 45.30072 14.49021 45.30064 14.49034 45.3006 14.4904 45.30054 14.49045 45.30048 14.49048 45.30041 14.49052 45.30037 14.49057 45.30035 14.49066 45.30033 14.49076 45.30027 14.49087 45.30018 14.49094 45.30009 14.49097 45.30001 14.491 45.29996 14.49105 45.29994 14.49111 45.2999 14.49125 45.29987 14.49136 45.29977 14.49148 45.29959 14.49171 45.29949 14.49184 45.29934 14.49195 45.29923 14.49201 45.2991 14.49205 45.29898 14.49209 45.29893 14.49213 45.29887 14.49222 45.29877 14.49238 45.29868 14.49248 45.29855 14.49255 45.29846 14.49259 45.29836 14.49263 45.29825 14.49268 45.29806 14.49294 45.29803 14.49311 45.29798 14.49327 45.29789 14.49343 45.29769 14.49355 45.29759 14.49362 45.29752 14.49372 45.29752 14.49393 45.29757 14.49433 45.2977 14.49484 45.29787 14.49536 45.29799 14.49549 45.29802 14.49561 45.29801 14.49574 45.29798 14.49576 45.29792 14.49582 45.29777 14.49579 45.2972 14.49554 45.29691 14.49552 45.29662 14.4956 45.29641 14.49588 45.29628 14.49603 45.29617 14.49624 45.29608 14.49637 45.29587 14.49652 45.29558 14.49655 45.29536 14.49668 45.29529 14.49681 45.29526 14.49706 45.29517 14.49732 45.29512 14.4974 45.29494 14.49742 45.29481 14.49763 45.29478 14.49773 45.29478 14.49783 45.29481 14.49791 45.29483 14.49803 45.2948 14.49819 45.29463 14.49827 45.29454 14.49837 45.29453 14.49873 45.29437 14.49898 45.29423 14.49952 45.29421 14.49999 45.29421 14.50003 45.29427 14.50014 45.29439 14.50029 45.29443 14.50041 45.29439 14.50059 45.29434 14.50064 45.29423 14.50087 45.29418 14.50118 45.2942 14.50212 45.29422 14.50229 45.29428 14.50248 45.29431 14.50266 45.29427 14.50276 45.29423 14.50285 45.2942 14.50292 45.29419 14.50304 45.29412 14.50332 45.2939 14.50371 45.29385 14.50388 45.29383 14.50416 45.29385 14.50438 45.29388 14.5045 45.29387 14.50467 45.2938 14.50478 45.29362 14.50488 45.29355 14.50501 45.29348 14.50526 45.29335 14.50555 45.29335 14.50578 45.29339 14.50592 45.29335 14.506 45.29329 14.50605 45.29323 14.50604 45.29317 14.50601 45.29305 14.50601 45.29295 14.50594 45.29285 14.50593 45.29272 14.50596 45.29262 14.50601 45.29247 14.50619 45.29233 14.50663 45.29228 14.50708 45.29215 14.50754 45.29205 14.50829 45.29193 14.50872 45.29195 14.50913 45.29198 14.50923 45.29213 14.50943 45.29214 14.5095 45.29213 14.50964 45.29207 14.50979 45.292 14.50983 45.29184 14.50982 45.29177 14.50987 45.29163 14.5101 45.29159 14.51031 45.29153 14.51037 45.29144 14.5103 45.29136 14.51033 45.29121 14.51064 45.2911 14.51083 45.29105 14.511 45.29098 14.51143 45.29073 14.5121 45.29068 14.51235 45.2905 14.51286 45.29043 14.51297 45.29036 14.5132 45.29034 14.51335 45.29038 14.51342 45.29038 14.51353 45.29035 14.51357 45.29029 14.5136 45.2902 14.51378 45.29018 14.51392 45.29019 14.51413 45.29017 14.51427 45.2901 14.51437 45.28981 14.51432 45.28974 14.51437 45.28972 14.51445 45.28959 14.51453 45.2895 14.51476 45.28952 14.51495 45.28956 14.51506 45.28954 14.51517 45.28946 14.51521 45.28942 14.51524 45.28936 14.51528 45.28913 14.51542 45.28899 14.51571 45.28877 14.51594 45.28874 14.51604 45.28875 14.5163 45.28877 14.51636 45.28875 14.51642 45.28868 14.51642 45.2885 14.51655 45.288 14.51712 45.28775 14.5173 45.28761 14.51745 45.28755 14.51758 45.28759 14.51783 45.28758 14.51791 45.28756 14.51801 45.28743 14.51809 45.28736 14.51809 45.28705 14.51837 45.28682 14.51852 45.28661 14.51881 45.28643 14.51894 45.28619 14.5192 45.286 14.51953 45.28592 14.51966 45.28567 14.51984 45.28551 14.52006 45.28535 14.52031 45.2852 14.52073 45.28494 14.52145 45.28475 14.52181 45.28468 14.52214 45.28455 14.52233 45.28442 14.52247 45.2843 14.52265 45.28414 14.52317 45.28413 14.52355 45.28412 14.52368 45.28426 14.52438 45.28438 14.52445 45.28449 14.52453 45.28467 14.52456 45.28467 14.52433 45.28453 14.52434 45.28452 14.52407 45.28443 14.52404 45.28446 14.52385 45.28462 14.52387 45.28461 14.52367 45.28476 14.52368 45.28472 14.524 45.2848 14.52405 45.28484 14.5238 45.28492 14.52397 45.28497 14.52448 45.28497 14.52492 45.28492 14.52517 45.28485 14.5254 45.28467 14.52579 45.28449 14.5262 45.28444 14.52631 45.28433 14.52663 45.28423 14.52686 45.28413 14.52698 45.28401 14.52714 45.28387 14.52735 45.28376 14.52748 45.28369 14.52781 45.28364 14.52804 45.28361 14.52914 45.28368 14.52952 45.28379 14.52981 45.28384 14.52998 45.28386 14.53005 45.28383 14.53013 45.28375 14.53021 45.28369 14.53019 45.28359 14.53013 45.28332 14.52985 45.28309 14.52957 45.28294 14.52937 45.28287 14.52932 45.2828 14.52935 45.28278 14.52963 45.28282 14.52973 45.28289 14.5298 45.28287 14.52988 45.28261 14.53085 45.28232 14.5317 45.28216 14.53188 45.28196 14.53257 45.2817 14.5332 45.28165 14.53405 45.28159 14.53435 45.28154 14.53461 45.28111 14.53596 45.28099 14.53691 45.28087 14.53732 45.28053 14.53785 45.2804 14.53816 45.28028 14.53839 45.28006 14.5387 45.27978 14.53898 45.27946 14.53962 45.27933 14.5398 45.27915 14.54003 45.27905 14.53989 45.27898 14.54001 45.27908 14.54013 45.27903 14.54019 45.2788 14.54051 45.27869 14.54039 45.27861 14.54054 45.27869 14.54066 45.27847 14.54098 45.27837 14.54112 45.27827 14.54101 45.2782 14.54112 45.27831 14.54125 45.27811 14.54157 45.27806 14.54163 45.27798 14.54153 45.27792 14.54162 45.27798 14.54174 45.27779 14.54201 45.27779 14.54216 45.27792 14.54254 45.27788 14.5429 45.27792 14.543 45.27801 14.54307 45.27805 14.54323 45.27805 14.54369 45.27812 14.54407 45.27811 14.54473 45.27816 14.54501 45.27816 14.54529 45.27806 14.54562 45.27793 14.54583 45.27761 14.54632 45.27752 14.54657 45.27743 14.54708 45.27749 14.54767 45.27744 14.54876 45.27748 14.54904 45.2775 14.54927 45.27752 14.5495 45.27754 14.55075 45.27761 14.55162 45.27761 14.55192 45.27767 14.55225 45.27767 14.55246 45.27773 14.55261 45.27782 14.55269 45.27792 14.55269 45.27803 14.55258 45.27814 14.55256 45.27826 14.55245 45.27837 14.5523 45.27852 14.55217 45.27871 14.55204 45.27878 14.55186 45.27891 14.55168 45.27911 14.55153 45.27932 14.55115 45.27948 14.55107 45.27956 14.55112 45.27959 14.55119 45.27956 14.55137 45.27959 14.55173 45.27978 14.55247 45.2798 14.55275 45.2799 14.55313 45.27991 14.55344 45.27985 14.55359 45.27971 14.55377 45.27966 14.554 45.27953 14.55428 45.27952 14.55464 45.27942 14.5549 45.27941 14.55501 45.27942 14.55517 45.27948 14.55553 45.27954 14.55609 45.27954 14.55637 45.2795 14.5565 45.27952 14.55685 45.27963 14.55724 45.27971 14.55734 45.27992 14.55734 45.2801 14.55723 45.28039 14.5572 45.28102 14.55672 45.28147 14.55646 45.28186 14.55612 45.28199 14.55604 45.28209 14.55609 45.28217 14.5562 45.2822 14.55632 45.2822 14.55645 45.28208 14.55704 45.2821 14.55757 45.28223 14.55798 45.28246 14.55844 45.28254 14.55897 45.28257 14.55907 45.28265 14.55918 45.28297 14.5594 45.28326 14.55973 45.28346 14.55996 45.28353 14.56006 45.28378 14.56019 45.28411 14.56023 45.28427 14.56018 45.28472 14.55985 45.28492 14.55967 45.28527 14.55928 45.28563 14.55892 45.28583 14.55877 45.28626 14.55818 45.28682 14.55761 45.28692 14.55743 45.28698 14.55741 45.28717 14.55713 45.28723 14.5571 45.28739 14.55684 45.28753 14.55666 45.28768 14.55648 45.28789 14.5563 45.28802 14.55625 45.28811 14.55607 45.28821 14.55587 45.28837 14.55577 45.28848 14.55576 45.28861 14.55574 45.28868 14.55564 45.28875 14.55545 45.28873 14.55539 45.28841 14.55436 45.28831 14.55371 45.28818 14.55271 45.28839 14.55186 45.28882 14.55131 45.28912 14.5509 45.28974 14.55031 45.28993 14.55018 45.28996 14.55014 45.29007 14.54999 45.29027 14.55005 45.29027 14.55004 45.29033 14.54995 45.29033 14.54994 45.29038 14.54985 45.29037 14.5498 45.29032 14.54964 45.29023 14.54949 45.29016 14.54928 45.29041 14.54917 45.2908 14.549 45.291 14.54894 45.29108 14.54891 45.29105 14.54871 45.29122 14.54864 45.29168 14.5485 45.29196 14.54847 45.29241 14.5481 45.29263 14.54763 45.2928 14.54727 45.2927 14.54709 45.2928 14.54683 45.29312 14.54637 45.2934 14.54605 45.29351 14.54581 45.29361 14.5456 45.29349 14.54546 45.29343 14.54539 45.29337 14.54531 45.29357 14.5449 45.29422 14.54384 45.29497 14.54239 45.29536 14.54144 45.2959 14.54042 45.29645 14.53928 45.29685 14.5384 45.29716 14.53769 45.2977 14.53705 45.29774 14.53702 45.29821 14.5366 45.29842 14.53624 45.2989 14.5357 45.29891 14.53564 45.29903 14.53527 45.29905 14.53517 45.29897 14.53457 45.29897 14.53393 45.29898 14.53346 45.29923 14.53268 45.29956 14.53201 45.30005 14.53091 45.30051 14.53019 45.30107 14.52918 45.3013 14.52859 45.30168 14.5279 45.30203 14.52699 45.30213 14.52684 45.3025 14.52631 45.30292 14.5257 45.30343 14.52497 45.30392 14.52422 45.30443 14.52391 45.30495 14.52391 45.30541 14.52397 45.30597 14.52393 45.30628 14.524 45.30706 14.52411 45.3074 14.52414 45.30744 14.52414 45.30787 14.52383 45.30831 14.5236 45.30895 14.52314 45.3095 14.5228 45.31056 14.52201 45.31059 14.52177 45.31063 14.52131 45.31088 14.52088 45.31121 14.52055 45.31146 14.52021 45.31174 14.51963 45.31181 14.51901 45.31182 14.51873 45.31182 14.51852 45.31167 14.51801 45.31154 14.51755 45.31153 14.51753 45.31129 14.51615 45.3111 14.51519 45.3111 14.51397 45.31118 14.51335 45.3113 14.51274 45.31141 14.51214 45.31184 14.51112 45.31218 14.51032 45.31248 14.50917 45.31265 14.50844 45.31298 14.50788 45.3132 14.5074 45.3133 14.5072 45.31334 14.50711 45.31373 14.50568 45.31398 14.50475 45.31423 14.50408 45.31469 14.50351 45.31495 14.50264 45.31531 14.50132 45.31536 14.50074 45.31575 14.49998 45.3165 14.49917 45.31702 14.4984 45.31752 14.49762 45.31798 14.4966 45.31842 14.49569 45.3186 14.49533 45.3187 14.49512 45.31886 14.4948 45.31891 14.49469 45.31899 14.49452 45.31895 14.49333 45.31888 14.49152 45.31887 14.49133 45.31874 14.49116 45.31841 14.49075 45.31957 14.48891</gml:posList>
                        </gml:LinearRing>
                      </gml:exterior>
                    </gml:Polygon>
                  </gml:surfaceMember>
                  <gml:surfaceMember>
                    <gml:Polygon gml:id="MEDIA_MONITORED_CILJ_ID_1_CILJ_ID_5_POLUTANT_1_MODEL_203">
                      <gml:exterior>
                        <gml:LinearRing>
                          <gml:posList srsDimension="2">45.24443 14.5572 45.24445 14.557 45.24457 14.55679 45.24464 14.55649 45.24479 14.55613 45.24493 14.55585 45.24516 14.55564 45.2452 14.55549 45.2453 14.55539 45.24538 14.55516 45.24555 14.5549 45.24564 14.55477 45.24577 14.55462 45.24581 14.55452 45.2458 14.55439 45.24579 14.55434 45.24568 14.55429 45.24559 14.55419 45.24528 14.55414 45.24516 14.55422 45.24498 14.55447 45.24485 14.55458 45.24464 14.55458 45.24456 14.5545 45.24453 14.5544 45.24433 14.5543 45.24418 14.55405 45.24415 14.55371 45.24422 14.55343 45.24427 14.55336 45.2443 14.55328 45.24427 14.55323 45.24409 14.55321 45.24378 14.553 45.24371 14.5529 45.24366 14.5529 45.24359 14.55295 45.24353 14.55306 45.24324 14.55326 45.24303 14.55365 45.24255 14.55396 45.24242 14.554 45.24197 14.55432 45.24181 14.55437 45.24132 14.55468 45.24127 14.55478 45.24125 14.55481 45.24117 14.55492 45.24111 14.55511 45.241 14.55529 45.24086 14.55532 45.24071 14.55522 45.24061 14.55519 45.24055 14.55504 45.24055 14.55501 45.24055 14.55489 45.24064 14.55466 45.24073 14.55451 45.24078 14.5544 45.24094 14.5541 45.24143 14.5534 45.24173 14.55315 45.24204 14.55299 45.2422 14.55286 45.24232 14.55274 45.24238 14.55263 45.24252 14.55243 45.2427 14.55217 45.24277 14.55212 45.24279 14.55194 45.24272 14.55187 45.24254 14.55187 45.24246 14.55187 45.24241 14.55187 45.24234 14.55187 45.24216 14.55187 45.24196 14.55164 45.24174 14.55159 45.24171 14.55154 45.24171 14.55129 45.24165 14.55126 45.2416 14.55131 45.24153 14.55131 45.24144 14.55142 45.2414 14.55205 45.24133 14.55223 45.24137 14.55246 45.24135 14.55272 45.24121 14.55283 45.24112 14.5529 45.24094 14.55318 45.24078 14.55321 45.24074 14.55316 45.24074 14.55303 45.24078 14.55293 45.2411 14.55267 45.24111 14.55259 45.2411 14.55254 45.24104 14.55252 45.24076 14.55254 45.24061 14.55247 45.24052 14.55247 45.2404 14.55257 45.24029 14.55257 45.24009 14.55268 45.23982 14.55288 45.23961 14.55288 45.23939 14.55276 45.23914 14.55248 45.23903 14.55215 45.23901 14.55169 45.23894 14.55154 45.23879 14.55141 45.23859 14.55131 45.2384 14.55119 45.23798 14.55086 45.2372 14.55053 45.23706 14.55043 45.23679 14.55043 45.23659 14.55054 45.23636 14.55079 45.23609 14.55098 45.23589 14.55123 45.2357 14.55136 45.23561 14.55149 45.23541 14.55162 45.23534 14.55162 45.2353 14.55157 45.23526 14.55141 45.23526 14.55116 45.23519 14.55088 45.23521 14.55075 45.23533 14.55057 45.2354 14.55039 45.23558 14.55016 45.23558 14.54999 45.23547 14.54988 45.23544 14.54978 45.23544 14.5496 45.23556 14.54932 45.23562 14.54912 45.23569 14.54904 45.23576 14.54881 45.23583 14.54869 45.23592 14.54861 45.23622 14.5484 45.23639 14.54817 45.23674 14.54728 45.23674 14.54702 45.23666 14.5469 45.23665 14.54669 45.23661 14.54659 45.2367 14.54618 45.23686 14.54577 45.23688 14.54537 45.23673 14.54496 45.2367 14.5447 45.2368 14.54445 45.23689 14.54437 45.237 14.54445 45.23706 14.54451 45.23715 14.54462 45.23747 14.5446 45.23759 14.54447 45.23759 14.54431 45.23753 14.54431 45.23745 14.54439 45.23738 14.54432 45.23721 14.54404 45.23718 14.54381 45.23701 14.54333 45.23698 14.5433 45.23694 14.54302 45.23678 14.54269 45.23674 14.54239 45.2366 14.54206 45.23658 14.54175 45.23616 14.54073 45.23608 14.54012 45.2359 14.53962 45.23592 14.53939 45.23599 14.53918 45.23606 14.53911 45.2361 14.539 45.23615 14.5386 45.23626 14.53836 45.23643 14.5378 45.23645 14.53772 45.23647 14.53761 45.23647 14.53741 45.23643 14.53712 45.23639 14.53696 45.23625 14.53673 45.23618 14.53668 45.23589 14.53666 45.23575 14.53674 45.23571 14.53682 45.23562 14.53687 45.2355 14.53707 45.23542 14.5373 45.23528 14.53748 45.23514 14.53789 45.23496 14.5381 45.23491 14.53838 45.2348 14.53862 45.23481 14.53873 45.23478 14.53881 45.23472 14.53889 45.23446 14.53907 45.2343 14.5393 45.23396 14.53963 45.2339 14.53981 45.23391 14.53994 45.23412 14.5405 45.23411 14.5407 45.23398 14.54091 45.23378 14.54116 45.23364 14.54132 45.23353 14.54147 45.23343 14.54165 45.23323 14.54193 45.23309 14.54229 45.233 14.54242 45.23264 14.5428 45.23253 14.54303 45.23239 14.54316 45.23221 14.54321 45.23181 14.54304 45.23165 14.54314 45.23147 14.54334 45.23117 14.54353 45.23084 14.54383 45.23034 14.54394 45.23028 14.5439 45.23025 14.54365 45.23016 14.54365 45.23018 14.54409 45.23005 14.54404 45.22983 14.54371 45.22955 14.54341 45.22938 14.5434 45.22899 14.54347 45.22883 14.54342 45.2287 14.54349 45.22859 14.54362 45.22832 14.54357 45.22825 14.54363 45.2282 14.54378 45.2282 14.54398 45.22823 14.54411 45.22827 14.54467 45.22829 14.54482 45.22829 14.54495 45.22864 14.54602 45.22871 14.54614 45.22891 14.54635 45.22931 14.54662 45.22938 14.54677 45.22947 14.54685 45.22947 14.54693 45.22942 14.547 45.22929 14.54708 45.2292 14.54718 45.22911 14.54725 45.22908 14.54736 45.22911 14.54762 45.22911 14.54792 45.22906 14.54805 45.22885 14.54833 45.22868 14.54846 45.22858 14.54861 45.22845 14.54874 45.22813 14.54908 45.22791 14.54923 45.22783 14.54926 45.22775 14.54923 45.22764 14.54916 45.22752 14.54913 45.22737 14.54924 45.22732 14.54934 45.22725 14.5494 45.22722 14.54947 45.22697 14.54967 45.22666 14.54994 45.2266 14.54973 45.22652 14.54978 45.22657 14.54997 45.22649 14.55003 45.22625 14.55014 45.22576 14.55036 45.22574 14.55015 45.22565 14.55017 45.22566 14.5504 45.22556 14.55042 45.22554 14.55026 45.22545 14.55029 45.22547 14.5505 45.22524 14.55062 45.2252 14.55043 45.22515 14.55046 45.22518 14.55069 45.22484 14.55088 45.22482 14.55068 45.22476 14.55069 45.22479 14.5509 45.2245 14.55097 45.22449 14.55078 45.2244 14.55078 45.22441 14.55104 45.22432 14.55102 45.22428 14.55079 45.22418 14.55081 45.22421 14.55106 45.22401 14.55113 45.22396 14.55098 45.22388 14.55105 45.22393 14.55125 45.22387 14.55132 45.22371 14.55148 45.2235 14.55172 45.22316 14.55171 45.22302 14.55163 45.22276 14.55154 45.22263 14.55146 45.22274 14.55127 45.22265 14.55116 45.22252 14.55134 45.22236 14.55119 45.22225 14.55106 45.22214 14.55103 45.22194 14.55096 45.22172 14.55092 45.22171 14.55073 45.22161 14.55074 45.22161 14.55092 45.22127 14.55102 45.22073 14.55104 45.22042 14.5511 45.21939 14.55158 45.21925 14.55167 45.21903 14.5518 45.21892 14.55184 45.21884 14.55177 45.21876 14.55177 45.21862 14.55185 45.21844 14.55181 45.21823 14.55176 45.21815 14.55163 45.21812 14.55133 45.21817 14.55119 45.21817 14.55101 45.21807 14.55086 45.21797 14.55079 45.21773 14.55079 45.21757 14.55076 45.21721 14.55068 45.21658 14.55062 45.21645 14.55064 45.21636 14.5507 45.21626 14.55085 45.21619 14.55094 45.2161 14.55106 45.21595 14.55118 45.21593 14.55136 45.21594 14.5515 45.21582 14.55172 45.21569 14.55185 45.21552 14.55189 45.21552 14.5517 45.2154 14.5517 45.21539 14.55189 45.21525 14.55186 45.21489 14.55173 45.21465 14.55156 45.21446 14.55145 45.21438 14.55144 45.21439 14.55125 45.2143 14.55125 45.2143 14.55143 45.21373 14.55142 45.21372 14.55125 45.21358 14.55125 45.21357 14.55147 45.2134 14.55145 45.21329 14.55142 45.213 14.55125 45.21276 14.55113 45.21214 14.55112 45.21199 14.55108 45.21188 14.55102 45.21188 14.55089 45.2119 14.55081 45.21204 14.55071 45.21213 14.55055 45.2124 14.55024 45.2126 14.55012 45.21273 14.54996 45.21274 14.54971 45.21256 14.5495 45.21251 14.54938 45.21236 14.54933 45.21181 14.54933 45.21163 14.54949 45.21151 14.54956 45.21128 14.54962 45.21107 14.5498 45.211 14.5499 45.21089 14.55 45.21092 14.55017 45.2107 14.55037 45.21063 14.55027 45.21052 14.55041 45.21065 14.5506 45.21086 14.55044 45.21093 14.55059 45.21082 14.55072 45.21092 14.55089 45.21064 14.55128 45.2105 14.55147 45.21033 14.55161 45.21002 14.55187 45.2098 14.55199 45.20955 14.5522 45.20939 14.55241 45.20924 14.55262 45.20907 14.55285 45.20889 14.55298 45.20874 14.55298 45.20858 14.55288 45.20839 14.55276 45.20816 14.55249 45.20802 14.5523 45.20791 14.55212 45.20784 14.55197 45.20786 14.55181 45.20793 14.55165 45.20821 14.55152 45.20841 14.55124 45.20843 14.55109 45.2085 14.55089 45.20866 14.55066 45.20873 14.5506 45.20879 14.55043 45.20881 14.55036 45.20879 14.55029 45.2087 14.55026 45.20857 14.55027 45.20821 14.55053 45.2081 14.55069 45.20789 14.5512 45.20773 14.55143 45.20753 14.55143 45.20737 14.55125 45.20726 14.55102 45.20709 14.55044 45.20688 14.54988 45.20684 14.54955 45.20688 14.54932 45.20696 14.54917 45.20721 14.54886 45.20764 14.54847 45.20775 14.54832 45.20841 14.54774 45.20849 14.5476 45.20864 14.54743 45.20879 14.54729 45.20904 14.54699 45.20926 14.54683 45.20972 14.54617 45.2099 14.54576 45.21003 14.54558 45.21026 14.54545 45.2104 14.54532 45.21069 14.54527 45.21078 14.54516 45.2108 14.54506 45.21092 14.54491 45.21101 14.54486 45.21114 14.54486 45.21153 14.54457 45.21164 14.54457 45.21175 14.54465 45.21231 14.54464 45.2126 14.54454 45.21285 14.54433 45.21374 14.54303 45.21403 14.54272 45.21419 14.54254 45.21441 14.54231 45.21464 14.54203 45.21489 14.54177 45.21501 14.54169 45.21523 14.54146 45.21532 14.54128 45.21534 14.54113 45.21538 14.54107 45.21543 14.54105 45.21553 14.54098 45.21568 14.54092 45.21582 14.54069 45.21609 14.54051 45.21625 14.54026 45.21647 14.54015 45.21661 14.54 45.21684 14.53985 45.2169 14.53985 45.21702 14.53972 45.21742 14.53954 45.2176 14.53936 45.21772 14.53935 45.21781 14.5393 45.21796 14.5391 45.21828 14.53894 45.21837 14.53881 45.21855 14.53871 45.21862 14.53861 45.21878 14.53851 45.21898 14.5382 45.2191 14.53812 45.21925 14.53809 45.21934 14.53789 45.21982 14.5374 45.2202 14.5372 45.22036 14.53704 45.22074 14.53689 45.22084 14.53681 45.22104 14.53665 45.22127 14.53655 45.22145 14.5364 45.22185 14.53621 45.22201 14.53609 45.2221 14.53596 45.22273 14.53552 45.22289 14.53537 45.22294 14.53526 45.22316 14.53516 45.22334 14.53498 45.22363 14.53493 45.22377 14.53477 45.22406 14.53457 45.22438 14.53428 45.2249 14.53387 45.22508 14.53379 45.2252 14.53362 45.22533 14.53349 45.22549 14.53333 45.22583 14.53308 45.22637 14.53277 45.22651 14.53276 45.22659 14.53259 45.22673 14.53248 45.22694 14.53223 45.22802 14.53158 45.22876 14.53106 45.22899 14.53073 45.22903 14.5304 45.22897 14.53017 45.22883 14.53002 45.22875 14.52997 45.22859 14.52992 45.22828 14.52972 45.22812 14.52954 45.22794 14.52926 45.22769 14.52906 45.2276 14.52899 45.22727 14.52877 45.22704 14.52856 45.22695 14.52841 45.22657 14.52815 45.22642 14.52813 45.22626 14.52803 45.22612 14.528 45.22592 14.5279 45.22543 14.52753 45.2252 14.5274 45.22466 14.52741 45.22433 14.52759 45.22419 14.52774 45.22399 14.52805 45.22381 14.52823 45.22367 14.52846 45.22335 14.52889 45.22313 14.529 45.22299 14.52912 45.22284 14.52921 45.22273 14.52931 45.22247 14.52944 45.22229 14.52946 45.22206 14.52946 45.2218 14.52967 45.22179 14.52972 45.22168 14.5298 45.22157 14.5298 45.22136 14.52998 45.22123 14.53001 45.22106 14.52989 45.22098 14.52983 45.2208 14.52996 45.2203 14.53017 45.22001 14.53014 45.21994 14.53019 45.21974 14.5302 45.21959 14.53012 45.21941 14.52987 45.21936 14.52969 45.21929 14.52967 45.21911 14.52995 45.21894 14.53005 45.21868 14.53023 45.21846 14.53041 45.21814 14.53059 45.21796 14.53057 45.21787 14.53047 45.21781 14.53029 45.21774 14.53024 45.21729 14.53022 45.21644 14.5304 45.21612 14.53066 45.21585 14.53104 45.21571 14.53124 45.21562 14.53135 45.21555 14.53155 45.21546 14.53175 45.21541 14.53196 45.21534 14.53212 45.21514 14.5323 45.21507 14.53255 45.21507 14.53271 45.21503 14.53296 45.21487 14.53334 45.21478 14.53355 45.21459 14.53388 45.21416 14.53488 45.21403 14.53508 45.21386 14.53534 45.21362 14.53582 45.21335 14.53611 45.21273 14.53657 45.21253 14.53682 45.21237 14.53703 45.21205 14.53744 45.21199 14.53749 45.21178 14.53767 45.21147 14.53808 45.21097 14.53849 45.21084 14.53865 45.21063 14.53878 45.21045 14.53878 45.21005 14.53903 45.20962 14.5395 45.20945 14.53965 45.20933 14.53975 45.20923 14.53988 45.20909 14.54001 45.2088 14.54019 45.20862 14.54037 45.20833 14.54058 45.20823 14.5407 45.20796 14.54086 45.20788 14.54096 45.20769 14.54106 45.20743 14.54107 45.20718 14.54125 45.20713 14.54135 45.20693 14.54153 45.20672 14.54181 45.20639 14.54214 45.20577 14.54296 45.20539 14.54325 45.20509 14.54348 45.20478 14.54366 45.2046 14.54368 45.2046 14.54346 45.20449 14.54347 45.20448 14.54367 45.20426 14.54366 45.20419 14.54372 45.20399 14.54374 45.20397 14.54344 45.20384 14.54345 45.20384 14.54374 45.20367 14.54374 45.20352 14.54387 45.2033 14.54397 45.20329 14.54372 45.20318 14.54372 45.20319 14.54397 45.20275 14.54424 45.20268 14.5443 45.20253 14.54419 45.20248 14.54435 45.2026 14.54445 45.20259 14.54454 45.20248 14.54472 45.20237 14.5448 45.20201 14.5448 45.20198 14.54457 45.20187 14.54461 45.20191 14.54487 45.20167 14.54501 45.20141 14.54539 45.20132 14.54567 45.20125 14.54618 45.20118 14.54641 45.20112 14.54651 45.20098 14.54674 45.20083 14.5468 45.20056 14.5468 45.2004 14.5467 45.20022 14.54645 45.20008 14.54634 45.19993 14.54635 45.19972 14.5465 45.1994 14.54688 45.1992 14.54699 45.19929 14.54685 45.19941 14.54671 45.19954 14.54658 45.19972 14.54619 45.19982 14.54604 45.19984 14.54591 45.19982 14.54581 45.19962 14.54553 45.19957 14.5453 45.19962 14.54505 45.19987 14.54472 45.19991 14.54461 45.19993 14.54436 45.19989 14.54416 45.19978 14.54398 45.19949 14.54365 45.19944 14.54345 45.19947 14.54332 45.19958 14.54319 45.19974 14.54309 45.19994 14.54304 45.20039 14.54306 45.20051 14.54298 45.20058 14.54285 45.20069 14.54244 45.20078 14.54237 45.20092 14.54234 45.2012 14.54242 45.20129 14.54244 45.20137 14.54266 45.20147 14.54259 45.20138 14.54234 45.20143 14.54216 45.20141 14.54173 45.20148 14.54152 45.20157 14.54142 45.20184 14.54126 45.20196 14.54126 45.20202 14.54121 45.20211 14.54088 45.20214 14.54052 45.20234 14.53978 45.20235 14.53935 45.20217 14.53798 45.20195 14.53762 45.20184 14.53729 45.20171 14.53712 45.2017 14.53704 45.20153 14.53691 45.20144 14.53674 45.20115 14.53648 45.20083 14.53638 45.2007 14.53641 45.20057 14.53636 45.20018 14.53634 45.20011 14.53629 45.19998 14.53598 45.20002 14.53563 45.20002 14.53537 45.20001 14.53525 45.19998 14.53511 45.19989 14.53494 45.19987 14.53481 45.19978 14.53466 45.19976 14.53451 45.19963 14.53438 45.19953 14.53441 45.19943 14.53436 45.19936 14.53423 45.19929 14.53418 45.19907 14.53416 45.19895 14.53403 45.19884 14.53398 45.19861 14.53398 45.19837 14.53409 45.1983 14.53409 45.19821 14.53401 45.19805 14.53401 45.19789 14.53414 45.19756 14.5343 45.19744 14.5344 45.1973 14.53447 45.19711 14.53463 45.19699 14.53466 45.19679 14.53481 45.19645 14.53497 45.19607 14.53497 45.19564 14.53475 45.19523 14.53475 45.1951 14.5347 45.19501 14.5346 45.1949 14.53457 45.19477 14.53463 45.19447 14.53465 45.19434 14.53473 45.19402 14.53473 45.19393 14.53468 45.19382 14.53469 45.19355 14.53492 45.19321 14.5351 45.19308 14.53515 45.19292 14.53515 45.19276 14.53523 45.1926 14.5352 45.19246 14.53536 45.19244 14.53543 45.19231 14.53561 45.19226 14.53564 45.19161 14.53567 45.19155 14.53577 45.19122 14.53628 45.19113 14.53629 45.19086 14.53603 45.19077 14.53603 45.19062 14.53593 45.1901 14.53594 45.19005 14.53599 45.18969 14.53599 45.18929 14.53622 45.18906 14.53625 45.18879 14.53638 45.18857 14.53638 45.18846 14.53643 45.18832 14.53657 45.1883 14.53659 45.18805 14.53684 45.188 14.53695 45.18778 14.53705 45.18771 14.53718 45.18768 14.53738 45.18764 14.53743 45.18757 14.53738 45.18753 14.53728 45.18753 14.53708 45.1876 14.53687 45.18758 14.53657 45.18742 14.53649 45.18731 14.5366 45.18728 14.5367 45.18722 14.5367 45.18717 14.5365 45.1871 14.53642 45.18699 14.53625 45.18688 14.53596 45.18673 14.53571 45.18639 14.53525 45.1863 14.53515 45.18614 14.53495 45.18599 14.5349 45.18585 14.53493 45.1857 14.53478 45.1856 14.53475 45.18538 14.5348 45.18531 14.5347 45.18509 14.53455 45.18482 14.53445 45.18471 14.53448 45.18437 14.53443 45.18417 14.53451 45.18405 14.53451 45.18367 14.53469 45.18333 14.53469 45.1832 14.53477 45.18299 14.53482 45.1829 14.5349 45.18229 14.53491 45.18173 14.53504 45.18158 14.53517 45.18135 14.53524 45.18106 14.53545 45.18099 14.53555 45.18094 14.53555 45.18062 14.53581 45.18049 14.53586 45.1804 14.53599 45.18022 14.53609 45.18011 14.5363 45.1799 14.53643 45.17986 14.53648 45.17986 14.53654 45.17991 14.53664 45.1799 14.53673 45.17986 14.53681 45.17981 14.53686 45.1797 14.5368 45.17965 14.53684 45.17954 14.53704 45.1794 14.53717 45.17936 14.5373 45.17936 14.53763 45.17927 14.53791 45.1792 14.53799 45.17899 14.53799 45.1787 14.53784 45.17863 14.53784 45.17839 14.53769 45.17819 14.53764 45.17796 14.53769 45.17697 14.5377 45.17668 14.53765 45.17636 14.53765 45.17612 14.53776 45.17607 14.53788 45.17612 14.53801 45.17612 14.53809 45.17606 14.53817 45.17595 14.53832 45.17579 14.53872 45.17575 14.53898 45.17561 14.53949 45.17559 14.53964 45.17543 14.5401 45.17543 14.54018 45.17556 14.54051 45.1756 14.54068 45.17567 14.54079 45.17567 14.54089 45.17547 14.54089 45.17534 14.54084 45.17516 14.54105 45.17507 14.54107 45.17493 14.5412 45.17479 14.54125 45.17445 14.54148 45.17432 14.54171 45.17405 14.54189 45.17398 14.54207 45.1739 14.54219 45.17378 14.54235 45.17364 14.54256 45.17348 14.54269 45.17337 14.54276 45.17305 14.54277 45.17287 14.54292 45.17269 14.54292 45.17247 14.54277 45.17229 14.54272 45.1722 14.54275 45.17206 14.54288 45.17201 14.54316 45.17156 14.54308 45.17121 14.54311 45.17119 14.54321 45.1713 14.54324 45.17132 14.54334 45.17114 14.5436 45.17102 14.54395 45.17093 14.54403 45.17082 14.54403 45.17071 14.54411 45.17064 14.54421 45.17061 14.54439 45.17043 14.54462 45.17039 14.5448 45.17043 14.54487 45.17043 14.54503 45.17032 14.54521 45.17021 14.54531 45.17005 14.54536 45.16989 14.54536 45.16976 14.54545 45.16968 14.54544 45.16961 14.5454 45.16949 14.54541 45.16939 14.54547 45.16923 14.54567 45.1691 14.54595 45.16898 14.54616 45.16874 14.54636 45.16851 14.54647 45.16802 14.5465 45.16796 14.54638 45.16793 14.54626 45.16799 14.54612 45.16798 14.54597 45.16825 14.54566 45.16818 14.54551 45.1679 14.54579 45.16782 14.54576 45.16766 14.54558 45.16753 14.5453 45.16737 14.54518 45.16724 14.54523 45.16719 14.54536 45.16725 14.54561 45.1672 14.54575 45.16703 14.54561 45.16689 14.54562 45.16674 14.54557 45.16657 14.54545 45.16641 14.54516 45.16624 14.54486 45.16607 14.54455 45.16588 14.5442 45.16545 14.54356 45.16563 14.54332 45.16555 14.54325 45.16536 14.54345 45.16516 14.54318 45.16534 14.54294 45.16527 14.54284 45.1651 14.54305 45.16503 14.54299 45.16497 14.54284 45.16491 14.54269 45.16491 14.5425 45.16494 14.54233 45.165 14.54221 45.16522 14.54248 45.1653 14.54234 45.16511 14.54211 45.16525 14.54189 45.16556 14.54206 45.16558 14.54192 45.16523 14.54171 45.16484 14.54138 45.16471 14.54123 45.1646 14.5411 45.16444 14.5409 45.16436 14.54075 45.16454 14.54048 45.16447 14.54037 45.16426 14.54065 45.16418 14.54065 45.16405 14.54063 45.16391 14.54064 45.16366 14.54071 45.16351 14.54069 45.16333 14.54067 45.16341 14.54048 45.16334 14.54035 45.16315 14.54059 45.16301 14.54043 45.1628 14.54011 45.16264 14.53987 45.16245 14.53952 45.16213 14.53883 45.162 14.53853 45.16177 14.538 45.16153 14.53764 45.16136 14.5375 45.16119 14.53732 45.16105 14.53712 45.16089 14.53692 45.16079 14.53679 45.16064 14.5366 45.16042 14.53631 45.16011 14.53604 45.15987 14.53579 45.15957 14.53553 45.15914 14.53521 45.15879 14.53506 45.15842 14.53495 45.15784 14.53489 45.15777 14.53483 45.15739 14.53465 45.15727 14.53468 45.15718 14.53475 45.1566 14.53478 45.1564 14.53453 45.15633 14.53441 45.15628 14.5343 45.15624 14.53418 45.15611 14.53395 45.15611 14.53383 45.15608 14.53377 45.15591 14.53377 45.15582 14.53373 45.1557 14.53377 45.15561 14.53377 45.15548 14.53365 45.15527 14.53362 45.15519 14.53352 45.15496 14.5334 45.15483 14.5334 45.15465 14.53353 45.1545 14.53357 45.15433 14.53361 45.15402 14.53369 45.15396 14.53371 45.15388 14.53374 45.15368 14.53389 45.15363 14.53397 45.15358 14.53415 45.15354 14.53461 45.15348 14.53472 45.15338 14.53473 45.15327 14.53476 45.15318 14.53474 45.15309 14.53466 45.15291 14.53468 45.1528 14.53471 45.15248 14.53472 45.15237 14.53467 45.15221 14.53459 45.15208 14.53449 45.15197 14.53434 45.15196 14.53403 45.1519 14.53386 45.15183 14.53381 45.15167 14.53381 45.15161 14.53376 45.15132 14.53368 45.1512 14.53338 45.15113 14.53331 45.15111 14.53315 45.15107 14.53307 45.15106 14.53296 45.15101 14.53287 45.15099 14.53273 45.15096 14.53262 45.15094 14.53249 45.15095 14.53225 45.15092 14.53206 45.15081 14.53198 45.15076 14.53183 45.15058 14.53163 45.1505 14.53127 45.15041 14.53115 45.1504 14.53104 45.15029 14.53094 45.15023 14.53079 45.15025 14.53049 45.15036 14.53028 45.15048 14.52972 45.15053 14.52962 45.15056 14.52943 45.15058 14.52927 45.1506 14.52908 45.15061 14.52892 45.15062 14.52873 45.15062 14.52863 45.15071 14.52842 45.15085 14.52832 45.15092 14.52832 45.15103 14.52839 45.15112 14.52857 45.1513 14.52865 45.15195 14.52864 45.15211 14.52854 45.15227 14.52851 45.1524 14.52843 45.15251 14.52831 45.15262 14.52828 45.15283 14.52805 45.1529 14.52792 45.15299 14.52767 45.15299 14.52728 45.15297 14.52719 45.15295 14.52711 45.1529 14.52695 45.15259 14.52668 45.15257 14.52663 45.15243 14.52655 45.15234 14.52654 45.15226 14.52657 45.15222 14.52654 45.15222 14.52646 45.15218 14.52635 45.15212 14.5263 45.15194 14.52633 45.15155 14.52615 45.1514 14.52615 45.15131 14.52592 45.15127 14.5259 45.15122 14.52488 45.15125 14.52481 45.15123 14.52455 45.15125 14.5243 45.15132 14.52414 45.15132 14.52402 45.15141 14.52384 45.15144 14.52369 45.15144 14.52323 45.15139 14.52318 45.15128 14.52287 45.15115 14.52272 45.15115 14.52262 45.15103 14.52234 45.15074 14.52211 45.15065 14.52209 45.1505 14.52219 45.15041 14.52219 45.15034 14.52224 45.15023 14.52242 45.15018 14.52245 45.15021 14.524 45.15025 14.52581 45.15024 14.52584 45.15011 14.52678 45.1501 14.52688 45.14962 14.53172 45.14938 14.5347 45.14927 14.53915 45.14872 14.53964 45.14837 14.54037 45.14816 14.54111 45.1481 14.54192 45.14816 14.5427 45.14836 14.54351 45.14837 14.54388 45.14838 14.54421 45.14838 14.54425 45.14819 14.54485 45.14817 14.5449 45.14783 14.54538 45.14748 14.546 45.14751 14.54637 45.14785 14.54713 45.14967 14.5465 45.15123 14.54599 45.1527 14.54568 45.15462 14.54548 45.15672 14.54612 45.15799 14.54661 45.15833 14.5469 45.15877 14.54736 45.15923 14.54798 45.16057 14.55052 45.1608 14.5506 45.16167 14.54971 45.16225 14.54976 45.16318 14.5503 45.16456 14.55121 45.16517 14.55207 45.16605 14.55404 45.16679 14.55545 45.16731 14.55641 45.16708 14.55654 45.16638 14.5587 45.16602 14.56012 45.16593 14.56168 45.16598 14.56277 45.16621 14.56384 45.16655 14.5652 45.16672 14.56611 45.16675 14.56625 45.16667 14.56674 45.16663 14.56703 45.16616 14.56788 45.16604 14.56894 45.1656 14.57004 45.1648 14.57056 45.16395 14.57063 45.16308 14.57022 45.16248 14.5701 45.16133 14.57021 45.16098 14.57036 45.16008 14.57089 45.15951 14.57105 45.15794 14.57124 45.15673 14.57131 45.15464 14.57199 45.15407 14.57251 45.15334 14.5741 45.15333 14.57511 45.15318 14.5763 45.15324 14.57679 45.1534 14.57753 45.154 14.57937 45.15481 14.58097 45.1553 14.58159 45.15575 14.58224 45.15688 14.58271 45.15965 14.58335 45.16487 14.58473 45.16543 14.5847 45.16581 14.58475 45.16633 14.58467 45.16653 14.58476 45.16717 14.5844 45.16769 14.58399 45.16848 14.58248 45.16877 14.58179 45.16912 14.58053 45.16968 14.57875 45.17044 14.57724 45.17084 14.57692 45.17145 14.57623 45.17189 14.57557 45.17264 14.57595 45.17336 14.57624 45.17476 14.57736 45.17672 14.57925 45.17778 14.58044 45.17951 14.58266 45.18101 14.58408 45.181 14.58432 45.18094 14.58578 45.18088 14.58733 45.18025 14.59112 45.18031 14.59153 45.18073 14.59312 45.18162 14.59493 45.18225 14.59603 45.18251 14.59669 45.18262 14.59706 45.18263 14.59728 45.18264 14.59747 45.18265 14.59755 45.18261 14.59812 45.18244 14.5991 45.18223 14.59984 45.18217 14.60032 45.18217 14.60077 45.18228 14.6011 45.18252 14.60143 45.18301 14.60176 45.18393 14.60193 45.18454 14.60197 45.18485 14.60223 45.1852 14.60324 45.18647 14.60747 45.18667 14.60841 45.1871 14.6098 45.18756 14.61143 45.18761 14.61181 45.18767 14.61217 45.18766 14.61221 45.18765 14.61229 45.18756 14.61309 45.18756 14.6131 45.18756 14.61313 45.18755 14.61314 45.18751 14.61323 45.18747 14.61341 45.18742 14.61346 45.18738 14.61356 45.18747 14.61388 45.18747 14.6139 45.18726 14.61387 45.18724 14.61402 45.18744 14.61406 45.18746 14.6142 45.18739 14.61429 45.18721 14.61421 45.18717 14.61436 45.18731 14.61443 45.18726 14.6146 45.18731 14.61471 45.18742 14.6147 45.18746 14.61496 45.18741 14.61509 45.18744 14.61516 45.18755 14.61521 45.18757 14.61539 45.18761 14.61544 45.18786 14.61544 45.18798 14.61539 45.18804 14.61544 45.1882 14.61544 45.18831 14.61562 45.18845 14.61561 45.18854 14.61556 45.18861 14.61561 45.18876 14.61561 45.18883 14.61554 45.18887 14.61559 45.18882 14.6157 45.18887 14.61579 45.18892 14.61584 45.18914 14.61579 45.18923 14.61571 45.18932 14.61576 45.18932 14.61584 45.18928 14.61589 45.1893 14.61596 45.18941 14.61596 45.18948 14.61617 45.18966 14.61614 45.18982 14.61622 45.19 14.61621 45.19013 14.61609 45.19027 14.61601 45.19034 14.61591 45.19049 14.61577 45.19054 14.61578 45.19056 14.61603 45.19061 14.61605 45.19067 14.61601 45.19072 14.61606 45.19081 14.61606 45.19092 14.61595 45.191 14.6159 45.19104 14.61593 45.19106 14.61603 45.19115 14.61608 45.19119 14.61616 45.1913 14.61621 45.19142 14.61621 45.19153 14.61633 45.19164 14.61633 45.19178 14.61625 45.19178 14.61608 45.19191 14.61592 45.19232 14.61566 45.19254 14.61548 45.19263 14.61548 45.19297 14.61523 45.19306 14.6152 45.19317 14.61502 45.19347 14.61477 45.19352 14.61477 45.1936 14.61469 45.19365 14.61469 45.19374 14.61476 45.19388 14.61474 45.19399 14.61453 45.19406 14.61448 45.19419 14.61448 45.19433 14.61438 45.19449 14.61405 45.19476 14.61384 45.19479 14.61375 45.19476 14.61369 45.19473 14.61361 45.19474 14.61356 45.19485 14.61346 45.19492 14.61333 45.19523 14.61313 45.19528 14.61305 45.19528 14.61297 45.19534 14.61287 45.19544 14.61284 45.19564 14.61269 45.19598 14.61266 45.19618 14.61236 45.19643 14.61225 45.19649 14.61217 45.19656 14.61192 45.19666 14.61174 45.19673 14.6117 45.19685 14.61175 45.19692 14.61171 45.19694 14.61161 45.19693 14.61154 45.19686 14.61136 45.19697 14.61098 45.19706 14.61082 45.19713 14.61067 45.19724 14.61026 45.19722 14.61016 45.19713 14.61013 45.19698 14.61013 45.19662 14.61014 45.19646 14.61004 45.19641 14.61004 45.19637 14.61002 45.19636 14.60997 45.19635 14.60986 45.19642 14.60971 45.19764 14.60886 45.19773 14.60873 45.19784 14.60865 45.19793 14.60873 45.19809 14.60873 45.19849 14.60857 45.19867 14.60847 45.1987 14.60839 45.19881 14.60832 45.19892 14.60814 45.19904 14.60806 45.19919 14.60803 45.19939 14.60788 45.19967 14.60785 45.19985 14.60795 45.19991 14.60805 45.2 14.60805 45.2 14.60795 45.20009 14.60775 45.20048 14.60746 45.20055 14.60746 45.20072 14.60736 45.20088 14.60713 45.20113 14.60695 45.2012 14.60682 45.20129 14.60682 45.20151 14.60697 45.20165 14.60697 45.2017 14.6069 45.2017 14.60682 45.20178 14.60667 45.20196 14.60666 45.20199 14.60661 45.20204 14.6065 45.20215 14.6062 45.20226 14.60613 45.2024 14.60613 45.20269 14.60602 45.2028 14.60592 45.20285 14.60572 45.20309 14.60559 45.20325 14.60533 45.20326 14.60487 45.20337 14.60467 45.20346 14.60464 45.20353 14.60472 45.20361 14.6049 45.20367 14.60497 45.20375 14.60505 45.20386 14.60505 45.20393 14.605 45.20402 14.60487 45.20405 14.60472 45.20411 14.60464 45.2044 14.60446 45.20468 14.60435 45.20483 14.60425 45.20492 14.6041 45.2052 14.60397 45.20524 14.60389 45.20547 14.60376 45.20556 14.60358 45.20589 14.6034 45.20594 14.6032 45.20599 14.60312 45.20635 14.60294 45.20653 14.60274 45.20663 14.60267 45.20671 14.60261 45.20676 14.60253 45.20698 14.6021 45.20723 14.60194 45.20725 14.60174 45.20732 14.60159 45.2074 14.60156 45.2075 14.60163 45.20761 14.60158 45.20777 14.60133 45.20779 14.6012 45.20782 14.60115 45.20789 14.6011 45.20802 14.6011 45.20814 14.60087 45.20822 14.60082 45.20834 14.60082 45.20852 14.60069 45.20873 14.6006 45.20886 14.60043 45.20899 14.60035 45.20907 14.60017 45.20917 14.60005 45.20928 14.59997 45.20942 14.59997 45.20947 14.60002 45.20962 14.59999 45.20981 14.59961 45.20993 14.59948 45.20996 14.5994 45.21005 14.5993 45.21012 14.59915 45.21019 14.5991 45.21028 14.5991 45.21042 14.59917 45.21059 14.59917 45.21066 14.59897 45.21082 14.59884 45.2109 14.59871 45.21098 14.59863 45.21105 14.59845 45.21116 14.59842 45.21127 14.59847 45.21138 14.59845 45.21157 14.59825 45.21191 14.59814 45.212 14.59804 45.21209 14.59784 45.21224 14.59771 45.21231 14.59768 45.2124 14.59758 45.21263 14.59748 45.21272 14.59732 45.21297 14.59709 45.21322 14.59694 45.21328 14.59683 45.21364 14.59665 45.21371 14.59655 45.2138 14.5963 45.2138 14.59619 45.21385 14.59609 45.21414 14.59606 45.2143 14.59599 45.21455 14.59573 45.21461 14.59555 45.2148 14.59547 45.21509 14.59512 45.21525 14.59509 45.21527 14.59497 45.21525 14.59489 45.21529 14.59478 45.21536 14.59473 45.21565 14.59473 45.21583 14.59442 45.21597 14.59432 45.21608 14.59401 45.21617 14.59399 45.21622 14.59391 45.21625 14.59358 45.21633 14.5935 45.21651 14.59342 45.21658 14.5933 45.21663 14.59327 45.21683 14.59286 45.21706 14.59268 45.21715 14.59268 45.21724 14.5926 45.21738 14.59258 45.21742 14.59253 45.21744 14.5924 45.21762 14.59227 45.21771 14.59209 45.21781 14.59203 45.2179 14.59194 45.21807 14.59183 45.21814 14.59173 45.21832 14.5916 45.21833 14.59155 45.21848 14.59148 45.21855 14.5913 45.21869 14.59119 45.21877 14.59119 45.21889 14.59109 45.21909 14.59101 45.21916 14.59096 45.21925 14.59081 45.21961 14.5906 45.21979 14.59037 45.21986 14.59022 45.22008 14.59011 45.22011 14.59006 45.22011 14.58991 45.22016 14.58978 45.22016 14.58971 45.2202 14.5896 45.22027 14.58947 45.22032 14.5893 45.2204 14.58925 45.22067 14.58927 45.22079 14.58922 45.22099 14.58899 45.22115 14.58888 45.2212 14.58878 45.22156 14.58852 45.2216 14.58845 45.22167 14.5884 45.22175 14.5884 45.22186 14.58836 45.22212 14.58816 45.22225 14.58816 45.22243 14.58803 45.22253 14.58801 45.22277 14.58775 45.22298 14.58762 45.22305 14.58752 45.22314 14.58747 45.22322 14.58734 45.2233 14.58726 45.22338 14.58711 45.2235 14.58703 45.22356 14.58696 45.22364 14.58675 45.224 14.58647 45.22416 14.58621 45.22442 14.58603 45.2246 14.58583 45.22474 14.58562 45.22477 14.58547 45.22499 14.58521 45.22502 14.58509 45.22513 14.58493 45.22526 14.58486 45.22532 14.5849 45.22538 14.58498 45.22543 14.58501 45.22549 14.58498 45.22547 14.58478 45.22551 14.58468 45.22558 14.5846 45.22592 14.58444 45.22599 14.58444 45.22616 14.58421 45.22635 14.58406 45.22653 14.58398 45.22659 14.5839 45.22678 14.5838 45.227 14.58362 45.22705 14.58362 45.2273 14.58342 45.22754 14.58339 45.22761 14.58329 45.22788 14.58308 45.22835 14.58285 45.2284 14.58277 45.22876 14.58251 45.22899 14.58238 45.22957 14.58187 45.22982 14.58179 45.23003 14.58161 45.23012 14.58159 45.2303 14.58171 45.23063 14.58202 45.23077 14.58209 45.23081 14.58214 45.23088 14.58222 45.23106 14.58234 45.23142 14.58272 45.23164 14.58303 45.23173 14.58318 45.23198 14.58356 45.23201 14.58366 45.232 14.58379 45.23181 14.58427 45.23174 14.58466 45.23174 14.58494 45.23181 14.58518 45.23183 14.58532 45.23179 14.58542 45.23162 14.58557 45.23153 14.58567 45.23149 14.5858 45.2314 14.58591 45.23138 14.58598 45.23112 14.58637 45.23104 14.58655 45.2309 14.58678 45.23083 14.58697 45.23074 14.58713 45.23044 14.58758 45.23033 14.58784 45.23027 14.588 45.23023 14.58811 45.23013 14.58818 45.22999 14.58824 45.22979 14.58839 45.22964 14.58859 45.22948 14.58888 45.22939 14.58906 45.2292 14.58941 45.22914 14.58962 45.22914 14.58977 45.22909 14.59005 45.22897 14.59043 45.22892 14.59097 45.22879 14.59145 45.22874 14.59178 45.2287 14.59186 45.22866 14.59196 45.22854 14.59212 45.22813 14.59291 45.22793 14.59329 45.22784 14.59345 45.22774 14.5936 45.22765 14.59383 45.22756 14.59393 45.2275 14.59411 45.22736 14.59437 45.22725 14.59465 45.22724 14.595 45.2272 14.59511 45.2272 14.59549 45.22717 14.59569 45.2271 14.5959 45.22692 14.59615 45.22681 14.59646 45.22669 14.59707 45.22658 14.59743 45.22633 14.59802 45.2263 14.59814 45.22628 14.59825 45.22628 14.5985 45.22621 14.59876 45.22621 14.59898 45.22617 14.59909 45.22605 14.59927 45.22598 14.59944 45.22587 14.59947 45.22572 14.59958 45.22567 14.59978 45.22556 14.59993 45.22546 14.60001 45.22528 14.60044 45.22521 14.60065 45.22517 14.60083 45.22503 14.60136 45.22501 14.60172 45.22496 14.60202 45.22482 14.60251 45.22476 14.60302 45.22469 14.60332 45.22466 14.60345 45.22464 14.60362 45.22462 14.60386 45.22466 14.60396 45.22479 14.60394 45.22498 14.60365 45.22511 14.60337 45.22521 14.60317 45.22529 14.60299 45.22548 14.60273 45.22582 14.6025 45.22633 14.60237 45.22645 14.6024 45.22665 14.60229 45.22676 14.60193 45.22687 14.60178 45.22721 14.60147 45.22726 14.60137 45.22744 14.60124 45.22751 14.60114 45.22758 14.60089 45.22767 14.60076 45.22782 14.60068 45.22789 14.60058 45.22796 14.60025 45.22807 14.60009 45.22821 14.60001 45.22833 14.59984 45.22842 14.59975 45.2285 14.59963 45.22878 14.59942 45.22891 14.59922 45.22912 14.59912 45.22923 14.59886 45.2295 14.59868 45.22954 14.59863 45.22957 14.59835 45.22962 14.59817 45.22968 14.59812 45.22982 14.59781 45.22995 14.59774 45.23 14.59763 45.23014 14.59752 45.23022 14.59743 45.23041 14.59727 45.23056 14.59725 45.23075 14.59709 45.23101 14.59696 45.2312 14.59684 45.23135 14.59663 45.23186 14.59617 45.23206 14.59599 45.23237 14.59573 45.23253 14.59553 45.23269 14.59545 45.23284 14.59514 45.23305 14.59501 45.23316 14.59481 45.23339 14.59465 45.23355 14.5944 45.23366 14.59422 45.23391 14.59399 45.23409 14.59373 45.23438 14.59348 45.2345 14.5934 45.23474 14.59319 45.23499 14.59294 45.23524 14.59258 45.23538 14.59237 45.23551 14.59225 45.23558 14.59209 45.23651 14.59137 45.23674 14.59109 45.23687 14.59091 45.23701 14.59078 45.23728 14.5906 45.23746 14.59058 45.23759 14.59065 45.2377 14.59078 45.23793 14.59083 45.23802 14.59093 45.23826 14.59105 45.23836 14.59116 45.2386 14.59115 45.23869 14.59125 45.23883 14.5913 45.23887 14.59136 45.23892 14.59136 45.23896 14.5913 45.23899 14.59121 45.23903 14.59115 45.23903 14.59102 45.2389 14.59082 45.23884 14.59053 45.23898 14.59034 45.23891 14.59022 45.23874 14.59039 45.2386 14.59029 45.23851 14.59014 45.23822 14.58988 45.23811 14.58973 45.23796 14.5894 45.23787 14.5893 45.2378 14.5891 45.2378 14.58902 45.23791 14.58879 45.23812 14.58864 45.23828 14.58861 45.23841 14.58853 45.23855 14.58828 45.23877 14.5881 45.23893 14.58782 45.23902 14.58758 45.23911 14.58738 45.23912 14.58715 45.23927 14.58684 45.23932 14.58644 45.23937 14.58628 45.23953 14.58605 45.23955 14.58598 45.23955 14.58575 45.2396 14.58562 45.2396 14.58547 45.23968 14.58521 45.23966 14.58473 45.23971 14.58452 45.23982 14.58434 45.23989 14.58422 45.24001 14.58388 45.24008 14.58378 45.24019 14.58365 45.2403 14.58358 45.24048 14.58296 45.24057 14.58283 45.24073 14.58248 45.24092 14.5822 45.24101 14.58199 45.24101 14.58181 45.24107 14.58148 45.24123 14.58105 45.24122 14.58072 45.24139 14.58041 45.24142 14.57992 45.24162 14.57964 45.24169 14.57934 45.24174 14.57921 45.24181 14.57913 45.24181 14.57883 45.24179 14.57862 45.24176 14.57843 45.24174 14.57819 45.24159 14.57796 45.2416 14.57762 45.24148 14.5772 45.24134 14.57702 45.24096 14.577 45.2408 14.57691 45.24067 14.57692 45.24054 14.57695 45.24037 14.57696 45.24013 14.57706 45.23963 14.57716 45.2394 14.57726 45.23912 14.57742 45.23894 14.57742 45.23878 14.57729 45.23863 14.57729 45.23826 14.57735 45.23812 14.57741 45.23794 14.57748 45.23738 14.57789 45.23724 14.57807 45.23708 14.57812 45.23672 14.57812 45.23662 14.57809 45.23652 14.57813 45.23643 14.57825 45.23626 14.5785 45.23615 14.57867 45.23607 14.57884 45.23596 14.579 45.23582 14.57918 45.23573 14.57925 45.23546 14.57925 45.23526 14.57923 45.23513 14.57914 45.23486 14.57889 45.23501 14.57835 45.23489 14.5783 45.23474 14.5788 45.23466 14.57899 45.23458 14.57883 45.23454 14.57868 45.23436 14.57837 45.23425 14.57809 45.23421 14.57766 45.23428 14.57695 45.23444 14.57633 45.23467 14.57608 45.23478 14.57574 45.23487 14.57562 45.23494 14.57557 45.23521 14.57556 45.2353 14.57546 45.23539 14.57528 45.23553 14.57515 45.23568 14.57518 45.23572 14.5753 45.23578 14.57532 45.23584 14.57528 45.23588 14.57515 45.23595 14.5751 45.23604 14.5751 45.23607 14.57505 45.23607 14.57487 45.23602 14.57477 45.23609 14.57441 45.23607 14.57393 45.23614 14.57365 45.23616 14.57359 45.23649 14.57378 45.23654 14.57366 45.23621 14.57344 45.23619 14.57334 45.23637 14.57275 45.23642 14.57264 45.23678 14.57291 45.23683 14.57277 45.2365 14.57249 45.23666 14.57219 45.23684 14.57173 45.23703 14.57145 45.2371 14.57124 45.23726 14.57091 45.23735 14.57078 45.2375 14.57045 45.23764 14.5703 45.2378 14.57009 45.238 14.56979 45.23807 14.56961 45.2382 14.56948 45.2383 14.56927 45.23843 14.56881 45.23855 14.56856 45.23875 14.56828 45.23882 14.56817 45.23898 14.56794 45.23932 14.56751 45.23943 14.56743 45.23984 14.56684 45.23997 14.56674 45.24024 14.56633 45.24041 14.56615 45.24063 14.56584 45.24102 14.56551 45.24117 14.56533 45.24136 14.56517 45.24151 14.565 45.24163 14.56492 45.24169 14.56482 45.24181 14.56474 45.24188 14.56464 45.2421 14.56451 45.24224 14.56435 45.24233 14.56435 45.24255 14.56425 45.24267 14.56415 45.24285 14.56412 45.24293 14.56417 45.24298 14.56427 45.24307 14.56427 45.24325 14.56406 45.24345 14.56394 45.24345 14.56383 45.24348 14.56373 45.24355 14.56365 45.24366 14.56327 45.24368 14.56297 45.24362 14.56276 45.24362 14.56261 45.24377 14.5622 45.24376 14.56197 45.24382 14.56187 45.24385 14.56159 45.24391 14.56141 45.24389 14.561 45.24394 14.56082 45.24394 14.56057 45.24388 14.56034 45.24395 14.56003 45.24397 14.55975 45.24401 14.55968 45.24411 14.55881 45.24417 14.55871 45.24422 14.55843 45.24423 14.55818 45.24423 14.55799 45.24426 14.55786 45.24434 14.55766 45.24434 14.55748 45.24443 14.5572</gml:posList>
                        </gml:LinearRing>
                      </gml:exterior>
                    </gml:Polygon>
                  </gml:surfaceMember>
                  <gml:surfaceMember>
                    <gml:Polygon gml:id="MEDIA_MONITORED_CILJ_ID_1_CILJ_ID_5_POLUTANT_1_MODEL_204">
                      <gml:exterior>
                        <gml:LinearRing>
                          <gml:posList srsDimension="2">45.28632 14.58101 45.2867 14.58082 45.28702 14.58057 45.28749 14.5803 45.28793 14.58 45.28831 14.57972 45.28844 14.57954 45.28872 14.57916 45.28873 14.57914 45.28868 14.5784 45.28841 14.57797 45.28815 14.57762 45.28785 14.5772 45.28747 14.57704 45.28705 14.57694 45.28676 14.57642 45.28666 14.57583 45.2864 14.5753 45.28633 14.57522 45.28615 14.57501 45.28607 14.57511 45.28602 14.57526 45.28579 14.57631 45.28574 14.57656 45.28565 14.57695 45.28558 14.57713 45.28554 14.57736 45.28542 14.57771 45.2854 14.57784 45.28513 14.57853 45.28492 14.57892 45.28474 14.57904 45.28456 14.5791 45.28434 14.57915 45.28404 14.57915 45.28377 14.57923 45.28366 14.57931 45.28359 14.57944 45.28344 14.57954 45.28269 14.57995 45.28245 14.58013 45.28237 14.58024 45.28233 14.58034 45.28224 14.58047 45.28208 14.5807 45.28177 14.58098 45.2817 14.58103 45.2816 14.58108 45.28145 14.58108 45.28122 14.58114 45.28104 14.58125 45.28045 14.58121 45.28043 14.58132 45.28019 14.58125 45.27999 14.58117 45.28005 14.58102 45.28031 14.58105 45.28032 14.58091 45.27999 14.58088 45.27991 14.58111 45.27974 14.58095 45.2796 14.58077 45.27956 14.58063 45.27954 14.58039 45.27953 14.58018 45.27952 14.57998 45.27957 14.57969 45.27964 14.57937 45.27973 14.57921 45.2798 14.57888 45.27989 14.57847 45.27995 14.57802 45.27996 14.57768 45.27996 14.57719 45.28001 14.57691 45.28008 14.5762 45.28008 14.57592 45.28003 14.57561 45.27988 14.57528 45.27979 14.57518 45.27968 14.5749 45.27966 14.5747 45.27972 14.57416 45.27993 14.5734 45.28016 14.57301 45.28023 14.57283 45.28032 14.57276 45.28057 14.5724 45.28075 14.57189 45.28081 14.57178 45.28127 14.57096 45.28152 14.57025 45.28189 14.56933 45.282 14.56892 45.28202 14.56874 45.28207 14.56861 45.28223 14.56774 45.28228 14.56718 45.28235 14.56677 45.28235 14.5657 45.28229 14.56537 45.28216 14.56491 45.28191 14.56451 45.28153 14.56421 45.28135 14.56413 45.28124 14.56408 45.28099 14.56401 45.28067 14.56409 45.2804 14.56424 45.28022 14.56447 45.2802 14.56455 45.28 14.56485 45.27993 14.56506 45.27967 14.5657 45.27954 14.56585 45.27938 14.56596 45.27895 14.56609 45.27861 14.56617 45.27844 14.56619 45.27816 14.56619 45.2777 14.56587 45.27738 14.56556 45.27698 14.56501 45.27682 14.5647 45.27678 14.56447 45.27672 14.56429 45.27671 14.56381 45.27681 14.56317 45.27684 14.56294 45.27683 14.56264 45.2769 14.56238 45.2769 14.56215 45.27683 14.56208 45.27668 14.56208 45.27652 14.56218 45.27638 14.56241 45.27611 14.56282 45.27582 14.5633 45.27577 14.56341 45.27572 14.56349 45.27504 14.56454 45.27489 14.56487 45.2748 14.56525 45.27476 14.56551 45.27477 14.56579 45.27482 14.56607 45.27488 14.56632 45.27487 14.5666 45.27485 14.56688 45.2748 14.56708 45.27469 14.56721 45.27452 14.56704 45.27442 14.56719 45.27425 14.56701 45.27435 14.56682 45.27419 14.56668 45.27388 14.56732 45.27379 14.56749 45.27345 14.56807 45.27335 14.56805 45.2733 14.568 45.2733 14.56789 45.27337 14.56773 45.27337 14.56761 45.27336 14.56753 45.27328 14.56743 45.27322 14.56735 45.27299 14.56741 45.27282 14.56746 45.27261 14.56749 45.2724 14.56728 45.27164 14.56821 45.27136 14.56839 45.27117 14.56801 45.27119 14.56784 45.27103 14.56756 45.27109 14.56737 45.2712 14.56719 45.27141 14.56681 45.27157 14.56655 45.27168 14.56659 45.2719 14.56622 45.27214 14.56609 45.2724 14.56603 45.27268 14.5658 45.2728 14.56565 45.27291 14.56548 45.27304 14.56521 45.27313 14.56493 45.27324 14.56437 45.27329 14.56424 45.27346 14.5632 45.27347 14.56307 45.27352 14.56287 45.27352 14.56269 45.27361 14.56223 45.2736 14.56207 45.27362 14.5619 45.27362 14.56146 45.2736 14.56141 45.2734 14.56129 45.27333 14.56108 45.27337 14.5607 45.27345 14.56042 45.27345 14.56016 45.27325 14.55994 45.27311 14.55991 45.27297 14.55989 45.27278 14.55988 45.27267 14.55991 45.27257 14.55992 45.27234 14.56002 45.27221 14.56015 45.27212 14.56058 45.27203 14.56076 45.27191 14.56094 45.27176 14.56104 45.2716 14.56107 45.27126 14.561 45.27099 14.561 45.27087 14.56108 45.27079 14.5612 45.27079 14.56131 45.27092 14.56156 45.2709 14.56174 45.2708 14.56184 45.2706 14.56182 45.27049 14.56189 45.27045 14.56207 45.2704 14.56215 45.27007 14.56204 45.27029 14.56114 45.27022 14.56113 45.26999 14.56203 45.26991 14.56201 45.26984 14.56198 45.26947 14.56191 45.26908 14.56191 45.26871 14.56206 45.26857 14.56209 45.26787 14.56255 45.26774 14.5626 45.2676 14.5626 45.26727 14.56276 45.26704 14.56279 45.26689 14.56269 45.26679 14.56264 45.2667 14.56261 45.2665 14.56259 45.26583 14.56262 45.26578 14.56252 45.26572 14.56224 45.26563 14.56216 45.26552 14.56216 45.26536 14.56227 45.26524 14.5625 45.2652 14.5625 45.26506 14.56237 45.26495 14.56265 45.26513 14.56278 45.26513 14.56285 45.26508 14.5629 45.26495 14.56319 45.26485 14.56375 45.26481 14.56377 45.26476 14.56393 45.26461 14.56413 45.26456 14.56416 45.26442 14.56439 45.26431 14.56469 45.26423 14.56496 45.2642 14.56508 45.26411 14.56521 45.26354 14.56557 45.26341 14.56577 45.26336 14.5658 45.26322 14.566 45.26315 14.56618 45.26306 14.56628 45.26281 14.56692 45.26275 14.567 45.26266 14.56728 45.26259 14.56738 45.2625 14.56764 45.26241 14.56777 45.26207 14.56805 45.26193 14.56825 45.26184 14.56831 45.26164 14.56854 45.26128 14.56882 45.26091 14.56933 45.26075 14.56946 45.26062 14.56964 45.26056 14.56973 45.2605 14.56985 45.26046 14.56987 45.2603 14.57023 45.26025 14.57041 45.2601 14.57069 45.26 14.57082 45.25992 14.57097 45.25978 14.57118 45.25973 14.5712 45.25949 14.57153 45.25917 14.57187 45.25905 14.57195 45.25885 14.5722 45.25869 14.57259 45.25865 14.57279 45.25858 14.57289 45.25797 14.57328 45.25767 14.57359 45.25756 14.57377 45.2575 14.57379 45.25738 14.57397 45.25736 14.5742 45.2574 14.57428 45.25744 14.57472 45.25747 14.57496 45.25746 14.57504 45.25735 14.57504 45.25717 14.57494 45.25702 14.57492 45.25657 14.57492 45.2558 14.57508 45.25568 14.57512 45.25555 14.57516 45.2553 14.57531 45.25509 14.57538 45.25496 14.57543 45.25487 14.57549 45.25474 14.57555 45.25448 14.57567 45.2542 14.57586 45.2541 14.57588 45.25393 14.57606 45.25382 14.57616 45.25364 14.57639 45.25348 14.57652 45.25336 14.57652 45.25325 14.57642 45.25318 14.57632 45.25309 14.57622 45.25298 14.57608 45.25287 14.57594 45.25271 14.57572 45.25262 14.57557 45.25228 14.57508 45.25211 14.57488 45.252 14.57473 45.25187 14.57456 45.25166 14.57427 45.25149 14.57402 45.25086 14.57314 45.2507 14.57293 45.25052 14.57269 45.25043 14.5726 45.2503 14.57247 45.24992 14.57219 45.24988 14.57217 45.2496 14.5722 45.24944 14.57232 45.24927 14.57235 45.24915 14.57243 45.24884 14.57271 45.24863 14.57299 45.24857 14.57311 45.24854 14.57327 45.24843 14.57381 45.24847 14.57457 45.24847 14.57489 45.24848 14.57521 45.24848 14.57676 45.24841 14.57707 45.24839 14.57743 45.24848 14.5776 45.24848 14.57773 45.24852 14.57783 45.24856 14.57885 45.2486 14.57895 45.24862 14.57954 45.24865 14.57982 45.24893 14.58081 45.24895 14.58099 45.24922 14.5816 45.24927 14.58193 45.24933 14.58208 45.24933 14.58218 45.24938 14.58229 45.2494 14.58259 45.24937 14.58284 45.2493 14.58308 45.24924 14.5831 45.2492 14.5831 45.24893 14.58305 45.24863 14.58294 45.24816 14.5829 45.24814 14.58298 45.24802 14.58304 45.24787 14.58316 45.24773 14.58334 45.24754 14.58393 45.24752 14.58408 45.24741 14.58431 45.24734 14.58465 45.24718 14.58508 45.24696 14.58543 45.24682 14.5856 45.24666 14.58582 45.2466 14.58588 45.24655 14.586 45.24643 14.58626 45.24636 14.58636 45.24631 14.58653 45.24627 14.5867 45.24616 14.58692 45.24591 14.58725 45.24575 14.58746 45.24562 14.5876 45.24546 14.58784 45.24541 14.58787 45.24528 14.58805 45.24503 14.58861 45.24486 14.58885 45.24478 14.58899 45.24472 14.58917 45.24459 14.58963 45.24457 14.58984 45.24437 14.59042 45.24434 14.59068 45.24425 14.59091 45.24416 14.59162 45.24375 14.59295 45.24343 14.59364 45.2434 14.59379 45.24322 14.59423 45.24316 14.59438 45.24293 14.59505 45.24275 14.59538 45.24256 14.59569 45.24245 14.59581 45.24214 14.5963 45.24195 14.59651 45.2418 14.59663 45.24159 14.59684 45.24149 14.59692 45.24139 14.59704 45.24124 14.59718 45.24103 14.5974 45.2409 14.59754 45.24076 14.59769 45.24051 14.59787 45.2397 14.59823 45.23938 14.59836 45.23902 14.59846 45.2388 14.59857 45.23855 14.59867 45.23814 14.59905 45.23809 14.59918 45.23805 14.59941 45.23812 14.59969 45.23813 14.60007 45.23816 14.60043 45.2384 14.60101 45.23854 14.60124 45.23865 14.60155 45.2388 14.60165 45.23894 14.60193 45.23894 14.60208 45.23882 14.60213 45.23869 14.60203 45.23853 14.60198 45.23846 14.60193 45.23833 14.60193 45.23815 14.60181 45.23784 14.60173 45.23777 14.60165 45.23748 14.60155 45.23737 14.60151 45.23721 14.60155 45.23689 14.60164 45.23667 14.60187 45.23639 14.60263 45.23637 14.60289 45.23661 14.6036 45.23684 14.60388 45.23664 14.60389 45.23664 14.60405 45.23684 14.60401 45.23679 14.60413 45.23674 14.60429 45.23658 14.60459 45.23652 14.60492 45.23656 14.60513 45.23663 14.60531 45.23663 14.60553 45.23667 14.60561 45.23678 14.60566 45.2368 14.60581 45.23672 14.60592 45.23662 14.60594 45.23656 14.60607 45.23637 14.6061 45.236 14.60595 45.23552 14.60564 45.23494 14.6055 45.23471 14.60537 45.23458 14.60542 45.23454 14.60559 45.23458 14.60575 45.23467 14.60601 45.23467 14.60613 45.235 14.6071 45.23508 14.60721 45.23508 14.60733 45.23494 14.6073 45.23489 14.60747 45.23499 14.60762 45.23497 14.60771 45.23462 14.60795 45.23452 14.60802 45.23429 14.60835 45.23415 14.60823 45.2341 14.60836 45.23421 14.60848 45.23391 14.60879 45.23375 14.60909 45.23366 14.60932 45.23357 14.6095 45.23349 14.60964 45.23339 14.61005 45.23325 14.60994 45.23321 14.61007 45.23334 14.61017 45.23328 14.6103 45.23319 14.61044 45.23314 14.61068 45.23315 14.61072 45.23413 14.61219 45.23445 14.6126 45.23473 14.61295 45.23488 14.61312 45.2357 14.61415 45.23649 14.61519 45.2376 14.61602 45.23761 14.61697 45.23785 14.61756 45.23817 14.61767 45.23903 14.61841 45.23947 14.6182 45.23967 14.61859 45.23954 14.61927 45.24059 14.6207 45.24113 14.62159 45.24174 14.6225 45.24235 14.62337 45.24379 14.62568 45.24395 14.6259 45.2447 14.62706 45.24552 14.62802 45.24616 14.62881 45.24689 14.62971 45.24766 14.63026 45.24839 14.63038 45.24904 14.63067 45.24945 14.63093 45.24964 14.63105 45.25005 14.63138 45.25068 14.63231 45.25156 14.63304 45.25244 14.63404 45.25318 14.63479 45.25396 14.63584 45.2544 14.63636 45.25496 14.63661 45.25552 14.63764 45.25585 14.63794 45.2563 14.63835 45.25702 14.63792 45.25748 14.63703 45.25782 14.63616 45.25805 14.63569 45.25794 14.63467 45.25823 14.63384 45.25894 14.63173 45.25911 14.63067 45.25935 14.62941 45.25974 14.6276 45.25988 14.62637 45.26029 14.62447 45.26071 14.62275 45.26153 14.62054 45.26185 14.61954 45.26204 14.61898 45.26246 14.61789 45.26265 14.61737 45.26285 14.61677 45.26313 14.61609 45.26332 14.61563 45.26362 14.61529 45.26423 14.61525 45.26483 14.61502 45.26543 14.61471 45.26605 14.61436 45.26617 14.61429 45.26648 14.61412 45.26691 14.61403 45.26747 14.61383 45.26829 14.61287 45.26886 14.61213 45.26952 14.61142 45.26985 14.61105 45.27024 14.61026 45.27082 14.6092 45.2713 14.60816 45.27169 14.60743 45.27196 14.60706 45.27235 14.60613 45.27283 14.60495 45.27323 14.60416 45.27351 14.60336 45.27392 14.60265 45.27449 14.60187 45.27482 14.601 45.27485 14.60034 45.27487 14.59993 45.2751 14.59919 45.27532 14.59887 45.27544 14.59819 45.27544 14.59744 45.2755 14.59671 45.27581 14.59712 45.276 14.59741 45.27629 14.59741 45.27639 14.59699 45.27649 14.59666 45.2767 14.59631 45.27703 14.59599 45.27742 14.59585 45.27785 14.59564 45.27844 14.59544 45.2787 14.59458 45.27891 14.59395 45.27919 14.59316 45.27957 14.59234 45.27986 14.59158 45.2802 14.59112 45.28078 14.59041 45.28153 14.58958 45.2818 14.58905 45.28225 14.58865 45.28271 14.58822 45.28317 14.5878 45.28374 14.5871 45.28429 14.58648 45.28481 14.58561 45.2852 14.58496 45.28563 14.58392 45.28587 14.58379 45.28631 14.58335 45.28671 14.58288 45.28685 14.5825 45.28702 14.58202 45.28699 14.5819 45.28692 14.58167 45.28661 14.58141 45.2863 14.58138 45.28605 14.58125 45.28632 14.58101</gml:posList>
                        </gml:LinearRing>
                      </gml:exterior>
                    </gml:Polygon>
                  </gml:surfaceMember>
                  <gml:surfaceMember>
                    <gml:Polygon gml:id="MEDIA_MONITORED_CILJ_ID_1_CILJ_ID_5_POLUTANT_1_MODEL_205">
                      <gml:exterior>
                        <gml:LinearRing>
                          <gml:posList srsDimension="2">45.38044 14.62786 45.3832 14.62212 45.38648 14.62195 45.3915 14.6217 45.39399 14.62579 45.4158 14.62769 45.41695 14.62626 45.43126 14.62126 45.43038 14.62081 45.42105 14.61609 45.41167 14.61126 45.40232 14.60647 45.39465 14.60258 45.38672 14.59857 45.38472 14.59754 45.38353 14.59692 45.38313 14.59713 45.38247 14.59785 45.38186 14.59743 45.38157 14.59764 45.38112 14.59708 45.38069 14.59654 45.38009 14.59634 45.37945 14.59622 45.37841 14.59546 45.37812 14.59444 45.37755 14.59376 45.3767 14.59283 45.37631 14.59199 45.37601 14.59101 45.37585 14.59008 45.37616 14.5894 45.37609 14.58933 45.37597 14.58921 45.37594 14.58918 45.37549 14.58873 45.3751 14.58835 45.37453 14.58812 45.37368 14.5875 45.37328 14.58668 45.37287 14.58548 45.37246 14.58403 45.37257 14.58311 45.37277 14.58162 45.37281 14.58126 45.37282 14.58118 45.37204 14.58051 45.37194 14.57977 45.37109 14.57859 45.37087 14.5773 45.37011 14.57507 45.36852 14.57318 45.3676 14.57146 45.36705 14.57031 45.36524 14.56653 45.3639 14.5639 45.36351 14.56299 45.36266 14.56148 45.36242 14.56063 45.36152 14.55902 45.36089 14.55821 45.36026 14.55732 45.35963 14.55618 45.35898 14.55477 45.35852 14.55306 45.35876 14.55196 45.35939 14.55131 45.35958 14.55023 45.35962 14.54996 45.35966 14.5497 45.35962 14.54933 45.35956 14.5488 45.35888 14.54746 45.35869 14.54605 45.35947 14.54496 45.35963 14.54335 45.36 14.54178 45.36017 14.54079 45.36026 14.5405 45.36038 14.54012 45.36052 14.53969 45.36048 14.53948 45.36044 14.53924 45.36039 14.53889 45.36023 14.53792 45.36012 14.53677 45.36001 14.53574 45.35953 14.53444 45.35908 14.53304 45.35901 14.53246 45.35859 14.53126 45.35846 14.53032 45.35804 14.52912 45.35782 14.52824 45.35755 14.52755 45.3571 14.52692 45.35665 14.52641 45.35625 14.5258 45.3559 14.52517 45.35561 14.52457 45.3555 14.52419 45.35548 14.52345 45.35543 14.52272 45.35537 14.52183 45.35523 14.52117 45.35487 14.52063 45.35434 14.52031 45.35393 14.5199 45.35352 14.51965 45.35306 14.51931 45.35255 14.51842 45.3523 14.51815 45.35173 14.51741 45.35071 14.51644 45.35019 14.51589 45.34983 14.51547 45.34944 14.51485 45.34886 14.51424 45.3485 14.51376 45.34798 14.51309 45.34757 14.51264 45.3472 14.51191 45.34692 14.51084 45.34659 14.50963 45.3462 14.50872 45.34561 14.50727 45.34509 14.50596 45.34463 14.50496 45.34403 14.5038 45.34382 14.50429 45.34364 14.50452 45.34339 14.50456 45.34315 14.5044 45.34291 14.50411 45.34277 14.50385 45.3427 14.50333 45.34264 14.5029 45.34278 14.50253 45.34291 14.5024 45.34318 14.5021 45.3426 14.5005 45.34202 14.49909 45.34103 14.49689 45.34026 14.49533 45.33989 14.49408 45.3396 14.49321 45.3394 14.49265 45.33914 14.49201 45.3389 14.49151 45.33847 14.49088 45.33819 14.4905 45.33802 14.48992 45.33775 14.48935 45.33763 14.48892 45.33749 14.48863 45.3371 14.48834 45.33679 14.48803 45.33634 14.48749 45.33591 14.48698 45.33547 14.48641 45.33474 14.48525 45.33347 14.4867 45.33279 14.48757 45.33211 14.48847 45.33158 14.48965 45.33125 14.49063 45.33094 14.49139 45.33056 14.49215 45.33018 14.49288 45.33007 14.49308 45.32965 14.49389 45.32914 14.49467 45.32882 14.49533 45.32855 14.49589 45.32808 14.49712 45.32764 14.49805 45.32709 14.49887 45.32656 14.49968 45.32591 14.50091 45.32547 14.50171 45.32531 14.50214 45.3251 14.50272 45.32485 14.5037 45.32461 14.50436 45.32458 14.50442 45.32414 14.50496 45.32382 14.50546 45.32365 14.50612 45.32351 14.50678 45.32328 14.50712 45.32281 14.50747 45.32242 14.50783 45.32203 14.50856 45.32153 14.50952 45.32106 14.51043 45.32061 14.51118 45.32018 14.51204 45.31974 14.51291 45.31972 14.51294 45.31971 14.51296 45.31947 14.51334 45.31912 14.51457 45.31889 14.51569 45.31864 14.51675 45.31824 14.51808 45.31783 14.5191 45.31755 14.51989 45.31708 14.52058 45.31667 14.5209 45.31606 14.52124 45.31541 14.52164 45.31513 14.52185 45.31535 14.5227 45.31574 14.52373 45.31601 14.52426 45.31638 14.5254 45.31662 14.52615 45.3169 14.52747 45.31675 14.52756 45.31663 14.52764 45.31619 14.52833 45.3158 14.52886 45.31548 14.52927 45.3156 14.52971 45.31565 14.53004 45.31565 14.53027 45.31556 14.53053 45.31544 14.53066 45.31522 14.53072 45.31501 14.53067 45.31477 14.53059 45.31441 14.53042 45.31423 14.53058 45.31395 14.53133 45.31386 14.53234 45.31384 14.53247 45.31342 14.53221 45.31162 14.52982 45.31138 14.53 45.31072 14.52998 45.31046 14.52993 45.31017 14.52925 45.30995 14.52901 45.30973 14.52977 45.30944 14.52855 45.30909 14.52797 45.30884 14.52772 45.3074 14.52414 45.30706 14.52411 45.30628 14.524 45.30597 14.52393 45.30541 14.52397 45.30495 14.52391 45.30443 14.52391 45.30392 14.52422 45.30343 14.52497 45.30292 14.5257 45.3025 14.52631 45.30213 14.52684 45.30203 14.52699 45.30168 14.5279 45.3013 14.52859 45.30107 14.52918 45.30051 14.53019 45.30005 14.53091 45.29956 14.53201 45.29923 14.53268 45.29898 14.53346 45.29897 14.53393 45.29897 14.53457 45.29905 14.53517 45.29903 14.53527 45.29891 14.53564 45.2989 14.5357 45.29842 14.53624 45.29821 14.5366 45.29774 14.53702 45.2977 14.53705 45.29716 14.53769 45.29685 14.5384 45.29645 14.53928 45.2959 14.54042 45.29536 14.54144 45.29497 14.54239 45.29422 14.54384 45.29357 14.5449 45.29337 14.54531 45.29343 14.54539 45.29349 14.54546 45.29361 14.5456 45.29351 14.54581 45.2934 14.54605 45.29312 14.54637 45.2928 14.54683 45.2927 14.54709 45.2928 14.54727 45.29263 14.54763 45.29241 14.5481 45.29196 14.54847 45.29168 14.5485 45.29122 14.54864 45.29105 14.54871 45.29108 14.54891 45.291 14.54894 45.2908 14.549 45.29041 14.54917 45.29016 14.54928 45.29023 14.54949 45.29032 14.54964 45.29037 14.5498 45.29038 14.54985 45.29033 14.54994 45.29033 14.54995 45.29027 14.55004 45.29027 14.55005 45.29007 14.54999 45.28996 14.55014 45.28993 14.55018 45.28974 14.55031 45.28912 14.5509 45.28882 14.55131 45.28839 14.55186 45.28818 14.55271 45.28831 14.55371 45.28841 14.55436 45.28873 14.55539 45.28875 14.55545 45.2888 14.55528 45.28888 14.55523 45.28895 14.55523 45.28904 14.5552 45.28909 14.55515 45.28913 14.55505 45.28945 14.55481 45.28954 14.55476 45.2897 14.55476 45.29001 14.55458 45.29035 14.5543 45.29055 14.55422 45.29076 14.55406 45.29092 14.55388 45.29135 14.55358 45.29144 14.55365 45.29174 14.55348 45.29176 14.55371 45.29197 14.55366 45.29195 14.55343 45.29265 14.55313 45.29271 14.55312 45.29277 14.55335 45.29289 14.55332 45.29307 14.55318 45.29318 14.55329 45.29325 14.55315 45.29314 14.55304 45.29324 14.55285 45.29335 14.55295 45.29342 14.55282 45.29331 14.55272 45.29345 14.55247 45.29354 14.55257 45.29359 14.55246 45.2935 14.55237 45.29362 14.55215 45.29371 14.55223 45.29376 14.55213 45.29367 14.55204 45.29381 14.55179 45.2939 14.55186 45.29393 14.55179 45.29385 14.55171 45.29395 14.55152 45.29404 14.55158 45.29409 14.55148 45.29401 14.55141 45.29413 14.55119 45.2942 14.55126 45.29426 14.55114 45.29419 14.55108 45.29427 14.55093 45.29434 14.55098 45.29439 14.55087 45.29433 14.55082 45.29447 14.55055 45.29453 14.55059 45.29458 14.5505 45.29435 14.55025 45.29462 14.54966 45.29456 14.54962 45.29498 14.54884 45.29506 14.54868 45.29522 14.54819 45.29583 14.54717 45.29601 14.54668 45.29627 14.54617 45.29647 14.54591 45.29665 14.54588 45.29676 14.5457 45.29683 14.5455 45.29683 14.54542 45.29694 14.54519 45.29702 14.54484 45.29713 14.54471 45.29715 14.54463 45.29744 14.5443 45.29769 14.54417 45.29803 14.54406 45.29848 14.54371 45.29873 14.5438 45.29881 14.54349 45.2987 14.54344 45.29867 14.54362 45.29856 14.54357 45.29856 14.54331 45.29862 14.54305 45.29865 14.54265 45.29876 14.54255 45.2989 14.5425 45.29899 14.54237 45.29899 14.54212 45.29888 14.54191 45.29905 14.54168 45.29942 14.54142 45.29962 14.54135 45.29973 14.54135 45.29994 14.54139 45.30027 14.54165 45.30041 14.5417 45.30053 14.5419 45.30061 14.5418 45.30067 14.54172 45.30054 14.54154 45.30054 14.54149 45.30066 14.54134 45.30071 14.5412 45.30082 14.54136 45.30106 14.54106 45.30098 14.54093 45.30084 14.54111 45.3008 14.54102 45.30084 14.54093 45.30091 14.54065 45.30096 14.53988 45.30137 14.53914 45.30141 14.53891 45.30146 14.53881 45.30156 14.53839 45.30161 14.53828 45.30169 14.53819 45.30218 14.53781 45.30275 14.53716 45.30295 14.53701 45.30309 14.53688 45.30322 14.53674 45.30331 14.53696 45.30357 14.53689 45.30355 14.53676 45.30337 14.5368 45.30332 14.53665 45.30427 14.53669 45.30464 14.53694 45.30478 14.537 45.30492 14.53703 45.30519 14.537 45.30534 14.53696 45.3055 14.53684 45.30576 14.53644 45.30605 14.53602 45.3062 14.53614 45.30628 14.53599 45.30606 14.53582 45.30598 14.53591 45.30587 14.53579 45.306 14.5356 45.30626 14.5358 45.3063 14.53569 45.30622 14.53562 45.30629 14.53543 45.30638 14.5354 45.30662 14.53549 45.30681 14.53559 45.30704 14.53601 45.30709 14.53612 45.30712 14.53621 45.30715 14.53629 45.30678 14.5388 45.30666 14.53878 45.3065 14.53924 45.30659 14.53931 45.30634 14.54007 45.30621 14.54041 45.30604 14.54099 45.30591 14.54171 45.30576 14.54239 45.30571 14.54266 45.30542 14.54331 45.30494 14.54419 45.30499 14.54428 45.30467 14.54467 45.30439 14.54506 45.30433 14.54499 45.30406 14.54529 45.304 14.54522 45.30378 14.54545 45.30384 14.5456 45.30359 14.54588 45.3035 14.54577 45.30252 14.54677 45.30196 14.54737 45.30177 14.54758 45.30184 14.54783 45.30186 14.54793 45.30168 14.54809 45.30155 14.54817 45.30145 14.54829 45.30132 14.5486 45.3012 14.54891 45.30109 14.54921 45.30077 14.55021 45.30056 14.55077 45.30041 14.55106 45.29988 14.55259 45.29976 14.55292 45.29943 14.55372 45.29913 14.55487 45.29899 14.5554 45.29876 14.55612 45.29864 14.55655 45.29845 14.55695 45.29815 14.55778 45.29799 14.55814 45.29783 14.55862 45.29749 14.55937 45.2973 14.55965 45.2971 14.5598 45.29681 14.55983 45.29667 14.55993 45.29651 14.56022 45.29644 14.56045 45.29637 14.56057 45.29628 14.56085 45.29606 14.56114 45.29586 14.56129 45.2957 14.56152 45.29564 14.56171 45.29549 14.56193 45.29502 14.56234 45.29469 14.56264 45.29445 14.5628 45.29409 14.56319 45.29391 14.5634 45.29375 14.56358 45.29359 14.56376 45.29332 14.56409 45.29314 14.56432 45.29289 14.56477 45.2926 14.56552 45.2925 14.56575 45.29221 14.56619 45.29219 14.56622 45.2921 14.5665 45.29205 14.56701 45.29209 14.56754 45.29224 14.568 45.29231 14.56817 45.2924 14.56836 45.29242 14.5685 45.29242 14.56871 45.29226 14.56925 45.29192 14.56994 45.29172 14.57022 45.2914 14.57056 45.29023 14.57123 45.28969 14.57164 45.28941 14.57195 45.28849 14.57275 45.2884 14.5729 45.28797 14.57326 45.28785 14.57339 45.28772 14.57357 45.28761 14.5737 45.28747 14.57385 45.28727 14.57403 45.28695 14.57426 45.28666 14.57449 45.28645 14.5747 45.28625 14.57488 45.28615 14.57501 45.28633 14.57522 45.2864 14.5753 45.28666 14.57583 45.28676 14.57642 45.28705 14.57694 45.28747 14.57704 45.28785 14.5772 45.28815 14.57762 45.28841 14.57797 45.28868 14.5784 45.28873 14.57914 45.28872 14.57916 45.28844 14.57954 45.28831 14.57972 45.28793 14.58 45.28749 14.5803 45.28702 14.58057 45.2867 14.58082 45.28632 14.58101 45.28605 14.58125 45.2863 14.58138 45.28661 14.58141 45.28692 14.58167 45.28699 14.5819 45.28702 14.58202 45.28685 14.5825 45.28671 14.58288 45.28631 14.58335 45.28587 14.58379 45.28563 14.58392 45.2852 14.58496 45.28481 14.58561 45.28429 14.58648 45.28374 14.5871 45.28317 14.5878 45.28271 14.58822 45.28225 14.58865 45.2818 14.58905 45.28153 14.58958 45.28078 14.59041 45.2802 14.59112 45.27986 14.59158 45.27957 14.59234 45.27919 14.59316 45.27891 14.59395 45.2787 14.59458 45.27844 14.59544 45.27785 14.59564 45.27742 14.59585 45.27703 14.59599 45.2767 14.59631 45.27649 14.59666 45.27639 14.59699 45.27629 14.59741 45.276 14.59741 45.27581 14.59712 45.2755 14.59671 45.27544 14.59744 45.27544 14.59819 45.27532 14.59887 45.2751 14.59919 45.27487 14.59993 45.27485 14.60034 45.27482 14.601 45.27449 14.60187 45.27392 14.60265 45.27351 14.60336 45.27323 14.60416 45.27283 14.60495 45.27235 14.60613 45.27196 14.60706 45.27169 14.60743 45.2713 14.60816 45.27082 14.6092 45.27024 14.61026 45.26985 14.61105 45.26952 14.61142 45.26886 14.61213 45.26829 14.61287 45.26747 14.61383 45.26691 14.61403 45.26648 14.61412 45.26617 14.61429 45.26605 14.61436 45.26543 14.61471 45.26483 14.61502 45.26423 14.61525 45.26362 14.61529 45.26332 14.61563 45.26313 14.61609 45.26285 14.61677 45.26265 14.61737 45.26246 14.61789 45.26204 14.61898 45.26185 14.61954 45.26153 14.62054 45.26071 14.62275 45.26029 14.62447 45.25988 14.62637 45.25974 14.6276 45.25935 14.62941 45.25911 14.63067 45.25894 14.63173 45.25823 14.63384 45.25794 14.63467 45.25805 14.63569 45.25782 14.63616 45.25748 14.63703 45.25702 14.63792 45.2563 14.63835 45.25712 14.63923 45.25797 14.64007 45.25905 14.64092 45.25924 14.6411 45.25955 14.64142 45.26016 14.64203 45.26008 14.64315 45.26078 14.64428 45.26166 14.64503 45.26199 14.64554 45.26233 14.64603 45.2626 14.6465 45.26287 14.64694 45.26318 14.64749 45.2636 14.64793 45.26384 14.64806 45.26428 14.64863 45.26435 14.64875 45.26455 14.64909 45.26453 14.64964 45.26455 14.64988 45.2648 14.65022 45.26489 14.65067 45.26489 14.6512 45.26549 14.65182 45.26595 14.65239 45.2662 14.65312 45.26681 14.65402 45.26719 14.65548 45.26785 14.65687 45.26881 14.6602 45.26991 14.66017 45.27087 14.66044 45.27184 14.66054 45.27261 14.66076 45.27446 14.66125 45.27521 14.66154 45.27623 14.66203 45.27718 14.66236 45.27828 14.66257 45.27881 14.66306 45.27964 14.66393 45.28051 14.66423 45.28141 14.66454 45.28216 14.66521 45.28282 14.66578 45.28313 14.66645 45.28365 14.66743 45.28418 14.66827 45.28498 14.66878 45.28569 14.66912 45.28677 14.66983 45.28742 14.67068 45.28812 14.67179 45.28867 14.67279 45.28873 14.67371 45.28873 14.67373 45.28873 14.6738 45.28859 14.67407 45.28846 14.67431 45.28737 14.67599 45.28764 14.67671 45.28766 14.6768 45.28806 14.67738 45.28855 14.6782 45.28911 14.67901 45.28962 14.67971 45.29021 14.68066 45.29056 14.68118 45.29114 14.68165 45.29182 14.68237 45.29238 14.68426 45.29286 14.68465 45.29368 14.68484 45.29408 14.68508 45.29429 14.68519 45.29491 14.68568 45.29545 14.686 45.29605 14.68624 45.29645 14.68649 45.29715 14.68665 45.29754 14.6866 45.2979 14.68655 45.29862 14.68616 45.29927 14.68576 45.29972 14.68512 45.29996 14.68442 45.30033 14.68373 45.301 14.68295 45.30156 14.68256 45.302 14.68185 45.30242 14.68118 45.30297 14.68037 45.30346 14.67984 45.30365 14.67907 45.30389 14.67853 45.30408 14.67807 45.30414 14.67793 45.3042 14.67708 45.30441 14.67626 45.30478 14.67536 45.30525 14.67466 45.3058 14.67435 45.30638 14.67395 45.30676 14.67326 45.30709 14.67249 45.30741 14.67238 45.30796 14.67171 45.30853 14.67101 45.30877 14.66986 45.3092 14.6696 45.30932 14.66938 45.30954 14.66896 45.30897 14.66808 45.30894 14.66761 45.31091 14.66534 45.31224 14.66364 45.31365 14.66201 45.31443 14.66203 45.31485 14.66176 45.31527 14.66126 45.31582 14.66051 45.31632 14.65974 45.31696 14.65857 45.31731 14.65749 45.3178 14.65652 45.31843 14.65559 45.31911 14.65461 45.31956 14.65376 45.32016 14.65278 45.32075 14.65229 45.3214 14.65186 45.32207 14.65123 45.3224 14.65107 45.32296 14.6505 45.32353 14.65026 45.32446 14.64966 45.32523 14.64944 45.32582 14.64959 45.32628 14.64983 45.32693 14.65039 45.32815 14.65108 45.32955 14.65203 45.33085 14.65283 45.33164 14.65345 45.33252 14.65481 45.33317 14.65553 45.33393 14.65624 45.33465 14.65706 45.33524 14.65765 45.33588 14.65794 45.33646 14.65824 45.33735 14.65863 45.3384 14.65906 45.33931 14.65967 45.34009 14.66034 45.34088 14.66056 45.34181 14.66063 45.34265 14.66046 45.34398 14.66065 45.34723 14.66123 45.3503 14.66167 45.35093 14.66179 45.35122 14.66185 45.35239 14.66219 45.35375 14.66286 45.35465 14.66312 45.35544 14.66353 45.35675 14.66391 45.35829 14.66456 45.35945 14.66491 45.36071 14.6649 45.36152 14.66515 45.3628 14.66486 45.36349 14.66482 45.36424 14.66474 45.36515 14.66473 45.36582 14.6633 45.36606 14.66229 45.36649 14.661 45.36652 14.66095 45.36702 14.66011 45.36687 14.65918 45.36739 14.65766 45.36777 14.65685 45.37058 14.65451 45.37137 14.65009 45.37174 14.6495 45.37233 14.64894 45.37268 14.64846 45.37297 14.6478 45.37342 14.64706 45.37356 14.64657 45.37382 14.6459 45.37427 14.64546 45.37471 14.64506 45.37478 14.64484 45.3748 14.64478 45.37486 14.64458 45.3746 14.64416 45.37407 14.64345 45.37345 14.64288 45.37382 14.64164 45.37453 14.64158 45.37508 14.64126 45.37554 14.64067 45.37643 14.63945 45.37711 14.6383 45.37759 14.63696 45.37847 14.63423 45.37871 14.63255 45.37866 14.63128 45.38044 14.62786</gml:posList>
                        </gml:LinearRing>
                      </gml:exterior>
                    </gml:Polygon>
                  </gml:surfaceMember>
                  <gml:surfaceMember>
                    <gml:Polygon gml:id="MEDIA_MONITORED_CILJ_ID_1_CILJ_ID_5_POLUTANT_1_MODEL_206">
                      <gml:exterior>
                        <gml:LinearRing>
                          <gml:posList srsDimension="2">45.25671 14.56213 45.25671 14.56203 45.2567 14.5619 45.25667 14.56141 45.25659 14.56113 45.25652 14.56065 45.25643 14.56035 45.25641 14.56014 45.25615 14.55935 45.25593 14.55894 45.25583 14.55875 45.25568 14.55844 45.25543 14.55811 45.25537 14.55799 45.25514 14.55774 45.25478 14.5572 45.25452 14.55665 45.25438 14.55644 45.25428 14.55627 45.25416 14.55598 45.25393 14.55573 45.25355 14.5555 45.25337 14.55545 45.25313 14.55545 45.25285 14.55561 45.2527 14.55581 45.2526 14.55589 45.25236 14.55592 45.25227 14.55587 45.25222 14.55577 45.25204 14.55561 45.25189 14.55562 45.25157 14.55585 45.25148 14.55591 45.25141 14.55598 45.2513 14.55605 45.25121 14.55618 45.25117 14.55624 45.25112 14.55634 45.25107 14.55657 45.25093 14.55674 45.25082 14.55728 45.25062 14.55782 45.25059 14.55812 45.25059 14.55851 45.25054 14.55876 45.25048 14.55891 45.25029 14.55914 45.25011 14.55968 45.24995 14.56001 45.24985 14.56009 45.24981 14.56015 45.24972 14.56032 45.24968 14.56068 45.24936 14.56111 45.249 14.5614 45.24878 14.56178 45.24866 14.56181 45.24834 14.56204 45.24823 14.5621 45.24812 14.56219 45.24771 14.5625 45.24749 14.56278 45.24746 14.56291 45.24733 14.56296 45.24726 14.56307 45.24717 14.56312 45.24708 14.56327 45.24694 14.56337 45.24672 14.56366 45.24647 14.56386 45.2464 14.56399 45.24593 14.5643 45.24557 14.56486 45.24522 14.56517 45.24484 14.56563 45.24473 14.56599 45.24468 14.56642 45.24461 14.56663 45.24448 14.56678 45.24445 14.56688 45.24449 14.56704 45.24452 14.56706 45.24459 14.56739 45.24469 14.5676 45.2447 14.5678 45.24467 14.56803 45.24472 14.56828 45.2449 14.56841 45.24498 14.56869 45.24507 14.56874 45.24514 14.56887 45.24534 14.56899 45.24548 14.56899 45.24557 14.56894 45.24598 14.56832 45.24616 14.56817 45.24627 14.56802 45.24677 14.5676 45.24713 14.56722 45.24724 14.56712 45.24735 14.56701 45.24749 14.56689 45.2479 14.56658 45.24887 14.56609 45.24909 14.56608 45.24943 14.56604 45.24958 14.56597 45.24969 14.56591 45.24977 14.5658 45.24985 14.56573 45.25006 14.56572 45.25013 14.5658 45.25031 14.56585 45.25042 14.56592 45.25057 14.56612 45.25066 14.56616 45.25075 14.56617 45.25088 14.5661 45.25123 14.56607 45.25181 14.56627 45.2521 14.56644 45.25247 14.56654 45.25294 14.56682 45.25323 14.56712 45.25377 14.56717 45.25383 14.56722 45.25389 14.56725 45.25406 14.56727 45.25419 14.56722 45.25426 14.56711 45.25445 14.5665 45.25453 14.5664 45.25465 14.56632 45.25479 14.56612 45.25492 14.56586 45.25495 14.56568 45.25513 14.56522 45.25521 14.56513 45.25524 14.56504 45.25546 14.56468 45.25556 14.56446 45.25568 14.56423 45.25574 14.56412 45.25621 14.56342 45.25636 14.56322 45.25646 14.56305 45.25662 14.56264 45.25671 14.56233 45.25671 14.5622 45.25671 14.56213</gml:posList>
                        </gml:LinearRing>
                      </gml:exterior>
                    </gml:Polygon>
                  </gml:surfaceMember>
                  <gml:surfaceMember>
                    <gml:Polygon gml:id="MEDIA_MONITORED_CILJ_ID_1_CILJ_ID_5_POLUTANT_1_MODEL_207">
                      <gml:exterior>
                        <gml:LinearRing>
                          <gml:posList srsDimension="2">45.47047 14.32262 45.47298 14.31974 45.4772 14.31846 45.48297 14.3167 45.4802 14.30594 45.48129 14.30226 45.4813 14.30205 45.48137 14.30196 45.48165 14.30087 45.48191 14.29987 45.48487 14.29095 45.48845 14.28808 45.48981 14.28699 45.4903 14.2866 45.48995 14.28499 45.48947 14.2828 45.49039 14.28196 45.49036 14.28172 45.49033 14.28156 45.49023 14.28095 45.49031 14.28087 45.49038 14.28082 45.49034 14.28056 45.49044 14.28025 45.49044 14.28001 45.49045 14.27988 45.4903 14.27905 45.49017 14.27893 45.48965 14.27792 45.4896 14.27791 45.48951 14.27787 45.48941 14.27771 45.48928 14.27749 45.48927 14.27735 45.48917 14.2768 45.4892 14.27671 45.4893 14.27644 45.48929 14.27629 45.48925 14.27625 45.48923 14.27622 45.48923 14.27617 45.48924 14.276 45.48906 14.27579 45.48901 14.2757 45.48881 14.27537 45.48873 14.27533 45.4886 14.27526 45.4886 14.27519 45.48842 14.27506 45.48844 14.275 45.48836 14.27483 45.48833 14.27483 45.48817 14.27485 45.48805 14.27481 45.48788 14.27482 45.48761 14.27454 45.4876 14.27454 45.48734 14.27443 45.48714 14.27428 45.48689 14.27421 45.48687 14.27431 45.48661 14.27384 45.48658 14.27386 45.48656 14.27381 45.48654 14.27375 45.48614 14.27339 45.48591 14.27292 45.48559 14.2709 45.48334 14.26888 45.48323 14.26893 45.48302 14.26874 45.48301 14.2687 45.48299 14.26862 45.48223 14.26796 45.48227 14.26764 45.48229 14.26744 45.48225 14.26743 45.48225 14.26738 45.48226 14.26724 45.48229 14.26723 45.48232 14.26723 45.48251 14.26578 45.48266 14.26457 45.48334 14.26419 45.48353 14.26441 45.48379 14.2642 45.48386 14.26419 45.48392 14.26417 45.484 14.26408 45.48403 14.26394 45.48406 14.2637 45.48408 14.26347 45.4842 14.26315 45.48424 14.26303 45.48431 14.26302 45.4845 14.26272 45.48468 14.26267 45.48483 14.26277 45.48495 14.26285 45.48504 14.26305 45.48504 14.26313 45.48503 14.26324 45.48628 14.26255 45.487 14.26214 45.48863 14.26041 45.48994 14.25902 45.48991 14.25887 45.48998 14.25864 45.49 14.25857 45.49011 14.25865 45.49021 14.25871 45.49035 14.25857 45.4909 14.25801 45.49082 14.25784 45.49074 14.25767 45.49079 14.25758 45.49095 14.25754 45.49123 14.25729 45.49146 14.25662 45.49154 14.25661 45.49161 14.25674 45.49169 14.25691 45.49177 14.25694 45.49185 14.25697 45.49315 14.2561 45.49485 14.25497 45.495 14.25465 45.49542 14.25415 45.49557 14.25397 45.49564 14.2539 45.49589 14.25361 45.49614 14.25304 45.49662 14.25252 45.49688 14.25186 45.497 14.2513 45.49719 14.25006 45.4973 14.2496 45.49757 14.24968 45.49902 14.24938 45.49928 14.24919 45.49975 14.24882 45.49993 14.24867 45.50002 14.24859 45.50048 14.24819 45.50118 14.24777 45.50119 14.24768 45.50119 14.24757 45.50189 14.24699 45.50206 14.24675 45.50219 14.2467 45.50226 14.24668 45.50233 14.24657 45.50252 14.24625 45.50291 14.24611 45.50316 14.24606 45.50336 14.24611 45.50357 14.24648 45.50359 14.24644 45.5036 14.24641 45.50362 14.24637 45.50342 14.24602 45.50329 14.24597 45.5031 14.24591 45.50336 14.24569 45.50341 14.24554 45.50477 14.24512 45.50529 14.24496 45.50525 14.24479 45.50518 14.24443 45.50518 14.24382 45.50518 14.24345 45.50518 14.24317 45.50518 14.24313 45.50494 14.24139 45.50581 14.23741 45.5056 14.23493 45.50516 14.23262 45.50477 14.23061 45.50139 14.22338 45.50119 14.22333 45.50001 14.22304 45.49655 14.22216 45.49638 14.22204 45.49341 14.22006 45.49272 14.2178 45.49215 14.21592 45.49217 14.21536 45.49221 14.21455 45.49258 14.21429 45.492 14.21392 45.49157 14.21365 45.49143 14.2136 45.49093 14.21341 45.49028 14.21278 45.48991 14.21243 45.48965 14.21248 45.48936 14.21235 45.48887 14.21211 45.4885 14.21241 45.48901 14.21065 45.48813 14.21011 45.4842 14.20766 45.4821 14.20635 45.47978 14.20924 45.47853 14.20662 45.46923 14.20765 45.47013 14.20432 45.47066 14.20236 45.47189 14.19786 45.47205 14.19737 45.47218 14.19701 45.47221 14.19688 45.47224 14.19674 45.47243 14.19622 45.47257 14.19584 45.47261 14.19569 45.47271 14.19538 45.47277 14.1951 45.47282 14.19483 45.47288 14.19469 45.47294 14.19454 45.47301 14.19427 45.47324 14.19377 45.4733 14.1935 45.47351 14.19309 45.47389 14.19235 45.47414 14.19181 45.47425 14.19118 45.47465 14.19003 45.47476 14.18977 45.47476 14.18963 45.47476 14.18959 45.4748 14.18922 45.47483 14.18904 45.47483 14.18858 45.47485 14.18843 45.4749 14.18809 45.47491 14.18804 45.47488 14.18772 45.47489 14.18743 45.47491 14.18698 45.47499 14.18665 45.47504 14.18646 45.47509 14.18636 45.47514 14.18628 45.47541 14.18593 45.47567 14.18559 45.47626 14.18474 45.47665 14.18395 45.4769 14.18359 45.47707 14.18335 45.47733 14.18258 45.4774 14.18235 45.47755 14.18187 45.47778 14.18104 45.47782 14.18082 45.47789 14.18042 45.47798 14.18011 45.47807 14.17982 45.47812 14.1795 45.47824 14.17879 45.47872 14.17728 45.47953 14.17311 45.47972 14.17038 45.47988 14.16822 45.4798 14.16803 45.47978 14.16798 45.47979 14.16742 45.47975 14.16731 45.47965 14.16733 45.47959 14.16737 45.47967 14.16719 45.47967 14.16696 45.47982 14.16667 45.47987 14.16657 45.47993 14.16641 45.47983 14.16627 45.47977 14.16618 45.47977 14.16538 45.47981 14.16503 45.47981 14.165 45.47987 14.16482 45.47992 14.1647 45.47991 14.16443 45.47979 14.16417 45.47978 14.16402 45.47976 14.16386 45.47981 14.16375 45.47984 14.16369 45.48007 14.16307 45.4801 14.16283 45.48013 14.16258 45.48015 14.16253 45.4802 14.1624 45.48021 14.1623 45.48021 14.1622 45.48038 14.16192 45.4804 14.16162 45.48049 14.16142 45.48054 14.16126 45.48057 14.16116 45.48057 14.16096 45.48056 14.16081 45.48059 14.16067 45.48061 14.16057 45.48057 14.16025 45.48048 14.15994 45.48038 14.15972 45.48078 14.15644 45.48107 14.15406 45.48066 14.1519 45.48039 14.15052 45.47817 14.14743 45.47536 14.14353 45.47527 14.13681 45.47538 14.13671 45.47543 14.13666 45.47564 14.13384 45.47742 14.12812 45.47958 14.12211 45.48111 14.11792 45.48227 14.11115 45.48239 14.10907 45.48099 14.10938 45.48009 14.10958 45.47765 14.11013 45.47437 14.11277 45.4708 14.11453 45.469 14.11342 45.46499 14.11093 45.45955 14.1079 45.45077 14.11965 45.44332 14.12076 45.43271 14.13344 45.43167 14.13555 45.42603 14.14618 45.42454 14.14901 45.41932 14.15905 45.41821 14.16155 45.41592 14.16509 45.41502 14.16791 45.41367 14.17497 45.41188 14.18135 45.41119 14.18397 45.41072 14.18648 45.41027 14.18826 45.41027 14.18828 45.41026 14.18831 45.40879 14.1923 45.40706 14.19753 45.40596 14.20103 45.40506 14.20329 45.4043 14.20536 45.4031 14.20587 45.4017 14.2062 45.40128 14.20621 45.39585 14.19548 45.39312 14.18987 45.393 14.18963 45.39208 14.18875 45.39187 14.1902 45.39166 14.1917 45.39154 14.19325 45.39075 14.20201 45.39061 14.20536 45.39063 14.20614 45.39039 14.20639 45.39025 14.20652 45.39013 14.20664 45.38983 14.20694 45.38919 14.2075 45.38869 14.20807 45.38727 14.20908 45.38625 14.20969 45.38525 14.21041 45.38428 14.21118 45.38359 14.21183 45.383 14.21207 45.38268 14.21215 45.38166 14.21421 45.38064 14.21585 45.37992 14.21692 45.37935 14.21784 45.37914 14.21861 45.37817 14.21997 45.37788 14.22067 45.37717 14.22203 45.37693 14.22256 45.37688 14.22366 45.37693 14.22498 45.37693 14.22545 45.37693 14.22571 45.37687 14.22652 45.37696 14.22862 45.37696 14.22939 45.37704 14.22985 45.37707 14.23005 45.37707 14.23012 45.37707 14.23054 45.37678 14.23116 45.37636 14.23286 45.37577 14.23475 45.37507 14.2366 45.37443 14.23801 45.37358 14.24015 45.37317 14.24164 45.37227 14.24531 45.37164 14.24712 45.37128 14.24798 45.37083 14.24879 45.37033 14.25033 45.36938 14.25241 45.36918 14.25329 45.36899 14.25443 45.3677 14.25753 45.36762 14.25788 45.36714 14.2593 45.36669 14.26082 45.36611 14.2626 45.36455 14.26686 45.36432 14.26742 45.36417 14.26766 45.36393 14.26826 45.36311 14.27079 45.36265 14.27194 45.36171 14.27473 45.36137 14.27546 45.36098 14.27644 45.36016 14.27792 45.35994 14.27844 45.35976 14.27869 45.35929 14.27918 45.35886 14.27971 45.3585 14.28048 45.3577 14.28143 45.35707 14.28163 45.35605 14.2818 45.35454 14.28254 45.35412 14.28283 45.35386 14.2829 45.35238 14.28291 45.3519 14.28263 45.35121 14.28234 45.35072 14.2822 45.34984 14.282 45.34887 14.28157 45.34851 14.28207 45.347 14.28462 45.34616 14.28581 45.34539 14.28667 45.34469 14.28773 45.34356 14.28895 45.34256 14.28956 45.34157 14.28986 45.34113 14.29009 45.34091 14.2902 45.34015 14.29076 45.33989 14.29103 45.33958 14.29134 45.33952 14.29154 45.33919 14.29191 45.33888 14.29292 45.33869 14.29414 45.33846 14.29496 45.33829 14.29637 45.33825 14.29666 45.33827 14.29667 45.33925 14.29765 45.34016 14.29816 45.34056 14.29827 45.34189 14.29941 45.34308 14.30027 45.34493 14.30206 45.34621 14.30338 45.34683 14.3038 45.34798 14.30426 45.34801 14.30428 45.34878 14.30472 45.3489 14.30479 45.34962 14.30495 45.34983 14.305 45.35001 14.30491 45.35006 14.30478 45.35021 14.30445 45.35047 14.3041 45.3509 14.30405 45.3511 14.30402 45.35113 14.30402 45.35123 14.30386 45.35131 14.30374 45.35147 14.30304 45.35165 14.30299 45.35181 14.30318 45.35191 14.30388 45.35212 14.30462 45.35229 14.30488 45.35325 14.30537 45.35341 14.30542 45.35367 14.30525 45.35396 14.30507 45.3543 14.30512 45.35444 14.3053 45.35413 14.3059 45.35411 14.30674 45.35415 14.30705 45.35425 14.30723 45.35465 14.30758 45.3551 14.30784 45.35554 14.30803 45.35596 14.30829 45.35641 14.30855 45.35688 14.30899 45.35723 14.30929 45.35759 14.30963 45.35794 14.30949 45.35794 14.30953 45.35792 14.30965 45.35778 14.31093 45.35773 14.31158 45.35666 14.31195 45.35665 14.31213 45.35666 14.31251 45.35673 14.31304 45.35676 14.31322 45.35682 14.31363 45.35675 14.31362 45.3567 14.31361 45.35678 14.3141 45.35694 14.31452 45.3572 14.31481 45.35748 14.31498 45.35771 14.31536 45.3588 14.31714 45.35832 14.31775 45.35779 14.31832 45.35759 14.31837 45.35733 14.31856 45.35727 14.31862 45.35713 14.31877 45.35704 14.31903 45.35699 14.31918 45.35648 14.31999 45.3567 14.32046 45.3569 14.32078 45.35699 14.32084 45.35717 14.32097 45.35719 14.32103 45.35726 14.32128 45.35735 14.32149 45.35746 14.32174 45.35758 14.32219 45.35763 14.32237 45.35794 14.32281 45.35892 14.32336 45.35906 14.32337 45.35918 14.32352 45.35915 14.32384 45.35898 14.32386 45.35867 14.32413 45.35857 14.32438 45.35868 14.32485 45.35881 14.32526 45.35909 14.32549 45.35936 14.32552 45.35963 14.32543 45.35996 14.32542 45.36019 14.32581 45.36031 14.32638 45.36054 14.32676 45.36071 14.32706 45.36071 14.32706 45.36037 14.32816 45.3602 14.32872 45.36024 14.32909 45.36024 14.3291 45.36021 14.32918 45.36013 14.32944 45.35993 14.3295 45.35896 14.32858 45.35861 14.32867 45.35844 14.32925 45.35827 14.3301 45.35814 14.33132 45.35792 14.33224 45.35786 14.33247 45.35714 14.33467 45.35681 14.33546 45.35661 14.33575 45.35694 14.33622 45.35718 14.33658 45.3574 14.33659 45.35801 14.33644 45.35815 14.33643 45.35895 14.33714 45.35996 14.33802 45.36018 14.3376 45.36106 14.33755 45.36163 14.33752 45.36248 14.33755 45.36325 14.33741 45.36383 14.33766 45.36422 14.33791 45.36441 14.33813 45.36476 14.33798 45.36487 14.3375 45.36503 14.33765 45.36528 14.33804 45.36529 14.33807 45.36542 14.33851 45.36544 14.33859 45.36525 14.33935 45.36546 14.34026 45.36566 14.34097 45.36592 14.34219 45.36625 14.34276 45.36648 14.34292 45.36678 14.34395 45.36718 14.34392 45.36724 14.34414 45.36731 14.3442 45.36743 14.3443 45.3677 14.34454 45.36779 14.34434 45.3679 14.3441 45.36786 14.34394 45.36786 14.34392 45.36785 14.34389 45.36775 14.34387 45.36762 14.34383 45.3675 14.34382 45.36746 14.34382 45.36754 14.34299 45.36775 14.34274 45.36776 14.34271 45.36779 14.34217 45.36768 14.34187 45.36792 14.341 45.36798 14.34045 45.36813 14.33923 45.36829 14.33835 45.36842 14.3375 45.36839 14.33729 45.36837 14.33722 45.36836 14.3371 45.36835 14.33705 45.36813 14.33587 45.36819 14.33524 45.36828 14.33475 45.36792 14.33373 45.36799 14.33322 45.3683 14.3329 45.36844 14.33252 45.36853 14.33227 45.36846 14.33185 45.36874 14.33142 45.36887 14.33121 45.36883 14.33096 45.36878 14.33066 45.36853 14.33005 45.36851 14.32947 45.36839 14.32903 45.36847 14.32839 45.36853 14.32785 45.36857 14.32748 45.36892 14.32763 45.36921 14.32764 45.36964 14.32753 45.36994 14.32748 45.37006 14.32654 45.36907 14.32527 45.36906 14.32525 45.36928 14.32508 45.36964 14.32479 45.37013 14.32448 45.37094 14.32472 45.37187 14.32498 45.37199 14.32564 45.37216 14.32573 45.37259 14.32594 45.37328 14.32587 45.37375 14.32598 45.37424 14.32597 45.37457 14.32617 45.3753 14.32652 45.37532 14.32654 45.37566 14.32686 45.37614 14.32729 45.37667 14.32723 45.37699 14.3272 45.37739 14.3279 45.3776 14.32886 45.37841 14.33003 45.37885 14.33073 45.37929 14.33127 45.37979 14.33126 45.38023 14.33149 45.38049 14.33204 45.38088 14.33188 45.38161 14.33352 45.3822 14.33503 45.38293 14.337 45.38325 14.33719 45.38367 14.33745 45.38399 14.33791 45.38444 14.33875 45.38454 14.33895 45.38524 14.3394 45.38608 14.3384 45.38675 14.33761 45.38753 14.33701 45.38762 14.33625 45.38855 14.33612 45.38952 14.3357 45.39005 14.3352 45.39078 14.33479 45.39144 14.33466 45.39187 14.33382 45.39197 14.3336 45.39274 14.33394 45.39336 14.33375 45.39418 14.33326 45.39512 14.3323 45.39581 14.33226 45.39668 14.33134 45.39744 14.32985 45.39846 14.3294 45.39904 14.32896 45.39972 14.32859 45.39974 14.32815 45.39975 14.32784 45.39944 14.32706 45.3993 14.32668 45.39883 14.32539 45.39873 14.32406 45.39866 14.32324 45.3979 14.32185 45.39752 14.32079 45.3983 14.32032 45.39897 14.32057 45.39975 14.32034 45.40027 14.3202 45.40115 14.31855 45.40199 14.31795 45.4026 14.31752 45.40284 14.31734 45.40395 14.31666 45.4045 14.31631 45.40516 14.31597 45.40575 14.31558 45.40584 14.31552 45.40661 14.31539 45.40676 14.31537 45.40745 14.31466 45.40801 14.31423 45.40899 14.31377 45.40953 14.31391 45.41054 14.31411 45.41091 14.31433 45.4112 14.31449 45.41187 14.31492 45.41258 14.31547 45.41285 14.3158 45.41286 14.31581 45.41332 14.31636 45.41275 14.31707 45.41247 14.31741 45.41289 14.31821 45.41358 14.31859 45.41409 14.31921 45.41492 14.31989 45.4162 14.3197 45.41707 14.31957 45.41728 14.3188 45.4183 14.3178 45.41887 14.3173 45.41944 14.31661 45.41996 14.3155 45.42052 14.31486 45.42126 14.31471 45.42225 14.31357 45.42243 14.31271 45.42273 14.31188 45.4232 14.31107 45.42378 14.31056 45.42401 14.30968 45.42438 14.3089 45.42454 14.30857 45.42449 14.30748 45.42461 14.30617 45.42552 14.30379 45.42791 14.30655 45.42933 14.308 45.43066 14.30916 45.43278 14.31085 45.43359 14.31154 45.43438 14.31222 45.43418 14.3132 45.43408 14.31367 45.43383 14.31521 45.43344 14.31765 45.43089 14.32075 45.43077 14.32129 45.43098 14.32137 45.43117 14.32145 45.43375 14.32248 45.43697 14.32314 45.43838 14.32319 45.43971 14.32334 45.44157 14.32352 45.443 14.32362 45.44397 14.32387 45.44467 14.32384 45.44553 14.32394 45.44628 14.32404 45.44699 14.32402 45.44773 14.3246 45.44783 14.32544 45.44851 14.32541 45.44937 14.32539 45.45002 14.32554 45.45078 14.32602 45.45153 14.32651 45.45236 14.32686 45.45339 14.32729 45.45493 14.32767 45.45511 14.32739 45.45583 14.32788 45.45728 14.32909 45.4585 14.33029 45.45866 14.33047 45.45873 14.33063 45.45874 14.33074 45.45874 14.33081 45.45874 14.33083 45.4587 14.33107 45.45866 14.33126 45.45849 14.33168 45.45839 14.33189 45.45834 14.332 45.45852 14.33241 45.45878 14.33289 45.45926 14.33254 45.45938 14.3329 45.45943 14.33307 45.46106 14.33305 45.4617 14.3326 45.46273 14.33199 45.46384 14.33125 45.46478 14.33065 45.46568 14.33001 45.46713 14.32884 45.46793 14.32763 45.46854 14.32673 45.4691 14.32543 45.4696 14.32393 45.47047 14.32262</gml:posList>
                        </gml:LinearRing>
                      </gml:exterior>
                    </gml:Polygon>
                  </gml:surfaceMember>
                </gml:MultiSurface>
              </sams:shape>
            </id2:AQD_ModelArea>
          </ns1:featureOfInterest>
          <ns1:observedProperty xlink:href="http://dd.eionet.europa.eu/vocabulary/aq/pollutant/8"/>
        </ns1:ObservingCapability>
      </ns1:observingCapability>
      <ns1:organisationLevel xlink:href=""/>
      <id2:environmentalObjective>
        <id2:EnvironmentalObjective>
          <id2:objectiveType xlink:href="http://dd.eionet.europa.eu/vocabulary/aq/objectivetype/CL"/>
          <id2:reportingMetric xlink:href="http://dd.eionet.europa.eu/vocabulary/aq/reportingmetric/aMean"/>
          <id2:protectionTarget xlink:href="http://dd.eionet.europa.eu/vocabulary/aq/protectiontarget/V"/>
        </id2:EnvironmentalObjective>
      </id2:environmentalObjective>
      <id2:assessmentType xlink:href="http://dd.eionet.europa.eu/vocabulary/aq/assessmenttype/model"/>
      <id2:zone xlink:href=""/>
    </id2:AQD_Model>
  </gml:featureMember>
  <gml:featureMember>
    <id2:AQD_Model gml:id="MEDIA_MONITORED_CILJ_ID_1_CILJ_ID_5_POLUTANT_2_1">
      <gml:description>Testna objektivna procjena</gml:description>
      <ns1:inspireId>
        <ns:Identifier>
          <ns:localId>MEDIA_MONITORED_CILJ_ID_1_CILJ_ID_5_POLUTANT_2_LOCAL</ns:localId>
          <ns:namespace>aqd.azo.hr</ns:namespace>
          <ns:versionId>1.0</ns:versionId>
        </ns:Identifier>
      </ns1:inspireId>
      <ns1:name/>
      <ns1:mediaMonitored xlink:href=""/>
      <ns1:observingCapability>
        <ns1:ObservingCapability gml:id="MEDIA_MONITORED_CILJ_ID_1_CILJ_ID_5_POLUTANT_2_MODEL_OBJECTIVE_ESTIMATION_1">
          <ns1:observingTime>
            <gml:TimePeriod gml:id="MEDIA_MONITORED_CILJ_ID_1_CILJ_ID_5_POLUTANT_2_MODEL_TIMEPERIOD_1">
              <gml:beginPosition>2001-01-01</gml:beginPosition>
              <gml:endPosition/>
            </gml:TimePeriod>
          </ns1:observingTime>
          <ns1:processType xlink:href="http://inspire.ec.europa.eu/codeList/ProcessTypeValue/process"/>
          <ns1:resultNature xlink:href="http://inspire.ec.europa.eu/codeList/ResultNatureValue/primary"/>
          <ns1:procedure xlink:href="MEDIA_MONITORED_CILJ_ID_1_CILJ_ID_5_POLUTANT_2_1"/>
          <ns1:featureOfInterest>
            <id2:AQD_ModelArea gml:id="MEDIA_MONITORED_CILJ_ID_1_CILJ_ID_5_POLUTANT_2_MODEL_MODEL_GEOMETRY_ID_4">
              <gml:name>MODEL</gml:name>
              <sam:sampledFeature xsi:nil="true" nilReason="inapplicable"/>
              <sams:shape>
                <gml:MultiSurface gml:id="MEDIA_MONITORED_CILJ_ID_1_CILJ_ID_5_POLUTANT_2_MODEL_MODEL_GEOMETRY_MULTISURFICE_ID_5" srsName="urn:ogc:def:crs:EPSG::4258">
                  <gml:surfaceMember>
                    <gml:Polygon gml:id="MEDIA_MONITORED_CILJ_ID_1_CILJ_ID_5_POLUTANT_2_MODEL_208">
                      <gml:exterior>
                        <gml:LinearRing>
                          <gml:posList srsDimension="2">45.58539 18.61786 45.58664 18.61571 45.58681 18.61543 45.58698 18.61528 45.58721 18.61509 45.58771 18.61474 45.58851 18.61417 45.5893 18.61361 45.59001 18.61311 45.59204 18.61155 45.59234 18.61128 45.59365 18.6101 45.59419 18.60905 45.59439 18.60886 45.59542 18.60789 45.59558 18.60726 45.59569 18.60687 45.5957 18.60682 45.59414 18.60544 45.59226 18.60452 45.59076 18.60391 45.58962 18.60345 45.58892 18.60316 45.58775 18.6027 45.58746 18.60258 45.58697 18.60211 45.58685 18.60199 45.58641 18.60115 45.58626 18.59965 45.58618 18.59884 45.58571 18.59385 45.58578 18.59285 45.58578 18.59266 45.58579 18.59181 45.5858 18.58926 45.58579 18.58884 45.58577 18.58801 45.58584 18.58693 45.58574 18.5861 45.58551 18.58526 45.58545 18.58516 45.58527 18.58486 45.58503 18.58471 45.58496 18.58467 45.58494 18.58464 45.58466 18.58426 45.58493 18.58378 45.58525 18.58354 45.58535 18.58341 45.58565 18.58301 45.58585 18.58292 45.58618 18.58277 45.58752 18.58249 45.58801 18.5819 45.58845 18.58156 45.58956 18.58114 45.58973 18.58114 45.58994 18.58114 45.59066 18.5807 45.59102 18.58044 45.59159 18.58003 45.59205 18.57979 45.59215 18.57974 45.5927 18.5794 45.59347 18.57909 45.59411 18.57883 45.59508 18.57777 45.59535 18.57747 45.59555 18.57716 45.59588 18.57664 45.5962 18.57602 45.59643 18.57556 45.59487 18.57307 45.5937 18.57121 45.59268 18.56958 45.59317 18.56881 45.59046 18.56474 45.58514 18.55676 45.58453 18.56207 45.58445 18.56279 45.57831 18.56156 45.57465 18.56083 45.56585 18.55887 45.56497 18.5585 45.56495 18.55849 45.56493 18.55848 45.56479 18.55825 45.56469 18.55808 45.56438 18.5571 45.56241 18.55869 45.55963 18.56091 45.55852 18.5615 45.55789 18.56074 45.55724 18.5616 45.55704 18.56093 45.55692 18.56051 45.55433 18.56206 45.55218 18.56093 45.55196 18.56092 45.55138 18.56089 45.55049 18.56193 45.55062 18.5629 45.55015 18.5636 45.55085 18.56582 45.5527 18.57173 45.54941 18.57377 45.54742 18.57477 45.54551 18.57529 45.54508 18.57544 45.54451 18.57564 45.54469 18.57872 45.54642 18.57905 45.54843 18.58 45.54927 18.58088 45.54992 18.58237 45.55018 18.58548 45.54981 18.58579 45.54872 18.58668 45.54822 18.58649 45.54775 18.5863 45.54666 18.58463 45.5452 18.58875 45.54299 18.59494 45.54291 18.59528 45.54278 18.59584 45.54248 18.59621 45.54227 18.59648 45.54181 18.59665 45.5409 18.59715 45.53766 18.59837 45.53786 18.59924 45.5384 18.60149 45.53841 18.60161 45.53867 18.60404 45.53877 18.60489 45.5374 18.60555 45.537 18.60574 45.53588 18.61017 45.53585 18.61401 45.53585 18.61404 45.5356 18.6192 45.53372 18.62005 45.53371 18.61972 45.5337 18.6195 45.53256 18.62001 45.53126 18.62061 45.53103 18.62071 45.53096 18.62073 45.52928 18.62145 45.52877 18.61984 45.52855 18.61915 45.52625 18.61982 45.52327 18.62103 45.52052 18.62178 45.51997 18.61974 45.51771 18.62061 45.51493 18.62156 45.51149 18.62244 45.50962 18.62126 45.50963 18.62126 45.50974 18.62149 45.50996 18.62335 45.51015 18.625 45.51034 18.62605 45.51038 18.62628 45.51044 18.62661 45.51051 18.62695 45.51063 18.62764 45.51014 18.63128 45.51031 18.63273 45.51125 18.64089 45.51138 18.64168 45.51151 18.64252 45.51073 18.64426 45.51324 18.65414 45.51609 18.66533 45.5151 18.66604 45.51407 18.66678 45.51476 18.66852 45.51564 18.67076 45.51608 18.67148 45.51664 18.67241 45.51698 18.67412 45.51702 18.67437 45.51783 18.67728 45.51791 18.67789 45.51809 18.6794 45.51811 18.6797 45.51813 18.68005 45.51728 18.67966 45.51621 18.67918 45.51681 18.68098 45.51747 18.68298 45.51767 18.68394 45.51784 18.68478 45.51783 18.68574 45.51783 18.68626 45.51782 18.68665 45.51775 18.68811 45.5177 18.68932 45.51768 18.69015 45.51767 18.69062 45.51766 18.69132 45.51764 18.69222 45.51839 18.69242 45.51896 18.69258 45.52008 18.69468 45.52083 18.69644 45.52115 18.69742 45.52113 18.69763 45.52113 18.69765 45.52111 18.6979 45.52092 18.69813 45.52036 18.69879 45.51878 18.70114 45.51844 18.70165 45.5167 18.70383 45.51586 18.70385 45.51531 18.70387 45.51435 18.704 45.51414 18.70416 45.51378 18.70444 45.51358 18.70465 45.51315 18.70511 45.5128 18.70568 45.51247 18.70623 45.50948 18.7096 45.50862 18.71049 45.50652 18.71267 45.50458 18.71484 45.50128 18.71853 45.50079 18.719 45.50015 18.71961 45.49931 18.72043 45.494 18.72563 45.48846 18.71552 45.48642 18.71757 45.48701 18.71881 45.48721 18.71923 45.48697 18.71947 45.48671 18.71973 45.48214 18.72437 45.48127 18.72294 45.47551 18.72883 45.47562 18.72908 45.47608 18.73014 45.47582 18.73039 45.47536 18.73084 45.47428 18.73189 45.47378 18.73239 45.47328 18.73136 45.47322 18.73123 45.46447 18.74058 45.4594 18.746 45.45985 18.747 45.46046 18.74836 45.45901 18.74977 45.45823 18.75052 45.4577 18.75104 45.45543 18.75323 45.45518 18.75284 45.45421 18.75127 45.45055 18.75543 45.44466 18.76109 45.44515 18.76642 45.44536 18.76866 45.44597 18.77728 45.4466 18.7862 45.45504 18.79344 45.4558 18.7941 45.4566 18.79479 45.45756 18.79552 45.45828 18.79612 45.45911 18.79682 45.46015 18.79763 45.46049 18.79793 45.4613 18.79865 45.46191 18.79948 45.46283 18.80072 45.46426 18.80251 45.45812 18.81576 45.45809 18.81583 45.45779 18.81647 45.46336 18.8274 45.46464 18.82992 45.46531 18.83093 45.46593 18.83187 45.46641 18.83239 45.46789 18.83404 45.46878 18.83503 45.46805 18.83618 45.46402 18.84249 45.4649 18.84254 45.46614 18.84347 45.46714 18.84515 45.46962 18.84742 45.4706 18.84845 45.47081 18.84897 45.47108 18.8496 45.47346 18.85081 45.47559 18.8519 45.47729 18.85068 45.47821 18.85004 45.47837 18.84992 45.47893 18.84952 45.47889 18.84883 45.47955 18.84865 45.48162 18.84809 45.47875 18.83134 45.48232 18.82707 45.48146 18.82566 45.48205 18.82479 45.4821 18.82471 45.4827 18.824 45.48271 18.824 45.48331 18.8233 45.48409 18.82239 45.4902 18.81532 45.49391 18.81104 45.4954 18.80927 45.498 18.80618 45.49866 18.8054 45.50015 18.80393 45.5007 18.80334 45.50269 18.80122 45.50489 18.79835 45.50498 18.79996 45.50504 18.80094 45.5064 18.80179 45.50832 18.80299 45.50922 18.8074 45.50983 18.81035 45.51351 18.81759 45.51392 18.81846 45.51406 18.81896 45.51421 18.81951 45.51568 18.82588 45.51672 18.82994 45.51749 18.834 45.51761 18.83465 45.51847 18.83879 45.51902 18.84005 45.51905 18.84012 45.5191 18.8402 45.51909 18.84022 45.51645 18.84821 45.51705 18.84835 45.52024 18.84906 45.52001 18.85172 45.51987 18.85325 45.52455 18.85807 45.53043 18.86461 45.53382 18.86001 45.53393 18.86024 45.53395 18.86028 45.53425 18.8605 45.53512 18.86115 45.53602 18.8621 45.53673 18.86285 45.53807 18.86327 45.53899 18.8634 45.53931 18.86345 45.54149 18.86306 45.54351 18.862 45.54473 18.8613 45.54636 18.86037 45.54801 18.85988 45.5502 18.85916 45.55126 18.85884 45.55198 18.85867 45.55221 18.85861 45.55178 18.85589 45.55155 18.8538 45.55137 18.8525 45.55119 18.85117 45.55085 18.84873 45.55074 18.84785 45.55047 18.84578 45.55016 18.84323 45.54984 18.84102 45.54965 18.83901 45.55252 18.83902 45.55379 18.83903 45.55521 18.83821 45.5587 18.83532 45.55837 18.83481 45.5583 18.8347 45.5582 18.83456 45.55815 18.83447 45.55738 18.83356 45.55643 18.8325 45.55619 18.83227 45.55544 18.83154 45.55463 18.8307 45.55405 18.83009 45.55359 18.82945 45.5524 18.82776 45.55121 18.82594 45.55035 18.82463 45.54978 18.82346 45.54972 18.82255 45.54971 18.82236 45.54994 18.82126 45.55041 18.81864 45.5509 18.81596 45.55113 18.81403 45.55127 18.81317 45.55133 18.81281 45.55133 18.81224 45.55134 18.81166 45.55119 18.81044 45.55106 18.80892 45.55074 18.80703 45.55064 18.80656 45.55031 18.80503 45.54948 18.80165 45.54902 18.80012 45.54855 18.79838 45.54786 18.79637 45.54711 18.7943 45.54594 18.7905 45.54587 18.79015 45.54541 18.78808 45.54448 18.78329 45.54421 18.78138 45.54413 18.78081 45.54382 18.77812 45.54304 18.77311 45.54275 18.77165 45.54263 18.77068 45.54258 18.77033 45.5425 18.76896 45.54252 18.76837 45.54253 18.76801 45.54258 18.76758 45.54268 18.76691 45.54305 18.76576 45.54325 18.76522 45.54354 18.76445 45.54567 18.76138 45.54694 18.75972 45.54827 18.75821 45.54898 18.75753 45.55368 18.75439 45.55502 18.75341 45.55533 18.75315 45.55691 18.75176 45.55787 18.7507 45.55796 18.75061 45.55831 18.7499 45.55964 18.74727 45.56031 18.74554 45.56149 18.74178 45.56189 18.74031 45.56216 18.73931 45.56241 18.73805 45.56255 18.73731 45.56304 18.7348 45.56426 18.73497 45.56524 18.73533 45.56588 18.73557 45.56816 18.73729 45.56837 18.73688 45.56874 18.73617 45.56891 18.73586 45.56947 18.73479 45.56947 18.7347 45.56953 18.73283 45.5696 18.73062 45.56947 18.72914 45.56936 18.72794 45.56941 18.72594 45.57373 18.72717 45.57486 18.72749 45.57589 18.72225 45.5757 18.72216 45.57501 18.72187 45.57484 18.72091 45.57447 18.71891 45.57418 18.71582 45.57399 18.71381 45.574 18.71351 45.57414 18.70771 45.57414 18.70766 45.57414 18.70758 45.57404 18.70333 45.57418 18.7023 45.57425 18.70186 45.5743 18.70155 45.5745 18.70021 45.575 18.69824 45.57506 18.69794 45.5753 18.69774 45.57542 18.69774 45.57557 18.69773 45.57617 18.69794 45.57674 18.69813 45.57741 18.69838 45.57816 18.69865 45.57939 18.6991 45.57982 18.69926 45.57951 18.69873 45.57919 18.69818 45.57872 18.69737 45.57883 18.69732 45.57894 18.69726 45.57974 18.69684 45.57868 18.69538 45.57843 18.69503 45.57707 18.69296 45.57697 18.69278 45.57678 18.69243 45.57657 18.69133 45.57664 18.69029 45.57665 18.69017 45.57676 18.6897 45.57743 18.68897 45.57903 18.68683 45.57937 18.68647 45.58051 18.68527 45.58037 18.68515 45.58032 18.68511 45.57987 18.68471 45.57887 18.68383 45.5781 18.68257 45.57799 18.68226 45.5769 18.67918 45.5761 18.67644 45.57557 18.67375 45.57542 18.67279 45.57481 18.66906 45.57475 18.66859 45.57473 18.66845 45.57446 18.66658 45.57602 18.66576 45.5762 18.66449 45.57647 18.66162 45.57651 18.6609 45.57653 18.66058 45.57661 18.65929 45.57659 18.65919 45.57658 18.65916 45.57656 18.65904 45.57653 18.65893 45.57612 18.65678 45.57558 18.65419 45.57526 18.65264 45.57512 18.65243 45.57451 18.65155 45.57313 18.65028 45.57321 18.64932 45.57324 18.649 45.57327 18.64867 45.57417 18.64563 45.57459 18.64389 45.57481 18.64295 45.57578 18.64072 45.57622 18.63974 45.57752 18.63617 45.57856 18.63333 45.57876 18.63277 45.57916 18.63144 45.57965 18.62979 45.58098 18.62653 45.58322 18.62191 45.58504 18.61851 45.58539 18.61786</gml:posList>
                        </gml:LinearRing>
                      </gml:exterior>
                    </gml:Polygon>
                  </gml:surfaceMember>
                  <gml:surfaceMember>
                    <gml:Polygon gml:id="MEDIA_MONITORED_CILJ_ID_1_CILJ_ID_5_POLUTANT_2_MODEL_209">
                      <gml:exterior>
                        <gml:LinearRing>
                          <gml:posList srsDimension="2">43.53632 16.44603 43.53633 16.44595 43.53635 16.44583 43.53636 16.44577 43.53636 16.44567 43.53636 16.44564 43.5363 16.44553 43.53628 16.44549 43.53625 16.44546 43.53625 16.44541 43.53627 16.44531 43.53631 16.44525 43.53634 16.4452 43.53636 16.44515 43.53636 16.44511 43.53633 16.44507 43.53628 16.44505 43.53627 16.44505 43.53623 16.44507 43.53618 16.44506 43.53617 16.44503 43.53616 16.44501 43.53615 16.44496 43.53608 16.44494 43.53605 16.44497 43.53603 16.44501 43.53601 16.4451 43.53596 16.44522 43.53592 16.44531 43.53586 16.44545 43.53581 16.44556 43.53577 16.44563 43.53575 16.44572 43.53572 16.44586 43.53571 16.44596 43.5357 16.44609 43.53571 16.44619 43.53571 16.44634 43.53573 16.44645 43.53575 16.44652 43.53577 16.44661 43.53582 16.44672 43.5359 16.44682 43.53596 16.44688 43.53602 16.44691 43.53607 16.44694 43.5361 16.44695 43.53616 16.44693 43.5362 16.44691 43.53624 16.44685 43.53627 16.44669 43.53627 16.44659 43.53629 16.44624 43.53631 16.44614 43.53631 16.44606 43.53632 16.44603</gml:posList>
                        </gml:LinearRing>
                      </gml:exterior>
                    </gml:Polygon>
                  </gml:surfaceMember>
                  <gml:surfaceMember>
                    <gml:Polygon gml:id="MEDIA_MONITORED_CILJ_ID_1_CILJ_ID_5_POLUTANT_2_MODEL_210">
                      <gml:exterior>
                        <gml:LinearRing>
                          <gml:posList srsDimension="2">43.5241 16.27317 43.52423 16.27303 43.52422 16.27295 43.52411 16.27273 43.52411 16.27255 43.52415 16.27241 43.52418 16.27197 43.5242 16.27185 43.52419 16.27134 43.52413 16.2709 43.52411 16.27066 43.52404 16.27038 43.52387 16.2703 43.52368 16.27027 43.52361 16.2703 43.52359 16.27033 43.52356 16.27033 43.52352 16.27028 43.52349 16.27019 43.52348 16.27005 43.52346 16.27 43.52338 16.26998 43.52328 16.27 43.52322 16.27004 43.52318 16.27012 43.52317 16.27023 43.52316 16.27038 43.52322 16.27054 43.5233 16.27071 43.52333 16.27081 43.52339 16.2709 43.52343 16.27102 43.52344 16.2712 43.52335 16.27143 43.52333 16.27153 43.52332 16.27164 43.52334 16.27178 43.5234 16.27192 43.52366 16.27231 43.52398 16.27303 43.52405 16.27314 43.5241 16.27317</gml:posList>
                        </gml:LinearRing>
                      </gml:exterior>
                    </gml:Polygon>
                  </gml:surfaceMember>
                  <gml:surfaceMember>
                    <gml:Polygon gml:id="MEDIA_MONITORED_CILJ_ID_1_CILJ_ID_5_POLUTANT_2_MODEL_211">
                      <gml:exterior>
                        <gml:LinearRing>
                          <gml:posList srsDimension="2">43.53223 16.62762 43.53593 16.61962 43.53767 16.61631 43.5403 16.61131 43.54111 16.6062 43.54171 16.60247 43.54347 16.59755 43.54423 16.59546 43.54561 16.5916 43.54567 16.59138 43.55182 16.56993 43.54666 16.55449 43.54665 16.55448 43.53908 16.54702 43.53779 16.54575 43.53381 16.54183 43.52571 16.53386 43.52554 16.53369 43.52528 16.53343 43.52418 16.53231 43.5238 16.53233 43.52227 16.5324 43.5212 16.53209 43.52076 16.53196 43.52034 16.53138 43.52031 16.53073 43.52082 16.52759 43.52085 16.52737 43.52087 16.52717 43.52108 16.52521 43.52124 16.52365 43.52161 16.5209 43.52245 16.51679 43.52222 16.51677 43.52275 16.51441 43.52311 16.51282 43.52404 16.51043 43.52548 16.50914 43.52566 16.50823 43.52586 16.50814 43.52599 16.50812 43.52641 16.50805 43.52654 16.50788 43.52693 16.50737 43.52783 16.50512 43.52803 16.50462 43.5281 16.50444 43.52815 16.5043 43.52854 16.50169 43.52869 16.50063 43.5287 16.50055 43.52877 16.50005 43.52885 16.4986 43.52892 16.49734 43.52914 16.49595 43.52925 16.49528 43.52927 16.49517 43.52928 16.49343 43.52929 16.48958 43.52929 16.48867 43.5293 16.48409 43.52931 16.48405 43.52931 16.48403 43.52931 16.48388 43.52932 16.48332 43.52932 16.48297 43.52933 16.48279 43.52934 16.48203 43.52755 16.47447 43.52755 16.47446 43.52753 16.47424 43.52753 16.47418 43.52752 16.47414 43.5275 16.4741 43.52746 16.47403 43.52744 16.47398 43.52742 16.47395 43.52742 16.47391 43.52744 16.47388 43.52753 16.47378 43.52759 16.47376 43.52762 16.47374 43.52766 16.47367 43.52767 16.47356 43.52767 16.47353 43.52766 16.47351 43.52762 16.47346 43.52757 16.47339 43.52753 16.47332 43.5275 16.4732 43.52752 16.47295 43.52754 16.4728 43.52756 16.47262 43.52758 16.47246 43.52761 16.47216 43.52764 16.47185 43.52769 16.4715 43.52773 16.47116 43.52775 16.47097 43.52776 16.47084 43.52777 16.4707 43.52788 16.4707 43.52789 16.4705 43.5278 16.4705 43.52783 16.47027 43.52784 16.47007 43.52786 16.46994 43.5279 16.46971 43.52792 16.46958 43.52795 16.46919 43.52799 16.4689 43.528 16.46883 43.52806 16.46885 43.52809 16.46865 43.52802 16.46863 43.52806 16.46829 43.52809 16.46799 43.52815 16.46746 43.52821 16.46701 43.52829 16.46625 43.52831 16.46603 43.52841 16.46517 43.52843 16.46504 43.52848 16.46467 43.52847 16.4646 43.5284 16.46437 43.52829 16.46405 43.52799 16.46315 43.52795 16.46303 43.52793 16.46297 43.52787 16.46292 43.52774 16.46276 43.52768 16.46269 43.52766 16.46267 43.52761 16.4626 43.52759 16.46249 43.52759 16.4623 43.52758 16.46222 43.52748 16.46193 43.5274 16.46173 43.52734 16.46158 43.5273 16.4615 43.52728 16.4614 43.52725 16.46132 43.5272 16.4612 43.52716 16.4611 43.52714 16.46102 43.52713 16.46088 43.52714 16.46086 43.52717 16.46081 43.52725 16.46074 43.52736 16.46073 43.52743 16.46071 43.52749 16.46064 43.52752 16.46055 43.52756 16.46043 43.52758 16.4604 43.52768 16.46038 43.52773 16.46037 43.52777 16.46031 43.52777 16.46023 43.5278 16.46006 43.52783 16.45989 43.52785 16.45977 43.52789 16.45971 43.52795 16.45964 43.52798 16.45961 43.52803 16.45954 43.52806 16.4595 43.52806 16.45943 43.52807 16.4591 43.52805 16.45896 43.52802 16.45873 43.52799 16.45854 43.52797 16.45836 43.52795 16.45814 43.52793 16.45791 43.52791 16.45758 43.52787 16.4572 43.52785 16.45706 43.52785 16.45696 43.52788 16.45681 43.52791 16.45659 43.52791 16.45632 43.5279 16.45612 43.52788 16.45594 43.52788 16.45573 43.52791 16.45564 43.52792 16.45561 43.52792 16.4555 43.5279 16.45545 43.52791 16.45538 43.52798 16.45527 43.52814 16.45511 43.52824 16.45505 43.52832 16.45495 43.52839 16.45486 43.52845 16.45481 43.52854 16.4547 43.52856 16.45467 43.52863 16.45454 43.52869 16.45441 43.52871 16.45435 43.52873 16.45426 43.52876 16.4542 43.52879 16.45406 43.52881 16.45391 43.52882 16.45356 43.52881 16.45344 43.5288 16.45331 43.52881 16.45323 43.52886 16.45323 43.52887 16.45309 43.52882 16.45309 43.52878 16.45306 43.52876 16.45302 43.52876 16.45295 43.52881 16.45271 43.52886 16.45252 43.52892 16.45227 43.52896 16.45214 43.52899 16.45206 43.52903 16.452 43.52905 16.45196 43.52906 16.4518 43.52905 16.45175 43.52899 16.4516 43.52897 16.45154 43.52898 16.45106 43.52897 16.45101 43.52893 16.45092 43.52883 16.45059 43.52897 16.45049 43.52892 16.45038 43.52878 16.45048 43.52861 16.45059 43.52851 16.45066 43.52846 16.45065 43.5284 16.45058 43.52828 16.45043 43.52818 16.45031 43.52803 16.45013 43.52795 16.45001 43.52787 16.44992 43.52782 16.44983 43.52781 16.44974 43.52782 16.44925 43.5278 16.44921 43.52775 16.44918 43.52768 16.44913 43.52765 16.4491 43.52764 16.44908 43.52776 16.44889 43.52785 16.44873 43.5279 16.44866 43.52791 16.44865 43.52793 16.44865 43.52795 16.44867 43.52805 16.44875 43.52817 16.44884 43.52828 16.44891 43.52832 16.44893 43.52852 16.44909 43.52857 16.44913 43.52862 16.44918 43.52865 16.44918 43.52875 16.44913 43.52892 16.44905 43.52904 16.44896 43.52912 16.44893 43.52924 16.44888 43.52933 16.44887 43.52942 16.44888 43.52948 16.44891 43.5295 16.44891 43.52954 16.44885 43.52972 16.44863 43.52983 16.44854 43.52989 16.44843 43.52994 16.44829 43.53 16.44813 43.53003 16.44779 43.53002 16.44755 43.53001 16.44746 43.53001 16.44737 43.53009 16.44722 43.53021 16.44691 43.53023 16.44688 43.53022 16.44683 43.5302 16.44677 43.53017 16.44676 43.52988 16.44664 43.52953 16.44645 43.52907 16.44625 43.52864 16.44604 43.52836 16.4459 43.52828 16.44586 43.52825 16.44584 43.52818 16.44583 43.52788 16.44568 43.52777 16.44562 43.5277 16.44557 43.52733 16.44539 43.52726 16.44536 43.52719 16.44537 43.52707 16.44549 43.52694 16.44562 43.52684 16.44572 43.52679 16.44571 43.52632 16.44546 43.52621 16.4454 43.52615 16.44539 43.52595 16.44528 43.52582 16.44521 43.52545 16.44501 43.52532 16.44495 43.52485 16.44474 43.5244 16.4445 43.5239 16.44426 43.5237 16.44415 43.52369 16.44412 43.52369 16.44404 43.52375 16.44382 43.52381 16.44363 43.52384 16.44359 43.5239 16.4436 43.52405 16.4437 43.52415 16.44373 43.52442 16.44387 43.5246 16.44399 43.52503 16.44422 43.52522 16.44429 43.52535 16.44438 43.52572 16.44457 43.52586 16.44466 43.52591 16.44447 43.52573 16.44437 43.52528 16.44414 43.52485 16.44395 43.52497 16.4435 43.52531 16.44353 43.52554 16.44358 43.52598 16.44366 43.52599 16.44349 43.52568 16.44343 43.52525 16.44335 43.52492 16.44331 43.52447 16.44321 43.52417 16.44316 43.52419 16.44275 43.5244 16.4428 43.52466 16.44286 43.52505 16.44295 43.52539 16.44299 43.52584 16.44309 43.52624 16.44315 43.52625 16.44305 43.52578 16.44298 43.52576 16.44293 43.52576 16.44285 43.52578 16.44282 43.52608 16.4429 43.5263 16.44292 43.52631 16.44276 43.52581 16.4427 43.52569 16.44264 43.52517 16.44252 43.52477 16.44245 43.52439 16.44237 43.52443 16.44201 43.52493 16.44212 43.52536 16.4422 43.52564 16.44225 43.52564 16.44207 43.52446 16.44183 43.52444 16.44173 43.52448 16.4415 43.52473 16.44156 43.52504 16.44163 43.52528 16.44166 43.52551 16.44172 43.52554 16.44172 43.52555 16.44155 43.52515 16.44147 43.5248 16.4414 43.52455 16.44135 43.5245 16.44133 43.52451 16.44104 43.52457 16.44101 43.52487 16.44108 43.52521 16.44114 43.52545 16.44119 43.52561 16.44122 43.52566 16.4406 43.52543 16.44053 43.52541 16.44046 43.52546 16.44008 43.5255 16.44 43.52559 16.44001 43.52563 16.44005 43.52571 16.44005 43.5258 16.43998 43.52587 16.43998 43.52608 16.44005 43.52621 16.44004 43.52621 16.43991 43.52605 16.4399 43.526 16.43988 43.52593 16.43986 43.52589 16.43984 43.52587 16.43981 43.52607 16.43977 43.52615 16.43975 43.52633 16.4398 43.52651 16.43983 43.52663 16.43981 43.52667 16.43976 43.52668 16.43962 43.52666 16.43956 43.52652 16.43942 43.52637 16.43932 43.52624 16.43925 43.52614 16.43918 43.52609 16.43911 43.52608 16.43902 43.52611 16.43898 43.52615 16.439 43.52624 16.43914 43.52636 16.43916 43.52641 16.43913 43.52654 16.43903 43.52667 16.43887 43.52671 16.4388 43.52676 16.43873 43.52687 16.43861 43.52694 16.43855 43.52712 16.43859 43.52734 16.4389 43.5274 16.43897 43.52746 16.43904 43.52757 16.43913 43.5278 16.43922 43.52792 16.43931 43.52797 16.43939 43.528 16.4395 43.52803 16.43967 43.5281 16.43976 43.5282 16.43988 43.52827 16.44008 43.52831 16.44027 43.52833 16.44038 43.52842 16.44049 43.5285 16.44051 43.52857 16.44045 43.52875 16.44 43.52884 16.43959 43.52892 16.43935 43.52893 16.43919 43.52895 16.43896 43.52898 16.43885 43.529 16.43871 43.52896 16.43855 43.52887 16.43821 43.52883 16.43803 43.52878 16.43792 43.52876 16.4378 43.52875 16.4376 43.52874 16.4375 43.52872 16.43739 43.52862 16.43725 43.52854 16.4371 43.52848 16.43694 43.52841 16.43665 43.52837 16.4365 43.52832 16.4364 43.52828 16.43619 43.52827 16.43577 43.52827 16.43565 43.52822 16.43548 43.52817 16.43538 43.52815 16.43531 43.52813 16.43526 43.52811 16.43517 43.52806 16.43513 43.52793 16.43494 43.52782 16.43464 43.52779 16.43458 43.52773 16.43425 43.52768 16.43401 43.52764 16.4338 43.52764 16.43374 43.52774 16.43375 43.52777 16.43307 43.52755 16.43305 43.52754 16.43291 43.52766 16.4324 43.52773 16.43193 43.52788 16.43116 43.52799 16.43051 43.52813 16.42978 43.52835 16.42864 43.52841 16.42839 43.52845 16.42807 43.52858 16.42746 43.52861 16.42713 43.5286 16.42705 43.52837 16.42633 43.52817 16.42586 43.52809 16.42562 43.52788 16.42513 43.52772 16.42471 43.5275 16.42417 43.52737 16.42386 43.52724 16.42349 43.52718 16.42336 43.52708 16.42347 43.52723 16.42389 43.52734 16.42413 43.52738 16.42429 43.52744 16.42437 43.52751 16.4246 43.52765 16.42494 43.52772 16.42514 43.52785 16.42546 43.52799 16.42581 43.52805 16.42593 43.52813 16.42617 43.52832 16.42665 43.52839 16.42683 43.52841 16.4273 43.52841 16.42761 43.52831 16.42804 43.52822 16.42865 43.5281 16.42918 43.52804 16.42949 43.52786 16.43051 43.52775 16.43109 43.52764 16.43164 43.5275 16.4323 43.52749 16.43244 43.52745 16.43266 43.52743 16.43276 43.52738 16.43276 43.52707 16.4325 43.52698 16.43242 43.52665 16.43216 43.52663 16.4321 43.52671 16.43166 43.5267 16.43164 43.52496 16.43091 43.52494 16.43109 43.52524 16.43121 43.52526 16.43125 43.52521 16.43145 43.52519 16.43155 43.52517 16.43158 43.5249 16.43152 43.52464 16.43143 43.52461 16.4314 43.5246 16.4313 43.52459 16.43115 43.5246 16.4311 43.52439 16.43104 43.52434 16.43099 43.52432 16.43067 43.52433 16.43036 43.52434 16.43033 43.52453 16.43034 43.52468 16.42731 43.52483 16.42436 43.52572 16.4243 43.52627 16.42423 43.52625 16.42404 43.52577 16.4241 43.52535 16.42412 43.52492 16.42415 43.52465 16.42419 43.52459 16.42417 43.52455 16.42414 43.52455 16.42402 43.52456 16.42389 43.52459 16.4238 43.52459 16.42371 43.52457 16.4236 43.52458 16.42352 43.52461 16.42347 43.52461 16.42344 43.52458 16.42338 43.52454 16.42332 43.52449 16.42317 43.52445 16.42297 43.52444 16.42282 43.5244 16.42258 43.52437 16.42244 43.52434 16.42231 43.52433 16.42224 43.52431 16.42215 43.52428 16.42205 43.52415 16.42188 43.52407 16.42183 43.52387 16.42175 43.52362 16.4217 43.52349 16.42169 43.52325 16.42175 43.52312 16.42182 43.52301 16.4219 43.52293 16.422 43.52284 16.42209 43.5228 16.42209 43.52275 16.42203 43.52273 16.42189 43.52272 16.42183 43.52271 16.42148 43.52269 16.42134 43.52264 16.42126 43.52258 16.42116 43.52258 16.42107 43.52258 16.42098 43.52256 16.42091 43.52255 16.42084 43.52249 16.42084 43.52245 16.42089 43.52241 16.42105 43.52236 16.42111 43.52227 16.42119 43.52221 16.42127 43.52217 16.42152 43.52211 16.42178 43.522 16.42229 43.52195 16.42275 43.5219 16.42329 43.52188 16.42375 43.52185 16.4239 43.52178 16.42407 43.5217 16.42424 43.52163 16.42434 43.52098 16.42429 43.52097 16.42441 43.52133 16.42447 43.52136 16.42452 43.52133 16.42469 43.52134 16.42494 43.5213 16.42509 43.52132 16.42518 43.52137 16.4252 43.5214 16.42522 43.52139 16.4253 43.52139 16.42542 43.52139 16.42551 43.52136 16.42577 43.52133 16.42606 43.52131 16.4263 43.52128 16.42655 43.52128 16.4267 43.52117 16.42682 43.52114 16.42687 43.5211 16.42694 43.52109 16.42705 43.52112 16.42717 43.52114 16.42724 43.52115 16.42733 43.52113 16.42744 43.5211 16.42753 43.52109 16.42763 43.52111 16.42774 43.52116 16.42786 43.52116 16.42803 43.52114 16.4282 43.5211 16.42829 43.52095 16.42837 43.52082 16.42843 43.52079 16.42845 43.52077 16.42844 43.52076 16.42827 43.52072 16.42823 43.52053 16.42815 43.52041 16.4281 43.52037 16.42806 43.52037 16.42797 43.52069 16.42799 43.5207 16.42786 43.52039 16.42784 43.52039 16.42768 43.52044 16.42764 43.52077 16.42762 43.52077 16.42749 43.52043 16.42752 43.52041 16.42747 43.52041 16.42738 43.52053 16.4273 43.52072 16.42723 43.52082 16.42719 43.52079 16.42706 43.52066 16.42712 43.52051 16.42718 43.52044 16.42718 43.52045 16.42693 43.52061 16.42684 43.52076 16.42677 43.52072 16.42664 43.52038 16.42681 43.52033 16.42689 43.52026 16.42795 43.52023 16.42798 43.51936 16.42794 43.51933 16.42809 43.51933 16.42822 43.51933 16.42841 43.51927 16.42852 43.51918 16.42857 43.51912 16.42856 43.51891 16.42847 43.51881 16.42835 43.51874 16.42831 43.5184 16.42801 43.51823 16.4278 43.51823 16.42777 43.51842 16.4278 43.51843 16.42766 43.51816 16.42763 43.51808 16.42759 43.51792 16.42739 43.51786 16.4273 43.51782 16.42726 43.51782 16.42715 43.51784 16.42709 43.51789 16.42701 43.51793 16.42696 43.5185 16.4271 43.51846 16.42648 43.51774 16.4263 43.51772 16.42642 43.51789 16.42646 43.51785 16.42668 43.51781 16.42683 43.51781 16.42688 43.51771 16.42708 43.51763 16.4272 43.51759 16.42725 43.51756 16.42725 43.51738 16.42711 43.51712 16.42692 43.51704 16.42685 43.51694 16.42677 43.51689 16.42675 43.51684 16.42673 43.51684 16.42662 43.51683 16.42657 43.51669 16.42647 43.5166 16.42639 43.51658 16.42636 43.51657 16.42633 43.51657 16.42629 43.51688 16.42603 43.51683 16.42594 43.51674 16.42603 43.5167 16.42605 43.5166 16.42615 43.51654 16.42619 43.51651 16.42618 43.51648 16.42614 43.51645 16.42609 43.51634 16.42608 43.5163 16.42604 43.51618 16.42576 43.5161 16.4255 43.51605 16.42521 43.51604 16.42499 43.51604 16.42497 43.51608 16.42495 43.51609 16.42479 43.51602 16.42449 43.51598 16.42429 43.51597 16.42421 43.51593 16.42405 43.51589 16.42378 43.51586 16.42364 43.51581 16.42352 43.51578 16.42346 43.51576 16.42339 43.51577 16.42337 43.51592 16.42319 43.51616 16.42288 43.51618 16.42286 43.5161 16.42261 43.51604 16.42226 43.51596 16.42172 43.51586 16.42176 43.51591 16.42208 43.51595 16.42238 43.516 16.42263 43.51606 16.42283 43.51606 16.42286 43.51595 16.42298 43.51591 16.42303 43.51587 16.42303 43.51571 16.42258 43.51559 16.42225 43.51553 16.42205 43.51551 16.42181 43.51541 16.4218 43.51542 16.42202 43.51546 16.42223 43.51558 16.42252 43.51569 16.42278 43.51575 16.42296 43.51578 16.42307 43.5158 16.4231 43.51582 16.42315 43.5157 16.42328 43.51565 16.42328 43.51498 16.42228 43.51495 16.42217 43.51494 16.42194 43.51496 16.42192 43.51517 16.42183 43.51514 16.4217 43.51501 16.42175 43.51491 16.42179 43.51486 16.42174 43.51475 16.42113 43.51466 16.42065 43.51464 16.42053 43.51466 16.42046 43.51499 16.42047 43.51509 16.42117 43.51518 16.42117 43.51514 16.42086 43.51512 16.42065 43.51511 16.42048 43.51554 16.42047 43.51563 16.42046 43.51567 16.42055 43.51569 16.42072 43.51572 16.42095 43.51581 16.42092 43.51578 16.42073 43.51576 16.42062 43.51574 16.42045 43.5157 16.42038 43.51565 16.42034 43.51561 16.42034 43.51553 16.42036 43.51466 16.42034 43.51463 16.42031 43.51462 16.42015 43.5146 16.41997 43.51455 16.41977 43.51455 16.41946 43.51461 16.41906 43.51465 16.41878 43.51467 16.41859 43.51468 16.41796 43.51469 16.41791 43.51472 16.41765 43.51472 16.41721 43.5147 16.41704 43.51471 16.41678 43.51476 16.41665 43.51476 16.41613 43.51475 16.41599 43.51469 16.41589 43.51464 16.41576 43.51464 16.41563 43.51462 16.41554 43.51458 16.41544 43.51457 16.4153 43.51461 16.41512 43.51467 16.41485 43.5147 16.41478 43.51469 16.41461 43.5147 16.41429 43.51474 16.41346 43.51477 16.41252 43.51478 16.41237 43.51486 16.41229 43.5149 16.41221 43.5149 16.41206 43.51495 16.41173 43.51495 16.41119 43.51494 16.41073 43.51488 16.41038 43.51484 16.41016 43.51483 16.4099 43.51481 16.40972 43.5148 16.40961 43.51489 16.40939 43.51495 16.40923 43.51495 16.409 43.51494 16.40889 43.51495 16.40881 43.51497 16.40843 43.51499 16.40821 43.51505 16.40791 43.51505 16.40764 43.515 16.40739 43.51493 16.40714 43.51467 16.4069 43.5145 16.40677 43.51447 16.40669 43.51448 16.40662 43.51467 16.40638 43.51476 16.40628 43.51499 16.40561 43.51515 16.40505 43.51523 16.40488 43.5153 16.40476 43.51535 16.40471 43.51562 16.40463 43.51578 16.40455 43.51586 16.40434 43.51589 16.40348 43.51585 16.40334 43.51582 16.40314 43.51581 16.40298 43.51584 16.40281 43.51586 16.40261 43.51585 16.40252 43.51571 16.40227 43.51548 16.40184 43.51528 16.40156 43.51521 16.40148 43.5151 16.40144 43.51504 16.40136 43.515 16.40129 43.51496 16.40129 43.5149 16.40124 43.51491 16.40097 43.51482 16.40097 43.5148 16.40118 43.51473 16.40118 43.51458 16.40126 43.51448 16.40135 43.51443 16.40145 43.5144 16.40154 43.51428 16.40157 43.51423 16.40161 43.51418 16.40161 43.51415 16.40155 43.51411 16.40145 43.51413 16.40124 43.51417 16.40116 43.51417 16.40107 43.51409 16.40074 43.51393 16.4002 43.51386 16.39991 43.51375 16.39951 43.51364 16.39919 43.51356 16.39891 43.51347 16.39861 43.51342 16.39841 43.51339 16.39808 43.51336 16.39792 43.51333 16.39775 43.51329 16.39755 43.51318 16.39732 43.51301 16.39702 43.5129 16.39678 43.5128 16.39657 43.5127 16.39639 43.51261 16.39621 43.51249 16.39589 43.51239 16.39562 43.5122 16.39522 43.51213 16.39514 43.51198 16.39483 43.51185 16.39454 43.51172 16.39428 43.51162 16.39408 43.51154 16.3939 43.51149 16.39383 43.5114 16.39367 43.51127 16.39343 43.51124 16.39331 43.51103 16.39301 43.51092 16.39268 43.51084 16.39246 43.51075 16.39222 43.5107 16.39199 43.51065 16.3918 43.51057 16.39162 43.5105 16.39151 43.51048 16.39136 43.51044 16.39125 43.51027 16.39105 43.51019 16.39093 43.51013 16.39085 43.5102 16.39081 43.51012 16.39059 43.51006 16.39064 43.51002 16.39042 43.50998 16.39017 43.50995 16.38995 43.50991 16.38972 43.50988 16.38967 43.50985 16.38958 43.5098 16.38931 43.50978 16.38924 43.50972 16.3891 43.50964 16.38898 43.5095 16.38885 43.50936 16.38871 43.5093 16.38858 43.50929 16.38852 43.50922 16.38838 43.50913 16.38829 43.50868 16.3882 43.50862 16.38819 43.50861 16.38818 43.50855 16.38817 43.5085 16.38813 43.50833 16.38782 43.50829 16.38776 43.50826 16.38772 43.50806 16.38768 43.50805 16.38779 43.50818 16.38782 43.50824 16.38787 43.50829 16.38798 43.50839 16.38812 43.50842 16.38819 43.50843 16.38828 43.50795 16.38827 43.50793 16.38856 43.5079 16.38857 43.50785 16.38858 43.50782 16.38854 43.50781 16.38832 43.50779 16.38807 43.50771 16.38807 43.5077 16.38827 43.50772 16.38837 43.50773 16.38851 43.50773 16.38871 43.50773 16.38874 43.50773 16.38894 43.50769 16.38917 43.50767 16.38931 43.50765 16.38945 43.50768 16.38958 43.5077 16.38975 43.50767 16.39002 43.50765 16.39026 43.50765 16.39048 43.50768 16.39054 43.50768 16.39065 43.50763 16.39086 43.50762 16.39099 43.50763 16.39133 43.50762 16.39167 43.50763 16.39185 43.50763 16.3923 43.50768 16.3925 43.50773 16.39279 43.50774 16.39296 43.50776 16.39333 43.50777 16.39371 43.5078 16.39384 43.50784 16.39413 43.50791 16.39463 43.50792 16.39498 43.50796 16.39534 43.50798 16.39568 43.50802 16.3961 43.50805 16.39651 43.50807 16.39682 43.50804 16.39764 43.50802 16.3984 43.50799 16.39876 43.50795 16.39901 43.5079 16.3993 43.50789 16.39943 43.50784 16.39957 43.50775 16.39966 43.50766 16.39971 43.50757 16.39977 43.50745 16.39987 43.50735 16.40001 43.50728 16.40018 43.50718 16.40037 43.507 16.40059 43.50684 16.40065 43.50663 16.40062 43.50654 16.40058 43.50639 16.40055 43.50624 16.40053 43.50615 16.40057 43.50608 16.40062 43.50602 16.40071 43.50593 16.4008 43.5058 16.40087 43.50566 16.40092 43.50555 16.40097 43.50545 16.40106 43.50538 16.40114 43.50531 16.40117 43.50515 16.40118 43.50504 16.40119 43.50498 16.40123 43.50492 16.40134 43.50487 16.40147 43.50482 16.40153 43.50475 16.40151 43.50468 16.40147 43.50463 16.40147 43.50458 16.40149 43.50454 16.40156 43.50447 16.40201 43.5044 16.40246 43.50431 16.40292 43.5042 16.40342 43.50402 16.40475 43.504 16.405 43.50395 16.40533 43.50388 16.40585 43.50381 16.40644 43.50377 16.40694 43.50376 16.4073 43.50377 16.40752 43.50376 16.40793 43.50382 16.4082 43.50392 16.40838 43.50409 16.40859 43.50413 16.40879 43.50413 16.40889 43.50413 16.40896 43.50407 16.40915 43.50398 16.40929 43.50394 16.40928 43.50389 16.40903 43.5038 16.40908 43.50384 16.40927 43.50384 16.40933 43.5038 16.40936 43.50372 16.40939 43.50366 16.40949 43.50366 16.40973 43.50365 16.40988 43.5036 16.41015 43.50361 16.41034 43.50358 16.41082 43.50353 16.41111 43.50351 16.41144 43.5035 16.41156 43.5035 16.41165 43.5035 16.41176 43.50347 16.41198 43.50338 16.41226 43.5033 16.41254 43.50329 16.41255 43.50319 16.4129 43.50318 16.41299 43.50317 16.41314 43.50315 16.41325 43.50307 16.41341 43.50303 16.41355 43.50303 16.41367 43.50307 16.41385 43.50317 16.41408 43.5033 16.41438 43.50343 16.41467 43.50353 16.41492 43.50365 16.41532 43.50375 16.41567 43.50382 16.41607 43.50384 16.4163 43.50387 16.41649 43.50384 16.41671 43.50378 16.4169 43.50375 16.41704 43.50376 16.41736 43.50381 16.41767 43.50384 16.41781 43.50386 16.41792 43.50385 16.41814 43.50382 16.41828 43.50368 16.41844 43.50356 16.41846 43.5035 16.41846 43.50345 16.41841 43.50339 16.41834 43.50329 16.41836 43.50325 16.41843 43.50326 16.41855 43.50327 16.41863 43.50319 16.41884 43.50316 16.41899 43.50314 16.41921 43.5031 16.41937 43.50306 16.41948 43.50306 16.41953 43.50306 16.41963 43.50304 16.41968 43.50302 16.41966 43.50299 16.41958 43.50298 16.41952 43.50295 16.41945 43.50291 16.41945 43.50287 16.41947 43.50286 16.41955 43.50284 16.41976 43.50284 16.41995 43.50279 16.42023 43.50273 16.4204 43.50272 16.42055 43.50267 16.42071 43.50258 16.42086 43.50254 16.42107 43.50252 16.42118 43.50254 16.42125 43.50262 16.42129 43.5027 16.42126 43.50286 16.42124 43.50297 16.42124 43.50304 16.42128 43.50311 16.42135 43.50319 16.42147 43.50323 16.42166 43.50323 16.4219 43.50318 16.42224 43.50308 16.42254 43.50293 16.42306 43.50285 16.42323 43.50272 16.42351 43.50248 16.42382 43.50234 16.42403 43.5023 16.42414 43.50223 16.42417 43.50215 16.42413 43.50207 16.42406 43.50197 16.42395 43.50208 16.4237 43.50201 16.42365 43.5019 16.42389 43.50189 16.42392 43.50185 16.42389 43.50182 16.42385 43.50171 16.42376 43.50166 16.42372 43.50161 16.42369 43.50154 16.42362 43.50153 16.42359 43.50156 16.42346 43.5016 16.42337 43.50151 16.42331 43.50144 16.42348 43.50141 16.42359 43.50136 16.42361 43.50135 16.42361 43.50131 16.42359 43.50127 16.42359 43.50119 16.4238 43.50112 16.42397 43.50109 16.42409 43.50106 16.42423 43.501 16.42432 43.50089 16.42447 43.50085 16.42463 43.5008 16.42493 43.50076 16.42535 43.50073 16.42622 43.50073 16.4263 43.50072 16.42654 43.5007 16.42676 43.50067 16.42699 43.50065 16.42718 43.50065 16.42735 43.50066 16.42748 43.50068 16.42769 43.50069 16.42788 43.50069 16.42814 43.50071 16.42828 43.50071 16.42837 43.50067 16.42851 43.50064 16.42866 43.50061 16.42881 43.5006 16.42895 43.50062 16.42902 43.50062 16.42921 43.50061 16.42939 43.50057 16.42958 43.50065 16.42962 43.50069 16.42949 43.50072 16.42944 43.50083 16.42944 43.50087 16.42947 43.50117 16.42949 43.50173 16.42956 43.50212 16.42962 43.50218 16.42954 43.50229 16.42911 43.50221 16.42907 43.50214 16.4293 43.50211 16.42939 43.5021 16.42946 43.50206 16.4295 43.50166 16.42943 43.50135 16.42939 43.50114 16.42939 43.50102 16.42936 43.50089 16.42934 43.50087 16.42929 43.50101 16.42895 43.50111 16.42898 43.50118 16.429 43.5013 16.42903 43.50139 16.42902 43.50139 16.4289 43.5013 16.4289 43.50119 16.42889 43.50106 16.42884 43.50105 16.42877 43.50112 16.42855 43.50119 16.42849 43.50132 16.4285 43.50143 16.42851 43.50146 16.42853 43.50161 16.42857 43.5018 16.42863 43.50182 16.42851 43.50164 16.42847 43.50133 16.42837 43.50131 16.42836 43.5013 16.42834 43.50132 16.42829 43.50142 16.42823 43.50149 16.42821 43.50171 16.42836 43.50175 16.42826 43.50155 16.42812 43.50152 16.42809 43.50152 16.42804 43.50155 16.42799 43.50172 16.428 43.50172 16.42771 43.50174 16.42746 43.50195 16.42746 43.50209 16.42749 43.50227 16.42751 43.50231 16.42752 43.50234 16.42749 43.50243 16.42749 43.50245 16.42754 43.50246 16.4276 43.50246 16.42776 43.50244 16.42791 43.50242 16.42799 43.50241 16.428 43.50225 16.428 43.50225 16.42813 43.50271 16.42811 43.50282 16.42818 43.50286 16.4282 43.50299 16.42837 43.5031 16.42848 43.50311 16.42849 43.50322 16.42857 43.5033 16.42862 43.50336 16.42866 43.50357 16.42888 43.50376 16.42908 43.50418 16.42953 43.50435 16.42969 43.50458 16.42988 43.50477 16.43009 43.50493 16.43026 43.50532 16.43084 43.5054 16.43099 43.5054 16.43114 43.50539 16.43118 43.50538 16.43139 43.50543 16.43149 43.50556 16.43155 43.50564 16.43159 43.50572 16.43159 43.50578 16.43156 43.50581 16.43158 43.50589 16.43168 43.50594 16.4318 43.50605 16.43193 43.50609 16.43203 43.50619 16.43218 43.50621 16.43225 43.50622 16.43232 43.50631 16.43242 43.50632 16.43253 43.50639 16.43263 43.5064 16.43268 43.50643 16.4328 43.50645 16.43284 43.50646 16.43295 43.50647 16.43301 43.50647 16.43304 43.50648 16.43308 43.5065 16.4331 43.50656 16.43314 43.50661 16.43319 43.50666 16.43322 43.50676 16.43331 43.50686 16.43335 43.50697 16.4334 43.50699 16.43343 43.50703 16.43347 43.50706 16.43357 43.5071 16.43375 43.50712 16.43391 43.50713 16.43405 43.50715 16.43419 43.50714 16.43429 43.50713 16.43438 43.5071 16.43445 43.50709 16.43446 43.50709 16.43461 43.50727 16.43461 43.50731 16.43466 43.50727 16.43527 43.50723 16.43572 43.50738 16.43574 43.50741 16.43532 43.50743 16.43524 43.50743 16.43474 43.50745 16.4346 43.50767 16.43459 43.50767 16.43461 43.50772 16.43499 43.50776 16.43517 43.50778 16.43541 43.50779 16.43547 43.50781 16.43564 43.50784 16.43593 43.50787 16.43618 43.50789 16.43639 43.50793 16.43649 43.50793 16.43657 43.50792 16.4368 43.50784 16.43712 43.50776 16.43737 43.5077 16.43755 43.50765 16.43772 43.50763 16.43777 43.50751 16.43777 43.50751 16.43788 43.50744 16.43809 43.50739 16.43826 43.50737 16.4383 43.50724 16.43875 43.50718 16.4389 43.50716 16.43902 43.50712 16.4391 43.50711 16.43924 43.5071 16.43928 43.50705 16.43929 43.5067 16.43911 43.50667 16.4391 43.50667 16.43848 43.50675 16.43848 43.50675 16.4382 43.50643 16.43819 43.50642 16.43915 43.50643 16.43924 43.50642 16.43983 43.50641 16.44053 43.50642 16.44069 43.50642 16.44096 43.50642 16.441 43.50641 16.44125 43.50637 16.44132 43.50626 16.44137 43.50591 16.44156 43.50575 16.44164 43.50563 16.4417 43.50551 16.4418 43.50534 16.44187 43.50522 16.44195 43.50517 16.44197 43.50513 16.44196 43.5051 16.44191 43.50477 16.44058 43.50471 16.44038 43.50449 16.44052 43.50465 16.44116 43.50479 16.44172 43.50483 16.44191 43.50487 16.44198 43.50487 16.44206 43.50485 16.44207 43.50479 16.44208 43.50472 16.44211 43.50459 16.44214 43.5045 16.44219 43.5044 16.44221 43.50425 16.44225 43.50411 16.44229 43.50379 16.44238 43.50357 16.44243 43.50349 16.44248 43.50338 16.44251 43.50328 16.44251 43.50327 16.44251 43.50327 16.44193 43.50324 16.44185 43.50324 16.44131 43.50324 16.44059 43.50321 16.44042 43.5032 16.43971 43.50261 16.43971 43.5026 16.4403 43.50263 16.44055 43.50264 16.44125 43.50264 16.4418 43.50261 16.44184 43.50234 16.44177 43.50199 16.44166 43.50176 16.44155 43.50168 16.44152 43.50156 16.44147 43.50145 16.44142 43.50142 16.4414 43.50135 16.44126 43.50133 16.44118 43.50132 16.44089 43.50132 16.4405 43.50134 16.43922 43.50135 16.43813 43.50118 16.43813 43.50121 16.43636 43.50105 16.43637 43.50103 16.43687 43.50098 16.43763 43.50097 16.43814 43.50092 16.43934 43.50085 16.44066 43.50078 16.44187 43.50077 16.4421 43.50072 16.44224 43.50068 16.44232 43.50066 16.44235 43.50065 16.44253 43.50067 16.44274 43.50067 16.44297 43.50065 16.44314 43.50064 16.44318 43.5006 16.44344 43.50054 16.44369 43.5004 16.4442 43.50036 16.44448 43.50032 16.44464 43.5003 16.44479 43.50025 16.44512 43.50022 16.44537 43.50022 16.4455 43.50024 16.44566 43.50024 16.44585 43.50029 16.44603 43.50035 16.4462 43.50038 16.44622 43.5004 16.44621 43.50045 16.44615 43.50047 16.4461 43.50049 16.44604 43.50051 16.44599 43.50056 16.44594 43.50078 16.44576 43.50092 16.44569 43.50099 16.44561 43.50107 16.44559 43.50117 16.44556 43.5013 16.44557 43.5014 16.44564 43.50146 16.44567 43.50149 16.44571 43.50151 16.44573 43.50156 16.44573 43.50163 16.44583 43.50178 16.44602 43.50187 16.4461 43.5019 16.44614 43.50199 16.44631 43.50216 16.44659 43.50226 16.4468 43.50235 16.44708 43.50237 16.44721 43.50239 16.44731 43.5024 16.44743 43.5024 16.44757 43.50237 16.44772 43.50229 16.44787 43.50217 16.44807 43.50211 16.44817 43.50205 16.44827 43.50203 16.44831 43.50198 16.4484 43.50183 16.44834 43.50166 16.44855 43.50176 16.4487 43.50147 16.44916 43.50136 16.44902 43.50128 16.44913 43.50138 16.44928 43.50128 16.44941 43.50122 16.44942 43.50101 16.4495 43.50092 16.44955 43.50082 16.44959 43.50079 16.4496 43.50078 16.44937 43.50066 16.44937 43.50063 16.44969 43.50061 16.44993 43.5006 16.45019 43.50059 16.45045 43.50055 16.45077 43.50054 16.45098 43.50053 16.45117 43.50051 16.45125 43.50047 16.45134 43.50042 16.45143 43.50036 16.45149 43.50032 16.45152 43.50027 16.45154 43.50024 16.45156 43.50012 16.45156 43.50006 16.45155 43.4999 16.45162 43.4998 16.45174 43.49971 16.45184 43.49968 16.45199 43.49973 16.45215 43.49981 16.45231 43.49991 16.45243 43.49997 16.45247 43.50005 16.45246 43.50012 16.45246 43.5002 16.45243 43.50034 16.45244 43.50047 16.45253 43.50055 16.45263 43.50056 16.45267 43.50058 16.45268 43.50061 16.4527 43.50062 16.45275 43.50068 16.4529 43.50074 16.45303 43.50077 16.45322 43.50079 16.45331 43.5008 16.4539 43.50078 16.45409 43.50077 16.4542 43.50076 16.4543 43.50067 16.45441 43.50062 16.45447 43.50052 16.45448 43.50045 16.45438 43.50035 16.45414 43.50026 16.45421 43.50031 16.45432 43.50032 16.45446 43.50032 16.45456 43.50023 16.45467 43.50013 16.45479 43.50008 16.45484 43.5 16.45491 43.49973 16.45517 43.49965 16.45526 43.4996 16.45539 43.4995 16.45553 43.49947 16.45569 43.49949 16.45589 43.49952 16.45613 43.49955 16.45624 43.49958 16.4563 43.49963 16.45631 43.4997 16.45628 43.49979 16.45637 43.50001 16.45666 43.50009 16.45681 43.50015 16.45674 43.50042 16.45644 43.50047 16.45643 43.50059 16.45664 43.50068 16.45675 43.50069 16.4568 43.50068 16.45687 43.50063 16.45695 43.50068 16.45701 43.50074 16.45695 43.50079 16.45697 43.50087 16.4571 43.50091 16.45722 43.50094 16.45724 43.50095 16.45727 43.50095 16.45734 43.50087 16.45746 43.50081 16.4576 43.50081 16.45766 43.50081 16.45769 43.50086 16.45777 43.5009 16.45782 43.50092 16.45784 43.50093 16.45787 43.50092 16.45791 43.50088 16.45796 43.50084 16.45803 43.50081 16.45806 43.5007 16.45807 43.50067 16.458 43.50053 16.45725 43.50047 16.45728 43.50052 16.45756 43.50055 16.4577 43.50058 16.45787 43.5006 16.458 43.5006 16.45805 43.50058 16.45806 43.50057 16.45806 43.50047 16.45789 43.50041 16.45774 43.50038 16.45758 43.50035 16.45745 43.5003 16.4573 43.50027 16.45719 43.50025 16.45713 43.50019 16.45716 43.50024 16.45729 43.50025 16.45739 43.50031 16.4576 43.50034 16.45777 43.50036 16.45785 43.50038 16.45798 43.50044 16.45812 43.50049 16.45822 43.50053 16.45828 43.50058 16.45829 43.5007 16.45834 43.50079 16.45844 43.50085 16.45866 43.50086 16.45887 43.5009 16.45901 43.50093 16.45916 43.50096 16.45927 43.50097 16.45935 43.50097 16.45979 43.50095 16.45987 43.50087 16.45996 43.50081 16.46002 43.50075 16.46006 43.50068 16.46016 43.50064 16.46028 43.50062 16.46031 43.50061 16.46062 43.50065 16.46077 43.50072 16.46102 43.50075 16.46113 43.5008 16.46127 43.50083 16.46148 43.5009 16.46167 43.50094 16.46181 43.50102 16.46201 43.50106 16.46214 43.5011 16.46226 43.50114 16.46241 43.50115 16.46252 43.50116 16.46262 43.50116 16.46289 43.50113 16.46305 43.50114 16.46323 43.50115 16.46327 43.5012 16.46335 43.50128 16.46342 43.50132 16.46345 43.50139 16.46347 43.50154 16.46356 43.50161 16.4636 43.50165 16.46372 43.50168 16.4638 43.5017 16.46387 43.50173 16.4639 43.50183 16.46394 43.5019 16.46396 43.50198 16.46411 43.50205 16.46429 43.50213 16.46459 43.50218 16.4648 43.50221 16.46494 43.50223 16.46511 43.50224 16.46525 43.50226 16.46534 43.50225 16.4657 43.50221 16.46594 43.50218 16.46603 43.50212 16.46624 43.50206 16.4664 43.50195 16.4666 43.50185 16.46673 43.50175 16.46682 43.50166 16.46688 43.50152 16.46696 43.50145 16.467 43.50136 16.46705 43.50128 16.46712 43.50119 16.46723 43.50116 16.46733 43.50116 16.46762 43.5012 16.46776 43.50126 16.46792 43.50128 16.46807 43.5013 16.46814 43.50135 16.46823 43.50137 16.46832 43.50144 16.46848 43.50157 16.46871 43.50161 16.46888 43.50164 16.46905 43.50166 16.4692 43.50166 16.46936 43.50169 16.46944 43.50169 16.46953 43.50168 16.46956 43.50161 16.46958 43.50156 16.46963 43.50155 16.4697 43.50154 16.46982 43.50152 16.46991 43.50151 16.4701 43.50152 16.47031 43.50156 16.47042 43.50171 16.47056 43.50178 16.47067 43.50183 16.47076 43.5019 16.47082 43.50203 16.47095 43.50211 16.47111 43.50214 16.47121 43.50217 16.4713 43.50217 16.47155 43.50217 16.47167 43.50217 16.47169 43.50214 16.47171 43.50203 16.4717 43.50192 16.47161 43.50186 16.47156 43.50176 16.47151 43.50144 16.47149 43.50135 16.47146 43.50117 16.47132 43.5011 16.47152 43.50128 16.47164 43.50136 16.47168 43.50142 16.47171 43.50151 16.47178 43.50155 16.47184 43.50156 16.47191 43.50155 16.47194 43.50149 16.47206 43.50147 16.47213 43.50147 16.47221 43.50143 16.47234 43.50118 16.47311 43.50115 16.47321 43.50113 16.47321 43.50108 16.47318 43.50095 16.4731 43.50087 16.47306 43.50082 16.47303 43.50078 16.47302 43.50072 16.473 43.50068 16.47302 43.50066 16.47311 43.50064 16.4733 43.50065 16.47349 43.50071 16.47366 43.50086 16.47385 43.50101 16.47404 43.50105 16.47409 43.50111 16.47413 43.50135 16.47446 43.50143 16.47455 43.50146 16.47461 43.50155 16.47473 43.50167 16.47489 43.50178 16.47505 43.50187 16.47524 43.50192 16.47536 43.50193 16.47588 43.50192 16.47613 43.50193 16.47624 43.50196 16.47639 43.50204 16.47662 43.50211 16.47677 43.50221 16.47687 43.50228 16.47694 43.50235 16.47696 43.5024 16.47695 43.5025 16.47681 43.50253 16.47674 43.50254 16.47667 43.50255 16.47662 43.50263 16.47635 43.50269 16.47617 43.50275 16.47597 43.50281 16.47587 43.5029 16.47581 43.50301 16.4758 43.50308 16.47586 43.50317 16.47593 43.50321 16.47597 43.50327 16.47603 43.50329 16.47608 43.50327 16.47621 43.50326 16.47635 43.50325 16.4767 43.50327 16.47689 43.5033 16.47717 43.50331 16.47726 43.50333 16.47741 43.50337 16.47779 43.5034 16.47804 43.5034 16.4784 43.50341 16.47869 43.50344 16.47905 43.50344 16.47923 43.50344 16.47937 43.50339 16.47952 43.50336 16.4796 43.50329 16.47974 43.50317 16.47989 43.50302 16.48014 43.50299 16.48018 43.50293 16.4803 43.50288 16.48043 43.5028 16.4806 43.50264 16.4808 43.50247 16.48097 43.50243 16.48109 43.50241 16.48134 43.50237 16.4815 43.5023 16.48164 43.50218 16.48183 43.50203 16.48208 43.50197 16.48227 43.50194 16.48239 43.50191 16.48251 43.50188 16.48263 43.50187 16.48291 43.5019 16.4831 43.50194 16.48325 43.50197 16.48347 43.50198 16.48362 43.50204 16.48384 43.5021 16.48413 43.50214 16.48437 43.50218 16.4846 43.50218 16.48496 43.50215 16.48523 43.50212 16.48545 43.50212 16.48587 43.50215 16.48605 43.50215 16.48615 43.50211 16.48637 43.50202 16.48683 43.50197 16.48713 43.50186 16.48771 43.50176 16.48797 43.50172 16.48815 43.50168 16.4884 43.50167 16.48853 43.50165 16.48861 43.50164 16.48899 43.50165 16.48914 43.50168 16.48936 43.50172 16.48957 43.50175 16.48971 43.50176 16.48987 43.50178 16.49001 43.50182 16.49014 43.50184 16.49032 43.50187 16.49055 43.50188 16.49067 43.50188 16.49106 43.50186 16.49131 43.50185 16.49152 43.50179 16.49184 43.5017 16.49225 43.50164 16.49256 43.50162 16.49268 43.50136 16.49268 43.50138 16.493 43.50141 16.49331 43.50139 16.49345 43.50131 16.49358 43.50129 16.49359 43.50129 16.49361 43.50128 16.49366 43.50164 16.49458 43.50167 16.4946 43.50175 16.4946 43.50179 16.49456 43.50187 16.49455 43.50191 16.49464 43.50195 16.49479 43.50201 16.49498 43.50205 16.49517 43.5021 16.49538 43.50214 16.49559 43.50221 16.49591 43.50223 16.49609 43.50225 16.49642 43.50224 16.49682 43.50225 16.49716 43.50224 16.49756 43.50223 16.49779 43.50223 16.49789 43.50218 16.49824 43.50215 16.49846 43.50211 16.49861 43.50203 16.49886 43.50195 16.49911 43.50188 16.49926 43.50178 16.4996 43.50173 16.49979 43.50171 16.49991 43.50167 16.50028 43.50167 16.50044 43.50167 16.50066 43.50166 16.50114 43.50165 16.50128 43.50163 16.50195 43.50159 16.50243 43.50155 16.50279 43.50154 16.50291 43.50152 16.50323 43.50151 16.50385 43.5015 16.50399 43.50144 16.50468 43.50142 16.50519 43.5014 16.50556 43.50138 16.50567 43.50137 16.5057 43.50136 16.50588 43.50135 16.50619 43.50132 16.50637 43.50125 16.50659 43.50114 16.5069 43.50109 16.50711 43.50104 16.50726 43.50101 16.50748 43.501 16.50766 43.501 16.50796 43.50104 16.50821 43.50106 16.5084 43.50107 16.50861 43.50103 16.50901 43.50101 16.50927 43.50098 16.50979 43.50099 16.50992 43.501 16.51004 43.501 16.51027 43.50099 16.51043 43.50095 16.51057 43.50091 16.51072 43.50086 16.5109 43.5008 16.511 43.50078 16.51103 43.50078 16.51109 43.50075 16.51114 43.50073 16.5112 43.5007 16.51125 43.50069 16.5113 43.50068 16.51138 43.50066 16.51165 43.50065 16.51179 43.50065 16.51192 43.50067 16.51207 43.5007 16.51239 43.50073 16.51269 43.50074 16.51295 43.50074 16.51311 43.50074 16.51351 43.50075 16.51359 43.50076 16.51373 43.50078 16.51397 43.50078 16.51426 43.50077 16.51462 43.50073 16.51483 43.50072 16.51497 43.50071 16.51524 43.5007 16.51547 43.5007 16.51576 43.50065 16.51597 43.50061 16.51617 43.50049 16.51648 43.50048 16.5166 43.50048 16.5168 43.5005 16.51715 43.5005 16.51737 43.50049 16.51754 43.5004 16.51787 43.50038 16.51802 43.50035 16.51821 43.50033 16.51854 43.5003 16.51875 43.50024 16.51888 43.50017 16.51901 43.50012 16.51905 43.49997 16.51952 43.49988 16.51978 43.49963 16.52032 43.49944 16.52084 43.49935 16.52099 43.49923 16.52111 43.49911 16.52128 43.49896 16.52166 43.49884 16.52182 43.4987 16.52185 43.49859 16.52197 43.4985 16.52208 43.49835 16.52251 43.49823 16.52264 43.49781 16.5231 43.49776 16.52322 43.49773 16.52342 43.49771 16.52356 43.49768 16.52372 43.49762 16.52387 43.49762 16.52392 43.49763 16.52397 43.49765 16.52399 43.49766 16.52406 43.49767 16.52428 43.49768 16.52433 43.49773 16.52437 43.49776 16.52442 43.49777 16.52446 43.49777 16.52451 43.49778 16.52458 43.4978 16.52462 43.49797 16.52484 43.49802 16.52495 43.49808 16.52499 43.49816 16.52505 43.49818 16.52513 43.49819 16.52518 43.49814 16.5253 43.49821 16.52537 43.49828 16.52524 43.49839 16.52536 43.4984 16.52542 43.49835 16.52551 43.49842 16.52559 43.49848 16.52549 43.49853 16.52551 43.49856 16.5256 43.49849 16.52573 43.49856 16.52581 43.49866 16.52567 43.49879 16.52567 43.49892 16.52592 43.49903 16.52584 43.49911 16.52592 43.49926 16.52616 43.4994 16.52601 43.49923 16.52569 43.49957 16.52537 43.49952 16.52526 43.49942 16.52535 43.49936 16.52534 43.49935 16.52495 43.49948 16.52405 43.49953 16.52367 43.49955 16.52341 43.4996 16.52331 43.49976 16.52331 43.49987 16.52328 43.5 16.52322 43.50027 16.52314 43.50057 16.52308 43.50079 16.52303 43.50096 16.52301 43.50099 16.52302 43.50102 16.52305 43.50142 16.52365 43.50155 16.52383 43.5019 16.52442 43.50203 16.5246 43.50231 16.52509 43.50239 16.52521 43.50249 16.52534 43.50267 16.52569 43.50274 16.52585 43.50281 16.52604 43.5029 16.5263 43.5029 16.52631 43.50298 16.52662 43.50298 16.52679 43.50298 16.52697 43.50297 16.5271 43.50296 16.52724 43.50293 16.52752 43.50292 16.52759 43.5029 16.52764 43.50288 16.5277 43.50285 16.52775 43.50279 16.52782 43.50263 16.52794 43.50239 16.52819 43.50233 16.52824 43.50231 16.52829 43.50229 16.52831 43.50229 16.52834 43.50228 16.52835 43.50227 16.52838 43.50228 16.5284 43.50231 16.52843 43.50235 16.52846 43.50246 16.52849 43.50251 16.5285 43.50261 16.5285 43.50283 16.5285 43.50307 16.52852 43.50315 16.52854 43.50334 16.52855 43.50355 16.52858 43.50371 16.52862 43.50385 16.52868 43.50397 16.52875 43.50411 16.52887 43.5042 16.52898 43.50426 16.52907 43.50434 16.52921 43.50443 16.52937 43.50447 16.52952 43.5045 16.52964 43.50455 16.52981 43.50456 16.53 43.50458 16.53005 43.50459 16.53016 43.50461 16.53026 43.50464 16.53036 43.50469 16.53046 43.50474 16.53053 43.50477 16.53055 43.50483 16.53057 43.50487 16.53057 43.5049 16.53058 43.50492 16.53058 43.50493 16.53062 43.50493 16.53064 43.50492 16.53068 43.50491 16.53072 43.50489 16.53076 43.50487 16.53081 43.50485 16.53085 43.50482 16.53087 43.50481 16.53087 43.50477 16.53087 43.50469 16.53089 43.50464 16.53091 43.50462 16.53091 43.50456 16.53096 43.50452 16.53099 43.50445 16.53106 43.50443 16.53109 43.50471 16.53118 43.50484 16.53122 43.50503 16.53129 43.50559 16.53147 43.50571 16.53173 43.50572 16.53174 43.50623 16.53286 43.50645 16.53376 43.50645 16.53376 43.50671 16.53484 43.50781 16.53518 43.50871 16.53665 43.50872 16.53704 43.50873 16.5372 43.51085 16.53755 43.51272 16.53748 43.51333 16.53912 43.51338 16.53924 43.51374 16.54022 43.51521 16.54127 43.51552 16.54154 43.5156 16.54161 43.51587 16.54184 43.51616 16.54208 43.51628 16.54219 43.51642 16.54231 43.5166 16.5426 43.51686 16.54303 43.51775 16.54351 43.51824 16.5437 43.5185 16.54367 43.51856 16.54366 43.51865 16.54365 43.51874 16.54393 43.51877 16.54406 43.51065 16.55464 43.51055 16.55477 43.50828 16.55705 43.50775 16.55758 43.50724 16.55809 43.50139 16.56385 43.50018 16.56504 43.50017 16.56505 43.49727 16.56823 43.49281 16.57313 43.49264 16.57342 43.4899 16.57797 43.48778 16.5815 43.47678 16.59018 43.47674 16.59037 43.47667 16.59067 43.47233 16.60523 43.47509 16.60921 43.47582 16.61027 43.47721 16.61234 43.47725 16.61243 43.47738 16.61275 43.47752 16.61292 43.47762 16.61306 43.47788 16.6132 43.47792 16.61322 43.47815 16.61353 43.47884 16.61446 43.47901 16.61486 43.4792 16.6153 43.47966 16.61665 43.47997 16.61756 43.48077 16.61968 43.48097 16.62023 43.48104 16.62042 43.48109 16.62047 43.48126 16.62063 43.48135 16.62072 43.48154 16.62072 43.48188 16.62071 43.4823 16.62017 43.4825 16.61991 43.48362 16.62034 43.48386 16.62008 43.48474 16.61988 43.48486 16.61972 43.48496 16.61958 43.4851 16.61907 43.48512 16.61904 43.48519 16.61893 43.4853 16.61877 43.48523 16.61862 43.48519 16.61853 43.48554 16.6185 43.48639 16.61811 43.48699 16.61732 43.48704 16.61725 43.48711 16.61722 43.48748 16.61705 43.48777 16.6175 43.48791 16.61754 43.48818 16.61721 43.48864 16.61661 43.48947 16.61776 43.48994 16.61742 43.49038 16.6171 43.49094 16.61699 43.49131 16.6167 43.49209 16.6161 43.49218 16.61603 43.49228 16.61595 43.49367 16.61521 43.49507 16.61397 43.49568 16.61357 43.49627 16.61319 43.49726 16.61417 43.49885 16.61565 43.49923 16.616 43.50025 16.61686 43.50214 16.6184 43.50399 16.61991 43.5069 16.62201 43.5102 16.62594 43.5151 16.63163 43.51936 16.63521 43.51956 16.63538 43.52591 16.64015 43.52654 16.64019 43.53164 16.64055 43.53642 16.64095 43.53655 16.64096 43.53683 16.64088 43.53582 16.63951 43.53148 16.63358 43.53223 16.62762</gml:posList>
                        </gml:LinearRing>
                      </gml:exterior>
                    </gml:Polygon>
                  </gml:surfaceMember>
                  <gml:surfaceMember>
                    <gml:Polygon gml:id="MEDIA_MONITORED_CILJ_ID_1_CILJ_ID_5_POLUTANT_2_MODEL_212">
                      <gml:exterior>
                        <gml:LinearRing>
                          <gml:posList srsDimension="2">43.53555 16.44877 43.53557 16.44886 43.53561 16.44892 43.53568 16.44897 43.53574 16.44896 43.53577 16.4489 43.53579 16.44875 43.53579 16.44863 43.53577 16.44858 43.53571 16.44849 43.53568 16.44847 43.53562 16.44848 43.53556 16.44853 43.53554 16.44866 43.53555 16.44877</gml:posList>
                        </gml:LinearRing>
                      </gml:exterior>
                    </gml:Polygon>
                  </gml:surfaceMember>
                  <gml:surfaceMember>
                    <gml:Polygon gml:id="MEDIA_MONITORED_CILJ_ID_1_CILJ_ID_5_POLUTANT_2_MODEL_213">
                      <gml:exterior>
                        <gml:LinearRing>
                          <gml:posList srsDimension="2">43.53573 16.44815 43.53576 16.4482 43.53579 16.4482 43.53581 16.44818 43.53583 16.44811 43.53583 16.44802 43.53581 16.44797 43.53578 16.44796 43.53574 16.44798 43.53572 16.44806 43.53573 16.44815</gml:posList>
                        </gml:LinearRing>
                      </gml:exterior>
                    </gml:Polygon>
                  </gml:surfaceMember>
                  <gml:surfaceMember>
                    <gml:Polygon gml:id="MEDIA_MONITORED_CILJ_ID_1_CILJ_ID_5_POLUTANT_2_MODEL_214">
                      <gml:exterior>
                        <gml:LinearRing>
                          <gml:posList srsDimension="2">43.50078 16.19384 43.50089 16.19396 43.50099 16.19398 43.50116 16.19394 43.50117 16.19395 43.50127 16.19382 43.50128 16.19367 43.50127 16.19355 43.50123 16.19346 43.50116 16.1934 43.50105 16.19338 43.50095 16.1934 43.50082 16.19352 43.50078 16.19362 43.50076 16.19373 43.50078 16.19384</gml:posList>
                        </gml:LinearRing>
                      </gml:exterior>
                    </gml:Polygon>
                  </gml:surfaceMember>
                  <gml:surfaceMember>
                    <gml:Polygon gml:id="MEDIA_MONITORED_CILJ_ID_1_CILJ_ID_5_POLUTANT_2_MODEL_215">
                      <gml:exterior>
                        <gml:LinearRing>
                          <gml:posList srsDimension="2">43.51051 16.31127 43.5106 16.31114 43.51069 16.31105 43.5108 16.31086 43.51097 16.31059 43.51113 16.31042 43.51124 16.31014 43.51129 16.30999 43.51141 16.3098 43.51147 16.30969 43.51139 16.30966 43.5113 16.30962 43.50764 16.30806 43.50767 16.30783 43.50759 16.3078 43.50747 16.30776 43.50733 16.30772 43.50716 16.30767 43.50696 16.30797 43.50541 16.30738 43.50029 16.3059 43.49979 16.30564 43.49848 16.3057 43.49762 16.30547 43.49557 16.3057 43.49401 16.30505 43.49377 16.3052 43.49337 16.30466 43.49032 16.30504 43.48761 16.30525 43.48649 16.30519 43.48639 16.30395 43.48555 16.30397 43.48606 16.30228 43.48648 16.30104 43.48631 16.30097 43.4862 16.30093 43.4861 16.3009 43.48605 16.30115 43.48594 16.30136 43.48586 16.30148 43.48585 16.30162 43.48581 16.30167 43.4857 16.30169 43.4856 16.30188 43.48559 16.30206 43.48553 16.30235 43.48554 16.303 43.48545 16.30324 43.48498 16.30403 43.48486 16.30411 43.48467 16.30411 43.48445 16.30426 43.48435 16.30442 43.48432 16.30453 43.48428 16.30455 43.48418 16.30455 43.4841 16.30462 43.48401 16.30499 43.48386 16.30538 43.48379 16.30566 43.48376 16.30586 43.48377 16.30609 43.48383 16.30632 43.48385 16.30662 43.48391 16.30674 43.48402 16.30687 43.48406 16.30699 43.48399 16.30783 43.48379 16.30852 43.48367 16.30884 43.48365 16.30904 43.48367 16.30948 43.48364 16.3097 43.48363 16.30998 43.48354 16.31026 43.48341 16.31055 43.48336 16.31093 43.48332 16.31133 43.48318 16.31203 43.48298 16.31313 43.48287 16.31355 43.48273 16.31381 43.4827 16.31389 43.48269 16.31398 43.48269 16.31418 43.48265 16.31425 43.48255 16.31448 43.48253 16.3146 43.48261 16.31567 43.48259 16.31693 43.4825 16.31764 43.48246 16.31789 43.48243 16.3182 43.4824 16.31844 43.48237 16.31865 43.4823 16.31882 43.4823 16.31907 43.48247 16.31947 43.48274 16.3199 43.48281 16.32012 43.48277 16.32097 43.48283 16.32126 43.48282 16.32249 43.48277 16.3227 43.48278 16.32291 43.48273 16.32308 43.48274 16.32318 43.48284 16.32341 43.48288 16.32358 43.48285 16.32377 43.48278 16.32408 43.48278 16.32442 43.4827 16.32474 43.48266 16.32509 43.48255 16.32542 43.48251 16.32562 43.48245 16.32583 43.48244 16.32599 43.48248 16.32607 43.48256 16.32609 43.48256 16.32615 43.48254 16.32623 43.4825 16.32629 43.4825 16.32641 43.48252 16.32664 43.4826 16.32701 43.48269 16.32721 43.48285 16.32774 43.48284 16.32796 43.48285 16.32813 43.48275 16.32828 43.48276 16.32849 43.48282 16.32885 43.48289 16.32902 43.48288 16.32929 43.48283 16.32954 43.48282 16.33004 43.48276 16.33036 43.48272 16.33055 43.48271 16.33138 43.48268 16.33164 43.48265 16.33236 43.48268 16.3325 43.4827 16.33285 43.48269 16.33344 43.48265 16.33374 43.48246 16.33422 43.48242 16.33445 43.48244 16.33502 43.48241 16.33616 43.48227 16.3368 43.4823 16.33759 43.48224 16.33795 43.48224 16.33838 43.48218 16.33867 43.48217 16.33914 43.4822 16.33924 43.48219 16.33944 43.48207 16.33996 43.4821 16.34077 43.48213 16.34092 43.48208 16.34124 43.48209 16.34203 43.48219 16.34266 43.48219 16.34282 43.48215 16.34293 43.48215 16.343 43.48207 16.34315 43.48206 16.34328 43.48206 16.34331 43.48209 16.34349 43.48223 16.34367 43.48239 16.34402 43.4824 16.34454 43.48252 16.34486 43.48253 16.34496 43.48248 16.34505 43.48248 16.34511 43.48259 16.34528 43.48262 16.34561 43.48259 16.34579 43.48259 16.34608 43.48256 16.3465 43.48259 16.34667 43.4826 16.34684 43.48256 16.34696 43.48251 16.34699 43.48244 16.34701 43.48242 16.34704 43.48239 16.34708 43.48238 16.34718 43.48246 16.34731 43.48247 16.34743 43.48243 16.34822 43.48233 16.34904 43.48232 16.34928 43.48236 16.34948 43.48233 16.35015 43.48238 16.35042 43.48238 16.35092 43.48243 16.35117 43.48253 16.35141 43.48261 16.35211 43.4827 16.35228 43.48283 16.35247 43.48286 16.35262 43.48288 16.35298 43.48294 16.35329 43.483 16.35343 43.48301 16.35355 43.48297 16.3537 43.48297 16.35387 43.48311 16.3542 43.48318 16.35477 43.4833 16.35512 43.48331 16.35531 43.48332 16.35603 43.48344 16.35632 43.48348 16.35642 43.48344 16.3565 43.48339 16.35649 43.48336 16.35645 43.4833 16.35645 43.48326 16.35652 43.48323 16.35662 43.4832 16.35704 43.48311 16.35728 43.48311 16.35739 43.48318 16.35751 43.48321 16.35771 43.48334 16.35801 43.48339 16.35823 43.48339 16.35838 43.48333 16.3586 43.48333 16.3587 43.48333 16.35879 43.48336 16.35889 43.48345 16.35899 43.4835 16.35908 43.48358 16.35927 43.48359 16.3594 43.4836 16.35983 43.48365 16.36012 43.48372 16.3612 43.48375 16.36133 43.48378 16.3616 43.48378 16.36195 43.48374 16.36215 43.48371 16.3624 43.48375 16.36274 43.4837 16.36291 43.48364 16.36304 43.48364 16.36317 43.48371 16.36323 43.48376 16.36341 43.48375 16.36401 43.48373 16.36418 43.48373 16.36427 43.48379 16.36439 43.48381 16.36455 43.48374 16.36474 43.48375 16.36531 43.48381 16.36551 43.48382 16.36578 43.48396 16.36626 43.48395 16.36675 43.484 16.36702 43.48399 16.36774 43.48396 16.36794 43.48389 16.36812 43.4839 16.36853 43.48395 16.3688 43.48393 16.36905 43.48398 16.36925 43.48412 16.36945 43.48426 16.36982 43.48429 16.37 43.48429 16.37024 43.48432 16.37036 43.48436 16.37059 43.48439 16.37067 43.48438 16.37087 43.48437 16.37097 43.48435 16.37109 43.48434 16.37121 43.48436 16.37129 43.48436 16.37137 43.48433 16.37148 43.48428 16.37173 43.48424 16.37192 43.48424 16.37213 43.48424 16.37228 43.48428 16.37239 43.48431 16.37243 43.48432 16.37246 43.48433 16.37248 43.48431 16.37263 43.48429 16.37286 43.48427 16.37293 43.48423 16.37304 43.48416 16.37325 43.48414 16.37344 43.48413 16.37365 43.48411 16.37382 43.48409 16.37398 43.48405 16.37414 43.48401 16.37431 43.48397 16.37455 43.48397 16.37473 43.48399 16.37485 43.48402 16.37501 43.48402 16.37513 43.48403 16.37528 43.48405 16.37536 43.48408 16.37545 43.48421 16.3757 43.48422 16.37593 43.48422 16.37605 43.48425 16.37621 43.48426 16.37631 43.48428 16.37638 43.4843 16.37645 43.48429 16.37651 43.48427 16.37659 43.4842 16.37675 43.48415 16.37691 43.48413 16.37697 43.48414 16.37724 43.48417 16.37735 43.48419 16.37749 43.48421 16.37762 43.48421 16.37777 43.48419 16.37791 43.48417 16.37805 43.48416 16.37814 43.48419 16.37848 43.48417 16.3786 43.48417 16.37877 43.48423 16.37906 43.48431 16.37949 43.48433 16.37966 43.48435 16.37977 43.48434 16.38006 43.48435 16.38019 43.48438 16.38038 43.48443 16.38061 43.4844 16.38077 43.4844 16.38093 43.48442 16.38121 43.48445 16.38138 43.48451 16.38175 43.48452 16.3819 43.48453 16.38205 43.48465 16.38232 43.48473 16.38254 43.48481 16.3829 43.48485 16.38304 43.48488 16.38321 43.48487 16.3835 43.48487 16.3836 43.48486 16.38373 43.48487 16.38385 43.48488 16.38408 43.48496 16.38436 43.48503 16.38461 43.48506 16.38472 43.48508 16.38481 43.48518 16.38496 43.48521 16.38503 43.48522 16.38518 43.48518 16.3853 43.48518 16.38553 43.4852 16.38572 43.48523 16.38581 43.48526 16.38595 43.48529 16.38614 43.4853 16.38633 43.48531 16.38651 43.48533 16.38669 43.4854 16.38691 43.48546 16.3871 43.48547 16.38713 43.48546 16.38744 43.48548 16.3876 43.4855 16.3877 43.48553 16.38779 43.48556 16.38787 43.48566 16.38806 43.48571 16.38812 43.48575 16.3882 43.48579 16.38833 43.4858 16.38843 43.48583 16.38855 43.48589 16.38864 43.48597 16.38873 43.48605 16.38882 43.48611 16.3889 43.48615 16.38902 43.48618 16.38912 43.48622 16.38925 43.48625 16.38935 43.4864 16.38956 43.48648 16.38967 43.48652 16.38979 43.48655 16.38988 43.48663 16.39005 43.48669 16.39015 43.48676 16.39027 43.48691 16.39047 43.48704 16.39066 43.48719 16.39086 43.48733 16.39103 43.48749 16.39125 43.48758 16.39139 43.48764 16.39146 43.4877 16.39154 43.48777 16.3916 43.48781 16.39169 43.48789 16.39186 43.48799 16.39195 43.48801 16.39197 43.48802 16.39198 43.48808 16.39198 43.48817 16.39201 43.48826 16.39207 43.48832 16.39213 43.48834 16.39215 43.48846 16.39218 43.48893 16.39218 43.48901 16.39218 43.4892 16.39215 43.48927 16.39211 43.48937 16.39195 43.48944 16.39177 43.48946 16.39165 43.48954 16.39147 43.48957 16.39135 43.48957 16.39126 43.48957 16.39114 43.48961 16.39099 43.48967 16.39082 43.48968 16.39068 43.48968 16.39045 43.48969 16.39035 43.48971 16.39023 43.48974 16.39012 43.48983 16.3899 43.48985 16.38973 43.48992 16.38934 43.48994 16.38924 43.48995 16.38903 43.48997 16.38884 43.48996 16.38817 43.48998 16.38795 43.48999 16.38783 43.49002 16.38771 43.49003 16.38752 43.49002 16.38737 43.49002 16.38702 43.49002 16.38686 43.49001 16.38664 43.48999 16.38657 43.48994 16.38641 43.4899 16.38623 43.48989 16.38591 43.48988 16.3857 43.48984 16.38558 43.48979 16.38542 43.48978 16.38518 43.48977 16.38494 43.48976 16.38486 43.48972 16.38478 43.48965 16.38465 43.48959 16.38448 43.48956 16.38428 43.48949 16.38412 43.48935 16.38388 43.48931 16.38369 43.48926 16.38351 43.48921 16.38341 43.48915 16.38329 43.48914 16.38319 43.48909 16.38293 43.48909 16.38276 43.48911 16.38253 43.48911 16.38238 43.48909 16.38227 43.48907 16.3821 43.48901 16.38194 43.48898 16.38177 43.48894 16.38152 43.48889 16.38127 43.48886 16.38112 43.48884 16.38099 43.48885 16.38091 43.48886 16.38074 43.48885 16.38063 43.48882 16.38049 43.48879 16.3804 43.48878 16.38034 43.48875 16.3803 43.48867 16.38024 43.48862 16.38017 43.48856 16.38002 43.48851 16.37984 43.48843 16.37964 43.48833 16.37929 43.48826 16.37909 43.48821 16.37899 43.48817 16.37888 43.48814 16.37865 43.4881 16.37842 43.48804 16.37826 43.48798 16.37809 43.48796 16.37788 43.48796 16.3778 43.48797 16.37776 43.48799 16.37768 43.48799 16.37753 43.48797 16.37746 43.48794 16.37729 43.48791 16.37711 43.4879 16.37696 43.48793 16.37682 43.48804 16.37641 43.48809 16.37617 43.48813 16.37592 43.48813 16.3758 43.48812 16.37567 43.48813 16.37538 43.48817 16.37517 43.4882 16.375 43.48823 16.37477 43.48824 16.37467 43.48829 16.37455 43.48835 16.37435 43.48837 16.37417 43.4884 16.37397 43.48846 16.37368 43.48849 16.37354 43.48857 16.37327 43.48865 16.37311 43.4887 16.37298 43.48879 16.37278 43.48887 16.37256 43.48893 16.37246 43.48903 16.37235 43.48912 16.37229 43.48929 16.37217 43.48945 16.37205 43.48954 16.37198 43.48974 16.37179 43.48988 16.37156 43.48992 16.37142 43.48997 16.37123 43.49001 16.37105 43.49006 16.37092 43.4901 16.37073 43.49014 16.37041 43.49014 16.37024 43.49011 16.37013 43.49007 16.37 43.49009 16.36981 43.49007 16.36963 43.49002 16.36951 43.49001 16.36926 43.4899 16.36901 43.4899 16.36881 43.48995 16.36866 43.49002 16.36852 43.49007 16.36845 43.49027 16.36825 43.4904 16.36805 43.49059 16.36774 43.49072 16.3673 43.49081 16.36708 43.49088 16.36698 43.49108 16.36689 43.4916 16.36675 43.49188 16.36663 43.49213 16.36647 43.49235 16.3664 43.49239 16.36635 43.49242 16.3663 43.49242 16.36618 43.49244 16.36613 43.49248 16.3661 43.49255 16.3661 43.49262 16.36603 43.49275 16.36561 43.4929 16.3653 43.49288 16.36502 43.49285 16.36492 43.49273 16.36477 43.49231 16.36466 43.49214 16.36457 43.492 16.36445 43.4919 16.36441 43.49172 16.3644 43.49161 16.36433 43.49155 16.36413 43.49148 16.36353 43.49141 16.36321 43.49142 16.36307 43.49143 16.36299 43.49189 16.36241 43.49195 16.36226 43.49204 16.36185 43.49212 16.36157 43.49227 16.36108 43.49238 16.36054 43.49238 16.36032 43.49233 16.36004 43.49223 16.3594 43.49213 16.35904 43.49208 16.35877 43.49199 16.35857 43.49178 16.35832 43.49175 16.35822 43.49176 16.3581 43.49191 16.35761 43.49195 16.35729 43.49196 16.35699 43.492 16.35663 43.49207 16.35645 43.49213 16.35612 43.49214 16.35578 43.49218 16.35552 43.49225 16.35522 43.49238 16.35475 43.49242 16.35448 43.49255 16.35401 43.49264 16.35356 43.49265 16.35272 43.49262 16.35255 43.49264 16.35243 43.49271 16.35229 43.4928 16.35219 43.49302 16.35202 43.49319 16.35173 43.49326 16.35127 43.49333 16.35094 43.49337 16.3507 43.4934 16.35032 43.49353 16.34993 43.49367 16.34924 43.49376 16.34899 43.49398 16.34858 43.49423 16.34821 43.4944 16.34793 43.49454 16.34766 43.49496 16.3468 43.495 16.34661 43.49505 16.34645 43.49516 16.34636 43.49534 16.34629 43.49547 16.34614 43.49563 16.3458 43.49582 16.34524 43.49593 16.34494 43.49601 16.34454 43.49615 16.34394 43.49628 16.34326 43.49639 16.34295 43.49668 16.34238 43.4969 16.34179 43.49709 16.34155 43.49725 16.34146 43.49736 16.34141 43.49759 16.34127 43.49791 16.341 43.49828 16.34079 43.49841 16.34071 43.49859 16.3405 43.49875 16.34022 43.49885 16.34001 43.49898 16.34018 43.49902 16.3402 43.49928 16.34052 43.49965 16.34044 43.49963 16.34025 43.49932 16.34033 43.49892 16.33983 43.49916 16.33928 43.49927 16.33893 43.49943 16.33858 43.49955 16.33852 43.49969 16.33876 43.49946 16.33919 43.49958 16.3393 43.4998 16.33892 43.49997 16.33899 43.50003 16.339 43.50049 16.33886 43.50072 16.33879 43.5009 16.33867 43.50114 16.3383 43.50127 16.33791 43.50129 16.33759 43.50133 16.33747 43.50151 16.33722 43.50156 16.33709 43.50155 16.3369 43.5015 16.33681 43.50148 16.33675 43.5015 16.33666 43.50155 16.33659 43.50165 16.33643 43.50167 16.33609 43.50171 16.33593 43.50171 16.33567 43.50175 16.33543 43.50179 16.33527 43.50176 16.33485 43.50179 16.33471 43.5019 16.33449 43.50194 16.33424 43.50197 16.33304 43.50194 16.33276 43.50195 16.33221 43.50191 16.33211 43.5019 16.33201 43.5019 16.33196 43.5019 16.33179 43.50187 16.33167 43.50178 16.33149 43.50173 16.33104 43.5016 16.33058 43.5016 16.33037 43.50173 16.33013 43.50185 16.33001 43.50193 16.32997 43.50204 16.32993 43.50211 16.32995 43.50219 16.33011 43.50227 16.33013 43.50237 16.33012 43.50261 16.32988 43.50272 16.32971 43.503 16.32886 43.50303 16.3282 43.50299 16.32809 43.50301 16.32797 43.50309 16.32781 43.50312 16.32764 43.50311 16.32704 43.5031 16.32685 43.50314 16.32658 43.50315 16.32623 43.50317 16.32607 43.50325 16.3259 43.50339 16.3256 43.5036 16.3253 43.50374 16.3252 43.50406 16.32484 43.50418 16.32476 43.50449 16.32438 43.50464 16.32403 43.50466 16.32388 43.50471 16.32374 43.50482 16.32359 43.5049 16.32342 43.50492 16.3231 43.50495 16.32295 43.50525 16.3225 43.50542 16.32197 43.50547 16.32189 43.50558 16.3218 43.50612 16.32154 43.50638 16.32138 43.50663 16.32128 43.50685 16.32111 43.5072 16.32094 43.50726 16.32087 43.50727 16.32065 43.50723 16.32055 43.50725 16.32046 43.50756 16.31999 43.50771 16.31977 43.50803 16.31922 43.50808 16.31906 43.50828 16.31857 43.50834 16.31839 43.50838 16.31808 43.50839 16.31775 43.5084 16.31765 43.50843 16.31758 43.50855 16.31723 43.50873 16.31664 43.5089 16.31616 43.50901 16.31589 43.50921 16.31542 43.50934 16.31513 43.50964 16.31456 43.50995 16.31399 43.51019 16.31356 43.51025 16.3134 43.51042 16.3131 43.51049 16.31286 43.51054 16.31268 43.51054 16.31232 43.5105 16.31192 43.51049 16.31165 43.51051 16.31127</gml:posList>
                        </gml:LinearRing>
                      </gml:exterior>
                    </gml:Polygon>
                  </gml:surfaceMember>
                  <gml:surfaceMember>
                    <gml:Polygon gml:id="MEDIA_MONITORED_CILJ_ID_1_CILJ_ID_5_POLUTANT_2_MODEL_216">
                      <gml:exterior>
                        <gml:LinearRing>
                          <gml:posList srsDimension="2">43.45812 16.14112 43.45815 16.14099 43.45855 16.14037 43.4587 16.13993 43.45876 16.13965 43.45896 16.13909 43.45918 16.13862 43.45934 16.13808 43.45941 16.13773 43.45954 16.13717 43.45956 16.13653 43.45953 16.13603 43.45943 16.13549 43.45943 16.13519 43.45938 16.1347 43.45922 16.1343 43.45917 16.13405 43.45912 16.13394 43.45907 16.13389 43.45898 16.13385 43.45891 16.13377 43.4588 16.1336 43.45863 16.13348 43.45828 16.13327 43.45797 16.13316 43.4576 16.13296 43.45646 16.13294 43.45598 16.13308 43.4554 16.13351 43.45511 16.13368 43.455 16.13373 43.4549 16.1338 43.45476 16.13396 43.45471 16.1341 43.45469 16.13426 43.45442 16.13486 43.45432 16.13519 43.45424 16.13554 43.45407 16.136 43.45389 16.1364 43.45371 16.13669 43.45335 16.13698 43.453 16.13739 43.45287 16.13766 43.45284 16.1379 43.45285 16.13907 43.45276 16.13951 43.45252 16.14018 43.45245 16.1405 43.45235 16.14109 43.45229 16.14175 43.45231 16.14188 43.45232 16.14215 43.4524 16.14231 43.45241 16.14239 43.4524 16.14244 43.45228 16.14266 43.45223 16.14279 43.4522 16.14305 43.45215 16.14341 43.45211 16.14356 43.45205 16.14373 43.45196 16.14395 43.45183 16.14389 43.45179 16.14406 43.45192 16.14413 43.45188 16.14449 43.45186 16.14459 43.45181 16.14469 43.45168 16.14462 43.45164 16.14476 43.45179 16.14485 43.45167 16.14513 43.45157 16.1454 43.45152 16.1456 43.45143 16.14584 43.45124 16.14605 43.45115 16.14613 43.45108 16.14607 43.45108 16.14587 43.45099 16.14588 43.45099 16.14602 43.45096 16.14605 43.4509 16.14599 43.45089 16.14564 43.45102 16.14564 43.45102 16.14551 43.45092 16.1455 43.45082 16.14546 43.45068 16.1453 43.45045 16.14499 43.45039 16.14483 43.45037 16.14468 43.45024 16.14469 43.45009 16.14478 43.44964 16.145 43.44962 16.14512 43.44955 16.14519 43.44945 16.14503 43.44938 16.14512 43.44947 16.14531 43.44944 16.14537 43.44934 16.14536 43.44925 16.14544 43.44917 16.14543 43.44903 16.14542 43.44902 16.14552 43.44898 16.14553 43.4489 16.14545 43.44881 16.14548 43.44865 16.14548 43.44859 16.14547 43.44857 16.14543 43.44857 16.1454 43.44858 16.14528 43.44866 16.14503 43.44875 16.1448 43.44882 16.14486 43.44887 16.14479 43.44879 16.14472 43.44882 16.14462 43.44892 16.14463 43.44894 16.14448 43.44886 16.14446 43.44914 16.14387 43.44925 16.14354 43.44956 16.14314 43.44975 16.14305 43.44997 16.14307 43.44997 16.14327 43.45006 16.14327 43.45007 16.14308 43.45028 16.14308 43.45046 16.14288 43.4505 16.14278 43.45061 16.14227 43.45063 16.14175 43.45045 16.13963 43.45031 16.13942 43.45011 16.13935 43.44996 16.13937 43.44951 16.13963 43.44938 16.1397 43.44925 16.13976 43.44906 16.13982 43.44892 16.13986 43.44889 16.13981 43.44886 16.13971 43.44878 16.13976 43.44883 16.13993 43.44869 16.13998 43.44845 16.13999 43.44835 16.14003 43.44813 16.14015 43.4481 16.14009 43.44804 16.14009 43.44803 16.14023 43.44796 16.14026 43.44786 16.14023 43.44782 16.14011 43.44789 16.14 43.44794 16.14006 43.44799 16.13999 43.44795 16.13992 43.44799 16.13988 43.44805 16.13994 43.44811 16.13985 43.44805 16.13977 43.44808 16.13969 43.44815 16.13977 43.44821 16.13968 43.44813 16.13958 43.44829 16.13922 43.44845 16.13887 43.44867 16.1386 43.44896 16.13823 43.44936 16.13742 43.44967 16.13696 43.44989 16.13655 43.45017 16.13612 43.45039 16.13569 43.45046 16.13547 43.45046 16.13525 43.45041 16.13507 43.4502 16.13475 43.45017 16.13455 43.45016 16.13435 43.45019 16.13423 43.45037 16.13403 43.45089 16.13362 43.45097 16.13348 43.45103 16.13329 43.45103 16.13298 43.45098 16.13224 43.45099 16.13214 43.45103 16.13196 43.45133 16.13126 43.45155 16.13049 43.45164 16.13021 43.45172 16.12986 43.45182 16.1293 43.45188 16.12898 43.45195 16.12855 43.45203 16.12813 43.45213 16.12737 43.45213 16.12672 43.45203 16.12611 43.45193 16.12564 43.45172 16.12499 43.45129 16.12412 43.45112 16.12387 43.45058 16.12334 43.45024 16.12308 43.44985 16.12283 43.44889 16.12226 43.44867 16.12214 43.44844 16.12204 43.44793 16.12186 43.44762 16.12176 43.44718 16.12169 43.44679 16.12177 43.44635 16.12193 43.44601 16.12202 43.44571 16.12216 43.44517 16.12252 43.44499 16.12269 43.44477 16.12281 43.44455 16.12303 43.44418 16.12357 43.44409 16.12372 43.44391 16.12423 43.44377 16.12452 43.44369 16.12489 43.44369 16.12532 43.44365 16.12546 43.44354 16.12558 43.44338 16.1257 43.44305 16.12587 43.4427 16.12621 43.44252 16.12645 43.44241 16.12669 43.44237 16.12714 43.44232 16.12729 43.44227 16.12737 43.44219 16.12741 43.44203 16.12745 43.4419 16.12743 43.44181 16.12738 43.4418 16.12722 43.44188 16.12722 43.44189 16.12715 43.44181 16.12715 43.4418 16.12655 43.44178 16.12628 43.44179 16.12613 43.44201 16.12544 43.44209 16.12503 43.44213 16.12479 43.44219 16.12444 43.44223 16.12419 43.44232 16.12407 43.44234 16.12391 43.44231 16.1238 43.44219 16.12366 43.44207 16.12349 43.44178 16.12335 43.4415 16.12303 43.44133 16.1229 43.44083 16.12263 43.44067 16.12257 43.43995 16.12257 43.43986 16.1225 43.43983 16.1224 43.43984 16.12232 43.43992 16.12223 43.44041 16.12196 43.44084 16.1216 43.44099 16.12153 43.4413 16.12151 43.44143 16.12148 43.44146 16.12143 43.4415 16.12143 43.44162 16.12162 43.4417 16.12168 43.44192 16.12168 43.44241 16.12151 43.44301 16.12115 43.44326 16.12087 43.44355 16.12016 43.44356 16.12007 43.44356 16.11982 43.44355 16.11962 43.44351 16.1195 43.44342 16.11925 43.44296 16.11853 43.44268 16.11783 43.44255 16.11765 43.44233 16.1175 43.44216 16.11741 43.44187 16.1173 43.44165 16.11726 43.44137 16.11731 43.44116 16.11748 43.44089 16.11757 43.44022 16.11756 43.43993 16.11762 43.43971 16.11762 43.43961 16.11756 43.43955 16.11748 43.43952 16.11729 43.4394 16.11715 43.4392 16.11705 43.43887 16.11693 43.4387 16.11672 43.43845 16.11641 43.4381 16.11617 43.43778 16.11589 43.43755 16.11571 43.43743 16.11558 43.43736 16.11546 43.43723 16.11538 43.43721 16.11533 43.43723 16.11526 43.43727 16.11516 43.43745 16.11469 43.43754 16.11437 43.43758 16.11404 43.4376 16.11367 43.43756 16.11272 43.43749 16.1122 43.43736 16.1116 43.43722 16.11121 43.43708 16.11093 43.43692 16.11068 43.43674 16.11051 43.43661 16.11031 43.43647 16.11011 43.43636 16.11008 43.43632 16.11012 43.43629 16.1102 43.43628 16.1103 43.43624 16.11029 43.43623 16.11024 43.43624 16.11 43.43622 16.10995 43.43617 16.1099 43.43591 16.10992 43.4358 16.10997 43.43568 16.11004 43.43548 16.11031 43.43542 16.11056 43.43536 16.11067 43.43527 16.11077 43.43519 16.11087 43.43515 16.11112 43.43509 16.11122 43.43498 16.11133 43.4349 16.1115 43.43476 16.11178 43.43462 16.112 43.43449 16.11212 43.43443 16.11227 43.43431 16.11231 43.43417 16.11224 43.43397 16.11225 43.43382 16.1122 43.4337 16.11208 43.43355 16.11198 43.4335 16.1119 43.43348 16.11178 43.43347 16.11116 43.43336 16.11037 43.43329 16.11016 43.43311 16.10958 43.433 16.10935 43.43288 16.10918 43.43275 16.10905 43.43259 16.10897 43.43205 16.10858 43.43179 16.10848 43.4316 16.10838 43.43116 16.10828 43.43102 16.10825 43.43068 16.10812 43.43026 16.10809 43.43008 16.10819 43.4299 16.10843 43.42981 16.10863 43.42975 16.10887 43.42974 16.10939 43.42967 16.11008 43.42966 16.1109 43.42961 16.11122 43.42959 16.11188 43.42968 16.11216 43.42968 16.11299 43.42967 16.11323 43.42961 16.11351 43.42937 16.1142 43.42895 16.11481 43.42892 16.11491 43.42888 16.11503 43.42889 16.11518 43.42891 16.11528 43.42889 16.1154 43.42882 16.1155 43.4288 16.11559 43.42878 16.11582 43.42872 16.11616 43.42874 16.11646 43.42881 16.11659 43.42888 16.11666 43.42897 16.11674 43.42946 16.11692 43.4301 16.11691 43.43018 16.11696 43.43023 16.11706 43.43021 16.11719 43.43015 16.11733 43.42994 16.11768 43.42986 16.11783 43.42979 16.11811 43.42978 16.11836 43.42984 16.11853 43.42987 16.11863 43.43003 16.11886 43.43009 16.11895 43.43014 16.11907 43.43013 16.11918 43.43007 16.11929 43.42992 16.11942 43.42977 16.11957 43.42953 16.11966 43.42947 16.11968 43.42941 16.11976 43.42937 16.11983 43.42932 16.12008 43.42931 16.12025 43.42931 16.12043 43.42929 16.1206 43.42929 16.12074 43.42943 16.12093 43.42951 16.12102 43.42958 16.12123 43.42965 16.12139 43.4297 16.12154 43.42966 16.12168 43.42922 16.12208 43.42899 16.12212 43.42892 16.12217 43.42871 16.12222 43.42855 16.12253 43.42846 16.12249 43.42845 16.12236 43.42841 16.1223 43.4283 16.12228 43.4282 16.12235 43.42807 16.12258 43.42799 16.12287 43.42788 16.12314 43.42784 16.12366 43.42791 16.12405 43.42819 16.12505 43.42833 16.1254 43.42836 16.12562 43.42832 16.12578 43.42827 16.12586 43.42816 16.12594 43.42776 16.12605 43.42769 16.12612 43.42762 16.12622 43.42751 16.12652 43.42748 16.12703 43.42749 16.12786 43.42755 16.1285 43.42754 16.12901 43.42746 16.12936 43.42745 16.12949 43.42746 16.1296 43.42753 16.12973 43.42756 16.12988 43.42756 16.13007 43.42752 16.1302 43.42752 16.13035 43.42756 16.1304 43.42763 16.13038 43.42773 16.13034 43.42781 16.13029 43.42786 16.13031 43.42786 16.13038 43.42781 16.13045 43.42777 16.13052 43.42776 16.13055 43.42778 16.13057 43.42783 16.13057 43.42799 16.13058 43.42805 16.13065 43.42809 16.1308 43.42806 16.13085 43.42797 16.13087 43.42793 16.13095 43.42796 16.13119 43.42795 16.13132 43.428 16.13139 43.42807 16.13137 43.42812 16.13128 43.4282 16.13137 43.42818 16.13146 43.42821 16.13154 43.4283 16.13164 43.42848 16.13187 43.42864 16.13222 43.42869 16.13234 43.42885 16.13264 43.42906 16.13312 43.4292 16.13334 43.42942 16.13352 43.42976 16.1339 43.43011 16.1341 43.43038 16.13418 43.43073 16.13449 43.43093 16.1346 43.43128 16.13462 43.43133 16.13469 43.43135 16.13484 43.4314 16.13496 43.43138 16.13509 43.43122 16.1353 43.43113 16.1355 43.43109 16.13575 43.43099 16.136 43.43101 16.13627 43.43116 16.1364 43.43123 16.13645 43.43124 16.13652 43.43122 16.1366 43.43117 16.13684 43.43113 16.13696 43.43078 16.1374 43.43069 16.13762 43.43067 16.13774 43.43067 16.13799 43.4307 16.13814 43.43099 16.13859 43.43118 16.13878 43.43121 16.13889 43.4312 16.13899 43.43107 16.13918 43.43096 16.13945 43.43074 16.13972 43.43051 16.13994 43.43045 16.14003 43.43034 16.14033 43.43028 16.14057 43.43018 16.14075 43.43015 16.14091 43.43006 16.14146 43.42995 16.14175 43.42969 16.14222 43.42962 16.14241 43.42954 16.14278 43.42952 16.1431 43.42947 16.14331 43.42949 16.14389 43.42955 16.14418 43.4296 16.14461 43.42966 16.14501 43.42976 16.14521 43.42989 16.14558 43.43005 16.14574 43.43009 16.14581 43.43008 16.14588 43.43002 16.14589 43.42992 16.14589 43.42986 16.14591 43.42985 16.146 43.42996 16.14613 43.43017 16.1462 43.43055 16.14643 43.43076 16.14659 43.43092 16.14676 43.43142 16.14709 43.43157 16.14724 43.43169 16.14732 43.43207 16.1478 43.43248 16.1481 43.43269 16.14818 43.43298 16.14818 43.43329 16.14807 43.43356 16.14783 43.43435 16.14673 43.43464 16.14622 43.43495 16.14583 43.4355 16.14492 43.43564 16.1448 43.43575 16.14475 43.43585 16.14479 43.43591 16.14483 43.43602 16.14498 43.43607 16.14513 43.43612 16.14558 43.43626 16.14588 43.43626 16.14602 43.4362 16.14622 43.43608 16.14664 43.436 16.14678 43.43594 16.1471 43.43594 16.1474 43.43603 16.1478 43.43626 16.1483 43.43631 16.14854 43.43629 16.14869 43.43623 16.14881 43.43594 16.14918 43.43576 16.14973 43.43572 16.14994 43.43568 16.15012 43.43568 16.15046 43.43565 16.15061 43.43564 16.15085 43.43572 16.15123 43.43581 16.15145 43.43586 16.15182 43.43598 16.15207 43.43616 16.15257 43.43635 16.15284 43.43651 16.15295 43.43669 16.153 43.43701 16.15321 43.43731 16.15332 43.43775 16.15332 43.43808 16.15325 43.4382 16.15318 43.43847 16.15316 43.43855 16.15321 43.43876 16.15324 43.43882 16.15327 43.43885 16.15336 43.43881 16.15351 43.43863 16.15375 43.43854 16.15395 43.4385 16.15414 43.4385 16.15466 43.43844 16.15483 43.43831 16.15503 43.43816 16.15502 43.43806 16.15503 43.43762 16.15534 43.43699 16.15607 43.43682 16.15609 43.4367 16.15601 43.43661 16.15601 43.4365 16.15613 43.43641 16.15613 43.43634 16.15606 43.43614 16.15608 43.43594 16.15625 43.43579 16.15648 43.43563 16.15688 43.43546 16.15757 43.43545 16.15767 43.43546 16.15782 43.43557 16.15799 43.43558 16.15807 43.43556 16.15818 43.43553 16.15828 43.43557 16.15846 43.43561 16.15856 43.43559 16.15864 43.43554 16.15871 43.43505 16.15902 43.43452 16.1595 43.43443 16.15955 43.43425 16.1598 43.43389 16.16013 43.43337 16.16096 43.43324 16.16126 43.43299 16.1617 43.43253 16.16243 43.43242 16.16277 43.43222 16.16326 43.43223 16.16334 43.43234 16.16342 43.43239 16.16354 43.43239 16.16359 43.43234 16.16364 43.43214 16.16363 43.4321 16.16368 43.43205 16.16375 43.43195 16.16427 43.43195 16.16462 43.43202 16.16504 43.43201 16.16546 43.43196 16.16576 43.43189 16.16605 43.43186 16.1663 43.4319 16.1665 43.43196 16.16687 43.43195 16.16766 43.43199 16.16805 43.43211 16.16845 43.43223 16.1687 43.4323 16.16885 43.43244 16.169 43.4327 16.16913 43.43293 16.16931 43.4332 16.16943 43.43345 16.16949 43.43421 16.16987 43.43442 16.16993 43.43463 16.16998 43.43517 16.17016 43.43544 16.17029 43.43626 16.17051 43.43668 16.17051 43.43699 16.17046 43.43714 16.17039 43.43741 16.17033 43.4376 16.17018 43.43779 16.17018 43.43785 16.17013 43.43802 16.16997 43.43812 16.16992 43.43839 16.1699 43.43847 16.16988 43.43867 16.16985 43.43875 16.16979 43.43876 16.16973 43.43869 16.16964 43.43854 16.16951 43.43851 16.16938 43.43862 16.16927 43.43878 16.16919 43.43897 16.16921 43.4392 16.16936 43.43942 16.1695 43.43951 16.16956 43.43961 16.16965 43.43967 16.16983 43.43972 16.17018 43.43973 16.17043 43.43988 16.171 43.44016 16.1714 43.44041 16.17162 43.44057 16.17185 43.44068 16.17215 43.44074 16.17254 43.44071 16.17393 43.44078 16.1743 43.44083 16.17444 43.44095 16.17485 43.44102 16.175 43.44133 16.17542 43.44139 16.17558 43.44159 16.17585 43.4417 16.17601 43.4416 16.17623 43.4417 16.17635 43.44181 16.17614 43.44186 16.17625 43.44204 16.1765 43.44225 16.1765 43.44263 16.17636 43.44301 16.17615 43.44324 16.17595 43.44336 16.17578 43.44372 16.17549 43.44401 16.17515 43.44427 16.17494 43.44505 16.17444 43.44517 16.1743 43.44526 16.17424 43.4454 16.17412 43.44554 16.17407 43.44567 16.17406 43.44579 16.17408 43.44603 16.17419 43.44618 16.17426 43.44634 16.17433 43.44663 16.17444 43.44675 16.17452 43.44706 16.17454 43.44722 16.1746 43.4476 16.17456 43.44818 16.17429 43.44849 16.17408 43.44867 16.17379 43.4488 16.17332 43.44891 16.17307 43.4491 16.1727 43.44912 16.17268 43.44916 16.17263 43.44921 16.17262 43.44928 16.17266 43.44967 16.17311 43.44981 16.17319 43.44995 16.17324 43.45021 16.17325 43.45046 16.17315 43.45082 16.17286 43.45095 16.17269 43.45104 16.1725 43.45113 16.17221 43.45117 16.17192 43.45119 16.17171 43.45124 16.17135 43.45129 16.17117 43.45136 16.17107 43.45149 16.171 43.45181 16.17095 43.45236 16.17072 43.45263 16.17045 43.45307 16.16989 43.45321 16.16975 43.45343 16.16963 43.45355 16.16951 43.45365 16.16935 43.45376 16.1691 43.45383 16.16889 43.45387 16.16862 43.4539 16.16837 43.45391 16.16823 43.45397 16.16813 43.45408 16.16813 43.45425 16.16823 43.45465 16.16829 43.4549 16.16825 43.45532 16.16806 43.45539 16.16798 43.45577 16.16767 43.45597 16.16743 43.45627 16.16704 43.45635 16.16684 43.45659 16.16648 43.45678 16.16591 43.45686 16.16554 43.45708 16.1648 43.45716 16.16416 43.45719 16.16325 43.45714 16.16263 43.45709 16.16251 43.45707 16.16226 43.45707 16.16209 43.45709 16.16201 43.45715 16.16194 43.45725 16.16187 43.45761 16.16182 43.4579 16.16166 43.45812 16.16136 43.45833 16.16085 43.45848 16.15972 43.45851 16.1589 43.45839 16.1585 43.45808 16.1581 43.45806 16.15802 43.45807 16.15795 43.45812 16.15787 43.45821 16.15778 43.45856 16.15767 43.45872 16.15752 43.45885 16.15735 43.45898 16.15699 43.45903 16.15676 43.45907 16.15651 43.4591 16.15567 43.45907 16.15533 43.459 16.15471 43.45896 16.15356 43.4589 16.15322 43.45886 16.15305 43.45879 16.15268 43.45877 16.15243 43.45862 16.15146 43.4586 16.15123 43.45857 16.15102 43.45848 16.15067 43.45841 16.15018 43.45832 16.14995 43.4582 16.1498 43.45804 16.14967 43.45779 16.14952 43.45718 16.14943 43.45714 16.14937 43.45713 16.14931 43.45713 16.14921 43.45722 16.14879 43.4575 16.14815 43.45762 16.14773 43.45767 16.14742 43.45762 16.14655 43.45746 16.14546 43.45747 16.14483 43.4575 16.14446 43.45761 16.14386 43.45766 16.14341 43.4578 16.1428 43.45792 16.14219 43.45803 16.14197 43.4581 16.14177 43.45812 16.14161 43.45811 16.14123 43.45812 16.14112</gml:posList>
                        </gml:LinearRing>
                      </gml:exterior>
                    </gml:Polygon>
                  </gml:surfaceMember>
                  <gml:surfaceMember>
                    <gml:Polygon gml:id="MEDIA_MONITORED_CILJ_ID_1_CILJ_ID_5_POLUTANT_2_MODEL_217">
                      <gml:exterior>
                        <gml:LinearRing>
                          <gml:posList srsDimension="2">43.5301 16.43902 43.5301 16.4389 43.5301 16.43886 43.53008 16.43879 43.53004 16.43877 43.52999 16.43877 43.52996 16.43881 43.52995 16.43891 43.52996 16.43898 43.52998 16.43906 43.53 16.43908 43.53003 16.4391 43.53007 16.43908 43.5301 16.43902</gml:posList>
                        </gml:LinearRing>
                      </gml:exterior>
                    </gml:Polygon>
                  </gml:surfaceMember>
                  <gml:surfaceMember>
                    <gml:Polygon gml:id="MEDIA_MONITORED_CILJ_ID_1_CILJ_ID_5_POLUTANT_2_MODEL_218">
                      <gml:exterior>
                        <gml:LinearRing>
                          <gml:posList srsDimension="2">43.48228 16.34687 43.48231 16.34691 43.48236 16.34693 43.48241 16.34692 43.48243 16.3469 43.48243 16.34681 43.48239 16.34676 43.48235 16.34674 43.4823 16.34674 43.48229 16.34678 43.48228 16.34683 43.48228 16.34687</gml:posList>
                        </gml:LinearRing>
                      </gml:exterior>
                    </gml:Polygon>
                  </gml:surfaceMember>
                  <gml:surfaceMember>
                    <gml:Polygon gml:id="MEDIA_MONITORED_CILJ_ID_1_CILJ_ID_5_POLUTANT_2_MODEL_219">
                      <gml:exterior>
                        <gml:LinearRing>
                          <gml:posList srsDimension="2">43.5363 16.44415 43.53633 16.44421 43.53637 16.44421 43.53641 16.44419 43.53645 16.44412 43.53649 16.44399 43.53648 16.44394 43.53644 16.44389 43.53638 16.44389 43.53631 16.44396 43.5363 16.44404 43.5363 16.44415</gml:posList>
                        </gml:LinearRing>
                      </gml:exterior>
                    </gml:Polygon>
                  </gml:surfaceMember>
                  <gml:surfaceMember>
                    <gml:Polygon gml:id="MEDIA_MONITORED_CILJ_ID_1_CILJ_ID_5_POLUTANT_2_MODEL_220">
                      <gml:exterior>
                        <gml:LinearRing>
                          <gml:posList srsDimension="2">43.52418 16.27612 43.52478 16.27707 43.52487 16.27707 43.52499 16.2769 43.52509 16.27673 43.52508 16.27667 43.52503 16.27654 43.52499 16.27652 43.52493 16.27655 43.52484 16.27661 43.52482 16.27661 43.52477 16.2766 43.52471 16.27653 43.5246 16.27632 43.52448 16.2761 43.52445 16.276 43.52438 16.2757 43.52434 16.2754 43.52428 16.27524 43.52422 16.27512 43.52417 16.27496 43.52417 16.27481 43.52423 16.27462 43.52423 16.27435 43.52414 16.27404 43.52415 16.27389 43.52416 16.27384 43.52418 16.27379 43.52424 16.27374 43.52436 16.27375 43.52442 16.27367 43.52442 16.2736 43.52437 16.27352 43.5241 16.27352 43.52401 16.27359 43.52397 16.27369 43.52396 16.27411 43.524 16.27433 43.52403 16.27466 43.52404 16.2749 43.52402 16.27547 43.52405 16.27582 43.52418 16.27612</gml:posList>
                        </gml:LinearRing>
                      </gml:exterior>
                    </gml:Polygon>
                  </gml:surfaceMember>
                  <gml:surfaceMember>
                    <gml:Polygon gml:id="MEDIA_MONITORED_CILJ_ID_1_CILJ_ID_5_POLUTANT_2_MODEL_221">
                      <gml:exterior>
                        <gml:LinearRing>
                          <gml:posList srsDimension="2">43.58534 16.47565 43.58764 16.46715 43.58899 16.45595 43.58951 16.45112 43.59091 16.43813 43.58676 16.43165 43.57105 16.4132 43.57031 16.41939 43.56908 16.42981 43.56988 16.43096 43.56776 16.43584 43.56765 16.43788 43.5643 16.44156 43.56311 16.44468 43.56216 16.44651 43.55815 16.44554 43.55785 16.44637 43.55773 16.44671 43.55741 16.44693 43.55711 16.44713 43.55668 16.44741 43.55464 16.45812 43.55378 16.45839 43.55337 16.45931 43.55231 16.45945 43.55222 16.45946 43.54973 16.45886 43.54956 16.45882 43.54943 16.45879 43.54928 16.45875 43.54927 16.45875 43.54846 16.45855 43.54768 16.45837 43.54695 16.45819 43.54557 16.45761 43.5454 16.45765 43.54498 16.45772 43.54496 16.45772 43.54459 16.45796 43.54444 16.4589 43.54356 16.46023 43.54197 16.46066 43.54189 16.46071 43.54184 16.46073 43.54177 16.46079 43.54135 16.46103 43.53981 16.46194 43.53767 16.46171 43.53765 16.46173 43.53763 16.46188 43.53769 16.462 43.5377 16.46207 43.53764 16.46211 43.53747 16.46211 43.53726 16.46213 43.53719 16.46217 43.53709 16.4623 43.53706 16.46235 43.53705 16.46262 43.53702 16.46275 43.53695 16.46286 43.53694 16.4629 43.53669 16.46284 43.53667 16.46289 43.53645 16.46399 43.53644 16.46411 43.53639 16.46435 43.53628 16.46484 43.53621 16.46528 43.53624 16.46541 43.53631 16.4655 43.53634 16.46557 43.53634 16.46571 43.53627 16.46573 43.53626 16.46572 43.53623 16.4656 43.53614 16.46569 43.53617 16.46578 43.53618 16.46606 43.53619 16.46633 43.53627 16.46635 43.53635 16.46629 43.53645 16.46633 43.53649 16.46634 43.53657 16.46635 43.53663 16.4664 43.53671 16.46661 43.53677 16.46677 43.53689 16.4671 43.53694 16.46727 43.537 16.46743 43.53703 16.46754 43.53699 16.46758 43.5369 16.46762 43.53682 16.46764 43.53646 16.46766 43.53643 16.46761 43.53642 16.46733 43.53634 16.46734 43.53634 16.46767 43.53637 16.46774 43.53646 16.46779 43.53686 16.46778 43.53694 16.46778 43.53699 16.46788 43.53701 16.46809 43.53706 16.46822 43.53708 16.46826 43.5371 16.46832 43.53724 16.46834 43.53729 16.46835 43.53737 16.46847 43.53739 16.4686 43.53738 16.46885 43.53715 16.46953 43.53711 16.46979 43.53708 16.46991 43.53702 16.46999 43.53688 16.47008 43.53678 16.47015 43.53669 16.47019 43.53662 16.47024 43.53638 16.47073 43.5363 16.47099 43.53599 16.47141 43.53594 16.47153 43.53592 16.47186 43.53594 16.47197 43.53593 16.47214 43.5359 16.47228 43.53591 16.47246 43.53593 16.47265 43.53592 16.47287 43.53585 16.47321 43.53572 16.47356 43.53572 16.47358 43.53556 16.47404 43.53537 16.47445 43.5352 16.47476 43.53506 16.47499 43.53503 16.47508 43.53492 16.47531 43.53486 16.47553 43.53486 16.47565 43.53486 16.47567 43.53486 16.47577 43.53484 16.47581 43.53472 16.47594 43.53459 16.47607 43.53425 16.4748 43.53385 16.47505 43.53376 16.47512 43.53344 16.47528 43.53314 16.47542 43.53284 16.47555 43.53288 16.47569 43.53322 16.47552 43.5342 16.47501 43.53422 16.47501 43.53425 16.4751 43.53436 16.47557 43.53436 16.47563 43.53304 16.47682 43.53299 16.47683 43.5327 16.47686 43.53268 16.4768 43.53265 16.47655 43.53259 16.47609 43.5325 16.47609 43.53252 16.47639 43.53256 16.4767 43.53258 16.47687 43.5326 16.477 43.53258 16.47711 43.53248 16.47724 43.53235 16.47734 43.53221 16.47741 43.53213 16.47744 43.53211 16.4774 43.53212 16.47674 43.53215 16.47652 43.53214 16.47624 43.53215 16.47579 43.53218 16.47559 43.53219 16.4754 43.53219 16.47513 43.53218 16.47498 43.5322 16.47483 43.53225 16.47462 43.53237 16.47431 43.53244 16.47407 43.53248 16.47392 43.5325 16.47377 43.5325 16.47364 43.53245 16.47337 43.53243 16.47324 43.53243 16.47317 43.53243 16.47295 43.53249 16.47275 43.53253 16.47263 43.53255 16.47254 43.53255 16.47247 43.53252 16.47241 43.53247 16.47233 43.53243 16.47229 43.53242 16.47225 43.53245 16.47219 43.53247 16.47211 43.53246 16.47207 43.53244 16.47203 43.53242 16.47198 43.5324 16.47189 43.5324 16.47153 43.53238 16.47147 43.53235 16.4714 43.53231 16.47136 43.53202 16.47133 43.53191 16.47125 43.53182 16.47117 43.53174 16.47111 43.53168 16.47108 43.53161 16.47101 43.53157 16.47095 43.53151 16.47087 43.53148 16.4708 43.53147 16.47065 43.53149 16.4705 43.53152 16.4704 43.53158 16.47032 43.53163 16.4703 43.53165 16.47032 43.53171 16.47038 43.53179 16.4704 43.5318 16.47041 43.53185 16.47037 43.53193 16.4703 43.53197 16.4703 43.53204 16.47025 43.53211 16.47014 43.53216 16.47011 43.53223 16.4701 43.53228 16.47014 43.53235 16.47013 43.53241 16.47005 43.53243 16.46998 43.53245 16.46991 43.53248 16.46984 43.53252 16.46979 43.53255 16.46973 43.53257 16.46969 43.53258 16.46964 43.53258 16.46958 43.53257 16.46952 43.53257 16.46941 43.53254 16.46936 43.53251 16.46931 43.5325 16.46929 43.53249 16.46926 43.53248 16.46918 43.53249 16.46914 43.53252 16.46908 43.53255 16.46901 43.53256 16.46899 43.53257 16.46886 43.53256 16.46884 43.53256 16.46881 43.53254 16.4688 43.53254 16.46878 43.53254 16.4687 43.53256 16.46862 43.53257 16.46857 43.53258 16.4685 43.5326 16.46847 43.53265 16.46846 43.53267 16.46842 43.53267 16.46841 43.53266 16.46838 43.53264 16.46835 43.53261 16.46834 43.53258 16.46833 43.53256 16.46832 43.53252 16.4683 43.53248 16.4683 43.5324 16.46834 43.53233 16.46836 43.53228 16.46838 43.53223 16.46837 43.5322 16.46835 43.53217 16.46833 43.53207 16.46823 43.53204 16.46819 43.532 16.46814 43.53199 16.46809 43.53199 16.46799 43.53202 16.4679 43.53204 16.46783 43.53205 16.46778 43.53207 16.46772 43.53207 16.46765 43.53207 16.46757 43.53205 16.46748 43.53201 16.46743 43.53195 16.46734 43.53192 16.46729 43.53189 16.46721 43.53189 16.46713 43.53187 16.46708 43.53185 16.46697 43.53184 16.46683 43.53183 16.46681 43.53181 16.46678 43.5318 16.46667 43.53178 16.46658 43.53177 16.46656 43.53175 16.46646 43.53172 16.46641 43.53167 16.46635 43.53156 16.46633 43.53155 16.46633 43.53102 16.46632 43.53104 16.46648 43.53105 16.46662 43.53106 16.46674 43.53109 16.46685 43.53111 16.46692 43.53111 16.46702 43.5311 16.46703 43.53103 16.46701 43.53088 16.46693 43.53085 16.46687 43.53083 16.46674 43.53081 16.4666 43.5308 16.46654 43.53078 16.46633 43.5306 16.46628 43.53058 16.46627 43.5306 16.46547 43.53051 16.46547 43.5305 16.46574 43.53045 16.4658 43.53043 16.46581 43.53038 16.46582 43.53022 16.46586 43.53018 16.46604 43.53014 16.46631 43.5301 16.46653 43.53006 16.46668 43.53005 16.46676 43.52983 16.46675 43.52982 16.46697 43.52979 16.46707 43.52976 16.46719 43.52973 16.46727 43.52917 16.46949 43.52916 16.46955 43.52908 16.46993 43.52901 16.4702 43.52901 16.47026 43.52909 16.47039 43.52908 16.47063 43.52906 16.47077 43.52902 16.47086 43.52901 16.47091 43.529 16.47096 43.52889 16.47114 43.52879 16.47126 43.52873 16.4714 43.52868 16.47162 43.52864 16.47178 43.52862 16.47183 43.52859 16.47184 43.52858 16.47182 43.52862 16.47169 43.52854 16.47165 43.52849 16.47176 43.52845 16.47193 43.52837 16.47222 43.52836 16.47229 43.52835 16.47237 43.52831 16.47251 43.52823 16.47273 43.52819 16.47285 43.52817 16.47297 43.52815 16.47307 43.52814 16.47312 43.52815 16.47318 43.52818 16.47319 43.52819 16.47318 43.52822 16.47313 43.52825 16.47307 43.52827 16.47305 43.5283 16.47304 43.52831 16.47305 43.52832 16.47309 43.52829 16.47318 43.52822 16.4733 43.52815 16.47346 43.52811 16.47356 43.5281 16.47367 43.52806 16.4738 43.52802 16.47392 43.52799 16.47401 43.52797 16.47408 43.52793 16.47414 43.52786 16.47418 43.5278 16.47423 43.52773 16.47435 43.52768 16.47445 43.52765 16.4745 43.52762 16.47452 43.52757 16.47451 43.52755 16.47447 43.52934 16.48203 43.52933 16.48279 43.52932 16.48297 43.52932 16.48332 43.52931 16.48388 43.52931 16.48403 43.52931 16.48405 43.5293 16.48409 43.52929 16.48867 43.52929 16.48958 43.52928 16.49343 43.52927 16.49517 43.52925 16.49528 43.52914 16.49595 43.52892 16.49734 43.52885 16.4986 43.52877 16.50005 43.5287 16.50055 43.52869 16.50063 43.52854 16.50169 43.52815 16.5043 43.5281 16.50444 43.52803 16.50462 43.52783 16.50512 43.52693 16.50737 43.52654 16.50788 43.52641 16.50805 43.52599 16.50812 43.52586 16.50814 43.52566 16.50823 43.52548 16.50914 43.52404 16.51043 43.52311 16.51282 43.52275 16.51441 43.52222 16.51677 43.52245 16.51679 43.52161 16.5209 43.52124 16.52365 43.52108 16.52521 43.52087 16.52717 43.52085 16.52737 43.52082 16.52759 43.52031 16.53073 43.52034 16.53138 43.52076 16.53196 43.5212 16.53209 43.52227 16.5324 43.5238 16.53233 43.52418 16.53231 43.52528 16.53343 43.52554 16.53369 43.52571 16.53386 43.53381 16.54183 43.53779 16.54575 43.53908 16.54702 43.54665 16.55448 43.54666 16.55449 43.54359 16.54804 43.5416 16.5422 43.54063 16.53936 43.54085 16.539 43.54181 16.53183 43.54281 16.52439 43.5429 16.52369 43.5429 16.52365 43.54292 16.52334 43.54297 16.52261 43.54277 16.52197 43.54229 16.52035 43.54156 16.51793 43.54151 16.51742 43.54142 16.51669 43.54133 16.51563 43.5413 16.51527 43.54116 16.5136 43.54035 16.51169 43.54018 16.5104 43.54016 16.51024 43.54058 16.50863 43.54075 16.50799 43.54068 16.50763 43.5406 16.50724 43.54024 16.50551 43.54033 16.50498 43.54052 16.50383 43.54055 16.50329 43.54061 16.50251 43.54063 16.50225 43.54063 16.50215 43.54063 16.50208 43.54062 16.50173 43.54061 16.50151 43.54059 16.50077 43.54041 16.49927 43.54023 16.49871 43.53999 16.49798 43.54001 16.49728 43.53977 16.49649 43.5397 16.49624 43.53936 16.49598 43.53914 16.49581 43.53832 16.49517 43.53802 16.49481 43.53764 16.49321 43.53767 16.49266 43.53778 16.49239 43.5378 16.49233 43.53825 16.49191 43.5388 16.49278 43.53932 16.49327 43.54008 16.49386 43.54093 16.4947 43.54112 16.49489 43.5414 16.49517 43.54153 16.49532 43.54174 16.49554 43.54184 16.49565 43.54267 16.49584 43.54332 16.49593 43.54361 16.49599 43.54425 16.49611 43.54463 16.49627 43.54483 16.49636 43.54491 16.49645 43.5454 16.49701 43.54551 16.49713 43.54601 16.49748 43.54652 16.49784 43.54695 16.49802 43.54711 16.49808 43.54738 16.49802 43.5479 16.4979 43.54798 16.49813 43.54808 16.49842 43.54824 16.49856 43.54833 16.49864 43.54871 16.49866 43.5497 16.4986 43.55012 16.49821 43.55047 16.49799 43.55065 16.49787 43.5515 16.498 43.55276 16.49818 43.55315 16.49883 43.55331 16.49893 43.55372 16.4992 43.55405 16.4993 43.5544 16.49941 43.55652 16.4991 43.55686 16.4991 43.55692 16.4991 43.55694 16.4991 43.55716 16.49937 43.5572 16.49942 43.55721 16.49944 43.55723 16.49946 43.5573 16.49955 43.55751 16.49992 43.55768 16.50021 43.55785 16.50041 43.55803 16.50064 43.55831 16.5015 43.55848 16.50249 43.559 16.50665 43.55918 16.50677 43.56042 16.50758 43.56078 16.50678 43.56124 16.50576 43.5614 16.50557 43.5615 16.50546 43.5619 16.50583 43.5623 16.5069 43.56271 16.5079 43.56345 16.50831 43.56374 16.5076 43.56404 16.50699 43.56412 16.50685 43.56421 16.5067 43.56433 16.5065 43.56445 16.50631 43.56451 16.50621 43.56453 16.50618 43.56443 16.50588 43.56436 16.50564 43.56453 16.50505 43.56482 16.50402 43.56522 16.50338 43.5653 16.50325 43.56602 16.50142 43.5662 16.49936 43.56703 16.49964 43.56739 16.49976 43.56804 16.49834 43.56858 16.49811 43.57 16.49753 43.57014 16.49747 43.57318 16.49623 43.57523 16.49539 43.57576 16.49517 43.57576 16.49516 43.58015 16.49351 43.58431 16.49284 43.58471 16.49192 43.58495 16.48594 43.58465 16.48352 43.58534 16.47565</gml:posList>
                        </gml:LinearRing>
                      </gml:exterior>
                    </gml:Polygon>
                  </gml:surfaceMember>
                  <gml:surfaceMember>
                    <gml:Polygon gml:id="MEDIA_MONITORED_CILJ_ID_1_CILJ_ID_5_POLUTANT_2_MODEL_222">
                      <gml:exterior>
                        <gml:LinearRing>
                          <gml:posList srsDimension="2">43.41548 16.1302 43.41593 16.12993 43.41606 16.12979 43.41615 16.12973 43.41622 16.12975 43.41626 16.12983 43.41629 16.12986 43.41638 16.12987 43.41667 16.12972 43.41678 16.12963 43.41702 16.12931 43.41718 16.12917 43.41733 16.12909 43.41742 16.12897 43.41771 16.12876 43.41791 16.12871 43.41818 16.12852 43.41889 16.12776 43.41907 16.12763 43.41934 16.12745 43.41952 16.12723 43.41956 16.12709 43.41967 16.12688 43.41982 16.12648 43.41997 16.12598 43.42002 16.12542 43.42005 16.12509 43.42012 16.1248 43.42022 16.12455 43.42044 16.12414 43.42047 16.12398 43.42051 16.12387 43.42073 16.12353 43.42079 16.12326 43.42083 16.12308 43.4209 16.12294 43.42098 16.12242 43.421 16.12197 43.42107 16.12167 43.42111 16.12114 43.42112 16.12069 43.42105 16.12037 43.42103 16.12027 43.42092 16.12002 43.4209 16.11983 43.42086 16.11968 43.4208 16.11942 43.42073 16.11919 43.42068 16.11909 43.42065 16.11903 43.42059 16.11898 43.42049 16.1189 43.42044 16.11885 43.42029 16.1188 43.42006 16.11879 43.41988 16.11877 43.41974 16.11874 43.41962 16.11872 43.41953 16.11874 43.41948 16.11874 43.41942 16.11876 43.41936 16.11879 43.41926 16.11882 43.4192 16.11885 43.4191 16.11891 43.41887 16.11909 43.41877 16.11918 43.41866 16.1192 43.41852 16.11927 43.41844 16.11933 43.41831 16.11947 43.41819 16.11967 43.41806 16.11981 43.41795 16.11989 43.41787 16.11994 43.41778 16.12 43.41769 16.12014 43.41754 16.12058 43.41739 16.12077 43.41721 16.12087 43.41705 16.12104 43.41701 16.1212 43.41701 16.12136 43.41692 16.12158 43.41613 16.12265 43.41597 16.12297 43.41588 16.12321 43.41584 16.12345 43.41583 16.12386 43.41579 16.12402 43.4157 16.12445 43.41561 16.12479 43.41549 16.12511 43.41546 16.12533 43.41514 16.12611 43.41508 16.12637 43.41503 16.12666 43.41504 16.12717 43.41508 16.12732 43.41511 16.12782 43.41509 16.12821 43.41499 16.12877 43.41489 16.12942 43.41482 16.12971 43.41472 16.12998 43.41472 16.13016 43.41475 16.13024 43.41481 16.13031 43.41499 16.13031 43.41548 16.1302</gml:posList>
                        </gml:LinearRing>
                      </gml:exterior>
                    </gml:Polygon>
                  </gml:surfaceMember>
                  <gml:surfaceMember>
                    <gml:Polygon gml:id="MEDIA_MONITORED_CILJ_ID_1_CILJ_ID_5_POLUTANT_2_MODEL_223">
                      <gml:exterior>
                        <gml:LinearRing>
                          <gml:posList srsDimension="2">43.50331 16.41773 43.50335 16.41775 43.5034 16.41774 43.50341 16.41768 43.5035 16.41744 43.50353 16.41731 43.50353 16.41723 43.50349 16.41711 43.50343 16.41709 43.50338 16.41714 43.50334 16.41731 43.5033 16.41745 43.5033 16.41761 43.50331 16.41773</gml:posList>
                        </gml:LinearRing>
                      </gml:exterior>
                    </gml:Polygon>
                  </gml:surfaceMember>
                  <gml:surfaceMember>
                    <gml:Polygon gml:id="MEDIA_MONITORED_CILJ_ID_1_CILJ_ID_5_POLUTANT_2_MODEL_224">
                      <gml:exterior>
                        <gml:LinearRing>
                          <gml:posList srsDimension="2">43.50097 16.19453 43.50102 16.19461 43.50111 16.19461 43.50115 16.19455 43.50115 16.19446 43.5011 16.19436 43.50101 16.19434 43.50095 16.19441 43.50097 16.19453</gml:posList>
                        </gml:LinearRing>
                      </gml:exterior>
                    </gml:Polygon>
                  </gml:surfaceMember>
                  <gml:surfaceMember>
                    <gml:Polygon gml:id="MEDIA_MONITORED_CILJ_ID_1_CILJ_ID_5_POLUTANT_2_MODEL_225">
                      <gml:exterior>
                        <gml:LinearRing>
                          <gml:posList srsDimension="2">43.53204 16.41892 43.53206 16.41902 43.53211 16.41913 43.53213 16.41918 43.53219 16.41928 43.53224 16.41933 43.53231 16.41933 43.53237 16.41928 43.53241 16.41917 43.53247 16.41895 43.53251 16.4188 43.53251 16.41862 43.53246 16.41851 43.53238 16.41832 43.53234 16.4183 43.53228 16.41829 43.53221 16.4183 43.53213 16.41834 43.53206 16.41845 43.53205 16.41851 43.53204 16.4188 43.53204 16.41892</gml:posList>
                        </gml:LinearRing>
                      </gml:exterior>
                    </gml:Polygon>
                  </gml:surfaceMember>
                  <gml:surfaceMember>
                    <gml:Polygon gml:id="MEDIA_MONITORED_CILJ_ID_1_CILJ_ID_5_POLUTANT_2_MODEL_226">
                      <gml:exterior>
                        <gml:LinearRing>
                          <gml:posList srsDimension="2">43.53004 16.44206 43.53004 16.44215 43.53004 16.44222 43.53008 16.44226 43.53011 16.44225 43.53014 16.44218 43.53014 16.44204 43.53014 16.44199 43.53011 16.44196 43.53008 16.44193 43.53005 16.44194 43.53004 16.44199 43.53004 16.44206</gml:posList>
                        </gml:LinearRing>
                      </gml:exterior>
                    </gml:Polygon>
                  </gml:surfaceMember>
                  <gml:surfaceMember>
                    <gml:Polygon gml:id="MEDIA_MONITORED_CILJ_ID_1_CILJ_ID_5_POLUTANT_2_MODEL_227">
                      <gml:exterior>
                        <gml:LinearRing>
                          <gml:posList srsDimension="2">43.43915 16.1757 43.43917 16.1755 43.43911 16.17543 43.43906 16.17543 43.43891 16.17555 43.43882 16.17557 43.43844 16.17554 43.43835 16.17561 43.43816 16.17566 43.43729 16.17564 43.43706 16.17571 43.4363 16.17621 43.43617 16.17624 43.43601 16.17633 43.4359 16.17644 43.43581 16.17657 43.43564 16.17684 43.43542 16.17701 43.43535 16.17711 43.43526 16.1775 43.43519 16.17766 43.43507 16.17784 43.43501 16.178 43.43503 16.17841 43.43496 16.17866 43.43493 16.17884 43.43495 16.17905 43.43506 16.17948 43.43523 16.17973 43.43534 16.1798 43.43545 16.17985 43.43572 16.17986 43.43621 16.17965 43.43679 16.17921 43.43783 16.17802 43.43864 16.17727 43.43904 16.17674 43.43908 16.17664 43.43909 16.17605 43.43915 16.1757</gml:posList>
                        </gml:LinearRing>
                      </gml:exterior>
                    </gml:Polygon>
                  </gml:surfaceMember>
                  <gml:surfaceMember>
                    <gml:Polygon gml:id="MEDIA_MONITORED_CILJ_ID_1_CILJ_ID_5_POLUTANT_2_MODEL_228">
                      <gml:exterior>
                        <gml:LinearRing>
                          <gml:posList srsDimension="2">43.61492 16.16578 43.61634 16.16225 43.61873 16.15849 43.6225 16.15256 43.63276 16.12911 43.63405 16.12445 43.63457 16.1198 43.63522 16.11535 43.63521 16.11534 43.63382 16.11369 43.63223 16.11217 43.63011 16.10907 43.62385 16.10477 43.61081 16.10193 43.60721 16.12015 43.6062 16.12685 43.60595 16.12702 43.59896 16.1466 43.59136 16.13963 43.58951 16.13969 43.58562 16.13618 43.58513 16.13613 43.58476 16.13545 43.58497 16.13448 43.58404 16.1342 43.5833 16.1345 43.58321 16.1344 43.58272 16.13387 43.58307 16.13279 43.58257 16.13228 43.58108 16.13075 43.58107 16.13074 43.58077 16.13044 43.57982 16.12754 43.57465 16.12228 43.5711 16.12087 43.57087 16.12015 43.57032 16.11866 43.56949 16.11859 43.56863 16.11823 43.56701 16.11742 43.56519 16.11722 43.56329 16.11797 43.56246 16.12194 43.56141 16.12361 43.56116 16.12529 43.56117 16.1253 43.56329 16.12842 43.56199 16.12955 43.56016 16.13114 43.55943 16.13178 43.55922 16.13386 43.55881 16.13546 43.55403 16.1529 43.55377 16.16391 43.54637 16.17411 43.5434 16.1758 43.54183 16.17746 43.53948 16.18042 43.53812 16.18174 43.53784 16.18201 43.53634 16.18246 43.53509 16.18097 43.53227 16.17992 43.52775 16.17913 43.52517 16.18017 43.51993 16.17957 43.51978 16.17876 43.5193 16.17619 43.51874 16.17388 43.51718 16.17242 43.51258 16.17026 43.51255 16.17024 43.51254 16.17047 43.5125 16.17067 43.51248 16.17129 43.51248 16.17161 43.5125 16.17184 43.51251 16.17235 43.51257 16.17295 43.51262 16.1732 43.51269 16.17367 43.51272 16.17391 43.51277 16.17458 43.51284 16.17496 43.51291 16.17523 43.51294 16.17555 43.513 16.17583 43.51302 16.1761 43.51299 16.17647 43.51298 16.17684 43.51303 16.17704 43.51305 16.17741 43.51305 16.17764 43.51305 16.17805 43.51295 16.17832 43.51289 16.17847 43.51283 16.17859 43.51282 16.17882 43.51288 16.17903 43.51302 16.17922 43.51325 16.17943 43.51331 16.1795 43.5133 16.17957 43.5133 16.17959 43.51326 16.17961 43.51308 16.17968 43.51289 16.17963 43.51292 16.1794 43.51283 16.17938 43.5128 16.17962 43.51271 16.17961 43.51248 16.17957 43.51243 16.17982 43.51239 16.18004 43.51232 16.18016 43.5122 16.18015 43.51219 16.18027 43.51231 16.18028 43.51207 16.18093 43.51196 16.18093 43.51195 16.18105 43.51207 16.18106 43.51186 16.18157 43.51182 16.18179 43.51176 16.182 43.5116 16.18228 43.51154 16.18262 43.51142 16.18288 43.51139 16.183 43.51137 16.18312 43.51129 16.18313 43.5113 16.18327 43.51138 16.18326 43.51141 16.18334 43.51141 16.18385 43.51133 16.18388 43.51135 16.184 43.51144 16.18398 43.51147 16.18401 43.51146 16.18414 43.51133 16.1842 43.51136 16.18431 43.51146 16.18426 43.51148 16.18457 43.51124 16.18476 43.51128 16.18488 43.5115 16.1847 43.51157 16.18473 43.51167 16.18491 43.51168 16.18502 43.51169 16.18522 43.51165 16.18536 43.51157 16.18542 43.51147 16.18549 43.5115 16.18561 43.51167 16.18548 43.51171 16.18546 43.51175 16.18551 43.51174 16.18555 43.51172 16.18562 43.51154 16.18578 43.51141 16.18579 43.51125 16.18576 43.51117 16.18565 43.51117 16.18553 43.51116 16.1854 43.5111 16.18533 43.51106 16.18529 43.511 16.18523 43.51104 16.18508 43.51096 16.18503 43.51091 16.18518 43.51081 16.18516 43.51065 16.1851 43.51061 16.18507 43.51066 16.18487 43.51057 16.18482 43.51052 16.18501 43.51047 16.185 43.51036 16.18488 43.51024 16.18465 43.51019 16.18449 43.51017 16.18438 43.51015 16.18433 43.5101 16.18413 43.51 16.18389 43.50988 16.18357 43.51001 16.18351 43.50997 16.18338 43.50986 16.18344 43.50981 16.18329 43.50975 16.18307 43.50986 16.18302 43.50982 16.1829 43.50973 16.18296 43.50971 16.18291 43.50966 16.18268 43.50978 16.18261 43.50975 16.18251 43.50964 16.18257 43.50962 16.18254 43.50959 16.18242 43.50956 16.18231 43.50968 16.18226 43.50964 16.18214 43.50953 16.18219 43.5095 16.18216 43.50943 16.18194 43.50935 16.18171 43.50946 16.18162 43.50942 16.18152 43.50931 16.18161 43.50919 16.18141 43.50928 16.18132 43.50921 16.1812 43.50913 16.18129 43.50907 16.18118 43.50913 16.18112 43.50908 16.18103 43.50901 16.1811 43.50895 16.1809 43.50907 16.18076 43.50902 16.18068 43.50891 16.18078 43.50871 16.18054 43.50877 16.18047 43.5087 16.18037 43.50865 16.18043 43.50851 16.18031 43.50847 16.18029 43.50851 16.18019 43.50844 16.18014 43.50839 16.18027 43.50834 16.18024 43.50819 16.18023 43.50819 16.18013 43.5081 16.18013 43.50809 16.18028 43.50801 16.18038 43.50785 16.1802 43.5078 16.18029 43.50793 16.18047 43.50791 16.18052 43.50786 16.18066 43.50774 16.1809 43.50767 16.18106 43.50756 16.18122 43.50751 16.1813 43.50733 16.18106 43.50727 16.18114 43.50744 16.18139 43.50737 16.18158 43.5073 16.18175 43.50723 16.1819 43.50706 16.18182 43.50702 16.18193 43.50717 16.18201 43.50716 16.18211 43.50712 16.18225 43.50706 16.18251 43.50703 16.18258 43.50687 16.18245 43.5068 16.18259 43.50696 16.18273 43.50695 16.18297 43.50695 16.18345 43.50699 16.18367 43.50704 16.1839 43.50711 16.18405 43.50735 16.18477 43.50748 16.18494 43.50764 16.18534 43.5079 16.18567 43.50792 16.18574 43.50803 16.18589 43.5081 16.18612 43.50811 16.18627 43.50808 16.18641 43.50795 16.18673 43.50791 16.18708 43.50781 16.1874 43.50775 16.18829 43.5078 16.18891 43.5079 16.18938 43.508 16.18976 43.50811 16.19012 43.5082 16.19052 43.50831 16.19088 43.50851 16.19162 43.50856 16.19186 43.50855 16.19264 43.50865 16.19304 43.50874 16.19343 43.50883 16.1939 43.5089 16.19407 43.50903 16.19422 43.50925 16.19462 43.50954 16.19489 43.50965 16.19506 43.50985 16.1954 43.50998 16.19565 43.51014 16.1961 43.5102 16.1965 43.5103 16.19679 43.51039 16.19724 43.51048 16.19752 43.51069 16.19794 43.51082 16.19815 43.51098 16.19836 43.51117 16.19843 43.5116 16.1985 43.51162 16.19865 43.5112 16.19912 43.51111 16.19936 43.51106 16.19967 43.51108 16.20015 43.51116 16.20099 43.51113 16.20125 43.5111 16.20194 43.51106 16.20225 43.51104 16.20269 43.51099 16.20293 43.511 16.20337 43.51103 16.20376 43.51098 16.20395 43.51091 16.20416 43.51085 16.20426 43.51055 16.20474 43.51044 16.20502 43.51034 16.20541 43.51027 16.2058 43.51025 16.20597 43.51023 16.20679 43.5102 16.20697 43.51019 16.20711 43.51019 16.20723 43.51022 16.20733 43.51024 16.20744 43.51022 16.20759 43.51019 16.20773 43.51002 16.2081 43.51002 16.20821 43.51006 16.20832 43.51011 16.20833 43.51019 16.20825 43.51023 16.20823 43.51031 16.20829 43.51041 16.20847 43.51049 16.2088 43.51052 16.209 43.51054 16.20908 43.51055 16.20915 43.51042 16.2092 43.51045 16.20938 43.51058 16.20933 43.5107 16.20953 43.51079 16.20978 43.51079 16.20993 43.5107 16.21019 43.5107 16.2103 43.51074 16.21038 43.5108 16.21037 43.51086 16.21034 43.51096 16.21038 43.51102 16.21042 43.51109 16.21065 43.5111 16.21081 43.51112 16.21097 43.51112 16.21134 43.5111 16.21153 43.51108 16.21161 43.51096 16.21181 43.51109 16.21199 43.51119 16.21184 43.51123 16.21184 43.51128 16.21187 43.51148 16.21195 43.51153 16.21197 43.51159 16.21195 43.51164 16.21199 43.51169 16.21209 43.51173 16.2122 43.51181 16.21243 43.51191 16.21257 43.51201 16.21263 43.51215 16.2127 43.51229 16.21288 43.5124 16.21302 43.5124 16.21303 43.51241 16.21305 43.51231 16.21322 43.51239 16.21331 43.5125 16.21313 43.51267 16.21335 43.51279 16.21349 43.51283 16.21354 43.51273 16.21373 43.51279 16.21381 43.5129 16.21364 43.51313 16.21382 43.51331 16.21403 43.51358 16.21428 43.51376 16.2145 43.51388 16.21464 43.51394 16.2147 43.51382 16.21487 43.51389 16.21498 43.51398 16.21484 43.51413 16.21499 43.51425 16.21521 43.51438 16.21539 43.51454 16.2156 43.51464 16.21572 43.51477 16.21583 43.51492 16.21593 43.51506 16.21596 43.51512 16.21602 43.51514 16.21606 43.51503 16.21617 43.51509 16.21629 43.51516 16.21623 43.51523 16.21619 43.5154 16.21625 43.51552 16.21639 43.51605 16.21712 43.5163 16.21782 43.51638 16.21817 43.51642 16.21839 43.51643 16.21843 43.51662 16.2189 43.51663 16.21911 43.51669 16.21935 43.51682 16.21961 43.51691 16.21988 43.51708 16.22016 43.5172 16.22056 43.51728 16.22075 43.51747 16.22133 43.51765 16.22178 43.51771 16.222 43.51783 16.2224 43.51788 16.22263 43.51785 16.22285 43.51767 16.22276 43.51764 16.22287 43.51784 16.22298 43.51785 16.22416 43.5177 16.22485 43.51758 16.2252 43.51752 16.22543 43.51748 16.22574 43.51735 16.22615 43.51719 16.22605 43.51715 16.22619 43.51732 16.22629 43.51713 16.22679 43.5171 16.22699 43.51712 16.22772 43.51696 16.22772 43.51696 16.22704 43.51687 16.22705 43.51687 16.22767 43.51661 16.22768 43.5166 16.22784 43.51681 16.22784 43.51686 16.22855 43.51692 16.22906 43.51694 16.22961 43.51694 16.22977 43.51694 16.2298 43.5169 16.23008 43.51684 16.23033 43.5167 16.23031 43.51669 16.23049 43.5168 16.2305 43.51677 16.23079 43.51664 16.23133 43.51651 16.23163 43.51603 16.23178 43.51584 16.23185 43.51577 16.23201 43.51573 16.23207 43.5153 16.23202 43.51531 16.23179 43.51521 16.23179 43.51519 16.23226 43.5155 16.23226 43.51605 16.23242 43.5161 16.23243 43.51612 16.23247 43.51611 16.23253 43.51609 16.23283 43.51604 16.23305 43.51602 16.23332 43.51613 16.2335 43.51614 16.23361 43.51611 16.23372 43.51607 16.23393 43.51603 16.23406 43.51586 16.23406 43.51573 16.23595 43.51593 16.23599 43.51617 16.2361 43.51631 16.23628 43.51631 16.23667 43.51625 16.23693 43.51624 16.23717 43.51629 16.23736 43.5163 16.23781 43.51643 16.23831 43.51632 16.23837 43.51634 16.23849 43.51636 16.23864 43.51633 16.2388 43.5164 16.23892 43.51651 16.23896 43.5165 16.23931 43.51638 16.23937 43.51623 16.23937 43.51623 16.23949 43.51645 16.2395 43.51644 16.23963 43.51624 16.23962 43.51624 16.23974 43.51647 16.23976 43.5165 16.2399 43.5165 16.24037 43.51645 16.24051 43.51642 16.24065 43.51642 16.24088 43.5163 16.24121 43.5163 16.24133 43.51624 16.24149 43.51613 16.24156 43.516 16.24171 43.51596 16.2419 43.51591 16.24208 43.51585 16.24217 43.51576 16.24222 43.51564 16.2423 43.51548 16.24258 43.51819 16.24161 43.52001 16.24125 43.5213 16.2404 43.52251 16.23795 43.52271 16.23788 43.52322 16.23771 43.52386 16.23733 43.52571 16.23577 43.52669 16.2361 43.52777 16.23588 43.5287 16.2351 43.52953 16.23487 43.52963 16.23484 43.53111 16.23442 43.53211 16.2342 43.53589 16.23483 43.53705 16.23544 43.53811 16.23641 43.54038 16.23672 43.54575 16.23477 43.54863 16.23573 43.55011 16.24516 43.55028 16.24698 43.55532 16.25237 43.55566 16.25241 43.5558 16.25183 43.55609 16.2518 43.55652 16.25148 43.55792 16.24652 43.55855 16.2461 43.5588 16.24563 43.55904 16.24521 43.55872 16.24236 43.55944 16.2413 43.55971 16.24084 43.55996 16.24008 43.56047 16.23937 43.56334 16.23602 43.56485 16.23286 43.56933 16.22328 43.56975 16.22264 43.57815 16.21539 43.5934 16.20736 43.59488 16.20666 43.59648 16.20666 43.59732 16.20722 43.59798 16.20756 43.59897 16.20768 43.60048 16.20771 43.60081 16.20827 43.6023 16.20939 43.60301 16.20944 43.60374 16.20956 43.6049 16.20969 43.60505 16.21013 43.60687 16.21002 43.60913 16.21093 43.6114 16.21222 43.61145 16.21041 43.61145 16.21023 43.61108 16.20503 43.61312 16.18751 43.61354 16.18388 43.6138 16.18135 43.61411 16.17841 43.61447 16.17483 43.61353 16.16924 43.61492 16.16578</gml:posList>
                        </gml:LinearRing>
                      </gml:exterior>
                    </gml:Polygon>
                  </gml:surfaceMember>
                  <gml:surfaceMember>
                    <gml:Polygon gml:id="MEDIA_MONITORED_CILJ_ID_1_CILJ_ID_5_POLUTANT_2_MODEL_229">
                      <gml:exterior>
                        <gml:LinearRing>
                          <gml:posList srsDimension="2">43.51658 16.26551 43.51659 16.26457 43.51655 16.26392 43.51656 16.26363 43.5166 16.26304 43.51659 16.26224 43.51655 16.26201 43.51651 16.26166 43.5165 16.26153 43.51642 16.26107 43.51636 16.2606 43.51631 16.26013 43.51625 16.25978 43.51623 16.25959 43.51624 16.25945 43.51652 16.25947 43.51664 16.25914 43.5165 16.25907 43.51647 16.25926 43.51624 16.25925 43.5162 16.25906 43.51617 16.25883 43.51625 16.25883 43.51625 16.25875 43.51617 16.25874 43.51615 16.25853 43.51618 16.25826 43.5162 16.25795 43.51613 16.25752 43.51602 16.25681 43.51594 16.25655 43.51588 16.25638 43.51581 16.2563 43.51581 16.25624 43.51601 16.25595 43.51591 16.2558 43.51585 16.25589 43.51586 16.25596 43.51573 16.25616 43.51544 16.25574 43.51529 16.25536 43.51523 16.25507 43.51519 16.25459 43.51518 16.25425 43.5152 16.254 43.5152 16.25383 43.5153 16.25383 43.51532 16.25362 43.51522 16.25361 43.51515 16.25248 43.51517 16.2524 43.51518 16.25237 43.51522 16.25229 43.51517 16.25219 43.51513 16.25214 43.51508 16.25193 43.51498 16.25178 43.51485 16.25141 43.51468 16.25105 43.51454 16.25067 43.51451 16.2506 43.51415 16.2505 43.51405 16.25048 43.51397 16.25042 43.51391 16.24996 43.51357 16.24875 43.51372 16.24864 43.5136 16.24826 43.51345 16.24836 43.51338 16.24833 43.5133 16.24826 43.51317 16.2481 43.51286 16.24709 43.51286 16.24705 43.51282 16.24681 43.51279 16.24658 43.51287 16.24651 43.51287 16.24641 43.51278 16.24627 43.51282 16.24602 43.51291 16.24521 43.51292 16.24509 43.51292 16.24468 43.51291 16.24435 43.51293 16.24396 43.51293 16.24377 43.51286 16.24351 43.51282 16.24312 43.51272 16.24257 43.51269 16.24235 43.51271 16.24183 43.5127 16.24167 43.51261 16.24149 43.51254 16.24126 43.51249 16.24098 43.51247 16.24079 43.51236 16.24064 43.51229 16.24038 43.51223 16.23997 43.51219 16.23976 43.51204 16.23937 43.51174 16.23854 43.51171 16.23821 43.51161 16.23796 43.51156 16.23792 43.51152 16.23793 43.51149 16.23829 43.51145 16.23868 43.51137 16.23898 43.51132 16.23913 43.5113 16.23934 43.51134 16.23947 43.51131 16.23957 43.51121 16.23975 43.51121 16.23997 43.51119 16.24005 43.5111 16.24025 43.51109 16.24038 43.51112 16.24055 43.51118 16.24074 43.51117 16.24083 43.51116 16.2409 43.51108 16.24107 43.51106 16.24119 43.51107 16.24134 43.51098 16.24165 43.51099 16.24195 43.51103 16.24206 43.51102 16.24215 43.51098 16.24232 43.51096 16.24252 43.51099 16.24293 43.51103 16.24319 43.51105 16.24344 43.51109 16.24375 43.51113 16.24432 43.51117 16.24457 43.51121 16.24487 43.51126 16.24522 43.51136 16.24534 43.51138 16.24552 43.51132 16.24561 43.51124 16.24565 43.51099 16.24567 43.51072 16.24576 43.50991 16.24589 43.50982 16.24599 43.50989 16.24618 43.50999 16.24612 43.51006 16.24608 43.51117 16.24588 43.51031 16.2478 43.51065 16.24817 43.51073 16.24831 43.51072 16.24866 43.51072 16.24907 43.51075 16.24934 43.51076 16.24994 43.5109 16.25073 43.51089 16.25083 43.51085 16.25085 43.51071 16.25084 43.51068 16.25088 43.51066 16.25095 43.51069 16.25129 43.51075 16.25145 43.5108 16.25155 43.51086 16.25158 43.51091 16.25164 43.5109 16.25172 43.51085 16.25188 43.51078 16.25202 43.51074 16.25222 43.51072 16.25248 43.51067 16.25258 43.51057 16.2527 43.51052 16.25285 43.51053 16.2531 43.51031 16.25344 43.51029 16.25361 43.51022 16.25379 43.51018 16.25383 43.51006 16.2539 43.50998 16.25398 43.50985 16.25415 43.50969 16.25424 43.50946 16.25451 43.5094 16.25463 43.50933 16.25479 43.50915 16.25521 43.50911 16.25538 43.50899 16.25564 43.50877 16.25596 43.50843 16.25637 43.50832 16.25657 43.50811 16.25688 43.50778 16.25744 43.50758 16.25791 43.50743 16.25823 43.50723 16.25862 43.50705 16.25889 43.50687 16.25897 43.50665 16.25895 43.50651 16.25895 43.50613 16.25885 43.5061 16.25883 43.50605 16.25902 43.50602 16.25914 43.50503 16.26109 43.50542 16.26171 43.50525 16.26199 43.5054 16.26266 43.50548 16.26305 43.50504 16.26367 43.50569 16.26426 43.50587 16.26513 43.50636 16.26517 43.50653 16.26595 43.50729 16.26599 43.5073 16.26603 43.5074 16.26681 43.50747 16.26732 43.50652 16.26904 43.5076 16.27201 43.50609 16.27257 43.5056 16.27429 43.50518 16.27515 43.50541 16.27629 43.5054 16.27651 43.5054 16.27743 43.50505 16.27797 43.50374 16.27805 43.50158 16.27898 43.50031 16.27988 43.50008 16.28005 43.49452 16.28313 43.49428 16.28391 43.49288 16.28463 43.48684 16.29732 43.4868 16.2974 43.48664 16.29761 43.48652 16.29785 43.48641 16.29844 43.48626 16.29896 43.4862 16.29938 43.48621 16.29965 43.48615 16.30066 43.4861 16.3009 43.4862 16.30093 43.48631 16.30097 43.48648 16.30104 43.48606 16.30228 43.48555 16.30397 43.48639 16.30395 43.48649 16.30519 43.48761 16.30525 43.49032 16.30504 43.49337 16.30466 43.49377 16.3052 43.49401 16.30505 43.49557 16.3057 43.49762 16.30547 43.49848 16.3057 43.49979 16.30564 43.50029 16.3059 43.50541 16.30738 43.50696 16.30797 43.50716 16.30767 43.50733 16.30772 43.50747 16.30776 43.50759 16.3078 43.50767 16.30783 43.50764 16.30806 43.5113 16.30962 43.51139 16.30966 43.51147 16.30969 43.51152 16.30959 43.51156 16.30902 43.51163 16.3088 43.51167 16.30851 43.51169 16.30757 43.51161 16.30713 43.51154 16.30694 43.5115 16.3067 43.51147 16.30647 43.51143 16.30634 43.51151 16.30639 43.51158 16.30617 43.5115 16.30612 43.51163 16.30574 43.51171 16.30579 43.51178 16.30559 43.51171 16.30553 43.51187 16.30509 43.51196 16.30513 43.51202 16.30493 43.51193 16.30487 43.51202 16.30451 43.5121 16.30456 43.51219 16.3043 43.51209 16.30423 43.5126 16.30378 43.5127 16.30366 43.51275 16.30348 43.51281 16.30339 43.51289 16.30336 43.51305 16.30334 43.51314 16.30319 43.5132 16.30295 43.51331 16.30275 43.51349 16.30244 43.51355 16.30211 43.51363 16.30174 43.51367 16.30083 43.5139 16.30062 43.51407 16.30031 43.51397 16.30023 43.51389 16.3004 43.51381 16.30051 43.51371 16.3006 43.5137 16.30038 43.51373 16.29968 43.51374 16.29931 43.51376 16.29874 43.51381 16.29834 43.51381 16.29804 43.51383 16.29752 43.51388 16.2971 43.5139 16.29643 43.51391 16.29574 43.51391 16.29541 43.51392 16.29478 43.51395 16.29465 43.51399 16.29454 43.5141 16.29434 43.51419 16.29408 43.51426 16.29382 43.51427 16.29322 43.51423 16.29293 43.51423 16.29268 43.51423 16.29236 43.51439 16.29179 43.51423 16.29172 43.51419 16.29197 43.51414 16.29208 43.51404 16.29169 43.51398 16.29157 43.51382 16.29114 43.51375 16.29087 43.51365 16.29057 43.51361 16.29044 43.51359 16.29011 43.51361 16.29005 43.51366 16.28989 43.51383 16.28928 43.51388 16.28886 43.51393 16.28867 43.51399 16.28847 43.51399 16.28822 43.51396 16.28788 43.51384 16.2876 43.51373 16.28745 43.51364 16.28721 43.51358 16.28698 43.51351 16.28652 43.51351 16.28636 43.5134 16.28606 43.51336 16.2859 43.51342 16.28544 43.51351 16.28485 43.5135 16.2844 43.51346 16.28404 43.51341 16.28377 43.51328 16.28335 43.51327 16.28299 43.51326 16.28211 43.51337 16.28139 43.51337 16.28133 43.51339 16.28088 43.5134 16.28062 43.51339 16.28021 43.5134 16.27971 43.51347 16.27941 43.51363 16.27916 43.51408 16.27856 43.51421 16.27811 43.51423 16.278 43.5143 16.27765 43.5143 16.27733 43.5142 16.27693 43.51399 16.27605 43.51398 16.27589 43.514 16.27577 43.51412 16.27535 43.51429 16.27516 43.51446 16.27505 43.51478 16.27463 43.51482 16.2745 43.51484 16.27434 43.51493 16.27412 43.51497 16.27387 43.51492 16.27334 43.51497 16.27323 43.51498 16.27317 43.51501 16.27307 43.51513 16.27282 43.51538 16.27221 43.51556 16.27162 43.51569 16.27112 43.5158 16.27063 43.51587 16.2702 43.51596 16.2697 43.51598 16.26895 43.51607 16.26847 43.51617 16.268 43.51629 16.26751 43.51642 16.26688 43.51649 16.26621 43.51658 16.26551</gml:posList>
                        </gml:LinearRing>
                      </gml:exterior>
                    </gml:Polygon>
                  </gml:surfaceMember>
                  <gml:surfaceMember>
                    <gml:Polygon gml:id="MEDIA_MONITORED_CILJ_ID_1_CILJ_ID_5_POLUTANT_2_MODEL_230">
                      <gml:exterior>
                        <gml:LinearRing>
                          <gml:posList srsDimension="2">43.52988 16.44183 43.52989 16.44187 43.52991 16.44188 43.52995 16.44187 43.52997 16.44183 43.52999 16.44175 43.52998 16.44169 43.52995 16.44167 43.52992 16.44168 43.52989 16.44172 43.52988 16.44176 43.52988 16.44183</gml:posList>
                        </gml:LinearRing>
                      </gml:exterior>
                    </gml:Polygon>
                  </gml:surfaceMember>
                  <gml:surfaceMember>
                    <gml:Polygon gml:id="MEDIA_MONITORED_CILJ_ID_1_CILJ_ID_5_POLUTANT_2_MODEL_231">
                      <gml:exterior>
                        <gml:LinearRing>
                          <gml:posList srsDimension="2">43.53094 16.46313 43.53099 16.46333 43.53102 16.46345 43.53109 16.46364 43.53112 16.46379 43.53117 16.46391 43.53117 16.46399 43.5312 16.46404 43.53124 16.46413 43.53125 16.46444 43.53125 16.46472 43.53127 16.46488 43.53133 16.46492 43.53146 16.46504 43.53153 16.46513 43.53163 16.46528 43.53168 16.46537 43.53184 16.46553 43.53186 16.46555 43.53188 16.46554 43.53192 16.46546 43.53194 16.46536 43.53205 16.46504 43.53211 16.46479 43.53222 16.46444 43.5323 16.46409 43.5323 16.46397 43.53235 16.46372 43.53243 16.46341 43.53249 16.46324 43.53255 16.46302 43.53256 16.46278 43.53255 16.46268 43.53252 16.46233 43.53249 16.46199 43.53248 16.46172 43.53248 16.46155 43.53246 16.46137 43.53244 16.46131 43.53242 16.46128 43.53235 16.46125 43.53227 16.46123 43.53207 16.46116 43.53199 16.46112 43.53188 16.46107 43.53176 16.461 43.53168 16.46098 43.53159 16.46095 43.53146 16.46094 43.53134 16.46096 43.53119 16.46103 43.53103 16.46111 43.53097 16.46118 43.53094 16.46124 43.53094 16.46134 43.53088 16.46145 43.53082 16.46166 43.53078 16.4619 43.53076 16.46211 43.53076 16.46232 43.53077 16.46256 43.53082 16.46274 43.53088 16.46294 43.53094 16.46313</gml:posList>
                        </gml:LinearRing>
                      </gml:exterior>
                    </gml:Polygon>
                  </gml:surfaceMember>
                  <gml:surfaceMember>
                    <gml:Polygon gml:id="MEDIA_MONITORED_CILJ_ID_1_CILJ_ID_5_POLUTANT_2_MODEL_232">
                      <gml:exterior>
                        <gml:LinearRing>
                          <gml:posList srsDimension="2">43.52973 16.44174 43.52974 16.44177 43.52975 16.44178 43.52977 16.44178 43.52979 16.44178 43.52981 16.44176 43.52983 16.44168 43.52985 16.44159 43.52988 16.44152 43.5299 16.44143 43.52989 16.44133 43.52987 16.44126 43.52985 16.44124 43.52983 16.44124 43.5298 16.44124 43.52979 16.44127 43.52977 16.44132 43.52975 16.44138 43.52974 16.44161 43.52973 16.44174</gml:posList>
                        </gml:LinearRing>
                      </gml:exterior>
                    </gml:Polygon>
                  </gml:surfaceMember>
                  <gml:surfaceMember>
                    <gml:Polygon gml:id="MEDIA_MONITORED_CILJ_ID_1_CILJ_ID_5_POLUTANT_2_MODEL_233">
                      <gml:exterior>
                        <gml:LinearRing>
                          <gml:posList srsDimension="2">43.69103 16.37244 43.69465 16.37017 43.69876 16.36659 43.69269 16.35822 43.6877 16.35135 43.68772 16.35088 43.68723 16.35101 43.68637 16.35124 43.68538 16.3515 43.6852 16.34929 43.68495 16.3485 43.68433 16.34826 43.68298 16.34629 43.68212 16.3466 43.66769 16.34028 43.65331 16.34224 43.64857 16.37002 43.64802 16.3732 43.63951 16.37154 43.63792 16.37003 43.63551 16.36917 43.63397 16.36789 43.63114 16.36738 43.63053 16.36681 43.63007 16.3668 43.62537 16.36662 43.62416 16.36715 43.62237 16.366 43.62217 16.36618 43.62204 16.36679 43.61387 16.36663 43.61353 16.36428 43.6125 16.35721 43.61217 16.35754 43.61144 16.35825 43.61119 16.35931 43.61004 16.3591 43.59977 16.37038 43.59838 16.37197 43.59767 16.37507 43.58629 16.37635 43.58087 16.37379 43.57816 16.37241 43.57753 16.37271 43.57601 16.37343 43.5752 16.37754 43.57517 16.37772 43.57511 16.37801 43.57432 16.38339 43.57352 16.38879 43.57153 16.39915 43.57108 16.40151 43.57066 16.40369 43.57072 16.40828 43.57073 16.40888 43.57105 16.4132 43.58676 16.43165 43.59091 16.43813 43.58951 16.45112 43.58899 16.45595 43.58764 16.46715 43.58534 16.47565 43.58465 16.48352 43.58495 16.48594 43.58471 16.49192 43.58431 16.49284 43.58015 16.49351 43.57576 16.49516 43.57576 16.49517 43.57523 16.49539 43.57318 16.49623 43.57014 16.49747 43.57 16.49753 43.56858 16.49811 43.56804 16.49834 43.56739 16.49976 43.56703 16.49964 43.5662 16.49936 43.56602 16.50142 43.5653 16.50325 43.56522 16.50338 43.56482 16.50402 43.56453 16.50505 43.56436 16.50564 43.56443 16.50588 43.56453 16.50618 43.56451 16.50621 43.56445 16.50631 43.56433 16.5065 43.56421 16.5067 43.56412 16.50685 43.56404 16.50699 43.56374 16.5076 43.56345 16.50831 43.56271 16.5079 43.5623 16.5069 43.5619 16.50583 43.5615 16.50546 43.5614 16.50557 43.56124 16.50576 43.56078 16.50678 43.56042 16.50758 43.55918 16.50677 43.559 16.50665 43.55848 16.50249 43.55831 16.5015 43.55803 16.50064 43.55785 16.50041 43.55768 16.50021 43.55751 16.49992 43.5573 16.49955 43.55723 16.49946 43.55721 16.49944 43.5572 16.49942 43.55716 16.49937 43.55694 16.4991 43.55692 16.4991 43.55686 16.4991 43.55652 16.4991 43.5544 16.49941 43.55405 16.4993 43.55372 16.4992 43.55331 16.49893 43.55315 16.49883 43.55276 16.49818 43.5515 16.498 43.55065 16.49787 43.55047 16.49799 43.55012 16.49821 43.5497 16.4986 43.54871 16.49866 43.54833 16.49864 43.54824 16.49856 43.54808 16.49842 43.54798 16.49813 43.5479 16.4979 43.54738 16.49802 43.54711 16.49808 43.54695 16.49802 43.54652 16.49784 43.54601 16.49748 43.54551 16.49713 43.5454 16.49701 43.54491 16.49645 43.54483 16.49636 43.54463 16.49627 43.54425 16.49611 43.54361 16.49599 43.54332 16.49593 43.54267 16.49584 43.54184 16.49565 43.54174 16.49554 43.54153 16.49532 43.5414 16.49517 43.54112 16.49489 43.54093 16.4947 43.54008 16.49386 43.53932 16.49327 43.5388 16.49278 43.53825 16.49191 43.5378 16.49233 43.53778 16.49239 43.53767 16.49266 43.53764 16.49321 43.53802 16.49481 43.53832 16.49517 43.53914 16.49581 43.53936 16.49598 43.5397 16.49624 43.53977 16.49649 43.54001 16.49728 43.53999 16.49798 43.54023 16.49871 43.54041 16.49927 43.54059 16.50077 43.54061 16.50151 43.54062 16.50173 43.54063 16.50208 43.54063 16.50215 43.54063 16.50225 43.54061 16.50251 43.54055 16.50329 43.54052 16.50383 43.54033 16.50498 43.54024 16.50551 43.5406 16.50724 43.54068 16.50763 43.54075 16.50799 43.54058 16.50863 43.54016 16.51024 43.54018 16.5104 43.54035 16.51169 43.54116 16.5136 43.5413 16.51527 43.54133 16.51563 43.54142 16.51669 43.54151 16.51742 43.54156 16.51793 43.54229 16.52035 43.54277 16.52197 43.54297 16.52261 43.54292 16.52334 43.5429 16.52365 43.5429 16.52369 43.54281 16.52439 43.54181 16.53183 43.54085 16.539 43.54063 16.53936 43.5416 16.5422 43.54359 16.54804 43.54666 16.55449 43.55182 16.56993 43.55559 16.56812 43.55837 16.56679 43.56906 16.56093 43.5707 16.56003 43.57212 16.55926 43.57448 16.55797 43.57605 16.55743 43.57644 16.5573 43.57757 16.5566 43.57839 16.55619 43.57908 16.55578 43.57973 16.5553 43.5807 16.55458 43.58075 16.5544 43.58077 16.55435 43.58079 16.55428 43.58085 16.55409 43.58088 16.55399 43.5805 16.5531 43.58001 16.55198 43.58663 16.54635 43.58833 16.53988 43.59008 16.53322 43.59011 16.53311 43.59341 16.5305 43.6006 16.52896 43.60074 16.52893 43.61437 16.52522 43.61639 16.52646 43.6174 16.52708 43.61986 16.53416 43.62069 16.53296 43.6219 16.53124 43.62347 16.53171 43.62502 16.52996 43.62502 16.52986 43.62503 16.52969 43.62549 16.52968 43.63124 16.52504 43.63328 16.52698 43.63337 16.52695 43.63381 16.52683 43.63456 16.5268 43.63594 16.52675 43.63653 16.52698 43.63662 16.52703 43.63701 16.52727 43.63711 16.52741 43.64152 16.52615 43.6423 16.52592 43.64314 16.52572 43.64579 16.51995 43.64697 16.51738 43.65863 16.50738 43.66099 16.50536 43.65787 16.49951 43.65681 16.49948 43.65459 16.49941 43.65443 16.49921 43.65393 16.49858 43.65122 16.49517 43.65122 16.49515 43.64995 16.49314 43.64857 16.48914 43.64903 16.48711 43.64897 16.48707 43.64877 16.4869 43.64831 16.4865 43.64834 16.48596 43.64792 16.48526 43.64722 16.48412 43.64614 16.48418 43.64538 16.48373 43.64476 16.48237 43.64101 16.48092 43.64098 16.4809 43.64059 16.47875 43.64078 16.47801 43.63754 16.46857 43.63461 16.46001 43.63422 16.45714 43.63395 16.45347 43.63398 16.45321 43.63437 16.44904 43.63971 16.45033 43.64041 16.45122 43.64217 16.45342 43.64195 16.45121 43.64407 16.44991 43.64418 16.44962 43.64502 16.4491 43.65269 16.44846 43.66285 16.44762 43.66841 16.43989 43.67157 16.4355 43.67127 16.43484 43.67413 16.42657 43.67918 16.416 43.67919 16.41599 43.67927 16.41582 43.68177 16.40721 43.68531 16.39501 43.69103 16.37244</gml:posList>
                        </gml:LinearRing>
                      </gml:exterior>
                    </gml:Polygon>
                  </gml:surfaceMember>
                  <gml:surfaceMember>
                    <gml:Polygon gml:id="MEDIA_MONITORED_CILJ_ID_1_CILJ_ID_5_POLUTANT_2_MODEL_234">
                      <gml:exterior>
                        <gml:LinearRing>
                          <gml:posList srsDimension="2">43.55269 16.2853 43.55377 16.28506 43.55436 16.28443 43.55469 16.28338 43.5548 16.28281 43.55476 16.28261 43.55468 16.28215 43.55432 16.28103 43.55411 16.27859 43.55345 16.27445 43.55292 16.27147 43.55274 16.26958 43.5521 16.2678 43.5519 16.2662 43.55205 16.26515 43.55196 16.26463 43.5519 16.2643 43.5519 16.26427 43.55183 16.26388 43.5468 16.25646 43.55028 16.25313 43.55058 16.25262 43.55088 16.25209 43.55082 16.2514 43.55082 16.25134 43.55078 16.25095 43.55071 16.2501 43.55028 16.24698 43.55011 16.24516 43.54863 16.23573 43.54575 16.23477 43.54038 16.23672 43.53811 16.23641 43.53705 16.23544 43.53589 16.23483 43.53211 16.2342 43.53111 16.23442 43.52963 16.23484 43.52953 16.23487 43.5287 16.2351 43.52777 16.23588 43.52669 16.2361 43.52571 16.23577 43.52386 16.23733 43.52322 16.23771 43.52271 16.23788 43.52251 16.23795 43.5213 16.2404 43.52001 16.24125 43.51819 16.24161 43.51548 16.24258 43.51547 16.24259 43.51545 16.24301 43.51534 16.24335 43.51532 16.2436 43.51533 16.24364 43.51537 16.24382 43.5154 16.24388 43.51569 16.24437 43.51574 16.24452 43.51586 16.2448 43.51598 16.24517 43.51599 16.24518 43.51605 16.24542 43.51621 16.24573 43.5165 16.24636 43.51652 16.24641 43.5166 16.24654 43.51677 16.24681 43.51726 16.24775 43.51733 16.24791 43.51746 16.2481 43.51774 16.24847 43.51782 16.24874 43.51802 16.24918 43.51814 16.24943 43.51817 16.24955 43.51817 16.24965 43.51817 16.24997 43.51817 16.25024 43.51819 16.25048 43.51825 16.25069 43.51826 16.25083 43.51826 16.25149 43.51823 16.25177 43.51816 16.25191 43.51807 16.25202 43.51802 16.2521 43.51801 16.25217 43.51803 16.25225 43.51807 16.25247 43.51811 16.25267 43.51815 16.253 43.51802 16.25307 43.51826 16.2534 43.5183 16.25372 43.51831 16.2538 43.51829 16.25385 43.51789 16.25402 43.51793 16.2542 43.51838 16.25401 43.51842 16.25438 43.51843 16.25452 43.51818 16.25467 43.51823 16.25482 43.51844 16.25469 43.51848 16.25481 43.51845 16.25486 43.51829 16.25495 43.51833 16.25509 43.51855 16.25495 43.51869 16.25529 43.51851 16.25542 43.51857 16.25557 43.51874 16.25543 43.51887 16.25567 43.51873 16.25579 43.51877 16.25586 43.5189 16.25609 43.51902 16.25605 43.51907 16.25608 43.51915 16.25628 43.51929 16.25668 43.51936 16.25681 43.51945 16.2569 43.51958 16.25696 43.51971 16.257 43.51979 16.2571 43.51983 16.25721 43.51986 16.25729 43.51989 16.25736 43.52 16.25757 43.52006 16.25778 43.52009 16.25787 43.52022 16.25831 43.52034 16.25883 43.52053 16.25974 43.52054 16.25975 43.52063 16.26017 43.5207 16.26048 43.52081 16.26091 43.52087 16.26116 43.52097 16.26144 43.52111 16.2618 43.52144 16.26251 43.52162 16.26285 43.52165 16.26289 43.52177 16.26306 43.52199 16.26343 43.52204 16.26351 43.52229 16.26391 43.52236 16.26404 43.52253 16.26431 43.52262 16.26446 43.52275 16.26469 43.52281 16.2648 43.52275 16.26486 43.52286 16.26502 43.52292 16.26495 43.52305 16.26517 43.52318 16.26544 43.52323 16.26563 43.52322 16.26573 43.52322 16.26587 43.52327 16.26622 43.52336 16.26672 43.52348 16.26701 43.52358 16.26721 43.52363 16.2674 43.52361 16.26802 43.52337 16.26882 43.52336 16.26893 43.52339 16.26901 43.52343 16.26906 43.52356 16.26913 43.52359 16.2692 43.52358 16.26928 43.52348 16.26937 43.5234 16.26947 43.5234 16.26957 43.52348 16.26971 43.52368 16.26995 43.52375 16.27002 43.5238 16.27003 43.52389 16.27011 43.52402 16.27015 43.52407 16.27017 43.52409 16.27018 43.52415 16.27032 43.52426 16.27063 43.52426 16.27078 43.52429 16.27094 43.52432 16.27115 43.52432 16.27137 43.52433 16.27148 43.52436 16.27158 43.52448 16.27175 43.52461 16.27185 43.52476 16.27191 43.52483 16.27198 43.52493 16.27211 43.52506 16.27214 43.52525 16.27216 43.52535 16.27225 43.52559 16.27257 43.5257 16.27274 43.5257 16.27289 43.52568 16.27303 43.52564 16.27312 43.52548 16.27337 43.5254 16.27352 43.52533 16.27382 43.5253 16.27413 43.52534 16.2745 43.52539 16.27472 43.52543 16.27474 43.52564 16.27471 43.52571 16.27472 43.52573 16.27478 43.52573 16.2749 43.5256 16.27513 43.52559 16.27525 43.52578 16.27553 43.52592 16.27584 43.52591 16.27614 43.52584 16.2766 43.52587 16.27683 43.52594 16.27698 43.52609 16.27705 43.52624 16.27708 43.52635 16.27719 43.5264 16.27733 43.52644 16.27754 43.52647 16.27773 43.52647 16.27782 43.52644 16.27792 43.52639 16.27801 43.52628 16.27806 43.52614 16.27799 43.52596 16.27778 43.52583 16.27759 43.52568 16.27744 43.52557 16.27742 43.52548 16.27748 43.52543 16.27762 43.52541 16.27773 43.52543 16.27794 43.52549 16.27813 43.52557 16.27829 43.52565 16.27838 43.52575 16.27843 43.52611 16.27853 43.52634 16.27853 43.52647 16.27858 43.52659 16.27868 43.52662 16.27877 43.52666 16.27892 43.52678 16.27911 43.52679 16.27917 43.52676 16.27925 43.52664 16.27939 43.52652 16.27961 43.52642 16.27965 43.52636 16.2797 43.52632 16.27975 43.52632 16.27979 43.52634 16.27982 43.52641 16.27985 43.52647 16.2799 43.52647 16.28009 43.52644 16.28016 43.5264 16.28028 43.5263 16.28046 43.52625 16.28055 43.52626 16.28065 43.52628 16.2808 43.52631 16.28095 43.52637 16.28154 43.52637 16.28231 43.52632 16.2827 43.52623 16.2829 43.52608 16.28311 43.52603 16.28318 43.5259 16.28319 43.52582 16.28325 43.52577 16.28331 43.52576 16.28338 43.52576 16.28345 43.52581 16.28357 43.52589 16.28368 43.52592 16.28387 43.52591 16.284 43.52588 16.28421 43.52582 16.28439 43.5257 16.28464 43.52567 16.28482 43.52566 16.28506 43.52561 16.28543 43.52564 16.28566 43.52574 16.28588 43.52574 16.28602 43.52568 16.2862 43.52556 16.28648 43.52545 16.28656 43.52532 16.28652 43.5252 16.28653 43.52505 16.28661 43.525 16.28665 43.52494 16.28686 43.5249 16.28707 43.52479 16.28731 43.52475 16.28743 43.52471 16.28757 43.52471 16.2877 43.52474 16.28791 43.52482 16.28832 43.52484 16.28853 43.52487 16.2888 43.52492 16.28893 43.52506 16.28914 43.52516 16.28938 43.52522 16.28956 43.52524 16.28975 43.52525 16.28992 43.52539 16.29018 43.52545 16.29033 43.52555 16.2907 43.52566 16.29096 43.52581 16.29119 43.52592 16.29148 43.52592 16.2917 43.52592 16.29209 43.52592 16.29228 43.52574 16.29222 43.52572 16.29237 43.52592 16.29243 43.52591 16.29273 43.52584 16.29317 43.52579 16.29363 43.52574 16.294 43.5257 16.2943 43.52556 16.2943 43.52556 16.2946 43.52573 16.29462 43.52578 16.29487 43.52449 16.2945 43.52446 16.29469 43.52581 16.29505 43.52587 16.29512 43.52605 16.29523 43.52621 16.29532 43.52642 16.2954 43.52652 16.29547 43.52661 16.29556 43.52681 16.29578 43.52694 16.29622 43.52695 16.2966 43.52694 16.29687 43.527 16.29717 43.52707 16.29759 43.52713 16.29786 43.52714 16.2981 43.52709 16.29826 43.52696 16.29818 43.52692 16.29828 43.52707 16.29838 43.52712 16.29853 43.5272 16.29888 43.52722 16.29936 43.52729 16.2996 43.52747 16.30008 43.52753 16.30018 43.52759 16.3002 43.52766 16.30012 43.52772 16.30007 43.52781 16.30011 43.5284 16.30038 43.5287 16.30047 43.52901 16.30043 43.53001 16.29842 43.53366 16.29734 43.53379 16.29719 43.53475 16.29618 43.53549 16.29568 43.53569 16.29456 43.5364 16.29363 43.53727 16.29249 43.5374 16.29232 43.53819 16.29223 43.53854 16.29188 43.53928 16.29148 43.54017 16.29169 43.54096 16.29152 43.54155 16.29255 43.54192 16.29285 43.54249 16.29283 43.54366 16.29249 43.5437 16.29248 43.54378 16.29246 43.54551 16.29195 43.55005 16.29064 43.54997 16.2894 43.54991 16.2886 43.54962 16.28708 43.54953 16.28559 43.55269 16.2853</gml:posList>
                        </gml:LinearRing>
                      </gml:exterior>
                    </gml:Polygon>
                  </gml:surfaceMember>
                  <gml:surfaceMember>
                    <gml:Polygon gml:id="MEDIA_MONITORED_CILJ_ID_1_CILJ_ID_5_POLUTANT_2_MODEL_235">
                      <gml:exterior>
                        <gml:LinearRing>
                          <gml:posList srsDimension="2">43.53613 16.44387 43.53615 16.44391 43.53619 16.44393 43.53622 16.44393 43.53625 16.44387 43.53625 16.4438 43.53624 16.44377 43.53621 16.44372 43.53619 16.4437 43.53615 16.44371 43.53612 16.44377 43.53613 16.44387</gml:posList>
                        </gml:LinearRing>
                      </gml:exterior>
                    </gml:Polygon>
                  </gml:surfaceMember>
                  <gml:surfaceMember>
                    <gml:Polygon gml:id="MEDIA_MONITORED_CILJ_ID_1_CILJ_ID_5_POLUTANT_2_MODEL_236">
                      <gml:exterior>
                        <gml:LinearRing>
                          <gml:posList srsDimension="2">43.44218 16.17847 43.44216 16.17808 43.44208 16.17783 43.4419 16.17753 43.44172 16.1775 43.44121 16.17782 43.44116 16.17782 43.44114 16.17777 43.44111 16.17764 43.44106 16.1776 43.44099 16.17763 43.44097 16.17774 43.44096 16.17791 43.44092 16.17796 43.44062 16.17803 43.44051 16.1781 43.44034 16.17837 43.44028 16.17871 43.44028 16.17913 43.44026 16.17949 43.44027 16.1799 43.44041 16.18007 43.44058 16.18013 43.44086 16.18013 43.44104 16.18011 43.44151 16.17985 43.44166 16.17973 43.44201 16.17922 43.44216 16.17877 43.44216 16.17865 43.44218 16.17847</gml:posList>
                        </gml:LinearRing>
                      </gml:exterior>
                    </gml:Polygon>
                  </gml:surfaceMember>
                  <gml:surfaceMember>
                    <gml:Polygon gml:id="MEDIA_MONITORED_CILJ_ID_1_CILJ_ID_5_POLUTANT_2_MODEL_237">
                      <gml:exterior>
                        <gml:LinearRing>
                          <gml:posList srsDimension="2">43.59945 16.34836 43.5996 16.34685 43.59826 16.34623 43.59807 16.34615 43.59803 16.34533 43.59728 16.34446 43.59555 16.34371 43.59372 16.34365 43.5794 16.34213 43.58098 16.32604 43.58313 16.31509 43.58394 16.31238 43.58448 16.30961 43.58454 16.30845 43.58459 16.30766 43.58428 16.30594 43.58385 16.3035 43.58379 16.29906 43.58696 16.28994 43.58723 16.28915 43.58762 16.28804 43.58524 16.28489 43.58381 16.283 43.58031 16.27837 43.57596 16.27713 43.56757 16.27232 43.55878 16.2631 43.55874 16.26369 43.5557 16.26083 43.55586 16.25974 43.55582 16.25923 43.55558 16.25592 43.55532 16.25237 43.55028 16.24698 43.55071 16.2501 43.55078 16.25095 43.55082 16.25134 43.55082 16.2514 43.55088 16.25209 43.55058 16.25262 43.55028 16.25313 43.5468 16.25646 43.55183 16.26388 43.5519 16.26427 43.5519 16.2643 43.55196 16.26463 43.55205 16.26515 43.5519 16.2662 43.5521 16.2678 43.55274 16.26958 43.55292 16.27147 43.55345 16.27445 43.55411 16.27859 43.55432 16.28103 43.55468 16.28215 43.55476 16.28261 43.5548 16.28281 43.55469 16.28338 43.55436 16.28443 43.55377 16.28506 43.55269 16.2853 43.54953 16.28559 43.54962 16.28708 43.54991 16.2886 43.54997 16.2894 43.55005 16.29064 43.54551 16.29195 43.54378 16.29246 43.5437 16.29248 43.54366 16.29249 43.54249 16.29283 43.54192 16.29285 43.54155 16.29255 43.54096 16.29152 43.54017 16.29169 43.53928 16.29148 43.53854 16.29188 43.53819 16.29223 43.5374 16.29232 43.53727 16.29249 43.5364 16.29363 43.53569 16.29456 43.53549 16.29568 43.53475 16.29618 43.53379 16.29719 43.53366 16.29734 43.53001 16.29842 43.52901 16.30043 43.52905 16.30043 43.52914 16.30048 43.52923 16.3006 43.52938 16.30085 43.52948 16.30103 43.52947 16.3012 43.52916 16.30134 43.52921 16.30154 43.52943 16.30145 43.52958 16.30144 43.52976 16.30147 43.52991 16.30158 43.53007 16.30175 43.53016 16.30184 43.53029 16.30188 43.53042 16.30184 43.53052 16.30187 43.53111 16.30244 43.53129 16.30274 43.53136 16.30291 43.53144 16.30308 43.53144 16.30325 43.5314 16.30348 43.53136 16.30365 43.53106 16.30372 43.53108 16.30393 43.53128 16.3039 43.5314 16.30389 43.53148 16.30407 43.53156 16.30427 43.5315 16.30435 43.53135 16.30439 43.53138 16.30455 43.53155 16.30451 43.5316 16.30449 43.5317 16.30449 43.53176 16.30455 43.53183 16.30475 43.53198 16.30496 43.53215 16.30504 43.53225 16.30513 43.53232 16.30525 43.53234 16.30537 43.53246 16.30554 43.53278 16.30573 43.53285 16.30583 43.53292 16.30601 43.53303 16.30608 43.53316 16.30625 43.53316 16.30632 43.533 16.30657 43.53302 16.30665 43.53306 16.30673 43.53323 16.30681 43.53335 16.30682 43.53355 16.30682 43.53364 16.30684 43.53369 16.30687 43.53372 16.30694 43.53378 16.30699 43.53387 16.30698 43.53399 16.30693 43.53416 16.30682 43.53456 16.30685 43.53495 16.3069 43.53509 16.30698 43.53519 16.30706 43.53532 16.30708 43.53582 16.30719 43.53618 16.30741 43.5364 16.3076 43.53653 16.30778 43.53658 16.30796 43.53661 16.30812 43.53665 16.30818 43.5367 16.30819 43.53678 16.30815 43.53688 16.30804 43.53702 16.30823 43.53681 16.30851 43.53692 16.30866 43.53706 16.30849 43.53715 16.30833 43.5372 16.30828 43.53725 16.30834 43.53725 16.30845 43.53727 16.30854 43.5373 16.30863 43.53738 16.30864 43.53746 16.30862 43.53755 16.30874 43.53738 16.30915 43.53749 16.30926 43.53767 16.30893 43.53785 16.30888 43.53794 16.30889 43.53809 16.30899 43.53837 16.30915 43.53865 16.30933 43.53879 16.30943 43.53892 16.30953 43.53904 16.30973 43.53912 16.30995 43.53911 16.31018 43.53904 16.31042 43.53901 16.31068 43.53902 16.31086 43.53907 16.31105 43.53917 16.31123 43.53937 16.31143 43.53968 16.31192 43.53978 16.31223 43.53984 16.31253 43.5399 16.31272 43.53974 16.3129 43.53961 16.31293 43.53963 16.31314 43.53991 16.31308 43.53996 16.31322 43.54 16.31358 43.53984 16.31367 43.53989 16.31383 43.54007 16.31377 43.54019 16.31395 43.54026 16.31411 43.54028 16.31425 43.54011 16.31438 43.54018 16.31454 43.54033 16.31444 43.5404 16.31439 43.54046 16.31444 43.54056 16.31478 43.5406 16.31499 43.54063 16.3153 43.54065 16.31557 43.54069 16.31585 43.54074 16.31605 43.54038 16.31621 43.54014 16.31653 43.54004 16.31655 43.53999 16.31645 43.53996 16.31625 43.5398 16.3163 43.53983 16.31659 43.53991 16.31687 43.5403 16.31675 43.54034 16.31658 43.54039 16.31649 43.5405 16.31639 43.54076 16.31627 43.54089 16.31631 43.5412 16.31671 43.5413 16.31691 43.54129 16.31712 43.54118 16.3173 43.54109 16.31737 43.54098 16.31738 43.54089 16.31744 43.54087 16.3175 43.54091 16.31759 43.54099 16.31762 43.54111 16.31763 43.54129 16.3179 43.54136 16.31811 43.54142 16.31841 43.54143 16.31845 43.5415 16.31862 43.5416 16.31881 43.54167 16.31889 43.54166 16.31902 43.5414 16.31922 43.54148 16.31936 43.54168 16.3192 43.54178 16.31926 43.54179 16.31953 43.54176 16.31974 43.54155 16.3197 43.54154 16.31987 43.54173 16.31992 43.54181 16.31998 43.54183 16.32021 43.54171 16.32027 43.5416 16.32027 43.54159 16.32044 43.54177 16.32047 43.54185 16.32049 43.54192 16.32061 43.54195 16.32072 43.54194 16.32082 43.54185 16.32085 43.54175 16.3209 43.54173 16.32104 43.54176 16.32116 43.5422 16.32169 43.54234 16.32183 43.54253 16.32196 43.5427 16.32213 43.54281 16.32229 43.54286 16.32244 43.54307 16.32272 43.54324 16.32295 43.54349 16.32332 43.54357 16.32346 43.54365 16.32356 43.54373 16.32373 43.54379 16.32388 43.54383 16.32413 43.54388 16.3243 43.54402 16.32446 43.54417 16.3246 43.54474 16.32559 43.5451 16.32616 43.54534 16.32678 43.54553 16.32726 43.54576 16.32766 43.54576 16.32786 43.54574 16.32805 43.54571 16.32822 43.5457 16.32836 43.54566 16.32849 43.5455 16.32858 43.54538 16.32867 43.54547 16.32883 43.54578 16.32878 43.54586 16.32887 43.54621 16.32955 43.54583 16.33002 43.54592 16.33015 43.5461 16.32998 43.54622 16.32994 43.54629 16.32994 43.54634 16.33003 43.54635 16.33007 43.54638 16.33025 43.54636 16.33045 43.54632 16.33044 43.54632 16.33034 43.54619 16.33035 43.54618 16.33062 43.54622 16.33078 43.54626 16.33094 43.54632 16.33107 43.5464 16.33114 43.54655 16.33118 43.54671 16.33129 43.54686 16.33134 43.547 16.33143 43.54722 16.33171 43.54736 16.33193 43.54746 16.33222 43.54757 16.33248 43.54764 16.33267 43.54773 16.33286 43.54778 16.33305 43.54787 16.33328 43.54789 16.33344 43.54786 16.33359 43.54782 16.33382 43.54777 16.33403 43.5478 16.33439 43.54778 16.33475 43.54773 16.33498 43.54758 16.33525 43.54752 16.33547 43.54754 16.3357 43.54757 16.3359 43.54766 16.33624 43.54776 16.33675 43.54776 16.33701 43.54767 16.33718 43.54762 16.33732 43.54762 16.33735 43.54764 16.33756 43.54767 16.33779 43.54765 16.33805 43.54768 16.33886 43.5475 16.33886 43.54731 16.33818 43.54707 16.33771 43.54696 16.3378 43.54711 16.33809 43.54721 16.33835 43.54736 16.33891 43.54729 16.33901 43.54737 16.33949 43.54777 16.33943 43.5485 16.34038 43.54924 16.34136 43.54924 16.34168 43.54939 16.34171 43.5494 16.3419 43.54942 16.3422 43.54949 16.34276 43.54947 16.34297 43.54932 16.34306 43.54951 16.34364 43.54963 16.34406 43.54965 16.34413 43.54974 16.34443 43.54986 16.34478 43.54991 16.34504 43.54988 16.34511 43.54977 16.34515 43.54915 16.34494 43.54909 16.34528 43.54957 16.34543 43.54967 16.34584 43.54993 16.34572 43.55032 16.34627 43.55044 16.34648 43.55082 16.34713 43.551 16.34763 43.55103 16.34783 43.55101 16.34806 43.55094 16.34821 43.55086 16.34837 43.55086 16.34849 43.55097 16.34864 43.55105 16.34887 43.55105 16.34929 43.55102 16.35028 43.55099 16.3515 43.55096 16.35157 43.55087 16.35162 43.55078 16.35175 43.55077 16.35181 43.55078 16.35186 43.55085 16.3519 43.55101 16.35205 43.55101 16.35254 43.55101 16.35284 43.55101 16.35304 43.55093 16.35306 43.55093 16.35317 43.55099 16.35318 43.55097 16.35374 43.55087 16.35378 43.55086 16.35308 43.55076 16.35309 43.55076 16.35397 43.55092 16.35395 43.55097 16.35396 43.55097 16.35413 43.55098 16.35431 43.5509 16.35432 43.5509 16.35465 43.55078 16.35465 43.55078 16.3548 43.55087 16.35479 43.55082 16.35508 43.55076 16.35508 43.55068 16.35504 43.55065 16.35518 43.55072 16.35522 43.55066 16.35547 43.55031 16.35517 43.55023 16.35538 43.55053 16.3556 43.55056 16.35565 43.55057 16.35595 43.5507 16.35596 43.55076 16.35611 43.55112 16.35704 43.55126 16.35756 43.55126 16.35786 43.55121 16.35803 43.55119 16.35828 43.55106 16.35827 43.55105 16.35808 43.55091 16.35807 43.55097 16.35848 43.55131 16.35849 43.55136 16.35863 43.55126 16.35868 43.5513 16.3589 43.55139 16.35886 43.55141 16.35902 43.55117 16.35908 43.55115 16.35977 43.55111 16.35997 43.55105 16.36027 43.5509 16.36076 43.55075 16.36066 43.55068 16.36082 43.55082 16.36094 43.55074 16.36106 43.55054 16.36108 43.55062 16.36161 43.55063 16.36211 43.55047 16.36256 43.5503 16.36292 43.55016 16.36321 43.5499 16.36332 43.54994 16.3635 43.55029 16.36334 43.55041 16.36333 43.55046 16.3634 43.55047 16.36348 43.55056 16.364 43.55056 16.36464 43.55059 16.36508 43.55038 16.36504 43.55032 16.36429 43.55019 16.36408 43.55001 16.36397 43.5497 16.36386 43.54968 16.36402 43.54996 16.36412 43.55018 16.36431 43.55022 16.36448 43.55025 16.36475 43.55024 16.36514 43.55019 16.36562 43.5504 16.36574 43.5505 16.366 43.55047 16.36652 43.55046 16.36667 43.55042 16.36706 43.55035 16.36762 43.55021 16.36801 43.55004 16.36826 43.54981 16.36826 43.5498 16.36842 43.54989 16.36843 43.54997 16.36845 43.54995 16.36871 43.54975 16.36869 43.54975 16.36883 43.54989 16.36886 43.54989 16.36906 43.54971 16.36907 43.54971 16.36923 43.54981 16.36925 43.54971 16.36962 43.54964 16.36961 43.54964 16.36977 43.5497 16.36978 43.54982 16.36997 43.54981 16.37018 43.54983 16.37032 43.54985 16.37039 43.54986 16.3705 43.54985 16.37067 43.54984 16.37069 43.5498 16.37108 43.54975 16.37141 43.54971 16.3716 43.5497 16.37182 43.54964 16.37204 43.5496 16.37225 43.54952 16.37255 43.54947 16.3727 43.5494 16.37301 43.54938 16.37324 43.54935 16.37353 43.54932 16.37377 43.54929 16.37404 43.54926 16.37445 43.54925 16.37465 43.54923 16.37485 43.54922 16.37492 43.54915 16.37539 43.54908 16.37566 43.54905 16.3758 43.54905 16.37586 43.54905 16.37595 43.549 16.37613 43.54892 16.37631 43.54875 16.37658 43.54866 16.37662 43.54855 16.37671 43.54847 16.37672 43.5484 16.37677 43.5483 16.37695 43.54822 16.3771 43.54814 16.37722 43.54808 16.37737 43.54806 16.37766 43.54803 16.37776 43.54801 16.3778 43.54791 16.37784 43.54794 16.37796 43.54804 16.37791 43.54809 16.37794 43.54812 16.37805 43.5482 16.3782 43.54827 16.3784 43.54836 16.37861 43.54841 16.37868 43.54845 16.37888 43.54852 16.37915 43.54854 16.37927 43.54854 16.37948 43.54851 16.3795 43.54839 16.37951 43.54839 16.37964 43.54855 16.37964 43.54858 16.37973 43.5486 16.37996 43.54862 16.38013 43.54865 16.38023 43.54864 16.38034 43.54861 16.38043 43.54857 16.38046 43.54844 16.38047 43.54845 16.38059 43.54859 16.38059 43.54862 16.38063 43.54864 16.38073 43.54868 16.38086 43.5487 16.38092 43.54873 16.38102 43.54875 16.3811 43.54875 16.38127 43.54869 16.38138 43.54851 16.3814 43.54851 16.38149 43.54871 16.38149 43.54873 16.38149 43.54875 16.38153 43.54876 16.38159 43.54875 16.38195 43.54871 16.38227 43.5487 16.38245 43.5487 16.38266 43.54868 16.38283 43.54866 16.38288 43.54864 16.3829 43.54859 16.38294 43.54855 16.38308 43.54852 16.38323 43.54848 16.38336 43.54846 16.38344 43.54838 16.38347 43.54837 16.38419 43.54855 16.38421 43.54858 16.38425 43.54858 16.38441 43.54853 16.38465 43.54852 16.38477 43.54838 16.38477 43.54838 16.38453 43.54829 16.38455 43.54827 16.38503 43.54825 16.38505 43.54823 16.38534 43.54823 16.38549 43.54826 16.38552 43.54827 16.38562 43.54823 16.38575 43.54818 16.38584 43.54815 16.38588 43.5481 16.3859 43.54771 16.38579 43.54769 16.38591 43.54802 16.38603 43.54804 16.38604 43.54805 16.38627 43.5481 16.38637 43.5481 16.38653 43.54807 16.38674 43.54805 16.38689 43.54808 16.38704 43.54812 16.3872 43.54821 16.38736 43.54824 16.38749 43.54826 16.38754 43.54826 16.3877 43.54824 16.38819 43.54825 16.38826 43.54827 16.38828 43.54827 16.38898 43.54823 16.38909 43.54819 16.38919 43.5481 16.38936 43.54805 16.38945 43.54798 16.38954 43.54789 16.38964 43.54778 16.38978 43.54765 16.38996 43.54758 16.39007 43.54753 16.3902 43.54751 16.39032 43.54751 16.39041 43.54757 16.39053 43.54768 16.39071 43.54769 16.39075 43.54778 16.39092 43.54784 16.39101 43.5479 16.39107 43.54796 16.39117 43.548 16.39119 43.54808 16.39116 43.54813 16.39114 43.54824 16.39128 43.54836 16.39154 43.5484 16.39172 43.54842 16.39198 43.54841 16.39203 43.5484 16.39227 43.54829 16.39257 43.54814 16.39313 43.54805 16.39372 43.54794 16.39433 43.54787 16.3947 43.54781 16.39504 43.54781 16.39514 43.54782 16.39519 43.5478 16.39532 43.54776 16.39542 43.54766 16.39542 43.54766 16.39504 43.54758 16.39504 43.54758 16.39497 43.54749 16.39497 43.54748 16.39515 43.54753 16.39515 43.54757 16.3952 43.54757 16.39524 43.54757 16.39559 43.54774 16.39561 43.54777 16.39562 43.54779 16.39567 43.54779 16.3957 43.54777 16.39573 43.5476 16.39572 43.54749 16.39612 43.54759 16.39631 43.54765 16.39639 43.5476 16.39645 43.54749 16.39637 43.54731 16.39655 43.54736 16.39668 43.54747 16.39658 43.54752 16.39663 43.54755 16.39673 43.54758 16.39686 43.54757 16.39722 43.54751 16.3975 43.54751 16.39752 43.54749 16.39771 43.54747 16.39787 43.54747 16.39804 43.54746 16.39814 43.54741 16.39818 43.54729 16.39816 43.54728 16.39829 43.5474 16.3983 43.54743 16.39839 43.54741 16.3991 43.54725 16.3991 43.54725 16.39923 43.54741 16.39923 43.5474 16.39942 43.54724 16.39943 43.54724 16.39957 43.54743 16.39958 43.54743 16.39971 43.54738 16.3998 43.54721 16.39982 43.54722 16.39993 43.54732 16.39993 43.54736 16.39998 43.54736 16.40021 43.54737 16.40043 43.54737 16.40053 43.54735 16.40058 43.54733 16.40059 43.54717 16.40056 43.54717 16.40068 43.54735 16.40071 43.54735 16.40079 43.54734 16.40089 43.54731 16.40095 43.5473 16.40097 43.54729 16.40098 43.54692 16.40095 43.54692 16.40109 43.54725 16.40113 43.54726 16.4012 43.54725 16.40127 43.54721 16.40136 43.54717 16.40144 43.54716 16.40148 43.54713 16.40151 43.54708 16.40152 43.54703 16.40157 43.54701 16.40161 43.54699 16.40162 43.54691 16.40157 43.54688 16.40167 43.54698 16.40176 43.54699 16.40181 43.54699 16.40186 43.54697 16.40189 43.54694 16.40193 43.54687 16.40193 43.54679 16.40195 43.54676 16.40224 43.54669 16.40253 43.54663 16.40277 43.5467 16.40281 43.54675 16.40265 43.54681 16.40265 43.54681 16.40275 43.54678 16.40288 43.54674 16.40298 43.54671 16.40308 43.54669 16.40314 43.54667 16.40315 43.54657 16.40307 43.54652 16.40317 43.54662 16.40328 43.54663 16.40333 43.54659 16.40337 43.54658 16.40341 43.54657 16.40348 43.54654 16.40351 43.54648 16.40346 43.54643 16.40341 43.54636 16.40351 43.54646 16.40361 43.54648 16.40364 43.54646 16.40368 43.54639 16.40373 43.54634 16.40375 43.54623 16.40364 43.54618 16.4037 43.54623 16.4038 43.54623 16.40382 43.54617 16.40388 43.54608 16.40392 43.5458 16.40394 43.54562 16.40389 43.54555 16.40385 43.54548 16.40384 43.54543 16.40384 43.5454 16.40391 43.54541 16.40416 43.54552 16.40423 43.54594 16.40424 43.54612 16.40424 43.54625 16.40429 43.54636 16.40438 43.54645 16.40456 43.54652 16.4047 43.54653 16.40478 43.54656 16.40481 43.54656 16.40492 43.54651 16.40517 43.54647 16.40539 43.54645 16.40553 43.54643 16.40559 43.54642 16.40562 43.54631 16.40551 43.54626 16.40561 43.54637 16.40573 43.54644 16.40583 43.54643 16.40598 43.54628 16.40611 43.54597 16.40642 43.54587 16.40626 43.5458 16.40633 43.54587 16.40644 43.54584 16.4065 43.54576 16.4066 43.54558 16.4068 43.54545 16.40695 43.54537 16.4071 43.54531 16.40737 43.5453 16.40759 43.54522 16.40782 43.54507 16.40807 43.54504 16.40829 43.54501 16.40854 43.54496 16.40881 43.54494 16.40889 43.54493 16.40918 43.5449 16.40941 43.54486 16.40956 43.54479 16.4096 43.54456 16.40958 43.54455 16.40967 43.54396 16.40972 43.54396 16.41008 43.54404 16.41009 43.54404 16.40987 43.54409 16.40984 43.54449 16.4098 43.54454 16.4099 43.54461 16.40992 43.54467 16.40992 43.54472 16.40999 43.54471 16.41035 43.54471 16.4106 43.54479 16.4109 43.5449 16.41105 43.54505 16.41113 43.54518 16.41127 43.54524 16.41144 43.54526 16.41168 43.54523 16.41181 43.54515 16.41194 43.54501 16.41217 43.54488 16.41242 43.54482 16.41261 43.54478 16.41288 43.54478 16.41311 43.54483 16.41331 43.54489 16.41343 43.54497 16.41344 43.54507 16.41334 43.54517 16.41325 43.5452 16.41327 43.54525 16.41332 43.54523 16.41363 43.5452 16.41406 43.54517 16.41443 43.54516 16.41474 43.54508 16.41498 43.54507 16.41579 43.54512 16.41581 43.54517 16.41576 43.54522 16.41591 43.54526 16.41621 43.54526 16.41623 43.54526 16.41664 43.54532 16.41719 43.54537 16.41741 43.54541 16.41755 43.54553 16.41769 43.54567 16.41774 43.54575 16.41777 43.54583 16.41801 43.54586 16.41829 43.54582 16.41855 43.54571 16.41885 43.54556 16.4191 43.54533 16.41934 43.54513 16.41948 43.54492 16.41956 43.54487 16.41958 43.54475 16.41963 43.54469 16.41981 43.54471 16.42004 43.54482 16.42021 43.54502 16.42046 43.54518 16.42066 43.54535 16.42084 43.54552 16.42125 43.54561 16.42165 43.54571 16.42215 43.54574 16.42228 43.54581 16.42269 43.54587 16.42306 43.5459 16.42347 43.54592 16.42367 43.54589 16.42402 43.54581 16.42432 43.54573 16.42468 43.54567 16.42497 43.54566 16.42499 43.54528 16.42501 43.54531 16.42481 43.54517 16.4248 43.54503 16.42567 43.54483 16.42669 43.54468 16.42748 43.54469 16.42759 43.54467 16.42771 43.54459 16.42794 43.54456 16.42804 43.54456 16.42808 43.54455 16.42817 43.54457 16.42818 43.5446 16.42818 43.54491 16.42798 43.54513 16.42783 43.54528 16.42772 43.54539 16.42766 43.54547 16.4277 43.54557 16.42784 43.54561 16.42801 43.54559 16.42851 43.54547 16.42893 43.54537 16.42929 43.5453 16.4295 43.54526 16.42969 43.54524 16.42997 43.54523 16.43028 43.54525 16.43046 43.54524 16.43067 43.5451 16.4309 43.545 16.43107 43.54487 16.43131 43.54478 16.43147 43.54474 16.43154 43.54472 16.43158 43.54447 16.43154 43.54445 16.43166 43.54466 16.43171 43.54473 16.4318 43.54477 16.43224 43.54479 16.43234 43.54483 16.43259 43.54486 16.43275 43.54489 16.4329 43.54489 16.43313 43.54471 16.43366 43.54463 16.43384 43.54462 16.43387 43.54456 16.43389 43.5445 16.4339 43.54446 16.43396 43.54443 16.43419 43.54438 16.43446 43.54427 16.4347 43.54413 16.43488 43.54403 16.43498 43.54396 16.43512 43.54399 16.43538 43.54405 16.43547 43.54412 16.43562 43.54413 16.43563 43.54413 16.43567 43.54398 16.43583 43.54404 16.43596 43.54418 16.43583 43.54422 16.43584 43.54426 16.4359 43.54428 16.436 43.5443 16.43609 43.5443 16.43616 43.54429 16.43636 43.54423 16.43648 43.54416 16.43666 43.54408 16.43676 43.544 16.43691 43.54394 16.43698 43.5439 16.43698 43.54385 16.43699 43.54384 16.437 43.54382 16.43675 43.54374 16.43676 43.54375 16.43702 43.54373 16.43705 43.54369 16.43705 43.54364 16.43702 43.54358 16.43699 43.54349 16.43695 43.54338 16.43701 43.54334 16.43703 43.54319 16.43688 43.54313 16.43699 43.54323 16.43708 43.54325 16.43713 43.5432 16.43721 43.5431 16.43745 43.54307 16.43759 43.54315 16.43766 43.54316 16.43787 43.54317 16.43794 43.54306 16.43802 43.54304 16.43802 43.54299 16.43795 43.54292 16.43805 43.54308 16.43826 43.54288 16.43852 43.54272 16.43832 43.54265 16.4384 43.54279 16.4386 43.54277 16.43865 43.54273 16.4387 43.54268 16.43878 43.54264 16.43883 43.54257 16.43892 43.54255 16.43895 43.54251 16.43901 43.54246 16.4391 43.54245 16.43912 43.54239 16.43919 43.54238 16.43919 43.54234 16.43919 43.54236 16.43876 43.54225 16.43877 43.54224 16.43915 43.54224 16.43919 43.54223 16.43919 43.54213 16.43916 43.54211 16.43914 43.542 16.43903 43.54191 16.43887 43.54178 16.43861 43.54165 16.4384 43.54152 16.43827 43.54142 16.43819 43.54125 16.43804 43.54102 16.43795 43.54086 16.4379 43.54064 16.43789 43.54048 16.43793 43.54011 16.43804 43.53992 16.43814 43.53975 16.43826 43.53955 16.43851 43.53948 16.4386 43.53938 16.43871 43.53931 16.43872 43.53927 16.43869 43.53883 16.43924 43.53875 16.43956 43.53873 16.43998 43.53875 16.4405 43.53878 16.44102 43.53879 16.44157 43.53881 16.44192 43.53882 16.4421 43.53886 16.44219 43.53892 16.44222 43.53895 16.44225 43.53898 16.44236 43.53901 16.44274 43.53905 16.443 43.53906 16.44326 43.53899 16.44353 43.53896 16.4437 43.53901 16.44404 43.53903 16.44443 43.53905 16.44454 43.53905 16.44467 43.53904 16.44484 43.53902 16.44487 43.53896 16.4449 43.53889 16.44509 43.53887 16.44537 43.53879 16.44561 43.53867 16.44584 43.53856 16.44597 43.53842 16.44601 43.53824 16.44597 43.53814 16.44601 43.5381 16.44606 43.53809 16.44619 43.53802 16.44625 43.53794 16.44632 43.5379 16.4464 43.53792 16.44648 43.538 16.44665 43.53809 16.44677 43.53817 16.44689 43.53825 16.44695 43.53834 16.4471 43.53836 16.44718 43.53824 16.44741 43.53803 16.44772 43.53795 16.44799 43.53793 16.44826 43.53803 16.44877 43.53804 16.44917 43.53797 16.4496 43.53787 16.45016 43.53783 16.45061 43.53776 16.45137 43.53776 16.45156 43.53781 16.45194 43.53786 16.45238 43.53783 16.45282 43.53771 16.45307 43.53757 16.45328 43.53751 16.45341 43.5375 16.45364 43.53757 16.45435 43.53761 16.45459 43.53723 16.45472 43.53737 16.4557 43.53768 16.45563 43.53773 16.45581 43.5379 16.45688 43.53803 16.45691 43.53822 16.45729 43.53838 16.45768 43.53841 16.45778 43.53837 16.45795 43.53732 16.45795 43.5373 16.45886 43.5384 16.45894 43.53844 16.45898 43.53843 16.45944 43.53861 16.45946 43.53864 16.45951 43.53864 16.4597 43.53862 16.45974 43.53852 16.45972 43.53847 16.45976 43.53844 16.45991 43.53844 16.46002 43.53839 16.46011 43.53834 16.46029 43.53835 16.46043 43.53845 16.46063 43.5385 16.46075 43.53852 16.46091 43.53846 16.46112 43.53826 16.46131 43.53787 16.46155 43.53772 16.46164 43.53767 16.46171 43.53981 16.46194 43.54135 16.46103 43.54177 16.46079 43.54184 16.46073 43.54189 16.46071 43.54197 16.46066 43.54356 16.46023 43.54444 16.4589 43.54459 16.45796 43.54496 16.45772 43.54498 16.45772 43.5454 16.45765 43.54557 16.45761 43.54695 16.45819 43.54768 16.45837 43.54846 16.45855 43.54927 16.45875 43.54928 16.45875 43.54943 16.45879 43.54956 16.45882 43.54973 16.45886 43.55222 16.45946 43.55231 16.45945 43.55337 16.45931 43.55378 16.45839 43.55464 16.45812 43.55668 16.44741 43.55711 16.44713 43.55741 16.44693 43.55773 16.44671 43.55785 16.44637 43.55815 16.44554 43.56216 16.44651 43.56311 16.44468 43.5643 16.44156 43.56765 16.43788 43.56776 16.43584 43.56988 16.43096 43.56908 16.42981 43.57031 16.41939 43.57105 16.4132 43.57073 16.40888 43.57072 16.40828 43.57066 16.40369 43.57108 16.40151 43.57153 16.39915 43.57352 16.38879 43.57432 16.38339 43.57511 16.37801 43.57517 16.37772 43.5752 16.37754 43.57601 16.37343 43.57753 16.37271 43.57816 16.37241 43.58087 16.37379 43.58629 16.37635 43.59767 16.37507 43.59838 16.37197 43.59849 16.37025 43.5986 16.3572 43.59945 16.34836</gml:posList>
                        </gml:LinearRing>
                      </gml:exterior>
                    </gml:Polygon>
                  </gml:surfaceMember>
                  <gml:surfaceMember>
                    <gml:Polygon gml:id="MEDIA_MONITORED_CILJ_ID_1_CILJ_ID_5_POLUTANT_2_MODEL_238">
                      <gml:exterior>
                        <gml:LinearRing>
                          <gml:posList srsDimension="2">43.45357 16.11235 43.4537 16.11253 43.45386 16.11259 43.45398 16.11263 43.45416 16.11258 43.4544 16.11226 43.45442 16.1122 43.45442 16.11212 43.45437 16.11202 43.45428 16.11196 43.45412 16.11192 43.4539 16.11193 43.45368 16.11197 43.45355 16.1121 43.45353 16.1122 43.45357 16.11235</gml:posList>
                        </gml:LinearRing>
                      </gml:exterior>
                    </gml:Polygon>
                  </gml:surfaceMember>
                  <gml:surfaceMember>
                    <gml:Polygon gml:id="MEDIA_MONITORED_CILJ_ID_1_CILJ_ID_5_POLUTANT_2_MODEL_239">
                      <gml:exterior>
                        <gml:LinearRing>
                          <gml:posList srsDimension="2">43.50017 16.56505 43.50018 16.56504 43.50139 16.56385 43.50724 16.55809 43.50775 16.55758 43.50828 16.55705 43.51055 16.55477 43.51065 16.55464 43.51877 16.54406 43.51874 16.54393 43.51865 16.54365 43.51856 16.54366 43.5185 16.54367 43.51824 16.5437 43.51775 16.54351 43.51686 16.54303 43.5166 16.5426 43.51642 16.54231 43.51628 16.54219 43.51616 16.54208 43.51587 16.54184 43.5156 16.54161 43.51552 16.54154 43.51521 16.54127 43.51374 16.54022 43.51338 16.53924 43.51333 16.53912 43.51272 16.53748 43.51085 16.53755 43.50873 16.5372 43.50872 16.53704 43.50871 16.53665 43.50781 16.53518 43.50671 16.53484 43.50645 16.53376 43.50645 16.53376 43.50623 16.53286 43.50572 16.53174 43.50571 16.53173 43.50559 16.53147 43.50503 16.53129 43.50484 16.53122 43.50471 16.53118 43.50443 16.53109 43.50441 16.53114 43.50438 16.53123 43.50433 16.53139 43.50429 16.53153 43.5042 16.53195 43.50417 16.53206 43.50414 16.53224 43.5041 16.53235 43.50408 16.53241 43.50405 16.53253 43.50399 16.53265 43.50389 16.53287 43.50385 16.533 43.50381 16.53308 43.50379 16.53313 43.50378 16.5332 43.50369 16.53334 43.50366 16.53339 43.50361 16.53344 43.50357 16.53347 43.50344 16.53358 43.50326 16.53375 43.50314 16.53384 43.50313 16.53384 43.50311 16.53383 43.50309 16.5338 43.50308 16.53376 43.50302 16.53368 43.50298 16.53365 43.50291 16.53363 43.50282 16.53365 43.50275 16.5337 43.50268 16.53376 43.50266 16.53377 43.50253 16.53378 43.50245 16.53376 43.5023 16.53376 43.50207 16.53379 43.50205 16.53381 43.50201 16.53381 43.50196 16.53382 43.50192 16.53384 43.50185 16.53389 43.50177 16.53396 43.5016 16.53415 43.50152 16.53423 43.5014 16.53434 43.50138 16.53435 43.50134 16.53435 43.50115 16.53433 43.50107 16.53434 43.50088 16.53432 43.50068 16.53433 43.50055 16.53437 43.50041 16.5344 43.50026 16.53447 43.5001 16.53451 43.49998 16.53467 43.49981 16.53472 43.49972 16.53465 43.49967 16.53425 43.49963 16.53418 43.49953 16.53417 43.49948 16.5341 43.49945 16.53404 43.49941 16.534 43.49935 16.534 43.49929 16.53408 43.49928 16.53418 43.49928 16.53433 43.49927 16.53441 43.49925 16.53447 43.49908 16.53478 43.4989 16.5349 43.49841 16.53548 43.49827 16.53558 43.49813 16.5356 43.49796 16.53554 43.49741 16.53558 43.49723 16.53565 43.4971 16.53571 43.49684 16.53578 43.49659 16.53591 43.49642 16.53595 43.49621 16.53598 43.49608 16.53607 43.49601 16.53615 43.49595 16.53614 43.49594 16.53613 43.4959 16.53608 43.49583 16.53598 43.49562 16.53586 43.49527 16.5356 43.49513 16.53554 43.49495 16.53555 43.49479 16.53566 43.49458 16.53579 43.49443 16.53591 43.4943 16.53602 43.49418 16.53609 43.49388 16.5363 43.49382 16.53641 43.49377 16.53653 43.49351 16.53675 43.49322 16.53701 43.49297 16.53717 43.49282 16.53717 43.49274 16.5371 43.49267 16.53698 43.49251 16.53672 43.49257 16.53658 43.49249 16.53651 43.4924 16.53672 43.49229 16.53699 43.4922 16.53714 43.4921 16.53706 43.49213 16.53698 43.49207 16.53691 43.49195 16.53716 43.4918 16.53755 43.4917 16.53784 43.49163 16.53798 43.49158 16.53813 43.49133 16.53882 43.49102 16.53846 43.49118 16.5381 43.49104 16.53797 43.49097 16.53813 43.49081 16.53802 43.49068 16.53835 43.491 16.53866 43.49093 16.53881 43.49108 16.53897 43.49093 16.53929 43.49077 16.5395 43.49061 16.53971 43.4905 16.53984 43.49017 16.54042 43.4899 16.54102 43.48978 16.54144 43.4895 16.54197 43.48943 16.54207 43.48917 16.54229 43.48899 16.54247 43.48876 16.54269 43.48845 16.54306 43.4882 16.54325 43.48816 16.54324 43.48811 16.54326 43.48804 16.54334 43.48792 16.54355 43.48787 16.54373 43.48786 16.54396 43.48782 16.54411 43.48777 16.54448 43.48777 16.54461 43.48772 16.54483 43.48767 16.54492 43.48751 16.54474 43.48745 16.54485 43.48761 16.54501 43.48756 16.54511 43.48739 16.54551 43.48707 16.54608 43.48647 16.54711 43.4858 16.54787 43.48544 16.54815 43.48531 16.5482 43.48501 16.54828 43.48493 16.54834 43.48479 16.54861 43.48466 16.54906 43.48459 16.54961 43.48455 16.55005 43.48445 16.55057 43.48437 16.55102 43.48435 16.55112 43.48426 16.55161 43.48416 16.55199 43.48404 16.55241 43.48379 16.55306 43.4837 16.55325 43.48355 16.55312 43.48351 16.55323 43.48363 16.55334 43.48355 16.5535 43.48341 16.55377 43.4832 16.55409 43.48272 16.55481 43.48256 16.55466 43.48251 16.55477 43.48265 16.5549 43.48222 16.55557 43.48203 16.55599 43.48185 16.55624 43.48148 16.55667 43.48121 16.55708 43.48115 16.55717 43.48103 16.55702 43.48097 16.5571 43.48109 16.55725 43.48101 16.55736 43.48092 16.55748 43.48081 16.55732 43.48074 16.55742 43.48085 16.55758 43.48081 16.55763 43.48035 16.55818 43.48029 16.55825 43.48016 16.55807 43.4801 16.55816 43.48023 16.55835 43.48017 16.55845 43.48005 16.55856 43.47988 16.55866 43.4794 16.55882 43.47933 16.55891 43.47928 16.55897 43.479 16.55947 43.47869 16.55985 43.47802 16.56056 43.47736 16.5611 43.47702 16.56153 43.47679 16.56139 43.47676 16.56129 43.47668 16.56134 43.47672 16.56146 43.47696 16.56163 43.47683 16.5618 43.47671 16.56192 43.4766 16.562 43.47646 16.56182 43.4764 16.56189 43.47655 16.56209 43.47647 16.56216 43.47629 16.56238 43.47605 16.56264 43.47514 16.56386 43.47498 16.56407 43.47474 16.56432 43.47446 16.56457 43.47424 16.56483 43.47419 16.56495 43.47418 16.56507 43.47419 16.56523 43.47414 16.56575 43.47409 16.56609 43.47404 16.56634 43.47396 16.56654 43.47374 16.56655 43.47374 16.56668 43.47394 16.56667 43.47389 16.5669 43.47382 16.56709 43.47371 16.56715 43.47366 16.56723 43.47364 16.56732 43.4736 16.56754 43.47313 16.56744 43.47315 16.56732 43.473 16.56728 43.47294 16.56762 43.47358 16.56778 43.47363 16.56823 43.47363 16.5684 43.47356 16.56865 43.47345 16.56896 43.47332 16.56923 43.47321 16.5694 43.47302 16.56975 43.47281 16.5701 43.47261 16.57054 43.4724 16.57081 43.47221 16.57113 43.47205 16.57151 43.47186 16.57182 43.47153 16.5722 43.47152 16.57221 43.47111 16.57262 43.47058 16.57325 43.4704 16.57342 43.47016 16.57363 43.46973 16.57403 43.46896 16.57462 43.46882 16.57477 43.46857 16.57517 43.4685 16.57537 43.46808 16.5762 43.46787 16.57652 43.46742 16.57705 43.46707 16.5777 43.46679 16.57804 43.46641 16.57844 43.46587 16.57922 43.46569 16.57952 43.46558 16.57965 43.46626 16.58177 43.4666 16.58218 43.46681 16.58244 43.46691 16.58249 43.46726 16.58263 43.46782 16.5834 43.46829 16.58403 43.46967 16.58591 43.471 16.58771 43.47144 16.58832 43.47192 16.58855 43.47227 16.58859 43.47304 16.58959 43.47312 16.58989 43.47317 16.59009 43.47356 16.59023 43.47356 16.59023 43.47397 16.59024 43.47433 16.59024 43.4747 16.59042 43.47518 16.59065 43.47678 16.59018 43.48778 16.5815 43.4899 16.57797 43.49264 16.57342 43.49281 16.57313 43.49727 16.56823 43.50017 16.56505</gml:posList>
                        </gml:LinearRing>
                      </gml:exterior>
                    </gml:Polygon>
                  </gml:surfaceMember>
                  <gml:surfaceMember>
                    <gml:Polygon gml:id="MEDIA_MONITORED_CILJ_ID_1_CILJ_ID_5_POLUTANT_2_MODEL_240">
                      <gml:exterior>
                        <gml:LinearRing>
                          <gml:posList srsDimension="2">43.52234 16.4155 43.52237 16.41558 43.5224 16.41562 43.52245 16.41564 43.52249 16.41561 43.52252 16.41557 43.52256 16.41549 43.52257 16.41539 43.52259 16.41529 43.52262 16.41515 43.52261 16.41504 43.5226 16.41497 43.52258 16.41489 43.52256 16.41486 43.52251 16.41486 43.52246 16.4149 43.52242 16.415 43.5224 16.41507 43.52238 16.41516 43.52236 16.41524 43.52235 16.41535 43.52234 16.4155</gml:posList>
                        </gml:LinearRing>
                      </gml:exterior>
                    </gml:Polygon>
                  </gml:surfaceMember>
                  <gml:surfaceMember>
                    <gml:Polygon gml:id="MEDIA_MONITORED_CILJ_ID_1_CILJ_ID_5_POLUTANT_2_MODEL_241">
                      <gml:exterior>
                        <gml:LinearRing>
                          <gml:posList srsDimension="2">43.53583 16.44778 43.53586 16.44782 43.5359 16.44782 43.53594 16.4478 43.53593 16.44775 43.53592 16.44769 43.53591 16.44765 43.53588 16.44764 43.53584 16.44766 43.53583 16.44769 43.53582 16.44773 43.53583 16.44778</gml:posList>
                        </gml:LinearRing>
                      </gml:exterior>
                    </gml:Polygon>
                  </gml:surfaceMember>
                  <gml:surfaceMember>
                    <gml:Polygon gml:id="MEDIA_MONITORED_CILJ_ID_1_CILJ_ID_5_POLUTANT_2_MODEL_242">
                      <gml:exterior>
                        <gml:LinearRing>
                          <gml:posList srsDimension="2">43.515 16.24743 43.5152 16.24825 43.51535 16.24914 43.51548 16.25012 43.51556 16.2506 43.51557 16.2507 43.51567 16.25107 43.51582 16.25159 43.51592 16.25192 43.51596 16.25194 43.5161 16.2519 43.51616 16.25194 43.51629 16.25213 43.51662 16.25261 43.51671 16.25261 43.518 16.25174 43.51805 16.25167 43.51807 16.25154 43.51807 16.25137 43.51805 16.25097 43.51803 16.25071 43.51799 16.25038 43.51797 16.25024 43.51794 16.25002 43.51794 16.24947 43.51789 16.24934 43.51746 16.24858 43.51648 16.24687 43.51643 16.24673 43.51632 16.24656 43.51621 16.24627 43.51608 16.24595 43.51589 16.24595 43.51576 16.24601 43.51565 16.24608 43.51556 16.24615 43.51542 16.24624 43.51526 16.24636 43.51515 16.24647 43.51512 16.2465 43.51501 16.24662 43.51495 16.2467 43.51489 16.24681 43.51487 16.24694 43.515 16.24743</gml:posList>
                        </gml:LinearRing>
                      </gml:exterior>
                    </gml:Polygon>
                  </gml:surfaceMember>
                  <gml:surfaceMember>
                    <gml:Polygon gml:id="MEDIA_MONITORED_CILJ_ID_1_CILJ_ID_5_POLUTANT_2_MODEL_243">
                      <gml:exterior>
                        <gml:LinearRing>
                          <gml:posList srsDimension="2">43.42905 16.12026 43.42907 16.12034 43.42907 16.12046 43.42912 16.12054 43.42915 16.12054 43.42921 16.12047 43.42921 16.12034 43.4292 16.12026 43.42915 16.12012 43.42915 16.12007 43.4291 16.12002 43.42907 16.12002 43.42903 16.12005 43.42901 16.12011 43.42905 16.12026</gml:posList>
                        </gml:LinearRing>
                      </gml:exterior>
                    </gml:Polygon>
                  </gml:surfaceMember>
                  <gml:surfaceMember>
                    <gml:Polygon gml:id="MEDIA_MONITORED_CILJ_ID_1_CILJ_ID_5_POLUTANT_2_MODEL_244">
                      <gml:exterior>
                        <gml:LinearRing>
                          <gml:posList srsDimension="2">43.41209 16.13601 43.4122 16.13616 43.4125 16.13624 43.41328 16.13623 43.41349 16.13618 43.41368 16.13609 43.41371 16.13609 43.41386 16.13602 43.41404 16.13585 43.41417 16.13565 43.41444 16.13479 43.41446 16.13462 43.41441 16.13447 43.41429 16.1343 43.41409 16.13417 43.41373 16.13417 43.41359 16.13424 43.4133 16.13433 43.41292 16.13462 43.41275 16.13484 43.41242 16.13515 43.41219 16.13547 43.41209 16.13576 43.41209 16.13601</gml:posList>
                        </gml:LinearRing>
                      </gml:exterior>
                    </gml:Polygon>
                  </gml:surfaceMember>
                  <gml:surfaceMember>
                    <gml:Polygon gml:id="MEDIA_MONITORED_CILJ_ID_1_CILJ_ID_5_POLUTANT_2_MODEL_245">
                      <gml:exterior>
                        <gml:LinearRing>
                          <gml:posList srsDimension="2">43.45569 16.07574 43.45578 16.07549 43.4558 16.07467 43.45579 16.0743 43.45571 16.074 43.45571 16.0737 43.4557 16.07252 43.45568 16.07238 43.45558 16.07212 43.45533 16.07187 43.45517 16.07177 43.45491 16.07174 43.45458 16.0718 43.45435 16.07176 43.45418 16.07169 43.45391 16.0716 43.45382 16.07153 43.45362 16.07125 43.45356 16.07112 43.45346 16.07101 43.45339 16.07095 43.45332 16.07085 43.45327 16.07063 43.45322 16.07026 43.4532 16.07013 43.45313 16.06996 43.45297 16.06976 43.4528 16.06966 43.45254 16.06955 43.45232 16.06954 43.45211 16.06945 43.45196 16.06928 43.45184 16.06909 43.45172 16.06899 43.45157 16.06899 43.45137 16.06909 43.45112 16.06909 43.45089 16.06895 43.45069 16.0689 43.45062 16.06885 43.45058 16.06878 43.45059 16.0686 43.45066 16.06842 43.4507 16.06828 43.45091 16.0677 43.45109 16.06733 43.45118 16.067 43.45119 16.06644 43.45126 16.06621 43.4514 16.06598 43.45155 16.06561 43.4516 16.06553 43.45186 16.06489 43.45195 16.06457 43.45201 16.06418 43.45202 16.06304 43.45201 16.06281 43.45197 16.0626 43.45186 16.06243 43.45172 16.06227 43.45103 16.06177 43.45092 16.06164 43.45072 16.06136 43.45058 16.06114 43.45053 16.06097 43.4505 16.06077 43.45051 16.06061 43.45054 16.06037 43.45069 16.05983 43.45083 16.05948 43.45115 16.0588 43.45122 16.0585 43.45137 16.05811 43.45148 16.05784 43.45159 16.0576 43.45164 16.05733 43.45165 16.057 43.45166 16.05665 43.45169 16.05632 43.45167 16.05604 43.45148 16.0556 43.45136 16.05537 43.4512 16.0549 43.45109 16.05467 43.45067 16.0541 43.45 16.05359 43.44913 16.05323 43.44846 16.05315 43.44812 16.05314 43.44799 16.05319 43.4475 16.05354 43.44714 16.05384 43.44674 16.05406 43.44653 16.05411 43.44642 16.05417 43.44593 16.05421 43.44589 16.05426 43.44587 16.05444 43.44582 16.05448 43.44577 16.05446 43.44573 16.05436 43.44568 16.05436 43.4456 16.05442 43.44552 16.05457 43.44547 16.05482 43.44549 16.05524 43.44563 16.05579 43.4458 16.05629 43.4461 16.05691 43.44623 16.05731 43.44644 16.05778 43.44649 16.05796 43.44677 16.05858 43.4473 16.05935 43.44739 16.05953 43.44745 16.0596 43.4478 16.06042 43.44792 16.0612 43.44793 16.06139 43.44788 16.06176 43.44773 16.06225 43.44751 16.06272 43.44736 16.06289 43.44722 16.06306 43.44624 16.06373 43.446 16.06395 43.44578 16.06424 43.44543 16.06468 43.44505 16.06524 43.44481 16.06583 43.44478 16.06603 43.44469 16.06721 43.44468 16.06792 43.44472 16.06818 43.44472 16.0686 43.44475 16.06892 43.4448 16.069 43.44492 16.06896 43.44498 16.06902 43.44498 16.06912 43.44493 16.06922 43.44482 16.06919 43.44475 16.06927 43.44474 16.06939 43.44481 16.06979 43.44497 16.07015 43.44513 16.07061 43.44537 16.0716 43.44548 16.07187 43.4456 16.07205 43.44567 16.0722 43.44574 16.07242 43.44577 16.07274 43.44581 16.07292 43.44584 16.07329 43.44584 16.074 43.44574 16.07457 43.44572 16.07509 43.44577 16.07541 43.44582 16.07554 43.44621 16.07604 43.44625 16.07616 43.44625 16.07623 43.44625 16.07631 43.44617 16.07661 43.44589 16.07734 43.4456 16.07805 43.44549 16.07842 43.44526 16.0795 43.44518 16.08005 43.44513 16.08056 43.44501 16.08114 43.44497 16.08185 43.44489 16.08217 43.4448 16.08244 43.44467 16.08266 43.44435 16.08282 43.44406 16.08289 43.44392 16.08282 43.44379 16.08267 43.44362 16.08231 43.44345 16.08212 43.44331 16.08185 43.44309 16.08147 43.44273 16.08099 43.44262 16.08074 43.44244 16.08049 43.44237 16.08044 43.44205 16.08031 43.4416 16.08025 43.44146 16.08013 43.44131 16.0801 43.4412 16.07996 43.44113 16.07996 43.44108 16.07999 43.44101 16.07997 43.44097 16.0799 43.44087 16.0798 43.44074 16.07977 43.44058 16.07967 43.4404 16.07967 43.44031 16.07961 43.44009 16.07963 43.44004 16.07958 43.43997 16.07958 43.43988 16.07968 43.43974 16.07967 43.43963 16.0796 43.43948 16.0796 43.43939 16.07967 43.4393 16.07967 43.43914 16.07984 43.43901 16.07986 43.43894 16.07998 43.43887 16.08008 43.43874 16.08013 43.43867 16.08031 43.43861 16.08033 43.43845 16.08032 43.43832 16.08039 43.43827 16.08057 43.43821 16.08064 43.43813 16.08059 43.43809 16.08064 43.43808 16.08071 43.43801 16.08078 43.43795 16.08082 43.43787 16.0809 43.43773 16.08095 43.4377 16.08102 43.4376 16.08112 43.43747 16.08122 43.43738 16.08122 43.43732 16.08129 43.43731 16.08136 43.43722 16.08147 43.43714 16.08156 43.43705 16.08171 43.43693 16.08188 43.43688 16.08191 43.43684 16.082 43.43683 16.08213 43.43682 16.08219 43.4368 16.08221 43.43676 16.08224 43.43667 16.08233 43.43657 16.08251 43.43654 16.08259 43.43626 16.08298 43.4359 16.08359 43.43575 16.08393 43.43559 16.08458 43.43551 16.08499 43.43545 16.08531 43.43545 16.0857 43.4355 16.0861 43.43552 16.08648 43.43563 16.08702 43.43577 16.08736 43.4362 16.08797 43.43646 16.08864 43.43659 16.08881 43.43675 16.08894 43.43721 16.08914 43.43743 16.08922 43.43779 16.08928 43.43795 16.08938 43.438 16.08946 43.43804 16.08955 43.43804 16.0906 43.43811 16.09075 43.43822 16.09082 43.43829 16.09087 43.43829 16.09092 43.43824 16.09097 43.43815 16.09098 43.43811 16.09102 43.43811 16.09109 43.43817 16.09122 43.4385 16.09211 43.4386 16.09228 43.43871 16.09243 43.43887 16.09256 43.43925 16.09259 43.43945 16.09258 43.4397 16.09255 43.43986 16.09245 43.44005 16.09228 43.44031 16.09194 43.44052 16.09172 43.44083 16.09161 43.44101 16.09149 43.44113 16.09134 43.44123 16.09116 43.44134 16.09102 43.44144 16.09095 43.4417 16.09091 43.44186 16.09078 43.44224 16.09069 43.44242 16.0906 43.44283 16.09053 43.44304 16.09053 43.44323 16.09049 43.44336 16.09049 43.44339 16.09054 43.44346 16.09057 43.44355 16.09054 43.44362 16.09043 43.44368 16.09037 43.44382 16.09038 43.4439 16.09052 43.44393 16.0907 43.44398 16.09077 43.44415 16.0908 43.44424 16.09085 43.44463 16.0913 43.44464 16.09138 43.44464 16.0915 43.4447 16.09158 43.44482 16.09163 43.44488 16.0917 43.44488 16.0918 43.44494 16.09203 43.44514 16.0923 43.44525 16.0926 43.4453 16.09292 43.44538 16.09315 43.44545 16.09347 43.44552 16.09359 43.4457 16.09409 43.4458 16.09461 43.44589 16.09486 43.44596 16.09506 43.44612 16.09561 43.44615 16.0959 43.44616 16.09608 43.44613 16.09625 43.44585 16.09734 43.44584 16.09782 43.44596 16.09817 43.44625 16.0982 43.44647 16.09818 43.44663 16.09809 43.44676 16.09792 43.44683 16.09769 43.44691 16.09703 43.44692 16.09666 43.44687 16.09599 43.44693 16.09574 43.44696 16.0955 43.44704 16.09528 43.44711 16.0951 43.4472 16.09486 43.44726 16.09456 43.44728 16.09407 43.4474 16.09333 43.44756 16.09289 43.44776 16.09248 43.44821 16.09166 43.44833 16.09152 43.44908 16.09035 43.44921 16.09025 43.44932 16.09023 43.44941 16.09018 43.44946 16.09011 43.44955 16.09002 43.44982 16.09036 43.44989 16.09024 43.44957 16.08984 43.44964 16.08969 43.4498 16.08948 43.45009 16.0891 43.45027 16.08931 43.45013 16.08959 43.4502 16.08966 43.45037 16.08937 43.45042 16.08934 43.45048 16.08934 43.45069 16.08959 43.45085 16.08988 43.45092 16.08993 43.45108 16.08996 43.45141 16.08999 43.45168 16.08992 43.45182 16.08991 43.45218 16.0899 43.4527 16.09014 43.45308 16.09018 43.45337 16.09018 43.45362 16.09011 43.45415 16.09002 43.45425 16.0899 43.4544 16.08982 43.45467 16.08958 43.455 16.08917 43.45529 16.08853 43.45537 16.08827 43.45543 16.08796 43.45555 16.08724 43.45554 16.08589 43.45547 16.08551 43.45522 16.08472 43.45512 16.08425 43.45507 16.08398 43.45499 16.08311 43.45497 16.08294 43.4549 16.08257 43.45489 16.08244 43.45485 16.08229 43.45476 16.08187 43.45472 16.08167 43.45468 16.08142 43.45454 16.08123 43.45433 16.08111 43.45424 16.08104 43.45405 16.0807 43.45391 16.08057 43.45382 16.08042 43.45379 16.0802 43.45361 16.0799 43.45351 16.07965 43.45349 16.07948 43.45356 16.07926 43.45391 16.07877 43.45423 16.07836 43.45484 16.07743 43.45502 16.07703 43.45525 16.0767 43.45543 16.07652 43.45556 16.07617 43.45564 16.07591 43.45569 16.07574</gml:posList>
                        </gml:LinearRing>
                      </gml:exterior>
                    </gml:Polygon>
                  </gml:surfaceMember>
                  <gml:surfaceMember>
                    <gml:Polygon gml:id="MEDIA_MONITORED_CILJ_ID_1_CILJ_ID_5_POLUTANT_2_MODEL_246">
                      <gml:exterior>
                        <gml:LinearRing>
                          <gml:posList srsDimension="2">45.44123 14.57911 45.44335 14.57346 45.44621 14.57304 45.44829 14.5728 45.44941 14.57191 45.45143 14.57014 45.45335 14.56851 45.45532 14.56673 45.45706 14.56484 45.45896 14.56259 45.4602 14.56119 45.46455 14.55719 45.46663 14.55523 45.467 14.5549 45.46832 14.55371 45.46594 14.55314 45.46507 14.55275 45.46432 14.55149 45.46312 14.55072 45.46228 14.55057 45.46133 14.55082 45.46044 14.55048 45.45921 14.54983 45.45812 14.5493 45.45733 14.54873 45.45639 14.54834 45.45573 14.54789 45.45505 14.54735 45.45429 14.54667 45.45305 14.54659 45.4519 14.54576 45.45092 14.5453 45.44949 14.54404 45.44919 14.54261 45.4479 14.54195 45.4468 14.54141 45.44607 14.54062 45.44517 14.53985 45.44445 14.53882 45.44339 14.53803 45.44217 14.53773 45.44096 14.53713 45.43984 14.53639 45.43809 14.5351 45.43729 14.53483 45.43691 14.5347 45.43623 14.53465 45.43569 14.53512 45.43547 14.53538 45.43519 14.53542 45.4347 14.53554 45.43441 14.53545 45.43433 14.53513 45.43377 14.53488 45.43318 14.53486 45.43271 14.53498 45.4326 14.53515 45.43212 14.53548 45.43177 14.53564 45.43154 14.53568 45.43106 14.53516 45.43071 14.53474 45.43012 14.53422 45.42935 14.53368 45.4283 14.53311 45.42738 14.53258 45.42662 14.53167 45.42589 14.53036 45.42521 14.52962 45.4243 14.52958 45.4234 14.53006 45.42285 14.52991 45.4223 14.52925 45.42215 14.52817 45.42248 14.52675 45.42223 14.52589 45.4222 14.52577 45.42142 14.52465 45.42057 14.52357 45.42052 14.52258 45.42024 14.52194 45.42005 14.52057 45.41982 14.5197 45.4192 14.51869 45.41925 14.51761 45.41922 14.51759 45.41893 14.51734 45.41876 14.5172 45.41872 14.51716 45.41798 14.51721 45.41712 14.51642 45.41646 14.51614 45.41585 14.51562 45.41517 14.51526 45.41509 14.51495 45.41511 14.51357 45.41509 14.51341 45.41506 14.51322 45.4149 14.51213 45.41436 14.51049 45.41368 14.50951 45.41287 14.50847 45.41247 14.5075 45.41227 14.507 45.41149 14.50631 45.41079 14.50709 45.4103 14.5071 45.40976 14.50627 45.40978 14.50554 45.40988 14.5046 45.40989 14.50452 45.4099 14.50435 45.40995 14.50375 45.40964 14.50384 45.40937 14.50391 45.40871 14.50376 45.408 14.50275 45.40718 14.50192 45.40726 14.50157 45.40721 14.50011 45.40734 14.49855 45.40718 14.49833 45.40675 14.49776 45.40569 14.49749 45.40463 14.49626 45.40423 14.49561 45.40398 14.49532 45.40362 14.4949 45.4034 14.49349 45.40312 14.49228 45.40235 14.49096 45.40171 14.48972 45.40062 14.48871 45.39939 14.48783 45.39823 14.48573 45.39801 14.48527 45.39719 14.48602 45.39658 14.48701 45.39589 14.48786 45.39528 14.48848 45.39514 14.48827 45.39474 14.48871 45.39431 14.48928 45.3937 14.49045 45.39302 14.49136 45.39262 14.49182 45.39232 14.49207 45.39181 14.49248 45.39074 14.49307 45.38967 14.49434 45.38902 14.49502 45.38865 14.49532 45.38782 14.49598 45.38696 14.49651 45.38684 14.49659 45.38555 14.49685 45.38437 14.49712 45.38326 14.49754 45.38172 14.49781 45.38082 14.49799 45.38012 14.49808 45.37983 14.4973 45.37945 14.49673 45.37899 14.49617 45.3787 14.49532 45.37858 14.4945 45.37862 14.49367 45.37864 14.49355 45.37867 14.4934 45.37871 14.49312 45.37834 14.49246 45.37793 14.49199 45.37734 14.49163 45.37647 14.49119 45.37644 14.48981 45.37633 14.48726 45.37618 14.48359 45.37616 14.48283 45.37608 14.48201 45.37551 14.48052 45.37546 14.48035 45.37535 14.48001 45.3751 14.47934 45.37485 14.4787 45.37486 14.47791 45.37485 14.47761 45.37483 14.47727 45.37451 14.47633 45.37511 14.47547 45.37506 14.47537 45.37481 14.47478 45.37437 14.47366 45.37507 14.47302 45.37605 14.47274 45.37689 14.47239 45.37775 14.47196 45.3784 14.47146 45.37888 14.47098 45.37966 14.4705 45.38036 14.47022 45.38081 14.46998 45.3811 14.46982 45.38109 14.46962 45.38106 14.46906 45.38083 14.46824 45.38024 14.46793 45.37977 14.4678 45.37955 14.46769 45.37933 14.46751 45.379 14.46818 45.37876 14.46799 45.37855 14.4682 45.37823 14.46792 45.37833 14.46765 45.37827 14.46732 45.37874 14.46691 45.37876 14.46685 45.3789 14.46634 45.37889 14.46633 45.37889 14.46631 45.37888 14.4663 45.37871 14.46575 45.3788 14.46532 45.37898 14.46495 45.37916 14.46431 45.37956 14.46306 45.37985 14.46185 45.38008 14.46096 45.3801 14.46051 45.38029 14.46027 45.38043 14.4601 45.38053 14.45937 45.38104 14.4587 45.38104 14.45818 45.38103 14.45814 45.38088 14.45766 45.38045 14.45688 45.3797 14.4567 45.37943 14.45637 45.37919 14.45522 45.37899 14.45423 45.37906 14.45319 45.37899 14.45307 45.37878 14.45267 45.37815 14.45208 45.37777 14.45164 45.37846 14.45035 45.37792 14.45015 45.37748 14.44952 45.3774 14.44941 45.37758 14.44884 45.37788 14.44801 45.37587 14.44704 45.37545 14.4465 45.37541 14.44597 45.37542 14.44589 45.37548 14.4453 45.37545 14.44512 45.3754 14.44476 45.37489 14.44454 45.37441 14.44434 45.37417 14.44399 45.37386 14.4435 45.37353 14.44297 45.37355 14.44244 45.3734 14.44202 45.3732 14.44224 45.37282 14.4423 45.37246 14.44221 45.37212 14.44267 45.37185 14.44302 45.37145 14.44301 45.37144 14.44199 45.37132 14.44102 45.37 14.44144 45.36911 14.44171 45.36796 14.44287 45.3672 14.44257 45.36665 14.44243 45.36605 14.44267 45.36559 14.44335 45.36517 14.44379 45.36465 14.44452 45.3643 14.4447 45.3638 14.44508 45.36309 14.44506 45.3622 14.44554 45.36185 14.44599 45.36152 14.4464 45.36107 14.44637 45.36048 14.44606 45.35988 14.44577 45.35931 14.4459 45.35895 14.44638 45.35869 14.44672 45.35812 14.44728 45.35818 14.44794 45.35816 14.44849 45.35832 14.44903 45.35846 14.44943 45.35855 14.45003 45.35857 14.45067 45.35861 14.45117 45.35876 14.45177 45.35883 14.45216 45.35886 14.45252 45.35897 14.45292 45.35951 14.45268 45.35987 14.45258 45.36016 14.45277 45.36053 14.45323 45.36087 14.45371 45.36128 14.45423 45.36145 14.45459 45.36143 14.45483 45.36141 14.45499 45.36133 14.45538 45.36123 14.45581 45.36128 14.45632 45.36135 14.45657 45.36136 14.45662 45.36128 14.45673 45.36093 14.45722 45.36087 14.45732 45.36044 14.45767 45.35988 14.45834 45.35931 14.45898 45.35881 14.45961 45.35823 14.46028 45.35772 14.4608 45.35749 14.46084 45.35729 14.46113 45.357 14.46092 45.35672 14.46073 45.35668 14.4616 45.35663 14.46219 45.35654 14.46294 45.35648 14.46348 45.35667 14.46366 45.35686 14.46362 45.35717 14.46352 45.35743 14.46385 45.35759 14.46427 45.35781 14.4649 45.35819 14.46524 45.35822 14.46568 45.35828 14.4664 45.35831 14.46661 45.35834 14.46678 45.35835 14.46685 45.35836 14.46692 45.35835 14.46714 45.35834 14.46745 45.35832 14.46792 45.35826 14.46857 45.35803 14.46899 45.3574 14.4696 45.35703 14.47007 45.35651 14.47078 45.3562 14.47109 45.3558 14.47136 45.35523 14.47165 45.35479 14.47185 45.35384 14.47227 45.35286 14.47288 45.352 14.47318 45.3512 14.47338 45.35034 14.47347 45.34951 14.47374 45.3494 14.474 45.34925 14.47382 45.34866 14.474 45.34858 14.47382 45.3485 14.47362 45.3482 14.47345 45.34788 14.47343 45.34768 14.47341 45.34676 14.47377 45.34572 14.47409 45.34519 14.47435 45.345 14.47445 45.3448 14.47451 45.34462 14.47472 45.34454 14.4751 45.3446 14.47537 45.3447 14.47574 45.34473 14.47583 45.34476 14.47591 45.34477 14.47591 45.34477 14.47593 45.34477 14.47625 45.34466 14.4763 45.34448 14.47622 45.34432 14.47595 45.34402 14.47555 45.34303 14.47619 45.34204 14.47845 45.34156 14.47961 45.34103 14.48052 45.34025 14.4815 45.33977 14.48223 45.33938 14.48291 45.33905 14.48287 45.33825 14.4829 45.33772 14.48315 45.33696 14.48387 45.33611 14.48444 45.33545 14.48491 45.33474 14.48525 45.33547 14.48641 45.33591 14.48698 45.33634 14.48749 45.33679 14.48803 45.3371 14.48834 45.33749 14.48863 45.33763 14.48892 45.33775 14.48935 45.33802 14.48992 45.33819 14.4905 45.33847 14.49088 45.3389 14.49151 45.33914 14.49201 45.3394 14.49265 45.3396 14.49321 45.33989 14.49408 45.34026 14.49533 45.34103 14.49689 45.34202 14.49909 45.3426 14.5005 45.34318 14.5021 45.34291 14.5024 45.34278 14.50253 45.34264 14.5029 45.3427 14.50333 45.34277 14.50385 45.34291 14.50411 45.34315 14.5044 45.34339 14.50456 45.34364 14.50452 45.34382 14.50429 45.34403 14.5038 45.34463 14.50496 45.34509 14.50596 45.34561 14.50727 45.3462 14.50872 45.34659 14.50963 45.34692 14.51084 45.3472 14.51191 45.34757 14.51264 45.34798 14.51309 45.3485 14.51376 45.34886 14.51424 45.34944 14.51485 45.34983 14.51547 45.35019 14.51589 45.35071 14.51644 45.35173 14.51741 45.3523 14.51815 45.35255 14.51842 45.35306 14.51931 45.35352 14.51965 45.35393 14.5199 45.35434 14.52031 45.35487 14.52063 45.35523 14.52117 45.35537 14.52183 45.35543 14.52272 45.35548 14.52345 45.3555 14.52419 45.35561 14.52457 45.3559 14.52517 45.35625 14.5258 45.35665 14.52641 45.3571 14.52692 45.35755 14.52755 45.35782 14.52824 45.35804 14.52912 45.35846 14.53032 45.35859 14.53126 45.35901 14.53246 45.35908 14.53304 45.35953 14.53444 45.36001 14.53574 45.36012 14.53677 45.36023 14.53792 45.36039 14.53889 45.36044 14.53924 45.36048 14.53948 45.36052 14.53969 45.36038 14.54012 45.36026 14.5405 45.36017 14.54079 45.36 14.54178 45.35963 14.54335 45.35947 14.54496 45.35869 14.54605 45.35888 14.54746 45.35956 14.5488 45.35962 14.54933 45.35966 14.5497 45.35962 14.54996 45.35958 14.55023 45.35939 14.55131 45.35876 14.55196 45.35852 14.55306 45.35898 14.55477 45.35963 14.55618 45.36026 14.55732 45.36089 14.55821 45.36152 14.55902 45.36242 14.56063 45.36266 14.56148 45.36351 14.56299 45.3639 14.5639 45.36524 14.56653 45.36705 14.57031 45.3676 14.57146 45.36852 14.57318 45.37011 14.57507 45.37087 14.5773 45.37109 14.57859 45.37194 14.57977 45.37204 14.58051 45.37282 14.58118 45.37281 14.58126 45.37277 14.58162 45.37257 14.58311 45.37246 14.58403 45.37287 14.58548 45.37328 14.58668 45.37368 14.5875 45.37453 14.58812 45.3751 14.58835 45.37549 14.58873 45.37594 14.58918 45.37597 14.58921 45.37609 14.58933 45.37616 14.5894 45.37585 14.59008 45.37601 14.59101 45.37631 14.59199 45.3767 14.59283 45.37755 14.59376 45.37812 14.59444 45.37841 14.59546 45.37945 14.59622 45.38009 14.59634 45.38069 14.59654 45.38112 14.59708 45.38157 14.59764 45.38186 14.59743 45.38247 14.59785 45.38313 14.59713 45.38353 14.59692 45.38472 14.59754 45.38672 14.59857 45.39465 14.60258 45.40232 14.60647 45.41167 14.61126 45.42105 14.61609 45.43038 14.62081 45.43126 14.62126 45.42968 14.60904 45.43273 14.59035 45.43409 14.58666 45.43421 14.58632 45.43425 14.58623 45.43414 14.58565 45.44123 14.57911</gml:posList>
                        </gml:LinearRing>
                      </gml:exterior>
                    </gml:Polygon>
                  </gml:surfaceMember>
                  <gml:surfaceMember>
                    <gml:Polygon gml:id="MEDIA_MONITORED_CILJ_ID_1_CILJ_ID_5_POLUTANT_2_MODEL_247">
                      <gml:exterior>
                        <gml:LinearRing>
                          <gml:posList srsDimension="2">45.40033 14.37011 45.40059 14.37003 45.40085 14.36995 45.40094 14.36993 45.40094 14.36958 45.40082 14.3696 45.40012 14.36906 45.3998 14.3679 45.39981 14.36714 45.39958 14.36638 45.39995 14.36506 45.40011 14.36428 45.40021 14.3639 45.40033 14.3635 45.40046 14.36304 45.40038 14.3627 45.40036 14.36259 45.40027 14.36219 45.40031 14.36115 45.40055 14.35997 45.4004 14.35964 45.4001 14.35896 45.40015 14.35821 45.39995 14.35806 45.39981 14.35795 45.3995 14.35772 45.39865 14.35802 45.39858 14.35724 45.39895 14.35679 45.39923 14.35645 45.39899 14.35549 45.39932 14.35461 45.39902 14.35361 45.39839 14.3537 45.39769 14.35355 45.39692 14.35344 45.3962 14.35335 45.39547 14.35326 45.39476 14.35318 45.39397 14.35285 45.39362 14.35198 45.39395 14.35094 45.39338 14.35097 45.39304 14.35 45.39252 14.34927 45.39218 14.34824 45.39287 14.3471 45.39281 14.34665 45.39278 14.34637 45.39259 14.34544 45.39326 14.34423 45.39331 14.34347 45.39332 14.34323 45.39305 14.34326 45.39287 14.34328 45.39281 14.34328 45.39246 14.34332 45.39157 14.34376 45.39102 14.34364 45.39069 14.34279 45.38984 14.34249 45.38947 14.3414 45.38886 14.34139 45.38815 14.3413 45.38741 14.34173 45.38703 14.34094 45.38651 14.34081 45.38588 14.34034 45.38524 14.3394 45.38454 14.33895 45.38444 14.33875 45.38399 14.33791 45.38367 14.33745 45.38325 14.33719 45.38293 14.337 45.3822 14.33503 45.38161 14.33352 45.38088 14.33188 45.38049 14.33204 45.38023 14.33149 45.37979 14.33126 45.37929 14.33127 45.37885 14.33073 45.37841 14.33003 45.3776 14.32886 45.37739 14.3279 45.37699 14.3272 45.37667 14.32723 45.37614 14.32729 45.37566 14.32686 45.37532 14.32654 45.3753 14.32652 45.37457 14.32617 45.37424 14.32597 45.37375 14.32598 45.37328 14.32587 45.37259 14.32594 45.37216 14.32573 45.37199 14.32564 45.37187 14.32498 45.37094 14.32472 45.37013 14.32448 45.36964 14.32479 45.36928 14.32508 45.36906 14.32525 45.36907 14.32527 45.37006 14.32654 45.36994 14.32748 45.36964 14.32753 45.36921 14.32764 45.36892 14.32763 45.36857 14.32748 45.36853 14.32785 45.36847 14.32839 45.36839 14.32903 45.36851 14.32947 45.36853 14.33005 45.36878 14.33066 45.36883 14.33096 45.36887 14.33121 45.36874 14.33142 45.36846 14.33185 45.36853 14.33227 45.36844 14.33252 45.3683 14.3329 45.36799 14.33322 45.36792 14.33373 45.36828 14.33475 45.36819 14.33524 45.36813 14.33587 45.36835 14.33705 45.36836 14.3371 45.36837 14.33722 45.36839 14.33729 45.36842 14.3375 45.36829 14.33835 45.36813 14.33923 45.36798 14.34045 45.36792 14.341 45.36768 14.34187 45.36779 14.34217 45.36776 14.34271 45.36775 14.34274 45.36754 14.34299 45.36746 14.34382 45.3675 14.34382 45.36762 14.34383 45.36775 14.34387 45.36785 14.34389 45.36786 14.34392 45.36786 14.34394 45.3679 14.3441 45.36779 14.34434 45.3677 14.34454 45.36743 14.3443 45.36731 14.3442 45.36724 14.34414 45.36718 14.34392 45.36678 14.34395 45.36648 14.34292 45.36625 14.34276 45.36592 14.34219 45.36566 14.34097 45.36546 14.34026 45.36525 14.33935 45.36544 14.33859 45.36542 14.33851 45.36529 14.33807 45.36528 14.33804 45.36503 14.33765 45.36487 14.3375 45.36476 14.33798 45.36441 14.33813 45.36422 14.33791 45.36383 14.33766 45.36325 14.33741 45.36248 14.33755 45.36163 14.33752 45.36106 14.33755 45.36018 14.3376 45.35996 14.33802 45.35972 14.33846 45.35893 14.34033 45.35727 14.34362 45.35651 14.34544 45.35567 14.34715 45.35523 14.34807 45.35497 14.34887 45.35499 14.34962 45.35479 14.35062 45.35464 14.35167 45.35463 14.3527 45.35435 14.3537 45.35402 14.35452 45.35372 14.35493 45.35333 14.35566 45.35265 14.35709 45.35308 14.35701 45.3536 14.35682 45.35407 14.35678 45.35501 14.35672 45.3551 14.35665 45.35555 14.35633 45.35573 14.35615 45.35601 14.35595 45.35632 14.35578 45.35677 14.35585 45.35732 14.35598 45.3577 14.35598 45.35824 14.35593 45.3586 14.35597 45.35881 14.35606 45.35893 14.3561 45.35904 14.35624 45.35905 14.35625 45.35916 14.35653 45.35916 14.35658 45.35917 14.35665 45.35918 14.35675 45.35919 14.35685 45.35917 14.35699 45.35914 14.35718 45.35896 14.35737 45.3588 14.35758 45.35864 14.35771 45.35879 14.35818 45.35912 14.35805 45.35913 14.35821 45.35934 14.35826 45.35952 14.35829 45.35962 14.35831 45.35958 14.35838 45.35956 14.35841 45.3595 14.35853 45.35926 14.35877 45.35891 14.35882 45.35864 14.35895 45.35831 14.35932 45.35826 14.3596 45.35841 14.36005 45.35855 14.36017 45.35863 14.36025 45.35898 14.36059 45.35926 14.36096 45.35936 14.36111 45.35943 14.36121 45.35934 14.36156 45.35942 14.36172 45.35974 14.36238 45.3596 14.36259 45.35938 14.36292 45.35934 14.36351 45.35923 14.36391 45.35922 14.36452 45.35927 14.36485 45.35931 14.36517 45.35931 14.36524 45.35926 14.36573 45.35922 14.36627 45.35968 14.36675 45.36004 14.36733 45.36036 14.36756 45.36094 14.3677 45.36096 14.36794 45.36096 14.36795 45.36097 14.36796 45.36094 14.36807 45.36089 14.36828 45.36091 14.36848 45.36128 14.36871 45.36174 14.36884 45.36209 14.36935 45.36241 14.36987 45.36258 14.37011 45.36287 14.37032 45.36317 14.37013 45.36347 14.3696 45.36371 14.36911 45.36367 14.36954 45.36377 14.36987 45.36402 14.37041 45.36424 14.3704 45.36429 14.37024 45.3645 14.36991 45.36512 14.36943 45.36537 14.36905 45.36569 14.3688 45.36577 14.36847 45.36599 14.36808 45.36613 14.36822 45.36658 14.36836 45.36709 14.36843 45.36744 14.36837 45.36854 14.36787 45.36911 14.3677 45.36945 14.36784 45.3697 14.36773 45.36993 14.3674 45.37133 14.36708 45.3717 14.36808 45.37219 14.36705 45.3735 14.36728 45.37424 14.36735 45.37514 14.36723 45.37547 14.36722 45.37597 14.36778 45.37666 14.36734 45.37794 14.36668 45.37858 14.36647 45.37884 14.36614 45.37968 14.3655 45.38005 14.36494 45.38055 14.36436 45.38091 14.36377 45.38157 14.36345 45.38154 14.36558 45.38201 14.36617 45.3823 14.36663 45.38241 14.36683 45.38242 14.36759 45.38254 14.3685 45.38262 14.36952 45.38287 14.37031 45.38315 14.37097 45.38353 14.37137 45.38415 14.37161 45.38458 14.37099 45.38484 14.37063 45.38519 14.37093 45.38577 14.37137 45.3866 14.37145 45.38695 14.37144 45.38731 14.37133 45.38745 14.37065 45.38758 14.37001 45.38785 14.36969 45.38817 14.36941 45.38839 14.3693 45.38844 14.36971 45.38853 14.36998 45.38882 14.3703 45.38931 14.37029 45.3898 14.37036 45.38981 14.37102 45.39003 14.37099 45.39027 14.37157 45.39036 14.37217 45.39077 14.37275 45.3915 14.37268 45.39202 14.3727 45.39231 14.37235 45.39236 14.37176 45.39241 14.37108 45.39294 14.37087 45.39326 14.37084 45.39371 14.37117 45.39408 14.37165 45.39437 14.37203 45.39542 14.37228 45.39599 14.37219 45.39665 14.37231 45.39721 14.37219 45.39733 14.37167 45.39741 14.37127 45.39778 14.3711 45.39822 14.37099 45.39857 14.37108 45.3989 14.37077 45.39966 14.37041 45.40033 14.37011</gml:posList>
                        </gml:LinearRing>
                      </gml:exterior>
                    </gml:Polygon>
                  </gml:surfaceMember>
                  <gml:surfaceMember>
                    <gml:Polygon gml:id="MEDIA_MONITORED_CILJ_ID_1_CILJ_ID_5_POLUTANT_2_MODEL_248">
                      <gml:exterior>
                        <gml:LinearRing>
                          <gml:posList srsDimension="2">45.29972 14.27616 45.29998 14.27571 45.30024 14.27536 45.30052 14.27509 45.30074 14.27486 45.30109 14.27468 45.30171 14.27086 45.30359 14.27088 45.30427 14.27089 45.30446 14.27054 45.30396 14.27019 45.30359 14.26953 45.30328 14.26848 45.30226 14.26791 45.30127 14.26738 45.30058 14.26667 45.30035 14.26646 45.30009 14.26623 45.29987 14.2659 45.29952 14.2655 45.29809 14.26471 45.29752 14.26459 45.29699 14.2644 45.29736 14.26279 45.29753 14.26189 45.29767 14.26081 45.29767 14.26005 45.29767 14.25965 45.29761 14.25893 45.29758 14.25862 45.29757 14.25854 45.29739 14.25741 45.2975 14.25668 45.29749 14.25631 45.29748 14.25604 45.29746 14.25522 45.29733 14.25407 45.29736 14.252 45.29716 14.2508 45.29711 14.25049 45.29706 14.24995 45.29713 14.24903 45.2973 14.24837 45.29765 14.24667 45.29768 14.24553 45.29772 14.24521 45.29734 14.24507 45.29508 14.24423 45.29527 14.24283 45.29533 14.24211 45.29532 14.23977 45.29536 14.23901 45.29545 14.23537 45.2957 14.23347 45.29579 14.23214 45.2961 14.23009 45.29629 14.22904 45.29634 14.22827 45.2965 14.22721 45.29664 14.22669 45.29684 14.22616 45.29709 14.22608 45.29753 14.22608 45.298 14.22622 45.29951 14.22685 45.30011 14.22692 45.3002 14.22675 45.3003 14.22645 45.30054 14.22607 45.30081 14.22547 45.3011 14.22461 45.30157 14.22351 45.30232 14.221 45.30257 14.22068 45.30273 14.22027 45.30282 14.21999 45.30284 14.21857 45.30285 14.21843 45.30288 14.21805 45.30289 14.21793 45.30289 14.21791 45.30287 14.21774 45.30284 14.21755 45.30283 14.21745 45.3028 14.2164 45.3028 14.2163 45.30283 14.2155 45.30289 14.21406 45.30288 14.21401 45.30287 14.21393 45.30277 14.21305 45.30276 14.2118 45.30284 14.21088 45.30177 14.20968 45.30137 14.209 45.30011 14.20726 45.29956 14.20665 45.29895 14.20577 45.29775 14.2044 45.29735 14.2043 45.29669 14.20434 45.29594 14.20417 45.29527 14.20411 45.29336 14.20406 45.29251 14.20386 45.29194 14.20388 45.29129 14.20384 45.291 14.20371 45.29066 14.20372 45.29025 14.20361 45.28939 14.20358 45.28853 14.2034 45.28821 14.20324 45.28769 14.20308 45.28615 14.20206 45.28505 14.2019 45.28374 14.20175 45.28268 14.20154 45.28037 14.2012 45.27961 14.20129 45.27896 14.20101 45.27841 14.20086 45.27777 14.19991 45.27683 14.1986 45.27628 14.19755 45.27592 14.19704 45.27529 14.19702 45.27503 14.19711 45.27478 14.19718 45.27474 14.19721 45.27451 14.19736 45.27408 14.19769 45.27393 14.19781 45.27387 14.19788 45.27374 14.19804 45.27372 14.19816 45.27369 14.19833 45.27353 14.19874 45.27346 14.19915 45.27323 14.19969 45.27307 14.19986 45.27305 14.19988 45.27269 14.20013 45.27232 14.20025 45.27225 14.20027 45.27208 14.20033 45.27198 14.20045 45.27195 14.20049 45.2719 14.20059 45.27183 14.20076 45.27168 14.20108 45.27162 14.20112 45.27143 14.20126 45.2713 14.20132 45.27122 14.20136 45.27117 14.20141 45.27106 14.20153 45.27075 14.20198 45.27058 14.20223 45.27029 14.20271 45.26998 14.20323 45.26994 14.20329 45.26977 14.20352 45.26941 14.20382 45.26929 14.20397 45.26918 14.2041 45.26905 14.20424 45.26899 14.20453 45.26897 14.20474 45.26896 14.2049 45.2691 14.20724 45.26913 14.2076 45.26939 14.20885 45.26963 14.20953 45.26975 14.21014 45.27015 14.21127 45.27041 14.21237 45.27128 14.2151 45.27129 14.21512 45.2713 14.21517 45.27134 14.21534 45.27155 14.21631 45.2717 14.21744 45.27185 14.21815 45.27189 14.2193 45.27189 14.21946 45.2719 14.21991 45.27192 14.22057 45.2719 14.22074 45.27188 14.22093 45.27186 14.22231 45.27169 14.2235 45.27162 14.22449 45.27151 14.22541 45.27124 14.22656 45.27127 14.22696 45.27125 14.22697 45.27121 14.22701 45.27098 14.2272 45.27089 14.22727 45.27078 14.22737 45.26954 14.2283 45.2687 14.22932 45.26821 14.22985 45.26767 14.23023 45.26734 14.23063 45.26708 14.23104 45.2668 14.23132 45.26601 14.23231 45.26562 14.23307 45.26517 14.23384 45.26467 14.23575 45.26412 14.23835 45.2641 14.23923 45.2641 14.23925 45.2641 14.23941 45.26413 14.24007 45.2641 14.24022 45.2641 14.24026 45.26409 14.24032 45.26396 14.24117 45.26394 14.24131 45.2637 14.24239 45.26356 14.24301 45.26302 14.24479 45.2628 14.24524 45.26269 14.24601 45.26246 14.24663 45.26234 14.24721 45.2621 14.24766 45.26193 14.24818 45.26162 14.24899 45.26107 14.24989 45.2608 14.25047 45.26071 14.25131 45.26047 14.25256 45.26044 14.2534 45.26045 14.25362 45.26047 14.25418 45.26049 14.25441 45.26048 14.25462 45.26046 14.25498 45.26059 14.25655 45.26074 14.25727 45.2608 14.25779 45.26094 14.2584 45.26095 14.25843 45.26095 14.25845 45.26096 14.25846 45.26097 14.25853 45.26107 14.25876 45.26118 14.25997 45.26135 14.26042 45.26266 14.26153 45.26331 14.26194 45.26402 14.26248 45.26417 14.2626 45.26428 14.2627 45.26471 14.26307 45.26474 14.26309 45.26477 14.26335 45.26479 14.26349 45.26479 14.26373 45.26474 14.2642 45.26464 14.26522 45.26471 14.26531 45.26476 14.26549 45.26477 14.26625 45.26479 14.26648 45.26484 14.2667 45.26501 14.26732 45.26501 14.26755 45.26507 14.26766 45.26517 14.26778 45.26528 14.26807 45.26548 14.26846 45.26552 14.26884 45.26558 14.26898 45.2657 14.26922 45.26576 14.2695 45.26589 14.26983 45.26605 14.27003 45.2665 14.27033 45.2667 14.27064 45.26683 14.27097 45.26694 14.27112 45.26708 14.27122 45.26726 14.27122 45.26744 14.27111 45.26755 14.27102 45.26763 14.27085 45.26764 14.27068 45.26765 14.27052 45.26773 14.27032 45.26787 14.27011 45.26796 14.26981 45.26801 14.26958 45.26806 14.26942 45.26814 14.26929 45.26826 14.26922 45.26878 14.26923 45.26898 14.26926 45.26946 14.2693 45.26968 14.26939 45.26983 14.26942 45.27006 14.26949 45.27026 14.26952 45.27044 14.26957 45.2708 14.26973 45.27109 14.26997 45.27134 14.27022 45.27145 14.27036 45.27149 14.27047 45.27151 14.27062 45.27151 14.27081 45.27148 14.27099 45.27135 14.27132 45.27127 14.27148 45.27116 14.27162 45.27102 14.27126 45.27093 14.27134 45.27101 14.2717 45.27099 14.27181 45.27137 14.27189 45.27143 14.27191 45.27151 14.27201 45.27159 14.27241 45.27169 14.27259 45.27175 14.27269 45.27188 14.27271 45.27196 14.27269 45.27202 14.27266 45.27209 14.27252 45.27217 14.27245 45.27227 14.27247 45.27233 14.27255 45.27281 14.27255 45.27288 14.27254 45.27295 14.27249 45.27315 14.27221 45.27333 14.27211 45.2735 14.27208 45.27369 14.2722 45.27388 14.27238 45.27418 14.27248 45.27424 14.27253 45.27443 14.27255 45.27471 14.27276 45.27481 14.27278 45.27598 14.27276 45.27627 14.2728 45.27654 14.27291 45.27694 14.27311 45.2773 14.27328 45.27749 14.27328 45.27759 14.27325 45.27787 14.27295 45.27809 14.27284 45.27827 14.27283 45.27836 14.27288 45.27851 14.27301 45.27858 14.27301 45.2787 14.27283 45.27881 14.2728 45.27895 14.27295 45.27904 14.27298 45.27926 14.27282 45.27939 14.27279 45.27973 14.27279 45.28018 14.27286 45.28023 14.27283 45.28059 14.27258 45.28062 14.27254 45.28068 14.27255 45.28075 14.27268 45.28084 14.27267 45.28095 14.27265 45.28104 14.27257 45.28111 14.27257 45.28117 14.27264 45.28124 14.27275 45.28154 14.27268 45.28162 14.27269 45.28169 14.27274 45.28181 14.27283 45.28185 14.27289 45.28184 14.273 45.28189 14.27307 45.28204 14.27317 45.28207 14.27319 45.28214 14.27321 45.28223 14.27317 45.28232 14.27319 45.28241 14.27328 45.28252 14.27344 45.28267 14.27354 45.28283 14.27352 45.28292 14.27344 45.283 14.27328 45.28307 14.27312 45.28311 14.27305 45.28318 14.27308 45.28326 14.27326 45.28339 14.27337 45.2835 14.27342 45.28363 14.2734 45.28387 14.27335 45.28398 14.27342 45.28407 14.27356 45.28411 14.27358 45.28417 14.27359 45.28425 14.27357 45.28438 14.2736 45.28454 14.27365 45.28472 14.27372 45.28495 14.27369 45.2851 14.27356 45.28542 14.27355 45.28562 14.27353 45.2857 14.27358 45.28582 14.27373 45.28592 14.27376 45.28599 14.27375 45.28607 14.27381 45.28618 14.27391 45.2863 14.2739 45.28636 14.27383 45.28637 14.27375 45.28639 14.27365 45.28649 14.2735 45.28662 14.27347 45.28676 14.27349 45.2869 14.27357 45.287 14.27367 45.28707 14.27383 45.28711 14.27405 45.28715 14.27421 45.28717 14.27428 45.28719 14.27438 45.28715 14.27458 45.28718 14.27468 45.2873 14.27483 45.28739 14.27506 45.28752 14.27514 45.28779 14.27519 45.28786 14.27525 45.28791 14.27533 45.28792 14.27535 45.288 14.27536 45.28813 14.27533 45.28823 14.27538 45.28833 14.27543 45.28846 14.27555 45.28858 14.27556 45.28871 14.27568 45.28889 14.27573 45.28905 14.27596 45.28911 14.27599 45.28923 14.27598 45.28932 14.27606 45.28941 14.27606 45.28948 14.27601 45.2897 14.27603 45.28991 14.27634 45.29005 14.27635 45.2901 14.27638 45.29016 14.27644 45.29017 14.27654 45.29021 14.27669 45.29027 14.27679 45.29036 14.27693 45.29044 14.27711 45.29048 14.27727 45.29051 14.27744 45.29051 14.27757 45.29044 14.27774 45.29032 14.27791 45.2902 14.27803 45.29007 14.27808 45.28991 14.2781 45.28978 14.27809 45.28966 14.27809 45.28967 14.27829 45.29053 14.27827 45.29056 14.27865 45.29056 14.2787 45.29117 14.27865 45.29118 14.27829 45.29111 14.27828 45.29111 14.27815 45.29118 14.27815 45.29118 14.27802 45.29112 14.27789 45.29112 14.27739 45.29114 14.27738 45.29118 14.2774 45.29123 14.27742 45.29142 14.27759 45.29125 14.27779 45.29132 14.27793 45.29146 14.27777 45.29184 14.27774 45.29197 14.2777 45.29218 14.27757 45.29238 14.27751 45.29254 14.27756 45.2927 14.27755 45.29278 14.2776 45.29284 14.2777 45.29294 14.27765 45.29297 14.2777 45.29296 14.27776 45.29288 14.2778 45.29286 14.27793 45.29292 14.278 45.29299 14.278 45.29313 14.27792 45.29324 14.27792 45.2933 14.27789 45.29336 14.27781 45.29343 14.27769 45.29348 14.27752 45.29376 14.2774 45.29399 14.27756 45.29416 14.27753 45.29432 14.2775 45.29455 14.27747 45.29471 14.27752 45.29491 14.27752 45.29518 14.27751 45.29541 14.27748 45.29558 14.27738 45.29577 14.27735 45.29588 14.27724 45.29597 14.27715 45.2961 14.27717 45.29628 14.27727 45.29676 14.27727 45.29707 14.27721 45.2972 14.27729 45.29732 14.27749 45.2974 14.27754 45.2977 14.27753 45.29795 14.27776 45.29802 14.27793 45.29828 14.27827 45.29832 14.27837 45.29834 14.27855 45.2983 14.27889 45.29834 14.27905 45.29838 14.27909 45.29841 14.27916 45.29841 14.27923 45.29843 14.27937 45.29849 14.27954 45.29867 14.27974 45.29881 14.27974 45.29887 14.27962 45.29894 14.27958 45.29898 14.27961 45.29901 14.27976 45.2991 14.27982 45.29913 14.27992 45.29908 14.28 45.29908 14.28007 45.29912 14.28012 45.29936 14.28014 45.29947 14.28023 45.29955 14.28037 45.29963 14.28057 45.29967 14.2808 45.29976 14.28098 45.29994 14.28102 45.30017 14.28089 45.30026 14.28089 45.30039 14.28104 45.30055 14.28129 45.30084 14.28163 45.30109 14.28183 45.30163 14.28201 45.30167 14.28172 45.30176 14.28135 45.30212 14.28042 45.30221 14.27986 45.30212 14.27968 45.30206 14.27956 45.30137 14.27925 45.3007 14.27909 45.30047 14.27881 45.30028 14.2785 45.30008 14.27798 45.29999 14.27771 45.29985 14.27726 45.29988 14.27714 45.30007 14.27705 45.30008 14.27698 45.30009 14.27692 45.30009 14.27687 45.30009 14.27682 45.30003 14.27663 45.29974 14.27654 45.29967 14.27641 45.29972 14.27616</gml:posList>
                        </gml:LinearRing>
                      </gml:exterior>
                    </gml:Polygon>
                  </gml:surfaceMember>
                  <gml:surfaceMember>
                    <gml:Polygon gml:id="MEDIA_MONITORED_CILJ_ID_1_CILJ_ID_5_POLUTANT_2_MODEL_249">
                      <gml:exterior>
                        <gml:LinearRing>
                          <gml:posList srsDimension="2">45.39075 14.20201 45.39154 14.19325 45.39166 14.1917 45.39187 14.1902 45.39208 14.18875 45.38889 14.18568 45.38577 14.18253 45.38374 14.18366 45.37875 14.18582 45.37686 14.18653 45.37679 14.18655 45.37672 14.18712 45.37658 14.18786 45.37394 14.1927 45.3727 14.1958 45.37118 14.19922 45.37006 14.20194 45.36873 14.20256 45.3678 14.20266 45.35747 14.20332 45.34762 14.20385 45.3465 14.20397 45.34579 14.20448 45.34397 14.20521 45.34215 14.20583 45.33948 14.20736 45.33562 14.20992 45.33255 14.21226 45.32872 14.21459 45.32735 14.21525 45.32759 14.21306 45.32814 14.21017 45.32879 14.20607 45.32895 14.20432 45.32884 14.20322 45.3282 14.20214 45.32698 14.2004 45.32455 14.19623 45.32372 14.1953 45.32324 14.19513 45.32231 14.19479 45.32119 14.19449 45.31844 14.19408 45.31801 14.1938 45.31767 14.19344 45.31686 14.19228 45.31622 14.1911 45.31553 14.19052 45.31317 14.18916 45.31274 14.18853 45.31162 14.18793 45.3093 14.18703 45.30755 14.18661 45.30611 14.18606 45.30371 14.18598 45.30179 14.18632 45.29985 14.18635 45.29891 14.18653 45.29665 14.18705 45.29514 14.18735 45.29372 14.18819 45.29266 14.18876 45.29201 14.18906 45.29103 14.18915 45.28954 14.18901 45.28817 14.18867 45.28559 14.18793 45.28508 14.1877 45.28413 14.18818 45.28307 14.18834 45.28213 14.18839 45.2817 14.1886 45.28036 14.18947 45.27797 14.19116 45.2759 14.1927 45.27522 14.19343 45.27504 14.19347 45.27504 14.19403 45.27504 14.19454 45.275 14.19479 45.27507 14.19535 45.27519 14.19568 45.27527 14.19616 45.27547 14.19651 45.2756 14.19667 45.27569 14.19677 45.27587 14.19698 45.27592 14.19704 45.27628 14.19755 45.27683 14.1986 45.27777 14.19991 45.27841 14.20086 45.27896 14.20101 45.27961 14.20129 45.28037 14.2012 45.28268 14.20154 45.28374 14.20175 45.28505 14.2019 45.28615 14.20206 45.28769 14.20308 45.28821 14.20324 45.28853 14.2034 45.28939 14.20358 45.29025 14.20361 45.29066 14.20372 45.291 14.20371 45.29129 14.20384 45.29194 14.20388 45.29251 14.20386 45.29336 14.20406 45.29527 14.20411 45.29594 14.20417 45.29669 14.20434 45.29735 14.2043 45.29775 14.2044 45.29895 14.20577 45.29956 14.20665 45.30011 14.20726 45.30137 14.209 45.30177 14.20968 45.30284 14.21088 45.30276 14.2118 45.30277 14.21305 45.30287 14.21393 45.30288 14.21401 45.30289 14.21406 45.30283 14.2155 45.3028 14.2163 45.3028 14.2164 45.30283 14.21745 45.30284 14.21755 45.30287 14.21774 45.30289 14.21791 45.30289 14.21793 45.30288 14.21805 45.30285 14.21843 45.30284 14.21857 45.30282 14.21999 45.30273 14.22027 45.30257 14.22068 45.30232 14.221 45.30157 14.22351 45.3011 14.22461 45.30081 14.22547 45.30054 14.22607 45.3003 14.22645 45.3002 14.22675 45.30011 14.22692 45.29951 14.22685 45.298 14.22622 45.29753 14.22608 45.29709 14.22608 45.29684 14.22616 45.29664 14.22669 45.2965 14.22721 45.29634 14.22827 45.29629 14.22904 45.2961 14.23009 45.29579 14.23214 45.2957 14.23347 45.29545 14.23537 45.29536 14.23901 45.29532 14.23977 45.29533 14.24211 45.29527 14.24283 45.29508 14.24423 45.29734 14.24507 45.29772 14.24521 45.29768 14.24553 45.29765 14.24667 45.2973 14.24837 45.29713 14.24903 45.29706 14.24995 45.29711 14.25049 45.29716 14.2508 45.29736 14.252 45.29733 14.25407 45.29746 14.25522 45.29748 14.25604 45.29749 14.25631 45.2975 14.25668 45.29739 14.25741 45.29757 14.25854 45.29758 14.25862 45.29761 14.25893 45.29767 14.25965 45.29767 14.26005 45.29767 14.26081 45.29753 14.26189 45.29736 14.26279 45.29699 14.2644 45.29752 14.26459 45.29809 14.26471 45.29952 14.2655 45.29987 14.2659 45.30009 14.26623 45.30035 14.26646 45.30058 14.26667 45.30127 14.26738 45.30226 14.26791 45.30328 14.26848 45.30359 14.26953 45.30396 14.27019 45.30446 14.27054 45.30427 14.27089 45.30359 14.27088 45.30171 14.27086 45.30109 14.27468 45.30074 14.27486 45.30052 14.27509 45.30024 14.27536 45.29998 14.27571 45.29972 14.27616 45.29967 14.27641 45.29974 14.27654 45.30003 14.27663 45.30009 14.27682 45.30009 14.27687 45.30009 14.27692 45.30008 14.27698 45.30007 14.27705 45.29988 14.27714 45.29985 14.27726 45.29999 14.27771 45.30008 14.27798 45.30028 14.2785 45.30047 14.27881 45.3007 14.27909 45.30137 14.27925 45.30206 14.27956 45.30212 14.27968 45.30221 14.27986 45.30212 14.28042 45.30176 14.28135 45.30167 14.28172 45.30163 14.28201 45.30174 14.28205 45.30183 14.28205 45.30205 14.28194 45.30225 14.28196 45.30241 14.28209 45.30257 14.28227 45.30297 14.28272 45.30317 14.28285 45.30335 14.28286 45.30349 14.28274 45.30382 14.28248 45.30399 14.28227 45.3041 14.28212 45.3043 14.28186 45.30482 14.28142 45.30507 14.28123 45.30553 14.28112 45.30571 14.28109 45.30591 14.28112 45.306 14.28122 45.30619 14.28159 45.30572 14.28188 45.30578 14.28207 45.30624 14.28179 45.30627 14.28185 45.30649 14.28228 45.30638 14.28252 45.30617 14.28288 45.30613 14.28298 45.306 14.28336 45.30599 14.28352 45.30598 14.28372 45.30602 14.28388 45.30617 14.28416 45.3066 14.28482 45.30682 14.28522 45.30695 14.28537 45.30749 14.28567 45.30789 14.28605 45.30827 14.2863 45.3085 14.28635 45.30904 14.28634 45.30938 14.28651 45.30965 14.28653 45.30982 14.28671 45.31052 14.2871 45.31055 14.28691 45.30996 14.28655 45.3099 14.28649 45.30994 14.28636 45.31003 14.28613 45.31006 14.28602 45.31021 14.28602 45.31037 14.28603 45.31046 14.28616 45.31061 14.28617 45.31069 14.28612 45.31077 14.28612 45.31081 14.28617 45.3107 14.28642 45.31079 14.28649 45.31089 14.28624 45.31101 14.28625 45.31111 14.28628 45.31126 14.2863 45.3114 14.28621 45.31149 14.28612 45.31213 14.28614 45.31229 14.28619 45.31245 14.28624 45.31252 14.2863 45.31304 14.28671 45.31335 14.28705 45.31352 14.28726 45.31361 14.28752 45.31366 14.28779 45.31366 14.28792 45.31373 14.28804 45.31384 14.28805 45.31395 14.28799 45.31411 14.28801 45.31418 14.28811 45.31429 14.28842 45.31449 14.28857 45.31456 14.28867 45.31467 14.28895 45.31469 14.2891 45.3148 14.28936 45.31504 14.28966 45.31518 14.28971 45.31529 14.28978 45.3154 14.28991 45.31542 14.29024 45.31551 14.29039 45.31562 14.29047 45.31587 14.29044 45.31598 14.29049 45.31624 14.29074 45.31657 14.29089 45.31668 14.29097 45.31686 14.29119 45.31712 14.29139 45.31726 14.29147 45.31755 14.29147 45.3178 14.29151 45.31815 14.29187 45.31843 14.29194 45.31851 14.29196 45.31869 14.29211 45.31876 14.29222 45.31885 14.29244 45.31887 14.2928 45.31893 14.29295 45.31898 14.29303 45.31909 14.29333 45.31921 14.29346 45.31929 14.29361 45.3193 14.29378 45.31926 14.29392 45.31908 14.29418 45.31906 14.29441 45.31894 14.29459 45.31894 14.29487 45.31881 14.2951 45.31881 14.29528 45.31891 14.2954 45.31901 14.29545 45.31907 14.29553 45.31906 14.29564 45.31904 14.29569 45.31903 14.29581 45.31914 14.29592 45.31943 14.29614 45.31956 14.29631 45.31961 14.29651 45.31963 14.29692 45.31976 14.29723 45.32008 14.29757 45.32038 14.29796 45.32078 14.29821 45.32128 14.29828 45.32141 14.29832 45.32168 14.29835 45.32181 14.29843 45.32193 14.29858 45.32202 14.29861 45.32224 14.29855 45.32233 14.29857 45.32238 14.29868 45.32238 14.29888 45.32247 14.29901 45.32249 14.29918 45.32255 14.29926 45.32274 14.29923 45.32283 14.29928 45.32291 14.29938 45.32309 14.29938 45.32316 14.29953 45.3237 14.29955 45.3239 14.29973 45.32422 14.29978 45.32429 14.29984 45.32437 14.29993 45.32457 14.2999 45.32462 14.29997 45.32465 14.30001 45.32472 14.30009 45.32482 14.30011 45.325 14.30012 45.32514 14.30007 45.32527 14.29999 45.32532 14.29992 45.32534 14.29981 45.32568 14.29983 45.32581 14.29978 45.32589 14.29981 45.32599 14.29993 45.3261 14.30003 45.32621 14.29999 45.32629 14.29993 45.32647 14.29998 45.32678 14.30025 45.32694 14.30033 45.32702 14.30033 45.32717 14.30023 45.3273 14.30011 45.32732 14.30011 45.3277 14.30008 45.32779 14.30012 45.3278 14.3002 45.32777 14.30041 45.32818 14.30084 45.32816 14.3013 45.32828 14.30132 45.32855 14.3015 45.32878 14.30167 45.32908 14.30176 45.32929 14.30198 45.32944 14.30206 45.32963 14.30225 45.33008 14.30243 45.33024 14.30244 45.33036 14.30196 45.3305 14.30203 45.33036 14.30252 45.33069 14.30289 45.33078 14.30291 45.33099 14.30311 45.33112 14.30317 45.33124 14.30319 45.33135 14.30316 45.33152 14.30308 45.33165 14.30305 45.33174 14.30313 45.3318 14.3032 45.33185 14.30327 45.33191 14.30336 45.33204 14.30351 45.33232 14.3039 45.33257 14.30351 45.33271 14.30379 45.33264 14.30387 45.33289 14.30439 45.33301 14.30426 45.33311 14.30441 45.33335 14.30482 45.3335 14.30508 45.33361 14.30529 45.33358 14.30548 45.33341 14.3055 45.33338 14.30565 45.33357 14.30567 45.33358 14.30614 45.33378 14.30631 45.33375 14.30647 45.33349 14.30647 45.33334 14.30657 45.33328 14.30666 45.33329 14.30678 45.3334 14.30688 45.33352 14.3069 45.33359 14.307 45.33354 14.30716 45.33364 14.30723 45.33374 14.30707 45.33387 14.30722 45.33391 14.30734 45.3338 14.30765 45.33391 14.30777 45.33404 14.30764 45.33421 14.30774 45.33437 14.30788 45.33458 14.30809 45.33479 14.30836 45.33489 14.30841 45.33502 14.30842 45.33505 14.30849 45.33508 14.30875 45.33506 14.30902 45.33498 14.30923 45.33492 14.30946 45.33485 14.30964 45.33469 14.30983 45.3346 14.31 45.33455 14.31017 45.33455 14.31046 45.33457 14.31054 45.33458 14.31072 45.3346 14.31088 45.3346 14.31108 45.33466 14.31116 45.33497 14.31123 45.3355 14.31142 45.33565 14.31097 45.33618 14.31118 45.33622 14.31104 45.33651 14.31115 45.33686 14.31129 45.33701 14.3114 45.33716 14.3111 45.33673 14.31065 45.33653 14.3106 45.33623 14.31048 45.33621 14.31047 45.33634 14.3103 45.3366 14.30998 45.33672 14.30983 45.33678 14.30986 45.33682 14.31006 45.33692 14.31011 45.33706 14.31012 45.33717 14.31016 45.33728 14.31024 45.33736 14.31038 45.33741 14.31041 45.33744 14.31036 45.33746 14.31022 45.33756 14.31011 45.33764 14.31018 45.33779 14.31053 45.33788 14.31053 45.33792 14.3104 45.33797 14.31035 45.338 14.3104 45.338 14.31068 45.33808 14.31078 45.33852 14.31078 45.33843 14.31051 45.33842 14.31044 45.33846 14.31038 45.33855 14.3103 45.33863 14.31035 45.33872 14.31077 45.33887 14.31088 45.33935 14.31082 45.33943 14.31087 45.33944 14.3109 45.3395 14.311 45.3395 14.31112 45.33938 14.31143 45.33938 14.31163 45.3395 14.31191 45.33951 14.31207 45.33945 14.31217 45.33945 14.31227 45.33949 14.31235 45.33962 14.31247 45.33971 14.31247 45.33984 14.31243 45.34001 14.31247 45.34012 14.31257 45.34025 14.31285 45.34039 14.31292 45.34057 14.31292 45.34099 14.31276 45.34115 14.31276 45.34118 14.31281 45.34115 14.31294 45.34115 14.31312 45.34101 14.31338 45.34101 14.31361 45.3411 14.31378 45.34121 14.31388 45.34125 14.31411 45.34139 14.31432 45.34159 14.31447 45.34165 14.31444 45.34171 14.31444 45.34175 14.31457 45.34177 14.31472 45.34193 14.31484 45.34204 14.31487 45.34237 14.31535 45.34253 14.31548 45.34268 14.31547 45.34316 14.3157 45.34377 14.31572 45.34379 14.31572 45.3439 14.31577 45.34401 14.31597 45.34403 14.31655 45.34405 14.31673 45.34411 14.31689 45.34436 14.31724 45.34461 14.31749 45.34498 14.31797 45.3453 14.31863 45.34545 14.31883 45.34553 14.31894 45.34561 14.31904 45.34588 14.31934 45.3463 14.32 45.34652 14.3201 45.34673 14.32025 45.34703 14.32053 45.34707 14.32059 45.34708 14.32065 45.34724 14.32096 45.3477 14.32185 45.34785 14.32166 45.34763 14.32125 45.3475 14.32099 45.34747 14.3208 45.34752 14.32067 45.34761 14.3206 45.3476 14.32035 45.34764 14.32031 45.3477 14.32035 45.34777 14.32049 45.34784 14.32059 45.3484 14.32061 45.34841 14.32116 45.34855 14.32117 45.34856 14.32061 45.34895 14.32066 45.34922 14.3207 45.34967 14.32074 45.35009 14.32089 45.35032 14.32104 45.3506 14.32134 45.35063 14.32145 45.3506 14.32177 45.35071 14.3218 45.35074 14.32158 45.35087 14.32161 45.35095 14.32158 45.35103 14.32158 45.35115 14.3216 45.35117 14.3216 45.35124 14.32166 45.35128 14.32175 45.35132 14.32188 45.35133 14.32244 45.35134 14.323 45.35129 14.32342 45.35122 14.32372 45.35117 14.32385 45.35113 14.32423 45.3511 14.32433 45.3511 14.32456 45.35115 14.32476 45.35128 14.32492 45.35141 14.3249 45.35148 14.3249 45.35155 14.32496 45.35173 14.32504 45.3522 14.32514 45.35252 14.32516 45.35277 14.32523 45.3529 14.32533 45.35317 14.32535 45.35351 14.32525 45.35369 14.32527 45.35389 14.32537 45.35411 14.32555 45.35452 14.32575 45.35474 14.32608 45.35498 14.32623 45.35512 14.32645 45.35532 14.32694 45.35547 14.32711 45.3556 14.32719 45.3557 14.32734 45.3558 14.32767 45.35582 14.32793 45.35594 14.32815 45.35594 14.32833 45.35598 14.32849 45.35616 14.32887 45.35622 14.32943 45.35626 14.32955 45.35624 14.32966 45.35617 14.32979 45.35617 14.3305 45.35615 14.33077 45.35613 14.33092 45.35612 14.33105 45.35609 14.33122 45.35602 14.3315 45.35593 14.3318 45.35586 14.33198 45.3558 14.33214 45.35573 14.3323 45.35561 14.33242 45.35543 14.33246 45.35525 14.33241 45.35534 14.33269 45.35556 14.33284 45.35581 14.33316 45.35609 14.33353 45.35615 14.33362 45.35617 14.33365 45.35626 14.33382 45.35619 14.33411 45.35611 14.33441 45.35599 14.33471 45.35588 14.33501 45.3561 14.33513 45.35627 14.33532 45.35659 14.33573 45.35661 14.33575 45.35681 14.33546 45.35714 14.33467 45.35786 14.33247 45.35792 14.33224 45.35814 14.33132 45.35827 14.3301 45.35844 14.32925 45.35861 14.32867 45.35896 14.32858 45.35993 14.3295 45.36013 14.32944 45.36021 14.32918 45.36024 14.3291 45.36024 14.32909 45.3602 14.32872 45.36037 14.32816 45.36071 14.32706 45.36071 14.32706 45.36054 14.32676 45.36031 14.32638 45.36019 14.32581 45.35996 14.32542 45.35963 14.32543 45.35936 14.32552 45.35909 14.32549 45.35881 14.32526 45.35868 14.32485 45.35857 14.32438 45.35867 14.32413 45.35898 14.32386 45.35915 14.32384 45.35918 14.32352 45.35906 14.32337 45.35892 14.32336 45.35794 14.32281 45.35763 14.32237 45.35758 14.32219 45.35746 14.32174 45.35735 14.32149 45.35726 14.32128 45.35719 14.32103 45.35717 14.32097 45.35699 14.32084 45.3569 14.32078 45.3567 14.32046 45.35648 14.31999 45.35699 14.31918 45.35704 14.31903 45.35713 14.31877 45.35727 14.31862 45.35733 14.31856 45.35759 14.31837 45.35779 14.31832 45.35832 14.31775 45.3588 14.31714 45.35771 14.31536 45.35748 14.31498 45.3572 14.31481 45.35694 14.31452 45.35678 14.3141 45.3567 14.31361 45.35675 14.31362 45.35682 14.31363 45.35676 14.31322 45.35673 14.31304 45.35666 14.31251 45.35665 14.31213 45.35666 14.31195 45.35773 14.31158 45.35778 14.31093 45.35792 14.30965 45.35794 14.30953 45.35794 14.30949 45.35759 14.30963 45.35723 14.30929 45.35688 14.30899 45.35641 14.30855 45.35596 14.30829 45.35554 14.30803 45.3551 14.30784 45.35465 14.30758 45.35425 14.30723 45.35415 14.30705 45.35411 14.30674 45.35413 14.3059 45.35444 14.3053 45.3543 14.30512 45.35396 14.30507 45.35367 14.30525 45.35341 14.30542 45.35325 14.30537 45.35229 14.30488 45.35212 14.30462 45.35191 14.30388 45.35181 14.30318 45.35165 14.30299 45.35147 14.30304 45.35131 14.30374 45.35123 14.30386 45.35113 14.30402 45.3511 14.30402 45.3509 14.30405 45.35047 14.3041 45.35021 14.30445 45.35006 14.30478 45.35001 14.30491 45.34983 14.305 45.34962 14.30495 45.3489 14.30479 45.34878 14.30472 45.34801 14.30428 45.34798 14.30426 45.34683 14.3038 45.34621 14.30338 45.34493 14.30206 45.34308 14.30027 45.34189 14.29941 45.34056 14.29827 45.34016 14.29816 45.33925 14.29765 45.33827 14.29667 45.33825 14.29666 45.33829 14.29637 45.33846 14.29496 45.33869 14.29414 45.33888 14.29292 45.33919 14.29191 45.33952 14.29154 45.33958 14.29134 45.33989 14.29103 45.34015 14.29076 45.34091 14.2902 45.34113 14.29009 45.34157 14.28986 45.34256 14.28956 45.34356 14.28895 45.34469 14.28773 45.34539 14.28667 45.34616 14.28581 45.347 14.28462 45.34851 14.28207 45.34887 14.28157 45.34984 14.282 45.35072 14.2822 45.35121 14.28234 45.3519 14.28263 45.35238 14.28291 45.35386 14.2829 45.35412 14.28283 45.35454 14.28254 45.35605 14.2818 45.35707 14.28163 45.3577 14.28143 45.3585 14.28048 45.35886 14.27971 45.35929 14.27918 45.35976 14.27869 45.35994 14.27844 45.36016 14.27792 45.36098 14.27644 45.36137 14.27546 45.36171 14.27473 45.36265 14.27194 45.36311 14.27079 45.36393 14.26826 45.36417 14.26766 45.36432 14.26742 45.36455 14.26686 45.36611 14.2626 45.36669 14.26082 45.36714 14.2593 45.36762 14.25788 45.3677 14.25753 45.36899 14.25443 45.36918 14.25329 45.36938 14.25241 45.37033 14.25033 45.37083 14.24879 45.37128 14.24798 45.37164 14.24712 45.37227 14.24531 45.37317 14.24164 45.37358 14.24015 45.37443 14.23801 45.37507 14.2366 45.37577 14.23475 45.37636 14.23286 45.37678 14.23116 45.37707 14.23054 45.37707 14.23012 45.37707 14.23005 45.37704 14.22985 45.37696 14.22939 45.37696 14.22862 45.37687 14.22652 45.37693 14.22571 45.37693 14.22545 45.37693 14.22498 45.37688 14.22366 45.37693 14.22256 45.37717 14.22203 45.37788 14.22067 45.37817 14.21997 45.37914 14.21861 45.37935 14.21784 45.37992 14.21692 45.38064 14.21585 45.38166 14.21421 45.38268 14.21215 45.383 14.21207 45.38359 14.21183 45.38428 14.21118 45.38525 14.21041 45.38625 14.20969 45.38727 14.20908 45.38869 14.20807 45.38919 14.2075 45.38983 14.20694 45.39013 14.20664 45.39025 14.20652 45.39039 14.20639 45.39063 14.20614 45.39061 14.20536 45.39075 14.20201</gml:posList>
                        </gml:LinearRing>
                      </gml:exterior>
                    </gml:Polygon>
                  </gml:surfaceMember>
                  <gml:surfaceMember>
                    <gml:Polygon gml:id="MEDIA_MONITORED_CILJ_ID_1_CILJ_ID_5_POLUTANT_2_MODEL_250">
                      <gml:exterior>
                        <gml:LinearRing>
                          <gml:posList srsDimension="2">45.53733 14.48966 45.53681 14.48875 45.53689 14.4883 45.53699 14.48774 45.53678 14.48641 45.53674 14.48614 45.53671 14.48596 45.53655 14.48505 45.5364 14.48447 45.53626 14.48391 45.53603 14.48296 45.53589 14.48291 45.53554 14.48277 45.53485 14.48144 45.53458 14.47996 45.53457 14.47913 45.53445 14.47871 45.53421 14.47835 45.53413 14.4782 45.53401 14.47797 45.53397 14.47758 45.53403 14.47718 45.53403 14.47708 45.53402 14.47706 45.53402 14.477 45.53386 14.47666 45.53388 14.4762 45.53386 14.4761 45.53383 14.47589 45.53366 14.47562 45.53356 14.47546 45.53359 14.4754 45.53364 14.4753 45.5334 14.47499 45.53309 14.47455 45.53299 14.47439 45.53292 14.47428 45.53282 14.47412 45.53267 14.47387 45.53246 14.47351 45.53223 14.47318 45.53193 14.47291 45.53187 14.47286 45.53176 14.47277 45.53148 14.4727 45.53114 14.47245 45.53103 14.47204 45.53092 14.47154 45.53079 14.47138 45.53061 14.47125 45.53031 14.47105 45.53025 14.47103 45.53018 14.471 45.53017 14.47095 45.53012 14.47074 45.53008 14.4706 45.53002 14.47057 45.52978 14.4702 45.52938 14.47 45.52925 14.46973 45.52903 14.46946 45.52892 14.46938 45.52869 14.46923 45.52842 14.46893 45.52801 14.46863 45.52772 14.46838 45.52754 14.46791 45.5273 14.46746 45.52714 14.46723 45.52692 14.46689 45.5266 14.46653 45.52649 14.4664 45.52632 14.46583 45.52623 14.4656 45.52613 14.46536 45.52597 14.46495 45.52564 14.46432 45.52532 14.46387 45.52511 14.46361 45.52496 14.46342 45.52481 14.46297 45.52472 14.46272 45.52464 14.46263 45.52447 14.46246 45.52425 14.46224 45.5241 14.46191 45.52391 14.46151 45.52374 14.46116 45.5235 14.4608 45.52328 14.46041 45.523 14.46001 45.52276 14.45972 45.52251 14.45955 45.52217 14.45935 45.52207 14.45921 45.5217 14.45874 45.52137 14.45804 45.52128 14.45788 45.5209 14.45722 45.52049 14.45644 45.52017 14.45575 45.51983 14.45506 45.51978 14.45451 45.51972 14.45397 45.51966 14.45347 45.51955 14.45248 45.51944 14.45195 45.51921 14.45141 45.51903 14.451 45.51898 14.4507 45.51893 14.45013 45.51886 14.44991 45.51877 14.44959 45.51857 14.44913 45.51842 14.44882 45.51813 14.44825 45.51801 14.44809 45.51795 14.44801 45.51784 14.44775 45.51772 14.44748 45.51764 14.44725 45.51753 14.4469 45.51737 14.44629 45.51712 14.44554 45.51696 14.44493 45.51691 14.44447 45.51683 14.44349 45.51676 14.44271 45.51638 14.44199 45.51634 14.44194 45.5162 14.44174 45.51592 14.44141 45.51569 14.44114 45.51539 14.4408 45.51471 14.44013 45.51417 14.43978 45.51367 14.43943 45.51352 14.43932 45.51309 14.43899 45.51269 14.43869 45.51229 14.4384 45.51213 14.43829 45.51172 14.43804 45.51105 14.43762 45.51077 14.43725 45.51059 14.43666 45.51049 14.43623 45.51043 14.43591 45.5103 14.4351 45.51024 14.43478 45.51014 14.43431 45.51007 14.434 45.50999 14.43361 45.50992 14.43339 45.50978 14.43287 45.50954 14.432 45.50947 14.43187 45.5093 14.43156 45.50903 14.43112 45.50867 14.43053 45.50838 14.43003 45.50795 14.42934 45.50766 14.42882 45.50754 14.42856 45.50744 14.42835 45.50733 14.4282 45.50715 14.42797 45.50701 14.42772 45.50694 14.42759 45.50736 14.42699 45.50771 14.4269 45.50796 14.42685 45.5083 14.42692 45.50837 14.42687 45.50851 14.42678 45.50861 14.42608 45.5088 14.42546 45.50897 14.42514 45.50911 14.42451 45.50931 14.42404 45.50935 14.42396 45.50951 14.42364 45.50968 14.42329 45.50974 14.42316 45.50978 14.423 45.50981 14.42289 45.50986 14.42272 45.50976 14.42229 45.50967 14.4222 45.50961 14.42215 45.50944 14.4222 45.50906 14.42174 45.5092 14.42117 45.50922 14.42073 45.50923 14.42052 45.5096 14.41983 45.50972 14.41955 45.50973 14.4193 45.5097 14.41921 45.50968 14.41917 45.50977 14.41844 45.50978 14.41833 45.50978 14.41825 45.50981 14.41789 45.50986 14.41725 45.50992 14.41628 45.50992 14.41624 45.5099 14.4157 45.50984 14.41563 45.50979 14.41558 45.50938 14.41541 45.50912 14.41525 45.50881 14.41504 45.50868 14.41497 45.50846 14.41485 45.50817 14.41496 45.50795 14.41475 45.5077 14.41438 45.50757 14.41376 45.50742 14.41341 45.50731 14.41315 45.50725 14.41295 45.50709 14.41247 45.50702 14.41214 45.50697 14.41135 45.50693 14.4112 45.5069 14.41107 45.50669 14.41071 45.50641 14.41061 45.50628 14.41053 45.50611 14.41043 45.50581 14.40985 45.50578 14.40975 45.50558 14.40912 45.50569 14.40842 45.50526 14.40833 45.50491 14.4083 45.50472 14.408 45.50465 14.40773 45.50469 14.40749 45.50471 14.40736 45.505 14.40677 45.50505 14.40612 45.50503 14.40589 45.50501 14.40577 45.50486 14.40549 45.50476 14.40534 45.5047 14.40523 45.50469 14.40492 45.50469 14.40485 45.50473 14.40456 45.50483 14.40399 45.50466 14.40372 45.50446 14.40321 45.50435 14.40282 45.5043 14.40265 45.50429 14.40254 45.50428 14.40237 45.50431 14.40209 45.50415 14.40183 45.50396 14.40151 45.50354 14.40075 45.50296 14.40003 45.50282 14.39979 45.50273 14.3992 45.50275 14.39839 45.50257 14.39853 45.5024 14.39867 45.502 14.39901 45.50198 14.39902 45.50162 14.39932 45.50148 14.39944 45.50122 14.39967 45.50095 14.3999 45.50067 14.40014 45.50031 14.39986 45.49992 14.39956 45.49978 14.39945 45.49962 14.39931 45.49933 14.39908 45.49899 14.39881 45.4989 14.39874 45.49881 14.39866 45.49848 14.39841 45.49804 14.39805 45.49779 14.39785 45.4973 14.39745 45.49686 14.3971 45.49661 14.3969 45.49642 14.39675 45.49608 14.39646 45.49601 14.39639 45.49561 14.39599 45.49513 14.39554 45.49467 14.39512 45.49447 14.39486 45.49432 14.39468 45.49418 14.39453 45.49393 14.39424 45.49388 14.39399 45.49384 14.39372 45.49393 14.39315 45.49392 14.39279 45.49397 14.39235 45.49431 14.39183 45.49435 14.39171 45.49441 14.39153 45.49452 14.3912 45.49451 14.39103 45.49451 14.39084 45.49451 14.39075 45.49451 14.39068 45.49427 14.39031 45.49423 14.39024 45.49424 14.38992 45.49422 14.38986 45.49421 14.38979 45.49404 14.38966 45.494 14.38961 45.49396 14.38953 45.4939 14.38908 45.49385 14.3887 45.49383 14.38862 45.4938 14.3885 45.49377 14.38847 45.4937 14.38838 45.49361 14.38831 45.49358 14.38828 45.49353 14.38814 45.49351 14.38789 45.49357 14.38758 45.49354 14.38743 45.49346 14.38703 45.49348 14.38681 45.49337 14.38666 45.49327 14.3865 45.4932 14.38639 45.49264 14.38563 45.49251 14.38546 45.49167 14.38429 45.49121 14.38363 45.4907 14.38291 45.48996 14.3819 45.48971 14.38155 45.48876 14.3802 45.48779 14.37877 45.48764 14.37814 45.48736 14.37701 45.48695 14.37516 45.48657 14.37333 45.48618 14.37151 45.4858 14.36964 45.48543 14.36779 45.48503 14.36596 45.48464 14.36411 45.48437 14.36284 45.48487 14.36255 45.48501 14.36267 45.48502 14.36202 45.485 14.36202 45.48468 14.36189 45.48455 14.3615 45.48463 14.36052 45.48474 14.35908 45.48492 14.35717 45.48498 14.35665 45.48512 14.35528 45.4852 14.35449 45.48531 14.35339 45.48559 14.35074 45.48501 14.34928 45.48494 14.3491 45.4849 14.34901 45.48407 14.34701 45.48306 14.34576 45.4825 14.34505 45.48206 14.3445 45.48121 14.34348 45.48116 14.34334 45.4811 14.34315 45.48092 14.34327 45.48032 14.34261 45.48033 14.34256 45.48035 14.34241 45.48072 14.34192 45.47993 14.33934 45.47971 14.33904 45.47876 14.33807 45.47764 14.33683 45.47685 14.33546 45.47598 14.3339 45.47547 14.33334 45.47451 14.33229 45.47444 14.33215 45.47367 14.33076 45.47294 14.32945 45.47224 14.32815 45.47203 14.3275 45.47168 14.32641 45.47047 14.32262 45.4696 14.32393 45.4691 14.32543 45.46854 14.32673 45.46793 14.32763 45.46713 14.32884 45.46568 14.33001 45.46478 14.33065 45.46384 14.33125 45.46273 14.33199 45.4617 14.3326 45.46106 14.33305 45.45943 14.33307 45.45938 14.3329 45.45926 14.33254 45.45878 14.33289 45.45852 14.33241 45.45834 14.332 45.45839 14.33189 45.45849 14.33168 45.45866 14.33126 45.4587 14.33107 45.45874 14.33083 45.45874 14.33081 45.45874 14.33074 45.45873 14.33063 45.45866 14.33047 45.4585 14.33029 45.45728 14.32909 45.45583 14.32788 45.45511 14.32739 45.45493 14.32767 45.45339 14.32729 45.45236 14.32686 45.45153 14.32651 45.45078 14.32602 45.45002 14.32554 45.44937 14.32539 45.44851 14.32541 45.44783 14.32544 45.44773 14.3246 45.44699 14.32402 45.44628 14.32404 45.44553 14.32394 45.44467 14.32384 45.44397 14.32387 45.443 14.32362 45.44157 14.32352 45.43971 14.32334 45.43838 14.32319 45.43697 14.32314 45.43375 14.32248 45.43117 14.32145 45.43098 14.32137 45.43077 14.32129 45.43089 14.32075 45.43344 14.31765 45.43383 14.31521 45.43408 14.31367 45.43418 14.3132 45.43438 14.31222 45.43359 14.31154 45.43278 14.31085 45.43066 14.30916 45.42933 14.308 45.42791 14.30655 45.42552 14.30379 45.42461 14.30617 45.42449 14.30748 45.42454 14.30857 45.42438 14.3089 45.42401 14.30968 45.42378 14.31056 45.4232 14.31107 45.42273 14.31188 45.42243 14.31271 45.42225 14.31357 45.42126 14.31471 45.42052 14.31486 45.41996 14.3155 45.41944 14.31661 45.41887 14.3173 45.4183 14.3178 45.41728 14.3188 45.41707 14.31957 45.4162 14.3197 45.41492 14.31989 45.41409 14.31921 45.41358 14.31859 45.41289 14.31821 45.41247 14.31741 45.41275 14.31707 45.41332 14.31636 45.41286 14.31581 45.41285 14.3158 45.41258 14.31547 45.41187 14.31492 45.4112 14.31449 45.41091 14.31433 45.41054 14.31411 45.40953 14.31391 45.40899 14.31377 45.40801 14.31423 45.40745 14.31466 45.40676 14.31537 45.40661 14.31539 45.40584 14.31552 45.40575 14.31558 45.40516 14.31597 45.4045 14.31631 45.40395 14.31666 45.40284 14.31734 45.4026 14.31752 45.40199 14.31795 45.40115 14.31855 45.40027 14.3202 45.39975 14.32034 45.39897 14.32057 45.3983 14.32032 45.39752 14.32079 45.3979 14.32185 45.39866 14.32324 45.39873 14.32406 45.39883 14.32539 45.3993 14.32668 45.39944 14.32706 45.39975 14.32784 45.39974 14.32815 45.39972 14.32859 45.39904 14.32896 45.39846 14.3294 45.39744 14.32985 45.39668 14.33134 45.39581 14.33226 45.39512 14.3323 45.39418 14.33326 45.39336 14.33375 45.39274 14.33394 45.39197 14.3336 45.39187 14.33382 45.39144 14.33466 45.39078 14.33479 45.39005 14.3352 45.38952 14.3357 45.38855 14.33612 45.38762 14.33625 45.38753 14.33701 45.38675 14.33761 45.38608 14.3384 45.38524 14.3394 45.38588 14.34034 45.38651 14.34081 45.38703 14.34094 45.38741 14.34173 45.38815 14.3413 45.38886 14.34139 45.38947 14.3414 45.38984 14.34249 45.39069 14.34279 45.39102 14.34364 45.39157 14.34376 45.39246 14.34332 45.39281 14.34328 45.39287 14.34328 45.39305 14.34326 45.39332 14.34323 45.39331 14.34347 45.39326 14.34423 45.39259 14.34544 45.39278 14.34637 45.39281 14.34665 45.39287 14.3471 45.39218 14.34824 45.39252 14.34927 45.39304 14.35 45.39338 14.35097 45.39395 14.35094 45.39362 14.35198 45.39397 14.35285 45.39476 14.35318 45.39547 14.35326 45.3962 14.35335 45.39692 14.35344 45.39769 14.35355 45.39839 14.3537 45.39902 14.35361 45.39932 14.35461 45.39899 14.35549 45.39923 14.35645 45.39895 14.35679 45.39858 14.35724 45.39865 14.35802 45.3995 14.35772 45.39981 14.35795 45.39995 14.35806 45.40015 14.35821 45.4001 14.35896 45.4004 14.35964 45.40055 14.35997 45.40031 14.36115 45.40027 14.36219 45.40036 14.36259 45.40038 14.3627 45.40046 14.36304 45.40033 14.3635 45.40021 14.3639 45.40011 14.36428 45.39995 14.36506 45.39958 14.36638 45.39981 14.36714 45.3998 14.3679 45.40012 14.36906 45.40082 14.3696 45.40094 14.36958 45.40185 14.36947 45.4022 14.37046 45.40275 14.37067 45.40292 14.37077 45.40343 14.37105 45.40338 14.37184 45.40373 14.37266 45.40456 14.37309 45.40511 14.37414 45.40549 14.37431 45.40567 14.3744 45.40599 14.37455 45.40586 14.37584 45.40603 14.37692 45.40657 14.37758 45.40732 14.37769 45.40811 14.37759 45.40904 14.37749 45.40912 14.37769 45.40933 14.37827 45.40942 14.37852 45.40939 14.37867 45.40935 14.37899 45.40929 14.37938 45.40932 14.38026 45.41024 14.38011 45.41087 14.37999 45.41162 14.38094 45.41217 14.38069 45.41282 14.38045 45.41334 14.38128 45.41394 14.3824 45.41401 14.38252 45.41488 14.3821 45.41564 14.38177 45.4171 14.38113 45.41834 14.38038 45.41958 14.37946 45.42117 14.37824 45.42128 14.37902 45.42137 14.37917 45.42157 14.3795 45.42149 14.37965 45.42114 14.38028 45.42124 14.38068 45.42064 14.3813 45.42052 14.38143 45.42078 14.38204 45.4207 14.38278 45.42099 14.38273 45.42124 14.3829 45.42127 14.38292 45.42155 14.38306 45.42154 14.38315 45.42146 14.38355 45.42116 14.38421 45.42075 14.3849 45.42027 14.38558 45.41976 14.3862 45.41928 14.38687 45.41883 14.38735 45.41808 14.38866 45.4177 14.38933 45.41743 14.39005 45.4174 14.39065 45.41785 14.3909 45.4181 14.39085 45.41807 14.39114 45.41827 14.39128 45.41828 14.39145 45.41832 14.39181 45.41805 14.392 45.41794 14.39209 45.41795 14.39247 45.41813 14.39293 45.41842 14.39337 45.41882 14.39339 45.41879 14.39355 45.41875 14.39375 45.41875 14.39376 45.41864 14.39384 45.4185 14.39393 45.41831 14.39417 45.41812 14.39405 45.41792 14.39414 45.41779 14.3944 45.41781 14.39482 45.41742 14.39509 45.41695 14.39541 45.41639 14.39581 45.41608 14.39616 45.41533 14.39747 45.41519 14.39788 45.4147 14.39961 45.41425 14.4013 45.41389 14.40296 45.41345 14.40494 45.41343 14.40627 45.41343 14.40656 45.41331 14.40914 45.41323 14.4112 45.41313 14.41312 45.4131 14.41485 45.41393 14.41662 45.41469 14.41845 45.41553 14.4203 45.41641 14.42229 45.41651 14.42176 45.4168 14.42123 45.41736 14.42102 45.41795 14.4208 45.41865 14.42069 45.41915 14.4205 45.4197 14.42026 45.42008 14.41998 45.42054 14.41979 45.42094 14.41982 45.42136 14.41998 45.42154 14.42024 45.42181 14.42073 45.42205 14.42142 45.42237 14.4223 45.42291 14.423 45.42365 14.42369 45.42413 14.42409 45.42463 14.42432 45.42528 14.42404 45.42591 14.4235 45.42629 14.42292 45.42677 14.42193 45.42705 14.42125 45.42753 14.42018 45.42802 14.4188 45.4284 14.41758 45.42885 14.41638 45.42925 14.41497 45.42972 14.41309 45.43026 14.41258 45.43111 14.41287 45.43163 14.41364 45.43226 14.41354 45.43263 14.41279 45.43324 14.41199 45.43402 14.41199 45.43523 14.41185 45.43548 14.41268 45.43625 14.41326 45.43692 14.41272 45.43747 14.41265 45.43822 14.41192 45.43875 14.41178 45.4394 14.41125 45.43989 14.4104 45.44075 14.40992 45.44139 14.40986 45.44225 14.40936 45.44264 14.41029 45.44334 14.4114 45.44396 14.4125 45.44451 14.41334 45.44496 14.41412 45.4456 14.41518 45.44621 14.41629 45.44706 14.41765 45.44747 14.41841 45.44814 14.41996 45.44822 14.42079 45.44823 14.42132 45.4484 14.42244 45.44895 14.42345 45.44961 14.42436 45.45002 14.42561 45.45029 14.42715 45.45071 14.42853 45.45099 14.42954 45.45164 14.43151 45.4517 14.43163 45.45235 14.43305 45.45328 14.43435 45.45437 14.43536 45.45519 14.4363 45.45644 14.43778 45.45767 14.43925 45.45915 14.44096 45.46052 14.44257 45.46174 14.44415 45.46305 14.44642 45.46397 14.44764 45.46458 14.44839 45.46553 14.44948 45.46665 14.45065 45.46748 14.451 45.46833 14.45136 45.4694 14.45177 45.47022 14.45193 45.47099 14.45207 45.47118 14.45182 45.47198 14.45184 45.47275 14.45229 45.47266 14.45261 45.47317 14.45303 45.47365 14.45338 45.47406 14.45304 45.4743 14.45296 45.47504 14.45264 45.47599 14.4524 45.47728 14.45198 45.47787 14.45225 45.4785 14.45226 45.47932 14.45199 45.48002 14.45252 45.4802 14.45378 45.48084 14.45561 45.48159 14.45596 45.48241 14.45635 45.48314 14.45679 45.4839 14.4574 45.48461 14.45787 45.48571 14.45855 45.48669 14.45989 45.48732 14.4598 45.4884 14.45963 45.48965 14.45953 45.49053 14.45941 45.49137 14.45935 45.49223 14.45933 45.49301 14.45913 45.49387 14.45865 45.49476 14.45855 45.49609 14.4591 45.49668 14.45996 45.49745 14.46087 45.49822 14.46165 45.49865 14.46266 45.49883 14.46364 45.49918 14.46465 45.49952 14.46603 45.49981 14.46612 45.50047 14.46633 45.50116 14.46653 45.50205 14.46705 45.50249 14.4673 45.50369 14.46764 45.50462 14.46787 45.5061 14.46841 45.50638 14.46975 45.50736 14.47237 45.5076 14.47225 45.50807 14.47203 45.50894 14.4716 45.51039 14.47111 45.51169 14.47081 45.51345 14.47059 45.51452 14.4705 45.51568 14.47058 45.51827 14.47053 45.51844 14.47053 45.5193 14.47072 45.52004 14.47144 45.52093 14.47281 45.52095 14.47325 45.52099 14.47378 45.52099 14.47394 45.52089 14.47469 45.52088 14.47475 45.52083 14.4751 45.52074 14.47621 45.52081 14.47723 45.52085 14.47773 45.52083 14.47873 45.52135 14.48067 45.52248 14.48033 45.52284 14.48025 45.52311 14.48019 45.52368 14.48043 45.5245 14.48081 45.52514 14.48128 45.52543 14.4822 45.52594 14.4828 45.5265 14.4835 45.52696 14.48381 45.52831 14.48579 45.52897 14.48676 45.52956 14.48756 45.52983 14.48768 45.53022 14.48786 45.53077 14.48798 45.53134 14.48816 45.53177 14.48831 45.53196 14.48838 45.53252 14.48851 45.53324 14.48872 45.53371 14.48877 45.53392 14.4888 45.53451 14.4891 45.53536 14.48941 45.53568 14.4895 45.53595 14.48958 45.53649 14.48961 45.53733 14.48966</gml:posList>
                        </gml:LinearRing>
                      </gml:exterior>
                    </gml:Polygon>
                  </gml:surfaceMember>
                  <gml:surfaceMember>
                    <gml:Polygon gml:id="MEDIA_MONITORED_CILJ_ID_1_CILJ_ID_5_POLUTANT_2_MODEL_251">
                      <gml:exterior>
                        <gml:LinearRing>
                          <gml:posList srsDimension="2">45.42149 14.37965 45.42157 14.3795 45.42137 14.37917 45.42128 14.37902 45.42117 14.37824 45.41958 14.37946 45.41834 14.38038 45.4171 14.38113 45.41564 14.38177 45.41488 14.3821 45.41401 14.38252 45.41394 14.3824 45.41334 14.38128 45.41282 14.38045 45.41217 14.38069 45.41162 14.38094 45.41087 14.37999 45.41024 14.38011 45.40932 14.38026 45.40929 14.37938 45.40935 14.37899 45.40939 14.37867 45.40942 14.37852 45.40933 14.37827 45.40912 14.37769 45.40904 14.37749 45.40811 14.37759 45.40732 14.37769 45.40657 14.37758 45.40603 14.37692 45.40586 14.37584 45.40599 14.37455 45.40567 14.3744 45.40549 14.37431 45.40511 14.37414 45.40456 14.37309 45.40373 14.37266 45.40338 14.37184 45.40343 14.37105 45.40292 14.37077 45.40275 14.37067 45.4022 14.37046 45.40185 14.36947 45.40094 14.36958 45.40094 14.36993 45.40085 14.36995 45.40059 14.37003 45.40033 14.37011 45.39966 14.37041 45.3989 14.37077 45.39857 14.37108 45.39822 14.37099 45.39778 14.3711 45.39741 14.37127 45.39733 14.37167 45.39721 14.37219 45.39665 14.37231 45.39599 14.37219 45.39542 14.37228 45.39437 14.37203 45.39408 14.37165 45.39371 14.37117 45.39326 14.37084 45.39294 14.37087 45.39241 14.37108 45.39236 14.37176 45.39231 14.37235 45.39202 14.3727 45.3915 14.37268 45.39077 14.37275 45.39036 14.37217 45.39027 14.37157 45.39003 14.37099 45.38981 14.37102 45.3898 14.37036 45.38931 14.37029 45.38882 14.3703 45.38853 14.36998 45.38844 14.36971 45.38839 14.3693 45.38817 14.36941 45.38785 14.36969 45.38758 14.37001 45.38745 14.37065 45.38731 14.37133 45.38695 14.37144 45.3866 14.37145 45.38577 14.37137 45.38519 14.37093 45.38484 14.37063 45.38458 14.37099 45.38415 14.37161 45.38353 14.37137 45.38315 14.37097 45.38287 14.37031 45.38262 14.36952 45.38254 14.3685 45.38242 14.36759 45.38241 14.36683 45.3823 14.36663 45.38201 14.36617 45.38154 14.36558 45.38157 14.36345 45.38091 14.36377 45.38055 14.36436 45.38005 14.36494 45.37968 14.3655 45.37884 14.36614 45.37858 14.36647 45.37794 14.36668 45.37666 14.36734 45.37597 14.36778 45.37547 14.36722 45.37514 14.36723 45.37424 14.36735 45.3735 14.36728 45.37219 14.36705 45.3717 14.36808 45.37133 14.36708 45.36993 14.3674 45.3697 14.36773 45.36945 14.36784 45.36911 14.3677 45.36854 14.36787 45.36744 14.36837 45.36743 14.36846 45.36741 14.36866 45.36739 14.36892 45.36736 14.36957 45.36733 14.37004 45.3672 14.37053 45.36683 14.37106 45.36662 14.37139 45.36628 14.37189 45.3662 14.37234 45.36618 14.37278 45.36625 14.37309 45.36631 14.37336 45.3663 14.3736 45.36628 14.37391 45.36629 14.3746 45.36626 14.37486 45.36619 14.37537 45.36606 14.37606 45.36587 14.37651 45.36575 14.37665 45.36542 14.37589 45.36517 14.37599 45.36507 14.37593 45.36498 14.37552 45.3644 14.37534 45.36396 14.37528 45.36342 14.37535 45.36311 14.37644 45.36293 14.37704 45.3626 14.37791 45.36241 14.37838 45.36225 14.37867 45.36216 14.37883 45.36223 14.37942 45.36213 14.37958 45.36206 14.37969 45.36221 14.38002 45.36207 14.38008 45.36178 14.38022 45.36136 14.38037 45.36097 14.38056 45.3606 14.38088 45.36027 14.38128 45.36025 14.38132 45.36013 14.38168 45.36003 14.38201 45.35995 14.38239 45.35999 14.38261 45.36003 14.38279 45.36022 14.38305 45.36032 14.38319 45.36055 14.38343 45.36058 14.38365 45.36058 14.38424 45.36074 14.38478 45.36084 14.3851 45.36083 14.38552 45.3609 14.38602 45.36073 14.38646 45.36038 14.38733 45.35995 14.38727 45.3596 14.38735 45.35951 14.38748 45.35966 14.38792 45.35961 14.38799 45.35948 14.38814 45.35958 14.38852 45.35961 14.38864 45.35966 14.38892 45.35964 14.38896 45.35958 14.38909 45.35921 14.3892 45.35895 14.38912 45.35875 14.38922 45.3585 14.38916 45.35838 14.38958 45.35843 14.38983 45.35836 14.39016 45.35832 14.39046 45.35854 14.39072 45.35886 14.39084 45.35919 14.39113 45.35946 14.39146 45.35956 14.39171 45.3596 14.39198 45.35999 14.39186 45.36004 14.3932 45.36012 14.39394 45.36015 14.39413 45.36015 14.3942 45.35993 14.39489 45.36023 14.39523 45.36029 14.39528 45.36076 14.39575 45.3608 14.3958 45.36095 14.39603 45.36112 14.39654 45.36123 14.39735 45.36134 14.39786 45.36156 14.39822 45.36169 14.39843 45.36189 14.39879 45.36199 14.39914 45.36206 14.39941 45.36182 14.40003 45.36176 14.40017 45.36154 14.40067 45.3614 14.40098 45.36123 14.40133 45.3612 14.40225 45.36106 14.403 45.36109 14.40335 45.36146 14.40357 45.36194 14.4036 45.36198 14.4036 45.36238 14.40365 45.36273 14.40374 45.36309 14.40348 45.36344 14.40309 45.36363 14.40266 45.364 14.40219 45.36436 14.40203 45.36469 14.40211 45.36518 14.40187 45.36553 14.40179 45.36589 14.40197 45.36621 14.40218 45.36644 14.40192 45.36674 14.40171 45.36703 14.4015 45.36716 14.40172 45.36724 14.40188 45.36732 14.40202 45.36731 14.40213 45.36727 14.4025 45.36704 14.40297 45.36713 14.40316 45.36727 14.40342 45.36777 14.40425 45.36834 14.40487 45.36855 14.40523 45.3687 14.40584 45.36917 14.4064 45.36969 14.40725 45.37004 14.40792 45.37057 14.40808 45.37093 14.40823 45.37139 14.40879 45.37106 14.40928 45.37101 14.40935 45.37084 14.4096 45.37076 14.4109 45.37143 14.41124 45.37157 14.41129 45.37174 14.41136 45.37173 14.412 45.37188 14.41244 45.37231 14.41261 45.37271 14.41296 45.37319 14.41281 45.37375 14.41251 45.37407 14.41209 45.37424 14.41169 45.37455 14.4121 45.37472 14.41239 45.37496 14.41283 45.37497 14.41286 45.375 14.41291 45.37502 14.41295 45.37494 14.41347 45.37523 14.41409 45.3754 14.41476 45.37533 14.41535 45.37504 14.41567 45.37457 14.41598 45.37428 14.4163 45.37422 14.4168 45.37427 14.41751 45.37419 14.41855 45.37436 14.41897 45.3748 14.41918 45.37504 14.4193 45.37529 14.41942 45.3752 14.41953 45.37512 14.41962 45.37527 14.42071 45.37541 14.4209 45.37587 14.4212 45.37587 14.42121 45.37602 14.42168 45.37599 14.42218 45.37631 14.42329 45.37659 14.42336 45.37708 14.42322 45.37741 14.42292 45.37788 14.42398 45.37838 14.42462 45.37871 14.4255 45.37934 14.42673 45.38019 14.42759 45.38148 14.4262 45.38224 14.42562 45.38344 14.4247 45.38452 14.42369 45.38555 14.42276 45.38642 14.42201 45.38715 14.42084 45.3874 14.42061 45.38802 14.41977 45.38855 14.41905 45.38872 14.41875 45.3889 14.41841 45.38909 14.41791 45.38947 14.41814 45.38981 14.4187 45.39025 14.41897 45.3909 14.41917 45.39128 14.41931 45.39177 14.41912 45.39189 14.41856 45.39206 14.4183 45.39236 14.41876 45.39238 14.41873 45.39248 14.41853 45.39244 14.41835 45.39241 14.41821 45.39237 14.41805 45.39236 14.41799 45.39235 14.41661 45.39234 14.41623 45.39258 14.41613 45.39269 14.41573 45.3928 14.41478 45.39295 14.41414 45.39296 14.41378 45.39324 14.413 45.39347 14.41213 45.39352 14.41159 45.39346 14.4111 45.39364 14.41097 45.39402 14.4107 45.39437 14.41033 45.39488 14.41005 45.39506 14.40959 45.39519 14.40895 45.3952 14.40866 45.39521 14.40857 45.39522 14.40829 45.39515 14.40817 45.39512 14.40813 45.39505 14.40802 45.39498 14.40744 45.39503 14.40727 45.39507 14.40711 45.3953 14.40727 45.39581 14.40704 45.3962 14.40674 45.39647 14.40617 45.39657 14.40548 45.39666 14.40472 45.39735 14.40462 45.39771 14.40423 45.39902 14.40377 45.3999 14.40332 45.40086 14.40302 45.4019 14.4028 45.40282 14.4028 45.40365 14.40284 45.40366 14.4022 45.40514 14.40177 45.40536 14.40178 45.40536 14.40141 45.40512 14.40115 45.40561 14.4008 45.40643 14.4005 45.40668 14.40059 45.40732 14.40043 45.40774 14.4 45.40809 14.40036 45.40873 14.39997 45.40904 14.39934 45.40997 14.39903 45.41044 14.39907 45.41101 14.39884 45.41111 14.39861 45.41152 14.39838 45.41164 14.39806 45.41199 14.39795 45.41263 14.39779 45.41297 14.39789 45.41309 14.39848 45.41334 14.39872 45.41383 14.39845 45.41406 14.39829 45.4142 14.39843 45.41482 14.39775 45.41533 14.39747 45.41608 14.39616 45.41639 14.39581 45.41695 14.39541 45.41742 14.39509 45.41781 14.39482 45.41779 14.3944 45.41792 14.39414 45.41812 14.39405 45.41831 14.39417 45.4185 14.39393 45.41864 14.39384 45.41875 14.39376 45.41875 14.39375 45.41879 14.39355 45.41882 14.39339 45.41842 14.39337 45.41813 14.39293 45.41795 14.39247 45.41794 14.39209 45.41805 14.392 45.41832 14.39181 45.41828 14.39145 45.41827 14.39128 45.41807 14.39114 45.4181 14.39085 45.41785 14.3909 45.4174 14.39065 45.41743 14.39005 45.4177 14.38933 45.41808 14.38866 45.41883 14.38735 45.41928 14.38687 45.41976 14.3862 45.42027 14.38558 45.42075 14.3849 45.42116 14.38421 45.42146 14.38355 45.42154 14.38315 45.42155 14.38306 45.42127 14.38292 45.42124 14.3829 45.42099 14.38273 45.4207 14.38278 45.42078 14.38204 45.42052 14.38143 45.42064 14.3813 45.42124 14.38068 45.42114 14.38028 45.42149 14.37965</gml:posList>
                        </gml:LinearRing>
                      </gml:exterior>
                    </gml:Polygon>
                  </gml:surfaceMember>
                  <gml:surfaceMember>
                    <gml:Polygon gml:id="MEDIA_MONITORED_CILJ_ID_1_CILJ_ID_5_POLUTANT_2_MODEL_252">
                      <gml:exterior>
                        <gml:LinearRing>
                          <gml:posList srsDimension="2">45.37638 14.43855 45.3768 14.4387 45.37695 14.43762 45.37706 14.43715 45.37742 14.43684 45.37859 14.43704 45.37911 14.43724 45.37983 14.43692 45.38048 14.43683 45.38197 14.43391 45.38244 14.43363 45.38358 14.43342 45.38394 14.43308 45.3842 14.43284 45.38366 14.4318 45.38303 14.43082 45.38248 14.42979 45.3814 14.42878 45.38076 14.4283 45.38019 14.42759 45.37934 14.42673 45.37871 14.4255 45.37838 14.42462 45.37788 14.42398 45.37741 14.42292 45.37708 14.42322 45.37659 14.42336 45.37631 14.42329 45.37599 14.42218 45.37602 14.42168 45.37587 14.42121 45.37587 14.4212 45.37541 14.4209 45.37527 14.42071 45.37512 14.41962 45.3752 14.41953 45.37529 14.41942 45.37504 14.4193 45.3748 14.41918 45.37436 14.41897 45.37419 14.41855 45.37427 14.41751 45.37422 14.4168 45.37428 14.4163 45.37457 14.41598 45.37504 14.41567 45.37533 14.41535 45.3754 14.41476 45.37523 14.41409 45.37494 14.41347 45.37502 14.41295 45.375 14.41291 45.37497 14.41286 45.37496 14.41283 45.37472 14.41239 45.37455 14.4121 45.37424 14.41169 45.37407 14.41209 45.37375 14.41251 45.37319 14.41281 45.37271 14.41296 45.37231 14.41261 45.37188 14.41244 45.37173 14.412 45.37174 14.41136 45.37157 14.41129 45.37143 14.41124 45.37076 14.4109 45.37084 14.4096 45.37101 14.40935 45.37106 14.40928 45.37139 14.40879 45.37093 14.40823 45.37057 14.40808 45.37004 14.40792 45.36969 14.40725 45.36917 14.4064 45.3687 14.40584 45.36855 14.40523 45.36834 14.40487 45.36777 14.40425 45.36727 14.40342 45.36713 14.40316 45.36704 14.40297 45.36727 14.4025 45.36731 14.40213 45.36732 14.40202 45.36724 14.40188 45.36716 14.40172 45.36703 14.4015 45.36674 14.40171 45.36644 14.40192 45.36621 14.40218 45.36589 14.40197 45.36553 14.40179 45.36518 14.40187 45.36469 14.40211 45.36436 14.40203 45.364 14.40219 45.36363 14.40266 45.36344 14.40309 45.36309 14.40348 45.36273 14.40374 45.36238 14.40365 45.36198 14.4036 45.36194 14.4036 45.36146 14.40357 45.36109 14.40335 45.36106 14.403 45.3612 14.40225 45.36123 14.40133 45.3614 14.40098 45.36154 14.40067 45.36176 14.40017 45.36182 14.40003 45.36206 14.39941 45.36199 14.39914 45.36189 14.39879 45.36169 14.39843 45.36156 14.39822 45.36134 14.39786 45.36123 14.39735 45.36112 14.39654 45.36095 14.39603 45.3608 14.3958 45.36076 14.39575 45.36029 14.39528 45.36023 14.39523 45.35993 14.39489 45.36015 14.3942 45.36015 14.39413 45.36012 14.39394 45.36004 14.3932 45.35999 14.39186 45.3596 14.39198 45.35956 14.39171 45.35946 14.39146 45.35919 14.39113 45.35886 14.39084 45.35854 14.39072 45.35832 14.39046 45.35836 14.39016 45.35843 14.38983 45.35838 14.38958 45.3585 14.38916 45.35875 14.38922 45.35895 14.38912 45.35921 14.3892 45.35958 14.38909 45.35964 14.38896 45.35966 14.38892 45.35961 14.38864 45.35958 14.38852 45.35948 14.38814 45.35961 14.38799 45.35966 14.38792 45.35951 14.38748 45.3596 14.38735 45.35995 14.38727 45.36038 14.38733 45.36073 14.38646 45.3609 14.38602 45.36083 14.38552 45.36084 14.3851 45.36074 14.38478 45.36058 14.38424 45.36058 14.38365 45.36055 14.38343 45.36032 14.38319 45.36022 14.38305 45.36003 14.38279 45.35999 14.38261 45.35995 14.38239 45.36003 14.38201 45.36013 14.38168 45.36025 14.38132 45.36027 14.38128 45.3606 14.38088 45.36097 14.38056 45.36136 14.38037 45.36178 14.38022 45.36207 14.38008 45.36221 14.38002 45.36206 14.37969 45.36213 14.37958 45.36223 14.37942 45.36216 14.37883 45.36225 14.37867 45.36241 14.37838 45.3626 14.37791 45.36293 14.37704 45.36311 14.37644 45.36342 14.37535 45.36396 14.37528 45.3644 14.37534 45.36498 14.37552 45.36507 14.37593 45.36517 14.37599 45.36542 14.37589 45.36575 14.37665 45.36587 14.37651 45.36606 14.37606 45.36619 14.37537 45.36626 14.37486 45.36629 14.3746 45.36628 14.37391 45.3663 14.3736 45.36631 14.37336 45.36625 14.37309 45.36618 14.37278 45.3662 14.37234 45.36628 14.37189 45.36662 14.37139 45.36683 14.37106 45.3672 14.37053 45.36733 14.37004 45.36736 14.36957 45.36739 14.36892 45.36741 14.36866 45.36743 14.36846 45.36744 14.36837 45.36709 14.36843 45.36658 14.36836 45.36613 14.36822 45.36599 14.36808 45.36577 14.36847 45.36569 14.3688 45.36537 14.36905 45.36512 14.36943 45.3645 14.36991 45.36429 14.37024 45.36424 14.3704 45.36402 14.37041 45.36377 14.36987 45.36367 14.36954 45.36371 14.36911 45.36347 14.3696 45.36317 14.37013 45.36287 14.37032 45.36258 14.37011 45.36241 14.36987 45.36209 14.36935 45.36174 14.36884 45.36128 14.36871 45.36091 14.36848 45.36089 14.36828 45.36094 14.36807 45.36097 14.36796 45.36096 14.36795 45.36096 14.36794 45.36094 14.3677 45.36036 14.36756 45.36004 14.36733 45.35968 14.36675 45.35922 14.36627 45.35926 14.36573 45.35931 14.36524 45.35931 14.36517 45.35927 14.36485 45.35922 14.36452 45.35923 14.36391 45.35934 14.36351 45.35938 14.36292 45.3596 14.36259 45.35974 14.36238 45.35942 14.36172 45.35934 14.36156 45.35943 14.36121 45.35936 14.36111 45.35926 14.36096 45.35898 14.36059 45.35863 14.36025 45.35855 14.36017 45.35841 14.36005 45.35826 14.3596 45.35831 14.35932 45.35864 14.35895 45.35891 14.35882 45.35926 14.35877 45.3595 14.35853 45.35956 14.35841 45.35958 14.35838 45.35962 14.35831 45.35952 14.35829 45.35934 14.35826 45.35913 14.35821 45.35912 14.35805 45.35879 14.35818 45.35864 14.35771 45.3588 14.35758 45.35896 14.35737 45.35914 14.35718 45.35917 14.35699 45.35919 14.35685 45.35918 14.35675 45.35917 14.35665 45.35916 14.35658 45.35916 14.35653 45.35905 14.35625 45.35904 14.35624 45.35893 14.3561 45.35881 14.35606 45.3586 14.35597 45.35824 14.35593 45.3577 14.35598 45.35732 14.35598 45.35677 14.35585 45.35632 14.35578 45.35601 14.35595 45.35573 14.35615 45.35555 14.35633 45.3551 14.35665 45.35501 14.35672 45.35407 14.35678 45.3536 14.35682 45.35308 14.35701 45.35265 14.35709 45.35333 14.35566 45.35372 14.35493 45.35402 14.35452 45.35435 14.3537 45.35463 14.3527 45.35464 14.35167 45.35479 14.35062 45.35499 14.34962 45.35497 14.34887 45.35523 14.34807 45.35567 14.34715 45.35651 14.34544 45.35727 14.34362 45.35893 14.34033 45.35972 14.33846 45.35996 14.33802 45.35895 14.33714 45.35815 14.33643 45.35801 14.33644 45.3574 14.33659 45.35718 14.33658 45.35694 14.33622 45.35661 14.33575 45.35659 14.33573 45.35627 14.33532 45.3561 14.33513 45.35588 14.33501 45.35599 14.33471 45.35611 14.33441 45.35619 14.33411 45.35626 14.33382 45.35617 14.33365 45.35615 14.33362 45.35609 14.33353 45.35581 14.33316 45.35556 14.33284 45.35534 14.33269 45.35525 14.33241 45.35523 14.3324 45.35512 14.33232 45.35499 14.33222 45.35489 14.3321 45.35471 14.332 45.35373 14.33201 45.35292 14.33222 45.3523 14.33241 45.35224 14.33249 45.35225 14.33281 45.35223 14.33289 45.35187 14.33341 45.35178 14.33377 45.35175 14.33406 45.35179 14.33441 45.3518 14.33453 45.35184 14.33466 45.35189 14.33491 45.35193 14.33505 45.35195 14.33514 45.35193 14.33526 45.35184 14.3354 45.35179 14.33553 45.35179 14.33573 45.35187 14.33594 45.35187 14.33601 45.3518 14.33614 45.35182 14.33691 45.35175 14.33706 45.35164 14.33714 45.35096 14.3372 45.35078 14.3373 45.35065 14.33753 45.35067 14.33792 45.35067 14.33804 45.35064 14.3381 45.35053 14.33815 45.35046 14.33815 45.35037 14.33828 45.3503 14.33853 45.35023 14.33864 45.35021 14.33877 45.35023 14.33892 45.35024 14.33907 45.35021 14.33912 45.3501 14.33915 45.35004 14.33926 45.35002 14.33951 45.34987 14.33969 45.34987 14.33979 45.3499 14.33986 45.34993 14.33991 45.34991 14.34002 45.34982 14.34015 45.34982 14.3404 45.34995 14.34073 45.34995 14.34096 45.35002 14.34109 45.35008 14.34129 45.35008 14.3416 45.35012 14.3417 45.35012 14.34185 45.35008 14.34193 45.35002 14.342 45.34985 14.34198 45.34972 14.34198 45.34953 14.34211 45.34941 14.3422 45.34923 14.34241 45.34922 14.34255 45.34925 14.34269 45.34923 14.34283 45.34912 14.34289 45.34899 14.34291 45.34853 14.34361 45.34849 14.34376 45.34831 14.34399 45.34824 14.34422 45.34823 14.34453 45.34816 14.34466 45.34814 14.34489 45.34801 14.34514 45.34798 14.34596 45.34795 14.34622 45.34788 14.3464 45.34773 14.3466 45.34756 14.34696 45.34749 14.34706 45.3474 14.34712 45.34727 14.3473 45.34722 14.34748 45.34708 14.34771 45.34704 14.34781 45.34705 14.34799 45.34702 14.34809 45.34697 14.34817 45.34679 14.34865 45.34665 14.34895 45.34665 14.34917 45.34661 14.34945 45.34653 14.34963 45.34649 14.34975 45.34649 14.34988 45.34645 14.35002 45.34632 14.35037 45.3463 14.3507 45.34625 14.35093 45.34614 14.35116 45.34609 14.35137 45.34591 14.35173 45.34584 14.35229 45.34579 14.35242 45.34563 14.35234 45.34557 14.35242 45.34557 14.35256 45.34557 14.35257 45.34563 14.3528 45.34559 14.35296 45.34543 14.35319 45.34546 14.35355 45.34545 14.35367 45.34531 14.35388 45.3453 14.35399 45.34534 14.35406 45.34535 14.35416 45.34526 14.35439 45.34526 14.35467 45.34548 14.35495 45.34556 14.35509 45.34559 14.35523 45.34555 14.35537 45.34534 14.35574 45.34512 14.356 45.34511 14.35615 45.34498 14.35638 45.34495 14.35664 45.34486 14.35674 45.34481 14.35687 45.34473 14.35697 45.34461 14.35705 45.34454 14.35705 45.34439 14.35721 45.34434 14.35736 45.34409 14.35772 45.34406 14.35787 45.34401 14.35794 45.34395 14.35795 45.34382 14.35818 45.34375 14.35821 45.34366 14.35834 45.34363 14.35859 45.3434 14.3589 45.34336 14.35918 45.34327 14.35949 45.34327 14.35969 45.34315 14.36018 45.34317 14.36042 45.34315 14.36054 45.34308 14.36064 45.34299 14.36069 45.3429 14.36074 45.34276 14.36095 45.34265 14.36121 45.3426 14.36149 45.34262 14.36187 45.34275 14.36215 45.34304 14.36246 45.34316 14.36266 45.34322 14.36278 45.34326 14.36299 45.34324 14.36308 45.34318 14.36312 45.34309 14.36312 45.34266 14.36312 45.34234 14.36325 45.34225 14.36333 45.34213 14.36354 45.34202 14.36359 45.34193 14.36382 45.34193 14.36405 45.34204 14.36445 45.34202 14.36479 45.34181 14.3651 45.34176 14.36527 45.3417 14.36556 45.3417 14.36563 45.34169 14.36604 45.34162 14.36625 45.34162 14.36642 45.34165 14.36662 45.34161 14.36678 45.34153 14.36689 45.34135 14.36715 45.34119 14.36767 45.34112 14.36783 45.34103 14.36794 45.34098 14.36807 45.34096 14.3684 45.34091 14.36868 45.34091 14.36914 45.34102 14.36929 45.34117 14.36939 45.34123 14.36943 45.34123 14.36954 45.34128 14.36959 45.34137 14.36967 45.34135 14.36977 45.34124 14.36998 45.34124 14.37003 45.34135 14.3702 45.3414 14.37043 45.34147 14.37059 45.34147 14.37065 45.34147 14.37066 45.3414 14.37075 45.34129 14.37083 45.34112 14.371 45.34099 14.37113 45.34086 14.37128 45.34081 14.37144 45.34081 14.37164 45.34083 14.3718 45.34084 14.37198 45.34083 14.37217 45.34078 14.3723 45.34071 14.37239 45.34063 14.37243 45.34052 14.37243 45.34042 14.37246 45.34036 14.37262 45.34034 14.37273 45.3403 14.37282 45.34023 14.37291 45.34019 14.37302 45.34021 14.37318 45.34023 14.37334 45.34022 14.37353 45.34023 14.37371 45.34023 14.37392 45.34016 14.37422 45.34011 14.37451 45.34006 14.37465 45.33997 14.37484 45.33989 14.37503 45.3398 14.37519 45.33976 14.37531 45.33975 14.37539 45.33973 14.37544 45.33966 14.37551 45.33961 14.37555 45.33956 14.37561 45.33956 14.37563 45.33956 14.37569 45.3396 14.37577 45.33965 14.37584 45.3397 14.37588 45.33971 14.37593 45.33968 14.37601 45.33963 14.37606 45.3396 14.37616 45.33965 14.37623 45.33972 14.37635 45.33971 14.37641 45.33965 14.37648 45.33952 14.37652 45.33939 14.37663 45.33922 14.37688 45.33911 14.37709 45.33905 14.37725 45.33901 14.3774 45.339 14.37748 45.33904 14.37765 45.33913 14.37793 45.33922 14.37825 45.33925 14.37836 45.33925 14.37845 45.33922 14.3786 45.33916 14.37883 45.33914 14.37891 45.33911 14.37905 45.33895 14.379 45.33879 14.37895 45.33882 14.37841 45.33882 14.37814 45.3387 14.37813 45.33868 14.37876 45.33866 14.37908 45.33877 14.37911 45.33899 14.37919 45.33905 14.37935 45.33904 14.37956 45.33901 14.37969 45.3389 14.3799 45.33872 14.38015 45.33864 14.38033 45.33857 14.38047 45.33847 14.38057 45.3384 14.38067 45.3384 14.38078 45.33839 14.38096 45.33837 14.38121 45.33835 14.38134 45.33828 14.38159 45.33822 14.38191 45.33817 14.38216 45.33814 14.38259 45.33812 14.38288 45.3381 14.38308 45.33796 14.3833 45.33784 14.3836 45.33777 14.38397 45.33776 14.38413 45.33772 14.38429 45.33766 14.3844 45.33763 14.38453 45.33763 14.38468 45.33762 14.38485 45.33757 14.38496 45.33749 14.38508 45.33745 14.38518 45.33744 14.38537 45.33742 14.3859 45.33742 14.3861 45.3375 14.38629 45.33754 14.3864 45.33756 14.38654 45.33755 14.38666 45.33749 14.38674 45.33736 14.38685 45.33726 14.38705 45.33722 14.38723 45.33723 14.38737 45.33723 14.38755 45.33732 14.38784 45.33738 14.38801 45.33739 14.38821 45.33734 14.38844 45.33725 14.38858 45.33712 14.38862 45.33682 14.38861 45.33676 14.38893 45.33635 14.38884 45.33635 14.3884 45.33642 14.38815 45.33634 14.3881 45.33624 14.38836 45.33619 14.38932 45.33627 14.38932 45.33629 14.38939 45.33621 14.38946 45.33655 14.39025 45.33667 14.39054 45.33646 14.39074 45.33632 14.39046 45.33617 14.39059 45.33634 14.39102 45.336 14.39134 45.33655 14.39274 45.33635 14.39289 45.33645 14.39317 45.33619 14.39335 45.33601 14.3929 45.33588 14.39298 45.33667 14.39649 45.33619 14.39672 45.33555 14.39399 45.33537 14.39398 45.33505 14.39275 45.33503 14.39256 45.33504 14.3924 45.33519 14.39184 45.33506 14.39176 45.33486 14.39243 45.33484 14.39259 45.33487 14.3928 45.33521 14.39405 45.33519 14.39445 45.33514 14.39495 45.3351 14.39526 45.33503 14.39559 45.33502 14.39577 45.33503 14.39586 45.33523 14.39616 45.33523 14.39729 45.33521 14.39973 45.33521 14.39992 45.33476 14.39993 45.33475 14.40021 45.33526 14.4002 45.33526 14.40082 45.33486 14.40083 45.33486 14.40175 45.33449 14.40177 45.33449 14.401 45.33462 14.40098 45.33462 14.4007 45.33455 14.4007 45.33456 14.39988 45.33448 14.39968 45.33436 14.39981 45.33441 14.39998 45.33438 14.40078 45.33435 14.4019 45.33433 14.4033 45.33424 14.40347 45.33412 14.40345 45.33394 14.40373 45.33412 14.40401 45.33427 14.4039 45.33426 14.40449 45.33422 14.4046 45.33395 14.40503 45.33391 14.40521 45.33391 14.40599 45.33393 14.4061 45.33406 14.40642 45.3343 14.40685 45.3344 14.40703 45.33443 14.40717 45.33445 14.40918 45.33443 14.40944 45.33443 14.40954 45.33436 14.40994 45.33428 14.41031 45.33406 14.41084 45.33374 14.41139 45.3339 14.41159 45.33395 14.41145 45.33415 14.41161 45.33345 14.41377 45.33304 14.41356 45.33265 14.41335 45.3326 14.41323 45.33256 14.41314 45.33265 14.41256 45.33275 14.4126 45.33282 14.4123 45.33274 14.41227 45.33278 14.41208 45.33286 14.4121 45.33293 14.41175 45.33284 14.41171 45.33286 14.41156 45.33296 14.41158 45.33298 14.41129 45.3329 14.41128 45.33292 14.41103 45.33293 14.41078 45.33282 14.41077 45.33278 14.41128 45.33278 14.41148 45.33254 14.41261 45.33246 14.41304 45.33246 14.41322 45.33252 14.41339 45.33266 14.41354 45.33281 14.41366 45.33267 14.41414 45.3326 14.41436 45.33216 14.41578 45.33212 14.41605 45.33207 14.41645 45.33177 14.41733 45.33167 14.41768 45.33151 14.41803 45.33142 14.41853 45.33134 14.41915 45.33133 14.41949 45.33127 14.41971 45.33122 14.42 45.33122 14.42019 45.3312 14.4203 45.33113 14.4205 45.33093 14.42083 45.33084 14.42098 45.33078 14.42103 45.33076 14.42104 45.3306 14.421 45.3304 14.42091 45.32993 14.42089 45.32959 14.42096 45.32949 14.42105 45.32941 14.42118 45.32936 14.42142 45.32933 14.42169 45.33059 14.4223 45.33025 14.42391 45.33016 14.42436 45.32987 14.42601 45.32973 14.42668 45.32882 14.42605 45.32848 14.42696 45.3294 14.4277 45.32865 14.42999 45.32832 14.43102 45.32824 14.43126 45.32809 14.43168 45.32674 14.43077 45.32635 14.43186 45.32797 14.43308 45.32707 14.43568 45.32592 14.43489 45.32555 14.43585 45.32681 14.4367 45.3265 14.43757 45.32696 14.43793 45.32671 14.4386 45.32617 14.43824 45.32593 14.43878 45.32651 14.43918 45.3263 14.43973 45.32617 14.44009 45.32567 14.4398 45.32555 14.44099 45.32582 14.44118 45.32568 14.44151 45.32551 14.4419 45.3247 14.44124 45.32409 14.4407 45.32391 14.44054 45.32391 14.43989 45.32406 14.43982 45.32405 14.43869 45.32411 14.4383 45.32414 14.43765 45.32434 14.43491 45.32445 14.43331 45.32456 14.43201 45.32468 14.43152 45.32479 14.43123 45.32553 14.42903 45.32581 14.42823 45.32601 14.42758 45.32654 14.42593 45.32663 14.42566 45.32672 14.42492 45.32681 14.42403 45.32715 14.42096 45.3272 14.42056 45.3272 14.42022 45.32714 14.41928 45.32696 14.41932 45.32702 14.42031 45.32702 14.4206 45.32696 14.42119 45.32646 14.42555 45.32636 14.42587 45.32596 14.42705 45.32498 14.4299 45.32433 14.43196 45.32425 14.43221 45.32422 14.4325 45.32419 14.43318 45.32385 14.43793 45.32376 14.43862 45.32363 14.43875 45.32302 14.43882 45.32309 14.4391 45.3236 14.43912 45.32354 14.43999 45.32352 14.44018 45.32375 14.44003 45.32375 14.44034 45.32355 14.44042 45.32347 14.44066 45.32329 14.44144 45.32289 14.44305 45.32288 14.44312 45.32318 14.44381 45.32305 14.44424 45.32298 14.44414 45.32295 14.4444 45.32266 14.44408 45.32194 14.44332 45.32196 14.44324 45.32221 14.44212 45.32199 14.44192 45.32165 14.44286 45.32163 14.44291 45.32144 14.44272 45.32145 14.44262 45.32168 14.44108 45.32193 14.43944 45.32202 14.43887 45.32253 14.43893 45.32254 14.43874 45.32201 14.43864 45.32171 14.43785 45.3216 14.43793 45.32184 14.43865 45.32151 14.44105 45.32124 14.44254 45.3212 14.44285 45.32126 14.44327 45.3217 14.44524 45.32197 14.44639 45.32204 14.44698 45.32203 14.44783 45.32199 14.44799 45.32178 14.44852 45.32166 14.44894 45.32252 14.44968 45.32263 14.4497 45.32272 14.45013 45.32221 14.45011 45.32219 14.45068 45.32193 14.45062 45.32192 14.45077 45.32213 14.45086 45.32192 14.45198 45.3218 14.45194 45.32178 14.45211 45.32188 14.45216 45.32167 14.45354 45.32158 14.45362 45.32153 14.45374 45.3215 14.45383 45.32149 14.45397 45.32151 14.4541 45.32155 14.45423 45.32155 14.45434 45.3215 14.45474 45.32146 14.45486 45.3214 14.45498 45.32125 14.45512 45.32111 14.45536 45.32102 14.45554 45.32091 14.45597 45.3209 14.4563 45.32093 14.45679 45.32104 14.45715 45.32118 14.45743 45.32123 14.4576 45.32124 14.45804 45.32122 14.45851 45.3212 14.45867 45.32118 14.45881 45.32111 14.45909 45.321 14.45947 45.32074 14.45999 45.3204 14.46067 45.32003 14.46124 45.31988 14.46157 45.31977 14.46145 45.31969 14.46157 45.3198 14.46171 45.31968 14.46191 45.31955 14.46226 45.31941 14.46266 45.31931 14.46289 45.31923 14.46304 45.31904 14.46317 45.3189 14.4633 45.3188 14.46352 45.31876 14.46373 45.3187 14.4639 45.31871 14.46421 45.31862 14.46447 45.31847 14.46473 45.31839 14.46483 45.31832 14.46485 45.31818 14.4649 45.31806 14.46505 45.31798 14.46514 45.31794 14.46529 45.31792 14.4655 45.31787 14.46571 45.31777 14.46596 45.31769 14.46615 45.31761 14.46621 45.31745 14.46631 45.31716 14.46637 45.31699 14.46642 45.31686 14.46659 45.3168 14.46665 45.3167 14.4667 45.31663 14.46684 45.31651 14.46692 45.31626 14.46705 45.3161 14.46714 45.31597 14.46725 45.31593 14.46737 45.3159 14.46749 45.31576 14.46766 45.31567 14.46776 45.31566 14.46808 45.3157 14.46833 45.31568 14.4686 45.31559 14.469 45.31552 14.46922 45.31543 14.46937 45.31531 14.46939 45.31519 14.46945 45.31505 14.46947 45.31491 14.46949 45.31477 14.46959 45.31471 14.46973 45.31462 14.46987 45.31448 14.46996 45.3143 14.47002 45.31415 14.47008 45.31401 14.4702 45.31392 14.47037 45.31387 14.47053 45.31401 14.47059 45.31394 14.47078 45.31368 14.47088 45.31384 14.47019 45.31374 14.47016 45.31358 14.47069 45.31338 14.4712 45.31326 14.47146 45.31311 14.47163 45.31297 14.47185 45.31278 14.47215 45.31258 14.47242 45.31246 14.47258 45.31237 14.47295 45.31221 14.47358 45.31207 14.47399 45.31183 14.47457 45.31184 14.47462 45.31212 14.47439 45.31221 14.47453 45.31199 14.47479 45.31204 14.47488 45.3123 14.47464 45.31239 14.47477 45.3121 14.47506 45.31204 14.47506 45.31175 14.47463 45.31176 14.47445 45.31167 14.47445 45.31167 14.47464 45.3117 14.47477 45.31202 14.47525 45.31209 14.47555 45.31212 14.47564 45.31226 14.47563 45.31243 14.47566 45.31251 14.47573 45.31255 14.47586 45.31255 14.47601 45.31263 14.47618 45.31274 14.47629 45.31282 14.47639 45.31288 14.4766 45.31304 14.47677 45.31316 14.47688 45.31326 14.47681 45.3134 14.4767 45.31368 14.47624 45.3139 14.47642 45.31405 14.47649 45.3143 14.47644 45.31533 14.4759 45.31596 14.47549 45.31614 14.47549 45.31622 14.4755 45.31625 14.47557 45.31641 14.47589 45.31637 14.47604 45.31632 14.47626 45.31601 14.47676 45.31562 14.47746 45.31532 14.47806 45.31524 14.47863 45.3155 14.47922 45.31579 14.47996 45.31599 14.48022 45.3163 14.48062 45.31647 14.48029 45.31684 14.48064 45.31714 14.48085 45.31732 14.48101 45.31775 14.48095 45.31795 14.48108 45.31838 14.48145 45.31871 14.48134 45.31884 14.48239 45.31906 14.48306 45.31931 14.48365 45.31937 14.48423 45.31951 14.48469 45.3196 14.48527 45.31961 14.48532 45.31961 14.48547 45.3196 14.4859 45.31956 14.48658 45.3195 14.48716 45.31969 14.48786 45.31971 14.48796 45.31957 14.48891 45.31841 14.49075 45.31874 14.49116 45.31887 14.49133 45.31888 14.49152 45.31895 14.49333 45.31899 14.49452 45.31891 14.49469 45.31886 14.4948 45.3187 14.49512 45.3186 14.49533 45.31842 14.49569 45.31798 14.4966 45.31752 14.49762 45.31702 14.4984 45.3165 14.49917 45.31575 14.49998 45.31536 14.50074 45.31531 14.50132 45.31495 14.50264 45.31469 14.50351 45.31423 14.50408 45.31398 14.50475 45.31373 14.50568 45.31334 14.50711 45.3133 14.5072 45.3132 14.5074 45.31298 14.50788 45.31265 14.50844 45.31248 14.50917 45.31218 14.51032 45.31184 14.51112 45.31141 14.51214 45.3113 14.51274 45.31118 14.51335 45.3111 14.51397 45.3111 14.51519 45.31129 14.51615 45.31153 14.51753 45.31154 14.51755 45.31167 14.51801 45.31182 14.51852 45.31182 14.51873 45.31181 14.51901 45.31174 14.51963 45.31146 14.52021 45.31121 14.52055 45.31088 14.52088 45.31063 14.52131 45.31059 14.52177 45.31056 14.52201 45.3095 14.5228 45.30895 14.52314 45.30831 14.5236 45.30787 14.52383 45.30744 14.52414 45.3074 14.52414 45.30884 14.52772 45.30909 14.52797 45.30944 14.52855 45.30973 14.52977 45.30995 14.52901 45.31017 14.52925 45.31046 14.52993 45.31072 14.52998 45.31138 14.53 45.31162 14.52982 45.31342 14.53221 45.31384 14.53247 45.31386 14.53234 45.31395 14.53133 45.31423 14.53058 45.31441 14.53042 45.31477 14.53059 45.31501 14.53067 45.31522 14.53072 45.31544 14.53066 45.31556 14.53053 45.31565 14.53027 45.31565 14.53004 45.3156 14.52971 45.31548 14.52927 45.3158 14.52886 45.31619 14.52833 45.31663 14.52764 45.31675 14.52756 45.3169 14.52747 45.31662 14.52615 45.31638 14.5254 45.31601 14.52426 45.31574 14.52373 45.31535 14.5227 45.31513 14.52185 45.31541 14.52164 45.31606 14.52124 45.31667 14.5209 45.31708 14.52058 45.31755 14.51989 45.31783 14.5191 45.31824 14.51808 45.31864 14.51675 45.31889 14.51569 45.31912 14.51457 45.31947 14.51334 45.31971 14.51296 45.31972 14.51294 45.31974 14.51291 45.32018 14.51204 45.32061 14.51118 45.32106 14.51043 45.32153 14.50952 45.32203 14.50856 45.32242 14.50783 45.32281 14.50747 45.32328 14.50712 45.32351 14.50678 45.32365 14.50612 45.32382 14.50546 45.32414 14.50496 45.32458 14.50442 45.32461 14.50436 45.32485 14.5037 45.3251 14.50272 45.32531 14.50214 45.32547 14.50171 45.32591 14.50091 45.32656 14.49968 45.32709 14.49887 45.32764 14.49805 45.32808 14.49712 45.32855 14.49589 45.32882 14.49533 45.32914 14.49467 45.32965 14.49389 45.33007 14.49308 45.33018 14.49288 45.33056 14.49215 45.33094 14.49139 45.33125 14.49063 45.33158 14.48965 45.33211 14.48847 45.33279 14.48757 45.33347 14.4867 45.33474 14.48525 45.33545 14.48491 45.33611 14.48444 45.33696 14.48387 45.33772 14.48315 45.33825 14.4829 45.33905 14.48287 45.33938 14.48291 45.33977 14.48223 45.34025 14.4815 45.34103 14.48052 45.34156 14.47961 45.34204 14.47845 45.34303 14.47619 45.34402 14.47555 45.34432 14.47595 45.34448 14.47622 45.34466 14.4763 45.34477 14.47625 45.34477 14.47593 45.34477 14.47591 45.34476 14.47591 45.34473 14.47583 45.3447 14.47574 45.3446 14.47537 45.34454 14.4751 45.34462 14.47472 45.3448 14.47451 45.345 14.47445 45.34519 14.47435 45.34572 14.47409 45.34676 14.47377 45.34768 14.47341 45.34788 14.47343 45.3482 14.47345 45.3485 14.47362 45.34858 14.47382 45.34866 14.474 45.34925 14.47382 45.3494 14.474 45.34951 14.47374 45.35034 14.47347 45.3512 14.47338 45.352 14.47318 45.35286 14.47288 45.35384 14.47227 45.35479 14.47185 45.35523 14.47165 45.3558 14.47136 45.3562 14.47109 45.35651 14.47078 45.35703 14.47007 45.3574 14.4696 45.35803 14.46899 45.35826 14.46857 45.35832 14.46792 45.35834 14.46745 45.35835 14.46714 45.35836 14.46692 45.35835 14.46685 45.35834 14.46678 45.35831 14.46661 45.35828 14.4664 45.35822 14.46568 45.35819 14.46524 45.35781 14.4649 45.35759 14.46427 45.35743 14.46385 45.35717 14.46352 45.35686 14.46362 45.35667 14.46366 45.35648 14.46348 45.35654 14.46294 45.35663 14.46219 45.35668 14.4616 45.35672 14.46073 45.357 14.46092 45.35729 14.46113 45.35749 14.46084 45.35772 14.4608 45.35823 14.46028 45.35881 14.45961 45.35931 14.45898 45.35988 14.45834 45.36044 14.45767 45.36087 14.45732 45.36093 14.45722 45.36128 14.45673 45.36136 14.45662 45.36135 14.45657 45.36128 14.45632 45.36123 14.45581 45.36133 14.45538 45.36141 14.45499 45.36143 14.45483 45.36145 14.45459 45.36128 14.45423 45.36087 14.45371 45.36053 14.45323 45.36016 14.45277 45.35987 14.45258 45.35951 14.45268 45.35897 14.45292 45.35886 14.45252 45.35883 14.45216 45.35876 14.45177 45.35861 14.45117 45.35857 14.45067 45.35855 14.45003 45.35846 14.44943 45.35832 14.44903 45.35816 14.44849 45.35818 14.44794 45.35812 14.44728 45.35869 14.44672 45.35895 14.44638 45.35931 14.4459 45.35988 14.44577 45.36048 14.44606 45.36107 14.44637 45.36152 14.4464 45.36185 14.44599 45.3622 14.44554 45.36309 14.44506 45.3638 14.44508 45.3643 14.4447 45.36465 14.44452 45.36517 14.44379 45.36559 14.44335 45.36605 14.44267 45.36665 14.44243 45.3672 14.44257 45.36796 14.44287 45.36911 14.44171 45.37 14.44144 45.37132 14.44102 45.37239 14.44069 45.37301 14.44046 45.37364 14.44009 45.37441 14.43994 45.3749 14.44026 45.37524 14.44084 45.37602 14.4397 45.37638 14.43855</gml:posList>
                        </gml:LinearRing>
                      </gml:exterior>
                    </gml:Polygon>
                  </gml:surfaceMember>
                  <gml:surfaceMember>
                    <gml:Polygon gml:id="MEDIA_MONITORED_CILJ_ID_1_CILJ_ID_5_POLUTANT_2_MODEL_253">
                      <gml:exterior>
                        <gml:LinearRing>
                          <gml:posList srsDimension="2">45.2453 14.55933 45.24532 14.55933 45.24538 14.55932 45.24545 14.55926 45.24554 14.55921 45.24558 14.55916 45.24566 14.55905 45.24575 14.55898 45.24579 14.559 45.24587 14.55903 45.2459 14.55896 45.2459 14.55893 45.24589 14.55885 45.24587 14.55873 45.2458 14.5587 45.24573 14.55868 45.24566 14.55872 45.24556 14.55877 45.24545 14.55876 45.24538 14.55889 45.24535 14.55904 45.24533 14.55913 45.24529 14.55921 45.24528 14.55927 45.2453 14.55933</gml:posList>
                        </gml:LinearRing>
                      </gml:exterior>
                    </gml:Polygon>
                  </gml:surfaceMember>
                  <gml:surfaceMember>
                    <gml:Polygon gml:id="MEDIA_MONITORED_CILJ_ID_1_CILJ_ID_5_POLUTANT_2_MODEL_254">
                      <gml:exterior>
                        <gml:LinearRing>
                          <gml:posList srsDimension="2">45.31957 14.48891 45.31971 14.48796 45.31969 14.48786 45.3195 14.48716 45.31956 14.48658 45.3196 14.4859 45.31961 14.48547 45.31961 14.48532 45.3196 14.48527 45.31951 14.48469 45.31937 14.48423 45.31931 14.48365 45.31906 14.48306 45.31884 14.48239 45.31871 14.48134 45.31838 14.48145 45.31795 14.48108 45.31775 14.48095 45.31732 14.48101 45.31714 14.48085 45.31684 14.48064 45.31647 14.48029 45.3163 14.48062 45.31599 14.48022 45.31579 14.47996 45.3155 14.47922 45.31524 14.47863 45.31532 14.47806 45.31562 14.47746 45.31601 14.47676 45.31632 14.47626 45.31637 14.47604 45.31641 14.47589 45.31625 14.47557 45.31622 14.4755 45.31614 14.47549 45.31596 14.47549 45.31533 14.4759 45.3143 14.47644 45.31405 14.47649 45.3139 14.47642 45.31368 14.47624 45.3134 14.4767 45.31326 14.47681 45.31316 14.47688 45.31334 14.47705 45.31337 14.47717 45.31346 14.47731 45.31352 14.47745 45.31354 14.47764 45.31354 14.47782 45.31368 14.47799 45.31377 14.47787 45.31394 14.47803 45.3139 14.47816 45.31404 14.47828 45.31409 14.47816 45.31427 14.47833 45.31423 14.47842 45.31434 14.47852 45.31455 14.47812 45.31474 14.47805 45.31483 14.47807 45.31491 14.47813 45.31494 14.4782 45.31491 14.47836 45.31481 14.47851 45.31487 14.47863 45.31499 14.47847 45.31509 14.4786 45.31506 14.47867 45.3151 14.47907 45.31517 14.47961 45.31488 14.47919 45.31478 14.47937 45.3154 14.48038 45.31603 14.48139 45.31618 14.48162 45.31587 14.48216 45.31539 14.48163 45.31557 14.48125 45.31454 14.48007 45.31444 14.48008 45.31402 14.48075 45.31404 14.48086 45.3152 14.48217 45.3153 14.48217 45.31539 14.48214 45.31543 14.48207 45.31544 14.48199 45.31544 14.48185 45.31583 14.48229 45.31576 14.48238 45.31583 14.48249 45.31562 14.48288 45.31551 14.48275 45.31539 14.48293 45.31547 14.48305 45.31536 14.48321 45.31524 14.48324 45.31509 14.48341 45.31399 14.4821 45.31307 14.48101 45.31288 14.48079 45.31209 14.47984 45.31157 14.47922 45.31141 14.47938 45.31141 14.4792 45.31126 14.47919 45.31126 14.47934 45.31115 14.47929 45.31109 14.47927 45.31099 14.47927 45.31088 14.47933 45.31074 14.4794 45.31107 14.47699 45.31093 14.47694 45.31059 14.47923 45.31047 14.4793 45.31031 14.4795 45.31018 14.47975 45.31011 14.47995 45.31004 14.48027 45.30996 14.48057 45.30985 14.48079 45.30972 14.481 45.30946 14.48132 45.30929 14.48157 45.30915 14.48185 45.3091 14.48195 45.30905 14.48218 45.30879 14.48216 45.30879 14.48231 45.30898 14.48235 45.30891 14.48258 45.3088 14.48285 45.30868 14.48308 45.30855 14.48335 45.30826 14.48382 45.3078 14.48453 45.30754 14.48499 45.3073 14.4853 45.3072 14.48545 45.30714 14.48554 45.30713 14.48562 45.30713 14.48565 45.30715 14.48573 45.30714 14.48588 45.30713 14.48611 45.30713 14.48626 45.30716 14.48646 45.30727 14.48669 45.30737 14.48695 45.30743 14.48713 45.30759 14.48732 45.3078 14.4875 45.30795 14.48764 45.30805 14.48779 45.30809 14.48792 45.30808 14.48804 45.30802 14.48816 45.30802 14.48817 45.3078 14.48849 45.30768 14.48866 45.30763 14.48873 45.30757 14.48875 45.30755 14.48875 45.30754 14.48857 45.30746 14.48858 45.30746 14.48873 45.30733 14.48873 45.30734 14.48858 45.30724 14.48859 45.30724 14.48875 45.30718 14.48872 45.30713 14.48863 45.30707 14.4884 45.30702 14.48829 45.30699 14.48818 45.30699 14.48808 45.30696 14.48807 45.3069 14.48807 45.30684 14.48812 45.30676 14.48817 45.30662 14.48818 45.30642 14.48815 45.30626 14.4881 45.30616 14.48799 45.30607 14.48779 45.30601 14.48766 45.30592 14.48756 45.30569 14.48746 45.30529 14.48727 45.30521 14.48727 45.30513 14.48733 45.30508 14.48742 45.30498 14.48754 45.30495 14.48756 45.30485 14.48763 45.30468 14.48781 45.30459 14.48786 45.3045 14.48785 45.30443 14.48786 45.30437 14.48795 45.30428 14.48807 45.30424 14.48811 45.30416 14.48812 45.30399 14.48807 45.30366 14.48804 45.30333 14.48798 45.30316 14.488 45.30305 14.48802 45.30291 14.48811 45.30274 14.48829 45.30246 14.48871 45.30232 14.48891 45.30221 14.48899 45.30201 14.48909 45.3018 14.4892 45.30161 14.48936 45.30142 14.4895 45.3013 14.48967 45.30104 14.48995 45.30084 14.4901 45.30072 14.49021 45.30064 14.49034 45.3006 14.4904 45.30054 14.49045 45.30048 14.49048 45.30041 14.49052 45.30037 14.49057 45.30035 14.49066 45.30033 14.49076 45.30027 14.49087 45.30018 14.49094 45.30009 14.49097 45.30001 14.491 45.29996 14.49105 45.29994 14.49111 45.2999 14.49125 45.29987 14.49136 45.29977 14.49148 45.29959 14.49171 45.29949 14.49184 45.29934 14.49195 45.29923 14.49201 45.2991 14.49205 45.29898 14.49209 45.29893 14.49213 45.29887 14.49222 45.29877 14.49238 45.29868 14.49248 45.29855 14.49255 45.29846 14.49259 45.29836 14.49263 45.29825 14.49268 45.29806 14.49294 45.29803 14.49311 45.29798 14.49327 45.29789 14.49343 45.29769 14.49355 45.29759 14.49362 45.29752 14.49372 45.29752 14.49393 45.29757 14.49433 45.2977 14.49484 45.29787 14.49536 45.29799 14.49549 45.29802 14.49561 45.29801 14.49574 45.29798 14.49576 45.29792 14.49582 45.29777 14.49579 45.2972 14.49554 45.29691 14.49552 45.29662 14.4956 45.29641 14.49588 45.29628 14.49603 45.29617 14.49624 45.29608 14.49637 45.29587 14.49652 45.29558 14.49655 45.29536 14.49668 45.29529 14.49681 45.29526 14.49706 45.29517 14.49732 45.29512 14.4974 45.29494 14.49742 45.29481 14.49763 45.29478 14.49773 45.29478 14.49783 45.29481 14.49791 45.29483 14.49803 45.2948 14.49819 45.29463 14.49827 45.29454 14.49837 45.29453 14.49873 45.29437 14.49898 45.29423 14.49952 45.29421 14.49999 45.29421 14.50003 45.29427 14.50014 45.29439 14.50029 45.29443 14.50041 45.29439 14.50059 45.29434 14.50064 45.29423 14.50087 45.29418 14.50118 45.2942 14.50212 45.29422 14.50229 45.29428 14.50248 45.29431 14.50266 45.29427 14.50276 45.29423 14.50285 45.2942 14.50292 45.29419 14.50304 45.29412 14.50332 45.2939 14.50371 45.29385 14.50388 45.29383 14.50416 45.29385 14.50438 45.29388 14.5045 45.29387 14.50467 45.2938 14.50478 45.29362 14.50488 45.29355 14.50501 45.29348 14.50526 45.29335 14.50555 45.29335 14.50578 45.29339 14.50592 45.29335 14.506 45.29329 14.50605 45.29323 14.50604 45.29317 14.50601 45.29305 14.50601 45.29295 14.50594 45.29285 14.50593 45.29272 14.50596 45.29262 14.50601 45.29247 14.50619 45.29233 14.50663 45.29228 14.50708 45.29215 14.50754 45.29205 14.50829 45.29193 14.50872 45.29195 14.50913 45.29198 14.50923 45.29213 14.50943 45.29214 14.5095 45.29213 14.50964 45.29207 14.50979 45.292 14.50983 45.29184 14.50982 45.29177 14.50987 45.29163 14.5101 45.29159 14.51031 45.29153 14.51037 45.29144 14.5103 45.29136 14.51033 45.29121 14.51064 45.2911 14.51083 45.29105 14.511 45.29098 14.51143 45.29073 14.5121 45.29068 14.51235 45.2905 14.51286 45.29043 14.51297 45.29036 14.5132 45.29034 14.51335 45.29038 14.51342 45.29038 14.51353 45.29035 14.51357 45.29029 14.5136 45.2902 14.51378 45.29018 14.51392 45.29019 14.51413 45.29017 14.51427 45.2901 14.51437 45.28981 14.51432 45.28974 14.51437 45.28972 14.51445 45.28959 14.51453 45.2895 14.51476 45.28952 14.51495 45.28956 14.51506 45.28954 14.51517 45.28946 14.51521 45.28942 14.51524 45.28936 14.51528 45.28913 14.51542 45.28899 14.51571 45.28877 14.51594 45.28874 14.51604 45.28875 14.5163 45.28877 14.51636 45.28875 14.51642 45.28868 14.51642 45.2885 14.51655 45.288 14.51712 45.28775 14.5173 45.28761 14.51745 45.28755 14.51758 45.28759 14.51783 45.28758 14.51791 45.28756 14.51801 45.28743 14.51809 45.28736 14.51809 45.28705 14.51837 45.28682 14.51852 45.28661 14.51881 45.28643 14.51894 45.28619 14.5192 45.286 14.51953 45.28592 14.51966 45.28567 14.51984 45.28551 14.52006 45.28535 14.52031 45.2852 14.52073 45.28494 14.52145 45.28475 14.52181 45.28468 14.52214 45.28455 14.52233 45.28442 14.52247 45.2843 14.52265 45.28414 14.52317 45.28413 14.52355 45.28412 14.52368 45.28426 14.52438 45.28438 14.52445 45.28449 14.52453 45.28467 14.52456 45.28467 14.52433 45.28453 14.52434 45.28452 14.52407 45.28443 14.52404 45.28446 14.52385 45.28462 14.52387 45.28461 14.52367 45.28476 14.52368 45.28472 14.524 45.2848 14.52405 45.28484 14.5238 45.28492 14.52397 45.28497 14.52448 45.28497 14.52492 45.28492 14.52517 45.28485 14.5254 45.28467 14.52579 45.28449 14.5262 45.28444 14.52631 45.28433 14.52663 45.28423 14.52686 45.28413 14.52698 45.28401 14.52714 45.28387 14.52735 45.28376 14.52748 45.28369 14.52781 45.28364 14.52804 45.28361 14.52914 45.28368 14.52952 45.28379 14.52981 45.28384 14.52998 45.28386 14.53005 45.28383 14.53013 45.28375 14.53021 45.28369 14.53019 45.28359 14.53013 45.28332 14.52985 45.28309 14.52957 45.28294 14.52937 45.28287 14.52932 45.2828 14.52935 45.28278 14.52963 45.28282 14.52973 45.28289 14.5298 45.28287 14.52988 45.28261 14.53085 45.28232 14.5317 45.28216 14.53188 45.28196 14.53257 45.2817 14.5332 45.28165 14.53405 45.28159 14.53435 45.28154 14.53461 45.28111 14.53596 45.28099 14.53691 45.28087 14.53732 45.28053 14.53785 45.2804 14.53816 45.28028 14.53839 45.28006 14.5387 45.27978 14.53898 45.27946 14.53962 45.27933 14.5398 45.27915 14.54003 45.27905 14.53989 45.27898 14.54001 45.27908 14.54013 45.27903 14.54019 45.2788 14.54051 45.27869 14.54039 45.27861 14.54054 45.27869 14.54066 45.27847 14.54098 45.27837 14.54112 45.27827 14.54101 45.2782 14.54112 45.27831 14.54125 45.27811 14.54157 45.27806 14.54163 45.27798 14.54153 45.27792 14.54162 45.27798 14.54174 45.27779 14.54201 45.27779 14.54216 45.27792 14.54254 45.27788 14.5429 45.27792 14.543 45.27801 14.54307 45.27805 14.54323 45.27805 14.54369 45.27812 14.54407 45.27811 14.54473 45.27816 14.54501 45.27816 14.54529 45.27806 14.54562 45.27793 14.54583 45.27761 14.54632 45.27752 14.54657 45.27743 14.54708 45.27749 14.54767 45.27744 14.54876 45.27748 14.54904 45.2775 14.54927 45.27752 14.5495 45.27754 14.55075 45.27761 14.55162 45.27761 14.55192 45.27767 14.55225 45.27767 14.55246 45.27773 14.55261 45.27782 14.55269 45.27792 14.55269 45.27803 14.55258 45.27814 14.55256 45.27826 14.55245 45.27837 14.5523 45.27852 14.55217 45.27871 14.55204 45.27878 14.55186 45.27891 14.55168 45.27911 14.55153 45.27932 14.55115 45.27948 14.55107 45.27956 14.55112 45.27959 14.55119 45.27956 14.55137 45.27959 14.55173 45.27978 14.55247 45.2798 14.55275 45.2799 14.55313 45.27991 14.55344 45.27985 14.55359 45.27971 14.55377 45.27966 14.554 45.27953 14.55428 45.27952 14.55464 45.27942 14.5549 45.27941 14.55501 45.27942 14.55517 45.27948 14.55553 45.27954 14.55609 45.27954 14.55637 45.2795 14.5565 45.27952 14.55685 45.27963 14.55724 45.27971 14.55734 45.27992 14.55734 45.2801 14.55723 45.28039 14.5572 45.28102 14.55672 45.28147 14.55646 45.28186 14.55612 45.28199 14.55604 45.28209 14.55609 45.28217 14.5562 45.2822 14.55632 45.2822 14.55645 45.28208 14.55704 45.2821 14.55757 45.28223 14.55798 45.28246 14.55844 45.28254 14.55897 45.28257 14.55907 45.28265 14.55918 45.28297 14.5594 45.28326 14.55973 45.28346 14.55996 45.28353 14.56006 45.28378 14.56019 45.28411 14.56023 45.28427 14.56018 45.28472 14.55985 45.28492 14.55967 45.28527 14.55928 45.28563 14.55892 45.28583 14.55877 45.28626 14.55818 45.28682 14.55761 45.28692 14.55743 45.28698 14.55741 45.28717 14.55713 45.28723 14.5571 45.28739 14.55684 45.28753 14.55666 45.28768 14.55648 45.28789 14.5563 45.28802 14.55625 45.28811 14.55607 45.28821 14.55587 45.28837 14.55577 45.28848 14.55576 45.28861 14.55574 45.28868 14.55564 45.28875 14.55545 45.28873 14.55539 45.28841 14.55436 45.28831 14.55371 45.28818 14.55271 45.28839 14.55186 45.28882 14.55131 45.28912 14.5509 45.28974 14.55031 45.28993 14.55018 45.28996 14.55014 45.29007 14.54999 45.29027 14.55005 45.29027 14.55004 45.29033 14.54995 45.29033 14.54994 45.29038 14.54985 45.29037 14.5498 45.29032 14.54964 45.29023 14.54949 45.29016 14.54928 45.29041 14.54917 45.2908 14.549 45.291 14.54894 45.29108 14.54891 45.29105 14.54871 45.29122 14.54864 45.29168 14.5485 45.29196 14.54847 45.29241 14.5481 45.29263 14.54763 45.2928 14.54727 45.2927 14.54709 45.2928 14.54683 45.29312 14.54637 45.2934 14.54605 45.29351 14.54581 45.29361 14.5456 45.29349 14.54546 45.29343 14.54539 45.29337 14.54531 45.29357 14.5449 45.29422 14.54384 45.29497 14.54239 45.29536 14.54144 45.2959 14.54042 45.29645 14.53928 45.29685 14.5384 45.29716 14.53769 45.2977 14.53705 45.29774 14.53702 45.29821 14.5366 45.29842 14.53624 45.2989 14.5357 45.29891 14.53564 45.29903 14.53527 45.29905 14.53517 45.29897 14.53457 45.29897 14.53393 45.29898 14.53346 45.29923 14.53268 45.29956 14.53201 45.30005 14.53091 45.30051 14.53019 45.30107 14.52918 45.3013 14.52859 45.30168 14.5279 45.30203 14.52699 45.30213 14.52684 45.3025 14.52631 45.30292 14.5257 45.30343 14.52497 45.30392 14.52422 45.30443 14.52391 45.30495 14.52391 45.30541 14.52397 45.30597 14.52393 45.30628 14.524 45.30706 14.52411 45.3074 14.52414 45.30744 14.52414 45.30787 14.52383 45.30831 14.5236 45.30895 14.52314 45.3095 14.5228 45.31056 14.52201 45.31059 14.52177 45.31063 14.52131 45.31088 14.52088 45.31121 14.52055 45.31146 14.52021 45.31174 14.51963 45.31181 14.51901 45.31182 14.51873 45.31182 14.51852 45.31167 14.51801 45.31154 14.51755 45.31153 14.51753 45.31129 14.51615 45.3111 14.51519 45.3111 14.51397 45.31118 14.51335 45.3113 14.51274 45.31141 14.51214 45.31184 14.51112 45.31218 14.51032 45.31248 14.50917 45.31265 14.50844 45.31298 14.50788 45.3132 14.5074 45.3133 14.5072 45.31334 14.50711 45.31373 14.50568 45.31398 14.50475 45.31423 14.50408 45.31469 14.50351 45.31495 14.50264 45.31531 14.50132 45.31536 14.50074 45.31575 14.49998 45.3165 14.49917 45.31702 14.4984 45.31752 14.49762 45.31798 14.4966 45.31842 14.49569 45.3186 14.49533 45.3187 14.49512 45.31886 14.4948 45.31891 14.49469 45.31899 14.49452 45.31895 14.49333 45.31888 14.49152 45.31887 14.49133 45.31874 14.49116 45.31841 14.49075 45.31957 14.48891</gml:posList>
                        </gml:LinearRing>
                      </gml:exterior>
                    </gml:Polygon>
                  </gml:surfaceMember>
                  <gml:surfaceMember>
                    <gml:Polygon gml:id="MEDIA_MONITORED_CILJ_ID_1_CILJ_ID_5_POLUTANT_2_MODEL_255">
                      <gml:exterior>
                        <gml:LinearRing>
                          <gml:posList srsDimension="2">45.24443 14.5572 45.24445 14.557 45.24457 14.55679 45.24464 14.55649 45.24479 14.55613 45.24493 14.55585 45.24516 14.55564 45.2452 14.55549 45.2453 14.55539 45.24538 14.55516 45.24555 14.5549 45.24564 14.55477 45.24577 14.55462 45.24581 14.55452 45.2458 14.55439 45.24579 14.55434 45.24568 14.55429 45.24559 14.55419 45.24528 14.55414 45.24516 14.55422 45.24498 14.55447 45.24485 14.55458 45.24464 14.55458 45.24456 14.5545 45.24453 14.5544 45.24433 14.5543 45.24418 14.55405 45.24415 14.55371 45.24422 14.55343 45.24427 14.55336 45.2443 14.55328 45.24427 14.55323 45.24409 14.55321 45.24378 14.553 45.24371 14.5529 45.24366 14.5529 45.24359 14.55295 45.24353 14.55306 45.24324 14.55326 45.24303 14.55365 45.24255 14.55396 45.24242 14.554 45.24197 14.55432 45.24181 14.55437 45.24132 14.55468 45.24127 14.55478 45.24125 14.55481 45.24117 14.55492 45.24111 14.55511 45.241 14.55529 45.24086 14.55532 45.24071 14.55522 45.24061 14.55519 45.24055 14.55504 45.24055 14.55501 45.24055 14.55489 45.24064 14.55466 45.24073 14.55451 45.24078 14.5544 45.24094 14.5541 45.24143 14.5534 45.24173 14.55315 45.24204 14.55299 45.2422 14.55286 45.24232 14.55274 45.24238 14.55263 45.24252 14.55243 45.2427 14.55217 45.24277 14.55212 45.24279 14.55194 45.24272 14.55187 45.24254 14.55187 45.24246 14.55187 45.24241 14.55187 45.24234 14.55187 45.24216 14.55187 45.24196 14.55164 45.24174 14.55159 45.24171 14.55154 45.24171 14.55129 45.24165 14.55126 45.2416 14.55131 45.24153 14.55131 45.24144 14.55142 45.2414 14.55205 45.24133 14.55223 45.24137 14.55246 45.24135 14.55272 45.24121 14.55283 45.24112 14.5529 45.24094 14.55318 45.24078 14.55321 45.24074 14.55316 45.24074 14.55303 45.24078 14.55293 45.2411 14.55267 45.24111 14.55259 45.2411 14.55254 45.24104 14.55252 45.24076 14.55254 45.24061 14.55247 45.24052 14.55247 45.2404 14.55257 45.24029 14.55257 45.24009 14.55268 45.23982 14.55288 45.23961 14.55288 45.23939 14.55276 45.23914 14.55248 45.23903 14.55215 45.23901 14.55169 45.23894 14.55154 45.23879 14.55141 45.23859 14.55131 45.2384 14.55119 45.23798 14.55086 45.2372 14.55053 45.23706 14.55043 45.23679 14.55043 45.23659 14.55054 45.23636 14.55079 45.23609 14.55098 45.23589 14.55123 45.2357 14.55136 45.23561 14.55149 45.23541 14.55162 45.23534 14.55162 45.2353 14.55157 45.23526 14.55141 45.23526 14.55116 45.23519 14.55088 45.23521 14.55075 45.23533 14.55057 45.2354 14.55039 45.23558 14.55016 45.23558 14.54999 45.23547 14.54988 45.23544 14.54978 45.23544 14.5496 45.23556 14.54932 45.23562 14.54912 45.23569 14.54904 45.23576 14.54881 45.23583 14.54869 45.23592 14.54861 45.23622 14.5484 45.23639 14.54817 45.23674 14.54728 45.23674 14.54702 45.23666 14.5469 45.23665 14.54669 45.23661 14.54659 45.2367 14.54618 45.23686 14.54577 45.23688 14.54537 45.23673 14.54496 45.2367 14.5447 45.2368 14.54445 45.23689 14.54437 45.237 14.54445 45.23706 14.54451 45.23715 14.54462 45.23747 14.5446 45.23759 14.54447 45.23759 14.54431 45.23753 14.54431 45.23745 14.54439 45.23738 14.54432 45.23721 14.54404 45.23718 14.54381 45.23701 14.54333 45.23698 14.5433 45.23694 14.54302 45.23678 14.54269 45.23674 14.54239 45.2366 14.54206 45.23658 14.54175 45.23616 14.54073 45.23608 14.54012 45.2359 14.53962 45.23592 14.53939 45.23599 14.53918 45.23606 14.53911 45.2361 14.539 45.23615 14.5386 45.23626 14.53836 45.23643 14.5378 45.23645 14.53772 45.23647 14.53761 45.23647 14.53741 45.23643 14.53712 45.23639 14.53696 45.23625 14.53673 45.23618 14.53668 45.23589 14.53666 45.23575 14.53674 45.23571 14.53682 45.23562 14.53687 45.2355 14.53707 45.23542 14.5373 45.23528 14.53748 45.23514 14.53789 45.23496 14.5381 45.23491 14.53838 45.2348 14.53862 45.23481 14.53873 45.23478 14.53881 45.23472 14.53889 45.23446 14.53907 45.2343 14.5393 45.23396 14.53963 45.2339 14.53981 45.23391 14.53994 45.23412 14.5405 45.23411 14.5407 45.23398 14.54091 45.23378 14.54116 45.23364 14.54132 45.23353 14.54147 45.23343 14.54165 45.23323 14.54193 45.23309 14.54229 45.233 14.54242 45.23264 14.5428 45.23253 14.54303 45.23239 14.54316 45.23221 14.54321 45.23181 14.54304 45.23165 14.54314 45.23147 14.54334 45.23117 14.54353 45.23084 14.54383 45.23034 14.54394 45.23028 14.5439 45.23025 14.54365 45.23016 14.54365 45.23018 14.54409 45.23005 14.54404 45.22983 14.54371 45.22955 14.54341 45.22938 14.5434 45.22899 14.54347 45.22883 14.54342 45.2287 14.54349 45.22859 14.54362 45.22832 14.54357 45.22825 14.54363 45.2282 14.54378 45.2282 14.54398 45.22823 14.54411 45.22827 14.54467 45.22829 14.54482 45.22829 14.54495 45.22864 14.54602 45.22871 14.54614 45.22891 14.54635 45.22931 14.54662 45.22938 14.54677 45.22947 14.54685 45.22947 14.54693 45.22942 14.547 45.22929 14.54708 45.2292 14.54718 45.22911 14.54725 45.22908 14.54736 45.22911 14.54762 45.22911 14.54792 45.22906 14.54805 45.22885 14.54833 45.22868 14.54846 45.22858 14.54861 45.22845 14.54874 45.22813 14.54908 45.22791 14.54923 45.22783 14.54926 45.22775 14.54923 45.22764 14.54916 45.22752 14.54913 45.22737 14.54924 45.22732 14.54934 45.22725 14.5494 45.22722 14.54947 45.22697 14.54967 45.22666 14.54994 45.2266 14.54973 45.22652 14.54978 45.22657 14.54997 45.22649 14.55003 45.22625 14.55014 45.22576 14.55036 45.22574 14.55015 45.22565 14.55017 45.22566 14.5504 45.22556 14.55042 45.22554 14.55026 45.22545 14.55029 45.22547 14.5505 45.22524 14.55062 45.2252 14.55043 45.22515 14.55046 45.22518 14.55069 45.22484 14.55088 45.22482 14.55068 45.22476 14.55069 45.22479 14.5509 45.2245 14.55097 45.22449 14.55078 45.2244 14.55078 45.22441 14.55104 45.22432 14.55102 45.22428 14.55079 45.22418 14.55081 45.22421 14.55106 45.22401 14.55113 45.22396 14.55098 45.22388 14.55105 45.22393 14.55125 45.22387 14.55132 45.22371 14.55148 45.2235 14.55172 45.22316 14.55171 45.22302 14.55163 45.22276 14.55154 45.22263 14.55146 45.22274 14.55127 45.22265 14.55116 45.22252 14.55134 45.22236 14.55119 45.22225 14.55106 45.22214 14.55103 45.22194 14.55096 45.22172 14.55092 45.22171 14.55073 45.22161 14.55074 45.22161 14.55092 45.22127 14.55102 45.22073 14.55104 45.22042 14.5511 45.21939 14.55158 45.21925 14.55167 45.21903 14.5518 45.21892 14.55184 45.21884 14.55177 45.21876 14.55177 45.21862 14.55185 45.21844 14.55181 45.21823 14.55176 45.21815 14.55163 45.21812 14.55133 45.21817 14.55119 45.21817 14.55101 45.21807 14.55086 45.21797 14.55079 45.21773 14.55079 45.21757 14.55076 45.21721 14.55068 45.21658 14.55062 45.21645 14.55064 45.21636 14.5507 45.21626 14.55085 45.21619 14.55094 45.2161 14.55106 45.21595 14.55118 45.21593 14.55136 45.21594 14.5515 45.21582 14.55172 45.21569 14.55185 45.21552 14.55189 45.21552 14.5517 45.2154 14.5517 45.21539 14.55189 45.21525 14.55186 45.21489 14.55173 45.21465 14.55156 45.21446 14.55145 45.21438 14.55144 45.21439 14.55125 45.2143 14.55125 45.2143 14.55143 45.21373 14.55142 45.21372 14.55125 45.21358 14.55125 45.21357 14.55147 45.2134 14.55145 45.21329 14.55142 45.213 14.55125 45.21276 14.55113 45.21214 14.55112 45.21199 14.55108 45.21188 14.55102 45.21188 14.55089 45.2119 14.55081 45.21204 14.55071 45.21213 14.55055 45.2124 14.55024 45.2126 14.55012 45.21273 14.54996 45.21274 14.54971 45.21256 14.5495 45.21251 14.54938 45.21236 14.54933 45.21181 14.54933 45.21163 14.54949 45.21151 14.54956 45.21128 14.54962 45.21107 14.5498 45.211 14.5499 45.21089 14.55 45.21092 14.55017 45.2107 14.55037 45.21063 14.55027 45.21052 14.55041 45.21065 14.5506 45.21086 14.55044 45.21093 14.55059 45.21082 14.55072 45.21092 14.55089 45.21064 14.55128 45.2105 14.55147 45.21033 14.55161 45.21002 14.55187 45.2098 14.55199 45.20955 14.5522 45.20939 14.55241 45.20924 14.55262 45.20907 14.55285 45.20889 14.55298 45.20874 14.55298 45.20858 14.55288 45.20839 14.55276 45.20816 14.55249 45.20802 14.5523 45.20791 14.55212 45.20784 14.55197 45.20786 14.55181 45.20793 14.55165 45.20821 14.55152 45.20841 14.55124 45.20843 14.55109 45.2085 14.55089 45.20866 14.55066 45.20873 14.5506 45.20879 14.55043 45.20881 14.55036 45.20879 14.55029 45.2087 14.55026 45.20857 14.55027 45.20821 14.55053 45.2081 14.55069 45.20789 14.5512 45.20773 14.55143 45.20753 14.55143 45.20737 14.55125 45.20726 14.55102 45.20709 14.55044 45.20688 14.54988 45.20684 14.54955 45.20688 14.54932 45.20696 14.54917 45.20721 14.54886 45.20764 14.54847 45.20775 14.54832 45.20841 14.54774 45.20849 14.5476 45.20864 14.54743 45.20879 14.54729 45.20904 14.54699 45.20926 14.54683 45.20972 14.54617 45.2099 14.54576 45.21003 14.54558 45.21026 14.54545 45.2104 14.54532 45.21069 14.54527 45.21078 14.54516 45.2108 14.54506 45.21092 14.54491 45.21101 14.54486 45.21114 14.54486 45.21153 14.54457 45.21164 14.54457 45.21175 14.54465 45.21231 14.54464 45.2126 14.54454 45.21285 14.54433 45.21374 14.54303 45.21403 14.54272 45.21419 14.54254 45.21441 14.54231 45.21464 14.54203 45.21489 14.54177 45.21501 14.54169 45.21523 14.54146 45.21532 14.54128 45.21534 14.54113 45.21538 14.54107 45.21543 14.54105 45.21553 14.54098 45.21568 14.54092 45.21582 14.54069 45.21609 14.54051 45.21625 14.54026 45.21647 14.54015 45.21661 14.54 45.21684 14.53985 45.2169 14.53985 45.21702 14.53972 45.21742 14.53954 45.2176 14.53936 45.21772 14.53935 45.21781 14.5393 45.21796 14.5391 45.21828 14.53894 45.21837 14.53881 45.21855 14.53871 45.21862 14.53861 45.21878 14.53851 45.21898 14.5382 45.2191 14.53812 45.21925 14.53809 45.21934 14.53789 45.21982 14.5374 45.2202 14.5372 45.22036 14.53704 45.22074 14.53689 45.22084 14.53681 45.22104 14.53665 45.22127 14.53655 45.22145 14.5364 45.22185 14.53621 45.22201 14.53609 45.2221 14.53596 45.22273 14.53552 45.22289 14.53537 45.22294 14.53526 45.22316 14.53516 45.22334 14.53498 45.22363 14.53493 45.22377 14.53477 45.22406 14.53457 45.22438 14.53428 45.2249 14.53387 45.22508 14.53379 45.2252 14.53362 45.22533 14.53349 45.22549 14.53333 45.22583 14.53308 45.22637 14.53277 45.22651 14.53276 45.22659 14.53259 45.22673 14.53248 45.22694 14.53223 45.22802 14.53158 45.22876 14.53106 45.22899 14.53073 45.22903 14.5304 45.22897 14.53017 45.22883 14.53002 45.22875 14.52997 45.22859 14.52992 45.22828 14.52972 45.22812 14.52954 45.22794 14.52926 45.22769 14.52906 45.2276 14.52899 45.22727 14.52877 45.22704 14.52856 45.22695 14.52841 45.22657 14.52815 45.22642 14.52813 45.22626 14.52803 45.22612 14.528 45.22592 14.5279 45.22543 14.52753 45.2252 14.5274 45.22466 14.52741 45.22433 14.52759 45.22419 14.52774 45.22399 14.52805 45.22381 14.52823 45.22367 14.52846 45.22335 14.52889 45.22313 14.529 45.22299 14.52912 45.22284 14.52921 45.22273 14.52931 45.22247 14.52944 45.22229 14.52946 45.22206 14.52946 45.2218 14.52967 45.22179 14.52972 45.22168 14.5298 45.22157 14.5298 45.22136 14.52998 45.22123 14.53001 45.22106 14.52989 45.22098 14.52983 45.2208 14.52996 45.2203 14.53017 45.22001 14.53014 45.21994 14.53019 45.21974 14.5302 45.21959 14.53012 45.21941 14.52987 45.21936 14.52969 45.21929 14.52967 45.21911 14.52995 45.21894 14.53005 45.21868 14.53023 45.21846 14.53041 45.21814 14.53059 45.21796 14.53057 45.21787 14.53047 45.21781 14.53029 45.21774 14.53024 45.21729 14.53022 45.21644 14.5304 45.21612 14.53066 45.21585 14.53104 45.21571 14.53124 45.21562 14.53135 45.21555 14.53155 45.21546 14.53175 45.21541 14.53196 45.21534 14.53212 45.21514 14.5323 45.21507 14.53255 45.21507 14.53271 45.21503 14.53296 45.21487 14.53334 45.21478 14.53355 45.21459 14.53388 45.21416 14.53488 45.21403 14.53508 45.21386 14.53534 45.21362 14.53582 45.21335 14.53611 45.21273 14.53657 45.21253 14.53682 45.21237 14.53703 45.21205 14.53744 45.21199 14.53749 45.21178 14.53767 45.21147 14.53808 45.21097 14.53849 45.21084 14.53865 45.21063 14.53878 45.21045 14.53878 45.21005 14.53903 45.20962 14.5395 45.20945 14.53965 45.20933 14.53975 45.20923 14.53988 45.20909 14.54001 45.2088 14.54019 45.20862 14.54037 45.20833 14.54058 45.20823 14.5407 45.20796 14.54086 45.20788 14.54096 45.20769 14.54106 45.20743 14.54107 45.20718 14.54125 45.20713 14.54135 45.20693 14.54153 45.20672 14.54181 45.20639 14.54214 45.20577 14.54296 45.20539 14.54325 45.20509 14.54348 45.20478 14.54366 45.2046 14.54368 45.2046 14.54346 45.20449 14.54347 45.20448 14.54367 45.20426 14.54366 45.20419 14.54372 45.20399 14.54374 45.20397 14.54344 45.20384 14.54345 45.20384 14.54374 45.20367 14.54374 45.20352 14.54387 45.2033 14.54397 45.20329 14.54372 45.20318 14.54372 45.20319 14.54397 45.20275 14.54424 45.20268 14.5443 45.20253 14.54419 45.20248 14.54435 45.2026 14.54445 45.20259 14.54454 45.20248 14.54472 45.20237 14.5448 45.20201 14.5448 45.20198 14.54457 45.20187 14.54461 45.20191 14.54487 45.20167 14.54501 45.20141 14.54539 45.20132 14.54567 45.20125 14.54618 45.20118 14.54641 45.20112 14.54651 45.20098 14.54674 45.20083 14.5468 45.20056 14.5468 45.2004 14.5467 45.20022 14.54645 45.20008 14.54634 45.19993 14.54635 45.19972 14.5465 45.1994 14.54688 45.1992 14.54699 45.19929 14.54685 45.19941 14.54671 45.19954 14.54658 45.19972 14.54619 45.19982 14.54604 45.19984 14.54591 45.19982 14.54581 45.19962 14.54553 45.19957 14.5453 45.19962 14.54505 45.19987 14.54472 45.19991 14.54461 45.19993 14.54436 45.19989 14.54416 45.19978 14.54398 45.19949 14.54365 45.19944 14.54345 45.19947 14.54332 45.19958 14.54319 45.19974 14.54309 45.19994 14.54304 45.20039 14.54306 45.20051 14.54298 45.20058 14.54285 45.20069 14.54244 45.20078 14.54237 45.20092 14.54234 45.2012 14.54242 45.20129 14.54244 45.20137 14.54266 45.20147 14.54259 45.20138 14.54234 45.20143 14.54216 45.20141 14.54173 45.20148 14.54152 45.20157 14.54142 45.20184 14.54126 45.20196 14.54126 45.20202 14.54121 45.20211 14.54088 45.20214 14.54052 45.20234 14.53978 45.20235 14.53935 45.20217 14.53798 45.20195 14.53762 45.20184 14.53729 45.20171 14.53712 45.2017 14.53704 45.20153 14.53691 45.20144 14.53674 45.20115 14.53648 45.20083 14.53638 45.2007 14.53641 45.20057 14.53636 45.20018 14.53634 45.20011 14.53629 45.19998 14.53598 45.20002 14.53563 45.20002 14.53537 45.20001 14.53525 45.19998 14.53511 45.19989 14.53494 45.19987 14.53481 45.19978 14.53466 45.19976 14.53451 45.19963 14.53438 45.19953 14.53441 45.19943 14.53436 45.19936 14.53423 45.19929 14.53418 45.19907 14.53416 45.19895 14.53403 45.19884 14.53398 45.19861 14.53398 45.19837 14.53409 45.1983 14.53409 45.19821 14.53401 45.19805 14.53401 45.19789 14.53414 45.19756 14.5343 45.19744 14.5344 45.1973 14.53447 45.19711 14.53463 45.19699 14.53466 45.19679 14.53481 45.19645 14.53497 45.19607 14.53497 45.19564 14.53475 45.19523 14.53475 45.1951 14.5347 45.19501 14.5346 45.1949 14.53457 45.19477 14.53463 45.19447 14.53465 45.19434 14.53473 45.19402 14.53473 45.19393 14.53468 45.19382 14.53469 45.19355 14.53492 45.19321 14.5351 45.19308 14.53515 45.19292 14.53515 45.19276 14.53523 45.1926 14.5352 45.19246 14.53536 45.19244 14.53543 45.19231 14.53561 45.19226 14.53564 45.19161 14.53567 45.19155 14.53577 45.19122 14.53628 45.19113 14.53629 45.19086 14.53603 45.19077 14.53603 45.19062 14.53593 45.1901 14.53594 45.19005 14.53599 45.18969 14.53599 45.18929 14.53622 45.18906 14.53625 45.18879 14.53638 45.18857 14.53638 45.18846 14.53643 45.18832 14.53657 45.1883 14.53659 45.18805 14.53684 45.188 14.53695 45.18778 14.53705 45.18771 14.53718 45.18768 14.53738 45.18764 14.53743 45.18757 14.53738 45.18753 14.53728 45.18753 14.53708 45.1876 14.53687 45.18758 14.53657 45.18742 14.53649 45.18731 14.5366 45.18728 14.5367 45.18722 14.5367 45.18717 14.5365 45.1871 14.53642 45.18699 14.53625 45.18688 14.53596 45.18673 14.53571 45.18639 14.53525 45.1863 14.53515 45.18614 14.53495 45.18599 14.5349 45.18585 14.53493 45.1857 14.53478 45.1856 14.53475 45.18538 14.5348 45.18531 14.5347 45.18509 14.53455 45.18482 14.53445 45.18471 14.53448 45.18437 14.53443 45.18417 14.53451 45.18405 14.53451 45.18367 14.53469 45.18333 14.53469 45.1832 14.53477 45.18299 14.53482 45.1829 14.5349 45.18229 14.53491 45.18173 14.53504 45.18158 14.53517 45.18135 14.53524 45.18106 14.53545 45.18099 14.53555 45.18094 14.53555 45.18062 14.53581 45.18049 14.53586 45.1804 14.53599 45.18022 14.53609 45.18011 14.5363 45.1799 14.53643 45.17986 14.53648 45.17986 14.53654 45.17991 14.53664 45.1799 14.53673 45.17986 14.53681 45.17981 14.53686 45.1797 14.5368 45.17965 14.53684 45.17954 14.53704 45.1794 14.53717 45.17936 14.5373 45.17936 14.53763 45.17927 14.53791 45.1792 14.53799 45.17899 14.53799 45.1787 14.53784 45.17863 14.53784 45.17839 14.53769 45.17819 14.53764 45.17796 14.53769 45.17697 14.5377 45.17668 14.53765 45.17636 14.53765 45.17612 14.53776 45.17607 14.53788 45.17612 14.53801 45.17612 14.53809 45.17606 14.53817 45.17595 14.53832 45.17579 14.53872 45.17575 14.53898 45.17561 14.53949 45.17559 14.53964 45.17543 14.5401 45.17543 14.54018 45.17556 14.54051 45.1756 14.54068 45.17567 14.54079 45.17567 14.54089 45.17547 14.54089 45.17534 14.54084 45.17516 14.54105 45.17507 14.54107 45.17493 14.5412 45.17479 14.54125 45.17445 14.54148 45.17432 14.54171 45.17405 14.54189 45.17398 14.54207 45.1739 14.54219 45.17378 14.54235 45.17364 14.54256 45.17348 14.54269 45.17337 14.54276 45.17305 14.54277 45.17287 14.54292 45.17269 14.54292 45.17247 14.54277 45.17229 14.54272 45.1722 14.54275 45.17206 14.54288 45.17201 14.54316 45.17156 14.54308 45.17121 14.54311 45.17119 14.54321 45.1713 14.54324 45.17132 14.54334 45.17114 14.5436 45.17102 14.54395 45.17093 14.54403 45.17082 14.54403 45.17071 14.54411 45.17064 14.54421 45.17061 14.54439 45.17043 14.54462 45.17039 14.5448 45.17043 14.54487 45.17043 14.54503 45.17032 14.54521 45.17021 14.54531 45.17005 14.54536 45.16989 14.54536 45.16976 14.54545 45.16968 14.54544 45.16961 14.5454 45.16949 14.54541 45.16939 14.54547 45.16923 14.54567 45.1691 14.54595 45.16898 14.54616 45.16874 14.54636 45.16851 14.54647 45.16802 14.5465 45.16796 14.54638 45.16793 14.54626 45.16799 14.54612 45.16798 14.54597 45.16825 14.54566 45.16818 14.54551 45.1679 14.54579 45.16782 14.54576 45.16766 14.54558 45.16753 14.5453 45.16737 14.54518 45.16724 14.54523 45.16719 14.54536 45.16725 14.54561 45.1672 14.54575 45.16703 14.54561 45.16689 14.54562 45.16674 14.54557 45.16657 14.54545 45.16641 14.54516 45.16624 14.54486 45.16607 14.54455 45.16588 14.5442 45.16545 14.54356 45.16563 14.54332 45.16555 14.54325 45.16536 14.54345 45.16516 14.54318 45.16534 14.54294 45.16527 14.54284 45.1651 14.54305 45.16503 14.54299 45.16497 14.54284 45.16491 14.54269 45.16491 14.5425 45.16494 14.54233 45.165 14.54221 45.16522 14.54248 45.1653 14.54234 45.16511 14.54211 45.16525 14.54189 45.16556 14.54206 45.16558 14.54192 45.16523 14.54171 45.16484 14.54138 45.16471 14.54123 45.1646 14.5411 45.16444 14.5409 45.16436 14.54075 45.16454 14.54048 45.16447 14.54037 45.16426 14.54065 45.16418 14.54065 45.16405 14.54063 45.16391 14.54064 45.16366 14.54071 45.16351 14.54069 45.16333 14.54067 45.16341 14.54048 45.16334 14.54035 45.16315 14.54059 45.16301 14.54043 45.1628 14.54011 45.16264 14.53987 45.16245 14.53952 45.16213 14.53883 45.162 14.53853 45.16177 14.538 45.16153 14.53764 45.16136 14.5375 45.16119 14.53732 45.16105 14.53712 45.16089 14.53692 45.16079 14.53679 45.16064 14.5366 45.16042 14.53631 45.16011 14.53604 45.15987 14.53579 45.15957 14.53553 45.15914 14.53521 45.15879 14.53506 45.15842 14.53495 45.15784 14.53489 45.15777 14.53483 45.15739 14.53465 45.15727 14.53468 45.15718 14.53475 45.1566 14.53478 45.1564 14.53453 45.15633 14.53441 45.15628 14.5343 45.15624 14.53418 45.15611 14.53395 45.15611 14.53383 45.15608 14.53377 45.15591 14.53377 45.15582 14.53373 45.1557 14.53377 45.15561 14.53377 45.15548 14.53365 45.15527 14.53362 45.15519 14.53352 45.15496 14.5334 45.15483 14.5334 45.15465 14.53353 45.1545 14.53357 45.15433 14.53361 45.15402 14.53369 45.15396 14.53371 45.15388 14.53374 45.15368 14.53389 45.15363 14.53397 45.15358 14.53415 45.15354 14.53461 45.15348 14.53472 45.15338 14.53473 45.15327 14.53476 45.15318 14.53474 45.15309 14.53466 45.15291 14.53468 45.1528 14.53471 45.15248 14.53472 45.15237 14.53467 45.15221 14.53459 45.15208 14.53449 45.15197 14.53434 45.15196 14.53403 45.1519 14.53386 45.15183 14.53381 45.15167 14.53381 45.15161 14.53376 45.15132 14.53368 45.1512 14.53338 45.15113 14.53331 45.15111 14.53315 45.15107 14.53307 45.15106 14.53296 45.15101 14.53287 45.15099 14.53273 45.15096 14.53262 45.15094 14.53249 45.15095 14.53225 45.15092 14.53206 45.15081 14.53198 45.15076 14.53183 45.15058 14.53163 45.1505 14.53127 45.15041 14.53115 45.1504 14.53104 45.15029 14.53094 45.15023 14.53079 45.15025 14.53049 45.15036 14.53028 45.15048 14.52972 45.15053 14.52962 45.15056 14.52943 45.15058 14.52927 45.1506 14.52908 45.15061 14.52892 45.15062 14.52873 45.15062 14.52863 45.15071 14.52842 45.15085 14.52832 45.15092 14.52832 45.15103 14.52839 45.15112 14.52857 45.1513 14.52865 45.15195 14.52864 45.15211 14.52854 45.15227 14.52851 45.1524 14.52843 45.15251 14.52831 45.15262 14.52828 45.15283 14.52805 45.1529 14.52792 45.15299 14.52767 45.15299 14.52728 45.15297 14.52719 45.15295 14.52711 45.1529 14.52695 45.15259 14.52668 45.15257 14.52663 45.15243 14.52655 45.15234 14.52654 45.15226 14.52657 45.15222 14.52654 45.15222 14.52646 45.15218 14.52635 45.15212 14.5263 45.15194 14.52633 45.15155 14.52615 45.1514 14.52615 45.15131 14.52592 45.15127 14.5259 45.15122 14.52488 45.15125 14.52481 45.15123 14.52455 45.15125 14.5243 45.15132 14.52414 45.15132 14.52402 45.15141 14.52384 45.15144 14.52369 45.15144 14.52323 45.15139 14.52318 45.15128 14.52287 45.15115 14.52272 45.15115 14.52262 45.15103 14.52234 45.15074 14.52211 45.15065 14.52209 45.1505 14.52219 45.15041 14.52219 45.15034 14.52224 45.15023 14.52242 45.15018 14.52245 45.15021 14.524 45.15025 14.52581 45.15024 14.52584 45.15011 14.52678 45.1501 14.52688 45.14962 14.53172 45.14938 14.5347 45.14927 14.53915 45.14872 14.53964 45.14837 14.54037 45.14816 14.54111 45.1481 14.54192 45.14816 14.5427 45.14836 14.54351 45.14837 14.54388 45.14838 14.54421 45.14838 14.54425 45.14819 14.54485 45.14817 14.5449 45.14783 14.54538 45.14748 14.546 45.14751 14.54637 45.14785 14.54713 45.14967 14.5465 45.15123 14.54599 45.1527 14.54568 45.15462 14.54548 45.15672 14.54612 45.15799 14.54661 45.15833 14.5469 45.15877 14.54736 45.15923 14.54798 45.16057 14.55052 45.1608 14.5506 45.16167 14.54971 45.16225 14.54976 45.16318 14.5503 45.16456 14.55121 45.16517 14.55207 45.16605 14.55404 45.16679 14.55545 45.16731 14.55641 45.16708 14.55654 45.16638 14.5587 45.16602 14.56012 45.16593 14.56168 45.16598 14.56277 45.16621 14.56384 45.16655 14.5652 45.16672 14.56611 45.16675 14.56625 45.16667 14.56674 45.16663 14.56703 45.16616 14.56788 45.16604 14.56894 45.1656 14.57004 45.1648 14.57056 45.16395 14.57063 45.16308 14.57022 45.16248 14.5701 45.16133 14.57021 45.16098 14.57036 45.16008 14.57089 45.15951 14.57105 45.15794 14.57124 45.15673 14.57131 45.15464 14.57199 45.15407 14.57251 45.15334 14.5741 45.15333 14.57511 45.15318 14.5763 45.15324 14.57679 45.1534 14.57753 45.154 14.57937 45.15481 14.58097 45.1553 14.58159 45.15575 14.58224 45.15688 14.58271 45.15965 14.58335 45.16487 14.58473 45.16543 14.5847 45.16581 14.58475 45.16633 14.58467 45.16653 14.58476 45.16717 14.5844 45.16769 14.58399 45.16848 14.58248 45.16877 14.58179 45.16912 14.58053 45.16968 14.57875 45.17044 14.57724 45.17084 14.57692 45.17145 14.57623 45.17189 14.57557 45.17264 14.57595 45.17336 14.57624 45.17476 14.57736 45.17672 14.57925 45.17778 14.58044 45.17951 14.58266 45.18101 14.58408 45.181 14.58432 45.18094 14.58578 45.18088 14.58733 45.18025 14.59112 45.18031 14.59153 45.18073 14.59312 45.18162 14.59493 45.18225 14.59603 45.18251 14.59669 45.18262 14.59706 45.18263 14.59728 45.18264 14.59747 45.18265 14.59755 45.18261 14.59812 45.18244 14.5991 45.18223 14.59984 45.18217 14.60032 45.18217 14.60077 45.18228 14.6011 45.18252 14.60143 45.18301 14.60176 45.18393 14.60193 45.18454 14.60197 45.18485 14.60223 45.1852 14.60324 45.18647 14.60747 45.18667 14.60841 45.1871 14.6098 45.18756 14.61143 45.18761 14.61181 45.18767 14.61217 45.18766 14.61221 45.18765 14.61229 45.18756 14.61309 45.18756 14.6131 45.18756 14.61313 45.18755 14.61314 45.18751 14.61323 45.18747 14.61341 45.18742 14.61346 45.18738 14.61356 45.18747 14.61388 45.18747 14.6139 45.18726 14.61387 45.18724 14.61402 45.18744 14.61406 45.18746 14.6142 45.18739 14.61429 45.18721 14.61421 45.18717 14.61436 45.18731 14.61443 45.18726 14.6146 45.18731 14.61471 45.18742 14.6147 45.18746 14.61496 45.18741 14.61509 45.18744 14.61516 45.18755 14.61521 45.18757 14.61539 45.18761 14.61544 45.18786 14.61544 45.18798 14.61539 45.18804 14.61544 45.1882 14.61544 45.18831 14.61562 45.18845 14.61561 45.18854 14.61556 45.18861 14.61561 45.18876 14.61561 45.18883 14.61554 45.18887 14.61559 45.18882 14.6157 45.18887 14.61579 45.18892 14.61584 45.18914 14.61579 45.18923 14.61571 45.18932 14.61576 45.18932 14.61584 45.18928 14.61589 45.1893 14.61596 45.18941 14.61596 45.18948 14.61617 45.18966 14.61614 45.18982 14.61622 45.19 14.61621 45.19013 14.61609 45.19027 14.61601 45.19034 14.61591 45.19049 14.61577 45.19054 14.61578 45.19056 14.61603 45.19061 14.61605 45.19067 14.61601 45.19072 14.61606 45.19081 14.61606 45.19092 14.61595 45.191 14.6159 45.19104 14.61593 45.19106 14.61603 45.19115 14.61608 45.19119 14.61616 45.1913 14.61621 45.19142 14.61621 45.19153 14.61633 45.19164 14.61633 45.19178 14.61625 45.19178 14.61608 45.19191 14.61592 45.19232 14.61566 45.19254 14.61548 45.19263 14.61548 45.19297 14.61523 45.19306 14.6152 45.19317 14.61502 45.19347 14.61477 45.19352 14.61477 45.1936 14.61469 45.19365 14.61469 45.19374 14.61476 45.19388 14.61474 45.19399 14.61453 45.19406 14.61448 45.19419 14.61448 45.19433 14.61438 45.19449 14.61405 45.19476 14.61384 45.19479 14.61375 45.19476 14.61369 45.19473 14.61361 45.19474 14.61356 45.19485 14.61346 45.19492 14.61333 45.19523 14.61313 45.19528 14.61305 45.19528 14.61297 45.19534 14.61287 45.19544 14.61284 45.19564 14.61269 45.19598 14.61266 45.19618 14.61236 45.19643 14.61225 45.19649 14.61217 45.19656 14.61192 45.19666 14.61174 45.19673 14.6117 45.19685 14.61175 45.19692 14.61171 45.19694 14.61161 45.19693 14.61154 45.19686 14.61136 45.19697 14.61098 45.19706 14.61082 45.19713 14.61067 45.19724 14.61026 45.19722 14.61016 45.19713 14.61013 45.19698 14.61013 45.19662 14.61014 45.19646 14.61004 45.19641 14.61004 45.19637 14.61002 45.19636 14.60997 45.19635 14.60986 45.19642 14.60971 45.19764 14.60886 45.19773 14.60873 45.19784 14.60865 45.19793 14.60873 45.19809 14.60873 45.19849 14.60857 45.19867 14.60847 45.1987 14.60839 45.19881 14.60832 45.19892 14.60814 45.19904 14.60806 45.19919 14.60803 45.19939 14.60788 45.19967 14.60785 45.19985 14.60795 45.19991 14.60805 45.2 14.60805 45.2 14.60795 45.20009 14.60775 45.20048 14.60746 45.20055 14.60746 45.20072 14.60736 45.20088 14.60713 45.20113 14.60695 45.2012 14.60682 45.20129 14.60682 45.20151 14.60697 45.20165 14.60697 45.2017 14.6069 45.2017 14.60682 45.20178 14.60667 45.20196 14.60666 45.20199 14.60661 45.20204 14.6065 45.20215 14.6062 45.20226 14.60613 45.2024 14.60613 45.20269 14.60602 45.2028 14.60592 45.20285 14.60572 45.20309 14.60559 45.20325 14.60533 45.20326 14.60487 45.20337 14.60467 45.20346 14.60464 45.20353 14.60472 45.20361 14.6049 45.20367 14.60497 45.20375 14.60505 45.20386 14.60505 45.20393 14.605 45.20402 14.60487 45.20405 14.60472 45.20411 14.60464 45.2044 14.60446 45.20468 14.60435 45.20483 14.60425 45.20492 14.6041 45.2052 14.60397 45.20524 14.60389 45.20547 14.60376 45.20556 14.60358 45.20589 14.6034 45.20594 14.6032 45.20599 14.60312 45.20635 14.60294 45.20653 14.60274 45.20663 14.60267 45.20671 14.60261 45.20676 14.60253 45.20698 14.6021 45.20723 14.60194 45.20725 14.60174 45.20732 14.60159 45.2074 14.60156 45.2075 14.60163 45.20761 14.60158 45.20777 14.60133 45.20779 14.6012 45.20782 14.60115 45.20789 14.6011 45.20802 14.6011 45.20814 14.60087 45.20822 14.60082 45.20834 14.60082 45.20852 14.60069 45.20873 14.6006 45.20886 14.60043 45.20899 14.60035 45.20907 14.60017 45.20917 14.60005 45.20928 14.59997 45.20942 14.59997 45.20947 14.60002 45.20962 14.59999 45.20981 14.59961 45.20993 14.59948 45.20996 14.5994 45.21005 14.5993 45.21012 14.59915 45.21019 14.5991 45.21028 14.5991 45.21042 14.59917 45.21059 14.59917 45.21066 14.59897 45.21082 14.59884 45.2109 14.59871 45.21098 14.59863 45.21105 14.59845 45.21116 14.59842 45.21127 14.59847 45.21138 14.59845 45.21157 14.59825 45.21191 14.59814 45.212 14.59804 45.21209 14.59784 45.21224 14.59771 45.21231 14.59768 45.2124 14.59758 45.21263 14.59748 45.21272 14.59732 45.21297 14.59709 45.21322 14.59694 45.21328 14.59683 45.21364 14.59665 45.21371 14.59655 45.2138 14.5963 45.2138 14.59619 45.21385 14.59609 45.21414 14.59606 45.2143 14.59599 45.21455 14.59573 45.21461 14.59555 45.2148 14.59547 45.21509 14.59512 45.21525 14.59509 45.21527 14.59497 45.21525 14.59489 45.21529 14.59478 45.21536 14.59473 45.21565 14.59473 45.21583 14.59442 45.21597 14.59432 45.21608 14.59401 45.21617 14.59399 45.21622 14.59391 45.21625 14.59358 45.21633 14.5935 45.21651 14.59342 45.21658 14.5933 45.21663 14.59327 45.21683 14.59286 45.21706 14.59268 45.21715 14.59268 45.21724 14.5926 45.21738 14.59258 45.21742 14.59253 45.21744 14.5924 45.21762 14.59227 45.21771 14.59209 45.21781 14.59203 45.2179 14.59194 45.21807 14.59183 45.21814 14.59173 45.21832 14.5916 45.21833 14.59155 45.21848 14.59148 45.21855 14.5913 45.21869 14.59119 45.21877 14.59119 45.21889 14.59109 45.21909 14.59101 45.21916 14.59096 45.21925 14.59081 45.21961 14.5906 45.21979 14.59037 45.21986 14.59022 45.22008 14.59011 45.22011 14.59006 45.22011 14.58991 45.22016 14.58978 45.22016 14.58971 45.2202 14.5896 45.22027 14.58947 45.22032 14.5893 45.2204 14.58925 45.22067 14.58927 45.22079 14.58922 45.22099 14.58899 45.22115 14.58888 45.2212 14.58878 45.22156 14.58852 45.2216 14.58845 45.22167 14.5884 45.22175 14.5884 45.22186 14.58836 45.22212 14.58816 45.22225 14.58816 45.22243 14.58803 45.22253 14.58801 45.22277 14.58775 45.22298 14.58762 45.22305 14.58752 45.22314 14.58747 45.22322 14.58734 45.2233 14.58726 45.22338 14.58711 45.2235 14.58703 45.22356 14.58696 45.22364 14.58675 45.224 14.58647 45.22416 14.58621 45.22442 14.58603 45.2246 14.58583 45.22474 14.58562 45.22477 14.58547 45.22499 14.58521 45.22502 14.58509 45.22513 14.58493 45.22526 14.58486 45.22532 14.5849 45.22538 14.58498 45.22543 14.58501 45.22549 14.58498 45.22547 14.58478 45.22551 14.58468 45.22558 14.5846 45.22592 14.58444 45.22599 14.58444 45.22616 14.58421 45.22635 14.58406 45.22653 14.58398 45.22659 14.5839 45.22678 14.5838 45.227 14.58362 45.22705 14.58362 45.2273 14.58342 45.22754 14.58339 45.22761 14.58329 45.22788 14.58308 45.22835 14.58285 45.2284 14.58277 45.22876 14.58251 45.22899 14.58238 45.22957 14.58187 45.22982 14.58179 45.23003 14.58161 45.23012 14.58159 45.2303 14.58171 45.23063 14.58202 45.23077 14.58209 45.23081 14.58214 45.23088 14.58222 45.23106 14.58234 45.23142 14.58272 45.23164 14.58303 45.23173 14.58318 45.23198 14.58356 45.23201 14.58366 45.232 14.58379 45.23181 14.58427 45.23174 14.58466 45.23174 14.58494 45.23181 14.58518 45.23183 14.58532 45.23179 14.58542 45.23162 14.58557 45.23153 14.58567 45.23149 14.5858 45.2314 14.58591 45.23138 14.58598 45.23112 14.58637 45.23104 14.58655 45.2309 14.58678 45.23083 14.58697 45.23074 14.58713 45.23044 14.58758 45.23033 14.58784 45.23027 14.588 45.23023 14.58811 45.23013 14.58818 45.22999 14.58824 45.22979 14.58839 45.22964 14.58859 45.22948 14.58888 45.22939 14.58906 45.2292 14.58941 45.22914 14.58962 45.22914 14.58977 45.22909 14.59005 45.22897 14.59043 45.22892 14.59097 45.22879 14.59145 45.22874 14.59178 45.2287 14.59186 45.22866 14.59196 45.22854 14.59212 45.22813 14.59291 45.22793 14.59329 45.22784 14.59345 45.22774 14.5936 45.22765 14.59383 45.22756 14.59393 45.2275 14.59411 45.22736 14.59437 45.22725 14.59465 45.22724 14.595 45.2272 14.59511 45.2272 14.59549 45.22717 14.59569 45.2271 14.5959 45.22692 14.59615 45.22681 14.59646 45.22669 14.59707 45.22658 14.59743 45.22633 14.59802 45.2263 14.59814 45.22628 14.59825 45.22628 14.5985 45.22621 14.59876 45.22621 14.59898 45.22617 14.59909 45.22605 14.59927 45.22598 14.59944 45.22587 14.59947 45.22572 14.59958 45.22567 14.59978 45.22556 14.59993 45.22546 14.60001 45.22528 14.60044 45.22521 14.60065 45.22517 14.60083 45.22503 14.60136 45.22501 14.60172 45.22496 14.60202 45.22482 14.60251 45.22476 14.60302 45.22469 14.60332 45.22466 14.60345 45.22464 14.60362 45.22462 14.60386 45.22466 14.60396 45.22479 14.60394 45.22498 14.60365 45.22511 14.60337 45.22521 14.60317 45.22529 14.60299 45.22548 14.60273 45.22582 14.6025 45.22633 14.60237 45.22645 14.6024 45.22665 14.60229 45.22676 14.60193 45.22687 14.60178 45.22721 14.60147 45.22726 14.60137 45.22744 14.60124 45.22751 14.60114 45.22758 14.60089 45.22767 14.60076 45.22782 14.60068 45.22789 14.60058 45.22796 14.60025 45.22807 14.60009 45.22821 14.60001 45.22833 14.59984 45.22842 14.59975 45.2285 14.59963 45.22878 14.59942 45.22891 14.59922 45.22912 14.59912 45.22923 14.59886 45.2295 14.59868 45.22954 14.59863 45.22957 14.59835 45.22962 14.59817 45.22968 14.59812 45.22982 14.59781 45.22995 14.59774 45.23 14.59763 45.23014 14.59752 45.23022 14.59743 45.23041 14.59727 45.23056 14.59725 45.23075 14.59709 45.23101 14.59696 45.2312 14.59684 45.23135 14.59663 45.23186 14.59617 45.23206 14.59599 45.23237 14.59573 45.23253 14.59553 45.23269 14.59545 45.23284 14.59514 45.23305 14.59501 45.23316 14.59481 45.23339 14.59465 45.23355 14.5944 45.23366 14.59422 45.23391 14.59399 45.23409 14.59373 45.23438 14.59348 45.2345 14.5934 45.23474 14.59319 45.23499 14.59294 45.23524 14.59258 45.23538 14.59237 45.23551 14.59225 45.23558 14.59209 45.23651 14.59137 45.23674 14.59109 45.23687 14.59091 45.23701 14.59078 45.23728 14.5906 45.23746 14.59058 45.23759 14.59065 45.2377 14.59078 45.23793 14.59083 45.23802 14.59093 45.23826 14.59105 45.23836 14.59116 45.2386 14.59115 45.23869 14.59125 45.23883 14.5913 45.23887 14.59136 45.23892 14.59136 45.23896 14.5913 45.23899 14.59121 45.23903 14.59115 45.23903 14.59102 45.2389 14.59082 45.23884 14.59053 45.23898 14.59034 45.23891 14.59022 45.23874 14.59039 45.2386 14.59029 45.23851 14.59014 45.23822 14.58988 45.23811 14.58973 45.23796 14.5894 45.23787 14.5893 45.2378 14.5891 45.2378 14.58902 45.23791 14.58879 45.23812 14.58864 45.23828 14.58861 45.23841 14.58853 45.23855 14.58828 45.23877 14.5881 45.23893 14.58782 45.23902 14.58758 45.23911 14.58738 45.23912 14.58715 45.23927 14.58684 45.23932 14.58644 45.23937 14.58628 45.23953 14.58605 45.23955 14.58598 45.23955 14.58575 45.2396 14.58562 45.2396 14.58547 45.23968 14.58521 45.23966 14.58473 45.23971 14.58452 45.23982 14.58434 45.23989 14.58422 45.24001 14.58388 45.24008 14.58378 45.24019 14.58365 45.2403 14.58358 45.24048 14.58296 45.24057 14.58283 45.24073 14.58248 45.24092 14.5822 45.24101 14.58199 45.24101 14.58181 45.24107 14.58148 45.24123 14.58105 45.24122 14.58072 45.24139 14.58041 45.24142 14.57992 45.24162 14.57964 45.24169 14.57934 45.24174 14.57921 45.24181 14.57913 45.24181 14.57883 45.24179 14.57862 45.24176 14.57843 45.24174 14.57819 45.24159 14.57796 45.2416 14.57762 45.24148 14.5772 45.24134 14.57702 45.24096 14.577 45.2408 14.57691 45.24067 14.57692 45.24054 14.57695 45.24037 14.57696 45.24013 14.57706 45.23963 14.57716 45.2394 14.57726 45.23912 14.57742 45.23894 14.57742 45.23878 14.57729 45.23863 14.57729 45.23826 14.57735 45.23812 14.57741 45.23794 14.57748 45.23738 14.57789 45.23724 14.57807 45.23708 14.57812 45.23672 14.57812 45.23662 14.57809 45.23652 14.57813 45.23643 14.57825 45.23626 14.5785 45.23615 14.57867 45.23607 14.57884 45.23596 14.579 45.23582 14.57918 45.23573 14.57925 45.23546 14.57925 45.23526 14.57923 45.23513 14.57914 45.23486 14.57889 45.23501 14.57835 45.23489 14.5783 45.23474 14.5788 45.23466 14.57899 45.23458 14.57883 45.23454 14.57868 45.23436 14.57837 45.23425 14.57809 45.23421 14.57766 45.23428 14.57695 45.23444 14.57633 45.23467 14.57608 45.23478 14.57574 45.23487 14.57562 45.23494 14.57557 45.23521 14.57556 45.2353 14.57546 45.23539 14.57528 45.23553 14.57515 45.23568 14.57518 45.23572 14.5753 45.23578 14.57532 45.23584 14.57528 45.23588 14.57515 45.23595 14.5751 45.23604 14.5751 45.23607 14.57505 45.23607 14.57487 45.23602 14.57477 45.23609 14.57441 45.23607 14.57393 45.23614 14.57365 45.23616 14.57359 45.23649 14.57378 45.23654 14.57366 45.23621 14.57344 45.23619 14.57334 45.23637 14.57275 45.23642 14.57264 45.23678 14.57291 45.23683 14.57277 45.2365 14.57249 45.23666 14.57219 45.23684 14.57173 45.23703 14.57145 45.2371 14.57124 45.23726 14.57091 45.23735 14.57078 45.2375 14.57045 45.23764 14.5703 45.2378 14.57009 45.238 14.56979 45.23807 14.56961 45.2382 14.56948 45.2383 14.56927 45.23843 14.56881 45.23855 14.56856 45.23875 14.56828 45.23882 14.56817 45.23898 14.56794 45.23932 14.56751 45.23943 14.56743 45.23984 14.56684 45.23997 14.56674 45.24024 14.56633 45.24041 14.56615 45.24063 14.56584 45.24102 14.56551 45.24117 14.56533 45.24136 14.56517 45.24151 14.565 45.24163 14.56492 45.24169 14.56482 45.24181 14.56474 45.24188 14.56464 45.2421 14.56451 45.24224 14.56435 45.24233 14.56435 45.24255 14.56425 45.24267 14.56415 45.24285 14.56412 45.24293 14.56417 45.24298 14.56427 45.24307 14.56427 45.24325 14.56406 45.24345 14.56394 45.24345 14.56383 45.24348 14.56373 45.24355 14.56365 45.24366 14.56327 45.24368 14.56297 45.24362 14.56276 45.24362 14.56261 45.24377 14.5622 45.24376 14.56197 45.24382 14.56187 45.24385 14.56159 45.24391 14.56141 45.24389 14.561 45.24394 14.56082 45.24394 14.56057 45.24388 14.56034 45.24395 14.56003 45.24397 14.55975 45.24401 14.55968 45.24411 14.55881 45.24417 14.55871 45.24422 14.55843 45.24423 14.55818 45.24423 14.55799 45.24426 14.55786 45.24434 14.55766 45.24434 14.55748 45.24443 14.5572</gml:posList>
                        </gml:LinearRing>
                      </gml:exterior>
                    </gml:Polygon>
                  </gml:surfaceMember>
                  <gml:surfaceMember>
                    <gml:Polygon gml:id="MEDIA_MONITORED_CILJ_ID_1_CILJ_ID_5_POLUTANT_2_MODEL_256">
                      <gml:exterior>
                        <gml:LinearRing>
                          <gml:posList srsDimension="2">45.28632 14.58101 45.2867 14.58082 45.28702 14.58057 45.28749 14.5803 45.28793 14.58 45.28831 14.57972 45.28844 14.57954 45.28872 14.57916 45.28873 14.57914 45.28868 14.5784 45.28841 14.57797 45.28815 14.57762 45.28785 14.5772 45.28747 14.57704 45.28705 14.57694 45.28676 14.57642 45.28666 14.57583 45.2864 14.5753 45.28633 14.57522 45.28615 14.57501 45.28607 14.57511 45.28602 14.57526 45.28579 14.57631 45.28574 14.57656 45.28565 14.57695 45.28558 14.57713 45.28554 14.57736 45.28542 14.57771 45.2854 14.57784 45.28513 14.57853 45.28492 14.57892 45.28474 14.57904 45.28456 14.5791 45.28434 14.57915 45.28404 14.57915 45.28377 14.57923 45.28366 14.57931 45.28359 14.57944 45.28344 14.57954 45.28269 14.57995 45.28245 14.58013 45.28237 14.58024 45.28233 14.58034 45.28224 14.58047 45.28208 14.5807 45.28177 14.58098 45.2817 14.58103 45.2816 14.58108 45.28145 14.58108 45.28122 14.58114 45.28104 14.58125 45.28045 14.58121 45.28043 14.58132 45.28019 14.58125 45.27999 14.58117 45.28005 14.58102 45.28031 14.58105 45.28032 14.58091 45.27999 14.58088 45.27991 14.58111 45.27974 14.58095 45.2796 14.58077 45.27956 14.58063 45.27954 14.58039 45.27953 14.58018 45.27952 14.57998 45.27957 14.57969 45.27964 14.57937 45.27973 14.57921 45.2798 14.57888 45.27989 14.57847 45.27995 14.57802 45.27996 14.57768 45.27996 14.57719 45.28001 14.57691 45.28008 14.5762 45.28008 14.57592 45.28003 14.57561 45.27988 14.57528 45.27979 14.57518 45.27968 14.5749 45.27966 14.5747 45.27972 14.57416 45.27993 14.5734 45.28016 14.57301 45.28023 14.57283 45.28032 14.57276 45.28057 14.5724 45.28075 14.57189 45.28081 14.57178 45.28127 14.57096 45.28152 14.57025 45.28189 14.56933 45.282 14.56892 45.28202 14.56874 45.28207 14.56861 45.28223 14.56774 45.28228 14.56718 45.28235 14.56677 45.28235 14.5657 45.28229 14.56537 45.28216 14.56491 45.28191 14.56451 45.28153 14.56421 45.28135 14.56413 45.28124 14.56408 45.28099 14.56401 45.28067 14.56409 45.2804 14.56424 45.28022 14.56447 45.2802 14.56455 45.28 14.56485 45.27993 14.56506 45.27967 14.5657 45.27954 14.56585 45.27938 14.56596 45.27895 14.56609 45.27861 14.56617 45.27844 14.56619 45.27816 14.56619 45.2777 14.56587 45.27738 14.56556 45.27698 14.56501 45.27682 14.5647 45.27678 14.56447 45.27672 14.56429 45.27671 14.56381 45.27681 14.56317 45.27684 14.56294 45.27683 14.56264 45.2769 14.56238 45.2769 14.56215 45.27683 14.56208 45.27668 14.56208 45.27652 14.56218 45.27638 14.56241 45.27611 14.56282 45.27582 14.5633 45.27577 14.56341 45.27572 14.56349 45.27504 14.56454 45.27489 14.56487 45.2748 14.56525 45.27476 14.56551 45.27477 14.56579 45.27482 14.56607 45.27488 14.56632 45.27487 14.5666 45.27485 14.56688 45.2748 14.56708 45.27469 14.56721 45.27452 14.56704 45.27442 14.56719 45.27425 14.56701 45.27435 14.56682 45.27419 14.56668 45.27388 14.56732 45.27379 14.56749 45.27345 14.56807 45.27335 14.56805 45.2733 14.568 45.2733 14.56789 45.27337 14.56773 45.27337 14.56761 45.27336 14.56753 45.27328 14.56743 45.27322 14.56735 45.27299 14.56741 45.27282 14.56746 45.27261 14.56749 45.2724 14.56728 45.27164 14.56821 45.27136 14.56839 45.27117 14.56801 45.27119 14.56784 45.27103 14.56756 45.27109 14.56737 45.2712 14.56719 45.27141 14.56681 45.27157 14.56655 45.27168 14.56659 45.2719 14.56622 45.27214 14.56609 45.2724 14.56603 45.27268 14.5658 45.2728 14.56565 45.27291 14.56548 45.27304 14.56521 45.27313 14.56493 45.27324 14.56437 45.27329 14.56424 45.27346 14.5632 45.27347 14.56307 45.27352 14.56287 45.27352 14.56269 45.27361 14.56223 45.2736 14.56207 45.27362 14.5619 45.27362 14.56146 45.2736 14.56141 45.2734 14.56129 45.27333 14.56108 45.27337 14.5607 45.27345 14.56042 45.27345 14.56016 45.27325 14.55994 45.27311 14.55991 45.27297 14.55989 45.27278 14.55988 45.27267 14.55991 45.27257 14.55992 45.27234 14.56002 45.27221 14.56015 45.27212 14.56058 45.27203 14.56076 45.27191 14.56094 45.27176 14.56104 45.2716 14.56107 45.27126 14.561 45.27099 14.561 45.27087 14.56108 45.27079 14.5612 45.27079 14.56131 45.27092 14.56156 45.2709 14.56174 45.2708 14.56184 45.2706 14.56182 45.27049 14.56189 45.27045 14.56207 45.2704 14.56215 45.27007 14.56204 45.27029 14.56114 45.27022 14.56113 45.26999 14.56203 45.26991 14.56201 45.26984 14.56198 45.26947 14.56191 45.26908 14.56191 45.26871 14.56206 45.26857 14.56209 45.26787 14.56255 45.26774 14.5626 45.2676 14.5626 45.26727 14.56276 45.26704 14.56279 45.26689 14.56269 45.26679 14.56264 45.2667 14.56261 45.2665 14.56259 45.26583 14.56262 45.26578 14.56252 45.26572 14.56224 45.26563 14.56216 45.26552 14.56216 45.26536 14.56227 45.26524 14.5625 45.2652 14.5625 45.26506 14.56237 45.26495 14.56265 45.26513 14.56278 45.26513 14.56285 45.26508 14.5629 45.26495 14.56319 45.26485 14.56375 45.26481 14.56377 45.26476 14.56393 45.26461 14.56413 45.26456 14.56416 45.26442 14.56439 45.26431 14.56469 45.26423 14.56496 45.2642 14.56508 45.26411 14.56521 45.26354 14.56557 45.26341 14.56577 45.26336 14.5658 45.26322 14.566 45.26315 14.56618 45.26306 14.56628 45.26281 14.56692 45.26275 14.567 45.26266 14.56728 45.26259 14.56738 45.2625 14.56764 45.26241 14.56777 45.26207 14.56805 45.26193 14.56825 45.26184 14.56831 45.26164 14.56854 45.26128 14.56882 45.26091 14.56933 45.26075 14.56946 45.26062 14.56964 45.26056 14.56973 45.2605 14.56985 45.26046 14.56987 45.2603 14.57023 45.26025 14.57041 45.2601 14.57069 45.26 14.57082 45.25992 14.57097 45.25978 14.57118 45.25973 14.5712 45.25949 14.57153 45.25917 14.57187 45.25905 14.57195 45.25885 14.5722 45.25869 14.57259 45.25865 14.57279 45.25858 14.57289 45.25797 14.57328 45.25767 14.57359 45.25756 14.57377 45.2575 14.57379 45.25738 14.57397 45.25736 14.5742 45.2574 14.57428 45.25744 14.57472 45.25747 14.57496 45.25746 14.57504 45.25735 14.57504 45.25717 14.57494 45.25702 14.57492 45.25657 14.57492 45.2558 14.57508 45.25568 14.57512 45.25555 14.57516 45.2553 14.57531 45.25509 14.57538 45.25496 14.57543 45.25487 14.57549 45.25474 14.57555 45.25448 14.57567 45.2542 14.57586 45.2541 14.57588 45.25393 14.57606 45.25382 14.57616 45.25364 14.57639 45.25348 14.57652 45.25336 14.57652 45.25325 14.57642 45.25318 14.57632 45.25309 14.57622 45.25298 14.57608 45.25287 14.57594 45.25271 14.57572 45.25262 14.57557 45.25228 14.57508 45.25211 14.57488 45.252 14.57473 45.25187 14.57456 45.25166 14.57427 45.25149 14.57402 45.25086 14.57314 45.2507 14.57293 45.25052 14.57269 45.25043 14.5726 45.2503 14.57247 45.24992 14.57219 45.24988 14.57217 45.2496 14.5722 45.24944 14.57232 45.24927 14.57235 45.24915 14.57243 45.24884 14.57271 45.24863 14.57299 45.24857 14.57311 45.24854 14.57327 45.24843 14.57381 45.24847 14.57457 45.24847 14.57489 45.24848 14.57521 45.24848 14.57676 45.24841 14.57707 45.24839 14.57743 45.24848 14.5776 45.24848 14.57773 45.24852 14.57783 45.24856 14.57885 45.2486 14.57895 45.24862 14.57954 45.24865 14.57982 45.24893 14.58081 45.24895 14.58099 45.24922 14.5816 45.24927 14.58193 45.24933 14.58208 45.24933 14.58218 45.24938 14.58229 45.2494 14.58259 45.24937 14.58284 45.2493 14.58308 45.24924 14.5831 45.2492 14.5831 45.24893 14.58305 45.24863 14.58294 45.24816 14.5829 45.24814 14.58298 45.24802 14.58304 45.24787 14.58316 45.24773 14.58334 45.24754 14.58393 45.24752 14.58408 45.24741 14.58431 45.24734 14.58465 45.24718 14.58508 45.24696 14.58543 45.24682 14.5856 45.24666 14.58582 45.2466 14.58588 45.24655 14.586 45.24643 14.58626 45.24636 14.58636 45.24631 14.58653 45.24627 14.5867 45.24616 14.58692 45.24591 14.58725 45.24575 14.58746 45.24562 14.5876 45.24546 14.58784 45.24541 14.58787 45.24528 14.58805 45.24503 14.58861 45.24486 14.58885 45.24478 14.58899 45.24472 14.58917 45.24459 14.58963 45.24457 14.58984 45.24437 14.59042 45.24434 14.59068 45.24425 14.59091 45.24416 14.59162 45.24375 14.59295 45.24343 14.59364 45.2434 14.59379 45.24322 14.59423 45.24316 14.59438 45.24293 14.59505 45.24275 14.59538 45.24256 14.59569 45.24245 14.59581 45.24214 14.5963 45.24195 14.59651 45.2418 14.59663 45.24159 14.59684 45.24149 14.59692 45.24139 14.59704 45.24124 14.59718 45.24103 14.5974 45.2409 14.59754 45.24076 14.59769 45.24051 14.59787 45.2397 14.59823 45.23938 14.59836 45.23902 14.59846 45.2388 14.59857 45.23855 14.59867 45.23814 14.59905 45.23809 14.59918 45.23805 14.59941 45.23812 14.59969 45.23813 14.60007 45.23816 14.60043 45.2384 14.60101 45.23854 14.60124 45.23865 14.60155 45.2388 14.60165 45.23894 14.60193 45.23894 14.60208 45.23882 14.60213 45.23869 14.60203 45.23853 14.60198 45.23846 14.60193 45.23833 14.60193 45.23815 14.60181 45.23784 14.60173 45.23777 14.60165 45.23748 14.60155 45.23737 14.60151 45.23721 14.60155 45.23689 14.60164 45.23667 14.60187 45.23639 14.60263 45.23637 14.60289 45.23661 14.6036 45.23684 14.60388 45.23664 14.60389 45.23664 14.60405 45.23684 14.60401 45.23679 14.60413 45.23674 14.60429 45.23658 14.60459 45.23652 14.60492 45.23656 14.60513 45.23663 14.60531 45.23663 14.60553 45.23667 14.60561 45.23678 14.60566 45.2368 14.60581 45.23672 14.60592 45.23662 14.60594 45.23656 14.60607 45.23637 14.6061 45.236 14.60595 45.23552 14.60564 45.23494 14.6055 45.23471 14.60537 45.23458 14.60542 45.23454 14.60559 45.23458 14.60575 45.23467 14.60601 45.23467 14.60613 45.235 14.6071 45.23508 14.60721 45.23508 14.60733 45.23494 14.6073 45.23489 14.60747 45.23499 14.60762 45.23497 14.60771 45.23462 14.60795 45.23452 14.60802 45.23429 14.60835 45.23415 14.60823 45.2341 14.60836 45.23421 14.60848 45.23391 14.60879 45.23375 14.60909 45.23366 14.60932 45.23357 14.6095 45.23349 14.60964 45.23339 14.61005 45.23325 14.60994 45.23321 14.61007 45.23334 14.61017 45.23328 14.6103 45.23319 14.61044 45.23314 14.61068 45.23315 14.61072 45.23413 14.61219 45.23445 14.6126 45.23473 14.61295 45.23488 14.61312 45.2357 14.61415 45.23649 14.61519 45.2376 14.61602 45.23761 14.61697 45.23785 14.61756 45.23817 14.61767 45.23903 14.61841 45.23947 14.6182 45.23967 14.61859 45.23954 14.61927 45.24059 14.6207 45.24113 14.62159 45.24174 14.6225 45.24235 14.62337 45.24379 14.62568 45.24395 14.6259 45.2447 14.62706 45.24552 14.62802 45.24616 14.62881 45.24689 14.62971 45.24766 14.63026 45.24839 14.63038 45.24904 14.63067 45.24945 14.63093 45.24964 14.63105 45.25005 14.63138 45.25068 14.63231 45.25156 14.63304 45.25244 14.63404 45.25318 14.63479 45.25396 14.63584 45.2544 14.63636 45.25496 14.63661 45.25552 14.63764 45.25585 14.63794 45.2563 14.63835 45.25702 14.63792 45.25748 14.63703 45.25782 14.63616 45.25805 14.63569 45.25794 14.63467 45.25823 14.63384 45.25894 14.63173 45.25911 14.63067 45.25935 14.62941 45.25974 14.6276 45.25988 14.62637 45.26029 14.62447 45.26071 14.62275 45.26153 14.62054 45.26185 14.61954 45.26204 14.61898 45.26246 14.61789 45.26265 14.61737 45.26285 14.61677 45.26313 14.61609 45.26332 14.61563 45.26362 14.61529 45.26423 14.61525 45.26483 14.61502 45.26543 14.61471 45.26605 14.61436 45.26617 14.61429 45.26648 14.61412 45.26691 14.61403 45.26747 14.61383 45.26829 14.61287 45.26886 14.61213 45.26952 14.61142 45.26985 14.61105 45.27024 14.61026 45.27082 14.6092 45.2713 14.60816 45.27169 14.60743 45.27196 14.60706 45.27235 14.60613 45.27283 14.60495 45.27323 14.60416 45.27351 14.60336 45.27392 14.60265 45.27449 14.60187 45.27482 14.601 45.27485 14.60034 45.27487 14.59993 45.2751 14.59919 45.27532 14.59887 45.27544 14.59819 45.27544 14.59744 45.2755 14.59671 45.27581 14.59712 45.276 14.59741 45.27629 14.59741 45.27639 14.59699 45.27649 14.59666 45.2767 14.59631 45.27703 14.59599 45.27742 14.59585 45.27785 14.59564 45.27844 14.59544 45.2787 14.59458 45.27891 14.59395 45.27919 14.59316 45.27957 14.59234 45.27986 14.59158 45.2802 14.59112 45.28078 14.59041 45.28153 14.58958 45.2818 14.58905 45.28225 14.58865 45.28271 14.58822 45.28317 14.5878 45.28374 14.5871 45.28429 14.58648 45.28481 14.58561 45.2852 14.58496 45.28563 14.58392 45.28587 14.58379 45.28631 14.58335 45.28671 14.58288 45.28685 14.5825 45.28702 14.58202 45.28699 14.5819 45.28692 14.58167 45.28661 14.58141 45.2863 14.58138 45.28605 14.58125 45.28632 14.58101</gml:posList>
                        </gml:LinearRing>
                      </gml:exterior>
                    </gml:Polygon>
                  </gml:surfaceMember>
                  <gml:surfaceMember>
                    <gml:Polygon gml:id="MEDIA_MONITORED_CILJ_ID_1_CILJ_ID_5_POLUTANT_2_MODEL_257">
                      <gml:exterior>
                        <gml:LinearRing>
                          <gml:posList srsDimension="2">45.38044 14.62786 45.3832 14.62212 45.38648 14.62195 45.3915 14.6217 45.39399 14.62579 45.4158 14.62769 45.41695 14.62626 45.43126 14.62126 45.43038 14.62081 45.42105 14.61609 45.41167 14.61126 45.40232 14.60647 45.39465 14.60258 45.38672 14.59857 45.38472 14.59754 45.38353 14.59692 45.38313 14.59713 45.38247 14.59785 45.38186 14.59743 45.38157 14.59764 45.38112 14.59708 45.38069 14.59654 45.38009 14.59634 45.37945 14.59622 45.37841 14.59546 45.37812 14.59444 45.37755 14.59376 45.3767 14.59283 45.37631 14.59199 45.37601 14.59101 45.37585 14.59008 45.37616 14.5894 45.37609 14.58933 45.37597 14.58921 45.37594 14.58918 45.37549 14.58873 45.3751 14.58835 45.37453 14.58812 45.37368 14.5875 45.37328 14.58668 45.37287 14.58548 45.37246 14.58403 45.37257 14.58311 45.37277 14.58162 45.37281 14.58126 45.37282 14.58118 45.37204 14.58051 45.37194 14.57977 45.37109 14.57859 45.37087 14.5773 45.37011 14.57507 45.36852 14.57318 45.3676 14.57146 45.36705 14.57031 45.36524 14.56653 45.3639 14.5639 45.36351 14.56299 45.36266 14.56148 45.36242 14.56063 45.36152 14.55902 45.36089 14.55821 45.36026 14.55732 45.35963 14.55618 45.35898 14.55477 45.35852 14.55306 45.35876 14.55196 45.35939 14.55131 45.35958 14.55023 45.35962 14.54996 45.35966 14.5497 45.35962 14.54933 45.35956 14.5488 45.35888 14.54746 45.35869 14.54605 45.35947 14.54496 45.35963 14.54335 45.36 14.54178 45.36017 14.54079 45.36026 14.5405 45.36038 14.54012 45.36052 14.53969 45.36048 14.53948 45.36044 14.53924 45.36039 14.53889 45.36023 14.53792 45.36012 14.53677 45.36001 14.53574 45.35953 14.53444 45.35908 14.53304 45.35901 14.53246 45.35859 14.53126 45.35846 14.53032 45.35804 14.52912 45.35782 14.52824 45.35755 14.52755 45.3571 14.52692 45.35665 14.52641 45.35625 14.5258 45.3559 14.52517 45.35561 14.52457 45.3555 14.52419 45.35548 14.52345 45.35543 14.52272 45.35537 14.52183 45.35523 14.52117 45.35487 14.52063 45.35434 14.52031 45.35393 14.5199 45.35352 14.51965 45.35306 14.51931 45.35255 14.51842 45.3523 14.51815 45.35173 14.51741 45.35071 14.51644 45.35019 14.51589 45.34983 14.51547 45.34944 14.51485 45.34886 14.51424 45.3485 14.51376 45.34798 14.51309 45.34757 14.51264 45.3472 14.51191 45.34692 14.51084 45.34659 14.50963 45.3462 14.50872 45.34561 14.50727 45.34509 14.50596 45.34463 14.50496 45.34403 14.5038 45.34382 14.50429 45.34364 14.50452 45.34339 14.50456 45.34315 14.5044 45.34291 14.50411 45.34277 14.50385 45.3427 14.50333 45.34264 14.5029 45.34278 14.50253 45.34291 14.5024 45.34318 14.5021 45.3426 14.5005 45.34202 14.49909 45.34103 14.49689 45.34026 14.49533 45.33989 14.49408 45.3396 14.49321 45.3394 14.49265 45.33914 14.49201 45.3389 14.49151 45.33847 14.49088 45.33819 14.4905 45.33802 14.48992 45.33775 14.48935 45.33763 14.48892 45.33749 14.48863 45.3371 14.48834 45.33679 14.48803 45.33634 14.48749 45.33591 14.48698 45.33547 14.48641 45.33474 14.48525 45.33347 14.4867 45.33279 14.48757 45.33211 14.48847 45.33158 14.48965 45.33125 14.49063 45.33094 14.49139 45.33056 14.49215 45.33018 14.49288 45.33007 14.49308 45.32965 14.49389 45.32914 14.49467 45.32882 14.49533 45.32855 14.49589 45.32808 14.49712 45.32764 14.49805 45.32709 14.49887 45.32656 14.49968 45.32591 14.50091 45.32547 14.50171 45.32531 14.50214 45.3251 14.50272 45.32485 14.5037 45.32461 14.50436 45.32458 14.50442 45.32414 14.50496 45.32382 14.50546 45.32365 14.50612 45.32351 14.50678 45.32328 14.50712 45.32281 14.50747 45.32242 14.50783 45.32203 14.50856 45.32153 14.50952 45.32106 14.51043 45.32061 14.51118 45.32018 14.51204 45.31974 14.51291 45.31972 14.51294 45.31971 14.51296 45.31947 14.51334 45.31912 14.51457 45.31889 14.51569 45.31864 14.51675 45.31824 14.51808 45.31783 14.5191 45.31755 14.51989 45.31708 14.52058 45.31667 14.5209 45.31606 14.52124 45.31541 14.52164 45.31513 14.52185 45.31535 14.5227 45.31574 14.52373 45.31601 14.52426 45.31638 14.5254 45.31662 14.52615 45.3169 14.52747 45.31675 14.52756 45.31663 14.52764 45.31619 14.52833 45.3158 14.52886 45.31548 14.52927 45.3156 14.52971 45.31565 14.53004 45.31565 14.53027 45.31556 14.53053 45.31544 14.53066 45.31522 14.53072 45.31501 14.53067 45.31477 14.53059 45.31441 14.53042 45.31423 14.53058 45.31395 14.53133 45.31386 14.53234 45.31384 14.53247 45.31342 14.53221 45.31162 14.52982 45.31138 14.53 45.31072 14.52998 45.31046 14.52993 45.31017 14.52925 45.30995 14.52901 45.30973 14.52977 45.30944 14.52855 45.30909 14.52797 45.30884 14.52772 45.3074 14.52414 45.30706 14.52411 45.30628 14.524 45.30597 14.52393 45.30541 14.52397 45.30495 14.52391 45.30443 14.52391 45.30392 14.52422 45.30343 14.52497 45.30292 14.5257 45.3025 14.52631 45.30213 14.52684 45.30203 14.52699 45.30168 14.5279 45.3013 14.52859 45.30107 14.52918 45.30051 14.53019 45.30005 14.53091 45.29956 14.53201 45.29923 14.53268 45.29898 14.53346 45.29897 14.53393 45.29897 14.53457 45.29905 14.53517 45.29903 14.53527 45.29891 14.53564 45.2989 14.5357 45.29842 14.53624 45.29821 14.5366 45.29774 14.53702 45.2977 14.53705 45.29716 14.53769 45.29685 14.5384 45.29645 14.53928 45.2959 14.54042 45.29536 14.54144 45.29497 14.54239 45.29422 14.54384 45.29357 14.5449 45.29337 14.54531 45.29343 14.54539 45.29349 14.54546 45.29361 14.5456 45.29351 14.54581 45.2934 14.54605 45.29312 14.54637 45.2928 14.54683 45.2927 14.54709 45.2928 14.54727 45.29263 14.54763 45.29241 14.5481 45.29196 14.54847 45.29168 14.5485 45.29122 14.54864 45.29105 14.54871 45.29108 14.54891 45.291 14.54894 45.2908 14.549 45.29041 14.54917 45.29016 14.54928 45.29023 14.54949 45.29032 14.54964 45.29037 14.5498 45.29038 14.54985 45.29033 14.54994 45.29033 14.54995 45.29027 14.55004 45.29027 14.55005 45.29007 14.54999 45.28996 14.55014 45.28993 14.55018 45.28974 14.55031 45.28912 14.5509 45.28882 14.55131 45.28839 14.55186 45.28818 14.55271 45.28831 14.55371 45.28841 14.55436 45.28873 14.55539 45.28875 14.55545 45.2888 14.55528 45.28888 14.55523 45.28895 14.55523 45.28904 14.5552 45.28909 14.55515 45.28913 14.55505 45.28945 14.55481 45.28954 14.55476 45.2897 14.55476 45.29001 14.55458 45.29035 14.5543 45.29055 14.55422 45.29076 14.55406 45.29092 14.55388 45.29135 14.55358 45.29144 14.55365 45.29174 14.55348 45.29176 14.55371 45.29197 14.55366 45.29195 14.55343 45.29265 14.55313 45.29271 14.55312 45.29277 14.55335 45.29289 14.55332 45.29307 14.55318 45.29318 14.55329 45.29325 14.55315 45.29314 14.55304 45.29324 14.55285 45.29335 14.55295 45.29342 14.55282 45.29331 14.55272 45.29345 14.55247 45.29354 14.55257 45.29359 14.55246 45.2935 14.55237 45.29362 14.55215 45.29371 14.55223 45.29376 14.55213 45.29367 14.55204 45.29381 14.55179 45.2939 14.55186 45.29393 14.55179 45.29385 14.55171 45.29395 14.55152 45.29404 14.55158 45.29409 14.55148 45.29401 14.55141 45.29413 14.55119 45.2942 14.55126 45.29426 14.55114 45.29419 14.55108 45.29427 14.55093 45.29434 14.55098 45.29439 14.55087 45.29433 14.55082 45.29447 14.55055 45.29453 14.55059 45.29458 14.5505 45.29435 14.55025 45.29462 14.54966 45.29456 14.54962 45.29498 14.54884 45.29506 14.54868 45.29522 14.54819 45.29583 14.54717 45.29601 14.54668 45.29627 14.54617 45.29647 14.54591 45.29665 14.54588 45.29676 14.5457 45.29683 14.5455 45.29683 14.54542 45.29694 14.54519 45.29702 14.54484 45.29713 14.54471 45.29715 14.54463 45.29744 14.5443 45.29769 14.54417 45.29803 14.54406 45.29848 14.54371 45.29873 14.5438 45.29881 14.54349 45.2987 14.54344 45.29867 14.54362 45.29856 14.54357 45.29856 14.54331 45.29862 14.54305 45.29865 14.54265 45.29876 14.54255 45.2989 14.5425 45.29899 14.54237 45.29899 14.54212 45.29888 14.54191 45.29905 14.54168 45.29942 14.54142 45.29962 14.54135 45.29973 14.54135 45.29994 14.54139 45.30027 14.54165 45.30041 14.5417 45.30053 14.5419 45.30061 14.5418 45.30067 14.54172 45.30054 14.54154 45.30054 14.54149 45.30066 14.54134 45.30071 14.5412 45.30082 14.54136 45.30106 14.54106 45.30098 14.54093 45.30084 14.54111 45.3008 14.54102 45.30084 14.54093 45.30091 14.54065 45.30096 14.53988 45.30137 14.53914 45.30141 14.53891 45.30146 14.53881 45.30156 14.53839 45.30161 14.53828 45.30169 14.53819 45.30218 14.53781 45.30275 14.53716 45.30295 14.53701 45.30309 14.53688 45.30322 14.53674 45.30331 14.53696 45.30357 14.53689 45.30355 14.53676 45.30337 14.5368 45.30332 14.53665 45.30427 14.53669 45.30464 14.53694 45.30478 14.537 45.30492 14.53703 45.30519 14.537 45.30534 14.53696 45.3055 14.53684 45.30576 14.53644 45.30605 14.53602 45.3062 14.53614 45.30628 14.53599 45.30606 14.53582 45.30598 14.53591 45.30587 14.53579 45.306 14.5356 45.30626 14.5358 45.3063 14.53569 45.30622 14.53562 45.30629 14.53543 45.30638 14.5354 45.30662 14.53549 45.30681 14.53559 45.30704 14.53601 45.30709 14.53612 45.30712 14.53621 45.30715 14.53629 45.30678 14.5388 45.30666 14.53878 45.3065 14.53924 45.30659 14.53931 45.30634 14.54007 45.30621 14.54041 45.30604 14.54099 45.30591 14.54171 45.30576 14.54239 45.30571 14.54266 45.30542 14.54331 45.30494 14.54419 45.30499 14.54428 45.30467 14.54467 45.30439 14.54506 45.30433 14.54499 45.30406 14.54529 45.304 14.54522 45.30378 14.54545 45.30384 14.5456 45.30359 14.54588 45.3035 14.54577 45.30252 14.54677 45.30196 14.54737 45.30177 14.54758 45.30184 14.54783 45.30186 14.54793 45.30168 14.54809 45.30155 14.54817 45.30145 14.54829 45.30132 14.5486 45.3012 14.54891 45.30109 14.54921 45.30077 14.55021 45.30056 14.55077 45.30041 14.55106 45.29988 14.55259 45.29976 14.55292 45.29943 14.55372 45.29913 14.55487 45.29899 14.5554 45.29876 14.55612 45.29864 14.55655 45.29845 14.55695 45.29815 14.55778 45.29799 14.55814 45.29783 14.55862 45.29749 14.55937 45.2973 14.55965 45.2971 14.5598 45.29681 14.55983 45.29667 14.55993 45.29651 14.56022 45.29644 14.56045 45.29637 14.56057 45.29628 14.56085 45.29606 14.56114 45.29586 14.56129 45.2957 14.56152 45.29564 14.56171 45.29549 14.56193 45.29502 14.56234 45.29469 14.56264 45.29445 14.5628 45.29409 14.56319 45.29391 14.5634 45.29375 14.56358 45.29359 14.56376 45.29332 14.56409 45.29314 14.56432 45.29289 14.56477 45.2926 14.56552 45.2925 14.56575 45.29221 14.56619 45.29219 14.56622 45.2921 14.5665 45.29205 14.56701 45.29209 14.56754 45.29224 14.568 45.29231 14.56817 45.2924 14.56836 45.29242 14.5685 45.29242 14.56871 45.29226 14.56925 45.29192 14.56994 45.29172 14.57022 45.2914 14.57056 45.29023 14.57123 45.28969 14.57164 45.28941 14.57195 45.28849 14.57275 45.2884 14.5729 45.28797 14.57326 45.28785 14.57339 45.28772 14.57357 45.28761 14.5737 45.28747 14.57385 45.28727 14.57403 45.28695 14.57426 45.28666 14.57449 45.28645 14.5747 45.28625 14.57488 45.28615 14.57501 45.28633 14.57522 45.2864 14.5753 45.28666 14.57583 45.28676 14.57642 45.28705 14.57694 45.28747 14.57704 45.28785 14.5772 45.28815 14.57762 45.28841 14.57797 45.28868 14.5784 45.28873 14.57914 45.28872 14.57916 45.28844 14.57954 45.28831 14.57972 45.28793 14.58 45.28749 14.5803 45.28702 14.58057 45.2867 14.58082 45.28632 14.58101 45.28605 14.58125 45.2863 14.58138 45.28661 14.58141 45.28692 14.58167 45.28699 14.5819 45.28702 14.58202 45.28685 14.5825 45.28671 14.58288 45.28631 14.58335 45.28587 14.58379 45.28563 14.58392 45.2852 14.58496 45.28481 14.58561 45.28429 14.58648 45.28374 14.5871 45.28317 14.5878 45.28271 14.58822 45.28225 14.58865 45.2818 14.58905 45.28153 14.58958 45.28078 14.59041 45.2802 14.59112 45.27986 14.59158 45.27957 14.59234 45.27919 14.59316 45.27891 14.59395 45.2787 14.59458 45.27844 14.59544 45.27785 14.59564 45.27742 14.59585 45.27703 14.59599 45.2767 14.59631 45.27649 14.59666 45.27639 14.59699 45.27629 14.59741 45.276 14.59741 45.27581 14.59712 45.2755 14.59671 45.27544 14.59744 45.27544 14.59819 45.27532 14.59887 45.2751 14.59919 45.27487 14.59993 45.27485 14.60034 45.27482 14.601 45.27449 14.60187 45.27392 14.60265 45.27351 14.60336 45.27323 14.60416 45.27283 14.60495 45.27235 14.60613 45.27196 14.60706 45.27169 14.60743 45.2713 14.60816 45.27082 14.6092 45.27024 14.61026 45.26985 14.61105 45.26952 14.61142 45.26886 14.61213 45.26829 14.61287 45.26747 14.61383 45.26691 14.61403 45.26648 14.61412 45.26617 14.61429 45.26605 14.61436 45.26543 14.61471 45.26483 14.61502 45.26423 14.61525 45.26362 14.61529 45.26332 14.61563 45.26313 14.61609 45.26285 14.61677 45.26265 14.61737 45.26246 14.61789 45.26204 14.61898 45.26185 14.61954 45.26153 14.62054 45.26071 14.62275 45.26029 14.62447 45.25988 14.62637 45.25974 14.6276 45.25935 14.62941 45.25911 14.63067 45.25894 14.63173 45.25823 14.63384 45.25794 14.63467 45.25805 14.63569 45.25782 14.63616 45.25748 14.63703 45.25702 14.63792 45.2563 14.63835 45.25712 14.63923 45.25797 14.64007 45.25905 14.64092 45.25924 14.6411 45.25955 14.64142 45.26016 14.64203 45.26008 14.64315 45.26078 14.64428 45.26166 14.64503 45.26199 14.64554 45.26233 14.64603 45.2626 14.6465 45.26287 14.64694 45.26318 14.64749 45.2636 14.64793 45.26384 14.64806 45.26428 14.64863 45.26435 14.64875 45.26455 14.64909 45.26453 14.64964 45.26455 14.64988 45.2648 14.65022 45.26489 14.65067 45.26489 14.6512 45.26549 14.65182 45.26595 14.65239 45.2662 14.65312 45.26681 14.65402 45.26719 14.65548 45.26785 14.65687 45.26881 14.6602 45.26991 14.66017 45.27087 14.66044 45.27184 14.66054 45.27261 14.66076 45.27446 14.66125 45.27521 14.66154 45.27623 14.66203 45.27718 14.66236 45.27828 14.66257 45.27881 14.66306 45.27964 14.66393 45.28051 14.66423 45.28141 14.66454 45.28216 14.66521 45.28282 14.66578 45.28313 14.66645 45.28365 14.66743 45.28418 14.66827 45.28498 14.66878 45.28569 14.66912 45.28677 14.66983 45.28742 14.67068 45.28812 14.67179 45.28867 14.67279 45.28873 14.67371 45.28873 14.67373 45.28873 14.6738 45.28859 14.67407 45.28846 14.67431 45.28737 14.67599 45.28764 14.67671 45.28766 14.6768 45.28806 14.67738 45.28855 14.6782 45.28911 14.67901 45.28962 14.67971 45.29021 14.68066 45.29056 14.68118 45.29114 14.68165 45.29182 14.68237 45.29238 14.68426 45.29286 14.68465 45.29368 14.68484 45.29408 14.68508 45.29429 14.68519 45.29491 14.68568 45.29545 14.686 45.29605 14.68624 45.29645 14.68649 45.29715 14.68665 45.29754 14.6866 45.2979 14.68655 45.29862 14.68616 45.29927 14.68576 45.29972 14.68512 45.29996 14.68442 45.30033 14.68373 45.301 14.68295 45.30156 14.68256 45.302 14.68185 45.30242 14.68118 45.30297 14.68037 45.30346 14.67984 45.30365 14.67907 45.30389 14.67853 45.30408 14.67807 45.30414 14.67793 45.3042 14.67708 45.30441 14.67626 45.30478 14.67536 45.30525 14.67466 45.3058 14.67435 45.30638 14.67395 45.30676 14.67326 45.30709 14.67249 45.30741 14.67238 45.30796 14.67171 45.30853 14.67101 45.30877 14.66986 45.3092 14.6696 45.30932 14.66938 45.30954 14.66896 45.30897 14.66808 45.30894 14.66761 45.31091 14.66534 45.31224 14.66364 45.31365 14.66201 45.31443 14.66203 45.31485 14.66176 45.31527 14.66126 45.31582 14.66051 45.31632 14.65974 45.31696 14.65857 45.31731 14.65749 45.3178 14.65652 45.31843 14.65559 45.31911 14.65461 45.31956 14.65376 45.32016 14.65278 45.32075 14.65229 45.3214 14.65186 45.32207 14.65123 45.3224 14.65107 45.32296 14.6505 45.32353 14.65026 45.32446 14.64966 45.32523 14.64944 45.32582 14.64959 45.32628 14.64983 45.32693 14.65039 45.32815 14.65108 45.32955 14.65203 45.33085 14.65283 45.33164 14.65345 45.33252 14.65481 45.33317 14.65553 45.33393 14.65624 45.33465 14.65706 45.33524 14.65765 45.33588 14.65794 45.33646 14.65824 45.33735 14.65863 45.3384 14.65906 45.33931 14.65967 45.34009 14.66034 45.34088 14.66056 45.34181 14.66063 45.34265 14.66046 45.34398 14.66065 45.34723 14.66123 45.3503 14.66167 45.35093 14.66179 45.35122 14.66185 45.35239 14.66219 45.35375 14.66286 45.35465 14.66312 45.35544 14.66353 45.35675 14.66391 45.35829 14.66456 45.35945 14.66491 45.36071 14.6649 45.36152 14.66515 45.3628 14.66486 45.36349 14.66482 45.36424 14.66474 45.36515 14.66473 45.36582 14.6633 45.36606 14.66229 45.36649 14.661 45.36652 14.66095 45.36702 14.66011 45.36687 14.65918 45.36739 14.65766 45.36777 14.65685 45.37058 14.65451 45.37137 14.65009 45.37174 14.6495 45.37233 14.64894 45.37268 14.64846 45.37297 14.6478 45.37342 14.64706 45.37356 14.64657 45.37382 14.6459 45.37427 14.64546 45.37471 14.64506 45.37478 14.64484 45.3748 14.64478 45.37486 14.64458 45.3746 14.64416 45.37407 14.64345 45.37345 14.64288 45.37382 14.64164 45.37453 14.64158 45.37508 14.64126 45.37554 14.64067 45.37643 14.63945 45.37711 14.6383 45.37759 14.63696 45.37847 14.63423 45.37871 14.63255 45.37866 14.63128 45.38044 14.62786</gml:posList>
                        </gml:LinearRing>
                      </gml:exterior>
                    </gml:Polygon>
                  </gml:surfaceMember>
                  <gml:surfaceMember>
                    <gml:Polygon gml:id="MEDIA_MONITORED_CILJ_ID_1_CILJ_ID_5_POLUTANT_2_MODEL_258">
                      <gml:exterior>
                        <gml:LinearRing>
                          <gml:posList srsDimension="2">45.25671 14.56213 45.25671 14.56203 45.2567 14.5619 45.25667 14.56141 45.25659 14.56113 45.25652 14.56065 45.25643 14.56035 45.25641 14.56014 45.25615 14.55935 45.25593 14.55894 45.25583 14.55875 45.25568 14.55844 45.25543 14.55811 45.25537 14.55799 45.25514 14.55774 45.25478 14.5572 45.25452 14.55665 45.25438 14.55644 45.25428 14.55627 45.25416 14.55598 45.25393 14.55573 45.25355 14.5555 45.25337 14.55545 45.25313 14.55545 45.25285 14.55561 45.2527 14.55581 45.2526 14.55589 45.25236 14.55592 45.25227 14.55587 45.25222 14.55577 45.25204 14.55561 45.25189 14.55562 45.25157 14.55585 45.25148 14.55591 45.25141 14.55598 45.2513 14.55605 45.25121 14.55618 45.25117 14.55624 45.25112 14.55634 45.25107 14.55657 45.25093 14.55674 45.25082 14.55728 45.25062 14.55782 45.25059 14.55812 45.25059 14.55851 45.25054 14.55876 45.25048 14.55891 45.25029 14.55914 45.25011 14.55968 45.24995 14.56001 45.24985 14.56009 45.24981 14.56015 45.24972 14.56032 45.24968 14.56068 45.24936 14.56111 45.249 14.5614 45.24878 14.56178 45.24866 14.56181 45.24834 14.56204 45.24823 14.5621 45.24812 14.56219 45.24771 14.5625 45.24749 14.56278 45.24746 14.56291 45.24733 14.56296 45.24726 14.56307 45.24717 14.56312 45.24708 14.56327 45.24694 14.56337 45.24672 14.56366 45.24647 14.56386 45.2464 14.56399 45.24593 14.5643 45.24557 14.56486 45.24522 14.56517 45.24484 14.56563 45.24473 14.56599 45.24468 14.56642 45.24461 14.56663 45.24448 14.56678 45.24445 14.56688 45.24449 14.56704 45.24452 14.56706 45.24459 14.56739 45.24469 14.5676 45.2447 14.5678 45.24467 14.56803 45.24472 14.56828 45.2449 14.56841 45.24498 14.56869 45.24507 14.56874 45.24514 14.56887 45.24534 14.56899 45.24548 14.56899 45.24557 14.56894 45.24598 14.56832 45.24616 14.56817 45.24627 14.56802 45.24677 14.5676 45.24713 14.56722 45.24724 14.56712 45.24735 14.56701 45.24749 14.56689 45.2479 14.56658 45.24887 14.56609 45.24909 14.56608 45.24943 14.56604 45.24958 14.56597 45.24969 14.56591 45.24977 14.5658 45.24985 14.56573 45.25006 14.56572 45.25013 14.5658 45.25031 14.56585 45.25042 14.56592 45.25057 14.56612 45.25066 14.56616 45.25075 14.56617 45.25088 14.5661 45.25123 14.56607 45.25181 14.56627 45.2521 14.56644 45.25247 14.56654 45.25294 14.56682 45.25323 14.56712 45.25377 14.56717 45.25383 14.56722 45.25389 14.56725 45.25406 14.56727 45.25419 14.56722 45.25426 14.56711 45.25445 14.5665 45.25453 14.5664 45.25465 14.56632 45.25479 14.56612 45.25492 14.56586 45.25495 14.56568 45.25513 14.56522 45.25521 14.56513 45.25524 14.56504 45.25546 14.56468 45.25556 14.56446 45.25568 14.56423 45.25574 14.56412 45.25621 14.56342 45.25636 14.56322 45.25646 14.56305 45.25662 14.56264 45.25671 14.56233 45.25671 14.5622 45.25671 14.56213</gml:posList>
                        </gml:LinearRing>
                      </gml:exterior>
                    </gml:Polygon>
                  </gml:surfaceMember>
                  <gml:surfaceMember>
                    <gml:Polygon gml:id="MEDIA_MONITORED_CILJ_ID_1_CILJ_ID_5_POLUTANT_2_MODEL_259">
                      <gml:exterior>
                        <gml:LinearRing>
                          <gml:posList srsDimension="2">45.47047 14.32262 45.47298 14.31974 45.4772 14.31846 45.48297 14.3167 45.4802 14.30594 45.48129 14.30226 45.4813 14.30205 45.48137 14.30196 45.48165 14.30087 45.48191 14.29987 45.48487 14.29095 45.48845 14.28808 45.48981 14.28699 45.4903 14.2866 45.48995 14.28499 45.48947 14.2828 45.49039 14.28196 45.49036 14.28172 45.49033 14.28156 45.49023 14.28095 45.49031 14.28087 45.49038 14.28082 45.49034 14.28056 45.49044 14.28025 45.49044 14.28001 45.49045 14.27988 45.4903 14.27905 45.49017 14.27893 45.48965 14.27792 45.4896 14.27791 45.48951 14.27787 45.48941 14.27771 45.48928 14.27749 45.48927 14.27735 45.48917 14.2768 45.4892 14.27671 45.4893 14.27644 45.48929 14.27629 45.48925 14.27625 45.48923 14.27622 45.48923 14.27617 45.48924 14.276 45.48906 14.27579 45.48901 14.2757 45.48881 14.27537 45.48873 14.27533 45.4886 14.27526 45.4886 14.27519 45.48842 14.27506 45.48844 14.275 45.48836 14.27483 45.48833 14.27483 45.48817 14.27485 45.48805 14.27481 45.48788 14.27482 45.48761 14.27454 45.4876 14.27454 45.48734 14.27443 45.48714 14.27428 45.48689 14.27421 45.48687 14.27431 45.48661 14.27384 45.48658 14.27386 45.48656 14.27381 45.48654 14.27375 45.48614 14.27339 45.48591 14.27292 45.48559 14.2709 45.48334 14.26888 45.48323 14.26893 45.48302 14.26874 45.48301 14.2687 45.48299 14.26862 45.48223 14.26796 45.48227 14.26764 45.48229 14.26744 45.48225 14.26743 45.48225 14.26738 45.48226 14.26724 45.48229 14.26723 45.48232 14.26723 45.48251 14.26578 45.48266 14.26457 45.48334 14.26419 45.48353 14.26441 45.48379 14.2642 45.48386 14.26419 45.48392 14.26417 45.484 14.26408 45.48403 14.26394 45.48406 14.2637 45.48408 14.26347 45.4842 14.26315 45.48424 14.26303 45.48431 14.26302 45.4845 14.26272 45.48468 14.26267 45.48483 14.26277 45.48495 14.26285 45.48504 14.26305 45.48504 14.26313 45.48503 14.26324 45.48628 14.26255 45.487 14.26214 45.48863 14.26041 45.48994 14.25902 45.48991 14.25887 45.48998 14.25864 45.49 14.25857 45.49011 14.25865 45.49021 14.25871 45.49035 14.25857 45.4909 14.25801 45.49082 14.25784 45.49074 14.25767 45.49079 14.25758 45.49095 14.25754 45.49123 14.25729 45.49146 14.25662 45.49154 14.25661 45.49161 14.25674 45.49169 14.25691 45.49177 14.25694 45.49185 14.25697 45.49315 14.2561 45.49485 14.25497 45.495 14.25465 45.49542 14.25415 45.49557 14.25397 45.49564 14.2539 45.49589 14.25361 45.49614 14.25304 45.49662 14.25252 45.49688 14.25186 45.497 14.2513 45.49719 14.25006 45.4973 14.2496 45.49757 14.24968 45.49902 14.24938 45.49928 14.24919 45.49975 14.24882 45.49993 14.24867 45.50002 14.24859 45.50048 14.24819 45.50118 14.24777 45.50119 14.24768 45.50119 14.24757 45.50189 14.24699 45.50206 14.24675 45.50219 14.2467 45.50226 14.24668 45.50233 14.24657 45.50252 14.24625 45.50291 14.24611 45.50316 14.24606 45.50336 14.24611 45.50357 14.24648 45.50359 14.24644 45.5036 14.24641 45.50362 14.24637 45.50342 14.24602 45.50329 14.24597 45.5031 14.24591 45.50336 14.24569 45.50341 14.24554 45.50477 14.24512 45.50529 14.24496 45.50525 14.24479 45.50518 14.24443 45.50518 14.24382 45.50518 14.24345 45.50518 14.24317 45.50518 14.24313 45.50494 14.24139 45.50581 14.23741 45.5056 14.23493 45.50516 14.23262 45.50477 14.23061 45.50139 14.22338 45.50119 14.22333 45.50001 14.22304 45.49655 14.22216 45.49638 14.22204 45.49341 14.22006 45.49272 14.2178 45.49215 14.21592 45.49217 14.21536 45.49221 14.21455 45.49258 14.21429 45.492 14.21392 45.49157 14.21365 45.49143 14.2136 45.49093 14.21341 45.49028 14.21278 45.48991 14.21243 45.48965 14.21248 45.48936 14.21235 45.48887 14.21211 45.4885 14.21241 45.48901 14.21065 45.48813 14.21011 45.4842 14.20766 45.4821 14.20635 45.47978 14.20924 45.47853 14.20662 45.46923 14.20765 45.47013 14.20432 45.47066 14.20236 45.47189 14.19786 45.47205 14.19737 45.47218 14.19701 45.47221 14.19688 45.47224 14.19674 45.47243 14.19622 45.47257 14.19584 45.47261 14.19569 45.47271 14.19538 45.47277 14.1951 45.47282 14.19483 45.47288 14.19469 45.47294 14.19454 45.47301 14.19427 45.47324 14.19377 45.4733 14.1935 45.47351 14.19309 45.47389 14.19235 45.47414 14.19181 45.47425 14.19118 45.47465 14.19003 45.47476 14.18977 45.47476 14.18963 45.47476 14.18959 45.4748 14.18922 45.47483 14.18904 45.47483 14.18858 45.47485 14.18843 45.4749 14.18809 45.47491 14.18804 45.47488 14.18772 45.47489 14.18743 45.47491 14.18698 45.47499 14.18665 45.47504 14.18646 45.47509 14.18636 45.47514 14.18628 45.47541 14.18593 45.47567 14.18559 45.47626 14.18474 45.47665 14.18395 45.4769 14.18359 45.47707 14.18335 45.47733 14.18258 45.4774 14.18235 45.47755 14.18187 45.47778 14.18104 45.47782 14.18082 45.47789 14.18042 45.47798 14.18011 45.47807 14.17982 45.47812 14.1795 45.47824 14.17879 45.47872 14.17728 45.47953 14.17311 45.47972 14.17038 45.47988 14.16822 45.4798 14.16803 45.47978 14.16798 45.47979 14.16742 45.47975 14.16731 45.47965 14.16733 45.47959 14.16737 45.47967 14.16719 45.47967 14.16696 45.47982 14.16667 45.47987 14.16657 45.47993 14.16641 45.47983 14.16627 45.47977 14.16618 45.47977 14.16538 45.47981 14.16503 45.47981 14.165 45.47987 14.16482 45.47992 14.1647 45.47991 14.16443 45.47979 14.16417 45.47978 14.16402 45.47976 14.16386 45.47981 14.16375 45.47984 14.16369 45.48007 14.16307 45.4801 14.16283 45.48013 14.16258 45.48015 14.16253 45.4802 14.1624 45.48021 14.1623 45.48021 14.1622 45.48038 14.16192 45.4804 14.16162 45.48049 14.16142 45.48054 14.16126 45.48057 14.16116 45.48057 14.16096 45.48056 14.16081 45.48059 14.16067 45.48061 14.16057 45.48057 14.16025 45.48048 14.15994 45.48038 14.15972 45.48078 14.15644 45.48107 14.15406 45.48066 14.1519 45.48039 14.15052 45.47817 14.14743 45.47536 14.14353 45.47527 14.13681 45.47538 14.13671 45.47543 14.13666 45.47564 14.13384 45.47742 14.12812 45.47958 14.12211 45.48111 14.11792 45.48227 14.11115 45.48239 14.10907 45.48099 14.10938 45.48009 14.10958 45.47765 14.11013 45.47437 14.11277 45.4708 14.11453 45.469 14.11342 45.46499 14.11093 45.45955 14.1079 45.45077 14.11965 45.44332 14.12076 45.43271 14.13344 45.43167 14.13555 45.42603 14.14618 45.42454 14.14901 45.41932 14.15905 45.41821 14.16155 45.41592 14.16509 45.41502 14.16791 45.41367 14.17497 45.41188 14.18135 45.41119 14.18397 45.41072 14.18648 45.41027 14.18826 45.41027 14.18828 45.41026 14.18831 45.40879 14.1923 45.40706 14.19753 45.40596 14.20103 45.40506 14.20329 45.4043 14.20536 45.4031 14.20587 45.4017 14.2062 45.40128 14.20621 45.39585 14.19548 45.39312 14.18987 45.393 14.18963 45.39208 14.18875 45.39187 14.1902 45.39166 14.1917 45.39154 14.19325 45.39075 14.20201 45.39061 14.20536 45.39063 14.20614 45.39039 14.20639 45.39025 14.20652 45.39013 14.20664 45.38983 14.20694 45.38919 14.2075 45.38869 14.20807 45.38727 14.20908 45.38625 14.20969 45.38525 14.21041 45.38428 14.21118 45.38359 14.21183 45.383 14.21207 45.38268 14.21215 45.38166 14.21421 45.38064 14.21585 45.37992 14.21692 45.37935 14.21784 45.37914 14.21861 45.37817 14.21997 45.37788 14.22067 45.37717 14.22203 45.37693 14.22256 45.37688 14.22366 45.37693 14.22498 45.37693 14.22545 45.37693 14.22571 45.37687 14.22652 45.37696 14.22862 45.37696 14.22939 45.37704 14.22985 45.37707 14.23005 45.37707 14.23012 45.37707 14.23054 45.37678 14.23116 45.37636 14.23286 45.37577 14.23475 45.37507 14.2366 45.37443 14.23801 45.37358 14.24015 45.37317 14.24164 45.37227 14.24531 45.37164 14.24712 45.37128 14.24798 45.37083 14.24879 45.37033 14.25033 45.36938 14.25241 45.36918 14.25329 45.36899 14.25443 45.3677 14.25753 45.36762 14.25788 45.36714 14.2593 45.36669 14.26082 45.36611 14.2626 45.36455 14.26686 45.36432 14.26742 45.36417 14.26766 45.36393 14.26826 45.36311 14.27079 45.36265 14.27194 45.36171 14.27473 45.36137 14.27546 45.36098 14.27644 45.36016 14.27792 45.35994 14.27844 45.35976 14.27869 45.35929 14.27918 45.35886 14.27971 45.3585 14.28048 45.3577 14.28143 45.35707 14.28163 45.35605 14.2818 45.35454 14.28254 45.35412 14.28283 45.35386 14.2829 45.35238 14.28291 45.3519 14.28263 45.35121 14.28234 45.35072 14.2822 45.34984 14.282 45.34887 14.28157 45.34851 14.28207 45.347 14.28462 45.34616 14.28581 45.34539 14.28667 45.34469 14.28773 45.34356 14.28895 45.34256 14.28956 45.34157 14.28986 45.34113 14.29009 45.34091 14.2902 45.34015 14.29076 45.33989 14.29103 45.33958 14.29134 45.33952 14.29154 45.33919 14.29191 45.33888 14.29292 45.33869 14.29414 45.33846 14.29496 45.33829 14.29637 45.33825 14.29666 45.33827 14.29667 45.33925 14.29765 45.34016 14.29816 45.34056 14.29827 45.34189 14.29941 45.34308 14.30027 45.34493 14.30206 45.34621 14.30338 45.34683 14.3038 45.34798 14.30426 45.34801 14.30428 45.34878 14.30472 45.3489 14.30479 45.34962 14.30495 45.34983 14.305 45.35001 14.30491 45.35006 14.30478 45.35021 14.30445 45.35047 14.3041 45.3509 14.30405 45.3511 14.30402 45.35113 14.30402 45.35123 14.30386 45.35131 14.30374 45.35147 14.30304 45.35165 14.30299 45.35181 14.30318 45.35191 14.30388 45.35212 14.30462 45.35229 14.30488 45.35325 14.30537 45.35341 14.30542 45.35367 14.30525 45.35396 14.30507 45.3543 14.30512 45.35444 14.3053 45.35413 14.3059 45.35411 14.30674 45.35415 14.30705 45.35425 14.30723 45.35465 14.30758 45.3551 14.30784 45.35554 14.30803 45.35596 14.30829 45.35641 14.30855 45.35688 14.30899 45.35723 14.30929 45.35759 14.30963 45.35794 14.30949 45.35794 14.30953 45.35792 14.30965 45.35778 14.31093 45.35773 14.31158 45.35666 14.31195 45.35665 14.31213 45.35666 14.31251 45.35673 14.31304 45.35676 14.31322 45.35682 14.31363 45.35675 14.31362 45.3567 14.31361 45.35678 14.3141 45.35694 14.31452 45.3572 14.31481 45.35748 14.31498 45.35771 14.31536 45.3588 14.31714 45.35832 14.31775 45.35779 14.31832 45.35759 14.31837 45.35733 14.31856 45.35727 14.31862 45.35713 14.31877 45.35704 14.31903 45.35699 14.31918 45.35648 14.31999 45.3567 14.32046 45.3569 14.32078 45.35699 14.32084 45.35717 14.32097 45.35719 14.32103 45.35726 14.32128 45.35735 14.32149 45.35746 14.32174 45.35758 14.32219 45.35763 14.32237 45.35794 14.32281 45.35892 14.32336 45.35906 14.32337 45.35918 14.32352 45.35915 14.32384 45.35898 14.32386 45.35867 14.32413 45.35857 14.32438 45.35868 14.32485 45.35881 14.32526 45.35909 14.32549 45.35936 14.32552 45.35963 14.32543 45.35996 14.32542 45.36019 14.32581 45.36031 14.32638 45.36054 14.32676 45.36071 14.32706 45.36071 14.32706 45.36037 14.32816 45.3602 14.32872 45.36024 14.32909 45.36024 14.3291 45.36021 14.32918 45.36013 14.32944 45.35993 14.3295 45.35896 14.32858 45.35861 14.32867 45.35844 14.32925 45.35827 14.3301 45.35814 14.33132 45.35792 14.33224 45.35786 14.33247 45.35714 14.33467 45.35681 14.33546 45.35661 14.33575 45.35694 14.33622 45.35718 14.33658 45.3574 14.33659 45.35801 14.33644 45.35815 14.33643 45.35895 14.33714 45.35996 14.33802 45.36018 14.3376 45.36106 14.33755 45.36163 14.33752 45.36248 14.33755 45.36325 14.33741 45.36383 14.33766 45.36422 14.33791 45.36441 14.33813 45.36476 14.33798 45.36487 14.3375 45.36503 14.33765 45.36528 14.33804 45.36529 14.33807 45.36542 14.33851 45.36544 14.33859 45.36525 14.33935 45.36546 14.34026 45.36566 14.34097 45.36592 14.34219 45.36625 14.34276 45.36648 14.34292 45.36678 14.34395 45.36718 14.34392 45.36724 14.34414 45.36731 14.3442 45.36743 14.3443 45.3677 14.34454 45.36779 14.34434 45.3679 14.3441 45.36786 14.34394 45.36786 14.34392 45.36785 14.34389 45.36775 14.34387 45.36762 14.34383 45.3675 14.34382 45.36746 14.34382 45.36754 14.34299 45.36775 14.34274 45.36776 14.34271 45.36779 14.34217 45.36768 14.34187 45.36792 14.341 45.36798 14.34045 45.36813 14.33923 45.36829 14.33835 45.36842 14.3375 45.36839 14.33729 45.36837 14.33722 45.36836 14.3371 45.36835 14.33705 45.36813 14.33587 45.36819 14.33524 45.36828 14.33475 45.36792 14.33373 45.36799 14.33322 45.3683 14.3329 45.36844 14.33252 45.36853 14.33227 45.36846 14.33185 45.36874 14.33142 45.36887 14.33121 45.36883 14.33096 45.36878 14.33066 45.36853 14.33005 45.36851 14.32947 45.36839 14.32903 45.36847 14.32839 45.36853 14.32785 45.36857 14.32748 45.36892 14.32763 45.36921 14.32764 45.36964 14.32753 45.36994 14.32748 45.37006 14.32654 45.36907 14.32527 45.36906 14.32525 45.36928 14.32508 45.36964 14.32479 45.37013 14.32448 45.37094 14.32472 45.37187 14.32498 45.37199 14.32564 45.37216 14.32573 45.37259 14.32594 45.37328 14.32587 45.37375 14.32598 45.37424 14.32597 45.37457 14.32617 45.3753 14.32652 45.37532 14.32654 45.37566 14.32686 45.37614 14.32729 45.37667 14.32723 45.37699 14.3272 45.37739 14.3279 45.3776 14.32886 45.37841 14.33003 45.37885 14.33073 45.37929 14.33127 45.37979 14.33126 45.38023 14.33149 45.38049 14.33204 45.38088 14.33188 45.38161 14.33352 45.3822 14.33503 45.38293 14.337 45.38325 14.33719 45.38367 14.33745 45.38399 14.33791 45.38444 14.33875 45.38454 14.33895 45.38524 14.3394 45.38608 14.3384 45.38675 14.33761 45.38753 14.33701 45.38762 14.33625 45.38855 14.33612 45.38952 14.3357 45.39005 14.3352 45.39078 14.33479 45.39144 14.33466 45.39187 14.33382 45.39197 14.3336 45.39274 14.33394 45.39336 14.33375 45.39418 14.33326 45.39512 14.3323 45.39581 14.33226 45.39668 14.33134 45.39744 14.32985 45.39846 14.3294 45.39904 14.32896 45.39972 14.32859 45.39974 14.32815 45.39975 14.32784 45.39944 14.32706 45.3993 14.32668 45.39883 14.32539 45.39873 14.32406 45.39866 14.32324 45.3979 14.32185 45.39752 14.32079 45.3983 14.32032 45.39897 14.32057 45.39975 14.32034 45.40027 14.3202 45.40115 14.31855 45.40199 14.31795 45.4026 14.31752 45.40284 14.31734 45.40395 14.31666 45.4045 14.31631 45.40516 14.31597 45.40575 14.31558 45.40584 14.31552 45.40661 14.31539 45.40676 14.31537 45.40745 14.31466 45.40801 14.31423 45.40899 14.31377 45.40953 14.31391 45.41054 14.31411 45.41091 14.31433 45.4112 14.31449 45.41187 14.31492 45.41258 14.31547 45.41285 14.3158 45.41286 14.31581 45.41332 14.31636 45.41275 14.31707 45.41247 14.31741 45.41289 14.31821 45.41358 14.31859 45.41409 14.31921 45.41492 14.31989 45.4162 14.3197 45.41707 14.31957 45.41728 14.3188 45.4183 14.3178 45.41887 14.3173 45.41944 14.31661 45.41996 14.3155 45.42052 14.31486 45.42126 14.31471 45.42225 14.31357 45.42243 14.31271 45.42273 14.31188 45.4232 14.31107 45.42378 14.31056 45.42401 14.30968 45.42438 14.3089 45.42454 14.30857 45.42449 14.30748 45.42461 14.30617 45.42552 14.30379 45.42791 14.30655 45.42933 14.308 45.43066 14.30916 45.43278 14.31085 45.43359 14.31154 45.43438 14.31222 45.43418 14.3132 45.43408 14.31367 45.43383 14.31521 45.43344 14.31765 45.43089 14.32075 45.43077 14.32129 45.43098 14.32137 45.43117 14.32145 45.43375 14.32248 45.43697 14.32314 45.43838 14.32319 45.43971 14.32334 45.44157 14.32352 45.443 14.32362 45.44397 14.32387 45.44467 14.32384 45.44553 14.32394 45.44628 14.32404 45.44699 14.32402 45.44773 14.3246 45.44783 14.32544 45.44851 14.32541 45.44937 14.32539 45.45002 14.32554 45.45078 14.32602 45.45153 14.32651 45.45236 14.32686 45.45339 14.32729 45.45493 14.32767 45.45511 14.32739 45.45583 14.32788 45.45728 14.32909 45.4585 14.33029 45.45866 14.33047 45.45873 14.33063 45.45874 14.33074 45.45874 14.33081 45.45874 14.33083 45.4587 14.33107 45.45866 14.33126 45.45849 14.33168 45.45839 14.33189 45.45834 14.332 45.45852 14.33241 45.45878 14.33289 45.45926 14.33254 45.45938 14.3329 45.45943 14.33307 45.46106 14.33305 45.4617 14.3326 45.46273 14.33199 45.46384 14.33125 45.46478 14.33065 45.46568 14.33001 45.46713 14.32884 45.46793 14.32763 45.46854 14.32673 45.4691 14.32543 45.4696 14.32393 45.47047 14.32262</gml:posList>
                        </gml:LinearRing>
                      </gml:exterior>
                    </gml:Polygon>
                  </gml:surfaceMember>
                </gml:MultiSurface>
              </sams:shape>
            </id2:AQD_ModelArea>
          </ns1:featureOfInterest>
          <ns1:observedProperty xlink:href="http://dd.eionet.europa.eu/vocabulary/aq/pollutant/1"/>
        </ns1:ObservingCapability>
      </ns1:observingCapability>
      <ns1:organisationLevel xlink:href=""/>
      <id2:environmentalObjective>
        <id2:EnvironmentalObjective>
          <id2:objectiveType xlink:href="http://dd.eionet.europa.eu/vocabulary/aq/objectivetype/CL"/>
          <id2:reportingMetric xlink:href="http://dd.eionet.europa.eu/vocabulary/aq/reportingmetric/aMean"/>
          <id2:protectionTarget xlink:href="http://dd.eionet.europa.eu/vocabulary/aq/protectiontarget/V"/>
        </id2:EnvironmentalObjective>
      </id2:environmentalObjective>
      <id2:assessmentType xlink:href="http://dd.eionet.europa.eu/vocabulary/aq/assessmenttype/model"/>
      <id2:zone xlink:href=""/>
    </id2:AQD_Model>
  </gml:featureMember>
  <gml:featureMember>
    <id2:AQD_Model gml:id="MEDIA_MONITORED_CILJ_ID_1_CILJ_ID_5_POLUTANT_3_1">
      <gml:description>Testna objektivna procjena</gml:description>
      <ns1:inspireId>
        <ns:Identifier>
          <ns:localId>MEDIA_MONITORED_CILJ_ID_1_CILJ_ID_5_POLUTANT_3_LOCAL</ns:localId>
          <ns:namespace>aqd.azo.hr</ns:namespace>
          <ns:versionId>1.0</ns:versionId>
        </ns:Identifier>
      </ns1:inspireId>
      <ns1:name/>
      <ns1:mediaMonitored xlink:href=""/>
      <ns1:observingCapability>
        <ns1:ObservingCapability gml:id="MEDIA_MONITORED_CILJ_ID_1_CILJ_ID_5_POLUTANT_3_MODEL_OBJECTIVE_ESTIMATION_1">
          <ns1:observingTime>
            <gml:TimePeriod gml:id="MEDIA_MONITORED_CILJ_ID_1_CILJ_ID_5_POLUTANT_3_MODEL_TIMEPERIOD_1">
              <gml:beginPosition>2001-01-01</gml:beginPosition>
              <gml:endPosition/>
            </gml:TimePeriod>
          </ns1:observingTime>
          <ns1:processType xlink:href="http://inspire.ec.europa.eu/codeList/ProcessTypeValue/process"/>
          <ns1:resultNature xlink:href="http://inspire.ec.europa.eu/codeList/ResultNatureValue/primary"/>
          <ns1:procedure xlink:href="MEDIA_MONITORED_CILJ_ID_1_CILJ_ID_5_POLUTANT_3_1"/>
          <ns1:featureOfInterest>
            <id2:AQD_ModelArea gml:id="MEDIA_MONITORED_CILJ_ID_1_CILJ_ID_5_POLUTANT_3_MODEL_MODEL_GEOMETRY_ID_5">
              <gml:name>MODEL</gml:name>
              <sam:sampledFeature xsi:nil="true" nilReason="inapplicable"/>
              <sams:shape>
                <gml:MultiSurface gml:id="MEDIA_MONITORED_CILJ_ID_1_CILJ_ID_5_POLUTANT_3_MODEL_MODEL_GEOMETRY_MULTISURFICE_ID_6" srsName="urn:ogc:def:crs:EPSG::4258">
                  <gml:surfaceMember>
                    <gml:Polygon gml:id="MEDIA_MONITORED_CILJ_ID_1_CILJ_ID_5_POLUTANT_3_MODEL_260">
                      <gml:exterior>
                        <gml:LinearRing>
                          <gml:posList srsDimension="2">45.58539 18.61786 45.58664 18.61571 45.58681 18.61543 45.58698 18.61528 45.58721 18.61509 45.58771 18.61474 45.58851 18.61417 45.5893 18.61361 45.59001 18.61311 45.59204 18.61155 45.59234 18.61128 45.59365 18.6101 45.59419 18.60905 45.59439 18.60886 45.59542 18.60789 45.59558 18.60726 45.59569 18.60687 45.5957 18.60682 45.59414 18.60544 45.59226 18.60452 45.59076 18.60391 45.58962 18.60345 45.58892 18.60316 45.58775 18.6027 45.58746 18.60258 45.58697 18.60211 45.58685 18.60199 45.58641 18.60115 45.58626 18.59965 45.58618 18.59884 45.58571 18.59385 45.58578 18.59285 45.58578 18.59266 45.58579 18.59181 45.5858 18.58926 45.58579 18.58884 45.58577 18.58801 45.58584 18.58693 45.58574 18.5861 45.58551 18.58526 45.58545 18.58516 45.58527 18.58486 45.58503 18.58471 45.58496 18.58467 45.58494 18.58464 45.58466 18.58426 45.58493 18.58378 45.58525 18.58354 45.58535 18.58341 45.58565 18.58301 45.58585 18.58292 45.58618 18.58277 45.58752 18.58249 45.58801 18.5819 45.58845 18.58156 45.58956 18.58114 45.58973 18.58114 45.58994 18.58114 45.59066 18.5807 45.59102 18.58044 45.59159 18.58003 45.59205 18.57979 45.59215 18.57974 45.5927 18.5794 45.59347 18.57909 45.59411 18.57883 45.59508 18.57777 45.59535 18.57747 45.59555 18.57716 45.59588 18.57664 45.5962 18.57602 45.59643 18.57556 45.59487 18.57307 45.5937 18.57121 45.59268 18.56958 45.59317 18.56881 45.59046 18.56474 45.58514 18.55676 45.58453 18.56207 45.58445 18.56279 45.57831 18.56156 45.57465 18.56083 45.56585 18.55887 45.56497 18.5585 45.56495 18.55849 45.56493 18.55848 45.56479 18.55825 45.56469 18.55808 45.56438 18.5571 45.56241 18.55869 45.55963 18.56091 45.55852 18.5615 45.55789 18.56074 45.55724 18.5616 45.55704 18.56093 45.55692 18.56051 45.55433 18.56206 45.55218 18.56093 45.55196 18.56092 45.55138 18.56089 45.55049 18.56193 45.55062 18.5629 45.55015 18.5636 45.55085 18.56582 45.5527 18.57173 45.54941 18.57377 45.54742 18.57477 45.54551 18.57529 45.54508 18.57544 45.54451 18.57564 45.54469 18.57872 45.54642 18.57905 45.54843 18.58 45.54927 18.58088 45.54992 18.58237 45.55018 18.58548 45.54981 18.58579 45.54872 18.58668 45.54822 18.58649 45.54775 18.5863 45.54666 18.58463 45.5452 18.58875 45.54299 18.59494 45.54291 18.59528 45.54278 18.59584 45.54248 18.59621 45.54227 18.59648 45.54181 18.59665 45.5409 18.59715 45.53766 18.59837 45.53786 18.59924 45.5384 18.60149 45.53841 18.60161 45.53867 18.60404 45.53877 18.60489 45.5374 18.60555 45.537 18.60574 45.53588 18.61017 45.53585 18.61401 45.53585 18.61404 45.5356 18.6192 45.53372 18.62005 45.53371 18.61972 45.5337 18.6195 45.53256 18.62001 45.53126 18.62061 45.53103 18.62071 45.53096 18.62073 45.52928 18.62145 45.52877 18.61984 45.52855 18.61915 45.52625 18.61982 45.52327 18.62103 45.52052 18.62178 45.51997 18.61974 45.51771 18.62061 45.51493 18.62156 45.51149 18.62244 45.50962 18.62126 45.50963 18.62126 45.50974 18.62149 45.50996 18.62335 45.51015 18.625 45.51034 18.62605 45.51038 18.62628 45.51044 18.62661 45.51051 18.62695 45.51063 18.62764 45.51014 18.63128 45.51031 18.63273 45.51125 18.64089 45.51138 18.64168 45.51151 18.64252 45.51073 18.64426 45.51324 18.65414 45.51609 18.66533 45.5151 18.66604 45.51407 18.66678 45.51476 18.66852 45.51564 18.67076 45.51608 18.67148 45.51664 18.67241 45.51698 18.67412 45.51702 18.67437 45.51783 18.67728 45.51791 18.67789 45.51809 18.6794 45.51811 18.6797 45.51813 18.68005 45.51728 18.67966 45.51621 18.67918 45.51681 18.68098 45.51747 18.68298 45.51767 18.68394 45.51784 18.68478 45.51783 18.68574 45.51783 18.68626 45.51782 18.68665 45.51775 18.68811 45.5177 18.68932 45.51768 18.69015 45.51767 18.69062 45.51766 18.69132 45.51764 18.69222 45.51839 18.69242 45.51896 18.69258 45.52008 18.69468 45.52083 18.69644 45.52115 18.69742 45.52113 18.69763 45.52113 18.69765 45.52111 18.6979 45.52092 18.69813 45.52036 18.69879 45.51878 18.70114 45.51844 18.70165 45.5167 18.70383 45.51586 18.70385 45.51531 18.70387 45.51435 18.704 45.51414 18.70416 45.51378 18.70444 45.51358 18.70465 45.51315 18.70511 45.5128 18.70568 45.51247 18.70623 45.50948 18.7096 45.50862 18.71049 45.50652 18.71267 45.50458 18.71484 45.50128 18.71853 45.50079 18.719 45.50015 18.71961 45.49931 18.72043 45.494 18.72563 45.48846 18.71552 45.48642 18.71757 45.48701 18.71881 45.48721 18.71923 45.48697 18.71947 45.48671 18.71973 45.48214 18.72437 45.48127 18.72294 45.47551 18.72883 45.47562 18.72908 45.47608 18.73014 45.47582 18.73039 45.47536 18.73084 45.47428 18.73189 45.47378 18.73239 45.47328 18.73136 45.47322 18.73123 45.46447 18.74058 45.4594 18.746 45.45985 18.747 45.46046 18.74836 45.45901 18.74977 45.45823 18.75052 45.4577 18.75104 45.45543 18.75323 45.45518 18.75284 45.45421 18.75127 45.45055 18.75543 45.44466 18.76109 45.44515 18.76642 45.44536 18.76866 45.44597 18.77728 45.4466 18.7862 45.45504 18.79344 45.4558 18.7941 45.4566 18.79479 45.45756 18.79552 45.45828 18.79612 45.45911 18.79682 45.46015 18.79763 45.46049 18.79793 45.4613 18.79865 45.46191 18.79948 45.46283 18.80072 45.46426 18.80251 45.45812 18.81576 45.45809 18.81583 45.45779 18.81647 45.46336 18.8274 45.46464 18.82992 45.46531 18.83093 45.46593 18.83187 45.46641 18.83239 45.46789 18.83404 45.46878 18.83503 45.46805 18.83618 45.46402 18.84249 45.4649 18.84254 45.46614 18.84347 45.46714 18.84515 45.46962 18.84742 45.4706 18.84845 45.47081 18.84897 45.47108 18.8496 45.47346 18.85081 45.47559 18.8519 45.47729 18.85068 45.47821 18.85004 45.47837 18.84992 45.47893 18.84952 45.47889 18.84883 45.47955 18.84865 45.48162 18.84809 45.47875 18.83134 45.48232 18.82707 45.48146 18.82566 45.48205 18.82479 45.4821 18.82471 45.4827 18.824 45.48271 18.824 45.48331 18.8233 45.48409 18.82239 45.4902 18.81532 45.49391 18.81104 45.4954 18.80927 45.498 18.80618 45.49866 18.8054 45.50015 18.80393 45.5007 18.80334 45.50269 18.80122 45.50489 18.79835 45.50498 18.79996 45.50504 18.80094 45.5064 18.80179 45.50832 18.80299 45.50922 18.8074 45.50983 18.81035 45.51351 18.81759 45.51392 18.81846 45.51406 18.81896 45.51421 18.81951 45.51568 18.82588 45.51672 18.82994 45.51749 18.834 45.51761 18.83465 45.51847 18.83879 45.51902 18.84005 45.51905 18.84012 45.5191 18.8402 45.51909 18.84022 45.51645 18.84821 45.51705 18.84835 45.52024 18.84906 45.52001 18.85172 45.51987 18.85325 45.52455 18.85807 45.53043 18.86461 45.53382 18.86001 45.53393 18.86024 45.53395 18.86028 45.53425 18.8605 45.53512 18.86115 45.53602 18.8621 45.53673 18.86285 45.53807 18.86327 45.53899 18.8634 45.53931 18.86345 45.54149 18.86306 45.54351 18.862 45.54473 18.8613 45.54636 18.86037 45.54801 18.85988 45.5502 18.85916 45.55126 18.85884 45.55198 18.85867 45.55221 18.85861 45.55178 18.85589 45.55155 18.8538 45.55137 18.8525 45.55119 18.85117 45.55085 18.84873 45.55074 18.84785 45.55047 18.84578 45.55016 18.84323 45.54984 18.84102 45.54965 18.83901 45.55252 18.83902 45.55379 18.83903 45.55521 18.83821 45.5587 18.83532 45.55837 18.83481 45.5583 18.8347 45.5582 18.83456 45.55815 18.83447 45.55738 18.83356 45.55643 18.8325 45.55619 18.83227 45.55544 18.83154 45.55463 18.8307 45.55405 18.83009 45.55359 18.82945 45.5524 18.82776 45.55121 18.82594 45.55035 18.82463 45.54978 18.82346 45.54972 18.82255 45.54971 18.82236 45.54994 18.82126 45.55041 18.81864 45.5509 18.81596 45.55113 18.81403 45.55127 18.81317 45.55133 18.81281 45.55133 18.81224 45.55134 18.81166 45.55119 18.81044 45.55106 18.80892 45.55074 18.80703 45.55064 18.80656 45.55031 18.80503 45.54948 18.80165 45.54902 18.80012 45.54855 18.79838 45.54786 18.79637 45.54711 18.7943 45.54594 18.7905 45.54587 18.79015 45.54541 18.78808 45.54448 18.78329 45.54421 18.78138 45.54413 18.78081 45.54382 18.77812 45.54304 18.77311 45.54275 18.77165 45.54263 18.77068 45.54258 18.77033 45.5425 18.76896 45.54252 18.76837 45.54253 18.76801 45.54258 18.76758 45.54268 18.76691 45.54305 18.76576 45.54325 18.76522 45.54354 18.76445 45.54567 18.76138 45.54694 18.75972 45.54827 18.75821 45.54898 18.75753 45.55368 18.75439 45.55502 18.75341 45.55533 18.75315 45.55691 18.75176 45.55787 18.7507 45.55796 18.75061 45.55831 18.7499 45.55964 18.74727 45.56031 18.74554 45.56149 18.74178 45.56189 18.74031 45.56216 18.73931 45.56241 18.73805 45.56255 18.73731 45.56304 18.7348 45.56426 18.73497 45.56524 18.73533 45.56588 18.73557 45.56816 18.73729 45.56837 18.73688 45.56874 18.73617 45.56891 18.73586 45.56947 18.73479 45.56947 18.7347 45.56953 18.73283 45.5696 18.73062 45.56947 18.72914 45.56936 18.72794 45.56941 18.72594 45.57373 18.72717 45.57486 18.72749 45.57589 18.72225 45.5757 18.72216 45.57501 18.72187 45.57484 18.72091 45.57447 18.71891 45.57418 18.71582 45.57399 18.71381 45.574 18.71351 45.57414 18.70771 45.57414 18.70766 45.57414 18.70758 45.57404 18.70333 45.57418 18.7023 45.57425 18.70186 45.5743 18.70155 45.5745 18.70021 45.575 18.69824 45.57506 18.69794 45.5753 18.69774 45.57542 18.69774 45.57557 18.69773 45.57617 18.69794 45.57674 18.69813 45.57741 18.69838 45.57816 18.69865 45.57939 18.6991 45.57982 18.69926 45.57951 18.69873 45.57919 18.69818 45.57872 18.69737 45.57883 18.69732 45.57894 18.69726 45.57974 18.69684 45.57868 18.69538 45.57843 18.69503 45.57707 18.69296 45.57697 18.69278 45.57678 18.69243 45.57657 18.69133 45.57664 18.69029 45.57665 18.69017 45.57676 18.6897 45.57743 18.68897 45.57903 18.68683 45.57937 18.68647 45.58051 18.68527 45.58037 18.68515 45.58032 18.68511 45.57987 18.68471 45.57887 18.68383 45.5781 18.68257 45.57799 18.68226 45.5769 18.67918 45.5761 18.67644 45.57557 18.67375 45.57542 18.67279 45.57481 18.66906 45.57475 18.66859 45.57473 18.66845 45.57446 18.66658 45.57602 18.66576 45.5762 18.66449 45.57647 18.66162 45.57651 18.6609 45.57653 18.66058 45.57661 18.65929 45.57659 18.65919 45.57658 18.65916 45.57656 18.65904 45.57653 18.65893 45.57612 18.65678 45.57558 18.65419 45.57526 18.65264 45.57512 18.65243 45.57451 18.65155 45.57313 18.65028 45.57321 18.64932 45.57324 18.649 45.57327 18.64867 45.57417 18.64563 45.57459 18.64389 45.57481 18.64295 45.57578 18.64072 45.57622 18.63974 45.57752 18.63617 45.57856 18.63333 45.57876 18.63277 45.57916 18.63144 45.57965 18.62979 45.58098 18.62653 45.58322 18.62191 45.58504 18.61851 45.58539 18.61786</gml:posList>
                        </gml:LinearRing>
                      </gml:exterior>
                    </gml:Polygon>
                  </gml:surfaceMember>
                  <gml:surfaceMember>
                    <gml:Polygon gml:id="MEDIA_MONITORED_CILJ_ID_1_CILJ_ID_5_POLUTANT_3_MODEL_261">
                      <gml:exterior>
                        <gml:LinearRing>
                          <gml:posList srsDimension="2">43.53632 16.44603 43.53633 16.44595 43.53635 16.44583 43.53636 16.44577 43.53636 16.44567 43.53636 16.44564 43.5363 16.44553 43.53628 16.44549 43.53625 16.44546 43.53625 16.44541 43.53627 16.44531 43.53631 16.44525 43.53634 16.4452 43.53636 16.44515 43.53636 16.44511 43.53633 16.44507 43.53628 16.44505 43.53627 16.44505 43.53623 16.44507 43.53618 16.44506 43.53617 16.44503 43.53616 16.44501 43.53615 16.44496 43.53608 16.44494 43.53605 16.44497 43.53603 16.44501 43.53601 16.4451 43.53596 16.44522 43.53592 16.44531 43.53586 16.44545 43.53581 16.44556 43.53577 16.44563 43.53575 16.44572 43.53572 16.44586 43.53571 16.44596 43.5357 16.44609 43.53571 16.44619 43.53571 16.44634 43.53573 16.44645 43.53575 16.44652 43.53577 16.44661 43.53582 16.44672 43.5359 16.44682 43.53596 16.44688 43.53602 16.44691 43.53607 16.44694 43.5361 16.44695 43.53616 16.44693 43.5362 16.44691 43.53624 16.44685 43.53627 16.44669 43.53627 16.44659 43.53629 16.44624 43.53631 16.44614 43.53631 16.44606 43.53632 16.44603</gml:posList>
                        </gml:LinearRing>
                      </gml:exterior>
                    </gml:Polygon>
                  </gml:surfaceMember>
                  <gml:surfaceMember>
                    <gml:Polygon gml:id="MEDIA_MONITORED_CILJ_ID_1_CILJ_ID_5_POLUTANT_3_MODEL_262">
                      <gml:exterior>
                        <gml:LinearRing>
                          <gml:posList srsDimension="2">43.5241 16.27317 43.52423 16.27303 43.52422 16.27295 43.52411 16.27273 43.52411 16.27255 43.52415 16.27241 43.52418 16.27197 43.5242 16.27185 43.52419 16.27134 43.52413 16.2709 43.52411 16.27066 43.52404 16.27038 43.52387 16.2703 43.52368 16.27027 43.52361 16.2703 43.52359 16.27033 43.52356 16.27033 43.52352 16.27028 43.52349 16.27019 43.52348 16.27005 43.52346 16.27 43.52338 16.26998 43.52328 16.27 43.52322 16.27004 43.52318 16.27012 43.52317 16.27023 43.52316 16.27038 43.52322 16.27054 43.5233 16.27071 43.52333 16.27081 43.52339 16.2709 43.52343 16.27102 43.52344 16.2712 43.52335 16.27143 43.52333 16.27153 43.52332 16.27164 43.52334 16.27178 43.5234 16.27192 43.52366 16.27231 43.52398 16.27303 43.52405 16.27314 43.5241 16.27317</gml:posList>
                        </gml:LinearRing>
                      </gml:exterior>
                    </gml:Polygon>
                  </gml:surfaceMember>
                  <gml:surfaceMember>
                    <gml:Polygon gml:id="MEDIA_MONITORED_CILJ_ID_1_CILJ_ID_5_POLUTANT_3_MODEL_263">
                      <gml:exterior>
                        <gml:LinearRing>
                          <gml:posList srsDimension="2">43.53223 16.62762 43.53593 16.61962 43.53767 16.61631 43.5403 16.61131 43.54111 16.6062 43.54171 16.60247 43.54347 16.59755 43.54423 16.59546 43.54561 16.5916 43.54567 16.59138 43.55182 16.56993 43.54666 16.55449 43.54665 16.55448 43.53908 16.54702 43.53779 16.54575 43.53381 16.54183 43.52571 16.53386 43.52554 16.53369 43.52528 16.53343 43.52418 16.53231 43.5238 16.53233 43.52227 16.5324 43.5212 16.53209 43.52076 16.53196 43.52034 16.53138 43.52031 16.53073 43.52082 16.52759 43.52085 16.52737 43.52087 16.52717 43.52108 16.52521 43.52124 16.52365 43.52161 16.5209 43.52245 16.51679 43.52222 16.51677 43.52275 16.51441 43.52311 16.51282 43.52404 16.51043 43.52548 16.50914 43.52566 16.50823 43.52586 16.50814 43.52599 16.50812 43.52641 16.50805 43.52654 16.50788 43.52693 16.50737 43.52783 16.50512 43.52803 16.50462 43.5281 16.50444 43.52815 16.5043 43.52854 16.50169 43.52869 16.50063 43.5287 16.50055 43.52877 16.50005 43.52885 16.4986 43.52892 16.49734 43.52914 16.49595 43.52925 16.49528 43.52927 16.49517 43.52928 16.49343 43.52929 16.48958 43.52929 16.48867 43.5293 16.48409 43.52931 16.48405 43.52931 16.48403 43.52931 16.48388 43.52932 16.48332 43.52932 16.48297 43.52933 16.48279 43.52934 16.48203 43.52755 16.47447 43.52755 16.47446 43.52753 16.47424 43.52753 16.47418 43.52752 16.47414 43.5275 16.4741 43.52746 16.47403 43.52744 16.47398 43.52742 16.47395 43.52742 16.47391 43.52744 16.47388 43.52753 16.47378 43.52759 16.47376 43.52762 16.47374 43.52766 16.47367 43.52767 16.47356 43.52767 16.47353 43.52766 16.47351 43.52762 16.47346 43.52757 16.47339 43.52753 16.47332 43.5275 16.4732 43.52752 16.47295 43.52754 16.4728 43.52756 16.47262 43.52758 16.47246 43.52761 16.47216 43.52764 16.47185 43.52769 16.4715 43.52773 16.47116 43.52775 16.47097 43.52776 16.47084 43.52777 16.4707 43.52788 16.4707 43.52789 16.4705 43.5278 16.4705 43.52783 16.47027 43.52784 16.47007 43.52786 16.46994 43.5279 16.46971 43.52792 16.46958 43.52795 16.46919 43.52799 16.4689 43.528 16.46883 43.52806 16.46885 43.52809 16.46865 43.52802 16.46863 43.52806 16.46829 43.52809 16.46799 43.52815 16.46746 43.52821 16.46701 43.52829 16.46625 43.52831 16.46603 43.52841 16.46517 43.52843 16.46504 43.52848 16.46467 43.52847 16.4646 43.5284 16.46437 43.52829 16.46405 43.52799 16.46315 43.52795 16.46303 43.52793 16.46297 43.52787 16.46292 43.52774 16.46276 43.52768 16.46269 43.52766 16.46267 43.52761 16.4626 43.52759 16.46249 43.52759 16.4623 43.52758 16.46222 43.52748 16.46193 43.5274 16.46173 43.52734 16.46158 43.5273 16.4615 43.52728 16.4614 43.52725 16.46132 43.5272 16.4612 43.52716 16.4611 43.52714 16.46102 43.52713 16.46088 43.52714 16.46086 43.52717 16.46081 43.52725 16.46074 43.52736 16.46073 43.52743 16.46071 43.52749 16.46064 43.52752 16.46055 43.52756 16.46043 43.52758 16.4604 43.52768 16.46038 43.52773 16.46037 43.52777 16.46031 43.52777 16.46023 43.5278 16.46006 43.52783 16.45989 43.52785 16.45977 43.52789 16.45971 43.52795 16.45964 43.52798 16.45961 43.52803 16.45954 43.52806 16.4595 43.52806 16.45943 43.52807 16.4591 43.52805 16.45896 43.52802 16.45873 43.52799 16.45854 43.52797 16.45836 43.52795 16.45814 43.52793 16.45791 43.52791 16.45758 43.52787 16.4572 43.52785 16.45706 43.52785 16.45696 43.52788 16.45681 43.52791 16.45659 43.52791 16.45632 43.5279 16.45612 43.52788 16.45594 43.52788 16.45573 43.52791 16.45564 43.52792 16.45561 43.52792 16.4555 43.5279 16.45545 43.52791 16.45538 43.52798 16.45527 43.52814 16.45511 43.52824 16.45505 43.52832 16.45495 43.52839 16.45486 43.52845 16.45481 43.52854 16.4547 43.52856 16.45467 43.52863 16.45454 43.52869 16.45441 43.52871 16.45435 43.52873 16.45426 43.52876 16.4542 43.52879 16.45406 43.52881 16.45391 43.52882 16.45356 43.52881 16.45344 43.5288 16.45331 43.52881 16.45323 43.52886 16.45323 43.52887 16.45309 43.52882 16.45309 43.52878 16.45306 43.52876 16.45302 43.52876 16.45295 43.52881 16.45271 43.52886 16.45252 43.52892 16.45227 43.52896 16.45214 43.52899 16.45206 43.52903 16.452 43.52905 16.45196 43.52906 16.4518 43.52905 16.45175 43.52899 16.4516 43.52897 16.45154 43.52898 16.45106 43.52897 16.45101 43.52893 16.45092 43.52883 16.45059 43.52897 16.45049 43.52892 16.45038 43.52878 16.45048 43.52861 16.45059 43.52851 16.45066 43.52846 16.45065 43.5284 16.45058 43.52828 16.45043 43.52818 16.45031 43.52803 16.45013 43.52795 16.45001 43.52787 16.44992 43.52782 16.44983 43.52781 16.44974 43.52782 16.44925 43.5278 16.44921 43.52775 16.44918 43.52768 16.44913 43.52765 16.4491 43.52764 16.44908 43.52776 16.44889 43.52785 16.44873 43.5279 16.44866 43.52791 16.44865 43.52793 16.44865 43.52795 16.44867 43.52805 16.44875 43.52817 16.44884 43.52828 16.44891 43.52832 16.44893 43.52852 16.44909 43.52857 16.44913 43.52862 16.44918 43.52865 16.44918 43.52875 16.44913 43.52892 16.44905 43.52904 16.44896 43.52912 16.44893 43.52924 16.44888 43.52933 16.44887 43.52942 16.44888 43.52948 16.44891 43.5295 16.44891 43.52954 16.44885 43.52972 16.44863 43.52983 16.44854 43.52989 16.44843 43.52994 16.44829 43.53 16.44813 43.53003 16.44779 43.53002 16.44755 43.53001 16.44746 43.53001 16.44737 43.53009 16.44722 43.53021 16.44691 43.53023 16.44688 43.53022 16.44683 43.5302 16.44677 43.53017 16.44676 43.52988 16.44664 43.52953 16.44645 43.52907 16.44625 43.52864 16.44604 43.52836 16.4459 43.52828 16.44586 43.52825 16.44584 43.52818 16.44583 43.52788 16.44568 43.52777 16.44562 43.5277 16.44557 43.52733 16.44539 43.52726 16.44536 43.52719 16.44537 43.52707 16.44549 43.52694 16.44562 43.52684 16.44572 43.52679 16.44571 43.52632 16.44546 43.52621 16.4454 43.52615 16.44539 43.52595 16.44528 43.52582 16.44521 43.52545 16.44501 43.52532 16.44495 43.52485 16.44474 43.5244 16.4445 43.5239 16.44426 43.5237 16.44415 43.52369 16.44412 43.52369 16.44404 43.52375 16.44382 43.52381 16.44363 43.52384 16.44359 43.5239 16.4436 43.52405 16.4437 43.52415 16.44373 43.52442 16.44387 43.5246 16.44399 43.52503 16.44422 43.52522 16.44429 43.52535 16.44438 43.52572 16.44457 43.52586 16.44466 43.52591 16.44447 43.52573 16.44437 43.52528 16.44414 43.52485 16.44395 43.52497 16.4435 43.52531 16.44353 43.52554 16.44358 43.52598 16.44366 43.52599 16.44349 43.52568 16.44343 43.52525 16.44335 43.52492 16.44331 43.52447 16.44321 43.52417 16.44316 43.52419 16.44275 43.5244 16.4428 43.52466 16.44286 43.52505 16.44295 43.52539 16.44299 43.52584 16.44309 43.52624 16.44315 43.52625 16.44305 43.52578 16.44298 43.52576 16.44293 43.52576 16.44285 43.52578 16.44282 43.52608 16.4429 43.5263 16.44292 43.52631 16.44276 43.52581 16.4427 43.52569 16.44264 43.52517 16.44252 43.52477 16.44245 43.52439 16.44237 43.52443 16.44201 43.52493 16.44212 43.52536 16.4422 43.52564 16.44225 43.52564 16.44207 43.52446 16.44183 43.52444 16.44173 43.52448 16.4415 43.52473 16.44156 43.52504 16.44163 43.52528 16.44166 43.52551 16.44172 43.52554 16.44172 43.52555 16.44155 43.52515 16.44147 43.5248 16.4414 43.52455 16.44135 43.5245 16.44133 43.52451 16.44104 43.52457 16.44101 43.52487 16.44108 43.52521 16.44114 43.52545 16.44119 43.52561 16.44122 43.52566 16.4406 43.52543 16.44053 43.52541 16.44046 43.52546 16.44008 43.5255 16.44 43.52559 16.44001 43.52563 16.44005 43.52571 16.44005 43.5258 16.43998 43.52587 16.43998 43.52608 16.44005 43.52621 16.44004 43.52621 16.43991 43.52605 16.4399 43.526 16.43988 43.52593 16.43986 43.52589 16.43984 43.52587 16.43981 43.52607 16.43977 43.52615 16.43975 43.52633 16.4398 43.52651 16.43983 43.52663 16.43981 43.52667 16.43976 43.52668 16.43962 43.52666 16.43956 43.52652 16.43942 43.52637 16.43932 43.52624 16.43925 43.52614 16.43918 43.52609 16.43911 43.52608 16.43902 43.52611 16.43898 43.52615 16.439 43.52624 16.43914 43.52636 16.43916 43.52641 16.43913 43.52654 16.43903 43.52667 16.43887 43.52671 16.4388 43.52676 16.43873 43.52687 16.43861 43.52694 16.43855 43.52712 16.43859 43.52734 16.4389 43.5274 16.43897 43.52746 16.43904 43.52757 16.43913 43.5278 16.43922 43.52792 16.43931 43.52797 16.43939 43.528 16.4395 43.52803 16.43967 43.5281 16.43976 43.5282 16.43988 43.52827 16.44008 43.52831 16.44027 43.52833 16.44038 43.52842 16.44049 43.5285 16.44051 43.52857 16.44045 43.52875 16.44 43.52884 16.43959 43.52892 16.43935 43.52893 16.43919 43.52895 16.43896 43.52898 16.43885 43.529 16.43871 43.52896 16.43855 43.52887 16.43821 43.52883 16.43803 43.52878 16.43792 43.52876 16.4378 43.52875 16.4376 43.52874 16.4375 43.52872 16.43739 43.52862 16.43725 43.52854 16.4371 43.52848 16.43694 43.52841 16.43665 43.52837 16.4365 43.52832 16.4364 43.52828 16.43619 43.52827 16.43577 43.52827 16.43565 43.52822 16.43548 43.52817 16.43538 43.52815 16.43531 43.52813 16.43526 43.52811 16.43517 43.52806 16.43513 43.52793 16.43494 43.52782 16.43464 43.52779 16.43458 43.52773 16.43425 43.52768 16.43401 43.52764 16.4338 43.52764 16.43374 43.52774 16.43375 43.52777 16.43307 43.52755 16.43305 43.52754 16.43291 43.52766 16.4324 43.52773 16.43193 43.52788 16.43116 43.52799 16.43051 43.52813 16.42978 43.52835 16.42864 43.52841 16.42839 43.52845 16.42807 43.52858 16.42746 43.52861 16.42713 43.5286 16.42705 43.52837 16.42633 43.52817 16.42586 43.52809 16.42562 43.52788 16.42513 43.52772 16.42471 43.5275 16.42417 43.52737 16.42386 43.52724 16.42349 43.52718 16.42336 43.52708 16.42347 43.52723 16.42389 43.52734 16.42413 43.52738 16.42429 43.52744 16.42437 43.52751 16.4246 43.52765 16.42494 43.52772 16.42514 43.52785 16.42546 43.52799 16.42581 43.52805 16.42593 43.52813 16.42617 43.52832 16.42665 43.52839 16.42683 43.52841 16.4273 43.52841 16.42761 43.52831 16.42804 43.52822 16.42865 43.5281 16.42918 43.52804 16.42949 43.52786 16.43051 43.52775 16.43109 43.52764 16.43164 43.5275 16.4323 43.52749 16.43244 43.52745 16.43266 43.52743 16.43276 43.52738 16.43276 43.52707 16.4325 43.52698 16.43242 43.52665 16.43216 43.52663 16.4321 43.52671 16.43166 43.5267 16.43164 43.52496 16.43091 43.52494 16.43109 43.52524 16.43121 43.52526 16.43125 43.52521 16.43145 43.52519 16.43155 43.52517 16.43158 43.5249 16.43152 43.52464 16.43143 43.52461 16.4314 43.5246 16.4313 43.52459 16.43115 43.5246 16.4311 43.52439 16.43104 43.52434 16.43099 43.52432 16.43067 43.52433 16.43036 43.52434 16.43033 43.52453 16.43034 43.52468 16.42731 43.52483 16.42436 43.52572 16.4243 43.52627 16.42423 43.52625 16.42404 43.52577 16.4241 43.52535 16.42412 43.52492 16.42415 43.52465 16.42419 43.52459 16.42417 43.52455 16.42414 43.52455 16.42402 43.52456 16.42389 43.52459 16.4238 43.52459 16.42371 43.52457 16.4236 43.52458 16.42352 43.52461 16.42347 43.52461 16.42344 43.52458 16.42338 43.52454 16.42332 43.52449 16.42317 43.52445 16.42297 43.52444 16.42282 43.5244 16.42258 43.52437 16.42244 43.52434 16.42231 43.52433 16.42224 43.52431 16.42215 43.52428 16.42205 43.52415 16.42188 43.52407 16.42183 43.52387 16.42175 43.52362 16.4217 43.52349 16.42169 43.52325 16.42175 43.52312 16.42182 43.52301 16.4219 43.52293 16.422 43.52284 16.42209 43.5228 16.42209 43.52275 16.42203 43.52273 16.42189 43.52272 16.42183 43.52271 16.42148 43.52269 16.42134 43.52264 16.42126 43.52258 16.42116 43.52258 16.42107 43.52258 16.42098 43.52256 16.42091 43.52255 16.42084 43.52249 16.42084 43.52245 16.42089 43.52241 16.42105 43.52236 16.42111 43.52227 16.42119 43.52221 16.42127 43.52217 16.42152 43.52211 16.42178 43.522 16.42229 43.52195 16.42275 43.5219 16.42329 43.52188 16.42375 43.52185 16.4239 43.52178 16.42407 43.5217 16.42424 43.52163 16.42434 43.52098 16.42429 43.52097 16.42441 43.52133 16.42447 43.52136 16.42452 43.52133 16.42469 43.52134 16.42494 43.5213 16.42509 43.52132 16.42518 43.52137 16.4252 43.5214 16.42522 43.52139 16.4253 43.52139 16.42542 43.52139 16.42551 43.52136 16.42577 43.52133 16.42606 43.52131 16.4263 43.52128 16.42655 43.52128 16.4267 43.52117 16.42682 43.52114 16.42687 43.5211 16.42694 43.52109 16.42705 43.52112 16.42717 43.52114 16.42724 43.52115 16.42733 43.52113 16.42744 43.5211 16.42753 43.52109 16.42763 43.52111 16.42774 43.52116 16.42786 43.52116 16.42803 43.52114 16.4282 43.5211 16.42829 43.52095 16.42837 43.52082 16.42843 43.52079 16.42845 43.52077 16.42844 43.52076 16.42827 43.52072 16.42823 43.52053 16.42815 43.52041 16.4281 43.52037 16.42806 43.52037 16.42797 43.52069 16.42799 43.5207 16.42786 43.52039 16.42784 43.52039 16.42768 43.52044 16.42764 43.52077 16.42762 43.52077 16.42749 43.52043 16.42752 43.52041 16.42747 43.52041 16.42738 43.52053 16.4273 43.52072 16.42723 43.52082 16.42719 43.52079 16.42706 43.52066 16.42712 43.52051 16.42718 43.52044 16.42718 43.52045 16.42693 43.52061 16.42684 43.52076 16.42677 43.52072 16.42664 43.52038 16.42681 43.52033 16.42689 43.52026 16.42795 43.52023 16.42798 43.51936 16.42794 43.51933 16.42809 43.51933 16.42822 43.51933 16.42841 43.51927 16.42852 43.51918 16.42857 43.51912 16.42856 43.51891 16.42847 43.51881 16.42835 43.51874 16.42831 43.5184 16.42801 43.51823 16.4278 43.51823 16.42777 43.51842 16.4278 43.51843 16.42766 43.51816 16.42763 43.51808 16.42759 43.51792 16.42739 43.51786 16.4273 43.51782 16.42726 43.51782 16.42715 43.51784 16.42709 43.51789 16.42701 43.51793 16.42696 43.5185 16.4271 43.51846 16.42648 43.51774 16.4263 43.51772 16.42642 43.51789 16.42646 43.51785 16.42668 43.51781 16.42683 43.51781 16.42688 43.51771 16.42708 43.51763 16.4272 43.51759 16.42725 43.51756 16.42725 43.51738 16.42711 43.51712 16.42692 43.51704 16.42685 43.51694 16.42677 43.51689 16.42675 43.51684 16.42673 43.51684 16.42662 43.51683 16.42657 43.51669 16.42647 43.5166 16.42639 43.51658 16.42636 43.51657 16.42633 43.51657 16.42629 43.51688 16.42603 43.51683 16.42594 43.51674 16.42603 43.5167 16.42605 43.5166 16.42615 43.51654 16.42619 43.51651 16.42618 43.51648 16.42614 43.51645 16.42609 43.51634 16.42608 43.5163 16.42604 43.51618 16.42576 43.5161 16.4255 43.51605 16.42521 43.51604 16.42499 43.51604 16.42497 43.51608 16.42495 43.51609 16.42479 43.51602 16.42449 43.51598 16.42429 43.51597 16.42421 43.51593 16.42405 43.51589 16.42378 43.51586 16.42364 43.51581 16.42352 43.51578 16.42346 43.51576 16.42339 43.51577 16.42337 43.51592 16.42319 43.51616 16.42288 43.51618 16.42286 43.5161 16.42261 43.51604 16.42226 43.51596 16.42172 43.51586 16.42176 43.51591 16.42208 43.51595 16.42238 43.516 16.42263 43.51606 16.42283 43.51606 16.42286 43.51595 16.42298 43.51591 16.42303 43.51587 16.42303 43.51571 16.42258 43.51559 16.42225 43.51553 16.42205 43.51551 16.42181 43.51541 16.4218 43.51542 16.42202 43.51546 16.42223 43.51558 16.42252 43.51569 16.42278 43.51575 16.42296 43.51578 16.42307 43.5158 16.4231 43.51582 16.42315 43.5157 16.42328 43.51565 16.42328 43.51498 16.42228 43.51495 16.42217 43.51494 16.42194 43.51496 16.42192 43.51517 16.42183 43.51514 16.4217 43.51501 16.42175 43.51491 16.42179 43.51486 16.42174 43.51475 16.42113 43.51466 16.42065 43.51464 16.42053 43.51466 16.42046 43.51499 16.42047 43.51509 16.42117 43.51518 16.42117 43.51514 16.42086 43.51512 16.42065 43.51511 16.42048 43.51554 16.42047 43.51563 16.42046 43.51567 16.42055 43.51569 16.42072 43.51572 16.42095 43.51581 16.42092 43.51578 16.42073 43.51576 16.42062 43.51574 16.42045 43.5157 16.42038 43.51565 16.42034 43.51561 16.42034 43.51553 16.42036 43.51466 16.42034 43.51463 16.42031 43.51462 16.42015 43.5146 16.41997 43.51455 16.41977 43.51455 16.41946 43.51461 16.41906 43.51465 16.41878 43.51467 16.41859 43.51468 16.41796 43.51469 16.41791 43.51472 16.41765 43.51472 16.41721 43.5147 16.41704 43.51471 16.41678 43.51476 16.41665 43.51476 16.41613 43.51475 16.41599 43.51469 16.41589 43.51464 16.41576 43.51464 16.41563 43.51462 16.41554 43.51458 16.41544 43.51457 16.4153 43.51461 16.41512 43.51467 16.41485 43.5147 16.41478 43.51469 16.41461 43.5147 16.41429 43.51474 16.41346 43.51477 16.41252 43.51478 16.41237 43.51486 16.41229 43.5149 16.41221 43.5149 16.41206 43.51495 16.41173 43.51495 16.41119 43.51494 16.41073 43.51488 16.41038 43.51484 16.41016 43.51483 16.4099 43.51481 16.40972 43.5148 16.40961 43.51489 16.40939 43.51495 16.40923 43.51495 16.409 43.51494 16.40889 43.51495 16.40881 43.51497 16.40843 43.51499 16.40821 43.51505 16.40791 43.51505 16.40764 43.515 16.40739 43.51493 16.40714 43.51467 16.4069 43.5145 16.40677 43.51447 16.40669 43.51448 16.40662 43.51467 16.40638 43.51476 16.40628 43.51499 16.40561 43.51515 16.40505 43.51523 16.40488 43.5153 16.40476 43.51535 16.40471 43.51562 16.40463 43.51578 16.40455 43.51586 16.40434 43.51589 16.40348 43.51585 16.40334 43.51582 16.40314 43.51581 16.40298 43.51584 16.40281 43.51586 16.40261 43.51585 16.40252 43.51571 16.40227 43.51548 16.40184 43.51528 16.40156 43.51521 16.40148 43.5151 16.40144 43.51504 16.40136 43.515 16.40129 43.51496 16.40129 43.5149 16.40124 43.51491 16.40097 43.51482 16.40097 43.5148 16.40118 43.51473 16.40118 43.51458 16.40126 43.51448 16.40135 43.51443 16.40145 43.5144 16.40154 43.51428 16.40157 43.51423 16.40161 43.51418 16.40161 43.51415 16.40155 43.51411 16.40145 43.51413 16.40124 43.51417 16.40116 43.51417 16.40107 43.51409 16.40074 43.51393 16.4002 43.51386 16.39991 43.51375 16.39951 43.51364 16.39919 43.51356 16.39891 43.51347 16.39861 43.51342 16.39841 43.51339 16.39808 43.51336 16.39792 43.51333 16.39775 43.51329 16.39755 43.51318 16.39732 43.51301 16.39702 43.5129 16.39678 43.5128 16.39657 43.5127 16.39639 43.51261 16.39621 43.51249 16.39589 43.51239 16.39562 43.5122 16.39522 43.51213 16.39514 43.51198 16.39483 43.51185 16.39454 43.51172 16.39428 43.51162 16.39408 43.51154 16.3939 43.51149 16.39383 43.5114 16.39367 43.51127 16.39343 43.51124 16.39331 43.51103 16.39301 43.51092 16.39268 43.51084 16.39246 43.51075 16.39222 43.5107 16.39199 43.51065 16.3918 43.51057 16.39162 43.5105 16.39151 43.51048 16.39136 43.51044 16.39125 43.51027 16.39105 43.51019 16.39093 43.51013 16.39085 43.5102 16.39081 43.51012 16.39059 43.51006 16.39064 43.51002 16.39042 43.50998 16.39017 43.50995 16.38995 43.50991 16.38972 43.50988 16.38967 43.50985 16.38958 43.5098 16.38931 43.50978 16.38924 43.50972 16.3891 43.50964 16.38898 43.5095 16.38885 43.50936 16.38871 43.5093 16.38858 43.50929 16.38852 43.50922 16.38838 43.50913 16.38829 43.50868 16.3882 43.50862 16.38819 43.50861 16.38818 43.50855 16.38817 43.5085 16.38813 43.50833 16.38782 43.50829 16.38776 43.50826 16.38772 43.50806 16.38768 43.50805 16.38779 43.50818 16.38782 43.50824 16.38787 43.50829 16.38798 43.50839 16.38812 43.50842 16.38819 43.50843 16.38828 43.50795 16.38827 43.50793 16.38856 43.5079 16.38857 43.50785 16.38858 43.50782 16.38854 43.50781 16.38832 43.50779 16.38807 43.50771 16.38807 43.5077 16.38827 43.50772 16.38837 43.50773 16.38851 43.50773 16.38871 43.50773 16.38874 43.50773 16.38894 43.50769 16.38917 43.50767 16.38931 43.50765 16.38945 43.50768 16.38958 43.5077 16.38975 43.50767 16.39002 43.50765 16.39026 43.50765 16.39048 43.50768 16.39054 43.50768 16.39065 43.50763 16.39086 43.50762 16.39099 43.50763 16.39133 43.50762 16.39167 43.50763 16.39185 43.50763 16.3923 43.50768 16.3925 43.50773 16.39279 43.50774 16.39296 43.50776 16.39333 43.50777 16.39371 43.5078 16.39384 43.50784 16.39413 43.50791 16.39463 43.50792 16.39498 43.50796 16.39534 43.50798 16.39568 43.50802 16.3961 43.50805 16.39651 43.50807 16.39682 43.50804 16.39764 43.50802 16.3984 43.50799 16.39876 43.50795 16.39901 43.5079 16.3993 43.50789 16.39943 43.50784 16.39957 43.50775 16.39966 43.50766 16.39971 43.50757 16.39977 43.50745 16.39987 43.50735 16.40001 43.50728 16.40018 43.50718 16.40037 43.507 16.40059 43.50684 16.40065 43.50663 16.40062 43.50654 16.40058 43.50639 16.40055 43.50624 16.40053 43.50615 16.40057 43.50608 16.40062 43.50602 16.40071 43.50593 16.4008 43.5058 16.40087 43.50566 16.40092 43.50555 16.40097 43.50545 16.40106 43.50538 16.40114 43.50531 16.40117 43.50515 16.40118 43.50504 16.40119 43.50498 16.40123 43.50492 16.40134 43.50487 16.40147 43.50482 16.40153 43.50475 16.40151 43.50468 16.40147 43.50463 16.40147 43.50458 16.40149 43.50454 16.40156 43.50447 16.40201 43.5044 16.40246 43.50431 16.40292 43.5042 16.40342 43.50402 16.40475 43.504 16.405 43.50395 16.40533 43.50388 16.40585 43.50381 16.40644 43.50377 16.40694 43.50376 16.4073 43.50377 16.40752 43.50376 16.40793 43.50382 16.4082 43.50392 16.40838 43.50409 16.40859 43.50413 16.40879 43.50413 16.40889 43.50413 16.40896 43.50407 16.40915 43.50398 16.40929 43.50394 16.40928 43.50389 16.40903 43.5038 16.40908 43.50384 16.40927 43.50384 16.40933 43.5038 16.40936 43.50372 16.40939 43.50366 16.40949 43.50366 16.40973 43.50365 16.40988 43.5036 16.41015 43.50361 16.41034 43.50358 16.41082 43.50353 16.41111 43.50351 16.41144 43.5035 16.41156 43.5035 16.41165 43.5035 16.41176 43.50347 16.41198 43.50338 16.41226 43.5033 16.41254 43.50329 16.41255 43.50319 16.4129 43.50318 16.41299 43.50317 16.41314 43.50315 16.41325 43.50307 16.41341 43.50303 16.41355 43.50303 16.41367 43.50307 16.41385 43.50317 16.41408 43.5033 16.41438 43.50343 16.41467 43.50353 16.41492 43.50365 16.41532 43.50375 16.41567 43.50382 16.41607 43.50384 16.4163 43.50387 16.41649 43.50384 16.41671 43.50378 16.4169 43.50375 16.41704 43.50376 16.41736 43.50381 16.41767 43.50384 16.41781 43.50386 16.41792 43.50385 16.41814 43.50382 16.41828 43.50368 16.41844 43.50356 16.41846 43.5035 16.41846 43.50345 16.41841 43.50339 16.41834 43.50329 16.41836 43.50325 16.41843 43.50326 16.41855 43.50327 16.41863 43.50319 16.41884 43.50316 16.41899 43.50314 16.41921 43.5031 16.41937 43.50306 16.41948 43.50306 16.41953 43.50306 16.41963 43.50304 16.41968 43.50302 16.41966 43.50299 16.41958 43.50298 16.41952 43.50295 16.41945 43.50291 16.41945 43.50287 16.41947 43.50286 16.41955 43.50284 16.41976 43.50284 16.41995 43.50279 16.42023 43.50273 16.4204 43.50272 16.42055 43.50267 16.42071 43.50258 16.42086 43.50254 16.42107 43.50252 16.42118 43.50254 16.42125 43.50262 16.42129 43.5027 16.42126 43.50286 16.42124 43.50297 16.42124 43.50304 16.42128 43.50311 16.42135 43.50319 16.42147 43.50323 16.42166 43.50323 16.4219 43.50318 16.42224 43.50308 16.42254 43.50293 16.42306 43.50285 16.42323 43.50272 16.42351 43.50248 16.42382 43.50234 16.42403 43.5023 16.42414 43.50223 16.42417 43.50215 16.42413 43.50207 16.42406 43.50197 16.42395 43.50208 16.4237 43.50201 16.42365 43.5019 16.42389 43.50189 16.42392 43.50185 16.42389 43.50182 16.42385 43.50171 16.42376 43.50166 16.42372 43.50161 16.42369 43.50154 16.42362 43.50153 16.42359 43.50156 16.42346 43.5016 16.42337 43.50151 16.42331 43.50144 16.42348 43.50141 16.42359 43.50136 16.42361 43.50135 16.42361 43.50131 16.42359 43.50127 16.42359 43.50119 16.4238 43.50112 16.42397 43.50109 16.42409 43.50106 16.42423 43.501 16.42432 43.50089 16.42447 43.50085 16.42463 43.5008 16.42493 43.50076 16.42535 43.50073 16.42622 43.50073 16.4263 43.50072 16.42654 43.5007 16.42676 43.50067 16.42699 43.50065 16.42718 43.50065 16.42735 43.50066 16.42748 43.50068 16.42769 43.50069 16.42788 43.50069 16.42814 43.50071 16.42828 43.50071 16.42837 43.50067 16.42851 43.50064 16.42866 43.50061 16.42881 43.5006 16.42895 43.50062 16.42902 43.50062 16.42921 43.50061 16.42939 43.50057 16.42958 43.50065 16.42962 43.50069 16.42949 43.50072 16.42944 43.50083 16.42944 43.50087 16.42947 43.50117 16.42949 43.50173 16.42956 43.50212 16.42962 43.50218 16.42954 43.50229 16.42911 43.50221 16.42907 43.50214 16.4293 43.50211 16.42939 43.5021 16.42946 43.50206 16.4295 43.50166 16.42943 43.50135 16.42939 43.50114 16.42939 43.50102 16.42936 43.50089 16.42934 43.50087 16.42929 43.50101 16.42895 43.50111 16.42898 43.50118 16.429 43.5013 16.42903 43.50139 16.42902 43.50139 16.4289 43.5013 16.4289 43.50119 16.42889 43.50106 16.42884 43.50105 16.42877 43.50112 16.42855 43.50119 16.42849 43.50132 16.4285 43.50143 16.42851 43.50146 16.42853 43.50161 16.42857 43.5018 16.42863 43.50182 16.42851 43.50164 16.42847 43.50133 16.42837 43.50131 16.42836 43.5013 16.42834 43.50132 16.42829 43.50142 16.42823 43.50149 16.42821 43.50171 16.42836 43.50175 16.42826 43.50155 16.42812 43.50152 16.42809 43.50152 16.42804 43.50155 16.42799 43.50172 16.428 43.50172 16.42771 43.50174 16.42746 43.50195 16.42746 43.50209 16.42749 43.50227 16.42751 43.50231 16.42752 43.50234 16.42749 43.50243 16.42749 43.50245 16.42754 43.50246 16.4276 43.50246 16.42776 43.50244 16.42791 43.50242 16.42799 43.50241 16.428 43.50225 16.428 43.50225 16.42813 43.50271 16.42811 43.50282 16.42818 43.50286 16.4282 43.50299 16.42837 43.5031 16.42848 43.50311 16.42849 43.50322 16.42857 43.5033 16.42862 43.50336 16.42866 43.50357 16.42888 43.50376 16.42908 43.50418 16.42953 43.50435 16.42969 43.50458 16.42988 43.50477 16.43009 43.50493 16.43026 43.50532 16.43084 43.5054 16.43099 43.5054 16.43114 43.50539 16.43118 43.50538 16.43139 43.50543 16.43149 43.50556 16.43155 43.50564 16.43159 43.50572 16.43159 43.50578 16.43156 43.50581 16.43158 43.50589 16.43168 43.50594 16.4318 43.50605 16.43193 43.50609 16.43203 43.50619 16.43218 43.50621 16.43225 43.50622 16.43232 43.50631 16.43242 43.50632 16.43253 43.50639 16.43263 43.5064 16.43268 43.50643 16.4328 43.50645 16.43284 43.50646 16.43295 43.50647 16.43301 43.50647 16.43304 43.50648 16.43308 43.5065 16.4331 43.50656 16.43314 43.50661 16.43319 43.50666 16.43322 43.50676 16.43331 43.50686 16.43335 43.50697 16.4334 43.50699 16.43343 43.50703 16.43347 43.50706 16.43357 43.5071 16.43375 43.50712 16.43391 43.50713 16.43405 43.50715 16.43419 43.50714 16.43429 43.50713 16.43438 43.5071 16.43445 43.50709 16.43446 43.50709 16.43461 43.50727 16.43461 43.50731 16.43466 43.50727 16.43527 43.50723 16.43572 43.50738 16.43574 43.50741 16.43532 43.50743 16.43524 43.50743 16.43474 43.50745 16.4346 43.50767 16.43459 43.50767 16.43461 43.50772 16.43499 43.50776 16.43517 43.50778 16.43541 43.50779 16.43547 43.50781 16.43564 43.50784 16.43593 43.50787 16.43618 43.50789 16.43639 43.50793 16.43649 43.50793 16.43657 43.50792 16.4368 43.50784 16.43712 43.50776 16.43737 43.5077 16.43755 43.50765 16.43772 43.50763 16.43777 43.50751 16.43777 43.50751 16.43788 43.50744 16.43809 43.50739 16.43826 43.50737 16.4383 43.50724 16.43875 43.50718 16.4389 43.50716 16.43902 43.50712 16.4391 43.50711 16.43924 43.5071 16.43928 43.50705 16.43929 43.5067 16.43911 43.50667 16.4391 43.50667 16.43848 43.50675 16.43848 43.50675 16.4382 43.50643 16.43819 43.50642 16.43915 43.50643 16.43924 43.50642 16.43983 43.50641 16.44053 43.50642 16.44069 43.50642 16.44096 43.50642 16.441 43.50641 16.44125 43.50637 16.44132 43.50626 16.44137 43.50591 16.44156 43.50575 16.44164 43.50563 16.4417 43.50551 16.4418 43.50534 16.44187 43.50522 16.44195 43.50517 16.44197 43.50513 16.44196 43.5051 16.44191 43.50477 16.44058 43.50471 16.44038 43.50449 16.44052 43.50465 16.44116 43.50479 16.44172 43.50483 16.44191 43.50487 16.44198 43.50487 16.44206 43.50485 16.44207 43.50479 16.44208 43.50472 16.44211 43.50459 16.44214 43.5045 16.44219 43.5044 16.44221 43.50425 16.44225 43.50411 16.44229 43.50379 16.44238 43.50357 16.44243 43.50349 16.44248 43.50338 16.44251 43.50328 16.44251 43.50327 16.44251 43.50327 16.44193 43.50324 16.44185 43.50324 16.44131 43.50324 16.44059 43.50321 16.44042 43.5032 16.43971 43.50261 16.43971 43.5026 16.4403 43.50263 16.44055 43.50264 16.44125 43.50264 16.4418 43.50261 16.44184 43.50234 16.44177 43.50199 16.44166 43.50176 16.44155 43.50168 16.44152 43.50156 16.44147 43.50145 16.44142 43.50142 16.4414 43.50135 16.44126 43.50133 16.44118 43.50132 16.44089 43.50132 16.4405 43.50134 16.43922 43.50135 16.43813 43.50118 16.43813 43.50121 16.43636 43.50105 16.43637 43.50103 16.43687 43.50098 16.43763 43.50097 16.43814 43.50092 16.43934 43.50085 16.44066 43.50078 16.44187 43.50077 16.4421 43.50072 16.44224 43.50068 16.44232 43.50066 16.44235 43.50065 16.44253 43.50067 16.44274 43.50067 16.44297 43.50065 16.44314 43.50064 16.44318 43.5006 16.44344 43.50054 16.44369 43.5004 16.4442 43.50036 16.44448 43.50032 16.44464 43.5003 16.44479 43.50025 16.44512 43.50022 16.44537 43.50022 16.4455 43.50024 16.44566 43.50024 16.44585 43.50029 16.44603 43.50035 16.4462 43.50038 16.44622 43.5004 16.44621 43.50045 16.44615 43.50047 16.4461 43.50049 16.44604 43.50051 16.44599 43.50056 16.44594 43.50078 16.44576 43.50092 16.44569 43.50099 16.44561 43.50107 16.44559 43.50117 16.44556 43.5013 16.44557 43.5014 16.44564 43.50146 16.44567 43.50149 16.44571 43.50151 16.44573 43.50156 16.44573 43.50163 16.44583 43.50178 16.44602 43.50187 16.4461 43.5019 16.44614 43.50199 16.44631 43.50216 16.44659 43.50226 16.4468 43.50235 16.44708 43.50237 16.44721 43.50239 16.44731 43.5024 16.44743 43.5024 16.44757 43.50237 16.44772 43.50229 16.44787 43.50217 16.44807 43.50211 16.44817 43.50205 16.44827 43.50203 16.44831 43.50198 16.4484 43.50183 16.44834 43.50166 16.44855 43.50176 16.4487 43.50147 16.44916 43.50136 16.44902 43.50128 16.44913 43.50138 16.44928 43.50128 16.44941 43.50122 16.44942 43.50101 16.4495 43.50092 16.44955 43.50082 16.44959 43.50079 16.4496 43.50078 16.44937 43.50066 16.44937 43.50063 16.44969 43.50061 16.44993 43.5006 16.45019 43.50059 16.45045 43.50055 16.45077 43.50054 16.45098 43.50053 16.45117 43.50051 16.45125 43.50047 16.45134 43.50042 16.45143 43.50036 16.45149 43.50032 16.45152 43.50027 16.45154 43.50024 16.45156 43.50012 16.45156 43.50006 16.45155 43.4999 16.45162 43.4998 16.45174 43.49971 16.45184 43.49968 16.45199 43.49973 16.45215 43.49981 16.45231 43.49991 16.45243 43.49997 16.45247 43.50005 16.45246 43.50012 16.45246 43.5002 16.45243 43.50034 16.45244 43.50047 16.45253 43.50055 16.45263 43.50056 16.45267 43.50058 16.45268 43.50061 16.4527 43.50062 16.45275 43.50068 16.4529 43.50074 16.45303 43.50077 16.45322 43.50079 16.45331 43.5008 16.4539 43.50078 16.45409 43.50077 16.4542 43.50076 16.4543 43.50067 16.45441 43.50062 16.45447 43.50052 16.45448 43.50045 16.45438 43.50035 16.45414 43.50026 16.45421 43.50031 16.45432 43.50032 16.45446 43.50032 16.45456 43.50023 16.45467 43.50013 16.45479 43.50008 16.45484 43.5 16.45491 43.49973 16.45517 43.49965 16.45526 43.4996 16.45539 43.4995 16.45553 43.49947 16.45569 43.49949 16.45589 43.49952 16.45613 43.49955 16.45624 43.49958 16.4563 43.49963 16.45631 43.4997 16.45628 43.49979 16.45637 43.50001 16.45666 43.50009 16.45681 43.50015 16.45674 43.50042 16.45644 43.50047 16.45643 43.50059 16.45664 43.50068 16.45675 43.50069 16.4568 43.50068 16.45687 43.50063 16.45695 43.50068 16.45701 43.50074 16.45695 43.50079 16.45697 43.50087 16.4571 43.50091 16.45722 43.50094 16.45724 43.50095 16.45727 43.50095 16.45734 43.50087 16.45746 43.50081 16.4576 43.50081 16.45766 43.50081 16.45769 43.50086 16.45777 43.5009 16.45782 43.50092 16.45784 43.50093 16.45787 43.50092 16.45791 43.50088 16.45796 43.50084 16.45803 43.50081 16.45806 43.5007 16.45807 43.50067 16.458 43.50053 16.45725 43.50047 16.45728 43.50052 16.45756 43.50055 16.4577 43.50058 16.45787 43.5006 16.458 43.5006 16.45805 43.50058 16.45806 43.50057 16.45806 43.50047 16.45789 43.50041 16.45774 43.50038 16.45758 43.50035 16.45745 43.5003 16.4573 43.50027 16.45719 43.50025 16.45713 43.50019 16.45716 43.50024 16.45729 43.50025 16.45739 43.50031 16.4576 43.50034 16.45777 43.50036 16.45785 43.50038 16.45798 43.50044 16.45812 43.50049 16.45822 43.50053 16.45828 43.50058 16.45829 43.5007 16.45834 43.50079 16.45844 43.50085 16.45866 43.50086 16.45887 43.5009 16.45901 43.50093 16.45916 43.50096 16.45927 43.50097 16.45935 43.50097 16.45979 43.50095 16.45987 43.50087 16.45996 43.50081 16.46002 43.50075 16.46006 43.50068 16.46016 43.50064 16.46028 43.50062 16.46031 43.50061 16.46062 43.50065 16.46077 43.50072 16.46102 43.50075 16.46113 43.5008 16.46127 43.50083 16.46148 43.5009 16.46167 43.50094 16.46181 43.50102 16.46201 43.50106 16.46214 43.5011 16.46226 43.50114 16.46241 43.50115 16.46252 43.50116 16.46262 43.50116 16.46289 43.50113 16.46305 43.50114 16.46323 43.50115 16.46327 43.5012 16.46335 43.50128 16.46342 43.50132 16.46345 43.50139 16.46347 43.50154 16.46356 43.50161 16.4636 43.50165 16.46372 43.50168 16.4638 43.5017 16.46387 43.50173 16.4639 43.50183 16.46394 43.5019 16.46396 43.50198 16.46411 43.50205 16.46429 43.50213 16.46459 43.50218 16.4648 43.50221 16.46494 43.50223 16.46511 43.50224 16.46525 43.50226 16.46534 43.50225 16.4657 43.50221 16.46594 43.50218 16.46603 43.50212 16.46624 43.50206 16.4664 43.50195 16.4666 43.50185 16.46673 43.50175 16.46682 43.50166 16.46688 43.50152 16.46696 43.50145 16.467 43.50136 16.46705 43.50128 16.46712 43.50119 16.46723 43.50116 16.46733 43.50116 16.46762 43.5012 16.46776 43.50126 16.46792 43.50128 16.46807 43.5013 16.46814 43.50135 16.46823 43.50137 16.46832 43.50144 16.46848 43.50157 16.46871 43.50161 16.46888 43.50164 16.46905 43.50166 16.4692 43.50166 16.46936 43.50169 16.46944 43.50169 16.46953 43.50168 16.46956 43.50161 16.46958 43.50156 16.46963 43.50155 16.4697 43.50154 16.46982 43.50152 16.46991 43.50151 16.4701 43.50152 16.47031 43.50156 16.47042 43.50171 16.47056 43.50178 16.47067 43.50183 16.47076 43.5019 16.47082 43.50203 16.47095 43.50211 16.47111 43.50214 16.47121 43.50217 16.4713 43.50217 16.47155 43.50217 16.47167 43.50217 16.47169 43.50214 16.47171 43.50203 16.4717 43.50192 16.47161 43.50186 16.47156 43.50176 16.47151 43.50144 16.47149 43.50135 16.47146 43.50117 16.47132 43.5011 16.47152 43.50128 16.47164 43.50136 16.47168 43.50142 16.47171 43.50151 16.47178 43.50155 16.47184 43.50156 16.47191 43.50155 16.47194 43.50149 16.47206 43.50147 16.47213 43.50147 16.47221 43.50143 16.47234 43.50118 16.47311 43.50115 16.47321 43.50113 16.47321 43.50108 16.47318 43.50095 16.4731 43.50087 16.47306 43.50082 16.47303 43.50078 16.47302 43.50072 16.473 43.50068 16.47302 43.50066 16.47311 43.50064 16.4733 43.50065 16.47349 43.50071 16.47366 43.50086 16.47385 43.50101 16.47404 43.50105 16.47409 43.50111 16.47413 43.50135 16.47446 43.50143 16.47455 43.50146 16.47461 43.50155 16.47473 43.50167 16.47489 43.50178 16.47505 43.50187 16.47524 43.50192 16.47536 43.50193 16.47588 43.50192 16.47613 43.50193 16.47624 43.50196 16.47639 43.50204 16.47662 43.50211 16.47677 43.50221 16.47687 43.50228 16.47694 43.50235 16.47696 43.5024 16.47695 43.5025 16.47681 43.50253 16.47674 43.50254 16.47667 43.50255 16.47662 43.50263 16.47635 43.50269 16.47617 43.50275 16.47597 43.50281 16.47587 43.5029 16.47581 43.50301 16.4758 43.50308 16.47586 43.50317 16.47593 43.50321 16.47597 43.50327 16.47603 43.50329 16.47608 43.50327 16.47621 43.50326 16.47635 43.50325 16.4767 43.50327 16.47689 43.5033 16.47717 43.50331 16.47726 43.50333 16.47741 43.50337 16.47779 43.5034 16.47804 43.5034 16.4784 43.50341 16.47869 43.50344 16.47905 43.50344 16.47923 43.50344 16.47937 43.50339 16.47952 43.50336 16.4796 43.50329 16.47974 43.50317 16.47989 43.50302 16.48014 43.50299 16.48018 43.50293 16.4803 43.50288 16.48043 43.5028 16.4806 43.50264 16.4808 43.50247 16.48097 43.50243 16.48109 43.50241 16.48134 43.50237 16.4815 43.5023 16.48164 43.50218 16.48183 43.50203 16.48208 43.50197 16.48227 43.50194 16.48239 43.50191 16.48251 43.50188 16.48263 43.50187 16.48291 43.5019 16.4831 43.50194 16.48325 43.50197 16.48347 43.50198 16.48362 43.50204 16.48384 43.5021 16.48413 43.50214 16.48437 43.50218 16.4846 43.50218 16.48496 43.50215 16.48523 43.50212 16.48545 43.50212 16.48587 43.50215 16.48605 43.50215 16.48615 43.50211 16.48637 43.50202 16.48683 43.50197 16.48713 43.50186 16.48771 43.50176 16.48797 43.50172 16.48815 43.50168 16.4884 43.50167 16.48853 43.50165 16.48861 43.50164 16.48899 43.50165 16.48914 43.50168 16.48936 43.50172 16.48957 43.50175 16.48971 43.50176 16.48987 43.50178 16.49001 43.50182 16.49014 43.50184 16.49032 43.50187 16.49055 43.50188 16.49067 43.50188 16.49106 43.50186 16.49131 43.50185 16.49152 43.50179 16.49184 43.5017 16.49225 43.50164 16.49256 43.50162 16.49268 43.50136 16.49268 43.50138 16.493 43.50141 16.49331 43.50139 16.49345 43.50131 16.49358 43.50129 16.49359 43.50129 16.49361 43.50128 16.49366 43.50164 16.49458 43.50167 16.4946 43.50175 16.4946 43.50179 16.49456 43.50187 16.49455 43.50191 16.49464 43.50195 16.49479 43.50201 16.49498 43.50205 16.49517 43.5021 16.49538 43.50214 16.49559 43.50221 16.49591 43.50223 16.49609 43.50225 16.49642 43.50224 16.49682 43.50225 16.49716 43.50224 16.49756 43.50223 16.49779 43.50223 16.49789 43.50218 16.49824 43.50215 16.49846 43.50211 16.49861 43.50203 16.49886 43.50195 16.49911 43.50188 16.49926 43.50178 16.4996 43.50173 16.49979 43.50171 16.49991 43.50167 16.50028 43.50167 16.50044 43.50167 16.50066 43.50166 16.50114 43.50165 16.50128 43.50163 16.50195 43.50159 16.50243 43.50155 16.50279 43.50154 16.50291 43.50152 16.50323 43.50151 16.50385 43.5015 16.50399 43.50144 16.50468 43.50142 16.50519 43.5014 16.50556 43.50138 16.50567 43.50137 16.5057 43.50136 16.50588 43.50135 16.50619 43.50132 16.50637 43.50125 16.50659 43.50114 16.5069 43.50109 16.50711 43.50104 16.50726 43.50101 16.50748 43.501 16.50766 43.501 16.50796 43.50104 16.50821 43.50106 16.5084 43.50107 16.50861 43.50103 16.50901 43.50101 16.50927 43.50098 16.50979 43.50099 16.50992 43.501 16.51004 43.501 16.51027 43.50099 16.51043 43.50095 16.51057 43.50091 16.51072 43.50086 16.5109 43.5008 16.511 43.50078 16.51103 43.50078 16.51109 43.50075 16.51114 43.50073 16.5112 43.5007 16.51125 43.50069 16.5113 43.50068 16.51138 43.50066 16.51165 43.50065 16.51179 43.50065 16.51192 43.50067 16.51207 43.5007 16.51239 43.50073 16.51269 43.50074 16.51295 43.50074 16.51311 43.50074 16.51351 43.50075 16.51359 43.50076 16.51373 43.50078 16.51397 43.50078 16.51426 43.50077 16.51462 43.50073 16.51483 43.50072 16.51497 43.50071 16.51524 43.5007 16.51547 43.5007 16.51576 43.50065 16.51597 43.50061 16.51617 43.50049 16.51648 43.50048 16.5166 43.50048 16.5168 43.5005 16.51715 43.5005 16.51737 43.50049 16.51754 43.5004 16.51787 43.50038 16.51802 43.50035 16.51821 43.50033 16.51854 43.5003 16.51875 43.50024 16.51888 43.50017 16.51901 43.50012 16.51905 43.49997 16.51952 43.49988 16.51978 43.49963 16.52032 43.49944 16.52084 43.49935 16.52099 43.49923 16.52111 43.49911 16.52128 43.49896 16.52166 43.49884 16.52182 43.4987 16.52185 43.49859 16.52197 43.4985 16.52208 43.49835 16.52251 43.49823 16.52264 43.49781 16.5231 43.49776 16.52322 43.49773 16.52342 43.49771 16.52356 43.49768 16.52372 43.49762 16.52387 43.49762 16.52392 43.49763 16.52397 43.49765 16.52399 43.49766 16.52406 43.49767 16.52428 43.49768 16.52433 43.49773 16.52437 43.49776 16.52442 43.49777 16.52446 43.49777 16.52451 43.49778 16.52458 43.4978 16.52462 43.49797 16.52484 43.49802 16.52495 43.49808 16.52499 43.49816 16.52505 43.49818 16.52513 43.49819 16.52518 43.49814 16.5253 43.49821 16.52537 43.49828 16.52524 43.49839 16.52536 43.4984 16.52542 43.49835 16.52551 43.49842 16.52559 43.49848 16.52549 43.49853 16.52551 43.49856 16.5256 43.49849 16.52573 43.49856 16.52581 43.49866 16.52567 43.49879 16.52567 43.49892 16.52592 43.49903 16.52584 43.49911 16.52592 43.49926 16.52616 43.4994 16.52601 43.49923 16.52569 43.49957 16.52537 43.49952 16.52526 43.49942 16.52535 43.49936 16.52534 43.49935 16.52495 43.49948 16.52405 43.49953 16.52367 43.49955 16.52341 43.4996 16.52331 43.49976 16.52331 43.49987 16.52328 43.5 16.52322 43.50027 16.52314 43.50057 16.52308 43.50079 16.52303 43.50096 16.52301 43.50099 16.52302 43.50102 16.52305 43.50142 16.52365 43.50155 16.52383 43.5019 16.52442 43.50203 16.5246 43.50231 16.52509 43.50239 16.52521 43.50249 16.52534 43.50267 16.52569 43.50274 16.52585 43.50281 16.52604 43.5029 16.5263 43.5029 16.52631 43.50298 16.52662 43.50298 16.52679 43.50298 16.52697 43.50297 16.5271 43.50296 16.52724 43.50293 16.52752 43.50292 16.52759 43.5029 16.52764 43.50288 16.5277 43.50285 16.52775 43.50279 16.52782 43.50263 16.52794 43.50239 16.52819 43.50233 16.52824 43.50231 16.52829 43.50229 16.52831 43.50229 16.52834 43.50228 16.52835 43.50227 16.52838 43.50228 16.5284 43.50231 16.52843 43.50235 16.52846 43.50246 16.52849 43.50251 16.5285 43.50261 16.5285 43.50283 16.5285 43.50307 16.52852 43.50315 16.52854 43.50334 16.52855 43.50355 16.52858 43.50371 16.52862 43.50385 16.52868 43.50397 16.52875 43.50411 16.52887 43.5042 16.52898 43.50426 16.52907 43.50434 16.52921 43.50443 16.52937 43.50447 16.52952 43.5045 16.52964 43.50455 16.52981 43.50456 16.53 43.50458 16.53005 43.50459 16.53016 43.50461 16.53026 43.50464 16.53036 43.50469 16.53046 43.50474 16.53053 43.50477 16.53055 43.50483 16.53057 43.50487 16.53057 43.5049 16.53058 43.50492 16.53058 43.50493 16.53062 43.50493 16.53064 43.50492 16.53068 43.50491 16.53072 43.50489 16.53076 43.50487 16.53081 43.50485 16.53085 43.50482 16.53087 43.50481 16.53087 43.50477 16.53087 43.50469 16.53089 43.50464 16.53091 43.50462 16.53091 43.50456 16.53096 43.50452 16.53099 43.50445 16.53106 43.50443 16.53109 43.50471 16.53118 43.50484 16.53122 43.50503 16.53129 43.50559 16.53147 43.50571 16.53173 43.50572 16.53174 43.50623 16.53286 43.50645 16.53376 43.50645 16.53376 43.50671 16.53484 43.50781 16.53518 43.50871 16.53665 43.50872 16.53704 43.50873 16.5372 43.51085 16.53755 43.51272 16.53748 43.51333 16.53912 43.51338 16.53924 43.51374 16.54022 43.51521 16.54127 43.51552 16.54154 43.5156 16.54161 43.51587 16.54184 43.51616 16.54208 43.51628 16.54219 43.51642 16.54231 43.5166 16.5426 43.51686 16.54303 43.51775 16.54351 43.51824 16.5437 43.5185 16.54367 43.51856 16.54366 43.51865 16.54365 43.51874 16.54393 43.51877 16.54406 43.51065 16.55464 43.51055 16.55477 43.50828 16.55705 43.50775 16.55758 43.50724 16.55809 43.50139 16.56385 43.50018 16.56504 43.50017 16.56505 43.49727 16.56823 43.49281 16.57313 43.49264 16.57342 43.4899 16.57797 43.48778 16.5815 43.47678 16.59018 43.47674 16.59037 43.47667 16.59067 43.47233 16.60523 43.47509 16.60921 43.47582 16.61027 43.47721 16.61234 43.47725 16.61243 43.47738 16.61275 43.47752 16.61292 43.47762 16.61306 43.47788 16.6132 43.47792 16.61322 43.47815 16.61353 43.47884 16.61446 43.47901 16.61486 43.4792 16.6153 43.47966 16.61665 43.47997 16.61756 43.48077 16.61968 43.48097 16.62023 43.48104 16.62042 43.48109 16.62047 43.48126 16.62063 43.48135 16.62072 43.48154 16.62072 43.48188 16.62071 43.4823 16.62017 43.4825 16.61991 43.48362 16.62034 43.48386 16.62008 43.48474 16.61988 43.48486 16.61972 43.48496 16.61958 43.4851 16.61907 43.48512 16.61904 43.48519 16.61893 43.4853 16.61877 43.48523 16.61862 43.48519 16.61853 43.48554 16.6185 43.48639 16.61811 43.48699 16.61732 43.48704 16.61725 43.48711 16.61722 43.48748 16.61705 43.48777 16.6175 43.48791 16.61754 43.48818 16.61721 43.48864 16.61661 43.48947 16.61776 43.48994 16.61742 43.49038 16.6171 43.49094 16.61699 43.49131 16.6167 43.49209 16.6161 43.49218 16.61603 43.49228 16.61595 43.49367 16.61521 43.49507 16.61397 43.49568 16.61357 43.49627 16.61319 43.49726 16.61417 43.49885 16.61565 43.49923 16.616 43.50025 16.61686 43.50214 16.6184 43.50399 16.61991 43.5069 16.62201 43.5102 16.62594 43.5151 16.63163 43.51936 16.63521 43.51956 16.63538 43.52591 16.64015 43.52654 16.64019 43.53164 16.64055 43.53642 16.64095 43.53655 16.64096 43.53683 16.64088 43.53582 16.63951 43.53148 16.63358 43.53223 16.62762</gml:posList>
                        </gml:LinearRing>
                      </gml:exterior>
                    </gml:Polygon>
                  </gml:surfaceMember>
                  <gml:surfaceMember>
                    <gml:Polygon gml:id="MEDIA_MONITORED_CILJ_ID_1_CILJ_ID_5_POLUTANT_3_MODEL_264">
                      <gml:exterior>
                        <gml:LinearRing>
                          <gml:posList srsDimension="2">43.53555 16.44877 43.53557 16.44886 43.53561 16.44892 43.53568 16.44897 43.53574 16.44896 43.53577 16.4489 43.53579 16.44875 43.53579 16.44863 43.53577 16.44858 43.53571 16.44849 43.53568 16.44847 43.53562 16.44848 43.53556 16.44853 43.53554 16.44866 43.53555 16.44877</gml:posList>
                        </gml:LinearRing>
                      </gml:exterior>
                    </gml:Polygon>
                  </gml:surfaceMember>
                  <gml:surfaceMember>
                    <gml:Polygon gml:id="MEDIA_MONITORED_CILJ_ID_1_CILJ_ID_5_POLUTANT_3_MODEL_265">
                      <gml:exterior>
                        <gml:LinearRing>
                          <gml:posList srsDimension="2">43.53573 16.44815 43.53576 16.4482 43.53579 16.4482 43.53581 16.44818 43.53583 16.44811 43.53583 16.44802 43.53581 16.44797 43.53578 16.44796 43.53574 16.44798 43.53572 16.44806 43.53573 16.44815</gml:posList>
                        </gml:LinearRing>
                      </gml:exterior>
                    </gml:Polygon>
                  </gml:surfaceMember>
                  <gml:surfaceMember>
                    <gml:Polygon gml:id="MEDIA_MONITORED_CILJ_ID_1_CILJ_ID_5_POLUTANT_3_MODEL_266">
                      <gml:exterior>
                        <gml:LinearRing>
                          <gml:posList srsDimension="2">43.50078 16.19384 43.50089 16.19396 43.50099 16.19398 43.50116 16.19394 43.50117 16.19395 43.50127 16.19382 43.50128 16.19367 43.50127 16.19355 43.50123 16.19346 43.50116 16.1934 43.50105 16.19338 43.50095 16.1934 43.50082 16.19352 43.50078 16.19362 43.50076 16.19373 43.50078 16.19384</gml:posList>
                        </gml:LinearRing>
                      </gml:exterior>
                    </gml:Polygon>
                  </gml:surfaceMember>
                  <gml:surfaceMember>
                    <gml:Polygon gml:id="MEDIA_MONITORED_CILJ_ID_1_CILJ_ID_5_POLUTANT_3_MODEL_267">
                      <gml:exterior>
                        <gml:LinearRing>
                          <gml:posList srsDimension="2">43.51051 16.31127 43.5106 16.31114 43.51069 16.31105 43.5108 16.31086 43.51097 16.31059 43.51113 16.31042 43.51124 16.31014 43.51129 16.30999 43.51141 16.3098 43.51147 16.30969 43.51139 16.30966 43.5113 16.30962 43.50764 16.30806 43.50767 16.30783 43.50759 16.3078 43.50747 16.30776 43.50733 16.30772 43.50716 16.30767 43.50696 16.30797 43.50541 16.30738 43.50029 16.3059 43.49979 16.30564 43.49848 16.3057 43.49762 16.30547 43.49557 16.3057 43.49401 16.30505 43.49377 16.3052 43.49337 16.30466 43.49032 16.30504 43.48761 16.30525 43.48649 16.30519 43.48639 16.30395 43.48555 16.30397 43.48606 16.30228 43.48648 16.30104 43.48631 16.30097 43.4862 16.30093 43.4861 16.3009 43.48605 16.30115 43.48594 16.30136 43.48586 16.30148 43.48585 16.30162 43.48581 16.30167 43.4857 16.30169 43.4856 16.30188 43.48559 16.30206 43.48553 16.30235 43.48554 16.303 43.48545 16.30324 43.48498 16.30403 43.48486 16.30411 43.48467 16.30411 43.48445 16.30426 43.48435 16.30442 43.48432 16.30453 43.48428 16.30455 43.48418 16.30455 43.4841 16.30462 43.48401 16.30499 43.48386 16.30538 43.48379 16.30566 43.48376 16.30586 43.48377 16.30609 43.48383 16.30632 43.48385 16.30662 43.48391 16.30674 43.48402 16.30687 43.48406 16.30699 43.48399 16.30783 43.48379 16.30852 43.48367 16.30884 43.48365 16.30904 43.48367 16.30948 43.48364 16.3097 43.48363 16.30998 43.48354 16.31026 43.48341 16.31055 43.48336 16.31093 43.48332 16.31133 43.48318 16.31203 43.48298 16.31313 43.48287 16.31355 43.48273 16.31381 43.4827 16.31389 43.48269 16.31398 43.48269 16.31418 43.48265 16.31425 43.48255 16.31448 43.48253 16.3146 43.48261 16.31567 43.48259 16.31693 43.4825 16.31764 43.48246 16.31789 43.48243 16.3182 43.4824 16.31844 43.48237 16.31865 43.4823 16.31882 43.4823 16.31907 43.48247 16.31947 43.48274 16.3199 43.48281 16.32012 43.48277 16.32097 43.48283 16.32126 43.48282 16.32249 43.48277 16.3227 43.48278 16.32291 43.48273 16.32308 43.48274 16.32318 43.48284 16.32341 43.48288 16.32358 43.48285 16.32377 43.48278 16.32408 43.48278 16.32442 43.4827 16.32474 43.48266 16.32509 43.48255 16.32542 43.48251 16.32562 43.48245 16.32583 43.48244 16.32599 43.48248 16.32607 43.48256 16.32609 43.48256 16.32615 43.48254 16.32623 43.4825 16.32629 43.4825 16.32641 43.48252 16.32664 43.4826 16.32701 43.48269 16.32721 43.48285 16.32774 43.48284 16.32796 43.48285 16.32813 43.48275 16.32828 43.48276 16.32849 43.48282 16.32885 43.48289 16.32902 43.48288 16.32929 43.48283 16.32954 43.48282 16.33004 43.48276 16.33036 43.48272 16.33055 43.48271 16.33138 43.48268 16.33164 43.48265 16.33236 43.48268 16.3325 43.4827 16.33285 43.48269 16.33344 43.48265 16.33374 43.48246 16.33422 43.48242 16.33445 43.48244 16.33502 43.48241 16.33616 43.48227 16.3368 43.4823 16.33759 43.48224 16.33795 43.48224 16.33838 43.48218 16.33867 43.48217 16.33914 43.4822 16.33924 43.48219 16.33944 43.48207 16.33996 43.4821 16.34077 43.48213 16.34092 43.48208 16.34124 43.48209 16.34203 43.48219 16.34266 43.48219 16.34282 43.48215 16.34293 43.48215 16.343 43.48207 16.34315 43.48206 16.34328 43.48206 16.34331 43.48209 16.34349 43.48223 16.34367 43.48239 16.34402 43.4824 16.34454 43.48252 16.34486 43.48253 16.34496 43.48248 16.34505 43.48248 16.34511 43.48259 16.34528 43.48262 16.34561 43.48259 16.34579 43.48259 16.34608 43.48256 16.3465 43.48259 16.34667 43.4826 16.34684 43.48256 16.34696 43.48251 16.34699 43.48244 16.34701 43.48242 16.34704 43.48239 16.34708 43.48238 16.34718 43.48246 16.34731 43.48247 16.34743 43.48243 16.34822 43.48233 16.34904 43.48232 16.34928 43.48236 16.34948 43.48233 16.35015 43.48238 16.35042 43.48238 16.35092 43.48243 16.35117 43.48253 16.35141 43.48261 16.35211 43.4827 16.35228 43.48283 16.35247 43.48286 16.35262 43.48288 16.35298 43.48294 16.35329 43.483 16.35343 43.48301 16.35355 43.48297 16.3537 43.48297 16.35387 43.48311 16.3542 43.48318 16.35477 43.4833 16.35512 43.48331 16.35531 43.48332 16.35603 43.48344 16.35632 43.48348 16.35642 43.48344 16.3565 43.48339 16.35649 43.48336 16.35645 43.4833 16.35645 43.48326 16.35652 43.48323 16.35662 43.4832 16.35704 43.48311 16.35728 43.48311 16.35739 43.48318 16.35751 43.48321 16.35771 43.48334 16.35801 43.48339 16.35823 43.48339 16.35838 43.48333 16.3586 43.48333 16.3587 43.48333 16.35879 43.48336 16.35889 43.48345 16.35899 43.4835 16.35908 43.48358 16.35927 43.48359 16.3594 43.4836 16.35983 43.48365 16.36012 43.48372 16.3612 43.48375 16.36133 43.48378 16.3616 43.48378 16.36195 43.48374 16.36215 43.48371 16.3624 43.48375 16.36274 43.4837 16.36291 43.48364 16.36304 43.48364 16.36317 43.48371 16.36323 43.48376 16.36341 43.48375 16.36401 43.48373 16.36418 43.48373 16.36427 43.48379 16.36439 43.48381 16.36455 43.48374 16.36474 43.48375 16.36531 43.48381 16.36551 43.48382 16.36578 43.48396 16.36626 43.48395 16.36675 43.484 16.36702 43.48399 16.36774 43.48396 16.36794 43.48389 16.36812 43.4839 16.36853 43.48395 16.3688 43.48393 16.36905 43.48398 16.36925 43.48412 16.36945 43.48426 16.36982 43.48429 16.37 43.48429 16.37024 43.48432 16.37036 43.48436 16.37059 43.48439 16.37067 43.48438 16.37087 43.48437 16.37097 43.48435 16.37109 43.48434 16.37121 43.48436 16.37129 43.48436 16.37137 43.48433 16.37148 43.48428 16.37173 43.48424 16.37192 43.48424 16.37213 43.48424 16.37228 43.48428 16.37239 43.48431 16.37243 43.48432 16.37246 43.48433 16.37248 43.48431 16.37263 43.48429 16.37286 43.48427 16.37293 43.48423 16.37304 43.48416 16.37325 43.48414 16.37344 43.48413 16.37365 43.48411 16.37382 43.48409 16.37398 43.48405 16.37414 43.48401 16.37431 43.48397 16.37455 43.48397 16.37473 43.48399 16.37485 43.48402 16.37501 43.48402 16.37513 43.48403 16.37528 43.48405 16.37536 43.48408 16.37545 43.48421 16.3757 43.48422 16.37593 43.48422 16.37605 43.48425 16.37621 43.48426 16.37631 43.48428 16.37638 43.4843 16.37645 43.48429 16.37651 43.48427 16.37659 43.4842 16.37675 43.48415 16.37691 43.48413 16.37697 43.48414 16.37724 43.48417 16.37735 43.48419 16.37749 43.48421 16.37762 43.48421 16.37777 43.48419 16.37791 43.48417 16.37805 43.48416 16.37814 43.48419 16.37848 43.48417 16.3786 43.48417 16.37877 43.48423 16.37906 43.48431 16.37949 43.48433 16.37966 43.48435 16.37977 43.48434 16.38006 43.48435 16.38019 43.48438 16.38038 43.48443 16.38061 43.4844 16.38077 43.4844 16.38093 43.48442 16.38121 43.48445 16.38138 43.48451 16.38175 43.48452 16.3819 43.48453 16.38205 43.48465 16.38232 43.48473 16.38254 43.48481 16.3829 43.48485 16.38304 43.48488 16.38321 43.48487 16.3835 43.48487 16.3836 43.48486 16.38373 43.48487 16.38385 43.48488 16.38408 43.48496 16.38436 43.48503 16.38461 43.48506 16.38472 43.48508 16.38481 43.48518 16.38496 43.48521 16.38503 43.48522 16.38518 43.48518 16.3853 43.48518 16.38553 43.4852 16.38572 43.48523 16.38581 43.48526 16.38595 43.48529 16.38614 43.4853 16.38633 43.48531 16.38651 43.48533 16.38669 43.4854 16.38691 43.48546 16.3871 43.48547 16.38713 43.48546 16.38744 43.48548 16.3876 43.4855 16.3877 43.48553 16.38779 43.48556 16.38787 43.48566 16.38806 43.48571 16.38812 43.48575 16.3882 43.48579 16.38833 43.4858 16.38843 43.48583 16.38855 43.48589 16.38864 43.48597 16.38873 43.48605 16.38882 43.48611 16.3889 43.48615 16.38902 43.48618 16.38912 43.48622 16.38925 43.48625 16.38935 43.4864 16.38956 43.48648 16.38967 43.48652 16.38979 43.48655 16.38988 43.48663 16.39005 43.48669 16.39015 43.48676 16.39027 43.48691 16.39047 43.48704 16.39066 43.48719 16.39086 43.48733 16.39103 43.48749 16.39125 43.48758 16.39139 43.48764 16.39146 43.4877 16.39154 43.48777 16.3916 43.48781 16.39169 43.48789 16.39186 43.48799 16.39195 43.48801 16.39197 43.48802 16.39198 43.48808 16.39198 43.48817 16.39201 43.48826 16.39207 43.48832 16.39213 43.48834 16.39215 43.48846 16.39218 43.48893 16.39218 43.48901 16.39218 43.4892 16.39215 43.48927 16.39211 43.48937 16.39195 43.48944 16.39177 43.48946 16.39165 43.48954 16.39147 43.48957 16.39135 43.48957 16.39126 43.48957 16.39114 43.48961 16.39099 43.48967 16.39082 43.48968 16.39068 43.48968 16.39045 43.48969 16.39035 43.48971 16.39023 43.48974 16.39012 43.48983 16.3899 43.48985 16.38973 43.48992 16.38934 43.48994 16.38924 43.48995 16.38903 43.48997 16.38884 43.48996 16.38817 43.48998 16.38795 43.48999 16.38783 43.49002 16.38771 43.49003 16.38752 43.49002 16.38737 43.49002 16.38702 43.49002 16.38686 43.49001 16.38664 43.48999 16.38657 43.48994 16.38641 43.4899 16.38623 43.48989 16.38591 43.48988 16.3857 43.48984 16.38558 43.48979 16.38542 43.48978 16.38518 43.48977 16.38494 43.48976 16.38486 43.48972 16.38478 43.48965 16.38465 43.48959 16.38448 43.48956 16.38428 43.48949 16.38412 43.48935 16.38388 43.48931 16.38369 43.48926 16.38351 43.48921 16.38341 43.48915 16.38329 43.48914 16.38319 43.48909 16.38293 43.48909 16.38276 43.48911 16.38253 43.48911 16.38238 43.48909 16.38227 43.48907 16.3821 43.48901 16.38194 43.48898 16.38177 43.48894 16.38152 43.48889 16.38127 43.48886 16.38112 43.48884 16.38099 43.48885 16.38091 43.48886 16.38074 43.48885 16.38063 43.48882 16.38049 43.48879 16.3804 43.48878 16.38034 43.48875 16.3803 43.48867 16.38024 43.48862 16.38017 43.48856 16.38002 43.48851 16.37984 43.48843 16.37964 43.48833 16.37929 43.48826 16.37909 43.48821 16.37899 43.48817 16.37888 43.48814 16.37865 43.4881 16.37842 43.48804 16.37826 43.48798 16.37809 43.48796 16.37788 43.48796 16.3778 43.48797 16.37776 43.48799 16.37768 43.48799 16.37753 43.48797 16.37746 43.48794 16.37729 43.48791 16.37711 43.4879 16.37696 43.48793 16.37682 43.48804 16.37641 43.48809 16.37617 43.48813 16.37592 43.48813 16.3758 43.48812 16.37567 43.48813 16.37538 43.48817 16.37517 43.4882 16.375 43.48823 16.37477 43.48824 16.37467 43.48829 16.37455 43.48835 16.37435 43.48837 16.37417 43.4884 16.37397 43.48846 16.37368 43.48849 16.37354 43.48857 16.37327 43.48865 16.37311 43.4887 16.37298 43.48879 16.37278 43.48887 16.37256 43.48893 16.37246 43.48903 16.37235 43.48912 16.37229 43.48929 16.37217 43.48945 16.37205 43.48954 16.37198 43.48974 16.37179 43.48988 16.37156 43.48992 16.37142 43.48997 16.37123 43.49001 16.37105 43.49006 16.37092 43.4901 16.37073 43.49014 16.37041 43.49014 16.37024 43.49011 16.37013 43.49007 16.37 43.49009 16.36981 43.49007 16.36963 43.49002 16.36951 43.49001 16.36926 43.4899 16.36901 43.4899 16.36881 43.48995 16.36866 43.49002 16.36852 43.49007 16.36845 43.49027 16.36825 43.4904 16.36805 43.49059 16.36774 43.49072 16.3673 43.49081 16.36708 43.49088 16.36698 43.49108 16.36689 43.4916 16.36675 43.49188 16.36663 43.49213 16.36647 43.49235 16.3664 43.49239 16.36635 43.49242 16.3663 43.49242 16.36618 43.49244 16.36613 43.49248 16.3661 43.49255 16.3661 43.49262 16.36603 43.49275 16.36561 43.4929 16.3653 43.49288 16.36502 43.49285 16.36492 43.49273 16.36477 43.49231 16.36466 43.49214 16.36457 43.492 16.36445 43.4919 16.36441 43.49172 16.3644 43.49161 16.36433 43.49155 16.36413 43.49148 16.36353 43.49141 16.36321 43.49142 16.36307 43.49143 16.36299 43.49189 16.36241 43.49195 16.36226 43.49204 16.36185 43.49212 16.36157 43.49227 16.36108 43.49238 16.36054 43.49238 16.36032 43.49233 16.36004 43.49223 16.3594 43.49213 16.35904 43.49208 16.35877 43.49199 16.35857 43.49178 16.35832 43.49175 16.35822 43.49176 16.3581 43.49191 16.35761 43.49195 16.35729 43.49196 16.35699 43.492 16.35663 43.49207 16.35645 43.49213 16.35612 43.49214 16.35578 43.49218 16.35552 43.49225 16.35522 43.49238 16.35475 43.49242 16.35448 43.49255 16.35401 43.49264 16.35356 43.49265 16.35272 43.49262 16.35255 43.49264 16.35243 43.49271 16.35229 43.4928 16.35219 43.49302 16.35202 43.49319 16.35173 43.49326 16.35127 43.49333 16.35094 43.49337 16.3507 43.4934 16.35032 43.49353 16.34993 43.49367 16.34924 43.49376 16.34899 43.49398 16.34858 43.49423 16.34821 43.4944 16.34793 43.49454 16.34766 43.49496 16.3468 43.495 16.34661 43.49505 16.34645 43.49516 16.34636 43.49534 16.34629 43.49547 16.34614 43.49563 16.3458 43.49582 16.34524 43.49593 16.34494 43.49601 16.34454 43.49615 16.34394 43.49628 16.34326 43.49639 16.34295 43.49668 16.34238 43.4969 16.34179 43.49709 16.34155 43.49725 16.34146 43.49736 16.34141 43.49759 16.34127 43.49791 16.341 43.49828 16.34079 43.49841 16.34071 43.49859 16.3405 43.49875 16.34022 43.49885 16.34001 43.49898 16.34018 43.49902 16.3402 43.49928 16.34052 43.49965 16.34044 43.49963 16.34025 43.49932 16.34033 43.49892 16.33983 43.49916 16.33928 43.49927 16.33893 43.49943 16.33858 43.49955 16.33852 43.49969 16.33876 43.49946 16.33919 43.49958 16.3393 43.4998 16.33892 43.49997 16.33899 43.50003 16.339 43.50049 16.33886 43.50072 16.33879 43.5009 16.33867 43.50114 16.3383 43.50127 16.33791 43.50129 16.33759 43.50133 16.33747 43.50151 16.33722 43.50156 16.33709 43.50155 16.3369 43.5015 16.33681 43.50148 16.33675 43.5015 16.33666 43.50155 16.33659 43.50165 16.33643 43.50167 16.33609 43.50171 16.33593 43.50171 16.33567 43.50175 16.33543 43.50179 16.33527 43.50176 16.33485 43.50179 16.33471 43.5019 16.33449 43.50194 16.33424 43.50197 16.33304 43.50194 16.33276 43.50195 16.33221 43.50191 16.33211 43.5019 16.33201 43.5019 16.33196 43.5019 16.33179 43.50187 16.33167 43.50178 16.33149 43.50173 16.33104 43.5016 16.33058 43.5016 16.33037 43.50173 16.33013 43.50185 16.33001 43.50193 16.32997 43.50204 16.32993 43.50211 16.32995 43.50219 16.33011 43.50227 16.33013 43.50237 16.33012 43.50261 16.32988 43.50272 16.32971 43.503 16.32886 43.50303 16.3282 43.50299 16.32809 43.50301 16.32797 43.50309 16.32781 43.50312 16.32764 43.50311 16.32704 43.5031 16.32685 43.50314 16.32658 43.50315 16.32623 43.50317 16.32607 43.50325 16.3259 43.50339 16.3256 43.5036 16.3253 43.50374 16.3252 43.50406 16.32484 43.50418 16.32476 43.50449 16.32438 43.50464 16.32403 43.50466 16.32388 43.50471 16.32374 43.50482 16.32359 43.5049 16.32342 43.50492 16.3231 43.50495 16.32295 43.50525 16.3225 43.50542 16.32197 43.50547 16.32189 43.50558 16.3218 43.50612 16.32154 43.50638 16.32138 43.50663 16.32128 43.50685 16.32111 43.5072 16.32094 43.50726 16.32087 43.50727 16.32065 43.50723 16.32055 43.50725 16.32046 43.50756 16.31999 43.50771 16.31977 43.50803 16.31922 43.50808 16.31906 43.50828 16.31857 43.50834 16.31839 43.50838 16.31808 43.50839 16.31775 43.5084 16.31765 43.50843 16.31758 43.50855 16.31723 43.50873 16.31664 43.5089 16.31616 43.50901 16.31589 43.50921 16.31542 43.50934 16.31513 43.50964 16.31456 43.50995 16.31399 43.51019 16.31356 43.51025 16.3134 43.51042 16.3131 43.51049 16.31286 43.51054 16.31268 43.51054 16.31232 43.5105 16.31192 43.51049 16.31165 43.51051 16.31127</gml:posList>
                        </gml:LinearRing>
                      </gml:exterior>
                    </gml:Polygon>
                  </gml:surfaceMember>
                  <gml:surfaceMember>
                    <gml:Polygon gml:id="MEDIA_MONITORED_CILJ_ID_1_CILJ_ID_5_POLUTANT_3_MODEL_268">
                      <gml:exterior>
                        <gml:LinearRing>
                          <gml:posList srsDimension="2">43.45812 16.14112 43.45815 16.14099 43.45855 16.14037 43.4587 16.13993 43.45876 16.13965 43.45896 16.13909 43.45918 16.13862 43.45934 16.13808 43.45941 16.13773 43.45954 16.13717 43.45956 16.13653 43.45953 16.13603 43.45943 16.13549 43.45943 16.13519 43.45938 16.1347 43.45922 16.1343 43.45917 16.13405 43.45912 16.13394 43.45907 16.13389 43.45898 16.13385 43.45891 16.13377 43.4588 16.1336 43.45863 16.13348 43.45828 16.13327 43.45797 16.13316 43.4576 16.13296 43.45646 16.13294 43.45598 16.13308 43.4554 16.13351 43.45511 16.13368 43.455 16.13373 43.4549 16.1338 43.45476 16.13396 43.45471 16.1341 43.45469 16.13426 43.45442 16.13486 43.45432 16.13519 43.45424 16.13554 43.45407 16.136 43.45389 16.1364 43.45371 16.13669 43.45335 16.13698 43.453 16.13739 43.45287 16.13766 43.45284 16.1379 43.45285 16.13907 43.45276 16.13951 43.45252 16.14018 43.45245 16.1405 43.45235 16.14109 43.45229 16.14175 43.45231 16.14188 43.45232 16.14215 43.4524 16.14231 43.45241 16.14239 43.4524 16.14244 43.45228 16.14266 43.45223 16.14279 43.4522 16.14305 43.45215 16.14341 43.45211 16.14356 43.45205 16.14373 43.45196 16.14395 43.45183 16.14389 43.45179 16.14406 43.45192 16.14413 43.45188 16.14449 43.45186 16.14459 43.45181 16.14469 43.45168 16.14462 43.45164 16.14476 43.45179 16.14485 43.45167 16.14513 43.45157 16.1454 43.45152 16.1456 43.45143 16.14584 43.45124 16.14605 43.45115 16.14613 43.45108 16.14607 43.45108 16.14587 43.45099 16.14588 43.45099 16.14602 43.45096 16.14605 43.4509 16.14599 43.45089 16.14564 43.45102 16.14564 43.45102 16.14551 43.45092 16.1455 43.45082 16.14546 43.45068 16.1453 43.45045 16.14499 43.45039 16.14483 43.45037 16.14468 43.45024 16.14469 43.45009 16.14478 43.44964 16.145 43.44962 16.14512 43.44955 16.14519 43.44945 16.14503 43.44938 16.14512 43.44947 16.14531 43.44944 16.14537 43.44934 16.14536 43.44925 16.14544 43.44917 16.14543 43.44903 16.14542 43.44902 16.14552 43.44898 16.14553 43.4489 16.14545 43.44881 16.14548 43.44865 16.14548 43.44859 16.14547 43.44857 16.14543 43.44857 16.1454 43.44858 16.14528 43.44866 16.14503 43.44875 16.1448 43.44882 16.14486 43.44887 16.14479 43.44879 16.14472 43.44882 16.14462 43.44892 16.14463 43.44894 16.14448 43.44886 16.14446 43.44914 16.14387 43.44925 16.14354 43.44956 16.14314 43.44975 16.14305 43.44997 16.14307 43.44997 16.14327 43.45006 16.14327 43.45007 16.14308 43.45028 16.14308 43.45046 16.14288 43.4505 16.14278 43.45061 16.14227 43.45063 16.14175 43.45045 16.13963 43.45031 16.13942 43.45011 16.13935 43.44996 16.13937 43.44951 16.13963 43.44938 16.1397 43.44925 16.13976 43.44906 16.13982 43.44892 16.13986 43.44889 16.13981 43.44886 16.13971 43.44878 16.13976 43.44883 16.13993 43.44869 16.13998 43.44845 16.13999 43.44835 16.14003 43.44813 16.14015 43.4481 16.14009 43.44804 16.14009 43.44803 16.14023 43.44796 16.14026 43.44786 16.14023 43.44782 16.14011 43.44789 16.14 43.44794 16.14006 43.44799 16.13999 43.44795 16.13992 43.44799 16.13988 43.44805 16.13994 43.44811 16.13985 43.44805 16.13977 43.44808 16.13969 43.44815 16.13977 43.44821 16.13968 43.44813 16.13958 43.44829 16.13922 43.44845 16.13887 43.44867 16.1386 43.44896 16.13823 43.44936 16.13742 43.44967 16.13696 43.44989 16.13655 43.45017 16.13612 43.45039 16.13569 43.45046 16.13547 43.45046 16.13525 43.45041 16.13507 43.4502 16.13475 43.45017 16.13455 43.45016 16.13435 43.45019 16.13423 43.45037 16.13403 43.45089 16.13362 43.45097 16.13348 43.45103 16.13329 43.45103 16.13298 43.45098 16.13224 43.45099 16.13214 43.45103 16.13196 43.45133 16.13126 43.45155 16.13049 43.45164 16.13021 43.45172 16.12986 43.45182 16.1293 43.45188 16.12898 43.45195 16.12855 43.45203 16.12813 43.45213 16.12737 43.45213 16.12672 43.45203 16.12611 43.45193 16.12564 43.45172 16.12499 43.45129 16.12412 43.45112 16.12387 43.45058 16.12334 43.45024 16.12308 43.44985 16.12283 43.44889 16.12226 43.44867 16.12214 43.44844 16.12204 43.44793 16.12186 43.44762 16.12176 43.44718 16.12169 43.44679 16.12177 43.44635 16.12193 43.44601 16.12202 43.44571 16.12216 43.44517 16.12252 43.44499 16.12269 43.44477 16.12281 43.44455 16.12303 43.44418 16.12357 43.44409 16.12372 43.44391 16.12423 43.44377 16.12452 43.44369 16.12489 43.44369 16.12532 43.44365 16.12546 43.44354 16.12558 43.44338 16.1257 43.44305 16.12587 43.4427 16.12621 43.44252 16.12645 43.44241 16.12669 43.44237 16.12714 43.44232 16.12729 43.44227 16.12737 43.44219 16.12741 43.44203 16.12745 43.4419 16.12743 43.44181 16.12738 43.4418 16.12722 43.44188 16.12722 43.44189 16.12715 43.44181 16.12715 43.4418 16.12655 43.44178 16.12628 43.44179 16.12613 43.44201 16.12544 43.44209 16.12503 43.44213 16.12479 43.44219 16.12444 43.44223 16.12419 43.44232 16.12407 43.44234 16.12391 43.44231 16.1238 43.44219 16.12366 43.44207 16.12349 43.44178 16.12335 43.4415 16.12303 43.44133 16.1229 43.44083 16.12263 43.44067 16.12257 43.43995 16.12257 43.43986 16.1225 43.43983 16.1224 43.43984 16.12232 43.43992 16.12223 43.44041 16.12196 43.44084 16.1216 43.44099 16.12153 43.4413 16.12151 43.44143 16.12148 43.44146 16.12143 43.4415 16.12143 43.44162 16.12162 43.4417 16.12168 43.44192 16.12168 43.44241 16.12151 43.44301 16.12115 43.44326 16.12087 43.44355 16.12016 43.44356 16.12007 43.44356 16.11982 43.44355 16.11962 43.44351 16.1195 43.44342 16.11925 43.44296 16.11853 43.44268 16.11783 43.44255 16.11765 43.44233 16.1175 43.44216 16.11741 43.44187 16.1173 43.44165 16.11726 43.44137 16.11731 43.44116 16.11748 43.44089 16.11757 43.44022 16.11756 43.43993 16.11762 43.43971 16.11762 43.43961 16.11756 43.43955 16.11748 43.43952 16.11729 43.4394 16.11715 43.4392 16.11705 43.43887 16.11693 43.4387 16.11672 43.43845 16.11641 43.4381 16.11617 43.43778 16.11589 43.43755 16.11571 43.43743 16.11558 43.43736 16.11546 43.43723 16.11538 43.43721 16.11533 43.43723 16.11526 43.43727 16.11516 43.43745 16.11469 43.43754 16.11437 43.43758 16.11404 43.4376 16.11367 43.43756 16.11272 43.43749 16.1122 43.43736 16.1116 43.43722 16.11121 43.43708 16.11093 43.43692 16.11068 43.43674 16.11051 43.43661 16.11031 43.43647 16.11011 43.43636 16.11008 43.43632 16.11012 43.43629 16.1102 43.43628 16.1103 43.43624 16.11029 43.43623 16.11024 43.43624 16.11 43.43622 16.10995 43.43617 16.1099 43.43591 16.10992 43.4358 16.10997 43.43568 16.11004 43.43548 16.11031 43.43542 16.11056 43.43536 16.11067 43.43527 16.11077 43.43519 16.11087 43.43515 16.11112 43.43509 16.11122 43.43498 16.11133 43.4349 16.1115 43.43476 16.11178 43.43462 16.112 43.43449 16.11212 43.43443 16.11227 43.43431 16.11231 43.43417 16.11224 43.43397 16.11225 43.43382 16.1122 43.4337 16.11208 43.43355 16.11198 43.4335 16.1119 43.43348 16.11178 43.43347 16.11116 43.43336 16.11037 43.43329 16.11016 43.43311 16.10958 43.433 16.10935 43.43288 16.10918 43.43275 16.10905 43.43259 16.10897 43.43205 16.10858 43.43179 16.10848 43.4316 16.10838 43.43116 16.10828 43.43102 16.10825 43.43068 16.10812 43.43026 16.10809 43.43008 16.10819 43.4299 16.10843 43.42981 16.10863 43.42975 16.10887 43.42974 16.10939 43.42967 16.11008 43.42966 16.1109 43.42961 16.11122 43.42959 16.11188 43.42968 16.11216 43.42968 16.11299 43.42967 16.11323 43.42961 16.11351 43.42937 16.1142 43.42895 16.11481 43.42892 16.11491 43.42888 16.11503 43.42889 16.11518 43.42891 16.11528 43.42889 16.1154 43.42882 16.1155 43.4288 16.11559 43.42878 16.11582 43.42872 16.11616 43.42874 16.11646 43.42881 16.11659 43.42888 16.11666 43.42897 16.11674 43.42946 16.11692 43.4301 16.11691 43.43018 16.11696 43.43023 16.11706 43.43021 16.11719 43.43015 16.11733 43.42994 16.11768 43.42986 16.11783 43.42979 16.11811 43.42978 16.11836 43.42984 16.11853 43.42987 16.11863 43.43003 16.11886 43.43009 16.11895 43.43014 16.11907 43.43013 16.11918 43.43007 16.11929 43.42992 16.11942 43.42977 16.11957 43.42953 16.11966 43.42947 16.11968 43.42941 16.11976 43.42937 16.11983 43.42932 16.12008 43.42931 16.12025 43.42931 16.12043 43.42929 16.1206 43.42929 16.12074 43.42943 16.12093 43.42951 16.12102 43.42958 16.12123 43.42965 16.12139 43.4297 16.12154 43.42966 16.12168 43.42922 16.12208 43.42899 16.12212 43.42892 16.12217 43.42871 16.12222 43.42855 16.12253 43.42846 16.12249 43.42845 16.12236 43.42841 16.1223 43.4283 16.12228 43.4282 16.12235 43.42807 16.12258 43.42799 16.12287 43.42788 16.12314 43.42784 16.12366 43.42791 16.12405 43.42819 16.12505 43.42833 16.1254 43.42836 16.12562 43.42832 16.12578 43.42827 16.12586 43.42816 16.12594 43.42776 16.12605 43.42769 16.12612 43.42762 16.12622 43.42751 16.12652 43.42748 16.12703 43.42749 16.12786 43.42755 16.1285 43.42754 16.12901 43.42746 16.12936 43.42745 16.12949 43.42746 16.1296 43.42753 16.12973 43.42756 16.12988 43.42756 16.13007 43.42752 16.1302 43.42752 16.13035 43.42756 16.1304 43.42763 16.13038 43.42773 16.13034 43.42781 16.13029 43.42786 16.13031 43.42786 16.13038 43.42781 16.13045 43.42777 16.13052 43.42776 16.13055 43.42778 16.13057 43.42783 16.13057 43.42799 16.13058 43.42805 16.13065 43.42809 16.1308 43.42806 16.13085 43.42797 16.13087 43.42793 16.13095 43.42796 16.13119 43.42795 16.13132 43.428 16.13139 43.42807 16.13137 43.42812 16.13128 43.4282 16.13137 43.42818 16.13146 43.42821 16.13154 43.4283 16.13164 43.42848 16.13187 43.42864 16.13222 43.42869 16.13234 43.42885 16.13264 43.42906 16.13312 43.4292 16.13334 43.42942 16.13352 43.42976 16.1339 43.43011 16.1341 43.43038 16.13418 43.43073 16.13449 43.43093 16.1346 43.43128 16.13462 43.43133 16.13469 43.43135 16.13484 43.4314 16.13496 43.43138 16.13509 43.43122 16.1353 43.43113 16.1355 43.43109 16.13575 43.43099 16.136 43.43101 16.13627 43.43116 16.1364 43.43123 16.13645 43.43124 16.13652 43.43122 16.1366 43.43117 16.13684 43.43113 16.13696 43.43078 16.1374 43.43069 16.13762 43.43067 16.13774 43.43067 16.13799 43.4307 16.13814 43.43099 16.13859 43.43118 16.13878 43.43121 16.13889 43.4312 16.13899 43.43107 16.13918 43.43096 16.13945 43.43074 16.13972 43.43051 16.13994 43.43045 16.14003 43.43034 16.14033 43.43028 16.14057 43.43018 16.14075 43.43015 16.14091 43.43006 16.14146 43.42995 16.14175 43.42969 16.14222 43.42962 16.14241 43.42954 16.14278 43.42952 16.1431 43.42947 16.14331 43.42949 16.14389 43.42955 16.14418 43.4296 16.14461 43.42966 16.14501 43.42976 16.14521 43.42989 16.14558 43.43005 16.14574 43.43009 16.14581 43.43008 16.14588 43.43002 16.14589 43.42992 16.14589 43.42986 16.14591 43.42985 16.146 43.42996 16.14613 43.43017 16.1462 43.43055 16.14643 43.43076 16.14659 43.43092 16.14676 43.43142 16.14709 43.43157 16.14724 43.43169 16.14732 43.43207 16.1478 43.43248 16.1481 43.43269 16.14818 43.43298 16.14818 43.43329 16.14807 43.43356 16.14783 43.43435 16.14673 43.43464 16.14622 43.43495 16.14583 43.4355 16.14492 43.43564 16.1448 43.43575 16.14475 43.43585 16.14479 43.43591 16.14483 43.43602 16.14498 43.43607 16.14513 43.43612 16.14558 43.43626 16.14588 43.43626 16.14602 43.4362 16.14622 43.43608 16.14664 43.436 16.14678 43.43594 16.1471 43.43594 16.1474 43.43603 16.1478 43.43626 16.1483 43.43631 16.14854 43.43629 16.14869 43.43623 16.14881 43.43594 16.14918 43.43576 16.14973 43.43572 16.14994 43.43568 16.15012 43.43568 16.15046 43.43565 16.15061 43.43564 16.15085 43.43572 16.15123 43.43581 16.15145 43.43586 16.15182 43.43598 16.15207 43.43616 16.15257 43.43635 16.15284 43.43651 16.15295 43.43669 16.153 43.43701 16.15321 43.43731 16.15332 43.43775 16.15332 43.43808 16.15325 43.4382 16.15318 43.43847 16.15316 43.43855 16.15321 43.43876 16.15324 43.43882 16.15327 43.43885 16.15336 43.43881 16.15351 43.43863 16.15375 43.43854 16.15395 43.4385 16.15414 43.4385 16.15466 43.43844 16.15483 43.43831 16.15503 43.43816 16.15502 43.43806 16.15503 43.43762 16.15534 43.43699 16.15607 43.43682 16.15609 43.4367 16.15601 43.43661 16.15601 43.4365 16.15613 43.43641 16.15613 43.43634 16.15606 43.43614 16.15608 43.43594 16.15625 43.43579 16.15648 43.43563 16.15688 43.43546 16.15757 43.43545 16.15767 43.43546 16.15782 43.43557 16.15799 43.43558 16.15807 43.43556 16.15818 43.43553 16.15828 43.43557 16.15846 43.43561 16.15856 43.43559 16.15864 43.43554 16.15871 43.43505 16.15902 43.43452 16.1595 43.43443 16.15955 43.43425 16.1598 43.43389 16.16013 43.43337 16.16096 43.43324 16.16126 43.43299 16.1617 43.43253 16.16243 43.43242 16.16277 43.43222 16.16326 43.43223 16.16334 43.43234 16.16342 43.43239 16.16354 43.43239 16.16359 43.43234 16.16364 43.43214 16.16363 43.4321 16.16368 43.43205 16.16375 43.43195 16.16427 43.43195 16.16462 43.43202 16.16504 43.43201 16.16546 43.43196 16.16576 43.43189 16.16605 43.43186 16.1663 43.4319 16.1665 43.43196 16.16687 43.43195 16.16766 43.43199 16.16805 43.43211 16.16845 43.43223 16.1687 43.4323 16.16885 43.43244 16.169 43.4327 16.16913 43.43293 16.16931 43.4332 16.16943 43.43345 16.16949 43.43421 16.16987 43.43442 16.16993 43.43463 16.16998 43.43517 16.17016 43.43544 16.17029 43.43626 16.17051 43.43668 16.17051 43.43699 16.17046 43.43714 16.17039 43.43741 16.17033 43.4376 16.17018 43.43779 16.17018 43.43785 16.17013 43.43802 16.16997 43.43812 16.16992 43.43839 16.1699 43.43847 16.16988 43.43867 16.16985 43.43875 16.16979 43.43876 16.16973 43.43869 16.16964 43.43854 16.16951 43.43851 16.16938 43.43862 16.16927 43.43878 16.16919 43.43897 16.16921 43.4392 16.16936 43.43942 16.1695 43.43951 16.16956 43.43961 16.16965 43.43967 16.16983 43.43972 16.17018 43.43973 16.17043 43.43988 16.171 43.44016 16.1714 43.44041 16.17162 43.44057 16.17185 43.44068 16.17215 43.44074 16.17254 43.44071 16.17393 43.44078 16.1743 43.44083 16.17444 43.44095 16.17485 43.44102 16.175 43.44133 16.17542 43.44139 16.17558 43.44159 16.17585 43.4417 16.17601 43.4416 16.17623 43.4417 16.17635 43.44181 16.17614 43.44186 16.17625 43.44204 16.1765 43.44225 16.1765 43.44263 16.17636 43.44301 16.17615 43.44324 16.17595 43.44336 16.17578 43.44372 16.17549 43.44401 16.17515 43.44427 16.17494 43.44505 16.17444 43.44517 16.1743 43.44526 16.17424 43.4454 16.17412 43.44554 16.17407 43.44567 16.17406 43.44579 16.17408 43.44603 16.17419 43.44618 16.17426 43.44634 16.17433 43.44663 16.17444 43.44675 16.17452 43.44706 16.17454 43.44722 16.1746 43.4476 16.17456 43.44818 16.17429 43.44849 16.17408 43.44867 16.17379 43.4488 16.17332 43.44891 16.17307 43.4491 16.1727 43.44912 16.17268 43.44916 16.17263 43.44921 16.17262 43.44928 16.17266 43.44967 16.17311 43.44981 16.17319 43.44995 16.17324 43.45021 16.17325 43.45046 16.17315 43.45082 16.17286 43.45095 16.17269 43.45104 16.1725 43.45113 16.17221 43.45117 16.17192 43.45119 16.17171 43.45124 16.17135 43.45129 16.17117 43.45136 16.17107 43.45149 16.171 43.45181 16.17095 43.45236 16.17072 43.45263 16.17045 43.45307 16.16989 43.45321 16.16975 43.45343 16.16963 43.45355 16.16951 43.45365 16.16935 43.45376 16.1691 43.45383 16.16889 43.45387 16.16862 43.4539 16.16837 43.45391 16.16823 43.45397 16.16813 43.45408 16.16813 43.45425 16.16823 43.45465 16.16829 43.4549 16.16825 43.45532 16.16806 43.45539 16.16798 43.45577 16.16767 43.45597 16.16743 43.45627 16.16704 43.45635 16.16684 43.45659 16.16648 43.45678 16.16591 43.45686 16.16554 43.45708 16.1648 43.45716 16.16416 43.45719 16.16325 43.45714 16.16263 43.45709 16.16251 43.45707 16.16226 43.45707 16.16209 43.45709 16.16201 43.45715 16.16194 43.45725 16.16187 43.45761 16.16182 43.4579 16.16166 43.45812 16.16136 43.45833 16.16085 43.45848 16.15972 43.45851 16.1589 43.45839 16.1585 43.45808 16.1581 43.45806 16.15802 43.45807 16.15795 43.45812 16.15787 43.45821 16.15778 43.45856 16.15767 43.45872 16.15752 43.45885 16.15735 43.45898 16.15699 43.45903 16.15676 43.45907 16.15651 43.4591 16.15567 43.45907 16.15533 43.459 16.15471 43.45896 16.15356 43.4589 16.15322 43.45886 16.15305 43.45879 16.15268 43.45877 16.15243 43.45862 16.15146 43.4586 16.15123 43.45857 16.15102 43.45848 16.15067 43.45841 16.15018 43.45832 16.14995 43.4582 16.1498 43.45804 16.14967 43.45779 16.14952 43.45718 16.14943 43.45714 16.14937 43.45713 16.14931 43.45713 16.14921 43.45722 16.14879 43.4575 16.14815 43.45762 16.14773 43.45767 16.14742 43.45762 16.14655 43.45746 16.14546 43.45747 16.14483 43.4575 16.14446 43.45761 16.14386 43.45766 16.14341 43.4578 16.1428 43.45792 16.14219 43.45803 16.14197 43.4581 16.14177 43.45812 16.14161 43.45811 16.14123 43.45812 16.14112</gml:posList>
                        </gml:LinearRing>
                      </gml:exterior>
                    </gml:Polygon>
                  </gml:surfaceMember>
                  <gml:surfaceMember>
                    <gml:Polygon gml:id="MEDIA_MONITORED_CILJ_ID_1_CILJ_ID_5_POLUTANT_3_MODEL_269">
                      <gml:exterior>
                        <gml:LinearRing>
                          <gml:posList srsDimension="2">43.5301 16.43902 43.5301 16.4389 43.5301 16.43886 43.53008 16.43879 43.53004 16.43877 43.52999 16.43877 43.52996 16.43881 43.52995 16.43891 43.52996 16.43898 43.52998 16.43906 43.53 16.43908 43.53003 16.4391 43.53007 16.43908 43.5301 16.43902</gml:posList>
                        </gml:LinearRing>
                      </gml:exterior>
                    </gml:Polygon>
                  </gml:surfaceMember>
                  <gml:surfaceMember>
                    <gml:Polygon gml:id="MEDIA_MONITORED_CILJ_ID_1_CILJ_ID_5_POLUTANT_3_MODEL_270">
                      <gml:exterior>
                        <gml:LinearRing>
                          <gml:posList srsDimension="2">43.48228 16.34687 43.48231 16.34691 43.48236 16.34693 43.48241 16.34692 43.48243 16.3469 43.48243 16.34681 43.48239 16.34676 43.48235 16.34674 43.4823 16.34674 43.48229 16.34678 43.48228 16.34683 43.48228 16.34687</gml:posList>
                        </gml:LinearRing>
                      </gml:exterior>
                    </gml:Polygon>
                  </gml:surfaceMember>
                  <gml:surfaceMember>
                    <gml:Polygon gml:id="MEDIA_MONITORED_CILJ_ID_1_CILJ_ID_5_POLUTANT_3_MODEL_271">
                      <gml:exterior>
                        <gml:LinearRing>
                          <gml:posList srsDimension="2">43.5363 16.44415 43.53633 16.44421 43.53637 16.44421 43.53641 16.44419 43.53645 16.44412 43.53649 16.44399 43.53648 16.44394 43.53644 16.44389 43.53638 16.44389 43.53631 16.44396 43.5363 16.44404 43.5363 16.44415</gml:posList>
                        </gml:LinearRing>
                      </gml:exterior>
                    </gml:Polygon>
                  </gml:surfaceMember>
                  <gml:surfaceMember>
                    <gml:Polygon gml:id="MEDIA_MONITORED_CILJ_ID_1_CILJ_ID_5_POLUTANT_3_MODEL_272">
                      <gml:exterior>
                        <gml:LinearRing>
                          <gml:posList srsDimension="2">43.52418 16.27612 43.52478 16.27707 43.52487 16.27707 43.52499 16.2769 43.52509 16.27673 43.52508 16.27667 43.52503 16.27654 43.52499 16.27652 43.52493 16.27655 43.52484 16.27661 43.52482 16.27661 43.52477 16.2766 43.52471 16.27653 43.5246 16.27632 43.52448 16.2761 43.52445 16.276 43.52438 16.2757 43.52434 16.2754 43.52428 16.27524 43.52422 16.27512 43.52417 16.27496 43.52417 16.27481 43.52423 16.27462 43.52423 16.27435 43.52414 16.27404 43.52415 16.27389 43.52416 16.27384 43.52418 16.27379 43.52424 16.27374 43.52436 16.27375 43.52442 16.27367 43.52442 16.2736 43.52437 16.27352 43.5241 16.27352 43.52401 16.27359 43.52397 16.27369 43.52396 16.27411 43.524 16.27433 43.52403 16.27466 43.52404 16.2749 43.52402 16.27547 43.52405 16.27582 43.52418 16.27612</gml:posList>
                        </gml:LinearRing>
                      </gml:exterior>
                    </gml:Polygon>
                  </gml:surfaceMember>
                  <gml:surfaceMember>
                    <gml:Polygon gml:id="MEDIA_MONITORED_CILJ_ID_1_CILJ_ID_5_POLUTANT_3_MODEL_273">
                      <gml:exterior>
                        <gml:LinearRing>
                          <gml:posList srsDimension="2">43.58534 16.47565 43.58764 16.46715 43.58899 16.45595 43.58951 16.45112 43.59091 16.43813 43.58676 16.43165 43.57105 16.4132 43.57031 16.41939 43.56908 16.42981 43.56988 16.43096 43.56776 16.43584 43.56765 16.43788 43.5643 16.44156 43.56311 16.44468 43.56216 16.44651 43.55815 16.44554 43.55785 16.44637 43.55773 16.44671 43.55741 16.44693 43.55711 16.44713 43.55668 16.44741 43.55464 16.45812 43.55378 16.45839 43.55337 16.45931 43.55231 16.45945 43.55222 16.45946 43.54973 16.45886 43.54956 16.45882 43.54943 16.45879 43.54928 16.45875 43.54927 16.45875 43.54846 16.45855 43.54768 16.45837 43.54695 16.45819 43.54557 16.45761 43.5454 16.45765 43.54498 16.45772 43.54496 16.45772 43.54459 16.45796 43.54444 16.4589 43.54356 16.46023 43.54197 16.46066 43.54189 16.46071 43.54184 16.46073 43.54177 16.46079 43.54135 16.46103 43.53981 16.46194 43.53767 16.46171 43.53765 16.46173 43.53763 16.46188 43.53769 16.462 43.5377 16.46207 43.53764 16.46211 43.53747 16.46211 43.53726 16.46213 43.53719 16.46217 43.53709 16.4623 43.53706 16.46235 43.53705 16.46262 43.53702 16.46275 43.53695 16.46286 43.53694 16.4629 43.53669 16.46284 43.53667 16.46289 43.53645 16.46399 43.53644 16.46411 43.53639 16.46435 43.53628 16.46484 43.53621 16.46528 43.53624 16.46541 43.53631 16.4655 43.53634 16.46557 43.53634 16.46571 43.53627 16.46573 43.53626 16.46572 43.53623 16.4656 43.53614 16.46569 43.53617 16.46578 43.53618 16.46606 43.53619 16.46633 43.53627 16.46635 43.53635 16.46629 43.53645 16.46633 43.53649 16.46634 43.53657 16.46635 43.53663 16.4664 43.53671 16.46661 43.53677 16.46677 43.53689 16.4671 43.53694 16.46727 43.537 16.46743 43.53703 16.46754 43.53699 16.46758 43.5369 16.46762 43.53682 16.46764 43.53646 16.46766 43.53643 16.46761 43.53642 16.46733 43.53634 16.46734 43.53634 16.46767 43.53637 16.46774 43.53646 16.46779 43.53686 16.46778 43.53694 16.46778 43.53699 16.46788 43.53701 16.46809 43.53706 16.46822 43.53708 16.46826 43.5371 16.46832 43.53724 16.46834 43.53729 16.46835 43.53737 16.46847 43.53739 16.4686 43.53738 16.46885 43.53715 16.46953 43.53711 16.46979 43.53708 16.46991 43.53702 16.46999 43.53688 16.47008 43.53678 16.47015 43.53669 16.47019 43.53662 16.47024 43.53638 16.47073 43.5363 16.47099 43.53599 16.47141 43.53594 16.47153 43.53592 16.47186 43.53594 16.47197 43.53593 16.47214 43.5359 16.47228 43.53591 16.47246 43.53593 16.47265 43.53592 16.47287 43.53585 16.47321 43.53572 16.47356 43.53572 16.47358 43.53556 16.47404 43.53537 16.47445 43.5352 16.47476 43.53506 16.47499 43.53503 16.47508 43.53492 16.47531 43.53486 16.47553 43.53486 16.47565 43.53486 16.47567 43.53486 16.47577 43.53484 16.47581 43.53472 16.47594 43.53459 16.47607 43.53425 16.4748 43.53385 16.47505 43.53376 16.47512 43.53344 16.47528 43.53314 16.47542 43.53284 16.47555 43.53288 16.47569 43.53322 16.47552 43.5342 16.47501 43.53422 16.47501 43.53425 16.4751 43.53436 16.47557 43.53436 16.47563 43.53304 16.47682 43.53299 16.47683 43.5327 16.47686 43.53268 16.4768 43.53265 16.47655 43.53259 16.47609 43.5325 16.47609 43.53252 16.47639 43.53256 16.4767 43.53258 16.47687 43.5326 16.477 43.53258 16.47711 43.53248 16.47724 43.53235 16.47734 43.53221 16.47741 43.53213 16.47744 43.53211 16.4774 43.53212 16.47674 43.53215 16.47652 43.53214 16.47624 43.53215 16.47579 43.53218 16.47559 43.53219 16.4754 43.53219 16.47513 43.53218 16.47498 43.5322 16.47483 43.53225 16.47462 43.53237 16.47431 43.53244 16.47407 43.53248 16.47392 43.5325 16.47377 43.5325 16.47364 43.53245 16.47337 43.53243 16.47324 43.53243 16.47317 43.53243 16.47295 43.53249 16.47275 43.53253 16.47263 43.53255 16.47254 43.53255 16.47247 43.53252 16.47241 43.53247 16.47233 43.53243 16.47229 43.53242 16.47225 43.53245 16.47219 43.53247 16.47211 43.53246 16.47207 43.53244 16.47203 43.53242 16.47198 43.5324 16.47189 43.5324 16.47153 43.53238 16.47147 43.53235 16.4714 43.53231 16.47136 43.53202 16.47133 43.53191 16.47125 43.53182 16.47117 43.53174 16.47111 43.53168 16.47108 43.53161 16.47101 43.53157 16.47095 43.53151 16.47087 43.53148 16.4708 43.53147 16.47065 43.53149 16.4705 43.53152 16.4704 43.53158 16.47032 43.53163 16.4703 43.53165 16.47032 43.53171 16.47038 43.53179 16.4704 43.5318 16.47041 43.53185 16.47037 43.53193 16.4703 43.53197 16.4703 43.53204 16.47025 43.53211 16.47014 43.53216 16.47011 43.53223 16.4701 43.53228 16.47014 43.53235 16.47013 43.53241 16.47005 43.53243 16.46998 43.53245 16.46991 43.53248 16.46984 43.53252 16.46979 43.53255 16.46973 43.53257 16.46969 43.53258 16.46964 43.53258 16.46958 43.53257 16.46952 43.53257 16.46941 43.53254 16.46936 43.53251 16.46931 43.5325 16.46929 43.53249 16.46926 43.53248 16.46918 43.53249 16.46914 43.53252 16.46908 43.53255 16.46901 43.53256 16.46899 43.53257 16.46886 43.53256 16.46884 43.53256 16.46881 43.53254 16.4688 43.53254 16.46878 43.53254 16.4687 43.53256 16.46862 43.53257 16.46857 43.53258 16.4685 43.5326 16.46847 43.53265 16.46846 43.53267 16.46842 43.53267 16.46841 43.53266 16.46838 43.53264 16.46835 43.53261 16.46834 43.53258 16.46833 43.53256 16.46832 43.53252 16.4683 43.53248 16.4683 43.5324 16.46834 43.53233 16.46836 43.53228 16.46838 43.53223 16.46837 43.5322 16.46835 43.53217 16.46833 43.53207 16.46823 43.53204 16.46819 43.532 16.46814 43.53199 16.46809 43.53199 16.46799 43.53202 16.4679 43.53204 16.46783 43.53205 16.46778 43.53207 16.46772 43.53207 16.46765 43.53207 16.46757 43.53205 16.46748 43.53201 16.46743 43.53195 16.46734 43.53192 16.46729 43.53189 16.46721 43.53189 16.46713 43.53187 16.46708 43.53185 16.46697 43.53184 16.46683 43.53183 16.46681 43.53181 16.46678 43.5318 16.46667 43.53178 16.46658 43.53177 16.46656 43.53175 16.46646 43.53172 16.46641 43.53167 16.46635 43.53156 16.46633 43.53155 16.46633 43.53102 16.46632 43.53104 16.46648 43.53105 16.46662 43.53106 16.46674 43.53109 16.46685 43.53111 16.46692 43.53111 16.46702 43.5311 16.46703 43.53103 16.46701 43.53088 16.46693 43.53085 16.46687 43.53083 16.46674 43.53081 16.4666 43.5308 16.46654 43.53078 16.46633 43.5306 16.46628 43.53058 16.46627 43.5306 16.46547 43.53051 16.46547 43.5305 16.46574 43.53045 16.4658 43.53043 16.46581 43.53038 16.46582 43.53022 16.46586 43.53018 16.46604 43.53014 16.46631 43.5301 16.46653 43.53006 16.46668 43.53005 16.46676 43.52983 16.46675 43.52982 16.46697 43.52979 16.46707 43.52976 16.46719 43.52973 16.46727 43.52917 16.46949 43.52916 16.46955 43.52908 16.46993 43.52901 16.4702 43.52901 16.47026 43.52909 16.47039 43.52908 16.47063 43.52906 16.47077 43.52902 16.47086 43.52901 16.47091 43.529 16.47096 43.52889 16.47114 43.52879 16.47126 43.52873 16.4714 43.52868 16.47162 43.52864 16.47178 43.52862 16.47183 43.52859 16.47184 43.52858 16.47182 43.52862 16.47169 43.52854 16.47165 43.52849 16.47176 43.52845 16.47193 43.52837 16.47222 43.52836 16.47229 43.52835 16.47237 43.52831 16.47251 43.52823 16.47273 43.52819 16.47285 43.52817 16.47297 43.52815 16.47307 43.52814 16.47312 43.52815 16.47318 43.52818 16.47319 43.52819 16.47318 43.52822 16.47313 43.52825 16.47307 43.52827 16.47305 43.5283 16.47304 43.52831 16.47305 43.52832 16.47309 43.52829 16.47318 43.52822 16.4733 43.52815 16.47346 43.52811 16.47356 43.5281 16.47367 43.52806 16.4738 43.52802 16.47392 43.52799 16.47401 43.52797 16.47408 43.52793 16.47414 43.52786 16.47418 43.5278 16.47423 43.52773 16.47435 43.52768 16.47445 43.52765 16.4745 43.52762 16.47452 43.52757 16.47451 43.52755 16.47447 43.52934 16.48203 43.52933 16.48279 43.52932 16.48297 43.52932 16.48332 43.52931 16.48388 43.52931 16.48403 43.52931 16.48405 43.5293 16.48409 43.52929 16.48867 43.52929 16.48958 43.52928 16.49343 43.52927 16.49517 43.52925 16.49528 43.52914 16.49595 43.52892 16.49734 43.52885 16.4986 43.52877 16.50005 43.5287 16.50055 43.52869 16.50063 43.52854 16.50169 43.52815 16.5043 43.5281 16.50444 43.52803 16.50462 43.52783 16.50512 43.52693 16.50737 43.52654 16.50788 43.52641 16.50805 43.52599 16.50812 43.52586 16.50814 43.52566 16.50823 43.52548 16.50914 43.52404 16.51043 43.52311 16.51282 43.52275 16.51441 43.52222 16.51677 43.52245 16.51679 43.52161 16.5209 43.52124 16.52365 43.52108 16.52521 43.52087 16.52717 43.52085 16.52737 43.52082 16.52759 43.52031 16.53073 43.52034 16.53138 43.52076 16.53196 43.5212 16.53209 43.52227 16.5324 43.5238 16.53233 43.52418 16.53231 43.52528 16.53343 43.52554 16.53369 43.52571 16.53386 43.53381 16.54183 43.53779 16.54575 43.53908 16.54702 43.54665 16.55448 43.54666 16.55449 43.54359 16.54804 43.5416 16.5422 43.54063 16.53936 43.54085 16.539 43.54181 16.53183 43.54281 16.52439 43.5429 16.52369 43.5429 16.52365 43.54292 16.52334 43.54297 16.52261 43.54277 16.52197 43.54229 16.52035 43.54156 16.51793 43.54151 16.51742 43.54142 16.51669 43.54133 16.51563 43.5413 16.51527 43.54116 16.5136 43.54035 16.51169 43.54018 16.5104 43.54016 16.51024 43.54058 16.50863 43.54075 16.50799 43.54068 16.50763 43.5406 16.50724 43.54024 16.50551 43.54033 16.50498 43.54052 16.50383 43.54055 16.50329 43.54061 16.50251 43.54063 16.50225 43.54063 16.50215 43.54063 16.50208 43.54062 16.50173 43.54061 16.50151 43.54059 16.50077 43.54041 16.49927 43.54023 16.49871 43.53999 16.49798 43.54001 16.49728 43.53977 16.49649 43.5397 16.49624 43.53936 16.49598 43.53914 16.49581 43.53832 16.49517 43.53802 16.49481 43.53764 16.49321 43.53767 16.49266 43.53778 16.49239 43.5378 16.49233 43.53825 16.49191 43.5388 16.49278 43.53932 16.49327 43.54008 16.49386 43.54093 16.4947 43.54112 16.49489 43.5414 16.49517 43.54153 16.49532 43.54174 16.49554 43.54184 16.49565 43.54267 16.49584 43.54332 16.49593 43.54361 16.49599 43.54425 16.49611 43.54463 16.49627 43.54483 16.49636 43.54491 16.49645 43.5454 16.49701 43.54551 16.49713 43.54601 16.49748 43.54652 16.49784 43.54695 16.49802 43.54711 16.49808 43.54738 16.49802 43.5479 16.4979 43.54798 16.49813 43.54808 16.49842 43.54824 16.49856 43.54833 16.49864 43.54871 16.49866 43.5497 16.4986 43.55012 16.49821 43.55047 16.49799 43.55065 16.49787 43.5515 16.498 43.55276 16.49818 43.55315 16.49883 43.55331 16.49893 43.55372 16.4992 43.55405 16.4993 43.5544 16.49941 43.55652 16.4991 43.55686 16.4991 43.55692 16.4991 43.55694 16.4991 43.55716 16.49937 43.5572 16.49942 43.55721 16.49944 43.55723 16.49946 43.5573 16.49955 43.55751 16.49992 43.55768 16.50021 43.55785 16.50041 43.55803 16.50064 43.55831 16.5015 43.55848 16.50249 43.559 16.50665 43.55918 16.50677 43.56042 16.50758 43.56078 16.50678 43.56124 16.50576 43.5614 16.50557 43.5615 16.50546 43.5619 16.50583 43.5623 16.5069 43.56271 16.5079 43.56345 16.50831 43.56374 16.5076 43.56404 16.50699 43.56412 16.50685 43.56421 16.5067 43.56433 16.5065 43.56445 16.50631 43.56451 16.50621 43.56453 16.50618 43.56443 16.50588 43.56436 16.50564 43.56453 16.50505 43.56482 16.50402 43.56522 16.50338 43.5653 16.50325 43.56602 16.50142 43.5662 16.49936 43.56703 16.49964 43.56739 16.49976 43.56804 16.49834 43.56858 16.49811 43.57 16.49753 43.57014 16.49747 43.57318 16.49623 43.57523 16.49539 43.57576 16.49517 43.57576 16.49516 43.58015 16.49351 43.58431 16.49284 43.58471 16.49192 43.58495 16.48594 43.58465 16.48352 43.58534 16.47565</gml:posList>
                        </gml:LinearRing>
                      </gml:exterior>
                    </gml:Polygon>
                  </gml:surfaceMember>
                  <gml:surfaceMember>
                    <gml:Polygon gml:id="MEDIA_MONITORED_CILJ_ID_1_CILJ_ID_5_POLUTANT_3_MODEL_274">
                      <gml:exterior>
                        <gml:LinearRing>
                          <gml:posList srsDimension="2">43.41548 16.1302 43.41593 16.12993 43.41606 16.12979 43.41615 16.12973 43.41622 16.12975 43.41626 16.12983 43.41629 16.12986 43.41638 16.12987 43.41667 16.12972 43.41678 16.12963 43.41702 16.12931 43.41718 16.12917 43.41733 16.12909 43.41742 16.12897 43.41771 16.12876 43.41791 16.12871 43.41818 16.12852 43.41889 16.12776 43.41907 16.12763 43.41934 16.12745 43.41952 16.12723 43.41956 16.12709 43.41967 16.12688 43.41982 16.12648 43.41997 16.12598 43.42002 16.12542 43.42005 16.12509 43.42012 16.1248 43.42022 16.12455 43.42044 16.12414 43.42047 16.12398 43.42051 16.12387 43.42073 16.12353 43.42079 16.12326 43.42083 16.12308 43.4209 16.12294 43.42098 16.12242 43.421 16.12197 43.42107 16.12167 43.42111 16.12114 43.42112 16.12069 43.42105 16.12037 43.42103 16.12027 43.42092 16.12002 43.4209 16.11983 43.42086 16.11968 43.4208 16.11942 43.42073 16.11919 43.42068 16.11909 43.42065 16.11903 43.42059 16.11898 43.42049 16.1189 43.42044 16.11885 43.42029 16.1188 43.42006 16.11879 43.41988 16.11877 43.41974 16.11874 43.41962 16.11872 43.41953 16.11874 43.41948 16.11874 43.41942 16.11876 43.41936 16.11879 43.41926 16.11882 43.4192 16.11885 43.4191 16.11891 43.41887 16.11909 43.41877 16.11918 43.41866 16.1192 43.41852 16.11927 43.41844 16.11933 43.41831 16.11947 43.41819 16.11967 43.41806 16.11981 43.41795 16.11989 43.41787 16.11994 43.41778 16.12 43.41769 16.12014 43.41754 16.12058 43.41739 16.12077 43.41721 16.12087 43.41705 16.12104 43.41701 16.1212 43.41701 16.12136 43.41692 16.12158 43.41613 16.12265 43.41597 16.12297 43.41588 16.12321 43.41584 16.12345 43.41583 16.12386 43.41579 16.12402 43.4157 16.12445 43.41561 16.12479 43.41549 16.12511 43.41546 16.12533 43.41514 16.12611 43.41508 16.12637 43.41503 16.12666 43.41504 16.12717 43.41508 16.12732 43.41511 16.12782 43.41509 16.12821 43.41499 16.12877 43.41489 16.12942 43.41482 16.12971 43.41472 16.12998 43.41472 16.13016 43.41475 16.13024 43.41481 16.13031 43.41499 16.13031 43.41548 16.1302</gml:posList>
                        </gml:LinearRing>
                      </gml:exterior>
                    </gml:Polygon>
                  </gml:surfaceMember>
                  <gml:surfaceMember>
                    <gml:Polygon gml:id="MEDIA_MONITORED_CILJ_ID_1_CILJ_ID_5_POLUTANT_3_MODEL_275">
                      <gml:exterior>
                        <gml:LinearRing>
                          <gml:posList srsDimension="2">43.50331 16.41773 43.50335 16.41775 43.5034 16.41774 43.50341 16.41768 43.5035 16.41744 43.50353 16.41731 43.50353 16.41723 43.50349 16.41711 43.50343 16.41709 43.50338 16.41714 43.50334 16.41731 43.5033 16.41745 43.5033 16.41761 43.50331 16.41773</gml:posList>
                        </gml:LinearRing>
                      </gml:exterior>
                    </gml:Polygon>
                  </gml:surfaceMember>
                  <gml:surfaceMember>
                    <gml:Polygon gml:id="MEDIA_MONITORED_CILJ_ID_1_CILJ_ID_5_POLUTANT_3_MODEL_276">
                      <gml:exterior>
                        <gml:LinearRing>
                          <gml:posList srsDimension="2">43.50097 16.19453 43.50102 16.19461 43.50111 16.19461 43.50115 16.19455 43.50115 16.19446 43.5011 16.19436 43.50101 16.19434 43.50095 16.19441 43.50097 16.19453</gml:posList>
                        </gml:LinearRing>
                      </gml:exterior>
                    </gml:Polygon>
                  </gml:surfaceMember>
                  <gml:surfaceMember>
                    <gml:Polygon gml:id="MEDIA_MONITORED_CILJ_ID_1_CILJ_ID_5_POLUTANT_3_MODEL_277">
                      <gml:exterior>
                        <gml:LinearRing>
                          <gml:posList srsDimension="2">43.53204 16.41892 43.53206 16.41902 43.53211 16.41913 43.53213 16.41918 43.53219 16.41928 43.53224 16.41933 43.53231 16.41933 43.53237 16.41928 43.53241 16.41917 43.53247 16.41895 43.53251 16.4188 43.53251 16.41862 43.53246 16.41851 43.53238 16.41832 43.53234 16.4183 43.53228 16.41829 43.53221 16.4183 43.53213 16.41834 43.53206 16.41845 43.53205 16.41851 43.53204 16.4188 43.53204 16.41892</gml:posList>
                        </gml:LinearRing>
                      </gml:exterior>
                    </gml:Polygon>
                  </gml:surfaceMember>
                  <gml:surfaceMember>
                    <gml:Polygon gml:id="MEDIA_MONITORED_CILJ_ID_1_CILJ_ID_5_POLUTANT_3_MODEL_278">
                      <gml:exterior>
                        <gml:LinearRing>
                          <gml:posList srsDimension="2">43.53004 16.44206 43.53004 16.44215 43.53004 16.44222 43.53008 16.44226 43.53011 16.44225 43.53014 16.44218 43.53014 16.44204 43.53014 16.44199 43.53011 16.44196 43.53008 16.44193 43.53005 16.44194 43.53004 16.44199 43.53004 16.44206</gml:posList>
                        </gml:LinearRing>
                      </gml:exterior>
                    </gml:Polygon>
                  </gml:surfaceMember>
                  <gml:surfaceMember>
                    <gml:Polygon gml:id="MEDIA_MONITORED_CILJ_ID_1_CILJ_ID_5_POLUTANT_3_MODEL_279">
                      <gml:exterior>
                        <gml:LinearRing>
                          <gml:posList srsDimension="2">43.43915 16.1757 43.43917 16.1755 43.43911 16.17543 43.43906 16.17543 43.43891 16.17555 43.43882 16.17557 43.43844 16.17554 43.43835 16.17561 43.43816 16.17566 43.43729 16.17564 43.43706 16.17571 43.4363 16.17621 43.43617 16.17624 43.43601 16.17633 43.4359 16.17644 43.43581 16.17657 43.43564 16.17684 43.43542 16.17701 43.43535 16.17711 43.43526 16.1775 43.43519 16.17766 43.43507 16.17784 43.43501 16.178 43.43503 16.17841 43.43496 16.17866 43.43493 16.17884 43.43495 16.17905 43.43506 16.17948 43.43523 16.17973 43.43534 16.1798 43.43545 16.17985 43.43572 16.17986 43.43621 16.17965 43.43679 16.17921 43.43783 16.17802 43.43864 16.17727 43.43904 16.17674 43.43908 16.17664 43.43909 16.17605 43.43915 16.1757</gml:posList>
                        </gml:LinearRing>
                      </gml:exterior>
                    </gml:Polygon>
                  </gml:surfaceMember>
                  <gml:surfaceMember>
                    <gml:Polygon gml:id="MEDIA_MONITORED_CILJ_ID_1_CILJ_ID_5_POLUTANT_3_MODEL_280">
                      <gml:exterior>
                        <gml:LinearRing>
                          <gml:posList srsDimension="2">43.61492 16.16578 43.61634 16.16225 43.61873 16.15849 43.6225 16.15256 43.63276 16.12911 43.63405 16.12445 43.63457 16.1198 43.63522 16.11535 43.63521 16.11534 43.63382 16.11369 43.63223 16.11217 43.63011 16.10907 43.62385 16.10477 43.61081 16.10193 43.60721 16.12015 43.6062 16.12685 43.60595 16.12702 43.59896 16.1466 43.59136 16.13963 43.58951 16.13969 43.58562 16.13618 43.58513 16.13613 43.58476 16.13545 43.58497 16.13448 43.58404 16.1342 43.5833 16.1345 43.58321 16.1344 43.58272 16.13387 43.58307 16.13279 43.58257 16.13228 43.58108 16.13075 43.58107 16.13074 43.58077 16.13044 43.57982 16.12754 43.57465 16.12228 43.5711 16.12087 43.57087 16.12015 43.57032 16.11866 43.56949 16.11859 43.56863 16.11823 43.56701 16.11742 43.56519 16.11722 43.56329 16.11797 43.56246 16.12194 43.56141 16.12361 43.56116 16.12529 43.56117 16.1253 43.56329 16.12842 43.56199 16.12955 43.56016 16.13114 43.55943 16.13178 43.55922 16.13386 43.55881 16.13546 43.55403 16.1529 43.55377 16.16391 43.54637 16.17411 43.5434 16.1758 43.54183 16.17746 43.53948 16.18042 43.53812 16.18174 43.53784 16.18201 43.53634 16.18246 43.53509 16.18097 43.53227 16.17992 43.52775 16.17913 43.52517 16.18017 43.51993 16.17957 43.51978 16.17876 43.5193 16.17619 43.51874 16.17388 43.51718 16.17242 43.51258 16.17026 43.51255 16.17024 43.51254 16.17047 43.5125 16.17067 43.51248 16.17129 43.51248 16.17161 43.5125 16.17184 43.51251 16.17235 43.51257 16.17295 43.51262 16.1732 43.51269 16.17367 43.51272 16.17391 43.51277 16.17458 43.51284 16.17496 43.51291 16.17523 43.51294 16.17555 43.513 16.17583 43.51302 16.1761 43.51299 16.17647 43.51298 16.17684 43.51303 16.17704 43.51305 16.17741 43.51305 16.17764 43.51305 16.17805 43.51295 16.17832 43.51289 16.17847 43.51283 16.17859 43.51282 16.17882 43.51288 16.17903 43.51302 16.17922 43.51325 16.17943 43.51331 16.1795 43.5133 16.17957 43.5133 16.17959 43.51326 16.17961 43.51308 16.17968 43.51289 16.17963 43.51292 16.1794 43.51283 16.17938 43.5128 16.17962 43.51271 16.17961 43.51248 16.17957 43.51243 16.17982 43.51239 16.18004 43.51232 16.18016 43.5122 16.18015 43.51219 16.18027 43.51231 16.18028 43.51207 16.18093 43.51196 16.18093 43.51195 16.18105 43.51207 16.18106 43.51186 16.18157 43.51182 16.18179 43.51176 16.182 43.5116 16.18228 43.51154 16.18262 43.51142 16.18288 43.51139 16.183 43.51137 16.18312 43.51129 16.18313 43.5113 16.18327 43.51138 16.18326 43.51141 16.18334 43.51141 16.18385 43.51133 16.18388 43.51135 16.184 43.51144 16.18398 43.51147 16.18401 43.51146 16.18414 43.51133 16.1842 43.51136 16.18431 43.51146 16.18426 43.51148 16.18457 43.51124 16.18476 43.51128 16.18488 43.5115 16.1847 43.51157 16.18473 43.51167 16.18491 43.51168 16.18502 43.51169 16.18522 43.51165 16.18536 43.51157 16.18542 43.51147 16.18549 43.5115 16.18561 43.51167 16.18548 43.51171 16.18546 43.51175 16.18551 43.51174 16.18555 43.51172 16.18562 43.51154 16.18578 43.51141 16.18579 43.51125 16.18576 43.51117 16.18565 43.51117 16.18553 43.51116 16.1854 43.5111 16.18533 43.51106 16.18529 43.511 16.18523 43.51104 16.18508 43.51096 16.18503 43.51091 16.18518 43.51081 16.18516 43.51065 16.1851 43.51061 16.18507 43.51066 16.18487 43.51057 16.18482 43.51052 16.18501 43.51047 16.185 43.51036 16.18488 43.51024 16.18465 43.51019 16.18449 43.51017 16.18438 43.51015 16.18433 43.5101 16.18413 43.51 16.18389 43.50988 16.18357 43.51001 16.18351 43.50997 16.18338 43.50986 16.18344 43.50981 16.18329 43.50975 16.18307 43.50986 16.18302 43.50982 16.1829 43.50973 16.18296 43.50971 16.18291 43.50966 16.18268 43.50978 16.18261 43.50975 16.18251 43.50964 16.18257 43.50962 16.18254 43.50959 16.18242 43.50956 16.18231 43.50968 16.18226 43.50964 16.18214 43.50953 16.18219 43.5095 16.18216 43.50943 16.18194 43.50935 16.18171 43.50946 16.18162 43.50942 16.18152 43.50931 16.18161 43.50919 16.18141 43.50928 16.18132 43.50921 16.1812 43.50913 16.18129 43.50907 16.18118 43.50913 16.18112 43.50908 16.18103 43.50901 16.1811 43.50895 16.1809 43.50907 16.18076 43.50902 16.18068 43.50891 16.18078 43.50871 16.18054 43.50877 16.18047 43.5087 16.18037 43.50865 16.18043 43.50851 16.18031 43.50847 16.18029 43.50851 16.18019 43.50844 16.18014 43.50839 16.18027 43.50834 16.18024 43.50819 16.18023 43.50819 16.18013 43.5081 16.18013 43.50809 16.18028 43.50801 16.18038 43.50785 16.1802 43.5078 16.18029 43.50793 16.18047 43.50791 16.18052 43.50786 16.18066 43.50774 16.1809 43.50767 16.18106 43.50756 16.18122 43.50751 16.1813 43.50733 16.18106 43.50727 16.18114 43.50744 16.18139 43.50737 16.18158 43.5073 16.18175 43.50723 16.1819 43.50706 16.18182 43.50702 16.18193 43.50717 16.18201 43.50716 16.18211 43.50712 16.18225 43.50706 16.18251 43.50703 16.18258 43.50687 16.18245 43.5068 16.18259 43.50696 16.18273 43.50695 16.18297 43.50695 16.18345 43.50699 16.18367 43.50704 16.1839 43.50711 16.18405 43.50735 16.18477 43.50748 16.18494 43.50764 16.18534 43.5079 16.18567 43.50792 16.18574 43.50803 16.18589 43.5081 16.18612 43.50811 16.18627 43.50808 16.18641 43.50795 16.18673 43.50791 16.18708 43.50781 16.1874 43.50775 16.18829 43.5078 16.18891 43.5079 16.18938 43.508 16.18976 43.50811 16.19012 43.5082 16.19052 43.50831 16.19088 43.50851 16.19162 43.50856 16.19186 43.50855 16.19264 43.50865 16.19304 43.50874 16.19343 43.50883 16.1939 43.5089 16.19407 43.50903 16.19422 43.50925 16.19462 43.50954 16.19489 43.50965 16.19506 43.50985 16.1954 43.50998 16.19565 43.51014 16.1961 43.5102 16.1965 43.5103 16.19679 43.51039 16.19724 43.51048 16.19752 43.51069 16.19794 43.51082 16.19815 43.51098 16.19836 43.51117 16.19843 43.5116 16.1985 43.51162 16.19865 43.5112 16.19912 43.51111 16.19936 43.51106 16.19967 43.51108 16.20015 43.51116 16.20099 43.51113 16.20125 43.5111 16.20194 43.51106 16.20225 43.51104 16.20269 43.51099 16.20293 43.511 16.20337 43.51103 16.20376 43.51098 16.20395 43.51091 16.20416 43.51085 16.20426 43.51055 16.20474 43.51044 16.20502 43.51034 16.20541 43.51027 16.2058 43.51025 16.20597 43.51023 16.20679 43.5102 16.20697 43.51019 16.20711 43.51019 16.20723 43.51022 16.20733 43.51024 16.20744 43.51022 16.20759 43.51019 16.20773 43.51002 16.2081 43.51002 16.20821 43.51006 16.20832 43.51011 16.20833 43.51019 16.20825 43.51023 16.20823 43.51031 16.20829 43.51041 16.20847 43.51049 16.2088 43.51052 16.209 43.51054 16.20908 43.51055 16.20915 43.51042 16.2092 43.51045 16.20938 43.51058 16.20933 43.5107 16.20953 43.51079 16.20978 43.51079 16.20993 43.5107 16.21019 43.5107 16.2103 43.51074 16.21038 43.5108 16.21037 43.51086 16.21034 43.51096 16.21038 43.51102 16.21042 43.51109 16.21065 43.5111 16.21081 43.51112 16.21097 43.51112 16.21134 43.5111 16.21153 43.51108 16.21161 43.51096 16.21181 43.51109 16.21199 43.51119 16.21184 43.51123 16.21184 43.51128 16.21187 43.51148 16.21195 43.51153 16.21197 43.51159 16.21195 43.51164 16.21199 43.51169 16.21209 43.51173 16.2122 43.51181 16.21243 43.51191 16.21257 43.51201 16.21263 43.51215 16.2127 43.51229 16.21288 43.5124 16.21302 43.5124 16.21303 43.51241 16.21305 43.51231 16.21322 43.51239 16.21331 43.5125 16.21313 43.51267 16.21335 43.51279 16.21349 43.51283 16.21354 43.51273 16.21373 43.51279 16.21381 43.5129 16.21364 43.51313 16.21382 43.51331 16.21403 43.51358 16.21428 43.51376 16.2145 43.51388 16.21464 43.51394 16.2147 43.51382 16.21487 43.51389 16.21498 43.51398 16.21484 43.51413 16.21499 43.51425 16.21521 43.51438 16.21539 43.51454 16.2156 43.51464 16.21572 43.51477 16.21583 43.51492 16.21593 43.51506 16.21596 43.51512 16.21602 43.51514 16.21606 43.51503 16.21617 43.51509 16.21629 43.51516 16.21623 43.51523 16.21619 43.5154 16.21625 43.51552 16.21639 43.51605 16.21712 43.5163 16.21782 43.51638 16.21817 43.51642 16.21839 43.51643 16.21843 43.51662 16.2189 43.51663 16.21911 43.51669 16.21935 43.51682 16.21961 43.51691 16.21988 43.51708 16.22016 43.5172 16.22056 43.51728 16.22075 43.51747 16.22133 43.51765 16.22178 43.51771 16.222 43.51783 16.2224 43.51788 16.22263 43.51785 16.22285 43.51767 16.22276 43.51764 16.22287 43.51784 16.22298 43.51785 16.22416 43.5177 16.22485 43.51758 16.2252 43.51752 16.22543 43.51748 16.22574 43.51735 16.22615 43.51719 16.22605 43.51715 16.22619 43.51732 16.22629 43.51713 16.22679 43.5171 16.22699 43.51712 16.22772 43.51696 16.22772 43.51696 16.22704 43.51687 16.22705 43.51687 16.22767 43.51661 16.22768 43.5166 16.22784 43.51681 16.22784 43.51686 16.22855 43.51692 16.22906 43.51694 16.22961 43.51694 16.22977 43.51694 16.2298 43.5169 16.23008 43.51684 16.23033 43.5167 16.23031 43.51669 16.23049 43.5168 16.2305 43.51677 16.23079 43.51664 16.23133 43.51651 16.23163 43.51603 16.23178 43.51584 16.23185 43.51577 16.23201 43.51573 16.23207 43.5153 16.23202 43.51531 16.23179 43.51521 16.23179 43.51519 16.23226 43.5155 16.23226 43.51605 16.23242 43.5161 16.23243 43.51612 16.23247 43.51611 16.23253 43.51609 16.23283 43.51604 16.23305 43.51602 16.23332 43.51613 16.2335 43.51614 16.23361 43.51611 16.23372 43.51607 16.23393 43.51603 16.23406 43.51586 16.23406 43.51573 16.23595 43.51593 16.23599 43.51617 16.2361 43.51631 16.23628 43.51631 16.23667 43.51625 16.23693 43.51624 16.23717 43.51629 16.23736 43.5163 16.23781 43.51643 16.23831 43.51632 16.23837 43.51634 16.23849 43.51636 16.23864 43.51633 16.2388 43.5164 16.23892 43.51651 16.23896 43.5165 16.23931 43.51638 16.23937 43.51623 16.23937 43.51623 16.23949 43.51645 16.2395 43.51644 16.23963 43.51624 16.23962 43.51624 16.23974 43.51647 16.23976 43.5165 16.2399 43.5165 16.24037 43.51645 16.24051 43.51642 16.24065 43.51642 16.24088 43.5163 16.24121 43.5163 16.24133 43.51624 16.24149 43.51613 16.24156 43.516 16.24171 43.51596 16.2419 43.51591 16.24208 43.51585 16.24217 43.51576 16.24222 43.51564 16.2423 43.51548 16.24258 43.51819 16.24161 43.52001 16.24125 43.5213 16.2404 43.52251 16.23795 43.52271 16.23788 43.52322 16.23771 43.52386 16.23733 43.52571 16.23577 43.52669 16.2361 43.52777 16.23588 43.5287 16.2351 43.52953 16.23487 43.52963 16.23484 43.53111 16.23442 43.53211 16.2342 43.53589 16.23483 43.53705 16.23544 43.53811 16.23641 43.54038 16.23672 43.54575 16.23477 43.54863 16.23573 43.55011 16.24516 43.55028 16.24698 43.55532 16.25237 43.55566 16.25241 43.5558 16.25183 43.55609 16.2518 43.55652 16.25148 43.55792 16.24652 43.55855 16.2461 43.5588 16.24563 43.55904 16.24521 43.55872 16.24236 43.55944 16.2413 43.55971 16.24084 43.55996 16.24008 43.56047 16.23937 43.56334 16.23602 43.56485 16.23286 43.56933 16.22328 43.56975 16.22264 43.57815 16.21539 43.5934 16.20736 43.59488 16.20666 43.59648 16.20666 43.59732 16.20722 43.59798 16.20756 43.59897 16.20768 43.60048 16.20771 43.60081 16.20827 43.6023 16.20939 43.60301 16.20944 43.60374 16.20956 43.6049 16.20969 43.60505 16.21013 43.60687 16.21002 43.60913 16.21093 43.6114 16.21222 43.61145 16.21041 43.61145 16.21023 43.61108 16.20503 43.61312 16.18751 43.61354 16.18388 43.6138 16.18135 43.61411 16.17841 43.61447 16.17483 43.61353 16.16924 43.61492 16.16578</gml:posList>
                        </gml:LinearRing>
                      </gml:exterior>
                    </gml:Polygon>
                  </gml:surfaceMember>
                  <gml:surfaceMember>
                    <gml:Polygon gml:id="MEDIA_MONITORED_CILJ_ID_1_CILJ_ID_5_POLUTANT_3_MODEL_281">
                      <gml:exterior>
                        <gml:LinearRing>
                          <gml:posList srsDimension="2">43.51658 16.26551 43.51659 16.26457 43.51655 16.26392 43.51656 16.26363 43.5166 16.26304 43.51659 16.26224 43.51655 16.26201 43.51651 16.26166 43.5165 16.26153 43.51642 16.26107 43.51636 16.2606 43.51631 16.26013 43.51625 16.25978 43.51623 16.25959 43.51624 16.25945 43.51652 16.25947 43.51664 16.25914 43.5165 16.25907 43.51647 16.25926 43.51624 16.25925 43.5162 16.25906 43.51617 16.25883 43.51625 16.25883 43.51625 16.25875 43.51617 16.25874 43.51615 16.25853 43.51618 16.25826 43.5162 16.25795 43.51613 16.25752 43.51602 16.25681 43.51594 16.25655 43.51588 16.25638 43.51581 16.2563 43.51581 16.25624 43.51601 16.25595 43.51591 16.2558 43.51585 16.25589 43.51586 16.25596 43.51573 16.25616 43.51544 16.25574 43.51529 16.25536 43.51523 16.25507 43.51519 16.25459 43.51518 16.25425 43.5152 16.254 43.5152 16.25383 43.5153 16.25383 43.51532 16.25362 43.51522 16.25361 43.51515 16.25248 43.51517 16.2524 43.51518 16.25237 43.51522 16.25229 43.51517 16.25219 43.51513 16.25214 43.51508 16.25193 43.51498 16.25178 43.51485 16.25141 43.51468 16.25105 43.51454 16.25067 43.51451 16.2506 43.51415 16.2505 43.51405 16.25048 43.51397 16.25042 43.51391 16.24996 43.51357 16.24875 43.51372 16.24864 43.5136 16.24826 43.51345 16.24836 43.51338 16.24833 43.5133 16.24826 43.51317 16.2481 43.51286 16.24709 43.51286 16.24705 43.51282 16.24681 43.51279 16.24658 43.51287 16.24651 43.51287 16.24641 43.51278 16.24627 43.51282 16.24602 43.51291 16.24521 43.51292 16.24509 43.51292 16.24468 43.51291 16.24435 43.51293 16.24396 43.51293 16.24377 43.51286 16.24351 43.51282 16.24312 43.51272 16.24257 43.51269 16.24235 43.51271 16.24183 43.5127 16.24167 43.51261 16.24149 43.51254 16.24126 43.51249 16.24098 43.51247 16.24079 43.51236 16.24064 43.51229 16.24038 43.51223 16.23997 43.51219 16.23976 43.51204 16.23937 43.51174 16.23854 43.51171 16.23821 43.51161 16.23796 43.51156 16.23792 43.51152 16.23793 43.51149 16.23829 43.51145 16.23868 43.51137 16.23898 43.51132 16.23913 43.5113 16.23934 43.51134 16.23947 43.51131 16.23957 43.51121 16.23975 43.51121 16.23997 43.51119 16.24005 43.5111 16.24025 43.51109 16.24038 43.51112 16.24055 43.51118 16.24074 43.51117 16.24083 43.51116 16.2409 43.51108 16.24107 43.51106 16.24119 43.51107 16.24134 43.51098 16.24165 43.51099 16.24195 43.51103 16.24206 43.51102 16.24215 43.51098 16.24232 43.51096 16.24252 43.51099 16.24293 43.51103 16.24319 43.51105 16.24344 43.51109 16.24375 43.51113 16.24432 43.51117 16.24457 43.51121 16.24487 43.51126 16.24522 43.51136 16.24534 43.51138 16.24552 43.51132 16.24561 43.51124 16.24565 43.51099 16.24567 43.51072 16.24576 43.50991 16.24589 43.50982 16.24599 43.50989 16.24618 43.50999 16.24612 43.51006 16.24608 43.51117 16.24588 43.51031 16.2478 43.51065 16.24817 43.51073 16.24831 43.51072 16.24866 43.51072 16.24907 43.51075 16.24934 43.51076 16.24994 43.5109 16.25073 43.51089 16.25083 43.51085 16.25085 43.51071 16.25084 43.51068 16.25088 43.51066 16.25095 43.51069 16.25129 43.51075 16.25145 43.5108 16.25155 43.51086 16.25158 43.51091 16.25164 43.5109 16.25172 43.51085 16.25188 43.51078 16.25202 43.51074 16.25222 43.51072 16.25248 43.51067 16.25258 43.51057 16.2527 43.51052 16.25285 43.51053 16.2531 43.51031 16.25344 43.51029 16.25361 43.51022 16.25379 43.51018 16.25383 43.51006 16.2539 43.50998 16.25398 43.50985 16.25415 43.50969 16.25424 43.50946 16.25451 43.5094 16.25463 43.50933 16.25479 43.50915 16.25521 43.50911 16.25538 43.50899 16.25564 43.50877 16.25596 43.50843 16.25637 43.50832 16.25657 43.50811 16.25688 43.50778 16.25744 43.50758 16.25791 43.50743 16.25823 43.50723 16.25862 43.50705 16.25889 43.50687 16.25897 43.50665 16.25895 43.50651 16.25895 43.50613 16.25885 43.5061 16.25883 43.50605 16.25902 43.50602 16.25914 43.50503 16.26109 43.50542 16.26171 43.50525 16.26199 43.5054 16.26266 43.50548 16.26305 43.50504 16.26367 43.50569 16.26426 43.50587 16.26513 43.50636 16.26517 43.50653 16.26595 43.50729 16.26599 43.5073 16.26603 43.5074 16.26681 43.50747 16.26732 43.50652 16.26904 43.5076 16.27201 43.50609 16.27257 43.5056 16.27429 43.50518 16.27515 43.50541 16.27629 43.5054 16.27651 43.5054 16.27743 43.50505 16.27797 43.50374 16.27805 43.50158 16.27898 43.50031 16.27988 43.50008 16.28005 43.49452 16.28313 43.49428 16.28391 43.49288 16.28463 43.48684 16.29732 43.4868 16.2974 43.48664 16.29761 43.48652 16.29785 43.48641 16.29844 43.48626 16.29896 43.4862 16.29938 43.48621 16.29965 43.48615 16.30066 43.4861 16.3009 43.4862 16.30093 43.48631 16.30097 43.48648 16.30104 43.48606 16.30228 43.48555 16.30397 43.48639 16.30395 43.48649 16.30519 43.48761 16.30525 43.49032 16.30504 43.49337 16.30466 43.49377 16.3052 43.49401 16.30505 43.49557 16.3057 43.49762 16.30547 43.49848 16.3057 43.49979 16.30564 43.50029 16.3059 43.50541 16.30738 43.50696 16.30797 43.50716 16.30767 43.50733 16.30772 43.50747 16.30776 43.50759 16.3078 43.50767 16.30783 43.50764 16.30806 43.5113 16.30962 43.51139 16.30966 43.51147 16.30969 43.51152 16.30959 43.51156 16.30902 43.51163 16.3088 43.51167 16.30851 43.51169 16.30757 43.51161 16.30713 43.51154 16.30694 43.5115 16.3067 43.51147 16.30647 43.51143 16.30634 43.51151 16.30639 43.51158 16.30617 43.5115 16.30612 43.51163 16.30574 43.51171 16.30579 43.51178 16.30559 43.51171 16.30553 43.51187 16.30509 43.51196 16.30513 43.51202 16.30493 43.51193 16.30487 43.51202 16.30451 43.5121 16.30456 43.51219 16.3043 43.51209 16.30423 43.5126 16.30378 43.5127 16.30366 43.51275 16.30348 43.51281 16.30339 43.51289 16.30336 43.51305 16.30334 43.51314 16.30319 43.5132 16.30295 43.51331 16.30275 43.51349 16.30244 43.51355 16.30211 43.51363 16.30174 43.51367 16.30083 43.5139 16.30062 43.51407 16.30031 43.51397 16.30023 43.51389 16.3004 43.51381 16.30051 43.51371 16.3006 43.5137 16.30038 43.51373 16.29968 43.51374 16.29931 43.51376 16.29874 43.51381 16.29834 43.51381 16.29804 43.51383 16.29752 43.51388 16.2971 43.5139 16.29643 43.51391 16.29574 43.51391 16.29541 43.51392 16.29478 43.51395 16.29465 43.51399 16.29454 43.5141 16.29434 43.51419 16.29408 43.51426 16.29382 43.51427 16.29322 43.51423 16.29293 43.51423 16.29268 43.51423 16.29236 43.51439 16.29179 43.51423 16.29172 43.51419 16.29197 43.51414 16.29208 43.51404 16.29169 43.51398 16.29157 43.51382 16.29114 43.51375 16.29087 43.51365 16.29057 43.51361 16.29044 43.51359 16.29011 43.51361 16.29005 43.51366 16.28989 43.51383 16.28928 43.51388 16.28886 43.51393 16.28867 43.51399 16.28847 43.51399 16.28822 43.51396 16.28788 43.51384 16.2876 43.51373 16.28745 43.51364 16.28721 43.51358 16.28698 43.51351 16.28652 43.51351 16.28636 43.5134 16.28606 43.51336 16.2859 43.51342 16.28544 43.51351 16.28485 43.5135 16.2844 43.51346 16.28404 43.51341 16.28377 43.51328 16.28335 43.51327 16.28299 43.51326 16.28211 43.51337 16.28139 43.51337 16.28133 43.51339 16.28088 43.5134 16.28062 43.51339 16.28021 43.5134 16.27971 43.51347 16.27941 43.51363 16.27916 43.51408 16.27856 43.51421 16.27811 43.51423 16.278 43.5143 16.27765 43.5143 16.27733 43.5142 16.27693 43.51399 16.27605 43.51398 16.27589 43.514 16.27577 43.51412 16.27535 43.51429 16.27516 43.51446 16.27505 43.51478 16.27463 43.51482 16.2745 43.51484 16.27434 43.51493 16.27412 43.51497 16.27387 43.51492 16.27334 43.51497 16.27323 43.51498 16.27317 43.51501 16.27307 43.51513 16.27282 43.51538 16.27221 43.51556 16.27162 43.51569 16.27112 43.5158 16.27063 43.51587 16.2702 43.51596 16.2697 43.51598 16.26895 43.51607 16.26847 43.51617 16.268 43.51629 16.26751 43.51642 16.26688 43.51649 16.26621 43.51658 16.26551</gml:posList>
                        </gml:LinearRing>
                      </gml:exterior>
                    </gml:Polygon>
                  </gml:surfaceMember>
                  <gml:surfaceMember>
                    <gml:Polygon gml:id="MEDIA_MONITORED_CILJ_ID_1_CILJ_ID_5_POLUTANT_3_MODEL_282">
                      <gml:exterior>
                        <gml:LinearRing>
                          <gml:posList srsDimension="2">43.52988 16.44183 43.52989 16.44187 43.52991 16.44188 43.52995 16.44187 43.52997 16.44183 43.52999 16.44175 43.52998 16.44169 43.52995 16.44167 43.52992 16.44168 43.52989 16.44172 43.52988 16.44176 43.52988 16.44183</gml:posList>
                        </gml:LinearRing>
                      </gml:exterior>
                    </gml:Polygon>
                  </gml:surfaceMember>
                  <gml:surfaceMember>
                    <gml:Polygon gml:id="MEDIA_MONITORED_CILJ_ID_1_CILJ_ID_5_POLUTANT_3_MODEL_283">
                      <gml:exterior>
                        <gml:LinearRing>
                          <gml:posList srsDimension="2">43.53094 16.46313 43.53099 16.46333 43.53102 16.46345 43.53109 16.46364 43.53112 16.46379 43.53117 16.46391 43.53117 16.46399 43.5312 16.46404 43.53124 16.46413 43.53125 16.46444 43.53125 16.46472 43.53127 16.46488 43.53133 16.46492 43.53146 16.46504 43.53153 16.46513 43.53163 16.46528 43.53168 16.46537 43.53184 16.46553 43.53186 16.46555 43.53188 16.46554 43.53192 16.46546 43.53194 16.46536 43.53205 16.46504 43.53211 16.46479 43.53222 16.46444 43.5323 16.46409 43.5323 16.46397 43.53235 16.46372 43.53243 16.46341 43.53249 16.46324 43.53255 16.46302 43.53256 16.46278 43.53255 16.46268 43.53252 16.46233 43.53249 16.46199 43.53248 16.46172 43.53248 16.46155 43.53246 16.46137 43.53244 16.46131 43.53242 16.46128 43.53235 16.46125 43.53227 16.46123 43.53207 16.46116 43.53199 16.46112 43.53188 16.46107 43.53176 16.461 43.53168 16.46098 43.53159 16.46095 43.53146 16.46094 43.53134 16.46096 43.53119 16.46103 43.53103 16.46111 43.53097 16.46118 43.53094 16.46124 43.53094 16.46134 43.53088 16.46145 43.53082 16.46166 43.53078 16.4619 43.53076 16.46211 43.53076 16.46232 43.53077 16.46256 43.53082 16.46274 43.53088 16.46294 43.53094 16.46313</gml:posList>
                        </gml:LinearRing>
                      </gml:exterior>
                    </gml:Polygon>
                  </gml:surfaceMember>
                  <gml:surfaceMember>
                    <gml:Polygon gml:id="MEDIA_MONITORED_CILJ_ID_1_CILJ_ID_5_POLUTANT_3_MODEL_284">
                      <gml:exterior>
                        <gml:LinearRing>
                          <gml:posList srsDimension="2">43.52973 16.44174 43.52974 16.44177 43.52975 16.44178 43.52977 16.44178 43.52979 16.44178 43.52981 16.44176 43.52983 16.44168 43.52985 16.44159 43.52988 16.44152 43.5299 16.44143 43.52989 16.44133 43.52987 16.44126 43.52985 16.44124 43.52983 16.44124 43.5298 16.44124 43.52979 16.44127 43.52977 16.44132 43.52975 16.44138 43.52974 16.44161 43.52973 16.44174</gml:posList>
                        </gml:LinearRing>
                      </gml:exterior>
                    </gml:Polygon>
                  </gml:surfaceMember>
                  <gml:surfaceMember>
                    <gml:Polygon gml:id="MEDIA_MONITORED_CILJ_ID_1_CILJ_ID_5_POLUTANT_3_MODEL_285">
                      <gml:exterior>
                        <gml:LinearRing>
                          <gml:posList srsDimension="2">43.69103 16.37244 43.69465 16.37017 43.69876 16.36659 43.69269 16.35822 43.6877 16.35135 43.68772 16.35088 43.68723 16.35101 43.68637 16.35124 43.68538 16.3515 43.6852 16.34929 43.68495 16.3485 43.68433 16.34826 43.68298 16.34629 43.68212 16.3466 43.66769 16.34028 43.65331 16.34224 43.64857 16.37002 43.64802 16.3732 43.63951 16.37154 43.63792 16.37003 43.63551 16.36917 43.63397 16.36789 43.63114 16.36738 43.63053 16.36681 43.63007 16.3668 43.62537 16.36662 43.62416 16.36715 43.62237 16.366 43.62217 16.36618 43.62204 16.36679 43.61387 16.36663 43.61353 16.36428 43.6125 16.35721 43.61217 16.35754 43.61144 16.35825 43.61119 16.35931 43.61004 16.3591 43.59977 16.37038 43.59838 16.37197 43.59767 16.37507 43.58629 16.37635 43.58087 16.37379 43.57816 16.37241 43.57753 16.37271 43.57601 16.37343 43.5752 16.37754 43.57517 16.37772 43.57511 16.37801 43.57432 16.38339 43.57352 16.38879 43.57153 16.39915 43.57108 16.40151 43.57066 16.40369 43.57072 16.40828 43.57073 16.40888 43.57105 16.4132 43.58676 16.43165 43.59091 16.43813 43.58951 16.45112 43.58899 16.45595 43.58764 16.46715 43.58534 16.47565 43.58465 16.48352 43.58495 16.48594 43.58471 16.49192 43.58431 16.49284 43.58015 16.49351 43.57576 16.49516 43.57576 16.49517 43.57523 16.49539 43.57318 16.49623 43.57014 16.49747 43.57 16.49753 43.56858 16.49811 43.56804 16.49834 43.56739 16.49976 43.56703 16.49964 43.5662 16.49936 43.56602 16.50142 43.5653 16.50325 43.56522 16.50338 43.56482 16.50402 43.56453 16.50505 43.56436 16.50564 43.56443 16.50588 43.56453 16.50618 43.56451 16.50621 43.56445 16.50631 43.56433 16.5065 43.56421 16.5067 43.56412 16.50685 43.56404 16.50699 43.56374 16.5076 43.56345 16.50831 43.56271 16.5079 43.5623 16.5069 43.5619 16.50583 43.5615 16.50546 43.5614 16.50557 43.56124 16.50576 43.56078 16.50678 43.56042 16.50758 43.55918 16.50677 43.559 16.50665 43.55848 16.50249 43.55831 16.5015 43.55803 16.50064 43.55785 16.50041 43.55768 16.50021 43.55751 16.49992 43.5573 16.49955 43.55723 16.49946 43.55721 16.49944 43.5572 16.49942 43.55716 16.49937 43.55694 16.4991 43.55692 16.4991 43.55686 16.4991 43.55652 16.4991 43.5544 16.49941 43.55405 16.4993 43.55372 16.4992 43.55331 16.49893 43.55315 16.49883 43.55276 16.49818 43.5515 16.498 43.55065 16.49787 43.55047 16.49799 43.55012 16.49821 43.5497 16.4986 43.54871 16.49866 43.54833 16.49864 43.54824 16.49856 43.54808 16.49842 43.54798 16.49813 43.5479 16.4979 43.54738 16.49802 43.54711 16.49808 43.54695 16.49802 43.54652 16.49784 43.54601 16.49748 43.54551 16.49713 43.5454 16.49701 43.54491 16.49645 43.54483 16.49636 43.54463 16.49627 43.54425 16.49611 43.54361 16.49599 43.54332 16.49593 43.54267 16.49584 43.54184 16.49565 43.54174 16.49554 43.54153 16.49532 43.5414 16.49517 43.54112 16.49489 43.54093 16.4947 43.54008 16.49386 43.53932 16.49327 43.5388 16.49278 43.53825 16.49191 43.5378 16.49233 43.53778 16.49239 43.53767 16.49266 43.53764 16.49321 43.53802 16.49481 43.53832 16.49517 43.53914 16.49581 43.53936 16.49598 43.5397 16.49624 43.53977 16.49649 43.54001 16.49728 43.53999 16.49798 43.54023 16.49871 43.54041 16.49927 43.54059 16.50077 43.54061 16.50151 43.54062 16.50173 43.54063 16.50208 43.54063 16.50215 43.54063 16.50225 43.54061 16.50251 43.54055 16.50329 43.54052 16.50383 43.54033 16.50498 43.54024 16.50551 43.5406 16.50724 43.54068 16.50763 43.54075 16.50799 43.54058 16.50863 43.54016 16.51024 43.54018 16.5104 43.54035 16.51169 43.54116 16.5136 43.5413 16.51527 43.54133 16.51563 43.54142 16.51669 43.54151 16.51742 43.54156 16.51793 43.54229 16.52035 43.54277 16.52197 43.54297 16.52261 43.54292 16.52334 43.5429 16.52365 43.5429 16.52369 43.54281 16.52439 43.54181 16.53183 43.54085 16.539 43.54063 16.53936 43.5416 16.5422 43.54359 16.54804 43.54666 16.55449 43.55182 16.56993 43.55559 16.56812 43.55837 16.56679 43.56906 16.56093 43.5707 16.56003 43.57212 16.55926 43.57448 16.55797 43.57605 16.55743 43.57644 16.5573 43.57757 16.5566 43.57839 16.55619 43.57908 16.55578 43.57973 16.5553 43.5807 16.55458 43.58075 16.5544 43.58077 16.55435 43.58079 16.55428 43.58085 16.55409 43.58088 16.55399 43.5805 16.5531 43.58001 16.55198 43.58663 16.54635 43.58833 16.53988 43.59008 16.53322 43.59011 16.53311 43.59341 16.5305 43.6006 16.52896 43.60074 16.52893 43.61437 16.52522 43.61639 16.52646 43.6174 16.52708 43.61986 16.53416 43.62069 16.53296 43.6219 16.53124 43.62347 16.53171 43.62502 16.52996 43.62502 16.52986 43.62503 16.52969 43.62549 16.52968 43.63124 16.52504 43.63328 16.52698 43.63337 16.52695 43.63381 16.52683 43.63456 16.5268 43.63594 16.52675 43.63653 16.52698 43.63662 16.52703 43.63701 16.52727 43.63711 16.52741 43.64152 16.52615 43.6423 16.52592 43.64314 16.52572 43.64579 16.51995 43.64697 16.51738 43.65863 16.50738 43.66099 16.50536 43.65787 16.49951 43.65681 16.49948 43.65459 16.49941 43.65443 16.49921 43.65393 16.49858 43.65122 16.49517 43.65122 16.49515 43.64995 16.49314 43.64857 16.48914 43.64903 16.48711 43.64897 16.48707 43.64877 16.4869 43.64831 16.4865 43.64834 16.48596 43.64792 16.48526 43.64722 16.48412 43.64614 16.48418 43.64538 16.48373 43.64476 16.48237 43.64101 16.48092 43.64098 16.4809 43.64059 16.47875 43.64078 16.47801 43.63754 16.46857 43.63461 16.46001 43.63422 16.45714 43.63395 16.45347 43.63398 16.45321 43.63437 16.44904 43.63971 16.45033 43.64041 16.45122 43.64217 16.45342 43.64195 16.45121 43.64407 16.44991 43.64418 16.44962 43.64502 16.4491 43.65269 16.44846 43.66285 16.44762 43.66841 16.43989 43.67157 16.4355 43.67127 16.43484 43.67413 16.42657 43.67918 16.416 43.67919 16.41599 43.67927 16.41582 43.68177 16.40721 43.68531 16.39501 43.69103 16.37244</gml:posList>
                        </gml:LinearRing>
                      </gml:exterior>
                    </gml:Polygon>
                  </gml:surfaceMember>
                  <gml:surfaceMember>
                    <gml:Polygon gml:id="MEDIA_MONITORED_CILJ_ID_1_CILJ_ID_5_POLUTANT_3_MODEL_286">
                      <gml:exterior>
                        <gml:LinearRing>
                          <gml:posList srsDimension="2">43.55269 16.2853 43.55377 16.28506 43.55436 16.28443 43.55469 16.28338 43.5548 16.28281 43.55476 16.28261 43.55468 16.28215 43.55432 16.28103 43.55411 16.27859 43.55345 16.27445 43.55292 16.27147 43.55274 16.26958 43.5521 16.2678 43.5519 16.2662 43.55205 16.26515 43.55196 16.26463 43.5519 16.2643 43.5519 16.26427 43.55183 16.26388 43.5468 16.25646 43.55028 16.25313 43.55058 16.25262 43.55088 16.25209 43.55082 16.2514 43.55082 16.25134 43.55078 16.25095 43.55071 16.2501 43.55028 16.24698 43.55011 16.24516 43.54863 16.23573 43.54575 16.23477 43.54038 16.23672 43.53811 16.23641 43.53705 16.23544 43.53589 16.23483 43.53211 16.2342 43.53111 16.23442 43.52963 16.23484 43.52953 16.23487 43.5287 16.2351 43.52777 16.23588 43.52669 16.2361 43.52571 16.23577 43.52386 16.23733 43.52322 16.23771 43.52271 16.23788 43.52251 16.23795 43.5213 16.2404 43.52001 16.24125 43.51819 16.24161 43.51548 16.24258 43.51547 16.24259 43.51545 16.24301 43.51534 16.24335 43.51532 16.2436 43.51533 16.24364 43.51537 16.24382 43.5154 16.24388 43.51569 16.24437 43.51574 16.24452 43.51586 16.2448 43.51598 16.24517 43.51599 16.24518 43.51605 16.24542 43.51621 16.24573 43.5165 16.24636 43.51652 16.24641 43.5166 16.24654 43.51677 16.24681 43.51726 16.24775 43.51733 16.24791 43.51746 16.2481 43.51774 16.24847 43.51782 16.24874 43.51802 16.24918 43.51814 16.24943 43.51817 16.24955 43.51817 16.24965 43.51817 16.24997 43.51817 16.25024 43.51819 16.25048 43.51825 16.25069 43.51826 16.25083 43.51826 16.25149 43.51823 16.25177 43.51816 16.25191 43.51807 16.25202 43.51802 16.2521 43.51801 16.25217 43.51803 16.25225 43.51807 16.25247 43.51811 16.25267 43.51815 16.253 43.51802 16.25307 43.51826 16.2534 43.5183 16.25372 43.51831 16.2538 43.51829 16.25385 43.51789 16.25402 43.51793 16.2542 43.51838 16.25401 43.51842 16.25438 43.51843 16.25452 43.51818 16.25467 43.51823 16.25482 43.51844 16.25469 43.51848 16.25481 43.51845 16.25486 43.51829 16.25495 43.51833 16.25509 43.51855 16.25495 43.51869 16.25529 43.51851 16.25542 43.51857 16.25557 43.51874 16.25543 43.51887 16.25567 43.51873 16.25579 43.51877 16.25586 43.5189 16.25609 43.51902 16.25605 43.51907 16.25608 43.51915 16.25628 43.51929 16.25668 43.51936 16.25681 43.51945 16.2569 43.51958 16.25696 43.51971 16.257 43.51979 16.2571 43.51983 16.25721 43.51986 16.25729 43.51989 16.25736 43.52 16.25757 43.52006 16.25778 43.52009 16.25787 43.52022 16.25831 43.52034 16.25883 43.52053 16.25974 43.52054 16.25975 43.52063 16.26017 43.5207 16.26048 43.52081 16.26091 43.52087 16.26116 43.52097 16.26144 43.52111 16.2618 43.52144 16.26251 43.52162 16.26285 43.52165 16.26289 43.52177 16.26306 43.52199 16.26343 43.52204 16.26351 43.52229 16.26391 43.52236 16.26404 43.52253 16.26431 43.52262 16.26446 43.52275 16.26469 43.52281 16.2648 43.52275 16.26486 43.52286 16.26502 43.52292 16.26495 43.52305 16.26517 43.52318 16.26544 43.52323 16.26563 43.52322 16.26573 43.52322 16.26587 43.52327 16.26622 43.52336 16.26672 43.52348 16.26701 43.52358 16.26721 43.52363 16.2674 43.52361 16.26802 43.52337 16.26882 43.52336 16.26893 43.52339 16.26901 43.52343 16.26906 43.52356 16.26913 43.52359 16.2692 43.52358 16.26928 43.52348 16.26937 43.5234 16.26947 43.5234 16.26957 43.52348 16.26971 43.52368 16.26995 43.52375 16.27002 43.5238 16.27003 43.52389 16.27011 43.52402 16.27015 43.52407 16.27017 43.52409 16.27018 43.52415 16.27032 43.52426 16.27063 43.52426 16.27078 43.52429 16.27094 43.52432 16.27115 43.52432 16.27137 43.52433 16.27148 43.52436 16.27158 43.52448 16.27175 43.52461 16.27185 43.52476 16.27191 43.52483 16.27198 43.52493 16.27211 43.52506 16.27214 43.52525 16.27216 43.52535 16.27225 43.52559 16.27257 43.5257 16.27274 43.5257 16.27289 43.52568 16.27303 43.52564 16.27312 43.52548 16.27337 43.5254 16.27352 43.52533 16.27382 43.5253 16.27413 43.52534 16.2745 43.52539 16.27472 43.52543 16.27474 43.52564 16.27471 43.52571 16.27472 43.52573 16.27478 43.52573 16.2749 43.5256 16.27513 43.52559 16.27525 43.52578 16.27553 43.52592 16.27584 43.52591 16.27614 43.52584 16.2766 43.52587 16.27683 43.52594 16.27698 43.52609 16.27705 43.52624 16.27708 43.52635 16.27719 43.5264 16.27733 43.52644 16.27754 43.52647 16.27773 43.52647 16.27782 43.52644 16.27792 43.52639 16.27801 43.52628 16.27806 43.52614 16.27799 43.52596 16.27778 43.52583 16.27759 43.52568 16.27744 43.52557 16.27742 43.52548 16.27748 43.52543 16.27762 43.52541 16.27773 43.52543 16.27794 43.52549 16.27813 43.52557 16.27829 43.52565 16.27838 43.52575 16.27843 43.52611 16.27853 43.52634 16.27853 43.52647 16.27858 43.52659 16.27868 43.52662 16.27877 43.52666 16.27892 43.52678 16.27911 43.52679 16.27917 43.52676 16.27925 43.52664 16.27939 43.52652 16.27961 43.52642 16.27965 43.52636 16.2797 43.52632 16.27975 43.52632 16.27979 43.52634 16.27982 43.52641 16.27985 43.52647 16.2799 43.52647 16.28009 43.52644 16.28016 43.5264 16.28028 43.5263 16.28046 43.52625 16.28055 43.52626 16.28065 43.52628 16.2808 43.52631 16.28095 43.52637 16.28154 43.52637 16.28231 43.52632 16.2827 43.52623 16.2829 43.52608 16.28311 43.52603 16.28318 43.5259 16.28319 43.52582 16.28325 43.52577 16.28331 43.52576 16.28338 43.52576 16.28345 43.52581 16.28357 43.52589 16.28368 43.52592 16.28387 43.52591 16.284 43.52588 16.28421 43.52582 16.28439 43.5257 16.28464 43.52567 16.28482 43.52566 16.28506 43.52561 16.28543 43.52564 16.28566 43.52574 16.28588 43.52574 16.28602 43.52568 16.2862 43.52556 16.28648 43.52545 16.28656 43.52532 16.28652 43.5252 16.28653 43.52505 16.28661 43.525 16.28665 43.52494 16.28686 43.5249 16.28707 43.52479 16.28731 43.52475 16.28743 43.52471 16.28757 43.52471 16.2877 43.52474 16.28791 43.52482 16.28832 43.52484 16.28853 43.52487 16.2888 43.52492 16.28893 43.52506 16.28914 43.52516 16.28938 43.52522 16.28956 43.52524 16.28975 43.52525 16.28992 43.52539 16.29018 43.52545 16.29033 43.52555 16.2907 43.52566 16.29096 43.52581 16.29119 43.52592 16.29148 43.52592 16.2917 43.52592 16.29209 43.52592 16.29228 43.52574 16.29222 43.52572 16.29237 43.52592 16.29243 43.52591 16.29273 43.52584 16.29317 43.52579 16.29363 43.52574 16.294 43.5257 16.2943 43.52556 16.2943 43.52556 16.2946 43.52573 16.29462 43.52578 16.29487 43.52449 16.2945 43.52446 16.29469 43.52581 16.29505 43.52587 16.29512 43.52605 16.29523 43.52621 16.29532 43.52642 16.2954 43.52652 16.29547 43.52661 16.29556 43.52681 16.29578 43.52694 16.29622 43.52695 16.2966 43.52694 16.29687 43.527 16.29717 43.52707 16.29759 43.52713 16.29786 43.52714 16.2981 43.52709 16.29826 43.52696 16.29818 43.52692 16.29828 43.52707 16.29838 43.52712 16.29853 43.5272 16.29888 43.52722 16.29936 43.52729 16.2996 43.52747 16.30008 43.52753 16.30018 43.52759 16.3002 43.52766 16.30012 43.52772 16.30007 43.52781 16.30011 43.5284 16.30038 43.5287 16.30047 43.52901 16.30043 43.53001 16.29842 43.53366 16.29734 43.53379 16.29719 43.53475 16.29618 43.53549 16.29568 43.53569 16.29456 43.5364 16.29363 43.53727 16.29249 43.5374 16.29232 43.53819 16.29223 43.53854 16.29188 43.53928 16.29148 43.54017 16.29169 43.54096 16.29152 43.54155 16.29255 43.54192 16.29285 43.54249 16.29283 43.54366 16.29249 43.5437 16.29248 43.54378 16.29246 43.54551 16.29195 43.55005 16.29064 43.54997 16.2894 43.54991 16.2886 43.54962 16.28708 43.54953 16.28559 43.55269 16.2853</gml:posList>
                        </gml:LinearRing>
                      </gml:exterior>
                    </gml:Polygon>
                  </gml:surfaceMember>
                  <gml:surfaceMember>
                    <gml:Polygon gml:id="MEDIA_MONITORED_CILJ_ID_1_CILJ_ID_5_POLUTANT_3_MODEL_287">
                      <gml:exterior>
                        <gml:LinearRing>
                          <gml:posList srsDimension="2">43.53613 16.44387 43.53615 16.44391 43.53619 16.44393 43.53622 16.44393 43.53625 16.44387 43.53625 16.4438 43.53624 16.44377 43.53621 16.44372 43.53619 16.4437 43.53615 16.44371 43.53612 16.44377 43.53613 16.44387</gml:posList>
                        </gml:LinearRing>
                      </gml:exterior>
                    </gml:Polygon>
                  </gml:surfaceMember>
                  <gml:surfaceMember>
                    <gml:Polygon gml:id="MEDIA_MONITORED_CILJ_ID_1_CILJ_ID_5_POLUTANT_3_MODEL_288">
                      <gml:exterior>
                        <gml:LinearRing>
                          <gml:posList srsDimension="2">43.44218 16.17847 43.44216 16.17808 43.44208 16.17783 43.4419 16.17753 43.44172 16.1775 43.44121 16.17782 43.44116 16.17782 43.44114 16.17777 43.44111 16.17764 43.44106 16.1776 43.44099 16.17763 43.44097 16.17774 43.44096 16.17791 43.44092 16.17796 43.44062 16.17803 43.44051 16.1781 43.44034 16.17837 43.44028 16.17871 43.44028 16.17913 43.44026 16.17949 43.44027 16.1799 43.44041 16.18007 43.44058 16.18013 43.44086 16.18013 43.44104 16.18011 43.44151 16.17985 43.44166 16.17973 43.44201 16.17922 43.44216 16.17877 43.44216 16.17865 43.44218 16.17847</gml:posList>
                        </gml:LinearRing>
                      </gml:exterior>
                    </gml:Polygon>
                  </gml:surfaceMember>
                  <gml:surfaceMember>
                    <gml:Polygon gml:id="MEDIA_MONITORED_CILJ_ID_1_CILJ_ID_5_POLUTANT_3_MODEL_289">
                      <gml:exterior>
                        <gml:LinearRing>
                          <gml:posList srsDimension="2">43.59945 16.34836 43.5996 16.34685 43.59826 16.34623 43.59807 16.34615 43.59803 16.34533 43.59728 16.34446 43.59555 16.34371 43.59372 16.34365 43.5794 16.34213 43.58098 16.32604 43.58313 16.31509 43.58394 16.31238 43.58448 16.30961 43.58454 16.30845 43.58459 16.30766 43.58428 16.30594 43.58385 16.3035 43.58379 16.29906 43.58696 16.28994 43.58723 16.28915 43.58762 16.28804 43.58524 16.28489 43.58381 16.283 43.58031 16.27837 43.57596 16.27713 43.56757 16.27232 43.55878 16.2631 43.55874 16.26369 43.5557 16.26083 43.55586 16.25974 43.55582 16.25923 43.55558 16.25592 43.55532 16.25237 43.55028 16.24698 43.55071 16.2501 43.55078 16.25095 43.55082 16.25134 43.55082 16.2514 43.55088 16.25209 43.55058 16.25262 43.55028 16.25313 43.5468 16.25646 43.55183 16.26388 43.5519 16.26427 43.5519 16.2643 43.55196 16.26463 43.55205 16.26515 43.5519 16.2662 43.5521 16.2678 43.55274 16.26958 43.55292 16.27147 43.55345 16.27445 43.55411 16.27859 43.55432 16.28103 43.55468 16.28215 43.55476 16.28261 43.5548 16.28281 43.55469 16.28338 43.55436 16.28443 43.55377 16.28506 43.55269 16.2853 43.54953 16.28559 43.54962 16.28708 43.54991 16.2886 43.54997 16.2894 43.55005 16.29064 43.54551 16.29195 43.54378 16.29246 43.5437 16.29248 43.54366 16.29249 43.54249 16.29283 43.54192 16.29285 43.54155 16.29255 43.54096 16.29152 43.54017 16.29169 43.53928 16.29148 43.53854 16.29188 43.53819 16.29223 43.5374 16.29232 43.53727 16.29249 43.5364 16.29363 43.53569 16.29456 43.53549 16.29568 43.53475 16.29618 43.53379 16.29719 43.53366 16.29734 43.53001 16.29842 43.52901 16.30043 43.52905 16.30043 43.52914 16.30048 43.52923 16.3006 43.52938 16.30085 43.52948 16.30103 43.52947 16.3012 43.52916 16.30134 43.52921 16.30154 43.52943 16.30145 43.52958 16.30144 43.52976 16.30147 43.52991 16.30158 43.53007 16.30175 43.53016 16.30184 43.53029 16.30188 43.53042 16.30184 43.53052 16.30187 43.53111 16.30244 43.53129 16.30274 43.53136 16.30291 43.53144 16.30308 43.53144 16.30325 43.5314 16.30348 43.53136 16.30365 43.53106 16.30372 43.53108 16.30393 43.53128 16.3039 43.5314 16.30389 43.53148 16.30407 43.53156 16.30427 43.5315 16.30435 43.53135 16.30439 43.53138 16.30455 43.53155 16.30451 43.5316 16.30449 43.5317 16.30449 43.53176 16.30455 43.53183 16.30475 43.53198 16.30496 43.53215 16.30504 43.53225 16.30513 43.53232 16.30525 43.53234 16.30537 43.53246 16.30554 43.53278 16.30573 43.53285 16.30583 43.53292 16.30601 43.53303 16.30608 43.53316 16.30625 43.53316 16.30632 43.533 16.30657 43.53302 16.30665 43.53306 16.30673 43.53323 16.30681 43.53335 16.30682 43.53355 16.30682 43.53364 16.30684 43.53369 16.30687 43.53372 16.30694 43.53378 16.30699 43.53387 16.30698 43.53399 16.30693 43.53416 16.30682 43.53456 16.30685 43.53495 16.3069 43.53509 16.30698 43.53519 16.30706 43.53532 16.30708 43.53582 16.30719 43.53618 16.30741 43.5364 16.3076 43.53653 16.30778 43.53658 16.30796 43.53661 16.30812 43.53665 16.30818 43.5367 16.30819 43.53678 16.30815 43.53688 16.30804 43.53702 16.30823 43.53681 16.30851 43.53692 16.30866 43.53706 16.30849 43.53715 16.30833 43.5372 16.30828 43.53725 16.30834 43.53725 16.30845 43.53727 16.30854 43.5373 16.30863 43.53738 16.30864 43.53746 16.30862 43.53755 16.30874 43.53738 16.30915 43.53749 16.30926 43.53767 16.30893 43.53785 16.30888 43.53794 16.30889 43.53809 16.30899 43.53837 16.30915 43.53865 16.30933 43.53879 16.30943 43.53892 16.30953 43.53904 16.30973 43.53912 16.30995 43.53911 16.31018 43.53904 16.31042 43.53901 16.31068 43.53902 16.31086 43.53907 16.31105 43.53917 16.31123 43.53937 16.31143 43.53968 16.31192 43.53978 16.31223 43.53984 16.31253 43.5399 16.31272 43.53974 16.3129 43.53961 16.31293 43.53963 16.31314 43.53991 16.31308 43.53996 16.31322 43.54 16.31358 43.53984 16.31367 43.53989 16.31383 43.54007 16.31377 43.54019 16.31395 43.54026 16.31411 43.54028 16.31425 43.54011 16.31438 43.54018 16.31454 43.54033 16.31444 43.5404 16.31439 43.54046 16.31444 43.54056 16.31478 43.5406 16.31499 43.54063 16.3153 43.54065 16.31557 43.54069 16.31585 43.54074 16.31605 43.54038 16.31621 43.54014 16.31653 43.54004 16.31655 43.53999 16.31645 43.53996 16.31625 43.5398 16.3163 43.53983 16.31659 43.53991 16.31687 43.5403 16.31675 43.54034 16.31658 43.54039 16.31649 43.5405 16.31639 43.54076 16.31627 43.54089 16.31631 43.5412 16.31671 43.5413 16.31691 43.54129 16.31712 43.54118 16.3173 43.54109 16.31737 43.54098 16.31738 43.54089 16.31744 43.54087 16.3175 43.54091 16.31759 43.54099 16.31762 43.54111 16.31763 43.54129 16.3179 43.54136 16.31811 43.54142 16.31841 43.54143 16.31845 43.5415 16.31862 43.5416 16.31881 43.54167 16.31889 43.54166 16.31902 43.5414 16.31922 43.54148 16.31936 43.54168 16.3192 43.54178 16.31926 43.54179 16.31953 43.54176 16.31974 43.54155 16.3197 43.54154 16.31987 43.54173 16.31992 43.54181 16.31998 43.54183 16.32021 43.54171 16.32027 43.5416 16.32027 43.54159 16.32044 43.54177 16.32047 43.54185 16.32049 43.54192 16.32061 43.54195 16.32072 43.54194 16.32082 43.54185 16.32085 43.54175 16.3209 43.54173 16.32104 43.54176 16.32116 43.5422 16.32169 43.54234 16.32183 43.54253 16.32196 43.5427 16.32213 43.54281 16.32229 43.54286 16.32244 43.54307 16.32272 43.54324 16.32295 43.54349 16.32332 43.54357 16.32346 43.54365 16.32356 43.54373 16.32373 43.54379 16.32388 43.54383 16.32413 43.54388 16.3243 43.54402 16.32446 43.54417 16.3246 43.54474 16.32559 43.5451 16.32616 43.54534 16.32678 43.54553 16.32726 43.54576 16.32766 43.54576 16.32786 43.54574 16.32805 43.54571 16.32822 43.5457 16.32836 43.54566 16.32849 43.5455 16.32858 43.54538 16.32867 43.54547 16.32883 43.54578 16.32878 43.54586 16.32887 43.54621 16.32955 43.54583 16.33002 43.54592 16.33015 43.5461 16.32998 43.54622 16.32994 43.54629 16.32994 43.54634 16.33003 43.54635 16.33007 43.54638 16.33025 43.54636 16.33045 43.54632 16.33044 43.54632 16.33034 43.54619 16.33035 43.54618 16.33062 43.54622 16.33078 43.54626 16.33094 43.54632 16.33107 43.5464 16.33114 43.54655 16.33118 43.54671 16.33129 43.54686 16.33134 43.547 16.33143 43.54722 16.33171 43.54736 16.33193 43.54746 16.33222 43.54757 16.33248 43.54764 16.33267 43.54773 16.33286 43.54778 16.33305 43.54787 16.33328 43.54789 16.33344 43.54786 16.33359 43.54782 16.33382 43.54777 16.33403 43.5478 16.33439 43.54778 16.33475 43.54773 16.33498 43.54758 16.33525 43.54752 16.33547 43.54754 16.3357 43.54757 16.3359 43.54766 16.33624 43.54776 16.33675 43.54776 16.33701 43.54767 16.33718 43.54762 16.33732 43.54762 16.33735 43.54764 16.33756 43.54767 16.33779 43.54765 16.33805 43.54768 16.33886 43.5475 16.33886 43.54731 16.33818 43.54707 16.33771 43.54696 16.3378 43.54711 16.33809 43.54721 16.33835 43.54736 16.33891 43.54729 16.33901 43.54737 16.33949 43.54777 16.33943 43.5485 16.34038 43.54924 16.34136 43.54924 16.34168 43.54939 16.34171 43.5494 16.3419 43.54942 16.3422 43.54949 16.34276 43.54947 16.34297 43.54932 16.34306 43.54951 16.34364 43.54963 16.34406 43.54965 16.34413 43.54974 16.34443 43.54986 16.34478 43.54991 16.34504 43.54988 16.34511 43.54977 16.34515 43.54915 16.34494 43.54909 16.34528 43.54957 16.34543 43.54967 16.34584 43.54993 16.34572 43.55032 16.34627 43.55044 16.34648 43.55082 16.34713 43.551 16.34763 43.55103 16.34783 43.55101 16.34806 43.55094 16.34821 43.55086 16.34837 43.55086 16.34849 43.55097 16.34864 43.55105 16.34887 43.55105 16.34929 43.55102 16.35028 43.55099 16.3515 43.55096 16.35157 43.55087 16.35162 43.55078 16.35175 43.55077 16.35181 43.55078 16.35186 43.55085 16.3519 43.55101 16.35205 43.55101 16.35254 43.55101 16.35284 43.55101 16.35304 43.55093 16.35306 43.55093 16.35317 43.55099 16.35318 43.55097 16.35374 43.55087 16.35378 43.55086 16.35308 43.55076 16.35309 43.55076 16.35397 43.55092 16.35395 43.55097 16.35396 43.55097 16.35413 43.55098 16.35431 43.5509 16.35432 43.5509 16.35465 43.55078 16.35465 43.55078 16.3548 43.55087 16.35479 43.55082 16.35508 43.55076 16.35508 43.55068 16.35504 43.55065 16.35518 43.55072 16.35522 43.55066 16.35547 43.55031 16.35517 43.55023 16.35538 43.55053 16.3556 43.55056 16.35565 43.55057 16.35595 43.5507 16.35596 43.55076 16.35611 43.55112 16.35704 43.55126 16.35756 43.55126 16.35786 43.55121 16.35803 43.55119 16.35828 43.55106 16.35827 43.55105 16.35808 43.55091 16.35807 43.55097 16.35848 43.55131 16.35849 43.55136 16.35863 43.55126 16.35868 43.5513 16.3589 43.55139 16.35886 43.55141 16.35902 43.55117 16.35908 43.55115 16.35977 43.55111 16.35997 43.55105 16.36027 43.5509 16.36076 43.55075 16.36066 43.55068 16.36082 43.55082 16.36094 43.55074 16.36106 43.55054 16.36108 43.55062 16.36161 43.55063 16.36211 43.55047 16.36256 43.5503 16.36292 43.55016 16.36321 43.5499 16.36332 43.54994 16.3635 43.55029 16.36334 43.55041 16.36333 43.55046 16.3634 43.55047 16.36348 43.55056 16.364 43.55056 16.36464 43.55059 16.36508 43.55038 16.36504 43.55032 16.36429 43.55019 16.36408 43.55001 16.36397 43.5497 16.36386 43.54968 16.36402 43.54996 16.36412 43.55018 16.36431 43.55022 16.36448 43.55025 16.36475 43.55024 16.36514 43.55019 16.36562 43.5504 16.36574 43.5505 16.366 43.55047 16.36652 43.55046 16.36667 43.55042 16.36706 43.55035 16.36762 43.55021 16.36801 43.55004 16.36826 43.54981 16.36826 43.5498 16.36842 43.54989 16.36843 43.54997 16.36845 43.54995 16.36871 43.54975 16.36869 43.54975 16.36883 43.54989 16.36886 43.54989 16.36906 43.54971 16.36907 43.54971 16.36923 43.54981 16.36925 43.54971 16.36962 43.54964 16.36961 43.54964 16.36977 43.5497 16.36978 43.54982 16.36997 43.54981 16.37018 43.54983 16.37032 43.54985 16.37039 43.54986 16.3705 43.54985 16.37067 43.54984 16.37069 43.5498 16.37108 43.54975 16.37141 43.54971 16.3716 43.5497 16.37182 43.54964 16.37204 43.5496 16.37225 43.54952 16.37255 43.54947 16.3727 43.5494 16.37301 43.54938 16.37324 43.54935 16.37353 43.54932 16.37377 43.54929 16.37404 43.54926 16.37445 43.54925 16.37465 43.54923 16.37485 43.54922 16.37492 43.54915 16.37539 43.54908 16.37566 43.54905 16.3758 43.54905 16.37586 43.54905 16.37595 43.549 16.37613 43.54892 16.37631 43.54875 16.37658 43.54866 16.37662 43.54855 16.37671 43.54847 16.37672 43.5484 16.37677 43.5483 16.37695 43.54822 16.3771 43.54814 16.37722 43.54808 16.37737 43.54806 16.37766 43.54803 16.37776 43.54801 16.3778 43.54791 16.37784 43.54794 16.37796 43.54804 16.37791 43.54809 16.37794 43.54812 16.37805 43.5482 16.3782 43.54827 16.3784 43.54836 16.37861 43.54841 16.37868 43.54845 16.37888 43.54852 16.37915 43.54854 16.37927 43.54854 16.37948 43.54851 16.3795 43.54839 16.37951 43.54839 16.37964 43.54855 16.37964 43.54858 16.37973 43.5486 16.37996 43.54862 16.38013 43.54865 16.38023 43.54864 16.38034 43.54861 16.38043 43.54857 16.38046 43.54844 16.38047 43.54845 16.38059 43.54859 16.38059 43.54862 16.38063 43.54864 16.38073 43.54868 16.38086 43.5487 16.38092 43.54873 16.38102 43.54875 16.3811 43.54875 16.38127 43.54869 16.38138 43.54851 16.3814 43.54851 16.38149 43.54871 16.38149 43.54873 16.38149 43.54875 16.38153 43.54876 16.38159 43.54875 16.38195 43.54871 16.38227 43.5487 16.38245 43.5487 16.38266 43.54868 16.38283 43.54866 16.38288 43.54864 16.3829 43.54859 16.38294 43.54855 16.38308 43.54852 16.38323 43.54848 16.38336 43.54846 16.38344 43.54838 16.38347 43.54837 16.38419 43.54855 16.38421 43.54858 16.38425 43.54858 16.38441 43.54853 16.38465 43.54852 16.38477 43.54838 16.38477 43.54838 16.38453 43.54829 16.38455 43.54827 16.38503 43.54825 16.38505 43.54823 16.38534 43.54823 16.38549 43.54826 16.38552 43.54827 16.38562 43.54823 16.38575 43.54818 16.38584 43.54815 16.38588 43.5481 16.3859 43.54771 16.38579 43.54769 16.38591 43.54802 16.38603 43.54804 16.38604 43.54805 16.38627 43.5481 16.38637 43.5481 16.38653 43.54807 16.38674 43.54805 16.38689 43.54808 16.38704 43.54812 16.3872 43.54821 16.38736 43.54824 16.38749 43.54826 16.38754 43.54826 16.3877 43.54824 16.38819 43.54825 16.38826 43.54827 16.38828 43.54827 16.38898 43.54823 16.38909 43.54819 16.38919 43.5481 16.38936 43.54805 16.38945 43.54798 16.38954 43.54789 16.38964 43.54778 16.38978 43.54765 16.38996 43.54758 16.39007 43.54753 16.3902 43.54751 16.39032 43.54751 16.39041 43.54757 16.39053 43.54768 16.39071 43.54769 16.39075 43.54778 16.39092 43.54784 16.39101 43.5479 16.39107 43.54796 16.39117 43.548 16.39119 43.54808 16.39116 43.54813 16.39114 43.54824 16.39128 43.54836 16.39154 43.5484 16.39172 43.54842 16.39198 43.54841 16.39203 43.5484 16.39227 43.54829 16.39257 43.54814 16.39313 43.54805 16.39372 43.54794 16.39433 43.54787 16.3947 43.54781 16.39504 43.54781 16.39514 43.54782 16.39519 43.5478 16.39532 43.54776 16.39542 43.54766 16.39542 43.54766 16.39504 43.54758 16.39504 43.54758 16.39497 43.54749 16.39497 43.54748 16.39515 43.54753 16.39515 43.54757 16.3952 43.54757 16.39524 43.54757 16.39559 43.54774 16.39561 43.54777 16.39562 43.54779 16.39567 43.54779 16.3957 43.54777 16.39573 43.5476 16.39572 43.54749 16.39612 43.54759 16.39631 43.54765 16.39639 43.5476 16.39645 43.54749 16.39637 43.54731 16.39655 43.54736 16.39668 43.54747 16.39658 43.54752 16.39663 43.54755 16.39673 43.54758 16.39686 43.54757 16.39722 43.54751 16.3975 43.54751 16.39752 43.54749 16.39771 43.54747 16.39787 43.54747 16.39804 43.54746 16.39814 43.54741 16.39818 43.54729 16.39816 43.54728 16.39829 43.5474 16.3983 43.54743 16.39839 43.54741 16.3991 43.54725 16.3991 43.54725 16.39923 43.54741 16.39923 43.5474 16.39942 43.54724 16.39943 43.54724 16.39957 43.54743 16.39958 43.54743 16.39971 43.54738 16.3998 43.54721 16.39982 43.54722 16.39993 43.54732 16.39993 43.54736 16.39998 43.54736 16.40021 43.54737 16.40043 43.54737 16.40053 43.54735 16.40058 43.54733 16.40059 43.54717 16.40056 43.54717 16.40068 43.54735 16.40071 43.54735 16.40079 43.54734 16.40089 43.54731 16.40095 43.5473 16.40097 43.54729 16.40098 43.54692 16.40095 43.54692 16.40109 43.54725 16.40113 43.54726 16.4012 43.54725 16.40127 43.54721 16.40136 43.54717 16.40144 43.54716 16.40148 43.54713 16.40151 43.54708 16.40152 43.54703 16.40157 43.54701 16.40161 43.54699 16.40162 43.54691 16.40157 43.54688 16.40167 43.54698 16.40176 43.54699 16.40181 43.54699 16.40186 43.54697 16.40189 43.54694 16.40193 43.54687 16.40193 43.54679 16.40195 43.54676 16.40224 43.54669 16.40253 43.54663 16.40277 43.5467 16.40281 43.54675 16.40265 43.54681 16.40265 43.54681 16.40275 43.54678 16.40288 43.54674 16.40298 43.54671 16.40308 43.54669 16.40314 43.54667 16.40315 43.54657 16.40307 43.54652 16.40317 43.54662 16.40328 43.54663 16.40333 43.54659 16.40337 43.54658 16.40341 43.54657 16.40348 43.54654 16.40351 43.54648 16.40346 43.54643 16.40341 43.54636 16.40351 43.54646 16.40361 43.54648 16.40364 43.54646 16.40368 43.54639 16.40373 43.54634 16.40375 43.54623 16.40364 43.54618 16.4037 43.54623 16.4038 43.54623 16.40382 43.54617 16.40388 43.54608 16.40392 43.5458 16.40394 43.54562 16.40389 43.54555 16.40385 43.54548 16.40384 43.54543 16.40384 43.5454 16.40391 43.54541 16.40416 43.54552 16.40423 43.54594 16.40424 43.54612 16.40424 43.54625 16.40429 43.54636 16.40438 43.54645 16.40456 43.54652 16.4047 43.54653 16.40478 43.54656 16.40481 43.54656 16.40492 43.54651 16.40517 43.54647 16.40539 43.54645 16.40553 43.54643 16.40559 43.54642 16.40562 43.54631 16.40551 43.54626 16.40561 43.54637 16.40573 43.54644 16.40583 43.54643 16.40598 43.54628 16.40611 43.54597 16.40642 43.54587 16.40626 43.5458 16.40633 43.54587 16.40644 43.54584 16.4065 43.54576 16.4066 43.54558 16.4068 43.54545 16.40695 43.54537 16.4071 43.54531 16.40737 43.5453 16.40759 43.54522 16.40782 43.54507 16.40807 43.54504 16.40829 43.54501 16.40854 43.54496 16.40881 43.54494 16.40889 43.54493 16.40918 43.5449 16.40941 43.54486 16.40956 43.54479 16.4096 43.54456 16.40958 43.54455 16.40967 43.54396 16.40972 43.54396 16.41008 43.54404 16.41009 43.54404 16.40987 43.54409 16.40984 43.54449 16.4098 43.54454 16.4099 43.54461 16.40992 43.54467 16.40992 43.54472 16.40999 43.54471 16.41035 43.54471 16.4106 43.54479 16.4109 43.5449 16.41105 43.54505 16.41113 43.54518 16.41127 43.54524 16.41144 43.54526 16.41168 43.54523 16.41181 43.54515 16.41194 43.54501 16.41217 43.54488 16.41242 43.54482 16.41261 43.54478 16.41288 43.54478 16.41311 43.54483 16.41331 43.54489 16.41343 43.54497 16.41344 43.54507 16.41334 43.54517 16.41325 43.5452 16.41327 43.54525 16.41332 43.54523 16.41363 43.5452 16.41406 43.54517 16.41443 43.54516 16.41474 43.54508 16.41498 43.54507 16.41579 43.54512 16.41581 43.54517 16.41576 43.54522 16.41591 43.54526 16.41621 43.54526 16.41623 43.54526 16.41664 43.54532 16.41719 43.54537 16.41741 43.54541 16.41755 43.54553 16.41769 43.54567 16.41774 43.54575 16.41777 43.54583 16.41801 43.54586 16.41829 43.54582 16.41855 43.54571 16.41885 43.54556 16.4191 43.54533 16.41934 43.54513 16.41948 43.54492 16.41956 43.54487 16.41958 43.54475 16.41963 43.54469 16.41981 43.54471 16.42004 43.54482 16.42021 43.54502 16.42046 43.54518 16.42066 43.54535 16.42084 43.54552 16.42125 43.54561 16.42165 43.54571 16.42215 43.54574 16.42228 43.54581 16.42269 43.54587 16.42306 43.5459 16.42347 43.54592 16.42367 43.54589 16.42402 43.54581 16.42432 43.54573 16.42468 43.54567 16.42497 43.54566 16.42499 43.54528 16.42501 43.54531 16.42481 43.54517 16.4248 43.54503 16.42567 43.54483 16.42669 43.54468 16.42748 43.54469 16.42759 43.54467 16.42771 43.54459 16.42794 43.54456 16.42804 43.54456 16.42808 43.54455 16.42817 43.54457 16.42818 43.5446 16.42818 43.54491 16.42798 43.54513 16.42783 43.54528 16.42772 43.54539 16.42766 43.54547 16.4277 43.54557 16.42784 43.54561 16.42801 43.54559 16.42851 43.54547 16.42893 43.54537 16.42929 43.5453 16.4295 43.54526 16.42969 43.54524 16.42997 43.54523 16.43028 43.54525 16.43046 43.54524 16.43067 43.5451 16.4309 43.545 16.43107 43.54487 16.43131 43.54478 16.43147 43.54474 16.43154 43.54472 16.43158 43.54447 16.43154 43.54445 16.43166 43.54466 16.43171 43.54473 16.4318 43.54477 16.43224 43.54479 16.43234 43.54483 16.43259 43.54486 16.43275 43.54489 16.4329 43.54489 16.43313 43.54471 16.43366 43.54463 16.43384 43.54462 16.43387 43.54456 16.43389 43.5445 16.4339 43.54446 16.43396 43.54443 16.43419 43.54438 16.43446 43.54427 16.4347 43.54413 16.43488 43.54403 16.43498 43.54396 16.43512 43.54399 16.43538 43.54405 16.43547 43.54412 16.43562 43.54413 16.43563 43.54413 16.43567 43.54398 16.43583 43.54404 16.43596 43.54418 16.43583 43.54422 16.43584 43.54426 16.4359 43.54428 16.436 43.5443 16.43609 43.5443 16.43616 43.54429 16.43636 43.54423 16.43648 43.54416 16.43666 43.54408 16.43676 43.544 16.43691 43.54394 16.43698 43.5439 16.43698 43.54385 16.43699 43.54384 16.437 43.54382 16.43675 43.54374 16.43676 43.54375 16.43702 43.54373 16.43705 43.54369 16.43705 43.54364 16.43702 43.54358 16.43699 43.54349 16.43695 43.54338 16.43701 43.54334 16.43703 43.54319 16.43688 43.54313 16.43699 43.54323 16.43708 43.54325 16.43713 43.5432 16.43721 43.5431 16.43745 43.54307 16.43759 43.54315 16.43766 43.54316 16.43787 43.54317 16.43794 43.54306 16.43802 43.54304 16.43802 43.54299 16.43795 43.54292 16.43805 43.54308 16.43826 43.54288 16.43852 43.54272 16.43832 43.54265 16.4384 43.54279 16.4386 43.54277 16.43865 43.54273 16.4387 43.54268 16.43878 43.54264 16.43883 43.54257 16.43892 43.54255 16.43895 43.54251 16.43901 43.54246 16.4391 43.54245 16.43912 43.54239 16.43919 43.54238 16.43919 43.54234 16.43919 43.54236 16.43876 43.54225 16.43877 43.54224 16.43915 43.54224 16.43919 43.54223 16.43919 43.54213 16.43916 43.54211 16.43914 43.542 16.43903 43.54191 16.43887 43.54178 16.43861 43.54165 16.4384 43.54152 16.43827 43.54142 16.43819 43.54125 16.43804 43.54102 16.43795 43.54086 16.4379 43.54064 16.43789 43.54048 16.43793 43.54011 16.43804 43.53992 16.43814 43.53975 16.43826 43.53955 16.43851 43.53948 16.4386 43.53938 16.43871 43.53931 16.43872 43.53927 16.43869 43.53883 16.43924 43.53875 16.43956 43.53873 16.43998 43.53875 16.4405 43.53878 16.44102 43.53879 16.44157 43.53881 16.44192 43.53882 16.4421 43.53886 16.44219 43.53892 16.44222 43.53895 16.44225 43.53898 16.44236 43.53901 16.44274 43.53905 16.443 43.53906 16.44326 43.53899 16.44353 43.53896 16.4437 43.53901 16.44404 43.53903 16.44443 43.53905 16.44454 43.53905 16.44467 43.53904 16.44484 43.53902 16.44487 43.53896 16.4449 43.53889 16.44509 43.53887 16.44537 43.53879 16.44561 43.53867 16.44584 43.53856 16.44597 43.53842 16.44601 43.53824 16.44597 43.53814 16.44601 43.5381 16.44606 43.53809 16.44619 43.53802 16.44625 43.53794 16.44632 43.5379 16.4464 43.53792 16.44648 43.538 16.44665 43.53809 16.44677 43.53817 16.44689 43.53825 16.44695 43.53834 16.4471 43.53836 16.44718 43.53824 16.44741 43.53803 16.44772 43.53795 16.44799 43.53793 16.44826 43.53803 16.44877 43.53804 16.44917 43.53797 16.4496 43.53787 16.45016 43.53783 16.45061 43.53776 16.45137 43.53776 16.45156 43.53781 16.45194 43.53786 16.45238 43.53783 16.45282 43.53771 16.45307 43.53757 16.45328 43.53751 16.45341 43.5375 16.45364 43.53757 16.45435 43.53761 16.45459 43.53723 16.45472 43.53737 16.4557 43.53768 16.45563 43.53773 16.45581 43.5379 16.45688 43.53803 16.45691 43.53822 16.45729 43.53838 16.45768 43.53841 16.45778 43.53837 16.45795 43.53732 16.45795 43.5373 16.45886 43.5384 16.45894 43.53844 16.45898 43.53843 16.45944 43.53861 16.45946 43.53864 16.45951 43.53864 16.4597 43.53862 16.45974 43.53852 16.45972 43.53847 16.45976 43.53844 16.45991 43.53844 16.46002 43.53839 16.46011 43.53834 16.46029 43.53835 16.46043 43.53845 16.46063 43.5385 16.46075 43.53852 16.46091 43.53846 16.46112 43.53826 16.46131 43.53787 16.46155 43.53772 16.46164 43.53767 16.46171 43.53981 16.46194 43.54135 16.46103 43.54177 16.46079 43.54184 16.46073 43.54189 16.46071 43.54197 16.46066 43.54356 16.46023 43.54444 16.4589 43.54459 16.45796 43.54496 16.45772 43.54498 16.45772 43.5454 16.45765 43.54557 16.45761 43.54695 16.45819 43.54768 16.45837 43.54846 16.45855 43.54927 16.45875 43.54928 16.45875 43.54943 16.45879 43.54956 16.45882 43.54973 16.45886 43.55222 16.45946 43.55231 16.45945 43.55337 16.45931 43.55378 16.45839 43.55464 16.45812 43.55668 16.44741 43.55711 16.44713 43.55741 16.44693 43.55773 16.44671 43.55785 16.44637 43.55815 16.44554 43.56216 16.44651 43.56311 16.44468 43.5643 16.44156 43.56765 16.43788 43.56776 16.43584 43.56988 16.43096 43.56908 16.42981 43.57031 16.41939 43.57105 16.4132 43.57073 16.40888 43.57072 16.40828 43.57066 16.40369 43.57108 16.40151 43.57153 16.39915 43.57352 16.38879 43.57432 16.38339 43.57511 16.37801 43.57517 16.37772 43.5752 16.37754 43.57601 16.37343 43.57753 16.37271 43.57816 16.37241 43.58087 16.37379 43.58629 16.37635 43.59767 16.37507 43.59838 16.37197 43.59849 16.37025 43.5986 16.3572 43.59945 16.34836</gml:posList>
                        </gml:LinearRing>
                      </gml:exterior>
                    </gml:Polygon>
                  </gml:surfaceMember>
                  <gml:surfaceMember>
                    <gml:Polygon gml:id="MEDIA_MONITORED_CILJ_ID_1_CILJ_ID_5_POLUTANT_3_MODEL_290">
                      <gml:exterior>
                        <gml:LinearRing>
                          <gml:posList srsDimension="2">43.45357 16.11235 43.4537 16.11253 43.45386 16.11259 43.45398 16.11263 43.45416 16.11258 43.4544 16.11226 43.45442 16.1122 43.45442 16.11212 43.45437 16.11202 43.45428 16.11196 43.45412 16.11192 43.4539 16.11193 43.45368 16.11197 43.45355 16.1121 43.45353 16.1122 43.45357 16.11235</gml:posList>
                        </gml:LinearRing>
                      </gml:exterior>
                    </gml:Polygon>
                  </gml:surfaceMember>
                  <gml:surfaceMember>
                    <gml:Polygon gml:id="MEDIA_MONITORED_CILJ_ID_1_CILJ_ID_5_POLUTANT_3_MODEL_291">
                      <gml:exterior>
                        <gml:LinearRing>
                          <gml:posList srsDimension="2">43.50017 16.56505 43.50018 16.56504 43.50139 16.56385 43.50724 16.55809 43.50775 16.55758 43.50828 16.55705 43.51055 16.55477 43.51065 16.55464 43.51877 16.54406 43.51874 16.54393 43.51865 16.54365 43.51856 16.54366 43.5185 16.54367 43.51824 16.5437 43.51775 16.54351 43.51686 16.54303 43.5166 16.5426 43.51642 16.54231 43.51628 16.54219 43.51616 16.54208 43.51587 16.54184 43.5156 16.54161 43.51552 16.54154 43.51521 16.54127 43.51374 16.54022 43.51338 16.53924 43.51333 16.53912 43.51272 16.53748 43.51085 16.53755 43.50873 16.5372 43.50872 16.53704 43.50871 16.53665 43.50781 16.53518 43.50671 16.53484 43.50645 16.53376 43.50645 16.53376 43.50623 16.53286 43.50572 16.53174 43.50571 16.53173 43.50559 16.53147 43.50503 16.53129 43.50484 16.53122 43.50471 16.53118 43.50443 16.53109 43.50441 16.53114 43.50438 16.53123 43.50433 16.53139 43.50429 16.53153 43.5042 16.53195 43.50417 16.53206 43.50414 16.53224 43.5041 16.53235 43.50408 16.53241 43.50405 16.53253 43.50399 16.53265 43.50389 16.53287 43.50385 16.533 43.50381 16.53308 43.50379 16.53313 43.50378 16.5332 43.50369 16.53334 43.50366 16.53339 43.50361 16.53344 43.50357 16.53347 43.50344 16.53358 43.50326 16.53375 43.50314 16.53384 43.50313 16.53384 43.50311 16.53383 43.50309 16.5338 43.50308 16.53376 43.50302 16.53368 43.50298 16.53365 43.50291 16.53363 43.50282 16.53365 43.50275 16.5337 43.50268 16.53376 43.50266 16.53377 43.50253 16.53378 43.50245 16.53376 43.5023 16.53376 43.50207 16.53379 43.50205 16.53381 43.50201 16.53381 43.50196 16.53382 43.50192 16.53384 43.50185 16.53389 43.50177 16.53396 43.5016 16.53415 43.50152 16.53423 43.5014 16.53434 43.50138 16.53435 43.50134 16.53435 43.50115 16.53433 43.50107 16.53434 43.50088 16.53432 43.50068 16.53433 43.50055 16.53437 43.50041 16.5344 43.50026 16.53447 43.5001 16.53451 43.49998 16.53467 43.49981 16.53472 43.49972 16.53465 43.49967 16.53425 43.49963 16.53418 43.49953 16.53417 43.49948 16.5341 43.49945 16.53404 43.49941 16.534 43.49935 16.534 43.49929 16.53408 43.49928 16.53418 43.49928 16.53433 43.49927 16.53441 43.49925 16.53447 43.49908 16.53478 43.4989 16.5349 43.49841 16.53548 43.49827 16.53558 43.49813 16.5356 43.49796 16.53554 43.49741 16.53558 43.49723 16.53565 43.4971 16.53571 43.49684 16.53578 43.49659 16.53591 43.49642 16.53595 43.49621 16.53598 43.49608 16.53607 43.49601 16.53615 43.49595 16.53614 43.49594 16.53613 43.4959 16.53608 43.49583 16.53598 43.49562 16.53586 43.49527 16.5356 43.49513 16.53554 43.49495 16.53555 43.49479 16.53566 43.49458 16.53579 43.49443 16.53591 43.4943 16.53602 43.49418 16.53609 43.49388 16.5363 43.49382 16.53641 43.49377 16.53653 43.49351 16.53675 43.49322 16.53701 43.49297 16.53717 43.49282 16.53717 43.49274 16.5371 43.49267 16.53698 43.49251 16.53672 43.49257 16.53658 43.49249 16.53651 43.4924 16.53672 43.49229 16.53699 43.4922 16.53714 43.4921 16.53706 43.49213 16.53698 43.49207 16.53691 43.49195 16.53716 43.4918 16.53755 43.4917 16.53784 43.49163 16.53798 43.49158 16.53813 43.49133 16.53882 43.49102 16.53846 43.49118 16.5381 43.49104 16.53797 43.49097 16.53813 43.49081 16.53802 43.49068 16.53835 43.491 16.53866 43.49093 16.53881 43.49108 16.53897 43.49093 16.53929 43.49077 16.5395 43.49061 16.53971 43.4905 16.53984 43.49017 16.54042 43.4899 16.54102 43.48978 16.54144 43.4895 16.54197 43.48943 16.54207 43.48917 16.54229 43.48899 16.54247 43.48876 16.54269 43.48845 16.54306 43.4882 16.54325 43.48816 16.54324 43.48811 16.54326 43.48804 16.54334 43.48792 16.54355 43.48787 16.54373 43.48786 16.54396 43.48782 16.54411 43.48777 16.54448 43.48777 16.54461 43.48772 16.54483 43.48767 16.54492 43.48751 16.54474 43.48745 16.54485 43.48761 16.54501 43.48756 16.54511 43.48739 16.54551 43.48707 16.54608 43.48647 16.54711 43.4858 16.54787 43.48544 16.54815 43.48531 16.5482 43.48501 16.54828 43.48493 16.54834 43.48479 16.54861 43.48466 16.54906 43.48459 16.54961 43.48455 16.55005 43.48445 16.55057 43.48437 16.55102 43.48435 16.55112 43.48426 16.55161 43.48416 16.55199 43.48404 16.55241 43.48379 16.55306 43.4837 16.55325 43.48355 16.55312 43.48351 16.55323 43.48363 16.55334 43.48355 16.5535 43.48341 16.55377 43.4832 16.55409 43.48272 16.55481 43.48256 16.55466 43.48251 16.55477 43.48265 16.5549 43.48222 16.55557 43.48203 16.55599 43.48185 16.55624 43.48148 16.55667 43.48121 16.55708 43.48115 16.55717 43.48103 16.55702 43.48097 16.5571 43.48109 16.55725 43.48101 16.55736 43.48092 16.55748 43.48081 16.55732 43.48074 16.55742 43.48085 16.55758 43.48081 16.55763 43.48035 16.55818 43.48029 16.55825 43.48016 16.55807 43.4801 16.55816 43.48023 16.55835 43.48017 16.55845 43.48005 16.55856 43.47988 16.55866 43.4794 16.55882 43.47933 16.55891 43.47928 16.55897 43.479 16.55947 43.47869 16.55985 43.47802 16.56056 43.47736 16.5611 43.47702 16.56153 43.47679 16.56139 43.47676 16.56129 43.47668 16.56134 43.47672 16.56146 43.47696 16.56163 43.47683 16.5618 43.47671 16.56192 43.4766 16.562 43.47646 16.56182 43.4764 16.56189 43.47655 16.56209 43.47647 16.56216 43.47629 16.56238 43.47605 16.56264 43.47514 16.56386 43.47498 16.56407 43.47474 16.56432 43.47446 16.56457 43.47424 16.56483 43.47419 16.56495 43.47418 16.56507 43.47419 16.56523 43.47414 16.56575 43.47409 16.56609 43.47404 16.56634 43.47396 16.56654 43.47374 16.56655 43.47374 16.56668 43.47394 16.56667 43.47389 16.5669 43.47382 16.56709 43.47371 16.56715 43.47366 16.56723 43.47364 16.56732 43.4736 16.56754 43.47313 16.56744 43.47315 16.56732 43.473 16.56728 43.47294 16.56762 43.47358 16.56778 43.47363 16.56823 43.47363 16.5684 43.47356 16.56865 43.47345 16.56896 43.47332 16.56923 43.47321 16.5694 43.47302 16.56975 43.47281 16.5701 43.47261 16.57054 43.4724 16.57081 43.47221 16.57113 43.47205 16.57151 43.47186 16.57182 43.47153 16.5722 43.47152 16.57221 43.47111 16.57262 43.47058 16.57325 43.4704 16.57342 43.47016 16.57363 43.46973 16.57403 43.46896 16.57462 43.46882 16.57477 43.46857 16.57517 43.4685 16.57537 43.46808 16.5762 43.46787 16.57652 43.46742 16.57705 43.46707 16.5777 43.46679 16.57804 43.46641 16.57844 43.46587 16.57922 43.46569 16.57952 43.46558 16.57965 43.46626 16.58177 43.4666 16.58218 43.46681 16.58244 43.46691 16.58249 43.46726 16.58263 43.46782 16.5834 43.46829 16.58403 43.46967 16.58591 43.471 16.58771 43.47144 16.58832 43.47192 16.58855 43.47227 16.58859 43.47304 16.58959 43.47312 16.58989 43.47317 16.59009 43.47356 16.59023 43.47356 16.59023 43.47397 16.59024 43.47433 16.59024 43.4747 16.59042 43.47518 16.59065 43.47678 16.59018 43.48778 16.5815 43.4899 16.57797 43.49264 16.57342 43.49281 16.57313 43.49727 16.56823 43.50017 16.56505</gml:posList>
                        </gml:LinearRing>
                      </gml:exterior>
                    </gml:Polygon>
                  </gml:surfaceMember>
                  <gml:surfaceMember>
                    <gml:Polygon gml:id="MEDIA_MONITORED_CILJ_ID_1_CILJ_ID_5_POLUTANT_3_MODEL_292">
                      <gml:exterior>
                        <gml:LinearRing>
                          <gml:posList srsDimension="2">43.52234 16.4155 43.52237 16.41558 43.5224 16.41562 43.52245 16.41564 43.52249 16.41561 43.52252 16.41557 43.52256 16.41549 43.52257 16.41539 43.52259 16.41529 43.52262 16.41515 43.52261 16.41504 43.5226 16.41497 43.52258 16.41489 43.52256 16.41486 43.52251 16.41486 43.52246 16.4149 43.52242 16.415 43.5224 16.41507 43.52238 16.41516 43.52236 16.41524 43.52235 16.41535 43.52234 16.4155</gml:posList>
                        </gml:LinearRing>
                      </gml:exterior>
                    </gml:Polygon>
                  </gml:surfaceMember>
                  <gml:surfaceMember>
                    <gml:Polygon gml:id="MEDIA_MONITORED_CILJ_ID_1_CILJ_ID_5_POLUTANT_3_MODEL_293">
                      <gml:exterior>
                        <gml:LinearRing>
                          <gml:posList srsDimension="2">43.53583 16.44778 43.53586 16.44782 43.5359 16.44782 43.53594 16.4478 43.53593 16.44775 43.53592 16.44769 43.53591 16.44765 43.53588 16.44764 43.53584 16.44766 43.53583 16.44769 43.53582 16.44773 43.53583 16.44778</gml:posList>
                        </gml:LinearRing>
                      </gml:exterior>
                    </gml:Polygon>
                  </gml:surfaceMember>
                  <gml:surfaceMember>
                    <gml:Polygon gml:id="MEDIA_MONITORED_CILJ_ID_1_CILJ_ID_5_POLUTANT_3_MODEL_294">
                      <gml:exterior>
                        <gml:LinearRing>
                          <gml:posList srsDimension="2">43.515 16.24743 43.5152 16.24825 43.51535 16.24914 43.51548 16.25012 43.51556 16.2506 43.51557 16.2507 43.51567 16.25107 43.51582 16.25159 43.51592 16.25192 43.51596 16.25194 43.5161 16.2519 43.51616 16.25194 43.51629 16.25213 43.51662 16.25261 43.51671 16.25261 43.518 16.25174 43.51805 16.25167 43.51807 16.25154 43.51807 16.25137 43.51805 16.25097 43.51803 16.25071 43.51799 16.25038 43.51797 16.25024 43.51794 16.25002 43.51794 16.24947 43.51789 16.24934 43.51746 16.24858 43.51648 16.24687 43.51643 16.24673 43.51632 16.24656 43.51621 16.24627 43.51608 16.24595 43.51589 16.24595 43.51576 16.24601 43.51565 16.24608 43.51556 16.24615 43.51542 16.24624 43.51526 16.24636 43.51515 16.24647 43.51512 16.2465 43.51501 16.24662 43.51495 16.2467 43.51489 16.24681 43.51487 16.24694 43.515 16.24743</gml:posList>
                        </gml:LinearRing>
                      </gml:exterior>
                    </gml:Polygon>
                  </gml:surfaceMember>
                  <gml:surfaceMember>
                    <gml:Polygon gml:id="MEDIA_MONITORED_CILJ_ID_1_CILJ_ID_5_POLUTANT_3_MODEL_295">
                      <gml:exterior>
                        <gml:LinearRing>
                          <gml:posList srsDimension="2">43.42905 16.12026 43.42907 16.12034 43.42907 16.12046 43.42912 16.12054 43.42915 16.12054 43.42921 16.12047 43.42921 16.12034 43.4292 16.12026 43.42915 16.12012 43.42915 16.12007 43.4291 16.12002 43.42907 16.12002 43.42903 16.12005 43.42901 16.12011 43.42905 16.12026</gml:posList>
                        </gml:LinearRing>
                      </gml:exterior>
                    </gml:Polygon>
                  </gml:surfaceMember>
                  <gml:surfaceMember>
                    <gml:Polygon gml:id="MEDIA_MONITORED_CILJ_ID_1_CILJ_ID_5_POLUTANT_3_MODEL_296">
                      <gml:exterior>
                        <gml:LinearRing>
                          <gml:posList srsDimension="2">43.41209 16.13601 43.4122 16.13616 43.4125 16.13624 43.41328 16.13623 43.41349 16.13618 43.41368 16.13609 43.41371 16.13609 43.41386 16.13602 43.41404 16.13585 43.41417 16.13565 43.41444 16.13479 43.41446 16.13462 43.41441 16.13447 43.41429 16.1343 43.41409 16.13417 43.41373 16.13417 43.41359 16.13424 43.4133 16.13433 43.41292 16.13462 43.41275 16.13484 43.41242 16.13515 43.41219 16.13547 43.41209 16.13576 43.41209 16.13601</gml:posList>
                        </gml:LinearRing>
                      </gml:exterior>
                    </gml:Polygon>
                  </gml:surfaceMember>
                  <gml:surfaceMember>
                    <gml:Polygon gml:id="MEDIA_MONITORED_CILJ_ID_1_CILJ_ID_5_POLUTANT_3_MODEL_297">
                      <gml:exterior>
                        <gml:LinearRing>
                          <gml:posList srsDimension="2">43.45569 16.07574 43.45578 16.07549 43.4558 16.07467 43.45579 16.0743 43.45571 16.074 43.45571 16.0737 43.4557 16.07252 43.45568 16.07238 43.45558 16.07212 43.45533 16.07187 43.45517 16.07177 43.45491 16.07174 43.45458 16.0718 43.45435 16.07176 43.45418 16.07169 43.45391 16.0716 43.45382 16.07153 43.45362 16.07125 43.45356 16.07112 43.45346 16.07101 43.45339 16.07095 43.45332 16.07085 43.45327 16.07063 43.45322 16.07026 43.4532 16.07013 43.45313 16.06996 43.45297 16.06976 43.4528 16.06966 43.45254 16.06955 43.45232 16.06954 43.45211 16.06945 43.45196 16.06928 43.45184 16.06909 43.45172 16.06899 43.45157 16.06899 43.45137 16.06909 43.45112 16.06909 43.45089 16.06895 43.45069 16.0689 43.45062 16.06885 43.45058 16.06878 43.45059 16.0686 43.45066 16.06842 43.4507 16.06828 43.45091 16.0677 43.45109 16.06733 43.45118 16.067 43.45119 16.06644 43.45126 16.06621 43.4514 16.06598 43.45155 16.06561 43.4516 16.06553 43.45186 16.06489 43.45195 16.06457 43.45201 16.06418 43.45202 16.06304 43.45201 16.06281 43.45197 16.0626 43.45186 16.06243 43.45172 16.06227 43.45103 16.06177 43.45092 16.06164 43.45072 16.06136 43.45058 16.06114 43.45053 16.06097 43.4505 16.06077 43.45051 16.06061 43.45054 16.06037 43.45069 16.05983 43.45083 16.05948 43.45115 16.0588 43.45122 16.0585 43.45137 16.05811 43.45148 16.05784 43.45159 16.0576 43.45164 16.05733 43.45165 16.057 43.45166 16.05665 43.45169 16.05632 43.45167 16.05604 43.45148 16.0556 43.45136 16.05537 43.4512 16.0549 43.45109 16.05467 43.45067 16.0541 43.45 16.05359 43.44913 16.05323 43.44846 16.05315 43.44812 16.05314 43.44799 16.05319 43.4475 16.05354 43.44714 16.05384 43.44674 16.05406 43.44653 16.05411 43.44642 16.05417 43.44593 16.05421 43.44589 16.05426 43.44587 16.05444 43.44582 16.05448 43.44577 16.05446 43.44573 16.05436 43.44568 16.05436 43.4456 16.05442 43.44552 16.05457 43.44547 16.05482 43.44549 16.05524 43.44563 16.05579 43.4458 16.05629 43.4461 16.05691 43.44623 16.05731 43.44644 16.05778 43.44649 16.05796 43.44677 16.05858 43.4473 16.05935 43.44739 16.05953 43.44745 16.0596 43.4478 16.06042 43.44792 16.0612 43.44793 16.06139 43.44788 16.06176 43.44773 16.06225 43.44751 16.06272 43.44736 16.06289 43.44722 16.06306 43.44624 16.06373 43.446 16.06395 43.44578 16.06424 43.44543 16.06468 43.44505 16.06524 43.44481 16.06583 43.44478 16.06603 43.44469 16.06721 43.44468 16.06792 43.44472 16.06818 43.44472 16.0686 43.44475 16.06892 43.4448 16.069 43.44492 16.06896 43.44498 16.06902 43.44498 16.06912 43.44493 16.06922 43.44482 16.06919 43.44475 16.06927 43.44474 16.06939 43.44481 16.06979 43.44497 16.07015 43.44513 16.07061 43.44537 16.0716 43.44548 16.07187 43.4456 16.07205 43.44567 16.0722 43.44574 16.07242 43.44577 16.07274 43.44581 16.07292 43.44584 16.07329 43.44584 16.074 43.44574 16.07457 43.44572 16.07509 43.44577 16.07541 43.44582 16.07554 43.44621 16.07604 43.44625 16.07616 43.44625 16.07623 43.44625 16.07631 43.44617 16.07661 43.44589 16.07734 43.4456 16.07805 43.44549 16.07842 43.44526 16.0795 43.44518 16.08005 43.44513 16.08056 43.44501 16.08114 43.44497 16.08185 43.44489 16.08217 43.4448 16.08244 43.44467 16.08266 43.44435 16.08282 43.44406 16.08289 43.44392 16.08282 43.44379 16.08267 43.44362 16.08231 43.44345 16.08212 43.44331 16.08185 43.44309 16.08147 43.44273 16.08099 43.44262 16.08074 43.44244 16.08049 43.44237 16.08044 43.44205 16.08031 43.4416 16.08025 43.44146 16.08013 43.44131 16.0801 43.4412 16.07996 43.44113 16.07996 43.44108 16.07999 43.44101 16.07997 43.44097 16.0799 43.44087 16.0798 43.44074 16.07977 43.44058 16.07967 43.4404 16.07967 43.44031 16.07961 43.44009 16.07963 43.44004 16.07958 43.43997 16.07958 43.43988 16.07968 43.43974 16.07967 43.43963 16.0796 43.43948 16.0796 43.43939 16.07967 43.4393 16.07967 43.43914 16.07984 43.43901 16.07986 43.43894 16.07998 43.43887 16.08008 43.43874 16.08013 43.43867 16.08031 43.43861 16.08033 43.43845 16.08032 43.43832 16.08039 43.43827 16.08057 43.43821 16.08064 43.43813 16.08059 43.43809 16.08064 43.43808 16.08071 43.43801 16.08078 43.43795 16.08082 43.43787 16.0809 43.43773 16.08095 43.4377 16.08102 43.4376 16.08112 43.43747 16.08122 43.43738 16.08122 43.43732 16.08129 43.43731 16.08136 43.43722 16.08147 43.43714 16.08156 43.43705 16.08171 43.43693 16.08188 43.43688 16.08191 43.43684 16.082 43.43683 16.08213 43.43682 16.08219 43.4368 16.08221 43.43676 16.08224 43.43667 16.08233 43.43657 16.08251 43.43654 16.08259 43.43626 16.08298 43.4359 16.08359 43.43575 16.08393 43.43559 16.08458 43.43551 16.08499 43.43545 16.08531 43.43545 16.0857 43.4355 16.0861 43.43552 16.08648 43.43563 16.08702 43.43577 16.08736 43.4362 16.08797 43.43646 16.08864 43.43659 16.08881 43.43675 16.08894 43.43721 16.08914 43.43743 16.08922 43.43779 16.08928 43.43795 16.08938 43.438 16.08946 43.43804 16.08955 43.43804 16.0906 43.43811 16.09075 43.43822 16.09082 43.43829 16.09087 43.43829 16.09092 43.43824 16.09097 43.43815 16.09098 43.43811 16.09102 43.43811 16.09109 43.43817 16.09122 43.4385 16.09211 43.4386 16.09228 43.43871 16.09243 43.43887 16.09256 43.43925 16.09259 43.43945 16.09258 43.4397 16.09255 43.43986 16.09245 43.44005 16.09228 43.44031 16.09194 43.44052 16.09172 43.44083 16.09161 43.44101 16.09149 43.44113 16.09134 43.44123 16.09116 43.44134 16.09102 43.44144 16.09095 43.4417 16.09091 43.44186 16.09078 43.44224 16.09069 43.44242 16.0906 43.44283 16.09053 43.44304 16.09053 43.44323 16.09049 43.44336 16.09049 43.44339 16.09054 43.44346 16.09057 43.44355 16.09054 43.44362 16.09043 43.44368 16.09037 43.44382 16.09038 43.4439 16.09052 43.44393 16.0907 43.44398 16.09077 43.44415 16.0908 43.44424 16.09085 43.44463 16.0913 43.44464 16.09138 43.44464 16.0915 43.4447 16.09158 43.44482 16.09163 43.44488 16.0917 43.44488 16.0918 43.44494 16.09203 43.44514 16.0923 43.44525 16.0926 43.4453 16.09292 43.44538 16.09315 43.44545 16.09347 43.44552 16.09359 43.4457 16.09409 43.4458 16.09461 43.44589 16.09486 43.44596 16.09506 43.44612 16.09561 43.44615 16.0959 43.44616 16.09608 43.44613 16.09625 43.44585 16.09734 43.44584 16.09782 43.44596 16.09817 43.44625 16.0982 43.44647 16.09818 43.44663 16.09809 43.44676 16.09792 43.44683 16.09769 43.44691 16.09703 43.44692 16.09666 43.44687 16.09599 43.44693 16.09574 43.44696 16.0955 43.44704 16.09528 43.44711 16.0951 43.4472 16.09486 43.44726 16.09456 43.44728 16.09407 43.4474 16.09333 43.44756 16.09289 43.44776 16.09248 43.44821 16.09166 43.44833 16.09152 43.44908 16.09035 43.44921 16.09025 43.44932 16.09023 43.44941 16.09018 43.44946 16.09011 43.44955 16.09002 43.44982 16.09036 43.44989 16.09024 43.44957 16.08984 43.44964 16.08969 43.4498 16.08948 43.45009 16.0891 43.45027 16.08931 43.45013 16.08959 43.4502 16.08966 43.45037 16.08937 43.45042 16.08934 43.45048 16.08934 43.45069 16.08959 43.45085 16.08988 43.45092 16.08993 43.45108 16.08996 43.45141 16.08999 43.45168 16.08992 43.45182 16.08991 43.45218 16.0899 43.4527 16.09014 43.45308 16.09018 43.45337 16.09018 43.45362 16.09011 43.45415 16.09002 43.45425 16.0899 43.4544 16.08982 43.45467 16.08958 43.455 16.08917 43.45529 16.08853 43.45537 16.08827 43.45543 16.08796 43.45555 16.08724 43.45554 16.08589 43.45547 16.08551 43.45522 16.08472 43.45512 16.08425 43.45507 16.08398 43.45499 16.08311 43.45497 16.08294 43.4549 16.08257 43.45489 16.08244 43.45485 16.08229 43.45476 16.08187 43.45472 16.08167 43.45468 16.08142 43.45454 16.08123 43.45433 16.08111 43.45424 16.08104 43.45405 16.0807 43.45391 16.08057 43.45382 16.08042 43.45379 16.0802 43.45361 16.0799 43.45351 16.07965 43.45349 16.07948 43.45356 16.07926 43.45391 16.07877 43.45423 16.07836 43.45484 16.07743 43.45502 16.07703 43.45525 16.0767 43.45543 16.07652 43.45556 16.07617 43.45564 16.07591 43.45569 16.07574</gml:posList>
                        </gml:LinearRing>
                      </gml:exterior>
                    </gml:Polygon>
                  </gml:surfaceMember>
                  <gml:surfaceMember>
                    <gml:Polygon gml:id="MEDIA_MONITORED_CILJ_ID_1_CILJ_ID_5_POLUTANT_3_MODEL_298">
                      <gml:exterior>
                        <gml:LinearRing>
                          <gml:posList srsDimension="2">45.44123 14.57911 45.44335 14.57346 45.44621 14.57304 45.44829 14.5728 45.44941 14.57191 45.45143 14.57014 45.45335 14.56851 45.45532 14.56673 45.45706 14.56484 45.45896 14.56259 45.4602 14.56119 45.46455 14.55719 45.46663 14.55523 45.467 14.5549 45.46832 14.55371 45.46594 14.55314 45.46507 14.55275 45.46432 14.55149 45.46312 14.55072 45.46228 14.55057 45.46133 14.55082 45.46044 14.55048 45.45921 14.54983 45.45812 14.5493 45.45733 14.54873 45.45639 14.54834 45.45573 14.54789 45.45505 14.54735 45.45429 14.54667 45.45305 14.54659 45.4519 14.54576 45.45092 14.5453 45.44949 14.54404 45.44919 14.54261 45.4479 14.54195 45.4468 14.54141 45.44607 14.54062 45.44517 14.53985 45.44445 14.53882 45.44339 14.53803 45.44217 14.53773 45.44096 14.53713 45.43984 14.53639 45.43809 14.5351 45.43729 14.53483 45.43691 14.5347 45.43623 14.53465 45.43569 14.53512 45.43547 14.53538 45.43519 14.53542 45.4347 14.53554 45.43441 14.53545 45.43433 14.53513 45.43377 14.53488 45.43318 14.53486 45.43271 14.53498 45.4326 14.53515 45.43212 14.53548 45.43177 14.53564 45.43154 14.53568 45.43106 14.53516 45.43071 14.53474 45.43012 14.53422 45.42935 14.53368 45.4283 14.53311 45.42738 14.53258 45.42662 14.53167 45.42589 14.53036 45.42521 14.52962 45.4243 14.52958 45.4234 14.53006 45.42285 14.52991 45.4223 14.52925 45.42215 14.52817 45.42248 14.52675 45.42223 14.52589 45.4222 14.52577 45.42142 14.52465 45.42057 14.52357 45.42052 14.52258 45.42024 14.52194 45.42005 14.52057 45.41982 14.5197 45.4192 14.51869 45.41925 14.51761 45.41922 14.51759 45.41893 14.51734 45.41876 14.5172 45.41872 14.51716 45.41798 14.51721 45.41712 14.51642 45.41646 14.51614 45.41585 14.51562 45.41517 14.51526 45.41509 14.51495 45.41511 14.51357 45.41509 14.51341 45.41506 14.51322 45.4149 14.51213 45.41436 14.51049 45.41368 14.50951 45.41287 14.50847 45.41247 14.5075 45.41227 14.507 45.41149 14.50631 45.41079 14.50709 45.4103 14.5071 45.40976 14.50627 45.40978 14.50554 45.40988 14.5046 45.40989 14.50452 45.4099 14.50435 45.40995 14.50375 45.40964 14.50384 45.40937 14.50391 45.40871 14.50376 45.408 14.50275 45.40718 14.50192 45.40726 14.50157 45.40721 14.50011 45.40734 14.49855 45.40718 14.49833 45.40675 14.49776 45.40569 14.49749 45.40463 14.49626 45.40423 14.49561 45.40398 14.49532 45.40362 14.4949 45.4034 14.49349 45.40312 14.49228 45.40235 14.49096 45.40171 14.48972 45.40062 14.48871 45.39939 14.48783 45.39823 14.48573 45.39801 14.48527 45.39719 14.48602 45.39658 14.48701 45.39589 14.48786 45.39528 14.48848 45.39514 14.48827 45.39474 14.48871 45.39431 14.48928 45.3937 14.49045 45.39302 14.49136 45.39262 14.49182 45.39232 14.49207 45.39181 14.49248 45.39074 14.49307 45.38967 14.49434 45.38902 14.49502 45.38865 14.49532 45.38782 14.49598 45.38696 14.49651 45.38684 14.49659 45.38555 14.49685 45.38437 14.49712 45.38326 14.49754 45.38172 14.49781 45.38082 14.49799 45.38012 14.49808 45.37983 14.4973 45.37945 14.49673 45.37899 14.49617 45.3787 14.49532 45.37858 14.4945 45.37862 14.49367 45.37864 14.49355 45.37867 14.4934 45.37871 14.49312 45.37834 14.49246 45.37793 14.49199 45.37734 14.49163 45.37647 14.49119 45.37644 14.48981 45.37633 14.48726 45.37618 14.48359 45.37616 14.48283 45.37608 14.48201 45.37551 14.48052 45.37546 14.48035 45.37535 14.48001 45.3751 14.47934 45.37485 14.4787 45.37486 14.47791 45.37485 14.47761 45.37483 14.47727 45.37451 14.47633 45.37511 14.47547 45.37506 14.47537 45.37481 14.47478 45.37437 14.47366 45.37507 14.47302 45.37605 14.47274 45.37689 14.47239 45.37775 14.47196 45.3784 14.47146 45.37888 14.47098 45.37966 14.4705 45.38036 14.47022 45.38081 14.46998 45.3811 14.46982 45.38109 14.46962 45.38106 14.46906 45.38083 14.46824 45.38024 14.46793 45.37977 14.4678 45.37955 14.46769 45.37933 14.46751 45.379 14.46818 45.37876 14.46799 45.37855 14.4682 45.37823 14.46792 45.37833 14.46765 45.37827 14.46732 45.37874 14.46691 45.37876 14.46685 45.3789 14.46634 45.37889 14.46633 45.37889 14.46631 45.37888 14.4663 45.37871 14.46575 45.3788 14.46532 45.37898 14.46495 45.37916 14.46431 45.37956 14.46306 45.37985 14.46185 45.38008 14.46096 45.3801 14.46051 45.38029 14.46027 45.38043 14.4601 45.38053 14.45937 45.38104 14.4587 45.38104 14.45818 45.38103 14.45814 45.38088 14.45766 45.38045 14.45688 45.3797 14.4567 45.37943 14.45637 45.37919 14.45522 45.37899 14.45423 45.37906 14.45319 45.37899 14.45307 45.37878 14.45267 45.37815 14.45208 45.37777 14.45164 45.37846 14.45035 45.37792 14.45015 45.37748 14.44952 45.3774 14.44941 45.37758 14.44884 45.37788 14.44801 45.37587 14.44704 45.37545 14.4465 45.37541 14.44597 45.37542 14.44589 45.37548 14.4453 45.37545 14.44512 45.3754 14.44476 45.37489 14.44454 45.37441 14.44434 45.37417 14.44399 45.37386 14.4435 45.37353 14.44297 45.37355 14.44244 45.3734 14.44202 45.3732 14.44224 45.37282 14.4423 45.37246 14.44221 45.37212 14.44267 45.37185 14.44302 45.37145 14.44301 45.37144 14.44199 45.37132 14.44102 45.37 14.44144 45.36911 14.44171 45.36796 14.44287 45.3672 14.44257 45.36665 14.44243 45.36605 14.44267 45.36559 14.44335 45.36517 14.44379 45.36465 14.44452 45.3643 14.4447 45.3638 14.44508 45.36309 14.44506 45.3622 14.44554 45.36185 14.44599 45.36152 14.4464 45.36107 14.44637 45.36048 14.44606 45.35988 14.44577 45.35931 14.4459 45.35895 14.44638 45.35869 14.44672 45.35812 14.44728 45.35818 14.44794 45.35816 14.44849 45.35832 14.44903 45.35846 14.44943 45.35855 14.45003 45.35857 14.45067 45.35861 14.45117 45.35876 14.45177 45.35883 14.45216 45.35886 14.45252 45.35897 14.45292 45.35951 14.45268 45.35987 14.45258 45.36016 14.45277 45.36053 14.45323 45.36087 14.45371 45.36128 14.45423 45.36145 14.45459 45.36143 14.45483 45.36141 14.45499 45.36133 14.45538 45.36123 14.45581 45.36128 14.45632 45.36135 14.45657 45.36136 14.45662 45.36128 14.45673 45.36093 14.45722 45.36087 14.45732 45.36044 14.45767 45.35988 14.45834 45.35931 14.45898 45.35881 14.45961 45.35823 14.46028 45.35772 14.4608 45.35749 14.46084 45.35729 14.46113 45.357 14.46092 45.35672 14.46073 45.35668 14.4616 45.35663 14.46219 45.35654 14.46294 45.35648 14.46348 45.35667 14.46366 45.35686 14.46362 45.35717 14.46352 45.35743 14.46385 45.35759 14.46427 45.35781 14.4649 45.35819 14.46524 45.35822 14.46568 45.35828 14.4664 45.35831 14.46661 45.35834 14.46678 45.35835 14.46685 45.35836 14.46692 45.35835 14.46714 45.35834 14.46745 45.35832 14.46792 45.35826 14.46857 45.35803 14.46899 45.3574 14.4696 45.35703 14.47007 45.35651 14.47078 45.3562 14.47109 45.3558 14.47136 45.35523 14.47165 45.35479 14.47185 45.35384 14.47227 45.35286 14.47288 45.352 14.47318 45.3512 14.47338 45.35034 14.47347 45.34951 14.47374 45.3494 14.474 45.34925 14.47382 45.34866 14.474 45.34858 14.47382 45.3485 14.47362 45.3482 14.47345 45.34788 14.47343 45.34768 14.47341 45.34676 14.47377 45.34572 14.47409 45.34519 14.47435 45.345 14.47445 45.3448 14.47451 45.34462 14.47472 45.34454 14.4751 45.3446 14.47537 45.3447 14.47574 45.34473 14.47583 45.34476 14.47591 45.34477 14.47591 45.34477 14.47593 45.34477 14.47625 45.34466 14.4763 45.34448 14.47622 45.34432 14.47595 45.34402 14.47555 45.34303 14.47619 45.34204 14.47845 45.34156 14.47961 45.34103 14.48052 45.34025 14.4815 45.33977 14.48223 45.33938 14.48291 45.33905 14.48287 45.33825 14.4829 45.33772 14.48315 45.33696 14.48387 45.33611 14.48444 45.33545 14.48491 45.33474 14.48525 45.33547 14.48641 45.33591 14.48698 45.33634 14.48749 45.33679 14.48803 45.3371 14.48834 45.33749 14.48863 45.33763 14.48892 45.33775 14.48935 45.33802 14.48992 45.33819 14.4905 45.33847 14.49088 45.3389 14.49151 45.33914 14.49201 45.3394 14.49265 45.3396 14.49321 45.33989 14.49408 45.34026 14.49533 45.34103 14.49689 45.34202 14.49909 45.3426 14.5005 45.34318 14.5021 45.34291 14.5024 45.34278 14.50253 45.34264 14.5029 45.3427 14.50333 45.34277 14.50385 45.34291 14.50411 45.34315 14.5044 45.34339 14.50456 45.34364 14.50452 45.34382 14.50429 45.34403 14.5038 45.34463 14.50496 45.34509 14.50596 45.34561 14.50727 45.3462 14.50872 45.34659 14.50963 45.34692 14.51084 45.3472 14.51191 45.34757 14.51264 45.34798 14.51309 45.3485 14.51376 45.34886 14.51424 45.34944 14.51485 45.34983 14.51547 45.35019 14.51589 45.35071 14.51644 45.35173 14.51741 45.3523 14.51815 45.35255 14.51842 45.35306 14.51931 45.35352 14.51965 45.35393 14.5199 45.35434 14.52031 45.35487 14.52063 45.35523 14.52117 45.35537 14.52183 45.35543 14.52272 45.35548 14.52345 45.3555 14.52419 45.35561 14.52457 45.3559 14.52517 45.35625 14.5258 45.35665 14.52641 45.3571 14.52692 45.35755 14.52755 45.35782 14.52824 45.35804 14.52912 45.35846 14.53032 45.35859 14.53126 45.35901 14.53246 45.35908 14.53304 45.35953 14.53444 45.36001 14.53574 45.36012 14.53677 45.36023 14.53792 45.36039 14.53889 45.36044 14.53924 45.36048 14.53948 45.36052 14.53969 45.36038 14.54012 45.36026 14.5405 45.36017 14.54079 45.36 14.54178 45.35963 14.54335 45.35947 14.54496 45.35869 14.54605 45.35888 14.54746 45.35956 14.5488 45.35962 14.54933 45.35966 14.5497 45.35962 14.54996 45.35958 14.55023 45.35939 14.55131 45.35876 14.55196 45.35852 14.55306 45.35898 14.55477 45.35963 14.55618 45.36026 14.55732 45.36089 14.55821 45.36152 14.55902 45.36242 14.56063 45.36266 14.56148 45.36351 14.56299 45.3639 14.5639 45.36524 14.56653 45.36705 14.57031 45.3676 14.57146 45.36852 14.57318 45.37011 14.57507 45.37087 14.5773 45.37109 14.57859 45.37194 14.57977 45.37204 14.58051 45.37282 14.58118 45.37281 14.58126 45.37277 14.58162 45.37257 14.58311 45.37246 14.58403 45.37287 14.58548 45.37328 14.58668 45.37368 14.5875 45.37453 14.58812 45.3751 14.58835 45.37549 14.58873 45.37594 14.58918 45.37597 14.58921 45.37609 14.58933 45.37616 14.5894 45.37585 14.59008 45.37601 14.59101 45.37631 14.59199 45.3767 14.59283 45.37755 14.59376 45.37812 14.59444 45.37841 14.59546 45.37945 14.59622 45.38009 14.59634 45.38069 14.59654 45.38112 14.59708 45.38157 14.59764 45.38186 14.59743 45.38247 14.59785 45.38313 14.59713 45.38353 14.59692 45.38472 14.59754 45.38672 14.59857 45.39465 14.60258 45.40232 14.60647 45.41167 14.61126 45.42105 14.61609 45.43038 14.62081 45.43126 14.62126 45.42968 14.60904 45.43273 14.59035 45.43409 14.58666 45.43421 14.58632 45.43425 14.58623 45.43414 14.58565 45.44123 14.57911</gml:posList>
                        </gml:LinearRing>
                      </gml:exterior>
                    </gml:Polygon>
                  </gml:surfaceMember>
                  <gml:surfaceMember>
                    <gml:Polygon gml:id="MEDIA_MONITORED_CILJ_ID_1_CILJ_ID_5_POLUTANT_3_MODEL_299">
                      <gml:exterior>
                        <gml:LinearRing>
                          <gml:posList srsDimension="2">45.40033 14.37011 45.40059 14.37003 45.40085 14.36995 45.40094 14.36993 45.40094 14.36958 45.40082 14.3696 45.40012 14.36906 45.3998 14.3679 45.39981 14.36714 45.39958 14.36638 45.39995 14.36506 45.40011 14.36428 45.40021 14.3639 45.40033 14.3635 45.40046 14.36304 45.40038 14.3627 45.40036 14.36259 45.40027 14.36219 45.40031 14.36115 45.40055 14.35997 45.4004 14.35964 45.4001 14.35896 45.40015 14.35821 45.39995 14.35806 45.39981 14.35795 45.3995 14.35772 45.39865 14.35802 45.39858 14.35724 45.39895 14.35679 45.39923 14.35645 45.39899 14.35549 45.39932 14.35461 45.39902 14.35361 45.39839 14.3537 45.39769 14.35355 45.39692 14.35344 45.3962 14.35335 45.39547 14.35326 45.39476 14.35318 45.39397 14.35285 45.39362 14.35198 45.39395 14.35094 45.39338 14.35097 45.39304 14.35 45.39252 14.34927 45.39218 14.34824 45.39287 14.3471 45.39281 14.34665 45.39278 14.34637 45.39259 14.34544 45.39326 14.34423 45.39331 14.34347 45.39332 14.34323 45.39305 14.34326 45.39287 14.34328 45.39281 14.34328 45.39246 14.34332 45.39157 14.34376 45.39102 14.34364 45.39069 14.34279 45.38984 14.34249 45.38947 14.3414 45.38886 14.34139 45.38815 14.3413 45.38741 14.34173 45.38703 14.34094 45.38651 14.34081 45.38588 14.34034 45.38524 14.3394 45.38454 14.33895 45.38444 14.33875 45.38399 14.33791 45.38367 14.33745 45.38325 14.33719 45.38293 14.337 45.3822 14.33503 45.38161 14.33352 45.38088 14.33188 45.38049 14.33204 45.38023 14.33149 45.37979 14.33126 45.37929 14.33127 45.37885 14.33073 45.37841 14.33003 45.3776 14.32886 45.37739 14.3279 45.37699 14.3272 45.37667 14.32723 45.37614 14.32729 45.37566 14.32686 45.37532 14.32654 45.3753 14.32652 45.37457 14.32617 45.37424 14.32597 45.37375 14.32598 45.37328 14.32587 45.37259 14.32594 45.37216 14.32573 45.37199 14.32564 45.37187 14.32498 45.37094 14.32472 45.37013 14.32448 45.36964 14.32479 45.36928 14.32508 45.36906 14.32525 45.36907 14.32527 45.37006 14.32654 45.36994 14.32748 45.36964 14.32753 45.36921 14.32764 45.36892 14.32763 45.36857 14.32748 45.36853 14.32785 45.36847 14.32839 45.36839 14.32903 45.36851 14.32947 45.36853 14.33005 45.36878 14.33066 45.36883 14.33096 45.36887 14.33121 45.36874 14.33142 45.36846 14.33185 45.36853 14.33227 45.36844 14.33252 45.3683 14.3329 45.36799 14.33322 45.36792 14.33373 45.36828 14.33475 45.36819 14.33524 45.36813 14.33587 45.36835 14.33705 45.36836 14.3371 45.36837 14.33722 45.36839 14.33729 45.36842 14.3375 45.36829 14.33835 45.36813 14.33923 45.36798 14.34045 45.36792 14.341 45.36768 14.34187 45.36779 14.34217 45.36776 14.34271 45.36775 14.34274 45.36754 14.34299 45.36746 14.34382 45.3675 14.34382 45.36762 14.34383 45.36775 14.34387 45.36785 14.34389 45.36786 14.34392 45.36786 14.34394 45.3679 14.3441 45.36779 14.34434 45.3677 14.34454 45.36743 14.3443 45.36731 14.3442 45.36724 14.34414 45.36718 14.34392 45.36678 14.34395 45.36648 14.34292 45.36625 14.34276 45.36592 14.34219 45.36566 14.34097 45.36546 14.34026 45.36525 14.33935 45.36544 14.33859 45.36542 14.33851 45.36529 14.33807 45.36528 14.33804 45.36503 14.33765 45.36487 14.3375 45.36476 14.33798 45.36441 14.33813 45.36422 14.33791 45.36383 14.33766 45.36325 14.33741 45.36248 14.33755 45.36163 14.33752 45.36106 14.33755 45.36018 14.3376 45.35996 14.33802 45.35972 14.33846 45.35893 14.34033 45.35727 14.34362 45.35651 14.34544 45.35567 14.34715 45.35523 14.34807 45.35497 14.34887 45.35499 14.34962 45.35479 14.35062 45.35464 14.35167 45.35463 14.3527 45.35435 14.3537 45.35402 14.35452 45.35372 14.35493 45.35333 14.35566 45.35265 14.35709 45.35308 14.35701 45.3536 14.35682 45.35407 14.35678 45.35501 14.35672 45.3551 14.35665 45.35555 14.35633 45.35573 14.35615 45.35601 14.35595 45.35632 14.35578 45.35677 14.35585 45.35732 14.35598 45.3577 14.35598 45.35824 14.35593 45.3586 14.35597 45.35881 14.35606 45.35893 14.3561 45.35904 14.35624 45.35905 14.35625 45.35916 14.35653 45.35916 14.35658 45.35917 14.35665 45.35918 14.35675 45.35919 14.35685 45.35917 14.35699 45.35914 14.35718 45.35896 14.35737 45.3588 14.35758 45.35864 14.35771 45.35879 14.35818 45.35912 14.35805 45.35913 14.35821 45.35934 14.35826 45.35952 14.35829 45.35962 14.35831 45.35958 14.35838 45.35956 14.35841 45.3595 14.35853 45.35926 14.35877 45.35891 14.35882 45.35864 14.35895 45.35831 14.35932 45.35826 14.3596 45.35841 14.36005 45.35855 14.36017 45.35863 14.36025 45.35898 14.36059 45.35926 14.36096 45.35936 14.36111 45.35943 14.36121 45.35934 14.36156 45.35942 14.36172 45.35974 14.36238 45.3596 14.36259 45.35938 14.36292 45.35934 14.36351 45.35923 14.36391 45.35922 14.36452 45.35927 14.36485 45.35931 14.36517 45.35931 14.36524 45.35926 14.36573 45.35922 14.36627 45.35968 14.36675 45.36004 14.36733 45.36036 14.36756 45.36094 14.3677 45.36096 14.36794 45.36096 14.36795 45.36097 14.36796 45.36094 14.36807 45.36089 14.36828 45.36091 14.36848 45.36128 14.36871 45.36174 14.36884 45.36209 14.36935 45.36241 14.36987 45.36258 14.37011 45.36287 14.37032 45.36317 14.37013 45.36347 14.3696 45.36371 14.36911 45.36367 14.36954 45.36377 14.36987 45.36402 14.37041 45.36424 14.3704 45.36429 14.37024 45.3645 14.36991 45.36512 14.36943 45.36537 14.36905 45.36569 14.3688 45.36577 14.36847 45.36599 14.36808 45.36613 14.36822 45.36658 14.36836 45.36709 14.36843 45.36744 14.36837 45.36854 14.36787 45.36911 14.3677 45.36945 14.36784 45.3697 14.36773 45.36993 14.3674 45.37133 14.36708 45.3717 14.36808 45.37219 14.36705 45.3735 14.36728 45.37424 14.36735 45.37514 14.36723 45.37547 14.36722 45.37597 14.36778 45.37666 14.36734 45.37794 14.36668 45.37858 14.36647 45.37884 14.36614 45.37968 14.3655 45.38005 14.36494 45.38055 14.36436 45.38091 14.36377 45.38157 14.36345 45.38154 14.36558 45.38201 14.36617 45.3823 14.36663 45.38241 14.36683 45.38242 14.36759 45.38254 14.3685 45.38262 14.36952 45.38287 14.37031 45.38315 14.37097 45.38353 14.37137 45.38415 14.37161 45.38458 14.37099 45.38484 14.37063 45.38519 14.37093 45.38577 14.37137 45.3866 14.37145 45.38695 14.37144 45.38731 14.37133 45.38745 14.37065 45.38758 14.37001 45.38785 14.36969 45.38817 14.36941 45.38839 14.3693 45.38844 14.36971 45.38853 14.36998 45.38882 14.3703 45.38931 14.37029 45.3898 14.37036 45.38981 14.37102 45.39003 14.37099 45.39027 14.37157 45.39036 14.37217 45.39077 14.37275 45.3915 14.37268 45.39202 14.3727 45.39231 14.37235 45.39236 14.37176 45.39241 14.37108 45.39294 14.37087 45.39326 14.37084 45.39371 14.37117 45.39408 14.37165 45.39437 14.37203 45.39542 14.37228 45.39599 14.37219 45.39665 14.37231 45.39721 14.37219 45.39733 14.37167 45.39741 14.37127 45.39778 14.3711 45.39822 14.37099 45.39857 14.37108 45.3989 14.37077 45.39966 14.37041 45.40033 14.37011</gml:posList>
                        </gml:LinearRing>
                      </gml:exterior>
                    </gml:Polygon>
                  </gml:surfaceMember>
                  <gml:surfaceMember>
                    <gml:Polygon gml:id="MEDIA_MONITORED_CILJ_ID_1_CILJ_ID_5_POLUTANT_3_MODEL_300">
                      <gml:exterior>
                        <gml:LinearRing>
                          <gml:posList srsDimension="2">45.29972 14.27616 45.29998 14.27571 45.30024 14.27536 45.30052 14.27509 45.30074 14.27486 45.30109 14.27468 45.30171 14.27086 45.30359 14.27088 45.30427 14.27089 45.30446 14.27054 45.30396 14.27019 45.30359 14.26953 45.30328 14.26848 45.30226 14.26791 45.30127 14.26738 45.30058 14.26667 45.30035 14.26646 45.30009 14.26623 45.29987 14.2659 45.29952 14.2655 45.29809 14.26471 45.29752 14.26459 45.29699 14.2644 45.29736 14.26279 45.29753 14.26189 45.29767 14.26081 45.29767 14.26005 45.29767 14.25965 45.29761 14.25893 45.29758 14.25862 45.29757 14.25854 45.29739 14.25741 45.2975 14.25668 45.29749 14.25631 45.29748 14.25604 45.29746 14.25522 45.29733 14.25407 45.29736 14.252 45.29716 14.2508 45.29711 14.25049 45.29706 14.24995 45.29713 14.24903 45.2973 14.24837 45.29765 14.24667 45.29768 14.24553 45.29772 14.24521 45.29734 14.24507 45.29508 14.24423 45.29527 14.24283 45.29533 14.24211 45.29532 14.23977 45.29536 14.23901 45.29545 14.23537 45.2957 14.23347 45.29579 14.23214 45.2961 14.23009 45.29629 14.22904 45.29634 14.22827 45.2965 14.22721 45.29664 14.22669 45.29684 14.22616 45.29709 14.22608 45.29753 14.22608 45.298 14.22622 45.29951 14.22685 45.30011 14.22692 45.3002 14.22675 45.3003 14.22645 45.30054 14.22607 45.30081 14.22547 45.3011 14.22461 45.30157 14.22351 45.30232 14.221 45.30257 14.22068 45.30273 14.22027 45.30282 14.21999 45.30284 14.21857 45.30285 14.21843 45.30288 14.21805 45.30289 14.21793 45.30289 14.21791 45.30287 14.21774 45.30284 14.21755 45.30283 14.21745 45.3028 14.2164 45.3028 14.2163 45.30283 14.2155 45.30289 14.21406 45.30288 14.21401 45.30287 14.21393 45.30277 14.21305 45.30276 14.2118 45.30284 14.21088 45.30177 14.20968 45.30137 14.209 45.30011 14.20726 45.29956 14.20665 45.29895 14.20577 45.29775 14.2044 45.29735 14.2043 45.29669 14.20434 45.29594 14.20417 45.29527 14.20411 45.29336 14.20406 45.29251 14.20386 45.29194 14.20388 45.29129 14.20384 45.291 14.20371 45.29066 14.20372 45.29025 14.20361 45.28939 14.20358 45.28853 14.2034 45.28821 14.20324 45.28769 14.20308 45.28615 14.20206 45.28505 14.2019 45.28374 14.20175 45.28268 14.20154 45.28037 14.2012 45.27961 14.20129 45.27896 14.20101 45.27841 14.20086 45.27777 14.19991 45.27683 14.1986 45.27628 14.19755 45.27592 14.19704 45.27529 14.19702 45.27503 14.19711 45.27478 14.19718 45.27474 14.19721 45.27451 14.19736 45.27408 14.19769 45.27393 14.19781 45.27387 14.19788 45.27374 14.19804 45.27372 14.19816 45.27369 14.19833 45.27353 14.19874 45.27346 14.19915 45.27323 14.19969 45.27307 14.19986 45.27305 14.19988 45.27269 14.20013 45.27232 14.20025 45.27225 14.20027 45.27208 14.20033 45.27198 14.20045 45.27195 14.20049 45.2719 14.20059 45.27183 14.20076 45.27168 14.20108 45.27162 14.20112 45.27143 14.20126 45.2713 14.20132 45.27122 14.20136 45.27117 14.20141 45.27106 14.20153 45.27075 14.20198 45.27058 14.20223 45.27029 14.20271 45.26998 14.20323 45.26994 14.20329 45.26977 14.20352 45.26941 14.20382 45.26929 14.20397 45.26918 14.2041 45.26905 14.20424 45.26899 14.20453 45.26897 14.20474 45.26896 14.2049 45.2691 14.20724 45.26913 14.2076 45.26939 14.20885 45.26963 14.20953 45.26975 14.21014 45.27015 14.21127 45.27041 14.21237 45.27128 14.2151 45.27129 14.21512 45.2713 14.21517 45.27134 14.21534 45.27155 14.21631 45.2717 14.21744 45.27185 14.21815 45.27189 14.2193 45.27189 14.21946 45.2719 14.21991 45.27192 14.22057 45.2719 14.22074 45.27188 14.22093 45.27186 14.22231 45.27169 14.2235 45.27162 14.22449 45.27151 14.22541 45.27124 14.22656 45.27127 14.22696 45.27125 14.22697 45.27121 14.22701 45.27098 14.2272 45.27089 14.22727 45.27078 14.22737 45.26954 14.2283 45.2687 14.22932 45.26821 14.22985 45.26767 14.23023 45.26734 14.23063 45.26708 14.23104 45.2668 14.23132 45.26601 14.23231 45.26562 14.23307 45.26517 14.23384 45.26467 14.23575 45.26412 14.23835 45.2641 14.23923 45.2641 14.23925 45.2641 14.23941 45.26413 14.24007 45.2641 14.24022 45.2641 14.24026 45.26409 14.24032 45.26396 14.24117 45.26394 14.24131 45.2637 14.24239 45.26356 14.24301 45.26302 14.24479 45.2628 14.24524 45.26269 14.24601 45.26246 14.24663 45.26234 14.24721 45.2621 14.24766 45.26193 14.24818 45.26162 14.24899 45.26107 14.24989 45.2608 14.25047 45.26071 14.25131 45.26047 14.25256 45.26044 14.2534 45.26045 14.25362 45.26047 14.25418 45.26049 14.25441 45.26048 14.25462 45.26046 14.25498 45.26059 14.25655 45.26074 14.25727 45.2608 14.25779 45.26094 14.2584 45.26095 14.25843 45.26095 14.25845 45.26096 14.25846 45.26097 14.25853 45.26107 14.25876 45.26118 14.25997 45.26135 14.26042 45.26266 14.26153 45.26331 14.26194 45.26402 14.26248 45.26417 14.2626 45.26428 14.2627 45.26471 14.26307 45.26474 14.26309 45.26477 14.26335 45.26479 14.26349 45.26479 14.26373 45.26474 14.2642 45.26464 14.26522 45.26471 14.26531 45.26476 14.26549 45.26477 14.26625 45.26479 14.26648 45.26484 14.2667 45.26501 14.26732 45.26501 14.26755 45.26507 14.26766 45.26517 14.26778 45.26528 14.26807 45.26548 14.26846 45.26552 14.26884 45.26558 14.26898 45.2657 14.26922 45.26576 14.2695 45.26589 14.26983 45.26605 14.27003 45.2665 14.27033 45.2667 14.27064 45.26683 14.27097 45.26694 14.27112 45.26708 14.27122 45.26726 14.27122 45.26744 14.27111 45.26755 14.27102 45.26763 14.27085 45.26764 14.27068 45.26765 14.27052 45.26773 14.27032 45.26787 14.27011 45.26796 14.26981 45.26801 14.26958 45.26806 14.26942 45.26814 14.26929 45.26826 14.26922 45.26878 14.26923 45.26898 14.26926 45.26946 14.2693 45.26968 14.26939 45.26983 14.26942 45.27006 14.26949 45.27026 14.26952 45.27044 14.26957 45.2708 14.26973 45.27109 14.26997 45.27134 14.27022 45.27145 14.27036 45.27149 14.27047 45.27151 14.27062 45.27151 14.27081 45.27148 14.27099 45.27135 14.27132 45.27127 14.27148 45.27116 14.27162 45.27102 14.27126 45.27093 14.27134 45.27101 14.2717 45.27099 14.27181 45.27137 14.27189 45.27143 14.27191 45.27151 14.27201 45.27159 14.27241 45.27169 14.27259 45.27175 14.27269 45.27188 14.27271 45.27196 14.27269 45.27202 14.27266 45.27209 14.27252 45.27217 14.27245 45.27227 14.27247 45.27233 14.27255 45.27281 14.27255 45.27288 14.27254 45.27295 14.27249 45.27315 14.27221 45.27333 14.27211 45.2735 14.27208 45.27369 14.2722 45.27388 14.27238 45.27418 14.27248 45.27424 14.27253 45.27443 14.27255 45.27471 14.27276 45.27481 14.27278 45.27598 14.27276 45.27627 14.2728 45.27654 14.27291 45.27694 14.27311 45.2773 14.27328 45.27749 14.27328 45.27759 14.27325 45.27787 14.27295 45.27809 14.27284 45.27827 14.27283 45.27836 14.27288 45.27851 14.27301 45.27858 14.27301 45.2787 14.27283 45.27881 14.2728 45.27895 14.27295 45.27904 14.27298 45.27926 14.27282 45.27939 14.27279 45.27973 14.27279 45.28018 14.27286 45.28023 14.27283 45.28059 14.27258 45.28062 14.27254 45.28068 14.27255 45.28075 14.27268 45.28084 14.27267 45.28095 14.27265 45.28104 14.27257 45.28111 14.27257 45.28117 14.27264 45.28124 14.27275 45.28154 14.27268 45.28162 14.27269 45.28169 14.27274 45.28181 14.27283 45.28185 14.27289 45.28184 14.273 45.28189 14.27307 45.28204 14.27317 45.28207 14.27319 45.28214 14.27321 45.28223 14.27317 45.28232 14.27319 45.28241 14.27328 45.28252 14.27344 45.28267 14.27354 45.28283 14.27352 45.28292 14.27344 45.283 14.27328 45.28307 14.27312 45.28311 14.27305 45.28318 14.27308 45.28326 14.27326 45.28339 14.27337 45.2835 14.27342 45.28363 14.2734 45.28387 14.27335 45.28398 14.27342 45.28407 14.27356 45.28411 14.27358 45.28417 14.27359 45.28425 14.27357 45.28438 14.2736 45.28454 14.27365 45.28472 14.27372 45.28495 14.27369 45.2851 14.27356 45.28542 14.27355 45.28562 14.27353 45.2857 14.27358 45.28582 14.27373 45.28592 14.27376 45.28599 14.27375 45.28607 14.27381 45.28618 14.27391 45.2863 14.2739 45.28636 14.27383 45.28637 14.27375 45.28639 14.27365 45.28649 14.2735 45.28662 14.27347 45.28676 14.27349 45.2869 14.27357 45.287 14.27367 45.28707 14.27383 45.28711 14.27405 45.28715 14.27421 45.28717 14.27428 45.28719 14.27438 45.28715 14.27458 45.28718 14.27468 45.2873 14.27483 45.28739 14.27506 45.28752 14.27514 45.28779 14.27519 45.28786 14.27525 45.28791 14.27533 45.28792 14.27535 45.288 14.27536 45.28813 14.27533 45.28823 14.27538 45.28833 14.27543 45.28846 14.27555 45.28858 14.27556 45.28871 14.27568 45.28889 14.27573 45.28905 14.27596 45.28911 14.27599 45.28923 14.27598 45.28932 14.27606 45.28941 14.27606 45.28948 14.27601 45.2897 14.27603 45.28991 14.27634 45.29005 14.27635 45.2901 14.27638 45.29016 14.27644 45.29017 14.27654 45.29021 14.27669 45.29027 14.27679 45.29036 14.27693 45.29044 14.27711 45.29048 14.27727 45.29051 14.27744 45.29051 14.27757 45.29044 14.27774 45.29032 14.27791 45.2902 14.27803 45.29007 14.27808 45.28991 14.2781 45.28978 14.27809 45.28966 14.27809 45.28967 14.27829 45.29053 14.27827 45.29056 14.27865 45.29056 14.2787 45.29117 14.27865 45.29118 14.27829 45.29111 14.27828 45.29111 14.27815 45.29118 14.27815 45.29118 14.27802 45.29112 14.27789 45.29112 14.27739 45.29114 14.27738 45.29118 14.2774 45.29123 14.27742 45.29142 14.27759 45.29125 14.27779 45.29132 14.27793 45.29146 14.27777 45.29184 14.27774 45.29197 14.2777 45.29218 14.27757 45.29238 14.27751 45.29254 14.27756 45.2927 14.27755 45.29278 14.2776 45.29284 14.2777 45.29294 14.27765 45.29297 14.2777 45.29296 14.27776 45.29288 14.2778 45.29286 14.27793 45.29292 14.278 45.29299 14.278 45.29313 14.27792 45.29324 14.27792 45.2933 14.27789 45.29336 14.27781 45.29343 14.27769 45.29348 14.27752 45.29376 14.2774 45.29399 14.27756 45.29416 14.27753 45.29432 14.2775 45.29455 14.27747 45.29471 14.27752 45.29491 14.27752 45.29518 14.27751 45.29541 14.27748 45.29558 14.27738 45.29577 14.27735 45.29588 14.27724 45.29597 14.27715 45.2961 14.27717 45.29628 14.27727 45.29676 14.27727 45.29707 14.27721 45.2972 14.27729 45.29732 14.27749 45.2974 14.27754 45.2977 14.27753 45.29795 14.27776 45.29802 14.27793 45.29828 14.27827 45.29832 14.27837 45.29834 14.27855 45.2983 14.27889 45.29834 14.27905 45.29838 14.27909 45.29841 14.27916 45.29841 14.27923 45.29843 14.27937 45.29849 14.27954 45.29867 14.27974 45.29881 14.27974 45.29887 14.27962 45.29894 14.27958 45.29898 14.27961 45.29901 14.27976 45.2991 14.27982 45.29913 14.27992 45.29908 14.28 45.29908 14.28007 45.29912 14.28012 45.29936 14.28014 45.29947 14.28023 45.29955 14.28037 45.29963 14.28057 45.29967 14.2808 45.29976 14.28098 45.29994 14.28102 45.30017 14.28089 45.30026 14.28089 45.30039 14.28104 45.30055 14.28129 45.30084 14.28163 45.30109 14.28183 45.30163 14.28201 45.30167 14.28172 45.30176 14.28135 45.30212 14.28042 45.30221 14.27986 45.30212 14.27968 45.30206 14.27956 45.30137 14.27925 45.3007 14.27909 45.30047 14.27881 45.30028 14.2785 45.30008 14.27798 45.29999 14.27771 45.29985 14.27726 45.29988 14.27714 45.30007 14.27705 45.30008 14.27698 45.30009 14.27692 45.30009 14.27687 45.30009 14.27682 45.30003 14.27663 45.29974 14.27654 45.29967 14.27641 45.29972 14.27616</gml:posList>
                        </gml:LinearRing>
                      </gml:exterior>
                    </gml:Polygon>
                  </gml:surfaceMember>
                  <gml:surfaceMember>
                    <gml:Polygon gml:id="MEDIA_MONITORED_CILJ_ID_1_CILJ_ID_5_POLUTANT_3_MODEL_301">
                      <gml:exterior>
                        <gml:LinearRing>
                          <gml:posList srsDimension="2">45.39075 14.20201 45.39154 14.19325 45.39166 14.1917 45.39187 14.1902 45.39208 14.18875 45.38889 14.18568 45.38577 14.18253 45.38374 14.18366 45.37875 14.18582 45.37686 14.18653 45.37679 14.18655 45.37672 14.18712 45.37658 14.18786 45.37394 14.1927 45.3727 14.1958 45.37118 14.19922 45.37006 14.20194 45.36873 14.20256 45.3678 14.20266 45.35747 14.20332 45.34762 14.20385 45.3465 14.20397 45.34579 14.20448 45.34397 14.20521 45.34215 14.20583 45.33948 14.20736 45.33562 14.20992 45.33255 14.21226 45.32872 14.21459 45.32735 14.21525 45.32759 14.21306 45.32814 14.21017 45.32879 14.20607 45.32895 14.20432 45.32884 14.20322 45.3282 14.20214 45.32698 14.2004 45.32455 14.19623 45.32372 14.1953 45.32324 14.19513 45.32231 14.19479 45.32119 14.19449 45.31844 14.19408 45.31801 14.1938 45.31767 14.19344 45.31686 14.19228 45.31622 14.1911 45.31553 14.19052 45.31317 14.18916 45.31274 14.18853 45.31162 14.18793 45.3093 14.18703 45.30755 14.18661 45.30611 14.18606 45.30371 14.18598 45.30179 14.18632 45.29985 14.18635 45.29891 14.18653 45.29665 14.18705 45.29514 14.18735 45.29372 14.18819 45.29266 14.18876 45.29201 14.18906 45.29103 14.18915 45.28954 14.18901 45.28817 14.18867 45.28559 14.18793 45.28508 14.1877 45.28413 14.18818 45.28307 14.18834 45.28213 14.18839 45.2817 14.1886 45.28036 14.18947 45.27797 14.19116 45.2759 14.1927 45.27522 14.19343 45.27504 14.19347 45.27504 14.19403 45.27504 14.19454 45.275 14.19479 45.27507 14.19535 45.27519 14.19568 45.27527 14.19616 45.27547 14.19651 45.2756 14.19667 45.27569 14.19677 45.27587 14.19698 45.27592 14.19704 45.27628 14.19755 45.27683 14.1986 45.27777 14.19991 45.27841 14.20086 45.27896 14.20101 45.27961 14.20129 45.28037 14.2012 45.28268 14.20154 45.28374 14.20175 45.28505 14.2019 45.28615 14.20206 45.28769 14.20308 45.28821 14.20324 45.28853 14.2034 45.28939 14.20358 45.29025 14.20361 45.29066 14.20372 45.291 14.20371 45.29129 14.20384 45.29194 14.20388 45.29251 14.20386 45.29336 14.20406 45.29527 14.20411 45.29594 14.20417 45.29669 14.20434 45.29735 14.2043 45.29775 14.2044 45.29895 14.20577 45.29956 14.20665 45.30011 14.20726 45.30137 14.209 45.30177 14.20968 45.30284 14.21088 45.30276 14.2118 45.30277 14.21305 45.30287 14.21393 45.30288 14.21401 45.30289 14.21406 45.30283 14.2155 45.3028 14.2163 45.3028 14.2164 45.30283 14.21745 45.30284 14.21755 45.30287 14.21774 45.30289 14.21791 45.30289 14.21793 45.30288 14.21805 45.30285 14.21843 45.30284 14.21857 45.30282 14.21999 45.30273 14.22027 45.30257 14.22068 45.30232 14.221 45.30157 14.22351 45.3011 14.22461 45.30081 14.22547 45.30054 14.22607 45.3003 14.22645 45.3002 14.22675 45.30011 14.22692 45.29951 14.22685 45.298 14.22622 45.29753 14.22608 45.29709 14.22608 45.29684 14.22616 45.29664 14.22669 45.2965 14.22721 45.29634 14.22827 45.29629 14.22904 45.2961 14.23009 45.29579 14.23214 45.2957 14.23347 45.29545 14.23537 45.29536 14.23901 45.29532 14.23977 45.29533 14.24211 45.29527 14.24283 45.29508 14.24423 45.29734 14.24507 45.29772 14.24521 45.29768 14.24553 45.29765 14.24667 45.2973 14.24837 45.29713 14.24903 45.29706 14.24995 45.29711 14.25049 45.29716 14.2508 45.29736 14.252 45.29733 14.25407 45.29746 14.25522 45.29748 14.25604 45.29749 14.25631 45.2975 14.25668 45.29739 14.25741 45.29757 14.25854 45.29758 14.25862 45.29761 14.25893 45.29767 14.25965 45.29767 14.26005 45.29767 14.26081 45.29753 14.26189 45.29736 14.26279 45.29699 14.2644 45.29752 14.26459 45.29809 14.26471 45.29952 14.2655 45.29987 14.2659 45.30009 14.26623 45.30035 14.26646 45.30058 14.26667 45.30127 14.26738 45.30226 14.26791 45.30328 14.26848 45.30359 14.26953 45.30396 14.27019 45.30446 14.27054 45.30427 14.27089 45.30359 14.27088 45.30171 14.27086 45.30109 14.27468 45.30074 14.27486 45.30052 14.27509 45.30024 14.27536 45.29998 14.27571 45.29972 14.27616 45.29967 14.27641 45.29974 14.27654 45.30003 14.27663 45.30009 14.27682 45.30009 14.27687 45.30009 14.27692 45.30008 14.27698 45.30007 14.27705 45.29988 14.27714 45.29985 14.27726 45.29999 14.27771 45.30008 14.27798 45.30028 14.2785 45.30047 14.27881 45.3007 14.27909 45.30137 14.27925 45.30206 14.27956 45.30212 14.27968 45.30221 14.27986 45.30212 14.28042 45.30176 14.28135 45.30167 14.28172 45.30163 14.28201 45.30174 14.28205 45.30183 14.28205 45.30205 14.28194 45.30225 14.28196 45.30241 14.28209 45.30257 14.28227 45.30297 14.28272 45.30317 14.28285 45.30335 14.28286 45.30349 14.28274 45.30382 14.28248 45.30399 14.28227 45.3041 14.28212 45.3043 14.28186 45.30482 14.28142 45.30507 14.28123 45.30553 14.28112 45.30571 14.28109 45.30591 14.28112 45.306 14.28122 45.30619 14.28159 45.30572 14.28188 45.30578 14.28207 45.30624 14.28179 45.30627 14.28185 45.30649 14.28228 45.30638 14.28252 45.30617 14.28288 45.30613 14.28298 45.306 14.28336 45.30599 14.28352 45.30598 14.28372 45.30602 14.28388 45.30617 14.28416 45.3066 14.28482 45.30682 14.28522 45.30695 14.28537 45.30749 14.28567 45.30789 14.28605 45.30827 14.2863 45.3085 14.28635 45.30904 14.28634 45.30938 14.28651 45.30965 14.28653 45.30982 14.28671 45.31052 14.2871 45.31055 14.28691 45.30996 14.28655 45.3099 14.28649 45.30994 14.28636 45.31003 14.28613 45.31006 14.28602 45.31021 14.28602 45.31037 14.28603 45.31046 14.28616 45.31061 14.28617 45.31069 14.28612 45.31077 14.28612 45.31081 14.28617 45.3107 14.28642 45.31079 14.28649 45.31089 14.28624 45.31101 14.28625 45.31111 14.28628 45.31126 14.2863 45.3114 14.28621 45.31149 14.28612 45.31213 14.28614 45.31229 14.28619 45.31245 14.28624 45.31252 14.2863 45.31304 14.28671 45.31335 14.28705 45.31352 14.28726 45.31361 14.28752 45.31366 14.28779 45.31366 14.28792 45.31373 14.28804 45.31384 14.28805 45.31395 14.28799 45.31411 14.28801 45.31418 14.28811 45.31429 14.28842 45.31449 14.28857 45.31456 14.28867 45.31467 14.28895 45.31469 14.2891 45.3148 14.28936 45.31504 14.28966 45.31518 14.28971 45.31529 14.28978 45.3154 14.28991 45.31542 14.29024 45.31551 14.29039 45.31562 14.29047 45.31587 14.29044 45.31598 14.29049 45.31624 14.29074 45.31657 14.29089 45.31668 14.29097 45.31686 14.29119 45.31712 14.29139 45.31726 14.29147 45.31755 14.29147 45.3178 14.29151 45.31815 14.29187 45.31843 14.29194 45.31851 14.29196 45.31869 14.29211 45.31876 14.29222 45.31885 14.29244 45.31887 14.2928 45.31893 14.29295 45.31898 14.29303 45.31909 14.29333 45.31921 14.29346 45.31929 14.29361 45.3193 14.29378 45.31926 14.29392 45.31908 14.29418 45.31906 14.29441 45.31894 14.29459 45.31894 14.29487 45.31881 14.2951 45.31881 14.29528 45.31891 14.2954 45.31901 14.29545 45.31907 14.29553 45.31906 14.29564 45.31904 14.29569 45.31903 14.29581 45.31914 14.29592 45.31943 14.29614 45.31956 14.29631 45.31961 14.29651 45.31963 14.29692 45.31976 14.29723 45.32008 14.29757 45.32038 14.29796 45.32078 14.29821 45.32128 14.29828 45.32141 14.29832 45.32168 14.29835 45.32181 14.29843 45.32193 14.29858 45.32202 14.29861 45.32224 14.29855 45.32233 14.29857 45.32238 14.29868 45.32238 14.29888 45.32247 14.29901 45.32249 14.29918 45.32255 14.29926 45.32274 14.29923 45.32283 14.29928 45.32291 14.29938 45.32309 14.29938 45.32316 14.29953 45.3237 14.29955 45.3239 14.29973 45.32422 14.29978 45.32429 14.29984 45.32437 14.29993 45.32457 14.2999 45.32462 14.29997 45.32465 14.30001 45.32472 14.30009 45.32482 14.30011 45.325 14.30012 45.32514 14.30007 45.32527 14.29999 45.32532 14.29992 45.32534 14.29981 45.32568 14.29983 45.32581 14.29978 45.32589 14.29981 45.32599 14.29993 45.3261 14.30003 45.32621 14.29999 45.32629 14.29993 45.32647 14.29998 45.32678 14.30025 45.32694 14.30033 45.32702 14.30033 45.32717 14.30023 45.3273 14.30011 45.32732 14.30011 45.3277 14.30008 45.32779 14.30012 45.3278 14.3002 45.32777 14.30041 45.32818 14.30084 45.32816 14.3013 45.32828 14.30132 45.32855 14.3015 45.32878 14.30167 45.32908 14.30176 45.32929 14.30198 45.32944 14.30206 45.32963 14.30225 45.33008 14.30243 45.33024 14.30244 45.33036 14.30196 45.3305 14.30203 45.33036 14.30252 45.33069 14.30289 45.33078 14.30291 45.33099 14.30311 45.33112 14.30317 45.33124 14.30319 45.33135 14.30316 45.33152 14.30308 45.33165 14.30305 45.33174 14.30313 45.3318 14.3032 45.33185 14.30327 45.33191 14.30336 45.33204 14.30351 45.33232 14.3039 45.33257 14.30351 45.33271 14.30379 45.33264 14.30387 45.33289 14.30439 45.33301 14.30426 45.33311 14.30441 45.33335 14.30482 45.3335 14.30508 45.33361 14.30529 45.33358 14.30548 45.33341 14.3055 45.33338 14.30565 45.33357 14.30567 45.33358 14.30614 45.33378 14.30631 45.33375 14.30647 45.33349 14.30647 45.33334 14.30657 45.33328 14.30666 45.33329 14.30678 45.3334 14.30688 45.33352 14.3069 45.33359 14.307 45.33354 14.30716 45.33364 14.30723 45.33374 14.30707 45.33387 14.30722 45.33391 14.30734 45.3338 14.30765 45.33391 14.30777 45.33404 14.30764 45.33421 14.30774 45.33437 14.30788 45.33458 14.30809 45.33479 14.30836 45.33489 14.30841 45.33502 14.30842 45.33505 14.30849 45.33508 14.30875 45.33506 14.30902 45.33498 14.30923 45.33492 14.30946 45.33485 14.30964 45.33469 14.30983 45.3346 14.31 45.33455 14.31017 45.33455 14.31046 45.33457 14.31054 45.33458 14.31072 45.3346 14.31088 45.3346 14.31108 45.33466 14.31116 45.33497 14.31123 45.3355 14.31142 45.33565 14.31097 45.33618 14.31118 45.33622 14.31104 45.33651 14.31115 45.33686 14.31129 45.33701 14.3114 45.33716 14.3111 45.33673 14.31065 45.33653 14.3106 45.33623 14.31048 45.33621 14.31047 45.33634 14.3103 45.3366 14.30998 45.33672 14.30983 45.33678 14.30986 45.33682 14.31006 45.33692 14.31011 45.33706 14.31012 45.33717 14.31016 45.33728 14.31024 45.33736 14.31038 45.33741 14.31041 45.33744 14.31036 45.33746 14.31022 45.33756 14.31011 45.33764 14.31018 45.33779 14.31053 45.33788 14.31053 45.33792 14.3104 45.33797 14.31035 45.338 14.3104 45.338 14.31068 45.33808 14.31078 45.33852 14.31078 45.33843 14.31051 45.33842 14.31044 45.33846 14.31038 45.33855 14.3103 45.33863 14.31035 45.33872 14.31077 45.33887 14.31088 45.33935 14.31082 45.33943 14.31087 45.33944 14.3109 45.3395 14.311 45.3395 14.31112 45.33938 14.31143 45.33938 14.31163 45.3395 14.31191 45.33951 14.31207 45.33945 14.31217 45.33945 14.31227 45.33949 14.31235 45.33962 14.31247 45.33971 14.31247 45.33984 14.31243 45.34001 14.31247 45.34012 14.31257 45.34025 14.31285 45.34039 14.31292 45.34057 14.31292 45.34099 14.31276 45.34115 14.31276 45.34118 14.31281 45.34115 14.31294 45.34115 14.31312 45.34101 14.31338 45.34101 14.31361 45.3411 14.31378 45.34121 14.31388 45.34125 14.31411 45.34139 14.31432 45.34159 14.31447 45.34165 14.31444 45.34171 14.31444 45.34175 14.31457 45.34177 14.31472 45.34193 14.31484 45.34204 14.31487 45.34237 14.31535 45.34253 14.31548 45.34268 14.31547 45.34316 14.3157 45.34377 14.31572 45.34379 14.31572 45.3439 14.31577 45.34401 14.31597 45.34403 14.31655 45.34405 14.31673 45.34411 14.31689 45.34436 14.31724 45.34461 14.31749 45.34498 14.31797 45.3453 14.31863 45.34545 14.31883 45.34553 14.31894 45.34561 14.31904 45.34588 14.31934 45.3463 14.32 45.34652 14.3201 45.34673 14.32025 45.34703 14.32053 45.34707 14.32059 45.34708 14.32065 45.34724 14.32096 45.3477 14.32185 45.34785 14.32166 45.34763 14.32125 45.3475 14.32099 45.34747 14.3208 45.34752 14.32067 45.34761 14.3206 45.3476 14.32035 45.34764 14.32031 45.3477 14.32035 45.34777 14.32049 45.34784 14.32059 45.3484 14.32061 45.34841 14.32116 45.34855 14.32117 45.34856 14.32061 45.34895 14.32066 45.34922 14.3207 45.34967 14.32074 45.35009 14.32089 45.35032 14.32104 45.3506 14.32134 45.35063 14.32145 45.3506 14.32177 45.35071 14.3218 45.35074 14.32158 45.35087 14.32161 45.35095 14.32158 45.35103 14.32158 45.35115 14.3216 45.35117 14.3216 45.35124 14.32166 45.35128 14.32175 45.35132 14.32188 45.35133 14.32244 45.35134 14.323 45.35129 14.32342 45.35122 14.32372 45.35117 14.32385 45.35113 14.32423 45.3511 14.32433 45.3511 14.32456 45.35115 14.32476 45.35128 14.32492 45.35141 14.3249 45.35148 14.3249 45.35155 14.32496 45.35173 14.32504 45.3522 14.32514 45.35252 14.32516 45.35277 14.32523 45.3529 14.32533 45.35317 14.32535 45.35351 14.32525 45.35369 14.32527 45.35389 14.32537 45.35411 14.32555 45.35452 14.32575 45.35474 14.32608 45.35498 14.32623 45.35512 14.32645 45.35532 14.32694 45.35547 14.32711 45.3556 14.32719 45.3557 14.32734 45.3558 14.32767 45.35582 14.32793 45.35594 14.32815 45.35594 14.32833 45.35598 14.32849 45.35616 14.32887 45.35622 14.32943 45.35626 14.32955 45.35624 14.32966 45.35617 14.32979 45.35617 14.3305 45.35615 14.33077 45.35613 14.33092 45.35612 14.33105 45.35609 14.33122 45.35602 14.3315 45.35593 14.3318 45.35586 14.33198 45.3558 14.33214 45.35573 14.3323 45.35561 14.33242 45.35543 14.33246 45.35525 14.33241 45.35534 14.33269 45.35556 14.33284 45.35581 14.33316 45.35609 14.33353 45.35615 14.33362 45.35617 14.33365 45.35626 14.33382 45.35619 14.33411 45.35611 14.33441 45.35599 14.33471 45.35588 14.33501 45.3561 14.33513 45.35627 14.33532 45.35659 14.33573 45.35661 14.33575 45.35681 14.33546 45.35714 14.33467 45.35786 14.33247 45.35792 14.33224 45.35814 14.33132 45.35827 14.3301 45.35844 14.32925 45.35861 14.32867 45.35896 14.32858 45.35993 14.3295 45.36013 14.32944 45.36021 14.32918 45.36024 14.3291 45.36024 14.32909 45.3602 14.32872 45.36037 14.32816 45.36071 14.32706 45.36071 14.32706 45.36054 14.32676 45.36031 14.32638 45.36019 14.32581 45.35996 14.32542 45.35963 14.32543 45.35936 14.32552 45.35909 14.32549 45.35881 14.32526 45.35868 14.32485 45.35857 14.32438 45.35867 14.32413 45.35898 14.32386 45.35915 14.32384 45.35918 14.32352 45.35906 14.32337 45.35892 14.32336 45.35794 14.32281 45.35763 14.32237 45.35758 14.32219 45.35746 14.32174 45.35735 14.32149 45.35726 14.32128 45.35719 14.32103 45.35717 14.32097 45.35699 14.32084 45.3569 14.32078 45.3567 14.32046 45.35648 14.31999 45.35699 14.31918 45.35704 14.31903 45.35713 14.31877 45.35727 14.31862 45.35733 14.31856 45.35759 14.31837 45.35779 14.31832 45.35832 14.31775 45.3588 14.31714 45.35771 14.31536 45.35748 14.31498 45.3572 14.31481 45.35694 14.31452 45.35678 14.3141 45.3567 14.31361 45.35675 14.31362 45.35682 14.31363 45.35676 14.31322 45.35673 14.31304 45.35666 14.31251 45.35665 14.31213 45.35666 14.31195 45.35773 14.31158 45.35778 14.31093 45.35792 14.30965 45.35794 14.30953 45.35794 14.30949 45.35759 14.30963 45.35723 14.30929 45.35688 14.30899 45.35641 14.30855 45.35596 14.30829 45.35554 14.30803 45.3551 14.30784 45.35465 14.30758 45.35425 14.30723 45.35415 14.30705 45.35411 14.30674 45.35413 14.3059 45.35444 14.3053 45.3543 14.30512 45.35396 14.30507 45.35367 14.30525 45.35341 14.30542 45.35325 14.30537 45.35229 14.30488 45.35212 14.30462 45.35191 14.30388 45.35181 14.30318 45.35165 14.30299 45.35147 14.30304 45.35131 14.30374 45.35123 14.30386 45.35113 14.30402 45.3511 14.30402 45.3509 14.30405 45.35047 14.3041 45.35021 14.30445 45.35006 14.30478 45.35001 14.30491 45.34983 14.305 45.34962 14.30495 45.3489 14.30479 45.34878 14.30472 45.34801 14.30428 45.34798 14.30426 45.34683 14.3038 45.34621 14.30338 45.34493 14.30206 45.34308 14.30027 45.34189 14.29941 45.34056 14.29827 45.34016 14.29816 45.33925 14.29765 45.33827 14.29667 45.33825 14.29666 45.33829 14.29637 45.33846 14.29496 45.33869 14.29414 45.33888 14.29292 45.33919 14.29191 45.33952 14.29154 45.33958 14.29134 45.33989 14.29103 45.34015 14.29076 45.34091 14.2902 45.34113 14.29009 45.34157 14.28986 45.34256 14.28956 45.34356 14.28895 45.34469 14.28773 45.34539 14.28667 45.34616 14.28581 45.347 14.28462 45.34851 14.28207 45.34887 14.28157 45.34984 14.282 45.35072 14.2822 45.35121 14.28234 45.3519 14.28263 45.35238 14.28291 45.35386 14.2829 45.35412 14.28283 45.35454 14.28254 45.35605 14.2818 45.35707 14.28163 45.3577 14.28143 45.3585 14.28048 45.35886 14.27971 45.35929 14.27918 45.35976 14.27869 45.35994 14.27844 45.36016 14.27792 45.36098 14.27644 45.36137 14.27546 45.36171 14.27473 45.36265 14.27194 45.36311 14.27079 45.36393 14.26826 45.36417 14.26766 45.36432 14.26742 45.36455 14.26686 45.36611 14.2626 45.36669 14.26082 45.36714 14.2593 45.36762 14.25788 45.3677 14.25753 45.36899 14.25443 45.36918 14.25329 45.36938 14.25241 45.37033 14.25033 45.37083 14.24879 45.37128 14.24798 45.37164 14.24712 45.37227 14.24531 45.37317 14.24164 45.37358 14.24015 45.37443 14.23801 45.37507 14.2366 45.37577 14.23475 45.37636 14.23286 45.37678 14.23116 45.37707 14.23054 45.37707 14.23012 45.37707 14.23005 45.37704 14.22985 45.37696 14.22939 45.37696 14.22862 45.37687 14.22652 45.37693 14.22571 45.37693 14.22545 45.37693 14.22498 45.37688 14.22366 45.37693 14.22256 45.37717 14.22203 45.37788 14.22067 45.37817 14.21997 45.37914 14.21861 45.37935 14.21784 45.37992 14.21692 45.38064 14.21585 45.38166 14.21421 45.38268 14.21215 45.383 14.21207 45.38359 14.21183 45.38428 14.21118 45.38525 14.21041 45.38625 14.20969 45.38727 14.20908 45.38869 14.20807 45.38919 14.2075 45.38983 14.20694 45.39013 14.20664 45.39025 14.20652 45.39039 14.20639 45.39063 14.20614 45.39061 14.20536 45.39075 14.20201</gml:posList>
                        </gml:LinearRing>
                      </gml:exterior>
                    </gml:Polygon>
                  </gml:surfaceMember>
                  <gml:surfaceMember>
                    <gml:Polygon gml:id="MEDIA_MONITORED_CILJ_ID_1_CILJ_ID_5_POLUTANT_3_MODEL_302">
                      <gml:exterior>
                        <gml:LinearRing>
                          <gml:posList srsDimension="2">45.53733 14.48966 45.53681 14.48875 45.53689 14.4883 45.53699 14.48774 45.53678 14.48641 45.53674 14.48614 45.53671 14.48596 45.53655 14.48505 45.5364 14.48447 45.53626 14.48391 45.53603 14.48296 45.53589 14.48291 45.53554 14.48277 45.53485 14.48144 45.53458 14.47996 45.53457 14.47913 45.53445 14.47871 45.53421 14.47835 45.53413 14.4782 45.53401 14.47797 45.53397 14.47758 45.53403 14.47718 45.53403 14.47708 45.53402 14.47706 45.53402 14.477 45.53386 14.47666 45.53388 14.4762 45.53386 14.4761 45.53383 14.47589 45.53366 14.47562 45.53356 14.47546 45.53359 14.4754 45.53364 14.4753 45.5334 14.47499 45.53309 14.47455 45.53299 14.47439 45.53292 14.47428 45.53282 14.47412 45.53267 14.47387 45.53246 14.47351 45.53223 14.47318 45.53193 14.47291 45.53187 14.47286 45.53176 14.47277 45.53148 14.4727 45.53114 14.47245 45.53103 14.47204 45.53092 14.47154 45.53079 14.47138 45.53061 14.47125 45.53031 14.47105 45.53025 14.47103 45.53018 14.471 45.53017 14.47095 45.53012 14.47074 45.53008 14.4706 45.53002 14.47057 45.52978 14.4702 45.52938 14.47 45.52925 14.46973 45.52903 14.46946 45.52892 14.46938 45.52869 14.46923 45.52842 14.46893 45.52801 14.46863 45.52772 14.46838 45.52754 14.46791 45.5273 14.46746 45.52714 14.46723 45.52692 14.46689 45.5266 14.46653 45.52649 14.4664 45.52632 14.46583 45.52623 14.4656 45.52613 14.46536 45.52597 14.46495 45.52564 14.46432 45.52532 14.46387 45.52511 14.46361 45.52496 14.46342 45.52481 14.46297 45.52472 14.46272 45.52464 14.46263 45.52447 14.46246 45.52425 14.46224 45.5241 14.46191 45.52391 14.46151 45.52374 14.46116 45.5235 14.4608 45.52328 14.46041 45.523 14.46001 45.52276 14.45972 45.52251 14.45955 45.52217 14.45935 45.52207 14.45921 45.5217 14.45874 45.52137 14.45804 45.52128 14.45788 45.5209 14.45722 45.52049 14.45644 45.52017 14.45575 45.51983 14.45506 45.51978 14.45451 45.51972 14.45397 45.51966 14.45347 45.51955 14.45248 45.51944 14.45195 45.51921 14.45141 45.51903 14.451 45.51898 14.4507 45.51893 14.45013 45.51886 14.44991 45.51877 14.44959 45.51857 14.44913 45.51842 14.44882 45.51813 14.44825 45.51801 14.44809 45.51795 14.44801 45.51784 14.44775 45.51772 14.44748 45.51764 14.44725 45.51753 14.4469 45.51737 14.44629 45.51712 14.44554 45.51696 14.44493 45.51691 14.44447 45.51683 14.44349 45.51676 14.44271 45.51638 14.44199 45.51634 14.44194 45.5162 14.44174 45.51592 14.44141 45.51569 14.44114 45.51539 14.4408 45.51471 14.44013 45.51417 14.43978 45.51367 14.43943 45.51352 14.43932 45.51309 14.43899 45.51269 14.43869 45.51229 14.4384 45.51213 14.43829 45.51172 14.43804 45.51105 14.43762 45.51077 14.43725 45.51059 14.43666 45.51049 14.43623 45.51043 14.43591 45.5103 14.4351 45.51024 14.43478 45.51014 14.43431 45.51007 14.434 45.50999 14.43361 45.50992 14.43339 45.50978 14.43287 45.50954 14.432 45.50947 14.43187 45.5093 14.43156 45.50903 14.43112 45.50867 14.43053 45.50838 14.43003 45.50795 14.42934 45.50766 14.42882 45.50754 14.42856 45.50744 14.42835 45.50733 14.4282 45.50715 14.42797 45.50701 14.42772 45.50694 14.42759 45.50736 14.42699 45.50771 14.4269 45.50796 14.42685 45.5083 14.42692 45.50837 14.42687 45.50851 14.42678 45.50861 14.42608 45.5088 14.42546 45.50897 14.42514 45.50911 14.42451 45.50931 14.42404 45.50935 14.42396 45.50951 14.42364 45.50968 14.42329 45.50974 14.42316 45.50978 14.423 45.50981 14.42289 45.50986 14.42272 45.50976 14.42229 45.50967 14.4222 45.50961 14.42215 45.50944 14.4222 45.50906 14.42174 45.5092 14.42117 45.50922 14.42073 45.50923 14.42052 45.5096 14.41983 45.50972 14.41955 45.50973 14.4193 45.5097 14.41921 45.50968 14.41917 45.50977 14.41844 45.50978 14.41833 45.50978 14.41825 45.50981 14.41789 45.50986 14.41725 45.50992 14.41628 45.50992 14.41624 45.5099 14.4157 45.50984 14.41563 45.50979 14.41558 45.50938 14.41541 45.50912 14.41525 45.50881 14.41504 45.50868 14.41497 45.50846 14.41485 45.50817 14.41496 45.50795 14.41475 45.5077 14.41438 45.50757 14.41376 45.50742 14.41341 45.50731 14.41315 45.50725 14.41295 45.50709 14.41247 45.50702 14.41214 45.50697 14.41135 45.50693 14.4112 45.5069 14.41107 45.50669 14.41071 45.50641 14.41061 45.50628 14.41053 45.50611 14.41043 45.50581 14.40985 45.50578 14.40975 45.50558 14.40912 45.50569 14.40842 45.50526 14.40833 45.50491 14.4083 45.50472 14.408 45.50465 14.40773 45.50469 14.40749 45.50471 14.40736 45.505 14.40677 45.50505 14.40612 45.50503 14.40589 45.50501 14.40577 45.50486 14.40549 45.50476 14.40534 45.5047 14.40523 45.50469 14.40492 45.50469 14.40485 45.50473 14.40456 45.50483 14.40399 45.50466 14.40372 45.50446 14.40321 45.50435 14.40282 45.5043 14.40265 45.50429 14.40254 45.50428 14.40237 45.50431 14.40209 45.50415 14.40183 45.50396 14.40151 45.50354 14.40075 45.50296 14.40003 45.50282 14.39979 45.50273 14.3992 45.50275 14.39839 45.50257 14.39853 45.5024 14.39867 45.502 14.39901 45.50198 14.39902 45.50162 14.39932 45.50148 14.39944 45.50122 14.39967 45.50095 14.3999 45.50067 14.40014 45.50031 14.39986 45.49992 14.39956 45.49978 14.39945 45.49962 14.39931 45.49933 14.39908 45.49899 14.39881 45.4989 14.39874 45.49881 14.39866 45.49848 14.39841 45.49804 14.39805 45.49779 14.39785 45.4973 14.39745 45.49686 14.3971 45.49661 14.3969 45.49642 14.39675 45.49608 14.39646 45.49601 14.39639 45.49561 14.39599 45.49513 14.39554 45.49467 14.39512 45.49447 14.39486 45.49432 14.39468 45.49418 14.39453 45.49393 14.39424 45.49388 14.39399 45.49384 14.39372 45.49393 14.39315 45.49392 14.39279 45.49397 14.39235 45.49431 14.39183 45.49435 14.39171 45.49441 14.39153 45.49452 14.3912 45.49451 14.39103 45.49451 14.39084 45.49451 14.39075 45.49451 14.39068 45.49427 14.39031 45.49423 14.39024 45.49424 14.38992 45.49422 14.38986 45.49421 14.38979 45.49404 14.38966 45.494 14.38961 45.49396 14.38953 45.4939 14.38908 45.49385 14.3887 45.49383 14.38862 45.4938 14.3885 45.49377 14.38847 45.4937 14.38838 45.49361 14.38831 45.49358 14.38828 45.49353 14.38814 45.49351 14.38789 45.49357 14.38758 45.49354 14.38743 45.49346 14.38703 45.49348 14.38681 45.49337 14.38666 45.49327 14.3865 45.4932 14.38639 45.49264 14.38563 45.49251 14.38546 45.49167 14.38429 45.49121 14.38363 45.4907 14.38291 45.48996 14.3819 45.48971 14.38155 45.48876 14.3802 45.48779 14.37877 45.48764 14.37814 45.48736 14.37701 45.48695 14.37516 45.48657 14.37333 45.48618 14.37151 45.4858 14.36964 45.48543 14.36779 45.48503 14.36596 45.48464 14.36411 45.48437 14.36284 45.48487 14.36255 45.48501 14.36267 45.48502 14.36202 45.485 14.36202 45.48468 14.36189 45.48455 14.3615 45.48463 14.36052 45.48474 14.35908 45.48492 14.35717 45.48498 14.35665 45.48512 14.35528 45.4852 14.35449 45.48531 14.35339 45.48559 14.35074 45.48501 14.34928 45.48494 14.3491 45.4849 14.34901 45.48407 14.34701 45.48306 14.34576 45.4825 14.34505 45.48206 14.3445 45.48121 14.34348 45.48116 14.34334 45.4811 14.34315 45.48092 14.34327 45.48032 14.34261 45.48033 14.34256 45.48035 14.34241 45.48072 14.34192 45.47993 14.33934 45.47971 14.33904 45.47876 14.33807 45.47764 14.33683 45.47685 14.33546 45.47598 14.3339 45.47547 14.33334 45.47451 14.33229 45.47444 14.33215 45.47367 14.33076 45.47294 14.32945 45.47224 14.32815 45.47203 14.3275 45.47168 14.32641 45.47047 14.32262 45.4696 14.32393 45.4691 14.32543 45.46854 14.32673 45.46793 14.32763 45.46713 14.32884 45.46568 14.33001 45.46478 14.33065 45.46384 14.33125 45.46273 14.33199 45.4617 14.3326 45.46106 14.33305 45.45943 14.33307 45.45938 14.3329 45.45926 14.33254 45.45878 14.33289 45.45852 14.33241 45.45834 14.332 45.45839 14.33189 45.45849 14.33168 45.45866 14.33126 45.4587 14.33107 45.45874 14.33083 45.45874 14.33081 45.45874 14.33074 45.45873 14.33063 45.45866 14.33047 45.4585 14.33029 45.45728 14.32909 45.45583 14.32788 45.45511 14.32739 45.45493 14.32767 45.45339 14.32729 45.45236 14.32686 45.45153 14.32651 45.45078 14.32602 45.45002 14.32554 45.44937 14.32539 45.44851 14.32541 45.44783 14.32544 45.44773 14.3246 45.44699 14.32402 45.44628 14.32404 45.44553 14.32394 45.44467 14.32384 45.44397 14.32387 45.443 14.32362 45.44157 14.32352 45.43971 14.32334 45.43838 14.32319 45.43697 14.32314 45.43375 14.32248 45.43117 14.32145 45.43098 14.32137 45.43077 14.32129 45.43089 14.32075 45.43344 14.31765 45.43383 14.31521 45.43408 14.31367 45.43418 14.3132 45.43438 14.31222 45.43359 14.31154 45.43278 14.31085 45.43066 14.30916 45.42933 14.308 45.42791 14.30655 45.42552 14.30379 45.42461 14.30617 45.42449 14.30748 45.42454 14.30857 45.42438 14.3089 45.42401 14.30968 45.42378 14.31056 45.4232 14.31107 45.42273 14.31188 45.42243 14.31271 45.42225 14.31357 45.42126 14.31471 45.42052 14.31486 45.41996 14.3155 45.41944 14.31661 45.41887 14.3173 45.4183 14.3178 45.41728 14.3188 45.41707 14.31957 45.4162 14.3197 45.41492 14.31989 45.41409 14.31921 45.41358 14.31859 45.41289 14.31821 45.41247 14.31741 45.41275 14.31707 45.41332 14.31636 45.41286 14.31581 45.41285 14.3158 45.41258 14.31547 45.41187 14.31492 45.4112 14.31449 45.41091 14.31433 45.41054 14.31411 45.40953 14.31391 45.40899 14.31377 45.40801 14.31423 45.40745 14.31466 45.40676 14.31537 45.40661 14.31539 45.40584 14.31552 45.40575 14.31558 45.40516 14.31597 45.4045 14.31631 45.40395 14.31666 45.40284 14.31734 45.4026 14.31752 45.40199 14.31795 45.40115 14.31855 45.40027 14.3202 45.39975 14.32034 45.39897 14.32057 45.3983 14.32032 45.39752 14.32079 45.3979 14.32185 45.39866 14.32324 45.39873 14.32406 45.39883 14.32539 45.3993 14.32668 45.39944 14.32706 45.39975 14.32784 45.39974 14.32815 45.39972 14.32859 45.39904 14.32896 45.39846 14.3294 45.39744 14.32985 45.39668 14.33134 45.39581 14.33226 45.39512 14.3323 45.39418 14.33326 45.39336 14.33375 45.39274 14.33394 45.39197 14.3336 45.39187 14.33382 45.39144 14.33466 45.39078 14.33479 45.39005 14.3352 45.38952 14.3357 45.38855 14.33612 45.38762 14.33625 45.38753 14.33701 45.38675 14.33761 45.38608 14.3384 45.38524 14.3394 45.38588 14.34034 45.38651 14.34081 45.38703 14.34094 45.38741 14.34173 45.38815 14.3413 45.38886 14.34139 45.38947 14.3414 45.38984 14.34249 45.39069 14.34279 45.39102 14.34364 45.39157 14.34376 45.39246 14.34332 45.39281 14.34328 45.39287 14.34328 45.39305 14.34326 45.39332 14.34323 45.39331 14.34347 45.39326 14.34423 45.39259 14.34544 45.39278 14.34637 45.39281 14.34665 45.39287 14.3471 45.39218 14.34824 45.39252 14.34927 45.39304 14.35 45.39338 14.35097 45.39395 14.35094 45.39362 14.35198 45.39397 14.35285 45.39476 14.35318 45.39547 14.35326 45.3962 14.35335 45.39692 14.35344 45.39769 14.35355 45.39839 14.3537 45.39902 14.35361 45.39932 14.35461 45.39899 14.35549 45.39923 14.35645 45.39895 14.35679 45.39858 14.35724 45.39865 14.35802 45.3995 14.35772 45.39981 14.35795 45.39995 14.35806 45.40015 14.35821 45.4001 14.35896 45.4004 14.35964 45.40055 14.35997 45.40031 14.36115 45.40027 14.36219 45.40036 14.36259 45.40038 14.3627 45.40046 14.36304 45.40033 14.3635 45.40021 14.3639 45.40011 14.36428 45.39995 14.36506 45.39958 14.36638 45.39981 14.36714 45.3998 14.3679 45.40012 14.36906 45.40082 14.3696 45.40094 14.36958 45.40185 14.36947 45.4022 14.37046 45.40275 14.37067 45.40292 14.37077 45.40343 14.37105 45.40338 14.37184 45.40373 14.37266 45.40456 14.37309 45.40511 14.37414 45.40549 14.37431 45.40567 14.3744 45.40599 14.37455 45.40586 14.37584 45.40603 14.37692 45.40657 14.37758 45.40732 14.37769 45.40811 14.37759 45.40904 14.37749 45.40912 14.37769 45.40933 14.37827 45.40942 14.37852 45.40939 14.37867 45.40935 14.37899 45.40929 14.37938 45.40932 14.38026 45.41024 14.38011 45.41087 14.37999 45.41162 14.38094 45.41217 14.38069 45.41282 14.38045 45.41334 14.38128 45.41394 14.3824 45.41401 14.38252 45.41488 14.3821 45.41564 14.38177 45.4171 14.38113 45.41834 14.38038 45.41958 14.37946 45.42117 14.37824 45.42128 14.37902 45.42137 14.37917 45.42157 14.3795 45.42149 14.37965 45.42114 14.38028 45.42124 14.38068 45.42064 14.3813 45.42052 14.38143 45.42078 14.38204 45.4207 14.38278 45.42099 14.38273 45.42124 14.3829 45.42127 14.38292 45.42155 14.38306 45.42154 14.38315 45.42146 14.38355 45.42116 14.38421 45.42075 14.3849 45.42027 14.38558 45.41976 14.3862 45.41928 14.38687 45.41883 14.38735 45.41808 14.38866 45.4177 14.38933 45.41743 14.39005 45.4174 14.39065 45.41785 14.3909 45.4181 14.39085 45.41807 14.39114 45.41827 14.39128 45.41828 14.39145 45.41832 14.39181 45.41805 14.392 45.41794 14.39209 45.41795 14.39247 45.41813 14.39293 45.41842 14.39337 45.41882 14.39339 45.41879 14.39355 45.41875 14.39375 45.41875 14.39376 45.41864 14.39384 45.4185 14.39393 45.41831 14.39417 45.41812 14.39405 45.41792 14.39414 45.41779 14.3944 45.41781 14.39482 45.41742 14.39509 45.41695 14.39541 45.41639 14.39581 45.41608 14.39616 45.41533 14.39747 45.41519 14.39788 45.4147 14.39961 45.41425 14.4013 45.41389 14.40296 45.41345 14.40494 45.41343 14.40627 45.41343 14.40656 45.41331 14.40914 45.41323 14.4112 45.41313 14.41312 45.4131 14.41485 45.41393 14.41662 45.41469 14.41845 45.41553 14.4203 45.41641 14.42229 45.41651 14.42176 45.4168 14.42123 45.41736 14.42102 45.41795 14.4208 45.41865 14.42069 45.41915 14.4205 45.4197 14.42026 45.42008 14.41998 45.42054 14.41979 45.42094 14.41982 45.42136 14.41998 45.42154 14.42024 45.42181 14.42073 45.42205 14.42142 45.42237 14.4223 45.42291 14.423 45.42365 14.42369 45.42413 14.42409 45.42463 14.42432 45.42528 14.42404 45.42591 14.4235 45.42629 14.42292 45.42677 14.42193 45.42705 14.42125 45.42753 14.42018 45.42802 14.4188 45.4284 14.41758 45.42885 14.41638 45.42925 14.41497 45.42972 14.41309 45.43026 14.41258 45.43111 14.41287 45.43163 14.41364 45.43226 14.41354 45.43263 14.41279 45.43324 14.41199 45.43402 14.41199 45.43523 14.41185 45.43548 14.41268 45.43625 14.41326 45.43692 14.41272 45.43747 14.41265 45.43822 14.41192 45.43875 14.41178 45.4394 14.41125 45.43989 14.4104 45.44075 14.40992 45.44139 14.40986 45.44225 14.40936 45.44264 14.41029 45.44334 14.4114 45.44396 14.4125 45.44451 14.41334 45.44496 14.41412 45.4456 14.41518 45.44621 14.41629 45.44706 14.41765 45.44747 14.41841 45.44814 14.41996 45.44822 14.42079 45.44823 14.42132 45.4484 14.42244 45.44895 14.42345 45.44961 14.42436 45.45002 14.42561 45.45029 14.42715 45.45071 14.42853 45.45099 14.42954 45.45164 14.43151 45.4517 14.43163 45.45235 14.43305 45.45328 14.43435 45.45437 14.43536 45.45519 14.4363 45.45644 14.43778 45.45767 14.43925 45.45915 14.44096 45.46052 14.44257 45.46174 14.44415 45.46305 14.44642 45.46397 14.44764 45.46458 14.44839 45.46553 14.44948 45.46665 14.45065 45.46748 14.451 45.46833 14.45136 45.4694 14.45177 45.47022 14.45193 45.47099 14.45207 45.47118 14.45182 45.47198 14.45184 45.47275 14.45229 45.47266 14.45261 45.47317 14.45303 45.47365 14.45338 45.47406 14.45304 45.4743 14.45296 45.47504 14.45264 45.47599 14.4524 45.47728 14.45198 45.47787 14.45225 45.4785 14.45226 45.47932 14.45199 45.48002 14.45252 45.4802 14.45378 45.48084 14.45561 45.48159 14.45596 45.48241 14.45635 45.48314 14.45679 45.4839 14.4574 45.48461 14.45787 45.48571 14.45855 45.48669 14.45989 45.48732 14.4598 45.4884 14.45963 45.48965 14.45953 45.49053 14.45941 45.49137 14.45935 45.49223 14.45933 45.49301 14.45913 45.49387 14.45865 45.49476 14.45855 45.49609 14.4591 45.49668 14.45996 45.49745 14.46087 45.49822 14.46165 45.49865 14.46266 45.49883 14.46364 45.49918 14.46465 45.49952 14.46603 45.49981 14.46612 45.50047 14.46633 45.50116 14.46653 45.50205 14.46705 45.50249 14.4673 45.50369 14.46764 45.50462 14.46787 45.5061 14.46841 45.50638 14.46975 45.50736 14.47237 45.5076 14.47225 45.50807 14.47203 45.50894 14.4716 45.51039 14.47111 45.51169 14.47081 45.51345 14.47059 45.51452 14.4705 45.51568 14.47058 45.51827 14.47053 45.51844 14.47053 45.5193 14.47072 45.52004 14.47144 45.52093 14.47281 45.52095 14.47325 45.52099 14.47378 45.52099 14.47394 45.52089 14.47469 45.52088 14.47475 45.52083 14.4751 45.52074 14.47621 45.52081 14.47723 45.52085 14.47773 45.52083 14.47873 45.52135 14.48067 45.52248 14.48033 45.52284 14.48025 45.52311 14.48019 45.52368 14.48043 45.5245 14.48081 45.52514 14.48128 45.52543 14.4822 45.52594 14.4828 45.5265 14.4835 45.52696 14.48381 45.52831 14.48579 45.52897 14.48676 45.52956 14.48756 45.52983 14.48768 45.53022 14.48786 45.53077 14.48798 45.53134 14.48816 45.53177 14.48831 45.53196 14.48838 45.53252 14.48851 45.53324 14.48872 45.53371 14.48877 45.53392 14.4888 45.53451 14.4891 45.53536 14.48941 45.53568 14.4895 45.53595 14.48958 45.53649 14.48961 45.53733 14.48966</gml:posList>
                        </gml:LinearRing>
                      </gml:exterior>
                    </gml:Polygon>
                  </gml:surfaceMember>
                  <gml:surfaceMember>
                    <gml:Polygon gml:id="MEDIA_MONITORED_CILJ_ID_1_CILJ_ID_5_POLUTANT_3_MODEL_303">
                      <gml:exterior>
                        <gml:LinearRing>
                          <gml:posList srsDimension="2">45.42149 14.37965 45.42157 14.3795 45.42137 14.37917 45.42128 14.37902 45.42117 14.37824 45.41958 14.37946 45.41834 14.38038 45.4171 14.38113 45.41564 14.38177 45.41488 14.3821 45.41401 14.38252 45.41394 14.3824 45.41334 14.38128 45.41282 14.38045 45.41217 14.38069 45.41162 14.38094 45.41087 14.37999 45.41024 14.38011 45.40932 14.38026 45.40929 14.37938 45.40935 14.37899 45.40939 14.37867 45.40942 14.37852 45.40933 14.37827 45.40912 14.37769 45.40904 14.37749 45.40811 14.37759 45.40732 14.37769 45.40657 14.37758 45.40603 14.37692 45.40586 14.37584 45.40599 14.37455 45.40567 14.3744 45.40549 14.37431 45.40511 14.37414 45.40456 14.37309 45.40373 14.37266 45.40338 14.37184 45.40343 14.37105 45.40292 14.37077 45.40275 14.37067 45.4022 14.37046 45.40185 14.36947 45.40094 14.36958 45.40094 14.36993 45.40085 14.36995 45.40059 14.37003 45.40033 14.37011 45.39966 14.37041 45.3989 14.37077 45.39857 14.37108 45.39822 14.37099 45.39778 14.3711 45.39741 14.37127 45.39733 14.37167 45.39721 14.37219 45.39665 14.37231 45.39599 14.37219 45.39542 14.37228 45.39437 14.37203 45.39408 14.37165 45.39371 14.37117 45.39326 14.37084 45.39294 14.37087 45.39241 14.37108 45.39236 14.37176 45.39231 14.37235 45.39202 14.3727 45.3915 14.37268 45.39077 14.37275 45.39036 14.37217 45.39027 14.37157 45.39003 14.37099 45.38981 14.37102 45.3898 14.37036 45.38931 14.37029 45.38882 14.3703 45.38853 14.36998 45.38844 14.36971 45.38839 14.3693 45.38817 14.36941 45.38785 14.36969 45.38758 14.37001 45.38745 14.37065 45.38731 14.37133 45.38695 14.37144 45.3866 14.37145 45.38577 14.37137 45.38519 14.37093 45.38484 14.37063 45.38458 14.37099 45.38415 14.37161 45.38353 14.37137 45.38315 14.37097 45.38287 14.37031 45.38262 14.36952 45.38254 14.3685 45.38242 14.36759 45.38241 14.36683 45.3823 14.36663 45.38201 14.36617 45.38154 14.36558 45.38157 14.36345 45.38091 14.36377 45.38055 14.36436 45.38005 14.36494 45.37968 14.3655 45.37884 14.36614 45.37858 14.36647 45.37794 14.36668 45.37666 14.36734 45.37597 14.36778 45.37547 14.36722 45.37514 14.36723 45.37424 14.36735 45.3735 14.36728 45.37219 14.36705 45.3717 14.36808 45.37133 14.36708 45.36993 14.3674 45.3697 14.36773 45.36945 14.36784 45.36911 14.3677 45.36854 14.36787 45.36744 14.36837 45.36743 14.36846 45.36741 14.36866 45.36739 14.36892 45.36736 14.36957 45.36733 14.37004 45.3672 14.37053 45.36683 14.37106 45.36662 14.37139 45.36628 14.37189 45.3662 14.37234 45.36618 14.37278 45.36625 14.37309 45.36631 14.37336 45.3663 14.3736 45.36628 14.37391 45.36629 14.3746 45.36626 14.37486 45.36619 14.37537 45.36606 14.37606 45.36587 14.37651 45.36575 14.37665 45.36542 14.37589 45.36517 14.37599 45.36507 14.37593 45.36498 14.37552 45.3644 14.37534 45.36396 14.37528 45.36342 14.37535 45.36311 14.37644 45.36293 14.37704 45.3626 14.37791 45.36241 14.37838 45.36225 14.37867 45.36216 14.37883 45.36223 14.37942 45.36213 14.37958 45.36206 14.37969 45.36221 14.38002 45.36207 14.38008 45.36178 14.38022 45.36136 14.38037 45.36097 14.38056 45.3606 14.38088 45.36027 14.38128 45.36025 14.38132 45.36013 14.38168 45.36003 14.38201 45.35995 14.38239 45.35999 14.38261 45.36003 14.38279 45.36022 14.38305 45.36032 14.38319 45.36055 14.38343 45.36058 14.38365 45.36058 14.38424 45.36074 14.38478 45.36084 14.3851 45.36083 14.38552 45.3609 14.38602 45.36073 14.38646 45.36038 14.38733 45.35995 14.38727 45.3596 14.38735 45.35951 14.38748 45.35966 14.38792 45.35961 14.38799 45.35948 14.38814 45.35958 14.38852 45.35961 14.38864 45.35966 14.38892 45.35964 14.38896 45.35958 14.38909 45.35921 14.3892 45.35895 14.38912 45.35875 14.38922 45.3585 14.38916 45.35838 14.38958 45.35843 14.38983 45.35836 14.39016 45.35832 14.39046 45.35854 14.39072 45.35886 14.39084 45.35919 14.39113 45.35946 14.39146 45.35956 14.39171 45.3596 14.39198 45.35999 14.39186 45.36004 14.3932 45.36012 14.39394 45.36015 14.39413 45.36015 14.3942 45.35993 14.39489 45.36023 14.39523 45.36029 14.39528 45.36076 14.39575 45.3608 14.3958 45.36095 14.39603 45.36112 14.39654 45.36123 14.39735 45.36134 14.39786 45.36156 14.39822 45.36169 14.39843 45.36189 14.39879 45.36199 14.39914 45.36206 14.39941 45.36182 14.40003 45.36176 14.40017 45.36154 14.40067 45.3614 14.40098 45.36123 14.40133 45.3612 14.40225 45.36106 14.403 45.36109 14.40335 45.36146 14.40357 45.36194 14.4036 45.36198 14.4036 45.36238 14.40365 45.36273 14.40374 45.36309 14.40348 45.36344 14.40309 45.36363 14.40266 45.364 14.40219 45.36436 14.40203 45.36469 14.40211 45.36518 14.40187 45.36553 14.40179 45.36589 14.40197 45.36621 14.40218 45.36644 14.40192 45.36674 14.40171 45.36703 14.4015 45.36716 14.40172 45.36724 14.40188 45.36732 14.40202 45.36731 14.40213 45.36727 14.4025 45.36704 14.40297 45.36713 14.40316 45.36727 14.40342 45.36777 14.40425 45.36834 14.40487 45.36855 14.40523 45.3687 14.40584 45.36917 14.4064 45.36969 14.40725 45.37004 14.40792 45.37057 14.40808 45.37093 14.40823 45.37139 14.40879 45.37106 14.40928 45.37101 14.40935 45.37084 14.4096 45.37076 14.4109 45.37143 14.41124 45.37157 14.41129 45.37174 14.41136 45.37173 14.412 45.37188 14.41244 45.37231 14.41261 45.37271 14.41296 45.37319 14.41281 45.37375 14.41251 45.37407 14.41209 45.37424 14.41169 45.37455 14.4121 45.37472 14.41239 45.37496 14.41283 45.37497 14.41286 45.375 14.41291 45.37502 14.41295 45.37494 14.41347 45.37523 14.41409 45.3754 14.41476 45.37533 14.41535 45.37504 14.41567 45.37457 14.41598 45.37428 14.4163 45.37422 14.4168 45.37427 14.41751 45.37419 14.41855 45.37436 14.41897 45.3748 14.41918 45.37504 14.4193 45.37529 14.41942 45.3752 14.41953 45.37512 14.41962 45.37527 14.42071 45.37541 14.4209 45.37587 14.4212 45.37587 14.42121 45.37602 14.42168 45.37599 14.42218 45.37631 14.42329 45.37659 14.42336 45.37708 14.42322 45.37741 14.42292 45.37788 14.42398 45.37838 14.42462 45.37871 14.4255 45.37934 14.42673 45.38019 14.42759 45.38148 14.4262 45.38224 14.42562 45.38344 14.4247 45.38452 14.42369 45.38555 14.42276 45.38642 14.42201 45.38715 14.42084 45.3874 14.42061 45.38802 14.41977 45.38855 14.41905 45.38872 14.41875 45.3889 14.41841 45.38909 14.41791 45.38947 14.41814 45.38981 14.4187 45.39025 14.41897 45.3909 14.41917 45.39128 14.41931 45.39177 14.41912 45.39189 14.41856 45.39206 14.4183 45.39236 14.41876 45.39238 14.41873 45.39248 14.41853 45.39244 14.41835 45.39241 14.41821 45.39237 14.41805 45.39236 14.41799 45.39235 14.41661 45.39234 14.41623 45.39258 14.41613 45.39269 14.41573 45.3928 14.41478 45.39295 14.41414 45.39296 14.41378 45.39324 14.413 45.39347 14.41213 45.39352 14.41159 45.39346 14.4111 45.39364 14.41097 45.39402 14.4107 45.39437 14.41033 45.39488 14.41005 45.39506 14.40959 45.39519 14.40895 45.3952 14.40866 45.39521 14.40857 45.39522 14.40829 45.39515 14.40817 45.39512 14.40813 45.39505 14.40802 45.39498 14.40744 45.39503 14.40727 45.39507 14.40711 45.3953 14.40727 45.39581 14.40704 45.3962 14.40674 45.39647 14.40617 45.39657 14.40548 45.39666 14.40472 45.39735 14.40462 45.39771 14.40423 45.39902 14.40377 45.3999 14.40332 45.40086 14.40302 45.4019 14.4028 45.40282 14.4028 45.40365 14.40284 45.40366 14.4022 45.40514 14.40177 45.40536 14.40178 45.40536 14.40141 45.40512 14.40115 45.40561 14.4008 45.40643 14.4005 45.40668 14.40059 45.40732 14.40043 45.40774 14.4 45.40809 14.40036 45.40873 14.39997 45.40904 14.39934 45.40997 14.39903 45.41044 14.39907 45.41101 14.39884 45.41111 14.39861 45.41152 14.39838 45.41164 14.39806 45.41199 14.39795 45.41263 14.39779 45.41297 14.39789 45.41309 14.39848 45.41334 14.39872 45.41383 14.39845 45.41406 14.39829 45.4142 14.39843 45.41482 14.39775 45.41533 14.39747 45.41608 14.39616 45.41639 14.39581 45.41695 14.39541 45.41742 14.39509 45.41781 14.39482 45.41779 14.3944 45.41792 14.39414 45.41812 14.39405 45.41831 14.39417 45.4185 14.39393 45.41864 14.39384 45.41875 14.39376 45.41875 14.39375 45.41879 14.39355 45.41882 14.39339 45.41842 14.39337 45.41813 14.39293 45.41795 14.39247 45.41794 14.39209 45.41805 14.392 45.41832 14.39181 45.41828 14.39145 45.41827 14.39128 45.41807 14.39114 45.4181 14.39085 45.41785 14.3909 45.4174 14.39065 45.41743 14.39005 45.4177 14.38933 45.41808 14.38866 45.41883 14.38735 45.41928 14.38687 45.41976 14.3862 45.42027 14.38558 45.42075 14.3849 45.42116 14.38421 45.42146 14.38355 45.42154 14.38315 45.42155 14.38306 45.42127 14.38292 45.42124 14.3829 45.42099 14.38273 45.4207 14.38278 45.42078 14.38204 45.42052 14.38143 45.42064 14.3813 45.42124 14.38068 45.42114 14.38028 45.42149 14.37965</gml:posList>
                        </gml:LinearRing>
                      </gml:exterior>
                    </gml:Polygon>
                  </gml:surfaceMember>
                  <gml:surfaceMember>
                    <gml:Polygon gml:id="MEDIA_MONITORED_CILJ_ID_1_CILJ_ID_5_POLUTANT_3_MODEL_304">
                      <gml:exterior>
                        <gml:LinearRing>
                          <gml:posList srsDimension="2">45.37638 14.43855 45.3768 14.4387 45.37695 14.43762 45.37706 14.43715 45.37742 14.43684 45.37859 14.43704 45.37911 14.43724 45.37983 14.43692 45.38048 14.43683 45.38197 14.43391 45.38244 14.43363 45.38358 14.43342 45.38394 14.43308 45.3842 14.43284 45.38366 14.4318 45.38303 14.43082 45.38248 14.42979 45.3814 14.42878 45.38076 14.4283 45.38019 14.42759 45.37934 14.42673 45.37871 14.4255 45.37838 14.42462 45.37788 14.42398 45.37741 14.42292 45.37708 14.42322 45.37659 14.42336 45.37631 14.42329 45.37599 14.42218 45.37602 14.42168 45.37587 14.42121 45.37587 14.4212 45.37541 14.4209 45.37527 14.42071 45.37512 14.41962 45.3752 14.41953 45.37529 14.41942 45.37504 14.4193 45.3748 14.41918 45.37436 14.41897 45.37419 14.41855 45.37427 14.41751 45.37422 14.4168 45.37428 14.4163 45.37457 14.41598 45.37504 14.41567 45.37533 14.41535 45.3754 14.41476 45.37523 14.41409 45.37494 14.41347 45.37502 14.41295 45.375 14.41291 45.37497 14.41286 45.37496 14.41283 45.37472 14.41239 45.37455 14.4121 45.37424 14.41169 45.37407 14.41209 45.37375 14.41251 45.37319 14.41281 45.37271 14.41296 45.37231 14.41261 45.37188 14.41244 45.37173 14.412 45.37174 14.41136 45.37157 14.41129 45.37143 14.41124 45.37076 14.4109 45.37084 14.4096 45.37101 14.40935 45.37106 14.40928 45.37139 14.40879 45.37093 14.40823 45.37057 14.40808 45.37004 14.40792 45.36969 14.40725 45.36917 14.4064 45.3687 14.40584 45.36855 14.40523 45.36834 14.40487 45.36777 14.40425 45.36727 14.40342 45.36713 14.40316 45.36704 14.40297 45.36727 14.4025 45.36731 14.40213 45.36732 14.40202 45.36724 14.40188 45.36716 14.40172 45.36703 14.4015 45.36674 14.40171 45.36644 14.40192 45.36621 14.40218 45.36589 14.40197 45.36553 14.40179 45.36518 14.40187 45.36469 14.40211 45.36436 14.40203 45.364 14.40219 45.36363 14.40266 45.36344 14.40309 45.36309 14.40348 45.36273 14.40374 45.36238 14.40365 45.36198 14.4036 45.36194 14.4036 45.36146 14.40357 45.36109 14.40335 45.36106 14.403 45.3612 14.40225 45.36123 14.40133 45.3614 14.40098 45.36154 14.40067 45.36176 14.40017 45.36182 14.40003 45.36206 14.39941 45.36199 14.39914 45.36189 14.39879 45.36169 14.39843 45.36156 14.39822 45.36134 14.39786 45.36123 14.39735 45.36112 14.39654 45.36095 14.39603 45.3608 14.3958 45.36076 14.39575 45.36029 14.39528 45.36023 14.39523 45.35993 14.39489 45.36015 14.3942 45.36015 14.39413 45.36012 14.39394 45.36004 14.3932 45.35999 14.39186 45.3596 14.39198 45.35956 14.39171 45.35946 14.39146 45.35919 14.39113 45.35886 14.39084 45.35854 14.39072 45.35832 14.39046 45.35836 14.39016 45.35843 14.38983 45.35838 14.38958 45.3585 14.38916 45.35875 14.38922 45.35895 14.38912 45.35921 14.3892 45.35958 14.38909 45.35964 14.38896 45.35966 14.38892 45.35961 14.38864 45.35958 14.38852 45.35948 14.38814 45.35961 14.38799 45.35966 14.38792 45.35951 14.38748 45.3596 14.38735 45.35995 14.38727 45.36038 14.38733 45.36073 14.38646 45.3609 14.38602 45.36083 14.38552 45.36084 14.3851 45.36074 14.38478 45.36058 14.38424 45.36058 14.38365 45.36055 14.38343 45.36032 14.38319 45.36022 14.38305 45.36003 14.38279 45.35999 14.38261 45.35995 14.38239 45.36003 14.38201 45.36013 14.38168 45.36025 14.38132 45.36027 14.38128 45.3606 14.38088 45.36097 14.38056 45.36136 14.38037 45.36178 14.38022 45.36207 14.38008 45.36221 14.38002 45.36206 14.37969 45.36213 14.37958 45.36223 14.37942 45.36216 14.37883 45.36225 14.37867 45.36241 14.37838 45.3626 14.37791 45.36293 14.37704 45.36311 14.37644 45.36342 14.37535 45.36396 14.37528 45.3644 14.37534 45.36498 14.37552 45.36507 14.37593 45.36517 14.37599 45.36542 14.37589 45.36575 14.37665 45.36587 14.37651 45.36606 14.37606 45.36619 14.37537 45.36626 14.37486 45.36629 14.3746 45.36628 14.37391 45.3663 14.3736 45.36631 14.37336 45.36625 14.37309 45.36618 14.37278 45.3662 14.37234 45.36628 14.37189 45.36662 14.37139 45.36683 14.37106 45.3672 14.37053 45.36733 14.37004 45.36736 14.36957 45.36739 14.36892 45.36741 14.36866 45.36743 14.36846 45.36744 14.36837 45.36709 14.36843 45.36658 14.36836 45.36613 14.36822 45.36599 14.36808 45.36577 14.36847 45.36569 14.3688 45.36537 14.36905 45.36512 14.36943 45.3645 14.36991 45.36429 14.37024 45.36424 14.3704 45.36402 14.37041 45.36377 14.36987 45.36367 14.36954 45.36371 14.36911 45.36347 14.3696 45.36317 14.37013 45.36287 14.37032 45.36258 14.37011 45.36241 14.36987 45.36209 14.36935 45.36174 14.36884 45.36128 14.36871 45.36091 14.36848 45.36089 14.36828 45.36094 14.36807 45.36097 14.36796 45.36096 14.36795 45.36096 14.36794 45.36094 14.3677 45.36036 14.36756 45.36004 14.36733 45.35968 14.36675 45.35922 14.36627 45.35926 14.36573 45.35931 14.36524 45.35931 14.36517 45.35927 14.36485 45.35922 14.36452 45.35923 14.36391 45.35934 14.36351 45.35938 14.36292 45.3596 14.36259 45.35974 14.36238 45.35942 14.36172 45.35934 14.36156 45.35943 14.36121 45.35936 14.36111 45.35926 14.36096 45.35898 14.36059 45.35863 14.36025 45.35855 14.36017 45.35841 14.36005 45.35826 14.3596 45.35831 14.35932 45.35864 14.35895 45.35891 14.35882 45.35926 14.35877 45.3595 14.35853 45.35956 14.35841 45.35958 14.35838 45.35962 14.35831 45.35952 14.35829 45.35934 14.35826 45.35913 14.35821 45.35912 14.35805 45.35879 14.35818 45.35864 14.35771 45.3588 14.35758 45.35896 14.35737 45.35914 14.35718 45.35917 14.35699 45.35919 14.35685 45.35918 14.35675 45.35917 14.35665 45.35916 14.35658 45.35916 14.35653 45.35905 14.35625 45.35904 14.35624 45.35893 14.3561 45.35881 14.35606 45.3586 14.35597 45.35824 14.35593 45.3577 14.35598 45.35732 14.35598 45.35677 14.35585 45.35632 14.35578 45.35601 14.35595 45.35573 14.35615 45.35555 14.35633 45.3551 14.35665 45.35501 14.35672 45.35407 14.35678 45.3536 14.35682 45.35308 14.35701 45.35265 14.35709 45.35333 14.35566 45.35372 14.35493 45.35402 14.35452 45.35435 14.3537 45.35463 14.3527 45.35464 14.35167 45.35479 14.35062 45.35499 14.34962 45.35497 14.34887 45.35523 14.34807 45.35567 14.34715 45.35651 14.34544 45.35727 14.34362 45.35893 14.34033 45.35972 14.33846 45.35996 14.33802 45.35895 14.33714 45.35815 14.33643 45.35801 14.33644 45.3574 14.33659 45.35718 14.33658 45.35694 14.33622 45.35661 14.33575 45.35659 14.33573 45.35627 14.33532 45.3561 14.33513 45.35588 14.33501 45.35599 14.33471 45.35611 14.33441 45.35619 14.33411 45.35626 14.33382 45.35617 14.33365 45.35615 14.33362 45.35609 14.33353 45.35581 14.33316 45.35556 14.33284 45.35534 14.33269 45.35525 14.33241 45.35523 14.3324 45.35512 14.33232 45.35499 14.33222 45.35489 14.3321 45.35471 14.332 45.35373 14.33201 45.35292 14.33222 45.3523 14.33241 45.35224 14.33249 45.35225 14.33281 45.35223 14.33289 45.35187 14.33341 45.35178 14.33377 45.35175 14.33406 45.35179 14.33441 45.3518 14.33453 45.35184 14.33466 45.35189 14.33491 45.35193 14.33505 45.35195 14.33514 45.35193 14.33526 45.35184 14.3354 45.35179 14.33553 45.35179 14.33573 45.35187 14.33594 45.35187 14.33601 45.3518 14.33614 45.35182 14.33691 45.35175 14.33706 45.35164 14.33714 45.35096 14.3372 45.35078 14.3373 45.35065 14.33753 45.35067 14.33792 45.35067 14.33804 45.35064 14.3381 45.35053 14.33815 45.35046 14.33815 45.35037 14.33828 45.3503 14.33853 45.35023 14.33864 45.35021 14.33877 45.35023 14.33892 45.35024 14.33907 45.35021 14.33912 45.3501 14.33915 45.35004 14.33926 45.35002 14.33951 45.34987 14.33969 45.34987 14.33979 45.3499 14.33986 45.34993 14.33991 45.34991 14.34002 45.34982 14.34015 45.34982 14.3404 45.34995 14.34073 45.34995 14.34096 45.35002 14.34109 45.35008 14.34129 45.35008 14.3416 45.35012 14.3417 45.35012 14.34185 45.35008 14.34193 45.35002 14.342 45.34985 14.34198 45.34972 14.34198 45.34953 14.34211 45.34941 14.3422 45.34923 14.34241 45.34922 14.34255 45.34925 14.34269 45.34923 14.34283 45.34912 14.34289 45.34899 14.34291 45.34853 14.34361 45.34849 14.34376 45.34831 14.34399 45.34824 14.34422 45.34823 14.34453 45.34816 14.34466 45.34814 14.34489 45.34801 14.34514 45.34798 14.34596 45.34795 14.34622 45.34788 14.3464 45.34773 14.3466 45.34756 14.34696 45.34749 14.34706 45.3474 14.34712 45.34727 14.3473 45.34722 14.34748 45.34708 14.34771 45.34704 14.34781 45.34705 14.34799 45.34702 14.34809 45.34697 14.34817 45.34679 14.34865 45.34665 14.34895 45.34665 14.34917 45.34661 14.34945 45.34653 14.34963 45.34649 14.34975 45.34649 14.34988 45.34645 14.35002 45.34632 14.35037 45.3463 14.3507 45.34625 14.35093 45.34614 14.35116 45.34609 14.35137 45.34591 14.35173 45.34584 14.35229 45.34579 14.35242 45.34563 14.35234 45.34557 14.35242 45.34557 14.35256 45.34557 14.35257 45.34563 14.3528 45.34559 14.35296 45.34543 14.35319 45.34546 14.35355 45.34545 14.35367 45.34531 14.35388 45.3453 14.35399 45.34534 14.35406 45.34535 14.35416 45.34526 14.35439 45.34526 14.35467 45.34548 14.35495 45.34556 14.35509 45.34559 14.35523 45.34555 14.35537 45.34534 14.35574 45.34512 14.356 45.34511 14.35615 45.34498 14.35638 45.34495 14.35664 45.34486 14.35674 45.34481 14.35687 45.34473 14.35697 45.34461 14.35705 45.34454 14.35705 45.34439 14.35721 45.34434 14.35736 45.34409 14.35772 45.34406 14.35787 45.34401 14.35794 45.34395 14.35795 45.34382 14.35818 45.34375 14.35821 45.34366 14.35834 45.34363 14.35859 45.3434 14.3589 45.34336 14.35918 45.34327 14.35949 45.34327 14.35969 45.34315 14.36018 45.34317 14.36042 45.34315 14.36054 45.34308 14.36064 45.34299 14.36069 45.3429 14.36074 45.34276 14.36095 45.34265 14.36121 45.3426 14.36149 45.34262 14.36187 45.34275 14.36215 45.34304 14.36246 45.34316 14.36266 45.34322 14.36278 45.34326 14.36299 45.34324 14.36308 45.34318 14.36312 45.34309 14.36312 45.34266 14.36312 45.34234 14.36325 45.34225 14.36333 45.34213 14.36354 45.34202 14.36359 45.34193 14.36382 45.34193 14.36405 45.34204 14.36445 45.34202 14.36479 45.34181 14.3651 45.34176 14.36527 45.3417 14.36556 45.3417 14.36563 45.34169 14.36604 45.34162 14.36625 45.34162 14.36642 45.34165 14.36662 45.34161 14.36678 45.34153 14.36689 45.34135 14.36715 45.34119 14.36767 45.34112 14.36783 45.34103 14.36794 45.34098 14.36807 45.34096 14.3684 45.34091 14.36868 45.34091 14.36914 45.34102 14.36929 45.34117 14.36939 45.34123 14.36943 45.34123 14.36954 45.34128 14.36959 45.34137 14.36967 45.34135 14.36977 45.34124 14.36998 45.34124 14.37003 45.34135 14.3702 45.3414 14.37043 45.34147 14.37059 45.34147 14.37065 45.34147 14.37066 45.3414 14.37075 45.34129 14.37083 45.34112 14.371 45.34099 14.37113 45.34086 14.37128 45.34081 14.37144 45.34081 14.37164 45.34083 14.3718 45.34084 14.37198 45.34083 14.37217 45.34078 14.3723 45.34071 14.37239 45.34063 14.37243 45.34052 14.37243 45.34042 14.37246 45.34036 14.37262 45.34034 14.37273 45.3403 14.37282 45.34023 14.37291 45.34019 14.37302 45.34021 14.37318 45.34023 14.37334 45.34022 14.37353 45.34023 14.37371 45.34023 14.37392 45.34016 14.37422 45.34011 14.37451 45.34006 14.37465 45.33997 14.37484 45.33989 14.37503 45.3398 14.37519 45.33976 14.37531 45.33975 14.37539 45.33973 14.37544 45.33966 14.37551 45.33961 14.37555 45.33956 14.37561 45.33956 14.37563 45.33956 14.37569 45.3396 14.37577 45.33965 14.37584 45.3397 14.37588 45.33971 14.37593 45.33968 14.37601 45.33963 14.37606 45.3396 14.37616 45.33965 14.37623 45.33972 14.37635 45.33971 14.37641 45.33965 14.37648 45.33952 14.37652 45.33939 14.37663 45.33922 14.37688 45.33911 14.37709 45.33905 14.37725 45.33901 14.3774 45.339 14.37748 45.33904 14.37765 45.33913 14.37793 45.33922 14.37825 45.33925 14.37836 45.33925 14.37845 45.33922 14.3786 45.33916 14.37883 45.33914 14.37891 45.33911 14.37905 45.33895 14.379 45.33879 14.37895 45.33882 14.37841 45.33882 14.37814 45.3387 14.37813 45.33868 14.37876 45.33866 14.37908 45.33877 14.37911 45.33899 14.37919 45.33905 14.37935 45.33904 14.37956 45.33901 14.37969 45.3389 14.3799 45.33872 14.38015 45.33864 14.38033 45.33857 14.38047 45.33847 14.38057 45.3384 14.38067 45.3384 14.38078 45.33839 14.38096 45.33837 14.38121 45.33835 14.38134 45.33828 14.38159 45.33822 14.38191 45.33817 14.38216 45.33814 14.38259 45.33812 14.38288 45.3381 14.38308 45.33796 14.3833 45.33784 14.3836 45.33777 14.38397 45.33776 14.38413 45.33772 14.38429 45.33766 14.3844 45.33763 14.38453 45.33763 14.38468 45.33762 14.38485 45.33757 14.38496 45.33749 14.38508 45.33745 14.38518 45.33744 14.38537 45.33742 14.3859 45.33742 14.3861 45.3375 14.38629 45.33754 14.3864 45.33756 14.38654 45.33755 14.38666 45.33749 14.38674 45.33736 14.38685 45.33726 14.38705 45.33722 14.38723 45.33723 14.38737 45.33723 14.38755 45.33732 14.38784 45.33738 14.38801 45.33739 14.38821 45.33734 14.38844 45.33725 14.38858 45.33712 14.38862 45.33682 14.38861 45.33676 14.38893 45.33635 14.38884 45.33635 14.3884 45.33642 14.38815 45.33634 14.3881 45.33624 14.38836 45.33619 14.38932 45.33627 14.38932 45.33629 14.38939 45.33621 14.38946 45.33655 14.39025 45.33667 14.39054 45.33646 14.39074 45.33632 14.39046 45.33617 14.39059 45.33634 14.39102 45.336 14.39134 45.33655 14.39274 45.33635 14.39289 45.33645 14.39317 45.33619 14.39335 45.33601 14.3929 45.33588 14.39298 45.33667 14.39649 45.33619 14.39672 45.33555 14.39399 45.33537 14.39398 45.33505 14.39275 45.33503 14.39256 45.33504 14.3924 45.33519 14.39184 45.33506 14.39176 45.33486 14.39243 45.33484 14.39259 45.33487 14.3928 45.33521 14.39405 45.33519 14.39445 45.33514 14.39495 45.3351 14.39526 45.33503 14.39559 45.33502 14.39577 45.33503 14.39586 45.33523 14.39616 45.33523 14.39729 45.33521 14.39973 45.33521 14.39992 45.33476 14.39993 45.33475 14.40021 45.33526 14.4002 45.33526 14.40082 45.33486 14.40083 45.33486 14.40175 45.33449 14.40177 45.33449 14.401 45.33462 14.40098 45.33462 14.4007 45.33455 14.4007 45.33456 14.39988 45.33448 14.39968 45.33436 14.39981 45.33441 14.39998 45.33438 14.40078 45.33435 14.4019 45.33433 14.4033 45.33424 14.40347 45.33412 14.40345 45.33394 14.40373 45.33412 14.40401 45.33427 14.4039 45.33426 14.40449 45.33422 14.4046 45.33395 14.40503 45.33391 14.40521 45.33391 14.40599 45.33393 14.4061 45.33406 14.40642 45.3343 14.40685 45.3344 14.40703 45.33443 14.40717 45.33445 14.40918 45.33443 14.40944 45.33443 14.40954 45.33436 14.40994 45.33428 14.41031 45.33406 14.41084 45.33374 14.41139 45.3339 14.41159 45.33395 14.41145 45.33415 14.41161 45.33345 14.41377 45.33304 14.41356 45.33265 14.41335 45.3326 14.41323 45.33256 14.41314 45.33265 14.41256 45.33275 14.4126 45.33282 14.4123 45.33274 14.41227 45.33278 14.41208 45.33286 14.4121 45.33293 14.41175 45.33284 14.41171 45.33286 14.41156 45.33296 14.41158 45.33298 14.41129 45.3329 14.41128 45.33292 14.41103 45.33293 14.41078 45.33282 14.41077 45.33278 14.41128 45.33278 14.41148 45.33254 14.41261 45.33246 14.41304 45.33246 14.41322 45.33252 14.41339 45.33266 14.41354 45.33281 14.41366 45.33267 14.41414 45.3326 14.41436 45.33216 14.41578 45.33212 14.41605 45.33207 14.41645 45.33177 14.41733 45.33167 14.41768 45.33151 14.41803 45.33142 14.41853 45.33134 14.41915 45.33133 14.41949 45.33127 14.41971 45.33122 14.42 45.33122 14.42019 45.3312 14.4203 45.33113 14.4205 45.33093 14.42083 45.33084 14.42098 45.33078 14.42103 45.33076 14.42104 45.3306 14.421 45.3304 14.42091 45.32993 14.42089 45.32959 14.42096 45.32949 14.42105 45.32941 14.42118 45.32936 14.42142 45.32933 14.42169 45.33059 14.4223 45.33025 14.42391 45.33016 14.42436 45.32987 14.42601 45.32973 14.42668 45.32882 14.42605 45.32848 14.42696 45.3294 14.4277 45.32865 14.42999 45.32832 14.43102 45.32824 14.43126 45.32809 14.43168 45.32674 14.43077 45.32635 14.43186 45.32797 14.43308 45.32707 14.43568 45.32592 14.43489 45.32555 14.43585 45.32681 14.4367 45.3265 14.43757 45.32696 14.43793 45.32671 14.4386 45.32617 14.43824 45.32593 14.43878 45.32651 14.43918 45.3263 14.43973 45.32617 14.44009 45.32567 14.4398 45.32555 14.44099 45.32582 14.44118 45.32568 14.44151 45.32551 14.4419 45.3247 14.44124 45.32409 14.4407 45.32391 14.44054 45.32391 14.43989 45.32406 14.43982 45.32405 14.43869 45.32411 14.4383 45.32414 14.43765 45.32434 14.43491 45.32445 14.43331 45.32456 14.43201 45.32468 14.43152 45.32479 14.43123 45.32553 14.42903 45.32581 14.42823 45.32601 14.42758 45.32654 14.42593 45.32663 14.42566 45.32672 14.42492 45.32681 14.42403 45.32715 14.42096 45.3272 14.42056 45.3272 14.42022 45.32714 14.41928 45.32696 14.41932 45.32702 14.42031 45.32702 14.4206 45.32696 14.42119 45.32646 14.42555 45.32636 14.42587 45.32596 14.42705 45.32498 14.4299 45.32433 14.43196 45.32425 14.43221 45.32422 14.4325 45.32419 14.43318 45.32385 14.43793 45.32376 14.43862 45.32363 14.43875 45.32302 14.43882 45.32309 14.4391 45.3236 14.43912 45.32354 14.43999 45.32352 14.44018 45.32375 14.44003 45.32375 14.44034 45.32355 14.44042 45.32347 14.44066 45.32329 14.44144 45.32289 14.44305 45.32288 14.44312 45.32318 14.44381 45.32305 14.44424 45.32298 14.44414 45.32295 14.4444 45.32266 14.44408 45.32194 14.44332 45.32196 14.44324 45.32221 14.44212 45.32199 14.44192 45.32165 14.44286 45.32163 14.44291 45.32144 14.44272 45.32145 14.44262 45.32168 14.44108 45.32193 14.43944 45.32202 14.43887 45.32253 14.43893 45.32254 14.43874 45.32201 14.43864 45.32171 14.43785 45.3216 14.43793 45.32184 14.43865 45.32151 14.44105 45.32124 14.44254 45.3212 14.44285 45.32126 14.44327 45.3217 14.44524 45.32197 14.44639 45.32204 14.44698 45.32203 14.44783 45.32199 14.44799 45.32178 14.44852 45.32166 14.44894 45.32252 14.44968 45.32263 14.4497 45.32272 14.45013 45.32221 14.45011 45.32219 14.45068 45.32193 14.45062 45.32192 14.45077 45.32213 14.45086 45.32192 14.45198 45.3218 14.45194 45.32178 14.45211 45.32188 14.45216 45.32167 14.45354 45.32158 14.45362 45.32153 14.45374 45.3215 14.45383 45.32149 14.45397 45.32151 14.4541 45.32155 14.45423 45.32155 14.45434 45.3215 14.45474 45.32146 14.45486 45.3214 14.45498 45.32125 14.45512 45.32111 14.45536 45.32102 14.45554 45.32091 14.45597 45.3209 14.4563 45.32093 14.45679 45.32104 14.45715 45.32118 14.45743 45.32123 14.4576 45.32124 14.45804 45.32122 14.45851 45.3212 14.45867 45.32118 14.45881 45.32111 14.45909 45.321 14.45947 45.32074 14.45999 45.3204 14.46067 45.32003 14.46124 45.31988 14.46157 45.31977 14.46145 45.31969 14.46157 45.3198 14.46171 45.31968 14.46191 45.31955 14.46226 45.31941 14.46266 45.31931 14.46289 45.31923 14.46304 45.31904 14.46317 45.3189 14.4633 45.3188 14.46352 45.31876 14.46373 45.3187 14.4639 45.31871 14.46421 45.31862 14.46447 45.31847 14.46473 45.31839 14.46483 45.31832 14.46485 45.31818 14.4649 45.31806 14.46505 45.31798 14.46514 45.31794 14.46529 45.31792 14.4655 45.31787 14.46571 45.31777 14.46596 45.31769 14.46615 45.31761 14.46621 45.31745 14.46631 45.31716 14.46637 45.31699 14.46642 45.31686 14.46659 45.3168 14.46665 45.3167 14.4667 45.31663 14.46684 45.31651 14.46692 45.31626 14.46705 45.3161 14.46714 45.31597 14.46725 45.31593 14.46737 45.3159 14.46749 45.31576 14.46766 45.31567 14.46776 45.31566 14.46808 45.3157 14.46833 45.31568 14.4686 45.31559 14.469 45.31552 14.46922 45.31543 14.46937 45.31531 14.46939 45.31519 14.46945 45.31505 14.46947 45.31491 14.46949 45.31477 14.46959 45.31471 14.46973 45.31462 14.46987 45.31448 14.46996 45.3143 14.47002 45.31415 14.47008 45.31401 14.4702 45.31392 14.47037 45.31387 14.47053 45.31401 14.47059 45.31394 14.47078 45.31368 14.47088 45.31384 14.47019 45.31374 14.47016 45.31358 14.47069 45.31338 14.4712 45.31326 14.47146 45.31311 14.47163 45.31297 14.47185 45.31278 14.47215 45.31258 14.47242 45.31246 14.47258 45.31237 14.47295 45.31221 14.47358 45.31207 14.47399 45.31183 14.47457 45.31184 14.47462 45.31212 14.47439 45.31221 14.47453 45.31199 14.47479 45.31204 14.47488 45.3123 14.47464 45.31239 14.47477 45.3121 14.47506 45.31204 14.47506 45.31175 14.47463 45.31176 14.47445 45.31167 14.47445 45.31167 14.47464 45.3117 14.47477 45.31202 14.47525 45.31209 14.47555 45.31212 14.47564 45.31226 14.47563 45.31243 14.47566 45.31251 14.47573 45.31255 14.47586 45.31255 14.47601 45.31263 14.47618 45.31274 14.47629 45.31282 14.47639 45.31288 14.4766 45.31304 14.47677 45.31316 14.47688 45.31326 14.47681 45.3134 14.4767 45.31368 14.47624 45.3139 14.47642 45.31405 14.47649 45.3143 14.47644 45.31533 14.4759 45.31596 14.47549 45.31614 14.47549 45.31622 14.4755 45.31625 14.47557 45.31641 14.47589 45.31637 14.47604 45.31632 14.47626 45.31601 14.47676 45.31562 14.47746 45.31532 14.47806 45.31524 14.47863 45.3155 14.47922 45.31579 14.47996 45.31599 14.48022 45.3163 14.48062 45.31647 14.48029 45.31684 14.48064 45.31714 14.48085 45.31732 14.48101 45.31775 14.48095 45.31795 14.48108 45.31838 14.48145 45.31871 14.48134 45.31884 14.48239 45.31906 14.48306 45.31931 14.48365 45.31937 14.48423 45.31951 14.48469 45.3196 14.48527 45.31961 14.48532 45.31961 14.48547 45.3196 14.4859 45.31956 14.48658 45.3195 14.48716 45.31969 14.48786 45.31971 14.48796 45.31957 14.48891 45.31841 14.49075 45.31874 14.49116 45.31887 14.49133 45.31888 14.49152 45.31895 14.49333 45.31899 14.49452 45.31891 14.49469 45.31886 14.4948 45.3187 14.49512 45.3186 14.49533 45.31842 14.49569 45.31798 14.4966 45.31752 14.49762 45.31702 14.4984 45.3165 14.49917 45.31575 14.49998 45.31536 14.50074 45.31531 14.50132 45.31495 14.50264 45.31469 14.50351 45.31423 14.50408 45.31398 14.50475 45.31373 14.50568 45.31334 14.50711 45.3133 14.5072 45.3132 14.5074 45.31298 14.50788 45.31265 14.50844 45.31248 14.50917 45.31218 14.51032 45.31184 14.51112 45.31141 14.51214 45.3113 14.51274 45.31118 14.51335 45.3111 14.51397 45.3111 14.51519 45.31129 14.51615 45.31153 14.51753 45.31154 14.51755 45.31167 14.51801 45.31182 14.51852 45.31182 14.51873 45.31181 14.51901 45.31174 14.51963 45.31146 14.52021 45.31121 14.52055 45.31088 14.52088 45.31063 14.52131 45.31059 14.52177 45.31056 14.52201 45.3095 14.5228 45.30895 14.52314 45.30831 14.5236 45.30787 14.52383 45.30744 14.52414 45.3074 14.52414 45.30884 14.52772 45.30909 14.52797 45.30944 14.52855 45.30973 14.52977 45.30995 14.52901 45.31017 14.52925 45.31046 14.52993 45.31072 14.52998 45.31138 14.53 45.31162 14.52982 45.31342 14.53221 45.31384 14.53247 45.31386 14.53234 45.31395 14.53133 45.31423 14.53058 45.31441 14.53042 45.31477 14.53059 45.31501 14.53067 45.31522 14.53072 45.31544 14.53066 45.31556 14.53053 45.31565 14.53027 45.31565 14.53004 45.3156 14.52971 45.31548 14.52927 45.3158 14.52886 45.31619 14.52833 45.31663 14.52764 45.31675 14.52756 45.3169 14.52747 45.31662 14.52615 45.31638 14.5254 45.31601 14.52426 45.31574 14.52373 45.31535 14.5227 45.31513 14.52185 45.31541 14.52164 45.31606 14.52124 45.31667 14.5209 45.31708 14.52058 45.31755 14.51989 45.31783 14.5191 45.31824 14.51808 45.31864 14.51675 45.31889 14.51569 45.31912 14.51457 45.31947 14.51334 45.31971 14.51296 45.31972 14.51294 45.31974 14.51291 45.32018 14.51204 45.32061 14.51118 45.32106 14.51043 45.32153 14.50952 45.32203 14.50856 45.32242 14.50783 45.32281 14.50747 45.32328 14.50712 45.32351 14.50678 45.32365 14.50612 45.32382 14.50546 45.32414 14.50496 45.32458 14.50442 45.32461 14.50436 45.32485 14.5037 45.3251 14.50272 45.32531 14.50214 45.32547 14.50171 45.32591 14.50091 45.32656 14.49968 45.32709 14.49887 45.32764 14.49805 45.32808 14.49712 45.32855 14.49589 45.32882 14.49533 45.32914 14.49467 45.32965 14.49389 45.33007 14.49308 45.33018 14.49288 45.33056 14.49215 45.33094 14.49139 45.33125 14.49063 45.33158 14.48965 45.33211 14.48847 45.33279 14.48757 45.33347 14.4867 45.33474 14.48525 45.33545 14.48491 45.33611 14.48444 45.33696 14.48387 45.33772 14.48315 45.33825 14.4829 45.33905 14.48287 45.33938 14.48291 45.33977 14.48223 45.34025 14.4815 45.34103 14.48052 45.34156 14.47961 45.34204 14.47845 45.34303 14.47619 45.34402 14.47555 45.34432 14.47595 45.34448 14.47622 45.34466 14.4763 45.34477 14.47625 45.34477 14.47593 45.34477 14.47591 45.34476 14.47591 45.34473 14.47583 45.3447 14.47574 45.3446 14.47537 45.34454 14.4751 45.34462 14.47472 45.3448 14.47451 45.345 14.47445 45.34519 14.47435 45.34572 14.47409 45.34676 14.47377 45.34768 14.47341 45.34788 14.47343 45.3482 14.47345 45.3485 14.47362 45.34858 14.47382 45.34866 14.474 45.34925 14.47382 45.3494 14.474 45.34951 14.47374 45.35034 14.47347 45.3512 14.47338 45.352 14.47318 45.35286 14.47288 45.35384 14.47227 45.35479 14.47185 45.35523 14.47165 45.3558 14.47136 45.3562 14.47109 45.35651 14.47078 45.35703 14.47007 45.3574 14.4696 45.35803 14.46899 45.35826 14.46857 45.35832 14.46792 45.35834 14.46745 45.35835 14.46714 45.35836 14.46692 45.35835 14.46685 45.35834 14.46678 45.35831 14.46661 45.35828 14.4664 45.35822 14.46568 45.35819 14.46524 45.35781 14.4649 45.35759 14.46427 45.35743 14.46385 45.35717 14.46352 45.35686 14.46362 45.35667 14.46366 45.35648 14.46348 45.35654 14.46294 45.35663 14.46219 45.35668 14.4616 45.35672 14.46073 45.357 14.46092 45.35729 14.46113 45.35749 14.46084 45.35772 14.4608 45.35823 14.46028 45.35881 14.45961 45.35931 14.45898 45.35988 14.45834 45.36044 14.45767 45.36087 14.45732 45.36093 14.45722 45.36128 14.45673 45.36136 14.45662 45.36135 14.45657 45.36128 14.45632 45.36123 14.45581 45.36133 14.45538 45.36141 14.45499 45.36143 14.45483 45.36145 14.45459 45.36128 14.45423 45.36087 14.45371 45.36053 14.45323 45.36016 14.45277 45.35987 14.45258 45.35951 14.45268 45.35897 14.45292 45.35886 14.45252 45.35883 14.45216 45.35876 14.45177 45.35861 14.45117 45.35857 14.45067 45.35855 14.45003 45.35846 14.44943 45.35832 14.44903 45.35816 14.44849 45.35818 14.44794 45.35812 14.44728 45.35869 14.44672 45.35895 14.44638 45.35931 14.4459 45.35988 14.44577 45.36048 14.44606 45.36107 14.44637 45.36152 14.4464 45.36185 14.44599 45.3622 14.44554 45.36309 14.44506 45.3638 14.44508 45.3643 14.4447 45.36465 14.44452 45.36517 14.44379 45.36559 14.44335 45.36605 14.44267 45.36665 14.44243 45.3672 14.44257 45.36796 14.44287 45.36911 14.44171 45.37 14.44144 45.37132 14.44102 45.37239 14.44069 45.37301 14.44046 45.37364 14.44009 45.37441 14.43994 45.3749 14.44026 45.37524 14.44084 45.37602 14.4397 45.37638 14.43855</gml:posList>
                        </gml:LinearRing>
                      </gml:exterior>
                    </gml:Polygon>
                  </gml:surfaceMember>
                  <gml:surfaceMember>
                    <gml:Polygon gml:id="MEDIA_MONITORED_CILJ_ID_1_CILJ_ID_5_POLUTANT_3_MODEL_305">
                      <gml:exterior>
                        <gml:LinearRing>
                          <gml:posList srsDimension="2">45.2453 14.55933 45.24532 14.55933 45.24538 14.55932 45.24545 14.55926 45.24554 14.55921 45.24558 14.55916 45.24566 14.55905 45.24575 14.55898 45.24579 14.559 45.24587 14.55903 45.2459 14.55896 45.2459 14.55893 45.24589 14.55885 45.24587 14.55873 45.2458 14.5587 45.24573 14.55868 45.24566 14.55872 45.24556 14.55877 45.24545 14.55876 45.24538 14.55889 45.24535 14.55904 45.24533 14.55913 45.24529 14.55921 45.24528 14.55927 45.2453 14.55933</gml:posList>
                        </gml:LinearRing>
                      </gml:exterior>
                    </gml:Polygon>
                  </gml:surfaceMember>
                  <gml:surfaceMember>
                    <gml:Polygon gml:id="MEDIA_MONITORED_CILJ_ID_1_CILJ_ID_5_POLUTANT_3_MODEL_306">
                      <gml:exterior>
                        <gml:LinearRing>
                          <gml:posList srsDimension="2">45.31957 14.48891 45.31971 14.48796 45.31969 14.48786 45.3195 14.48716 45.31956 14.48658 45.3196 14.4859 45.31961 14.48547 45.31961 14.48532 45.3196 14.48527 45.31951 14.48469 45.31937 14.48423 45.31931 14.48365 45.31906 14.48306 45.31884 14.48239 45.31871 14.48134 45.31838 14.48145 45.31795 14.48108 45.31775 14.48095 45.31732 14.48101 45.31714 14.48085 45.31684 14.48064 45.31647 14.48029 45.3163 14.48062 45.31599 14.48022 45.31579 14.47996 45.3155 14.47922 45.31524 14.47863 45.31532 14.47806 45.31562 14.47746 45.31601 14.47676 45.31632 14.47626 45.31637 14.47604 45.31641 14.47589 45.31625 14.47557 45.31622 14.4755 45.31614 14.47549 45.31596 14.47549 45.31533 14.4759 45.3143 14.47644 45.31405 14.47649 45.3139 14.47642 45.31368 14.47624 45.3134 14.4767 45.31326 14.47681 45.31316 14.47688 45.31334 14.47705 45.31337 14.47717 45.31346 14.47731 45.31352 14.47745 45.31354 14.47764 45.31354 14.47782 45.31368 14.47799 45.31377 14.47787 45.31394 14.47803 45.3139 14.47816 45.31404 14.47828 45.31409 14.47816 45.31427 14.47833 45.31423 14.47842 45.31434 14.47852 45.31455 14.47812 45.31474 14.47805 45.31483 14.47807 45.31491 14.47813 45.31494 14.4782 45.31491 14.47836 45.31481 14.47851 45.31487 14.47863 45.31499 14.47847 45.31509 14.4786 45.31506 14.47867 45.3151 14.47907 45.31517 14.47961 45.31488 14.47919 45.31478 14.47937 45.3154 14.48038 45.31603 14.48139 45.31618 14.48162 45.31587 14.48216 45.31539 14.48163 45.31557 14.48125 45.31454 14.48007 45.31444 14.48008 45.31402 14.48075 45.31404 14.48086 45.3152 14.48217 45.3153 14.48217 45.31539 14.48214 45.31543 14.48207 45.31544 14.48199 45.31544 14.48185 45.31583 14.48229 45.31576 14.48238 45.31583 14.48249 45.31562 14.48288 45.31551 14.48275 45.31539 14.48293 45.31547 14.48305 45.31536 14.48321 45.31524 14.48324 45.31509 14.48341 45.31399 14.4821 45.31307 14.48101 45.31288 14.48079 45.31209 14.47984 45.31157 14.47922 45.31141 14.47938 45.31141 14.4792 45.31126 14.47919 45.31126 14.47934 45.31115 14.47929 45.31109 14.47927 45.31099 14.47927 45.31088 14.47933 45.31074 14.4794 45.31107 14.47699 45.31093 14.47694 45.31059 14.47923 45.31047 14.4793 45.31031 14.4795 45.31018 14.47975 45.31011 14.47995 45.31004 14.48027 45.30996 14.48057 45.30985 14.48079 45.30972 14.481 45.30946 14.48132 45.30929 14.48157 45.30915 14.48185 45.3091 14.48195 45.30905 14.48218 45.30879 14.48216 45.30879 14.48231 45.30898 14.48235 45.30891 14.48258 45.3088 14.48285 45.30868 14.48308 45.30855 14.48335 45.30826 14.48382 45.3078 14.48453 45.30754 14.48499 45.3073 14.4853 45.3072 14.48545 45.30714 14.48554 45.30713 14.48562 45.30713 14.48565 45.30715 14.48573 45.30714 14.48588 45.30713 14.48611 45.30713 14.48626 45.30716 14.48646 45.30727 14.48669 45.30737 14.48695 45.30743 14.48713 45.30759 14.48732 45.3078 14.4875 45.30795 14.48764 45.30805 14.48779 45.30809 14.48792 45.30808 14.48804 45.30802 14.48816 45.30802 14.48817 45.3078 14.48849 45.30768 14.48866 45.30763 14.48873 45.30757 14.48875 45.30755 14.48875 45.30754 14.48857 45.30746 14.48858 45.30746 14.48873 45.30733 14.48873 45.30734 14.48858 45.30724 14.48859 45.30724 14.48875 45.30718 14.48872 45.30713 14.48863 45.30707 14.4884 45.30702 14.48829 45.30699 14.48818 45.30699 14.48808 45.30696 14.48807 45.3069 14.48807 45.30684 14.48812 45.30676 14.48817 45.30662 14.48818 45.30642 14.48815 45.30626 14.4881 45.30616 14.48799 45.30607 14.48779 45.30601 14.48766 45.30592 14.48756 45.30569 14.48746 45.30529 14.48727 45.30521 14.48727 45.30513 14.48733 45.30508 14.48742 45.30498 14.48754 45.30495 14.48756 45.30485 14.48763 45.30468 14.48781 45.30459 14.48786 45.3045 14.48785 45.30443 14.48786 45.30437 14.48795 45.30428 14.48807 45.30424 14.48811 45.30416 14.48812 45.30399 14.48807 45.30366 14.48804 45.30333 14.48798 45.30316 14.488 45.30305 14.48802 45.30291 14.48811 45.30274 14.48829 45.30246 14.48871 45.30232 14.48891 45.30221 14.48899 45.30201 14.48909 45.3018 14.4892 45.30161 14.48936 45.30142 14.4895 45.3013 14.48967 45.30104 14.48995 45.30084 14.4901 45.30072 14.49021 45.30064 14.49034 45.3006 14.4904 45.30054 14.49045 45.30048 14.49048 45.30041 14.49052 45.30037 14.49057 45.30035 14.49066 45.30033 14.49076 45.30027 14.49087 45.30018 14.49094 45.30009 14.49097 45.30001 14.491 45.29996 14.49105 45.29994 14.49111 45.2999 14.49125 45.29987 14.49136 45.29977 14.49148 45.29959 14.49171 45.29949 14.49184 45.29934 14.49195 45.29923 14.49201 45.2991 14.49205 45.29898 14.49209 45.29893 14.49213 45.29887 14.49222 45.29877 14.49238 45.29868 14.49248 45.29855 14.49255 45.29846 14.49259 45.29836 14.49263 45.29825 14.49268 45.29806 14.49294 45.29803 14.49311 45.29798 14.49327 45.29789 14.49343 45.29769 14.49355 45.29759 14.49362 45.29752 14.49372 45.29752 14.49393 45.29757 14.49433 45.2977 14.49484 45.29787 14.49536 45.29799 14.49549 45.29802 14.49561 45.29801 14.49574 45.29798 14.49576 45.29792 14.49582 45.29777 14.49579 45.2972 14.49554 45.29691 14.49552 45.29662 14.4956 45.29641 14.49588 45.29628 14.49603 45.29617 14.49624 45.29608 14.49637 45.29587 14.49652 45.29558 14.49655 45.29536 14.49668 45.29529 14.49681 45.29526 14.49706 45.29517 14.49732 45.29512 14.4974 45.29494 14.49742 45.29481 14.49763 45.29478 14.49773 45.29478 14.49783 45.29481 14.49791 45.29483 14.49803 45.2948 14.49819 45.29463 14.49827 45.29454 14.49837 45.29453 14.49873 45.29437 14.49898 45.29423 14.49952 45.29421 14.49999 45.29421 14.50003 45.29427 14.50014 45.29439 14.50029 45.29443 14.50041 45.29439 14.50059 45.29434 14.50064 45.29423 14.50087 45.29418 14.50118 45.2942 14.50212 45.29422 14.50229 45.29428 14.50248 45.29431 14.50266 45.29427 14.50276 45.29423 14.50285 45.2942 14.50292 45.29419 14.50304 45.29412 14.50332 45.2939 14.50371 45.29385 14.50388 45.29383 14.50416 45.29385 14.50438 45.29388 14.5045 45.29387 14.50467 45.2938 14.50478 45.29362 14.50488 45.29355 14.50501 45.29348 14.50526 45.29335 14.50555 45.29335 14.50578 45.29339 14.50592 45.29335 14.506 45.29329 14.50605 45.29323 14.50604 45.29317 14.50601 45.29305 14.50601 45.29295 14.50594 45.29285 14.50593 45.29272 14.50596 45.29262 14.50601 45.29247 14.50619 45.29233 14.50663 45.29228 14.50708 45.29215 14.50754 45.29205 14.50829 45.29193 14.50872 45.29195 14.50913 45.29198 14.50923 45.29213 14.50943 45.29214 14.5095 45.29213 14.50964 45.29207 14.50979 45.292 14.50983 45.29184 14.50982 45.29177 14.50987 45.29163 14.5101 45.29159 14.51031 45.29153 14.51037 45.29144 14.5103 45.29136 14.51033 45.29121 14.51064 45.2911 14.51083 45.29105 14.511 45.29098 14.51143 45.29073 14.5121 45.29068 14.51235 45.2905 14.51286 45.29043 14.51297 45.29036 14.5132 45.29034 14.51335 45.29038 14.51342 45.29038 14.51353 45.29035 14.51357 45.29029 14.5136 45.2902 14.51378 45.29018 14.51392 45.29019 14.51413 45.29017 14.51427 45.2901 14.51437 45.28981 14.51432 45.28974 14.51437 45.28972 14.51445 45.28959 14.51453 45.2895 14.51476 45.28952 14.51495 45.28956 14.51506 45.28954 14.51517 45.28946 14.51521 45.28942 14.51524 45.28936 14.51528 45.28913 14.51542 45.28899 14.51571 45.28877 14.51594 45.28874 14.51604 45.28875 14.5163 45.28877 14.51636 45.28875 14.51642 45.28868 14.51642 45.2885 14.51655 45.288 14.51712 45.28775 14.5173 45.28761 14.51745 45.28755 14.51758 45.28759 14.51783 45.28758 14.51791 45.28756 14.51801 45.28743 14.51809 45.28736 14.51809 45.28705 14.51837 45.28682 14.51852 45.28661 14.51881 45.28643 14.51894 45.28619 14.5192 45.286 14.51953 45.28592 14.51966 45.28567 14.51984 45.28551 14.52006 45.28535 14.52031 45.2852 14.52073 45.28494 14.52145 45.28475 14.52181 45.28468 14.52214 45.28455 14.52233 45.28442 14.52247 45.2843 14.52265 45.28414 14.52317 45.28413 14.52355 45.28412 14.52368 45.28426 14.52438 45.28438 14.52445 45.28449 14.52453 45.28467 14.52456 45.28467 14.52433 45.28453 14.52434 45.28452 14.52407 45.28443 14.52404 45.28446 14.52385 45.28462 14.52387 45.28461 14.52367 45.28476 14.52368 45.28472 14.524 45.2848 14.52405 45.28484 14.5238 45.28492 14.52397 45.28497 14.52448 45.28497 14.52492 45.28492 14.52517 45.28485 14.5254 45.28467 14.52579 45.28449 14.5262 45.28444 14.52631 45.28433 14.52663 45.28423 14.52686 45.28413 14.52698 45.28401 14.52714 45.28387 14.52735 45.28376 14.52748 45.28369 14.52781 45.28364 14.52804 45.28361 14.52914 45.28368 14.52952 45.28379 14.52981 45.28384 14.52998 45.28386 14.53005 45.28383 14.53013 45.28375 14.53021 45.28369 14.53019 45.28359 14.53013 45.28332 14.52985 45.28309 14.52957 45.28294 14.52937 45.28287 14.52932 45.2828 14.52935 45.28278 14.52963 45.28282 14.52973 45.28289 14.5298 45.28287 14.52988 45.28261 14.53085 45.28232 14.5317 45.28216 14.53188 45.28196 14.53257 45.2817 14.5332 45.28165 14.53405 45.28159 14.53435 45.28154 14.53461 45.28111 14.53596 45.28099 14.53691 45.28087 14.53732 45.28053 14.53785 45.2804 14.53816 45.28028 14.53839 45.28006 14.5387 45.27978 14.53898 45.27946 14.53962 45.27933 14.5398 45.27915 14.54003 45.27905 14.53989 45.27898 14.54001 45.27908 14.54013 45.27903 14.54019 45.2788 14.54051 45.27869 14.54039 45.27861 14.54054 45.27869 14.54066 45.27847 14.54098 45.27837 14.54112 45.27827 14.54101 45.2782 14.54112 45.27831 14.54125 45.27811 14.54157 45.27806 14.54163 45.27798 14.54153 45.27792 14.54162 45.27798 14.54174 45.27779 14.54201 45.27779 14.54216 45.27792 14.54254 45.27788 14.5429 45.27792 14.543 45.27801 14.54307 45.27805 14.54323 45.27805 14.54369 45.27812 14.54407 45.27811 14.54473 45.27816 14.54501 45.27816 14.54529 45.27806 14.54562 45.27793 14.54583 45.27761 14.54632 45.27752 14.54657 45.27743 14.54708 45.27749 14.54767 45.27744 14.54876 45.27748 14.54904 45.2775 14.54927 45.27752 14.5495 45.27754 14.55075 45.27761 14.55162 45.27761 14.55192 45.27767 14.55225 45.27767 14.55246 45.27773 14.55261 45.27782 14.55269 45.27792 14.55269 45.27803 14.55258 45.27814 14.55256 45.27826 14.55245 45.27837 14.5523 45.27852 14.55217 45.27871 14.55204 45.27878 14.55186 45.27891 14.55168 45.27911 14.55153 45.27932 14.55115 45.27948 14.55107 45.27956 14.55112 45.27959 14.55119 45.27956 14.55137 45.27959 14.55173 45.27978 14.55247 45.2798 14.55275 45.2799 14.55313 45.27991 14.55344 45.27985 14.55359 45.27971 14.55377 45.27966 14.554 45.27953 14.55428 45.27952 14.55464 45.27942 14.5549 45.27941 14.55501 45.27942 14.55517 45.27948 14.55553 45.27954 14.55609 45.27954 14.55637 45.2795 14.5565 45.27952 14.55685 45.27963 14.55724 45.27971 14.55734 45.27992 14.55734 45.2801 14.55723 45.28039 14.5572 45.28102 14.55672 45.28147 14.55646 45.28186 14.55612 45.28199 14.55604 45.28209 14.55609 45.28217 14.5562 45.2822 14.55632 45.2822 14.55645 45.28208 14.55704 45.2821 14.55757 45.28223 14.55798 45.28246 14.55844 45.28254 14.55897 45.28257 14.55907 45.28265 14.55918 45.28297 14.5594 45.28326 14.55973 45.28346 14.55996 45.28353 14.56006 45.28378 14.56019 45.28411 14.56023 45.28427 14.56018 45.28472 14.55985 45.28492 14.55967 45.28527 14.55928 45.28563 14.55892 45.28583 14.55877 45.28626 14.55818 45.28682 14.55761 45.28692 14.55743 45.28698 14.55741 45.28717 14.55713 45.28723 14.5571 45.28739 14.55684 45.28753 14.55666 45.28768 14.55648 45.28789 14.5563 45.28802 14.55625 45.28811 14.55607 45.28821 14.55587 45.28837 14.55577 45.28848 14.55576 45.28861 14.55574 45.28868 14.55564 45.28875 14.55545 45.28873 14.55539 45.28841 14.55436 45.28831 14.55371 45.28818 14.55271 45.28839 14.55186 45.28882 14.55131 45.28912 14.5509 45.28974 14.55031 45.28993 14.55018 45.28996 14.55014 45.29007 14.54999 45.29027 14.55005 45.29027 14.55004 45.29033 14.54995 45.29033 14.54994 45.29038 14.54985 45.29037 14.5498 45.29032 14.54964 45.29023 14.54949 45.29016 14.54928 45.29041 14.54917 45.2908 14.549 45.291 14.54894 45.29108 14.54891 45.29105 14.54871 45.29122 14.54864 45.29168 14.5485 45.29196 14.54847 45.29241 14.5481 45.29263 14.54763 45.2928 14.54727 45.2927 14.54709 45.2928 14.54683 45.29312 14.54637 45.2934 14.54605 45.29351 14.54581 45.29361 14.5456 45.29349 14.54546 45.29343 14.54539 45.29337 14.54531 45.29357 14.5449 45.29422 14.54384 45.29497 14.54239 45.29536 14.54144 45.2959 14.54042 45.29645 14.53928 45.29685 14.5384 45.29716 14.53769 45.2977 14.53705 45.29774 14.53702 45.29821 14.5366 45.29842 14.53624 45.2989 14.5357 45.29891 14.53564 45.29903 14.53527 45.29905 14.53517 45.29897 14.53457 45.29897 14.53393 45.29898 14.53346 45.29923 14.53268 45.29956 14.53201 45.30005 14.53091 45.30051 14.53019 45.30107 14.52918 45.3013 14.52859 45.30168 14.5279 45.30203 14.52699 45.30213 14.52684 45.3025 14.52631 45.30292 14.5257 45.30343 14.52497 45.30392 14.52422 45.30443 14.52391 45.30495 14.52391 45.30541 14.52397 45.30597 14.52393 45.30628 14.524 45.30706 14.52411 45.3074 14.52414 45.30744 14.52414 45.30787 14.52383 45.30831 14.5236 45.30895 14.52314 45.3095 14.5228 45.31056 14.52201 45.31059 14.52177 45.31063 14.52131 45.31088 14.52088 45.31121 14.52055 45.31146 14.52021 45.31174 14.51963 45.31181 14.51901 45.31182 14.51873 45.31182 14.51852 45.31167 14.51801 45.31154 14.51755 45.31153 14.51753 45.31129 14.51615 45.3111 14.51519 45.3111 14.51397 45.31118 14.51335 45.3113 14.51274 45.31141 14.51214 45.31184 14.51112 45.31218 14.51032 45.31248 14.50917 45.31265 14.50844 45.31298 14.50788 45.3132 14.5074 45.3133 14.5072 45.31334 14.50711 45.31373 14.50568 45.31398 14.50475 45.31423 14.50408 45.31469 14.50351 45.31495 14.50264 45.31531 14.50132 45.31536 14.50074 45.31575 14.49998 45.3165 14.49917 45.31702 14.4984 45.31752 14.49762 45.31798 14.4966 45.31842 14.49569 45.3186 14.49533 45.3187 14.49512 45.31886 14.4948 45.31891 14.49469 45.31899 14.49452 45.31895 14.49333 45.31888 14.49152 45.31887 14.49133 45.31874 14.49116 45.31841 14.49075 45.31957 14.48891</gml:posList>
                        </gml:LinearRing>
                      </gml:exterior>
                    </gml:Polygon>
                  </gml:surfaceMember>
                  <gml:surfaceMember>
                    <gml:Polygon gml:id="MEDIA_MONITORED_CILJ_ID_1_CILJ_ID_5_POLUTANT_3_MODEL_307">
                      <gml:exterior>
                        <gml:LinearRing>
                          <gml:posList srsDimension="2">45.24443 14.5572 45.24445 14.557 45.24457 14.55679 45.24464 14.55649 45.24479 14.55613 45.24493 14.55585 45.24516 14.55564 45.2452 14.55549 45.2453 14.55539 45.24538 14.55516 45.24555 14.5549 45.24564 14.55477 45.24577 14.55462 45.24581 14.55452 45.2458 14.55439 45.24579 14.55434 45.24568 14.55429 45.24559 14.55419 45.24528 14.55414 45.24516 14.55422 45.24498 14.55447 45.24485 14.55458 45.24464 14.55458 45.24456 14.5545 45.24453 14.5544 45.24433 14.5543 45.24418 14.55405 45.24415 14.55371 45.24422 14.55343 45.24427 14.55336 45.2443 14.55328 45.24427 14.55323 45.24409 14.55321 45.24378 14.553 45.24371 14.5529 45.24366 14.5529 45.24359 14.55295 45.24353 14.55306 45.24324 14.55326 45.24303 14.55365 45.24255 14.55396 45.24242 14.554 45.24197 14.55432 45.24181 14.55437 45.24132 14.55468 45.24127 14.55478 45.24125 14.55481 45.24117 14.55492 45.24111 14.55511 45.241 14.55529 45.24086 14.55532 45.24071 14.55522 45.24061 14.55519 45.24055 14.55504 45.24055 14.55501 45.24055 14.55489 45.24064 14.55466 45.24073 14.55451 45.24078 14.5544 45.24094 14.5541 45.24143 14.5534 45.24173 14.55315 45.24204 14.55299 45.2422 14.55286 45.24232 14.55274 45.24238 14.55263 45.24252 14.55243 45.2427 14.55217 45.24277 14.55212 45.24279 14.55194 45.24272 14.55187 45.24254 14.55187 45.24246 14.55187 45.24241 14.55187 45.24234 14.55187 45.24216 14.55187 45.24196 14.55164 45.24174 14.55159 45.24171 14.55154 45.24171 14.55129 45.24165 14.55126 45.2416 14.55131 45.24153 14.55131 45.24144 14.55142 45.2414 14.55205 45.24133 14.55223 45.24137 14.55246 45.24135 14.55272 45.24121 14.55283 45.24112 14.5529 45.24094 14.55318 45.24078 14.55321 45.24074 14.55316 45.24074 14.55303 45.24078 14.55293 45.2411 14.55267 45.24111 14.55259 45.2411 14.55254 45.24104 14.55252 45.24076 14.55254 45.24061 14.55247 45.24052 14.55247 45.2404 14.55257 45.24029 14.55257 45.24009 14.55268 45.23982 14.55288 45.23961 14.55288 45.23939 14.55276 45.23914 14.55248 45.23903 14.55215 45.23901 14.55169 45.23894 14.55154 45.23879 14.55141 45.23859 14.55131 45.2384 14.55119 45.23798 14.55086 45.2372 14.55053 45.23706 14.55043 45.23679 14.55043 45.23659 14.55054 45.23636 14.55079 45.23609 14.55098 45.23589 14.55123 45.2357 14.55136 45.23561 14.55149 45.23541 14.55162 45.23534 14.55162 45.2353 14.55157 45.23526 14.55141 45.23526 14.55116 45.23519 14.55088 45.23521 14.55075 45.23533 14.55057 45.2354 14.55039 45.23558 14.55016 45.23558 14.54999 45.23547 14.54988 45.23544 14.54978 45.23544 14.5496 45.23556 14.54932 45.23562 14.54912 45.23569 14.54904 45.23576 14.54881 45.23583 14.54869 45.23592 14.54861 45.23622 14.5484 45.23639 14.54817 45.23674 14.54728 45.23674 14.54702 45.23666 14.5469 45.23665 14.54669 45.23661 14.54659 45.2367 14.54618 45.23686 14.54577 45.23688 14.54537 45.23673 14.54496 45.2367 14.5447 45.2368 14.54445 45.23689 14.54437 45.237 14.54445 45.23706 14.54451 45.23715 14.54462 45.23747 14.5446 45.23759 14.54447 45.23759 14.54431 45.23753 14.54431 45.23745 14.54439 45.23738 14.54432 45.23721 14.54404 45.23718 14.54381 45.23701 14.54333 45.23698 14.5433 45.23694 14.54302 45.23678 14.54269 45.23674 14.54239 45.2366 14.54206 45.23658 14.54175 45.23616 14.54073 45.23608 14.54012 45.2359 14.53962 45.23592 14.53939 45.23599 14.53918 45.23606 14.53911 45.2361 14.539 45.23615 14.5386 45.23626 14.53836 45.23643 14.5378 45.23645 14.53772 45.23647 14.53761 45.23647 14.53741 45.23643 14.53712 45.23639 14.53696 45.23625 14.53673 45.23618 14.53668 45.23589 14.53666 45.23575 14.53674 45.23571 14.53682 45.23562 14.53687 45.2355 14.53707 45.23542 14.5373 45.23528 14.53748 45.23514 14.53789 45.23496 14.5381 45.23491 14.53838 45.2348 14.53862 45.23481 14.53873 45.23478 14.53881 45.23472 14.53889 45.23446 14.53907 45.2343 14.5393 45.23396 14.53963 45.2339 14.53981 45.23391 14.53994 45.23412 14.5405 45.23411 14.5407 45.23398 14.54091 45.23378 14.54116 45.23364 14.54132 45.23353 14.54147 45.23343 14.54165 45.23323 14.54193 45.23309 14.54229 45.233 14.54242 45.23264 14.5428 45.23253 14.54303 45.23239 14.54316 45.23221 14.54321 45.23181 14.54304 45.23165 14.54314 45.23147 14.54334 45.23117 14.54353 45.23084 14.54383 45.23034 14.54394 45.23028 14.5439 45.23025 14.54365 45.23016 14.54365 45.23018 14.54409 45.23005 14.54404 45.22983 14.54371 45.22955 14.54341 45.22938 14.5434 45.22899 14.54347 45.22883 14.54342 45.2287 14.54349 45.22859 14.54362 45.22832 14.54357 45.22825 14.54363 45.2282 14.54378 45.2282 14.54398 45.22823 14.54411 45.22827 14.54467 45.22829 14.54482 45.22829 14.54495 45.22864 14.54602 45.22871 14.54614 45.22891 14.54635 45.22931 14.54662 45.22938 14.54677 45.22947 14.54685 45.22947 14.54693 45.22942 14.547 45.22929 14.54708 45.2292 14.54718 45.22911 14.54725 45.22908 14.54736 45.22911 14.54762 45.22911 14.54792 45.22906 14.54805 45.22885 14.54833 45.22868 14.54846 45.22858 14.54861 45.22845 14.54874 45.22813 14.54908 45.22791 14.54923 45.22783 14.54926 45.22775 14.54923 45.22764 14.54916 45.22752 14.54913 45.22737 14.54924 45.22732 14.54934 45.22725 14.5494 45.22722 14.54947 45.22697 14.54967 45.22666 14.54994 45.2266 14.54973 45.22652 14.54978 45.22657 14.54997 45.22649 14.55003 45.22625 14.55014 45.22576 14.55036 45.22574 14.55015 45.22565 14.55017 45.22566 14.5504 45.22556 14.55042 45.22554 14.55026 45.22545 14.55029 45.22547 14.5505 45.22524 14.55062 45.2252 14.55043 45.22515 14.55046 45.22518 14.55069 45.22484 14.55088 45.22482 14.55068 45.22476 14.55069 45.22479 14.5509 45.2245 14.55097 45.22449 14.55078 45.2244 14.55078 45.22441 14.55104 45.22432 14.55102 45.22428 14.55079 45.22418 14.55081 45.22421 14.55106 45.22401 14.55113 45.22396 14.55098 45.22388 14.55105 45.22393 14.55125 45.22387 14.55132 45.22371 14.55148 45.2235 14.55172 45.22316 14.55171 45.22302 14.55163 45.22276 14.55154 45.22263 14.55146 45.22274 14.55127 45.22265 14.55116 45.22252 14.55134 45.22236 14.55119 45.22225 14.55106 45.22214 14.55103 45.22194 14.55096 45.22172 14.55092 45.22171 14.55073 45.22161 14.55074 45.22161 14.55092 45.22127 14.55102 45.22073 14.55104 45.22042 14.5511 45.21939 14.55158 45.21925 14.55167 45.21903 14.5518 45.21892 14.55184 45.21884 14.55177 45.21876 14.55177 45.21862 14.55185 45.21844 14.55181 45.21823 14.55176 45.21815 14.55163 45.21812 14.55133 45.21817 14.55119 45.21817 14.55101 45.21807 14.55086 45.21797 14.55079 45.21773 14.55079 45.21757 14.55076 45.21721 14.55068 45.21658 14.55062 45.21645 14.55064 45.21636 14.5507 45.21626 14.55085 45.21619 14.55094 45.2161 14.55106 45.21595 14.55118 45.21593 14.55136 45.21594 14.5515 45.21582 14.55172 45.21569 14.55185 45.21552 14.55189 45.21552 14.5517 45.2154 14.5517 45.21539 14.55189 45.21525 14.55186 45.21489 14.55173 45.21465 14.55156 45.21446 14.55145 45.21438 14.55144 45.21439 14.55125 45.2143 14.55125 45.2143 14.55143 45.21373 14.55142 45.21372 14.55125 45.21358 14.55125 45.21357 14.55147 45.2134 14.55145 45.21329 14.55142 45.213 14.55125 45.21276 14.55113 45.21214 14.55112 45.21199 14.55108 45.21188 14.55102 45.21188 14.55089 45.2119 14.55081 45.21204 14.55071 45.21213 14.55055 45.2124 14.55024 45.2126 14.55012 45.21273 14.54996 45.21274 14.54971 45.21256 14.5495 45.21251 14.54938 45.21236 14.54933 45.21181 14.54933 45.21163 14.54949 45.21151 14.54956 45.21128 14.54962 45.21107 14.5498 45.211 14.5499 45.21089 14.55 45.21092 14.55017 45.2107 14.55037 45.21063 14.55027 45.21052 14.55041 45.21065 14.5506 45.21086 14.55044 45.21093 14.55059 45.21082 14.55072 45.21092 14.55089 45.21064 14.55128 45.2105 14.55147 45.21033 14.55161 45.21002 14.55187 45.2098 14.55199 45.20955 14.5522 45.20939 14.55241 45.20924 14.55262 45.20907 14.55285 45.20889 14.55298 45.20874 14.55298 45.20858 14.55288 45.20839 14.55276 45.20816 14.55249 45.20802 14.5523 45.20791 14.55212 45.20784 14.55197 45.20786 14.55181 45.20793 14.55165 45.20821 14.55152 45.20841 14.55124 45.20843 14.55109 45.2085 14.55089 45.20866 14.55066 45.20873 14.5506 45.20879 14.55043 45.20881 14.55036 45.20879 14.55029 45.2087 14.55026 45.20857 14.55027 45.20821 14.55053 45.2081 14.55069 45.20789 14.5512 45.20773 14.55143 45.20753 14.55143 45.20737 14.55125 45.20726 14.55102 45.20709 14.55044 45.20688 14.54988 45.20684 14.54955 45.20688 14.54932 45.20696 14.54917 45.20721 14.54886 45.20764 14.54847 45.20775 14.54832 45.20841 14.54774 45.20849 14.5476 45.20864 14.54743 45.20879 14.54729 45.20904 14.54699 45.20926 14.54683 45.20972 14.54617 45.2099 14.54576 45.21003 14.54558 45.21026 14.54545 45.2104 14.54532 45.21069 14.54527 45.21078 14.54516 45.2108 14.54506 45.21092 14.54491 45.21101 14.54486 45.21114 14.54486 45.21153 14.54457 45.21164 14.54457 45.21175 14.54465 45.21231 14.54464 45.2126 14.54454 45.21285 14.54433 45.21374 14.54303 45.21403 14.54272 45.21419 14.54254 45.21441 14.54231 45.21464 14.54203 45.21489 14.54177 45.21501 14.54169 45.21523 14.54146 45.21532 14.54128 45.21534 14.54113 45.21538 14.54107 45.21543 14.54105 45.21553 14.54098 45.21568 14.54092 45.21582 14.54069 45.21609 14.54051 45.21625 14.54026 45.21647 14.54015 45.21661 14.54 45.21684 14.53985 45.2169 14.53985 45.21702 14.53972 45.21742 14.53954 45.2176 14.53936 45.21772 14.53935 45.21781 14.5393 45.21796 14.5391 45.21828 14.53894 45.21837 14.53881 45.21855 14.53871 45.21862 14.53861 45.21878 14.53851 45.21898 14.5382 45.2191 14.53812 45.21925 14.53809 45.21934 14.53789 45.21982 14.5374 45.2202 14.5372 45.22036 14.53704 45.22074 14.53689 45.22084 14.53681 45.22104 14.53665 45.22127 14.53655 45.22145 14.5364 45.22185 14.53621 45.22201 14.53609 45.2221 14.53596 45.22273 14.53552 45.22289 14.53537 45.22294 14.53526 45.22316 14.53516 45.22334 14.53498 45.22363 14.53493 45.22377 14.53477 45.22406 14.53457 45.22438 14.53428 45.2249 14.53387 45.22508 14.53379 45.2252 14.53362 45.22533 14.53349 45.22549 14.53333 45.22583 14.53308 45.22637 14.53277 45.22651 14.53276 45.22659 14.53259 45.22673 14.53248 45.22694 14.53223 45.22802 14.53158 45.22876 14.53106 45.22899 14.53073 45.22903 14.5304 45.22897 14.53017 45.22883 14.53002 45.22875 14.52997 45.22859 14.52992 45.22828 14.52972 45.22812 14.52954 45.22794 14.52926 45.22769 14.52906 45.2276 14.52899 45.22727 14.52877 45.22704 14.52856 45.22695 14.52841 45.22657 14.52815 45.22642 14.52813 45.22626 14.52803 45.22612 14.528 45.22592 14.5279 45.22543 14.52753 45.2252 14.5274 45.22466 14.52741 45.22433 14.52759 45.22419 14.52774 45.22399 14.52805 45.22381 14.52823 45.22367 14.52846 45.22335 14.52889 45.22313 14.529 45.22299 14.52912 45.22284 14.52921 45.22273 14.52931 45.22247 14.52944 45.22229 14.52946 45.22206 14.52946 45.2218 14.52967 45.22179 14.52972 45.22168 14.5298 45.22157 14.5298 45.22136 14.52998 45.22123 14.53001 45.22106 14.52989 45.22098 14.52983 45.2208 14.52996 45.2203 14.53017 45.22001 14.53014 45.21994 14.53019 45.21974 14.5302 45.21959 14.53012 45.21941 14.52987 45.21936 14.52969 45.21929 14.52967 45.21911 14.52995 45.21894 14.53005 45.21868 14.53023 45.21846 14.53041 45.21814 14.53059 45.21796 14.53057 45.21787 14.53047 45.21781 14.53029 45.21774 14.53024 45.21729 14.53022 45.21644 14.5304 45.21612 14.53066 45.21585 14.53104 45.21571 14.53124 45.21562 14.53135 45.21555 14.53155 45.21546 14.53175 45.21541 14.53196 45.21534 14.53212 45.21514 14.5323 45.21507 14.53255 45.21507 14.53271 45.21503 14.53296 45.21487 14.53334 45.21478 14.53355 45.21459 14.53388 45.21416 14.53488 45.21403 14.53508 45.21386 14.53534 45.21362 14.53582 45.21335 14.53611 45.21273 14.53657 45.21253 14.53682 45.21237 14.53703 45.21205 14.53744 45.21199 14.53749 45.21178 14.53767 45.21147 14.53808 45.21097 14.53849 45.21084 14.53865 45.21063 14.53878 45.21045 14.53878 45.21005 14.53903 45.20962 14.5395 45.20945 14.53965 45.20933 14.53975 45.20923 14.53988 45.20909 14.54001 45.2088 14.54019 45.20862 14.54037 45.20833 14.54058 45.20823 14.5407 45.20796 14.54086 45.20788 14.54096 45.20769 14.54106 45.20743 14.54107 45.20718 14.54125 45.20713 14.54135 45.20693 14.54153 45.20672 14.54181 45.20639 14.54214 45.20577 14.54296 45.20539 14.54325 45.20509 14.54348 45.20478 14.54366 45.2046 14.54368 45.2046 14.54346 45.20449 14.54347 45.20448 14.54367 45.20426 14.54366 45.20419 14.54372 45.20399 14.54374 45.20397 14.54344 45.20384 14.54345 45.20384 14.54374 45.20367 14.54374 45.20352 14.54387 45.2033 14.54397 45.20329 14.54372 45.20318 14.54372 45.20319 14.54397 45.20275 14.54424 45.20268 14.5443 45.20253 14.54419 45.20248 14.54435 45.2026 14.54445 45.20259 14.54454 45.20248 14.54472 45.20237 14.5448 45.20201 14.5448 45.20198 14.54457 45.20187 14.54461 45.20191 14.54487 45.20167 14.54501 45.20141 14.54539 45.20132 14.54567 45.20125 14.54618 45.20118 14.54641 45.20112 14.54651 45.20098 14.54674 45.20083 14.5468 45.20056 14.5468 45.2004 14.5467 45.20022 14.54645 45.20008 14.54634 45.19993 14.54635 45.19972 14.5465 45.1994 14.54688 45.1992 14.54699 45.19929 14.54685 45.19941 14.54671 45.19954 14.54658 45.19972 14.54619 45.19982 14.54604 45.19984 14.54591 45.19982 14.54581 45.19962 14.54553 45.19957 14.5453 45.19962 14.54505 45.19987 14.54472 45.19991 14.54461 45.19993 14.54436 45.19989 14.54416 45.19978 14.54398 45.19949 14.54365 45.19944 14.54345 45.19947 14.54332 45.19958 14.54319 45.19974 14.54309 45.19994 14.54304 45.20039 14.54306 45.20051 14.54298 45.20058 14.54285 45.20069 14.54244 45.20078 14.54237 45.20092 14.54234 45.2012 14.54242 45.20129 14.54244 45.20137 14.54266 45.20147 14.54259 45.20138 14.54234 45.20143 14.54216 45.20141 14.54173 45.20148 14.54152 45.20157 14.54142 45.20184 14.54126 45.20196 14.54126 45.20202 14.54121 45.20211 14.54088 45.20214 14.54052 45.20234 14.53978 45.20235 14.53935 45.20217 14.53798 45.20195 14.53762 45.20184 14.53729 45.20171 14.53712 45.2017 14.53704 45.20153 14.53691 45.20144 14.53674 45.20115 14.53648 45.20083 14.53638 45.2007 14.53641 45.20057 14.53636 45.20018 14.53634 45.20011 14.53629 45.19998 14.53598 45.20002 14.53563 45.20002 14.53537 45.20001 14.53525 45.19998 14.53511 45.19989 14.53494 45.19987 14.53481 45.19978 14.53466 45.19976 14.53451 45.19963 14.53438 45.19953 14.53441 45.19943 14.53436 45.19936 14.53423 45.19929 14.53418 45.19907 14.53416 45.19895 14.53403 45.19884 14.53398 45.19861 14.53398 45.19837 14.53409 45.1983 14.53409 45.19821 14.53401 45.19805 14.53401 45.19789 14.53414 45.19756 14.5343 45.19744 14.5344 45.1973 14.53447 45.19711 14.53463 45.19699 14.53466 45.19679 14.53481 45.19645 14.53497 45.19607 14.53497 45.19564 14.53475 45.19523 14.53475 45.1951 14.5347 45.19501 14.5346 45.1949 14.53457 45.19477 14.53463 45.19447 14.53465 45.19434 14.53473 45.19402 14.53473 45.19393 14.53468 45.19382 14.53469 45.19355 14.53492 45.19321 14.5351 45.19308 14.53515 45.19292 14.53515 45.19276 14.53523 45.1926 14.5352 45.19246 14.53536 45.19244 14.53543 45.19231 14.53561 45.19226 14.53564 45.19161 14.53567 45.19155 14.53577 45.19122 14.53628 45.19113 14.53629 45.19086 14.53603 45.19077 14.53603 45.19062 14.53593 45.1901 14.53594 45.19005 14.53599 45.18969 14.53599 45.18929 14.53622 45.18906 14.53625 45.18879 14.53638 45.18857 14.53638 45.18846 14.53643 45.18832 14.53657 45.1883 14.53659 45.18805 14.53684 45.188 14.53695 45.18778 14.53705 45.18771 14.53718 45.18768 14.53738 45.18764 14.53743 45.18757 14.53738 45.18753 14.53728 45.18753 14.53708 45.1876 14.53687 45.18758 14.53657 45.18742 14.53649 45.18731 14.5366 45.18728 14.5367 45.18722 14.5367 45.18717 14.5365 45.1871 14.53642 45.18699 14.53625 45.18688 14.53596 45.18673 14.53571 45.18639 14.53525 45.1863 14.53515 45.18614 14.53495 45.18599 14.5349 45.18585 14.53493 45.1857 14.53478 45.1856 14.53475 45.18538 14.5348 45.18531 14.5347 45.18509 14.53455 45.18482 14.53445 45.18471 14.53448 45.18437 14.53443 45.18417 14.53451 45.18405 14.53451 45.18367 14.53469 45.18333 14.53469 45.1832 14.53477 45.18299 14.53482 45.1829 14.5349 45.18229 14.53491 45.18173 14.53504 45.18158 14.53517 45.18135 14.53524 45.18106 14.53545 45.18099 14.53555 45.18094 14.53555 45.18062 14.53581 45.18049 14.53586 45.1804 14.53599 45.18022 14.53609 45.18011 14.5363 45.1799 14.53643 45.17986 14.53648 45.17986 14.53654 45.17991 14.53664 45.1799 14.53673 45.17986 14.53681 45.17981 14.53686 45.1797 14.5368 45.17965 14.53684 45.17954 14.53704 45.1794 14.53717 45.17936 14.5373 45.17936 14.53763 45.17927 14.53791 45.1792 14.53799 45.17899 14.53799 45.1787 14.53784 45.17863 14.53784 45.17839 14.53769 45.17819 14.53764 45.17796 14.53769 45.17697 14.5377 45.17668 14.53765 45.17636 14.53765 45.17612 14.53776 45.17607 14.53788 45.17612 14.53801 45.17612 14.53809 45.17606 14.53817 45.17595 14.53832 45.17579 14.53872 45.17575 14.53898 45.17561 14.53949 45.17559 14.53964 45.17543 14.5401 45.17543 14.54018 45.17556 14.54051 45.1756 14.54068 45.17567 14.54079 45.17567 14.54089 45.17547 14.54089 45.17534 14.54084 45.17516 14.54105 45.17507 14.54107 45.17493 14.5412 45.17479 14.54125 45.17445 14.54148 45.17432 14.54171 45.17405 14.54189 45.17398 14.54207 45.1739 14.54219 45.17378 14.54235 45.17364 14.54256 45.17348 14.54269 45.17337 14.54276 45.17305 14.54277 45.17287 14.54292 45.17269 14.54292 45.17247 14.54277 45.17229 14.54272 45.1722 14.54275 45.17206 14.54288 45.17201 14.54316 45.17156 14.54308 45.17121 14.54311 45.17119 14.54321 45.1713 14.54324 45.17132 14.54334 45.17114 14.5436 45.17102 14.54395 45.17093 14.54403 45.17082 14.54403 45.17071 14.54411 45.17064 14.54421 45.17061 14.54439 45.17043 14.54462 45.17039 14.5448 45.17043 14.54487 45.17043 14.54503 45.17032 14.54521 45.17021 14.54531 45.17005 14.54536 45.16989 14.54536 45.16976 14.54545 45.16968 14.54544 45.16961 14.5454 45.16949 14.54541 45.16939 14.54547 45.16923 14.54567 45.1691 14.54595 45.16898 14.54616 45.16874 14.54636 45.16851 14.54647 45.16802 14.5465 45.16796 14.54638 45.16793 14.54626 45.16799 14.54612 45.16798 14.54597 45.16825 14.54566 45.16818 14.54551 45.1679 14.54579 45.16782 14.54576 45.16766 14.54558 45.16753 14.5453 45.16737 14.54518 45.16724 14.54523 45.16719 14.54536 45.16725 14.54561 45.1672 14.54575 45.16703 14.54561 45.16689 14.54562 45.16674 14.54557 45.16657 14.54545 45.16641 14.54516 45.16624 14.54486 45.16607 14.54455 45.16588 14.5442 45.16545 14.54356 45.16563 14.54332 45.16555 14.54325 45.16536 14.54345 45.16516 14.54318 45.16534 14.54294 45.16527 14.54284 45.1651 14.54305 45.16503 14.54299 45.16497 14.54284 45.16491 14.54269 45.16491 14.5425 45.16494 14.54233 45.165 14.54221 45.16522 14.54248 45.1653 14.54234 45.16511 14.54211 45.16525 14.54189 45.16556 14.54206 45.16558 14.54192 45.16523 14.54171 45.16484 14.54138 45.16471 14.54123 45.1646 14.5411 45.16444 14.5409 45.16436 14.54075 45.16454 14.54048 45.16447 14.54037 45.16426 14.54065 45.16418 14.54065 45.16405 14.54063 45.16391 14.54064 45.16366 14.54071 45.16351 14.54069 45.16333 14.54067 45.16341 14.54048 45.16334 14.54035 45.16315 14.54059 45.16301 14.54043 45.1628 14.54011 45.16264 14.53987 45.16245 14.53952 45.16213 14.53883 45.162 14.53853 45.16177 14.538 45.16153 14.53764 45.16136 14.5375 45.16119 14.53732 45.16105 14.53712 45.16089 14.53692 45.16079 14.53679 45.16064 14.5366 45.16042 14.53631 45.16011 14.53604 45.15987 14.53579 45.15957 14.53553 45.15914 14.53521 45.15879 14.53506 45.15842 14.53495 45.15784 14.53489 45.15777 14.53483 45.15739 14.53465 45.15727 14.53468 45.15718 14.53475 45.1566 14.53478 45.1564 14.53453 45.15633 14.53441 45.15628 14.5343 45.15624 14.53418 45.15611 14.53395 45.15611 14.53383 45.15608 14.53377 45.15591 14.53377 45.15582 14.53373 45.1557 14.53377 45.15561 14.53377 45.15548 14.53365 45.15527 14.53362 45.15519 14.53352 45.15496 14.5334 45.15483 14.5334 45.15465 14.53353 45.1545 14.53357 45.15433 14.53361 45.15402 14.53369 45.15396 14.53371 45.15388 14.53374 45.15368 14.53389 45.15363 14.53397 45.15358 14.53415 45.15354 14.53461 45.15348 14.53472 45.15338 14.53473 45.15327 14.53476 45.15318 14.53474 45.15309 14.53466 45.15291 14.53468 45.1528 14.53471 45.15248 14.53472 45.15237 14.53467 45.15221 14.53459 45.15208 14.53449 45.15197 14.53434 45.15196 14.53403 45.1519 14.53386 45.15183 14.53381 45.15167 14.53381 45.15161 14.53376 45.15132 14.53368 45.1512 14.53338 45.15113 14.53331 45.15111 14.53315 45.15107 14.53307 45.15106 14.53296 45.15101 14.53287 45.15099 14.53273 45.15096 14.53262 45.15094 14.53249 45.15095 14.53225 45.15092 14.53206 45.15081 14.53198 45.15076 14.53183 45.15058 14.53163 45.1505 14.53127 45.15041 14.53115 45.1504 14.53104 45.15029 14.53094 45.15023 14.53079 45.15025 14.53049 45.15036 14.53028 45.15048 14.52972 45.15053 14.52962 45.15056 14.52943 45.15058 14.52927 45.1506 14.52908 45.15061 14.52892 45.15062 14.52873 45.15062 14.52863 45.15071 14.52842 45.15085 14.52832 45.15092 14.52832 45.15103 14.52839 45.15112 14.52857 45.1513 14.52865 45.15195 14.52864 45.15211 14.52854 45.15227 14.52851 45.1524 14.52843 45.15251 14.52831 45.15262 14.52828 45.15283 14.52805 45.1529 14.52792 45.15299 14.52767 45.15299 14.52728 45.15297 14.52719 45.15295 14.52711 45.1529 14.52695 45.15259 14.52668 45.15257 14.52663 45.15243 14.52655 45.15234 14.52654 45.15226 14.52657 45.15222 14.52654 45.15222 14.52646 45.15218 14.52635 45.15212 14.5263 45.15194 14.52633 45.15155 14.52615 45.1514 14.52615 45.15131 14.52592 45.15127 14.5259 45.15122 14.52488 45.15125 14.52481 45.15123 14.52455 45.15125 14.5243 45.15132 14.52414 45.15132 14.52402 45.15141 14.52384 45.15144 14.52369 45.15144 14.52323 45.15139 14.52318 45.15128 14.52287 45.15115 14.52272 45.15115 14.52262 45.15103 14.52234 45.15074 14.52211 45.15065 14.52209 45.1505 14.52219 45.15041 14.52219 45.15034 14.52224 45.15023 14.52242 45.15018 14.52245 45.15021 14.524 45.15025 14.52581 45.15024 14.52584 45.15011 14.52678 45.1501 14.52688 45.14962 14.53172 45.14938 14.5347 45.14927 14.53915 45.14872 14.53964 45.14837 14.54037 45.14816 14.54111 45.1481 14.54192 45.14816 14.5427 45.14836 14.54351 45.14837 14.54388 45.14838 14.54421 45.14838 14.54425 45.14819 14.54485 45.14817 14.5449 45.14783 14.54538 45.14748 14.546 45.14751 14.54637 45.14785 14.54713 45.14967 14.5465 45.15123 14.54599 45.1527 14.54568 45.15462 14.54548 45.15672 14.54612 45.15799 14.54661 45.15833 14.5469 45.15877 14.54736 45.15923 14.54798 45.16057 14.55052 45.1608 14.5506 45.16167 14.54971 45.16225 14.54976 45.16318 14.5503 45.16456 14.55121 45.16517 14.55207 45.16605 14.55404 45.16679 14.55545 45.16731 14.55641 45.16708 14.55654 45.16638 14.5587 45.16602 14.56012 45.16593 14.56168 45.16598 14.56277 45.16621 14.56384 45.16655 14.5652 45.16672 14.56611 45.16675 14.56625 45.16667 14.56674 45.16663 14.56703 45.16616 14.56788 45.16604 14.56894 45.1656 14.57004 45.1648 14.57056 45.16395 14.57063 45.16308 14.57022 45.16248 14.5701 45.16133 14.57021 45.16098 14.57036 45.16008 14.57089 45.15951 14.57105 45.15794 14.57124 45.15673 14.57131 45.15464 14.57199 45.15407 14.57251 45.15334 14.5741 45.15333 14.57511 45.15318 14.5763 45.15324 14.57679 45.1534 14.57753 45.154 14.57937 45.15481 14.58097 45.1553 14.58159 45.15575 14.58224 45.15688 14.58271 45.15965 14.58335 45.16487 14.58473 45.16543 14.5847 45.16581 14.58475 45.16633 14.58467 45.16653 14.58476 45.16717 14.5844 45.16769 14.58399 45.16848 14.58248 45.16877 14.58179 45.16912 14.58053 45.16968 14.57875 45.17044 14.57724 45.17084 14.57692 45.17145 14.57623 45.17189 14.57557 45.17264 14.57595 45.17336 14.57624 45.17476 14.57736 45.17672 14.57925 45.17778 14.58044 45.17951 14.58266 45.18101 14.58408 45.181 14.58432 45.18094 14.58578 45.18088 14.58733 45.18025 14.59112 45.18031 14.59153 45.18073 14.59312 45.18162 14.59493 45.18225 14.59603 45.18251 14.59669 45.18262 14.59706 45.18263 14.59728 45.18264 14.59747 45.18265 14.59755 45.18261 14.59812 45.18244 14.5991 45.18223 14.59984 45.18217 14.60032 45.18217 14.60077 45.18228 14.6011 45.18252 14.60143 45.18301 14.60176 45.18393 14.60193 45.18454 14.60197 45.18485 14.60223 45.1852 14.60324 45.18647 14.60747 45.18667 14.60841 45.1871 14.6098 45.18756 14.61143 45.18761 14.61181 45.18767 14.61217 45.18766 14.61221 45.18765 14.61229 45.18756 14.61309 45.18756 14.6131 45.18756 14.61313 45.18755 14.61314 45.18751 14.61323 45.18747 14.61341 45.18742 14.61346 45.18738 14.61356 45.18747 14.61388 45.18747 14.6139 45.18726 14.61387 45.18724 14.61402 45.18744 14.61406 45.18746 14.6142 45.18739 14.61429 45.18721 14.61421 45.18717 14.61436 45.18731 14.61443 45.18726 14.6146 45.18731 14.61471 45.18742 14.6147 45.18746 14.61496 45.18741 14.61509 45.18744 14.61516 45.18755 14.61521 45.18757 14.61539 45.18761 14.61544 45.18786 14.61544 45.18798 14.61539 45.18804 14.61544 45.1882 14.61544 45.18831 14.61562 45.18845 14.61561 45.18854 14.61556 45.18861 14.61561 45.18876 14.61561 45.18883 14.61554 45.18887 14.61559 45.18882 14.6157 45.18887 14.61579 45.18892 14.61584 45.18914 14.61579 45.18923 14.61571 45.18932 14.61576 45.18932 14.61584 45.18928 14.61589 45.1893 14.61596 45.18941 14.61596 45.18948 14.61617 45.18966 14.61614 45.18982 14.61622 45.19 14.61621 45.19013 14.61609 45.19027 14.61601 45.19034 14.61591 45.19049 14.61577 45.19054 14.61578 45.19056 14.61603 45.19061 14.61605 45.19067 14.61601 45.19072 14.61606 45.19081 14.61606 45.19092 14.61595 45.191 14.6159 45.19104 14.61593 45.19106 14.61603 45.19115 14.61608 45.19119 14.61616 45.1913 14.61621 45.19142 14.61621 45.19153 14.61633 45.19164 14.61633 45.19178 14.61625 45.19178 14.61608 45.19191 14.61592 45.19232 14.61566 45.19254 14.61548 45.19263 14.61548 45.19297 14.61523 45.19306 14.6152 45.19317 14.61502 45.19347 14.61477 45.19352 14.61477 45.1936 14.61469 45.19365 14.61469 45.19374 14.61476 45.19388 14.61474 45.19399 14.61453 45.19406 14.61448 45.19419 14.61448 45.19433 14.61438 45.19449 14.61405 45.19476 14.61384 45.19479 14.61375 45.19476 14.61369 45.19473 14.61361 45.19474 14.61356 45.19485 14.61346 45.19492 14.61333 45.19523 14.61313 45.19528 14.61305 45.19528 14.61297 45.19534 14.61287 45.19544 14.61284 45.19564 14.61269 45.19598 14.61266 45.19618 14.61236 45.19643 14.61225 45.19649 14.61217 45.19656 14.61192 45.19666 14.61174 45.19673 14.6117 45.19685 14.61175 45.19692 14.61171 45.19694 14.61161 45.19693 14.61154 45.19686 14.61136 45.19697 14.61098 45.19706 14.61082 45.19713 14.61067 45.19724 14.61026 45.19722 14.61016 45.19713 14.61013 45.19698 14.61013 45.19662 14.61014 45.19646 14.61004 45.19641 14.61004 45.19637 14.61002 45.19636 14.60997 45.19635 14.60986 45.19642 14.60971 45.19764 14.60886 45.19773 14.60873 45.19784 14.60865 45.19793 14.60873 45.19809 14.60873 45.19849 14.60857 45.19867 14.60847 45.1987 14.60839 45.19881 14.60832 45.19892 14.60814 45.19904 14.60806 45.19919 14.60803 45.19939 14.60788 45.19967 14.60785 45.19985 14.60795 45.19991 14.60805 45.2 14.60805 45.2 14.60795 45.20009 14.60775 45.20048 14.60746 45.20055 14.60746 45.20072 14.60736 45.20088 14.60713 45.20113 14.60695 45.2012 14.60682 45.20129 14.60682 45.20151 14.60697 45.20165 14.60697 45.2017 14.6069 45.2017 14.60682 45.20178 14.60667 45.20196 14.60666 45.20199 14.60661 45.20204 14.6065 45.20215 14.6062 45.20226 14.60613 45.2024 14.60613 45.20269 14.60602 45.2028 14.60592 45.20285 14.60572 45.20309 14.60559 45.20325 14.60533 45.20326 14.60487 45.20337 14.60467 45.20346 14.60464 45.20353 14.60472 45.20361 14.6049 45.20367 14.60497 45.20375 14.60505 45.20386 14.60505 45.20393 14.605 45.20402 14.60487 45.20405 14.60472 45.20411 14.60464 45.2044 14.60446 45.20468 14.60435 45.20483 14.60425 45.20492 14.6041 45.2052 14.60397 45.20524 14.60389 45.20547 14.60376 45.20556 14.60358 45.20589 14.6034 45.20594 14.6032 45.20599 14.60312 45.20635 14.60294 45.20653 14.60274 45.20663 14.60267 45.20671 14.60261 45.20676 14.60253 45.20698 14.6021 45.20723 14.60194 45.20725 14.60174 45.20732 14.60159 45.2074 14.60156 45.2075 14.60163 45.20761 14.60158 45.20777 14.60133 45.20779 14.6012 45.20782 14.60115 45.20789 14.6011 45.20802 14.6011 45.20814 14.60087 45.20822 14.60082 45.20834 14.60082 45.20852 14.60069 45.20873 14.6006 45.20886 14.60043 45.20899 14.60035 45.20907 14.60017 45.20917 14.60005 45.20928 14.59997 45.20942 14.59997 45.20947 14.60002 45.20962 14.59999 45.20981 14.59961 45.20993 14.59948 45.20996 14.5994 45.21005 14.5993 45.21012 14.59915 45.21019 14.5991 45.21028 14.5991 45.21042 14.59917 45.21059 14.59917 45.21066 14.59897 45.21082 14.59884 45.2109 14.59871 45.21098 14.59863 45.21105 14.59845 45.21116 14.59842 45.21127 14.59847 45.21138 14.59845 45.21157 14.59825 45.21191 14.59814 45.212 14.59804 45.21209 14.59784 45.21224 14.59771 45.21231 14.59768 45.2124 14.59758 45.21263 14.59748 45.21272 14.59732 45.21297 14.59709 45.21322 14.59694 45.21328 14.59683 45.21364 14.59665 45.21371 14.59655 45.2138 14.5963 45.2138 14.59619 45.21385 14.59609 45.21414 14.59606 45.2143 14.59599 45.21455 14.59573 45.21461 14.59555 45.2148 14.59547 45.21509 14.59512 45.21525 14.59509 45.21527 14.59497 45.21525 14.59489 45.21529 14.59478 45.21536 14.59473 45.21565 14.59473 45.21583 14.59442 45.21597 14.59432 45.21608 14.59401 45.21617 14.59399 45.21622 14.59391 45.21625 14.59358 45.21633 14.5935 45.21651 14.59342 45.21658 14.5933 45.21663 14.59327 45.21683 14.59286 45.21706 14.59268 45.21715 14.59268 45.21724 14.5926 45.21738 14.59258 45.21742 14.59253 45.21744 14.5924 45.21762 14.59227 45.21771 14.59209 45.21781 14.59203 45.2179 14.59194 45.21807 14.59183 45.21814 14.59173 45.21832 14.5916 45.21833 14.59155 45.21848 14.59148 45.21855 14.5913 45.21869 14.59119 45.21877 14.59119 45.21889 14.59109 45.21909 14.59101 45.21916 14.59096 45.21925 14.59081 45.21961 14.5906 45.21979 14.59037 45.21986 14.59022 45.22008 14.59011 45.22011 14.59006 45.22011 14.58991 45.22016 14.58978 45.22016 14.58971 45.2202 14.5896 45.22027 14.58947 45.22032 14.5893 45.2204 14.58925 45.22067 14.58927 45.22079 14.58922 45.22099 14.58899 45.22115 14.58888 45.2212 14.58878 45.22156 14.58852 45.2216 14.58845 45.22167 14.5884 45.22175 14.5884 45.22186 14.58836 45.22212 14.58816 45.22225 14.58816 45.22243 14.58803 45.22253 14.58801 45.22277 14.58775 45.22298 14.58762 45.22305 14.58752 45.22314 14.58747 45.22322 14.58734 45.2233 14.58726 45.22338 14.58711 45.2235 14.58703 45.22356 14.58696 45.22364 14.58675 45.224 14.58647 45.22416 14.58621 45.22442 14.58603 45.2246 14.58583 45.22474 14.58562 45.22477 14.58547 45.22499 14.58521 45.22502 14.58509 45.22513 14.58493 45.22526 14.58486 45.22532 14.5849 45.22538 14.58498 45.22543 14.58501 45.22549 14.58498 45.22547 14.58478 45.22551 14.58468 45.22558 14.5846 45.22592 14.58444 45.22599 14.58444 45.22616 14.58421 45.22635 14.58406 45.22653 14.58398 45.22659 14.5839 45.22678 14.5838 45.227 14.58362 45.22705 14.58362 45.2273 14.58342 45.22754 14.58339 45.22761 14.58329 45.22788 14.58308 45.22835 14.58285 45.2284 14.58277 45.22876 14.58251 45.22899 14.58238 45.22957 14.58187 45.22982 14.58179 45.23003 14.58161 45.23012 14.58159 45.2303 14.58171 45.23063 14.58202 45.23077 14.58209 45.23081 14.58214 45.23088 14.58222 45.23106 14.58234 45.23142 14.58272 45.23164 14.58303 45.23173 14.58318 45.23198 14.58356 45.23201 14.58366 45.232 14.58379 45.23181 14.58427 45.23174 14.58466 45.23174 14.58494 45.23181 14.58518 45.23183 14.58532 45.23179 14.58542 45.23162 14.58557 45.23153 14.58567 45.23149 14.5858 45.2314 14.58591 45.23138 14.58598 45.23112 14.58637 45.23104 14.58655 45.2309 14.58678 45.23083 14.58697 45.23074 14.58713 45.23044 14.58758 45.23033 14.58784 45.23027 14.588 45.23023 14.58811 45.23013 14.58818 45.22999 14.58824 45.22979 14.58839 45.22964 14.58859 45.22948 14.58888 45.22939 14.58906 45.2292 14.58941 45.22914 14.58962 45.22914 14.58977 45.22909 14.59005 45.22897 14.59043 45.22892 14.59097 45.22879 14.59145 45.22874 14.59178 45.2287 14.59186 45.22866 14.59196 45.22854 14.59212 45.22813 14.59291 45.22793 14.59329 45.22784 14.59345 45.22774 14.5936 45.22765 14.59383 45.22756 14.59393 45.2275 14.59411 45.22736 14.59437 45.22725 14.59465 45.22724 14.595 45.2272 14.59511 45.2272 14.59549 45.22717 14.59569 45.2271 14.5959 45.22692 14.59615 45.22681 14.59646 45.22669 14.59707 45.22658 14.59743 45.22633 14.59802 45.2263 14.59814 45.22628 14.59825 45.22628 14.5985 45.22621 14.59876 45.22621 14.59898 45.22617 14.59909 45.22605 14.59927 45.22598 14.59944 45.22587 14.59947 45.22572 14.59958 45.22567 14.59978 45.22556 14.59993 45.22546 14.60001 45.22528 14.60044 45.22521 14.60065 45.22517 14.60083 45.22503 14.60136 45.22501 14.60172 45.22496 14.60202 45.22482 14.60251 45.22476 14.60302 45.22469 14.60332 45.22466 14.60345 45.22464 14.60362 45.22462 14.60386 45.22466 14.60396 45.22479 14.60394 45.22498 14.60365 45.22511 14.60337 45.22521 14.60317 45.22529 14.60299 45.22548 14.60273 45.22582 14.6025 45.22633 14.60237 45.22645 14.6024 45.22665 14.60229 45.22676 14.60193 45.22687 14.60178 45.22721 14.60147 45.22726 14.60137 45.22744 14.60124 45.22751 14.60114 45.22758 14.60089 45.22767 14.60076 45.22782 14.60068 45.22789 14.60058 45.22796 14.60025 45.22807 14.60009 45.22821 14.60001 45.22833 14.59984 45.22842 14.59975 45.2285 14.59963 45.22878 14.59942 45.22891 14.59922 45.22912 14.59912 45.22923 14.59886 45.2295 14.59868 45.22954 14.59863 45.22957 14.59835 45.22962 14.59817 45.22968 14.59812 45.22982 14.59781 45.22995 14.59774 45.23 14.59763 45.23014 14.59752 45.23022 14.59743 45.23041 14.59727 45.23056 14.59725 45.23075 14.59709 45.23101 14.59696 45.2312 14.59684 45.23135 14.59663 45.23186 14.59617 45.23206 14.59599 45.23237 14.59573 45.23253 14.59553 45.23269 14.59545 45.23284 14.59514 45.23305 14.59501 45.23316 14.59481 45.23339 14.59465 45.23355 14.5944 45.23366 14.59422 45.23391 14.59399 45.23409 14.59373 45.23438 14.59348 45.2345 14.5934 45.23474 14.59319 45.23499 14.59294 45.23524 14.59258 45.23538 14.59237 45.23551 14.59225 45.23558 14.59209 45.23651 14.59137 45.23674 14.59109 45.23687 14.59091 45.23701 14.59078 45.23728 14.5906 45.23746 14.59058 45.23759 14.59065 45.2377 14.59078 45.23793 14.59083 45.23802 14.59093 45.23826 14.59105 45.23836 14.59116 45.2386 14.59115 45.23869 14.59125 45.23883 14.5913 45.23887 14.59136 45.23892 14.59136 45.23896 14.5913 45.23899 14.59121 45.23903 14.59115 45.23903 14.59102 45.2389 14.59082 45.23884 14.59053 45.23898 14.59034 45.23891 14.59022 45.23874 14.59039 45.2386 14.59029 45.23851 14.59014 45.23822 14.58988 45.23811 14.58973 45.23796 14.5894 45.23787 14.5893 45.2378 14.5891 45.2378 14.58902 45.23791 14.58879 45.23812 14.58864 45.23828 14.58861 45.23841 14.58853 45.23855 14.58828 45.23877 14.5881 45.23893 14.58782 45.23902 14.58758 45.23911 14.58738 45.23912 14.58715 45.23927 14.58684 45.23932 14.58644 45.23937 14.58628 45.23953 14.58605 45.23955 14.58598 45.23955 14.58575 45.2396 14.58562 45.2396 14.58547 45.23968 14.58521 45.23966 14.58473 45.23971 14.58452 45.23982 14.58434 45.23989 14.58422 45.24001 14.58388 45.24008 14.58378 45.24019 14.58365 45.2403 14.58358 45.24048 14.58296 45.24057 14.58283 45.24073 14.58248 45.24092 14.5822 45.24101 14.58199 45.24101 14.58181 45.24107 14.58148 45.24123 14.58105 45.24122 14.58072 45.24139 14.58041 45.24142 14.57992 45.24162 14.57964 45.24169 14.57934 45.24174 14.57921 45.24181 14.57913 45.24181 14.57883 45.24179 14.57862 45.24176 14.57843 45.24174 14.57819 45.24159 14.57796 45.2416 14.57762 45.24148 14.5772 45.24134 14.57702 45.24096 14.577 45.2408 14.57691 45.24067 14.57692 45.24054 14.57695 45.24037 14.57696 45.24013 14.57706 45.23963 14.57716 45.2394 14.57726 45.23912 14.57742 45.23894 14.57742 45.23878 14.57729 45.23863 14.57729 45.23826 14.57735 45.23812 14.57741 45.23794 14.57748 45.23738 14.57789 45.23724 14.57807 45.23708 14.57812 45.23672 14.57812 45.23662 14.57809 45.23652 14.57813 45.23643 14.57825 45.23626 14.5785 45.23615 14.57867 45.23607 14.57884 45.23596 14.579 45.23582 14.57918 45.23573 14.57925 45.23546 14.57925 45.23526 14.57923 45.23513 14.57914 45.23486 14.57889 45.23501 14.57835 45.23489 14.5783 45.23474 14.5788 45.23466 14.57899 45.23458 14.57883 45.23454 14.57868 45.23436 14.57837 45.23425 14.57809 45.23421 14.57766 45.23428 14.57695 45.23444 14.57633 45.23467 14.57608 45.23478 14.57574 45.23487 14.57562 45.23494 14.57557 45.23521 14.57556 45.2353 14.57546 45.23539 14.57528 45.23553 14.57515 45.23568 14.57518 45.23572 14.5753 45.23578 14.57532 45.23584 14.57528 45.23588 14.57515 45.23595 14.5751 45.23604 14.5751 45.23607 14.57505 45.23607 14.57487 45.23602 14.57477 45.23609 14.57441 45.23607 14.57393 45.23614 14.57365 45.23616 14.57359 45.23649 14.57378 45.23654 14.57366 45.23621 14.57344 45.23619 14.57334 45.23637 14.57275 45.23642 14.57264 45.23678 14.57291 45.23683 14.57277 45.2365 14.57249 45.23666 14.57219 45.23684 14.57173 45.23703 14.57145 45.2371 14.57124 45.23726 14.57091 45.23735 14.57078 45.2375 14.57045 45.23764 14.5703 45.2378 14.57009 45.238 14.56979 45.23807 14.56961 45.2382 14.56948 45.2383 14.56927 45.23843 14.56881 45.23855 14.56856 45.23875 14.56828 45.23882 14.56817 45.23898 14.56794 45.23932 14.56751 45.23943 14.56743 45.23984 14.56684 45.23997 14.56674 45.24024 14.56633 45.24041 14.56615 45.24063 14.56584 45.24102 14.56551 45.24117 14.56533 45.24136 14.56517 45.24151 14.565 45.24163 14.56492 45.24169 14.56482 45.24181 14.56474 45.24188 14.56464 45.2421 14.56451 45.24224 14.56435 45.24233 14.56435 45.24255 14.56425 45.24267 14.56415 45.24285 14.56412 45.24293 14.56417 45.24298 14.56427 45.24307 14.56427 45.24325 14.56406 45.24345 14.56394 45.24345 14.56383 45.24348 14.56373 45.24355 14.56365 45.24366 14.56327 45.24368 14.56297 45.24362 14.56276 45.24362 14.56261 45.24377 14.5622 45.24376 14.56197 45.24382 14.56187 45.24385 14.56159 45.24391 14.56141 45.24389 14.561 45.24394 14.56082 45.24394 14.56057 45.24388 14.56034 45.24395 14.56003 45.24397 14.55975 45.24401 14.55968 45.24411 14.55881 45.24417 14.55871 45.24422 14.55843 45.24423 14.55818 45.24423 14.55799 45.24426 14.55786 45.24434 14.55766 45.24434 14.55748 45.24443 14.5572</gml:posList>
                        </gml:LinearRing>
                      </gml:exterior>
                    </gml:Polygon>
                  </gml:surfaceMember>
                  <gml:surfaceMember>
                    <gml:Polygon gml:id="MEDIA_MONITORED_CILJ_ID_1_CILJ_ID_5_POLUTANT_3_MODEL_308">
                      <gml:exterior>
                        <gml:LinearRing>
                          <gml:posList srsDimension="2">45.28632 14.58101 45.2867 14.58082 45.28702 14.58057 45.28749 14.5803 45.28793 14.58 45.28831 14.57972 45.28844 14.57954 45.28872 14.57916 45.28873 14.57914 45.28868 14.5784 45.28841 14.57797 45.28815 14.57762 45.28785 14.5772 45.28747 14.57704 45.28705 14.57694 45.28676 14.57642 45.28666 14.57583 45.2864 14.5753 45.28633 14.57522 45.28615 14.57501 45.28607 14.57511 45.28602 14.57526 45.28579 14.57631 45.28574 14.57656 45.28565 14.57695 45.28558 14.57713 45.28554 14.57736 45.28542 14.57771 45.2854 14.57784 45.28513 14.57853 45.28492 14.57892 45.28474 14.57904 45.28456 14.5791 45.28434 14.57915 45.28404 14.57915 45.28377 14.57923 45.28366 14.57931 45.28359 14.57944 45.28344 14.57954 45.28269 14.57995 45.28245 14.58013 45.28237 14.58024 45.28233 14.58034 45.28224 14.58047 45.28208 14.5807 45.28177 14.58098 45.2817 14.58103 45.2816 14.58108 45.28145 14.58108 45.28122 14.58114 45.28104 14.58125 45.28045 14.58121 45.28043 14.58132 45.28019 14.58125 45.27999 14.58117 45.28005 14.58102 45.28031 14.58105 45.28032 14.58091 45.27999 14.58088 45.27991 14.58111 45.27974 14.58095 45.2796 14.58077 45.27956 14.58063 45.27954 14.58039 45.27953 14.58018 45.27952 14.57998 45.27957 14.57969 45.27964 14.57937 45.27973 14.57921 45.2798 14.57888 45.27989 14.57847 45.27995 14.57802 45.27996 14.57768 45.27996 14.57719 45.28001 14.57691 45.28008 14.5762 45.28008 14.57592 45.28003 14.57561 45.27988 14.57528 45.27979 14.57518 45.27968 14.5749 45.27966 14.5747 45.27972 14.57416 45.27993 14.5734 45.28016 14.57301 45.28023 14.57283 45.28032 14.57276 45.28057 14.5724 45.28075 14.57189 45.28081 14.57178 45.28127 14.57096 45.28152 14.57025 45.28189 14.56933 45.282 14.56892 45.28202 14.56874 45.28207 14.56861 45.28223 14.56774 45.28228 14.56718 45.28235 14.56677 45.28235 14.5657 45.28229 14.56537 45.28216 14.56491 45.28191 14.56451 45.28153 14.56421 45.28135 14.56413 45.28124 14.56408 45.28099 14.56401 45.28067 14.56409 45.2804 14.56424 45.28022 14.56447 45.2802 14.56455 45.28 14.56485 45.27993 14.56506 45.27967 14.5657 45.27954 14.56585 45.27938 14.56596 45.27895 14.56609 45.27861 14.56617 45.27844 14.56619 45.27816 14.56619 45.2777 14.56587 45.27738 14.56556 45.27698 14.56501 45.27682 14.5647 45.27678 14.56447 45.27672 14.56429 45.27671 14.56381 45.27681 14.56317 45.27684 14.56294 45.27683 14.56264 45.2769 14.56238 45.2769 14.56215 45.27683 14.56208 45.27668 14.56208 45.27652 14.56218 45.27638 14.56241 45.27611 14.56282 45.27582 14.5633 45.27577 14.56341 45.27572 14.56349 45.27504 14.56454 45.27489 14.56487 45.2748 14.56525 45.27476 14.56551 45.27477 14.56579 45.27482 14.56607 45.27488 14.56632 45.27487 14.5666 45.27485 14.56688 45.2748 14.56708 45.27469 14.56721 45.27452 14.56704 45.27442 14.56719 45.27425 14.56701 45.27435 14.56682 45.27419 14.56668 45.27388 14.56732 45.27379 14.56749 45.27345 14.56807 45.27335 14.56805 45.2733 14.568 45.2733 14.56789 45.27337 14.56773 45.27337 14.56761 45.27336 14.56753 45.27328 14.56743 45.27322 14.56735 45.27299 14.56741 45.27282 14.56746 45.27261 14.56749 45.2724 14.56728 45.27164 14.56821 45.27136 14.56839 45.27117 14.56801 45.27119 14.56784 45.27103 14.56756 45.27109 14.56737 45.2712 14.56719 45.27141 14.56681 45.27157 14.56655 45.27168 14.56659 45.2719 14.56622 45.27214 14.56609 45.2724 14.56603 45.27268 14.5658 45.2728 14.56565 45.27291 14.56548 45.27304 14.56521 45.27313 14.56493 45.27324 14.56437 45.27329 14.56424 45.27346 14.5632 45.27347 14.56307 45.27352 14.56287 45.27352 14.56269 45.27361 14.56223 45.2736 14.56207 45.27362 14.5619 45.27362 14.56146 45.2736 14.56141 45.2734 14.56129 45.27333 14.56108 45.27337 14.5607 45.27345 14.56042 45.27345 14.56016 45.27325 14.55994 45.27311 14.55991 45.27297 14.55989 45.27278 14.55988 45.27267 14.55991 45.27257 14.55992 45.27234 14.56002 45.27221 14.56015 45.27212 14.56058 45.27203 14.56076 45.27191 14.56094 45.27176 14.56104 45.2716 14.56107 45.27126 14.561 45.27099 14.561 45.27087 14.56108 45.27079 14.5612 45.27079 14.56131 45.27092 14.56156 45.2709 14.56174 45.2708 14.56184 45.2706 14.56182 45.27049 14.56189 45.27045 14.56207 45.2704 14.56215 45.27007 14.56204 45.27029 14.56114 45.27022 14.56113 45.26999 14.56203 45.26991 14.56201 45.26984 14.56198 45.26947 14.56191 45.26908 14.56191 45.26871 14.56206 45.26857 14.56209 45.26787 14.56255 45.26774 14.5626 45.2676 14.5626 45.26727 14.56276 45.26704 14.56279 45.26689 14.56269 45.26679 14.56264 45.2667 14.56261 45.2665 14.56259 45.26583 14.56262 45.26578 14.56252 45.26572 14.56224 45.26563 14.56216 45.26552 14.56216 45.26536 14.56227 45.26524 14.5625 45.2652 14.5625 45.26506 14.56237 45.26495 14.56265 45.26513 14.56278 45.26513 14.56285 45.26508 14.5629 45.26495 14.56319 45.26485 14.56375 45.26481 14.56377 45.26476 14.56393 45.26461 14.56413 45.26456 14.56416 45.26442 14.56439 45.26431 14.56469 45.26423 14.56496 45.2642 14.56508 45.26411 14.56521 45.26354 14.56557 45.26341 14.56577 45.26336 14.5658 45.26322 14.566 45.26315 14.56618 45.26306 14.56628 45.26281 14.56692 45.26275 14.567 45.26266 14.56728 45.26259 14.56738 45.2625 14.56764 45.26241 14.56777 45.26207 14.56805 45.26193 14.56825 45.26184 14.56831 45.26164 14.56854 45.26128 14.56882 45.26091 14.56933 45.26075 14.56946 45.26062 14.56964 45.26056 14.56973 45.2605 14.56985 45.26046 14.56987 45.2603 14.57023 45.26025 14.57041 45.2601 14.57069 45.26 14.57082 45.25992 14.57097 45.25978 14.57118 45.25973 14.5712 45.25949 14.57153 45.25917 14.57187 45.25905 14.57195 45.25885 14.5722 45.25869 14.57259 45.25865 14.57279 45.25858 14.57289 45.25797 14.57328 45.25767 14.57359 45.25756 14.57377 45.2575 14.57379 45.25738 14.57397 45.25736 14.5742 45.2574 14.57428 45.25744 14.57472 45.25747 14.57496 45.25746 14.57504 45.25735 14.57504 45.25717 14.57494 45.25702 14.57492 45.25657 14.57492 45.2558 14.57508 45.25568 14.57512 45.25555 14.57516 45.2553 14.57531 45.25509 14.57538 45.25496 14.57543 45.25487 14.57549 45.25474 14.57555 45.25448 14.57567 45.2542 14.57586 45.2541 14.57588 45.25393 14.57606 45.25382 14.57616 45.25364 14.57639 45.25348 14.57652 45.25336 14.57652 45.25325 14.57642 45.25318 14.57632 45.25309 14.57622 45.25298 14.57608 45.25287 14.57594 45.25271 14.57572 45.25262 14.57557 45.25228 14.57508 45.25211 14.57488 45.252 14.57473 45.25187 14.57456 45.25166 14.57427 45.25149 14.57402 45.25086 14.57314 45.2507 14.57293 45.25052 14.57269 45.25043 14.5726 45.2503 14.57247 45.24992 14.57219 45.24988 14.57217 45.2496 14.5722 45.24944 14.57232 45.24927 14.57235 45.24915 14.57243 45.24884 14.57271 45.24863 14.57299 45.24857 14.57311 45.24854 14.57327 45.24843 14.57381 45.24847 14.57457 45.24847 14.57489 45.24848 14.57521 45.24848 14.57676 45.24841 14.57707 45.24839 14.57743 45.24848 14.5776 45.24848 14.57773 45.24852 14.57783 45.24856 14.57885 45.2486 14.57895 45.24862 14.57954 45.24865 14.57982 45.24893 14.58081 45.24895 14.58099 45.24922 14.5816 45.24927 14.58193 45.24933 14.58208 45.24933 14.58218 45.24938 14.58229 45.2494 14.58259 45.24937 14.58284 45.2493 14.58308 45.24924 14.5831 45.2492 14.5831 45.24893 14.58305 45.24863 14.58294 45.24816 14.5829 45.24814 14.58298 45.24802 14.58304 45.24787 14.58316 45.24773 14.58334 45.24754 14.58393 45.24752 14.58408 45.24741 14.58431 45.24734 14.58465 45.24718 14.58508 45.24696 14.58543 45.24682 14.5856 45.24666 14.58582 45.2466 14.58588 45.24655 14.586 45.24643 14.58626 45.24636 14.58636 45.24631 14.58653 45.24627 14.5867 45.24616 14.58692 45.24591 14.58725 45.24575 14.58746 45.24562 14.5876 45.24546 14.58784 45.24541 14.58787 45.24528 14.58805 45.24503 14.58861 45.24486 14.58885 45.24478 14.58899 45.24472 14.58917 45.24459 14.58963 45.24457 14.58984 45.24437 14.59042 45.24434 14.59068 45.24425 14.59091 45.24416 14.59162 45.24375 14.59295 45.24343 14.59364 45.2434 14.59379 45.24322 14.59423 45.24316 14.59438 45.24293 14.59505 45.24275 14.59538 45.24256 14.59569 45.24245 14.59581 45.24214 14.5963 45.24195 14.59651 45.2418 14.59663 45.24159 14.59684 45.24149 14.59692 45.24139 14.59704 45.24124 14.59718 45.24103 14.5974 45.2409 14.59754 45.24076 14.59769 45.24051 14.59787 45.2397 14.59823 45.23938 14.59836 45.23902 14.59846 45.2388 14.59857 45.23855 14.59867 45.23814 14.59905 45.23809 14.59918 45.23805 14.59941 45.23812 14.59969 45.23813 14.60007 45.23816 14.60043 45.2384 14.60101 45.23854 14.60124 45.23865 14.60155 45.2388 14.60165 45.23894 14.60193 45.23894 14.60208 45.23882 14.60213 45.23869 14.60203 45.23853 14.60198 45.23846 14.60193 45.23833 14.60193 45.23815 14.60181 45.23784 14.60173 45.23777 14.60165 45.23748 14.60155 45.23737 14.60151 45.23721 14.60155 45.23689 14.60164 45.23667 14.60187 45.23639 14.60263 45.23637 14.60289 45.23661 14.6036 45.23684 14.60388 45.23664 14.60389 45.23664 14.60405 45.23684 14.60401 45.23679 14.60413 45.23674 14.60429 45.23658 14.60459 45.23652 14.60492 45.23656 14.60513 45.23663 14.60531 45.23663 14.60553 45.23667 14.60561 45.23678 14.60566 45.2368 14.60581 45.23672 14.60592 45.23662 14.60594 45.23656 14.60607 45.23637 14.6061 45.236 14.60595 45.23552 14.60564 45.23494 14.6055 45.23471 14.60537 45.23458 14.60542 45.23454 14.60559 45.23458 14.60575 45.23467 14.60601 45.23467 14.60613 45.235 14.6071 45.23508 14.60721 45.23508 14.60733 45.23494 14.6073 45.23489 14.60747 45.23499 14.60762 45.23497 14.60771 45.23462 14.60795 45.23452 14.60802 45.23429 14.60835 45.23415 14.60823 45.2341 14.60836 45.23421 14.60848 45.23391 14.60879 45.23375 14.60909 45.23366 14.60932 45.23357 14.6095 45.23349 14.60964 45.23339 14.61005 45.23325 14.60994 45.23321 14.61007 45.23334 14.61017 45.23328 14.6103 45.23319 14.61044 45.23314 14.61068 45.23315 14.61072 45.23413 14.61219 45.23445 14.6126 45.23473 14.61295 45.23488 14.61312 45.2357 14.61415 45.23649 14.61519 45.2376 14.61602 45.23761 14.61697 45.23785 14.61756 45.23817 14.61767 45.23903 14.61841 45.23947 14.6182 45.23967 14.61859 45.23954 14.61927 45.24059 14.6207 45.24113 14.62159 45.24174 14.6225 45.24235 14.62337 45.24379 14.62568 45.24395 14.6259 45.2447 14.62706 45.24552 14.62802 45.24616 14.62881 45.24689 14.62971 45.24766 14.63026 45.24839 14.63038 45.24904 14.63067 45.24945 14.63093 45.24964 14.63105 45.25005 14.63138 45.25068 14.63231 45.25156 14.63304 45.25244 14.63404 45.25318 14.63479 45.25396 14.63584 45.2544 14.63636 45.25496 14.63661 45.25552 14.63764 45.25585 14.63794 45.2563 14.63835 45.25702 14.63792 45.25748 14.63703 45.25782 14.63616 45.25805 14.63569 45.25794 14.63467 45.25823 14.63384 45.25894 14.63173 45.25911 14.63067 45.25935 14.62941 45.25974 14.6276 45.25988 14.62637 45.26029 14.62447 45.26071 14.62275 45.26153 14.62054 45.26185 14.61954 45.26204 14.61898 45.26246 14.61789 45.26265 14.61737 45.26285 14.61677 45.26313 14.61609 45.26332 14.61563 45.26362 14.61529 45.26423 14.61525 45.26483 14.61502 45.26543 14.61471 45.26605 14.61436 45.26617 14.61429 45.26648 14.61412 45.26691 14.61403 45.26747 14.61383 45.26829 14.61287 45.26886 14.61213 45.26952 14.61142 45.26985 14.61105 45.27024 14.61026 45.27082 14.6092 45.2713 14.60816 45.27169 14.60743 45.27196 14.60706 45.27235 14.60613 45.27283 14.60495 45.27323 14.60416 45.27351 14.60336 45.27392 14.60265 45.27449 14.60187 45.27482 14.601 45.27485 14.60034 45.27487 14.59993 45.2751 14.59919 45.27532 14.59887 45.27544 14.59819 45.27544 14.59744 45.2755 14.59671 45.27581 14.59712 45.276 14.59741 45.27629 14.59741 45.27639 14.59699 45.27649 14.59666 45.2767 14.59631 45.27703 14.59599 45.27742 14.59585 45.27785 14.59564 45.27844 14.59544 45.2787 14.59458 45.27891 14.59395 45.27919 14.59316 45.27957 14.59234 45.27986 14.59158 45.2802 14.59112 45.28078 14.59041 45.28153 14.58958 45.2818 14.58905 45.28225 14.58865 45.28271 14.58822 45.28317 14.5878 45.28374 14.5871 45.28429 14.58648 45.28481 14.58561 45.2852 14.58496 45.28563 14.58392 45.28587 14.58379 45.28631 14.58335 45.28671 14.58288 45.28685 14.5825 45.28702 14.58202 45.28699 14.5819 45.28692 14.58167 45.28661 14.58141 45.2863 14.58138 45.28605 14.58125 45.28632 14.58101</gml:posList>
                        </gml:LinearRing>
                      </gml:exterior>
                    </gml:Polygon>
                  </gml:surfaceMember>
                  <gml:surfaceMember>
                    <gml:Polygon gml:id="MEDIA_MONITORED_CILJ_ID_1_CILJ_ID_5_POLUTANT_3_MODEL_309">
                      <gml:exterior>
                        <gml:LinearRing>
                          <gml:posList srsDimension="2">45.38044 14.62786 45.3832 14.62212 45.38648 14.62195 45.3915 14.6217 45.39399 14.62579 45.4158 14.62769 45.41695 14.62626 45.43126 14.62126 45.43038 14.62081 45.42105 14.61609 45.41167 14.61126 45.40232 14.60647 45.39465 14.60258 45.38672 14.59857 45.38472 14.59754 45.38353 14.59692 45.38313 14.59713 45.38247 14.59785 45.38186 14.59743 45.38157 14.59764 45.38112 14.59708 45.38069 14.59654 45.38009 14.59634 45.37945 14.59622 45.37841 14.59546 45.37812 14.59444 45.37755 14.59376 45.3767 14.59283 45.37631 14.59199 45.37601 14.59101 45.37585 14.59008 45.37616 14.5894 45.37609 14.58933 45.37597 14.58921 45.37594 14.58918 45.37549 14.58873 45.3751 14.58835 45.37453 14.58812 45.37368 14.5875 45.37328 14.58668 45.37287 14.58548 45.37246 14.58403 45.37257 14.58311 45.37277 14.58162 45.37281 14.58126 45.37282 14.58118 45.37204 14.58051 45.37194 14.57977 45.37109 14.57859 45.37087 14.5773 45.37011 14.57507 45.36852 14.57318 45.3676 14.57146 45.36705 14.57031 45.36524 14.56653 45.3639 14.5639 45.36351 14.56299 45.36266 14.56148 45.36242 14.56063 45.36152 14.55902 45.36089 14.55821 45.36026 14.55732 45.35963 14.55618 45.35898 14.55477 45.35852 14.55306 45.35876 14.55196 45.35939 14.55131 45.35958 14.55023 45.35962 14.54996 45.35966 14.5497 45.35962 14.54933 45.35956 14.5488 45.35888 14.54746 45.35869 14.54605 45.35947 14.54496 45.35963 14.54335 45.36 14.54178 45.36017 14.54079 45.36026 14.5405 45.36038 14.54012 45.36052 14.53969 45.36048 14.53948 45.36044 14.53924 45.36039 14.53889 45.36023 14.53792 45.36012 14.53677 45.36001 14.53574 45.35953 14.53444 45.35908 14.53304 45.35901 14.53246 45.35859 14.53126 45.35846 14.53032 45.35804 14.52912 45.35782 14.52824 45.35755 14.52755 45.3571 14.52692 45.35665 14.52641 45.35625 14.5258 45.3559 14.52517 45.35561 14.52457 45.3555 14.52419 45.35548 14.52345 45.35543 14.52272 45.35537 14.52183 45.35523 14.52117 45.35487 14.52063 45.35434 14.52031 45.35393 14.5199 45.35352 14.51965 45.35306 14.51931 45.35255 14.51842 45.3523 14.51815 45.35173 14.51741 45.35071 14.51644 45.35019 14.51589 45.34983 14.51547 45.34944 14.51485 45.34886 14.51424 45.3485 14.51376 45.34798 14.51309 45.34757 14.51264 45.3472 14.51191 45.34692 14.51084 45.34659 14.50963 45.3462 14.50872 45.34561 14.50727 45.34509 14.50596 45.34463 14.50496 45.34403 14.5038 45.34382 14.50429 45.34364 14.50452 45.34339 14.50456 45.34315 14.5044 45.34291 14.50411 45.34277 14.50385 45.3427 14.50333 45.34264 14.5029 45.34278 14.50253 45.34291 14.5024 45.34318 14.5021 45.3426 14.5005 45.34202 14.49909 45.34103 14.49689 45.34026 14.49533 45.33989 14.49408 45.3396 14.49321 45.3394 14.49265 45.33914 14.49201 45.3389 14.49151 45.33847 14.49088 45.33819 14.4905 45.33802 14.48992 45.33775 14.48935 45.33763 14.48892 45.33749 14.48863 45.3371 14.48834 45.33679 14.48803 45.33634 14.48749 45.33591 14.48698 45.33547 14.48641 45.33474 14.48525 45.33347 14.4867 45.33279 14.48757 45.33211 14.48847 45.33158 14.48965 45.33125 14.49063 45.33094 14.49139 45.33056 14.49215 45.33018 14.49288 45.33007 14.49308 45.32965 14.49389 45.32914 14.49467 45.32882 14.49533 45.32855 14.49589 45.32808 14.49712 45.32764 14.49805 45.32709 14.49887 45.32656 14.49968 45.32591 14.50091 45.32547 14.50171 45.32531 14.50214 45.3251 14.50272 45.32485 14.5037 45.32461 14.50436 45.32458 14.50442 45.32414 14.50496 45.32382 14.50546 45.32365 14.50612 45.32351 14.50678 45.32328 14.50712 45.32281 14.50747 45.32242 14.50783 45.32203 14.50856 45.32153 14.50952 45.32106 14.51043 45.32061 14.51118 45.32018 14.51204 45.31974 14.51291 45.31972 14.51294 45.31971 14.51296 45.31947 14.51334 45.31912 14.51457 45.31889 14.51569 45.31864 14.51675 45.31824 14.51808 45.31783 14.5191 45.31755 14.51989 45.31708 14.52058 45.31667 14.5209 45.31606 14.52124 45.31541 14.52164 45.31513 14.52185 45.31535 14.5227 45.31574 14.52373 45.31601 14.52426 45.31638 14.5254 45.31662 14.52615 45.3169 14.52747 45.31675 14.52756 45.31663 14.52764 45.31619 14.52833 45.3158 14.52886 45.31548 14.52927 45.3156 14.52971 45.31565 14.53004 45.31565 14.53027 45.31556 14.53053 45.31544 14.53066 45.31522 14.53072 45.31501 14.53067 45.31477 14.53059 45.31441 14.53042 45.31423 14.53058 45.31395 14.53133 45.31386 14.53234 45.31384 14.53247 45.31342 14.53221 45.31162 14.52982 45.31138 14.53 45.31072 14.52998 45.31046 14.52993 45.31017 14.52925 45.30995 14.52901 45.30973 14.52977 45.30944 14.52855 45.30909 14.52797 45.30884 14.52772 45.3074 14.52414 45.30706 14.52411 45.30628 14.524 45.30597 14.52393 45.30541 14.52397 45.30495 14.52391 45.30443 14.52391 45.30392 14.52422 45.30343 14.52497 45.30292 14.5257 45.3025 14.52631 45.30213 14.52684 45.30203 14.52699 45.30168 14.5279 45.3013 14.52859 45.30107 14.52918 45.30051 14.53019 45.30005 14.53091 45.29956 14.53201 45.29923 14.53268 45.29898 14.53346 45.29897 14.53393 45.29897 14.53457 45.29905 14.53517 45.29903 14.53527 45.29891 14.53564 45.2989 14.5357 45.29842 14.53624 45.29821 14.5366 45.29774 14.53702 45.2977 14.53705 45.29716 14.53769 45.29685 14.5384 45.29645 14.53928 45.2959 14.54042 45.29536 14.54144 45.29497 14.54239 45.29422 14.54384 45.29357 14.5449 45.29337 14.54531 45.29343 14.54539 45.29349 14.54546 45.29361 14.5456 45.29351 14.54581 45.2934 14.54605 45.29312 14.54637 45.2928 14.54683 45.2927 14.54709 45.2928 14.54727 45.29263 14.54763 45.29241 14.5481 45.29196 14.54847 45.29168 14.5485 45.29122 14.54864 45.29105 14.54871 45.29108 14.54891 45.291 14.54894 45.2908 14.549 45.29041 14.54917 45.29016 14.54928 45.29023 14.54949 45.29032 14.54964 45.29037 14.5498 45.29038 14.54985 45.29033 14.54994 45.29033 14.54995 45.29027 14.55004 45.29027 14.55005 45.29007 14.54999 45.28996 14.55014 45.28993 14.55018 45.28974 14.55031 45.28912 14.5509 45.28882 14.55131 45.28839 14.55186 45.28818 14.55271 45.28831 14.55371 45.28841 14.55436 45.28873 14.55539 45.28875 14.55545 45.2888 14.55528 45.28888 14.55523 45.28895 14.55523 45.28904 14.5552 45.28909 14.55515 45.28913 14.55505 45.28945 14.55481 45.28954 14.55476 45.2897 14.55476 45.29001 14.55458 45.29035 14.5543 45.29055 14.55422 45.29076 14.55406 45.29092 14.55388 45.29135 14.55358 45.29144 14.55365 45.29174 14.55348 45.29176 14.55371 45.29197 14.55366 45.29195 14.55343 45.29265 14.55313 45.29271 14.55312 45.29277 14.55335 45.29289 14.55332 45.29307 14.55318 45.29318 14.55329 45.29325 14.55315 45.29314 14.55304 45.29324 14.55285 45.29335 14.55295 45.29342 14.55282 45.29331 14.55272 45.29345 14.55247 45.29354 14.55257 45.29359 14.55246 45.2935 14.55237 45.29362 14.55215 45.29371 14.55223 45.29376 14.55213 45.29367 14.55204 45.29381 14.55179 45.2939 14.55186 45.29393 14.55179 45.29385 14.55171 45.29395 14.55152 45.29404 14.55158 45.29409 14.55148 45.29401 14.55141 45.29413 14.55119 45.2942 14.55126 45.29426 14.55114 45.29419 14.55108 45.29427 14.55093 45.29434 14.55098 45.29439 14.55087 45.29433 14.55082 45.29447 14.55055 45.29453 14.55059 45.29458 14.5505 45.29435 14.55025 45.29462 14.54966 45.29456 14.54962 45.29498 14.54884 45.29506 14.54868 45.29522 14.54819 45.29583 14.54717 45.29601 14.54668 45.29627 14.54617 45.29647 14.54591 45.29665 14.54588 45.29676 14.5457 45.29683 14.5455 45.29683 14.54542 45.29694 14.54519 45.29702 14.54484 45.29713 14.54471 45.29715 14.54463 45.29744 14.5443 45.29769 14.54417 45.29803 14.54406 45.29848 14.54371 45.29873 14.5438 45.29881 14.54349 45.2987 14.54344 45.29867 14.54362 45.29856 14.54357 45.29856 14.54331 45.29862 14.54305 45.29865 14.54265 45.29876 14.54255 45.2989 14.5425 45.29899 14.54237 45.29899 14.54212 45.29888 14.54191 45.29905 14.54168 45.29942 14.54142 45.29962 14.54135 45.29973 14.54135 45.29994 14.54139 45.30027 14.54165 45.30041 14.5417 45.30053 14.5419 45.30061 14.5418 45.30067 14.54172 45.30054 14.54154 45.30054 14.54149 45.30066 14.54134 45.30071 14.5412 45.30082 14.54136 45.30106 14.54106 45.30098 14.54093 45.30084 14.54111 45.3008 14.54102 45.30084 14.54093 45.30091 14.54065 45.30096 14.53988 45.30137 14.53914 45.30141 14.53891 45.30146 14.53881 45.30156 14.53839 45.30161 14.53828 45.30169 14.53819 45.30218 14.53781 45.30275 14.53716 45.30295 14.53701 45.30309 14.53688 45.30322 14.53674 45.30331 14.53696 45.30357 14.53689 45.30355 14.53676 45.30337 14.5368 45.30332 14.53665 45.30427 14.53669 45.30464 14.53694 45.30478 14.537 45.30492 14.53703 45.30519 14.537 45.30534 14.53696 45.3055 14.53684 45.30576 14.53644 45.30605 14.53602 45.3062 14.53614 45.30628 14.53599 45.30606 14.53582 45.30598 14.53591 45.30587 14.53579 45.306 14.5356 45.30626 14.5358 45.3063 14.53569 45.30622 14.53562 45.30629 14.53543 45.30638 14.5354 45.30662 14.53549 45.30681 14.53559 45.30704 14.53601 45.30709 14.53612 45.30712 14.53621 45.30715 14.53629 45.30678 14.5388 45.30666 14.53878 45.3065 14.53924 45.30659 14.53931 45.30634 14.54007 45.30621 14.54041 45.30604 14.54099 45.30591 14.54171 45.30576 14.54239 45.30571 14.54266 45.30542 14.54331 45.30494 14.54419 45.30499 14.54428 45.30467 14.54467 45.30439 14.54506 45.30433 14.54499 45.30406 14.54529 45.304 14.54522 45.30378 14.54545 45.30384 14.5456 45.30359 14.54588 45.3035 14.54577 45.30252 14.54677 45.30196 14.54737 45.30177 14.54758 45.30184 14.54783 45.30186 14.54793 45.30168 14.54809 45.30155 14.54817 45.30145 14.54829 45.30132 14.5486 45.3012 14.54891 45.30109 14.54921 45.30077 14.55021 45.30056 14.55077 45.30041 14.55106 45.29988 14.55259 45.29976 14.55292 45.29943 14.55372 45.29913 14.55487 45.29899 14.5554 45.29876 14.55612 45.29864 14.55655 45.29845 14.55695 45.29815 14.55778 45.29799 14.55814 45.29783 14.55862 45.29749 14.55937 45.2973 14.55965 45.2971 14.5598 45.29681 14.55983 45.29667 14.55993 45.29651 14.56022 45.29644 14.56045 45.29637 14.56057 45.29628 14.56085 45.29606 14.56114 45.29586 14.56129 45.2957 14.56152 45.29564 14.56171 45.29549 14.56193 45.29502 14.56234 45.29469 14.56264 45.29445 14.5628 45.29409 14.56319 45.29391 14.5634 45.29375 14.56358 45.29359 14.56376 45.29332 14.56409 45.29314 14.56432 45.29289 14.56477 45.2926 14.56552 45.2925 14.56575 45.29221 14.56619 45.29219 14.56622 45.2921 14.5665 45.29205 14.56701 45.29209 14.56754 45.29224 14.568 45.29231 14.56817 45.2924 14.56836 45.29242 14.5685 45.29242 14.56871 45.29226 14.56925 45.29192 14.56994 45.29172 14.57022 45.2914 14.57056 45.29023 14.57123 45.28969 14.57164 45.28941 14.57195 45.28849 14.57275 45.2884 14.5729 45.28797 14.57326 45.28785 14.57339 45.28772 14.57357 45.28761 14.5737 45.28747 14.57385 45.28727 14.57403 45.28695 14.57426 45.28666 14.57449 45.28645 14.5747 45.28625 14.57488 45.28615 14.57501 45.28633 14.57522 45.2864 14.5753 45.28666 14.57583 45.28676 14.57642 45.28705 14.57694 45.28747 14.57704 45.28785 14.5772 45.28815 14.57762 45.28841 14.57797 45.28868 14.5784 45.28873 14.57914 45.28872 14.57916 45.28844 14.57954 45.28831 14.57972 45.28793 14.58 45.28749 14.5803 45.28702 14.58057 45.2867 14.58082 45.28632 14.58101 45.28605 14.58125 45.2863 14.58138 45.28661 14.58141 45.28692 14.58167 45.28699 14.5819 45.28702 14.58202 45.28685 14.5825 45.28671 14.58288 45.28631 14.58335 45.28587 14.58379 45.28563 14.58392 45.2852 14.58496 45.28481 14.58561 45.28429 14.58648 45.28374 14.5871 45.28317 14.5878 45.28271 14.58822 45.28225 14.58865 45.2818 14.58905 45.28153 14.58958 45.28078 14.59041 45.2802 14.59112 45.27986 14.59158 45.27957 14.59234 45.27919 14.59316 45.27891 14.59395 45.2787 14.59458 45.27844 14.59544 45.27785 14.59564 45.27742 14.59585 45.27703 14.59599 45.2767 14.59631 45.27649 14.59666 45.27639 14.59699 45.27629 14.59741 45.276 14.59741 45.27581 14.59712 45.2755 14.59671 45.27544 14.59744 45.27544 14.59819 45.27532 14.59887 45.2751 14.59919 45.27487 14.59993 45.27485 14.60034 45.27482 14.601 45.27449 14.60187 45.27392 14.60265 45.27351 14.60336 45.27323 14.60416 45.27283 14.60495 45.27235 14.60613 45.27196 14.60706 45.27169 14.60743 45.2713 14.60816 45.27082 14.6092 45.27024 14.61026 45.26985 14.61105 45.26952 14.61142 45.26886 14.61213 45.26829 14.61287 45.26747 14.61383 45.26691 14.61403 45.26648 14.61412 45.26617 14.61429 45.26605 14.61436 45.26543 14.61471 45.26483 14.61502 45.26423 14.61525 45.26362 14.61529 45.26332 14.61563 45.26313 14.61609 45.26285 14.61677 45.26265 14.61737 45.26246 14.61789 45.26204 14.61898 45.26185 14.61954 45.26153 14.62054 45.26071 14.62275 45.26029 14.62447 45.25988 14.62637 45.25974 14.6276 45.25935 14.62941 45.25911 14.63067 45.25894 14.63173 45.25823 14.63384 45.25794 14.63467 45.25805 14.63569 45.25782 14.63616 45.25748 14.63703 45.25702 14.63792 45.2563 14.63835 45.25712 14.63923 45.25797 14.64007 45.25905 14.64092 45.25924 14.6411 45.25955 14.64142 45.26016 14.64203 45.26008 14.64315 45.26078 14.64428 45.26166 14.64503 45.26199 14.64554 45.26233 14.64603 45.2626 14.6465 45.26287 14.64694 45.26318 14.64749 45.2636 14.64793 45.26384 14.64806 45.26428 14.64863 45.26435 14.64875 45.26455 14.64909 45.26453 14.64964 45.26455 14.64988 45.2648 14.65022 45.26489 14.65067 45.26489 14.6512 45.26549 14.65182 45.26595 14.65239 45.2662 14.65312 45.26681 14.65402 45.26719 14.65548 45.26785 14.65687 45.26881 14.6602 45.26991 14.66017 45.27087 14.66044 45.27184 14.66054 45.27261 14.66076 45.27446 14.66125 45.27521 14.66154 45.27623 14.66203 45.27718 14.66236 45.27828 14.66257 45.27881 14.66306 45.27964 14.66393 45.28051 14.66423 45.28141 14.66454 45.28216 14.66521 45.28282 14.66578 45.28313 14.66645 45.28365 14.66743 45.28418 14.66827 45.28498 14.66878 45.28569 14.66912 45.28677 14.66983 45.28742 14.67068 45.28812 14.67179 45.28867 14.67279 45.28873 14.67371 45.28873 14.67373 45.28873 14.6738 45.28859 14.67407 45.28846 14.67431 45.28737 14.67599 45.28764 14.67671 45.28766 14.6768 45.28806 14.67738 45.28855 14.6782 45.28911 14.67901 45.28962 14.67971 45.29021 14.68066 45.29056 14.68118 45.29114 14.68165 45.29182 14.68237 45.29238 14.68426 45.29286 14.68465 45.29368 14.68484 45.29408 14.68508 45.29429 14.68519 45.29491 14.68568 45.29545 14.686 45.29605 14.68624 45.29645 14.68649 45.29715 14.68665 45.29754 14.6866 45.2979 14.68655 45.29862 14.68616 45.29927 14.68576 45.29972 14.68512 45.29996 14.68442 45.30033 14.68373 45.301 14.68295 45.30156 14.68256 45.302 14.68185 45.30242 14.68118 45.30297 14.68037 45.30346 14.67984 45.30365 14.67907 45.30389 14.67853 45.30408 14.67807 45.30414 14.67793 45.3042 14.67708 45.30441 14.67626 45.30478 14.67536 45.30525 14.67466 45.3058 14.67435 45.30638 14.67395 45.30676 14.67326 45.30709 14.67249 45.30741 14.67238 45.30796 14.67171 45.30853 14.67101 45.30877 14.66986 45.3092 14.6696 45.30932 14.66938 45.30954 14.66896 45.30897 14.66808 45.30894 14.66761 45.31091 14.66534 45.31224 14.66364 45.31365 14.66201 45.31443 14.66203 45.31485 14.66176 45.31527 14.66126 45.31582 14.66051 45.31632 14.65974 45.31696 14.65857 45.31731 14.65749 45.3178 14.65652 45.31843 14.65559 45.31911 14.65461 45.31956 14.65376 45.32016 14.65278 45.32075 14.65229 45.3214 14.65186 45.32207 14.65123 45.3224 14.65107 45.32296 14.6505 45.32353 14.65026 45.32446 14.64966 45.32523 14.64944 45.32582 14.64959 45.32628 14.64983 45.32693 14.65039 45.32815 14.65108 45.32955 14.65203 45.33085 14.65283 45.33164 14.65345 45.33252 14.65481 45.33317 14.65553 45.33393 14.65624 45.33465 14.65706 45.33524 14.65765 45.33588 14.65794 45.33646 14.65824 45.33735 14.65863 45.3384 14.65906 45.33931 14.65967 45.34009 14.66034 45.34088 14.66056 45.34181 14.66063 45.34265 14.66046 45.34398 14.66065 45.34723 14.66123 45.3503 14.66167 45.35093 14.66179 45.35122 14.66185 45.35239 14.66219 45.35375 14.66286 45.35465 14.66312 45.35544 14.66353 45.35675 14.66391 45.35829 14.66456 45.35945 14.66491 45.36071 14.6649 45.36152 14.66515 45.3628 14.66486 45.36349 14.66482 45.36424 14.66474 45.36515 14.66473 45.36582 14.6633 45.36606 14.66229 45.36649 14.661 45.36652 14.66095 45.36702 14.66011 45.36687 14.65918 45.36739 14.65766 45.36777 14.65685 45.37058 14.65451 45.37137 14.65009 45.37174 14.6495 45.37233 14.64894 45.37268 14.64846 45.37297 14.6478 45.37342 14.64706 45.37356 14.64657 45.37382 14.6459 45.37427 14.64546 45.37471 14.64506 45.37478 14.64484 45.3748 14.64478 45.37486 14.64458 45.3746 14.64416 45.37407 14.64345 45.37345 14.64288 45.37382 14.64164 45.37453 14.64158 45.37508 14.64126 45.37554 14.64067 45.37643 14.63945 45.37711 14.6383 45.37759 14.63696 45.37847 14.63423 45.37871 14.63255 45.37866 14.63128 45.38044 14.62786</gml:posList>
                        </gml:LinearRing>
                      </gml:exterior>
                    </gml:Polygon>
                  </gml:surfaceMember>
                  <gml:surfaceMember>
                    <gml:Polygon gml:id="MEDIA_MONITORED_CILJ_ID_1_CILJ_ID_5_POLUTANT_3_MODEL_310">
                      <gml:exterior>
                        <gml:LinearRing>
                          <gml:posList srsDimension="2">45.25671 14.56213 45.25671 14.56203 45.2567 14.5619 45.25667 14.56141 45.25659 14.56113 45.25652 14.56065 45.25643 14.56035 45.25641 14.56014 45.25615 14.55935 45.25593 14.55894 45.25583 14.55875 45.25568 14.55844 45.25543 14.55811 45.25537 14.55799 45.25514 14.55774 45.25478 14.5572 45.25452 14.55665 45.25438 14.55644 45.25428 14.55627 45.25416 14.55598 45.25393 14.55573 45.25355 14.5555 45.25337 14.55545 45.25313 14.55545 45.25285 14.55561 45.2527 14.55581 45.2526 14.55589 45.25236 14.55592 45.25227 14.55587 45.25222 14.55577 45.25204 14.55561 45.25189 14.55562 45.25157 14.55585 45.25148 14.55591 45.25141 14.55598 45.2513 14.55605 45.25121 14.55618 45.25117 14.55624 45.25112 14.55634 45.25107 14.55657 45.25093 14.55674 45.25082 14.55728 45.25062 14.55782 45.25059 14.55812 45.25059 14.55851 45.25054 14.55876 45.25048 14.55891 45.25029 14.55914 45.25011 14.55968 45.24995 14.56001 45.24985 14.56009 45.24981 14.56015 45.24972 14.56032 45.24968 14.56068 45.24936 14.56111 45.249 14.5614 45.24878 14.56178 45.24866 14.56181 45.24834 14.56204 45.24823 14.5621 45.24812 14.56219 45.24771 14.5625 45.24749 14.56278 45.24746 14.56291 45.24733 14.56296 45.24726 14.56307 45.24717 14.56312 45.24708 14.56327 45.24694 14.56337 45.24672 14.56366 45.24647 14.56386 45.2464 14.56399 45.24593 14.5643 45.24557 14.56486 45.24522 14.56517 45.24484 14.56563 45.24473 14.56599 45.24468 14.56642 45.24461 14.56663 45.24448 14.56678 45.24445 14.56688 45.24449 14.56704 45.24452 14.56706 45.24459 14.56739 45.24469 14.5676 45.2447 14.5678 45.24467 14.56803 45.24472 14.56828 45.2449 14.56841 45.24498 14.56869 45.24507 14.56874 45.24514 14.56887 45.24534 14.56899 45.24548 14.56899 45.24557 14.56894 45.24598 14.56832 45.24616 14.56817 45.24627 14.56802 45.24677 14.5676 45.24713 14.56722 45.24724 14.56712 45.24735 14.56701 45.24749 14.56689 45.2479 14.56658 45.24887 14.56609 45.24909 14.56608 45.24943 14.56604 45.24958 14.56597 45.24969 14.56591 45.24977 14.5658 45.24985 14.56573 45.25006 14.56572 45.25013 14.5658 45.25031 14.56585 45.25042 14.56592 45.25057 14.56612 45.25066 14.56616 45.25075 14.56617 45.25088 14.5661 45.25123 14.56607 45.25181 14.56627 45.2521 14.56644 45.25247 14.56654 45.25294 14.56682 45.25323 14.56712 45.25377 14.56717 45.25383 14.56722 45.25389 14.56725 45.25406 14.56727 45.25419 14.56722 45.25426 14.56711 45.25445 14.5665 45.25453 14.5664 45.25465 14.56632 45.25479 14.56612 45.25492 14.56586 45.25495 14.56568 45.25513 14.56522 45.25521 14.56513 45.25524 14.56504 45.25546 14.56468 45.25556 14.56446 45.25568 14.56423 45.25574 14.56412 45.25621 14.56342 45.25636 14.56322 45.25646 14.56305 45.25662 14.56264 45.25671 14.56233 45.25671 14.5622 45.25671 14.56213</gml:posList>
                        </gml:LinearRing>
                      </gml:exterior>
                    </gml:Polygon>
                  </gml:surfaceMember>
                  <gml:surfaceMember>
                    <gml:Polygon gml:id="MEDIA_MONITORED_CILJ_ID_1_CILJ_ID_5_POLUTANT_3_MODEL_311">
                      <gml:exterior>
                        <gml:LinearRing>
                          <gml:posList srsDimension="2">45.47047 14.32262 45.47298 14.31974 45.4772 14.31846 45.48297 14.3167 45.4802 14.30594 45.48129 14.30226 45.4813 14.30205 45.48137 14.30196 45.48165 14.30087 45.48191 14.29987 45.48487 14.29095 45.48845 14.28808 45.48981 14.28699 45.4903 14.2866 45.48995 14.28499 45.48947 14.2828 45.49039 14.28196 45.49036 14.28172 45.49033 14.28156 45.49023 14.28095 45.49031 14.28087 45.49038 14.28082 45.49034 14.28056 45.49044 14.28025 45.49044 14.28001 45.49045 14.27988 45.4903 14.27905 45.49017 14.27893 45.48965 14.27792 45.4896 14.27791 45.48951 14.27787 45.48941 14.27771 45.48928 14.27749 45.48927 14.27735 45.48917 14.2768 45.4892 14.27671 45.4893 14.27644 45.48929 14.27629 45.48925 14.27625 45.48923 14.27622 45.48923 14.27617 45.48924 14.276 45.48906 14.27579 45.48901 14.2757 45.48881 14.27537 45.48873 14.27533 45.4886 14.27526 45.4886 14.27519 45.48842 14.27506 45.48844 14.275 45.48836 14.27483 45.48833 14.27483 45.48817 14.27485 45.48805 14.27481 45.48788 14.27482 45.48761 14.27454 45.4876 14.27454 45.48734 14.27443 45.48714 14.27428 45.48689 14.27421 45.48687 14.27431 45.48661 14.27384 45.48658 14.27386 45.48656 14.27381 45.48654 14.27375 45.48614 14.27339 45.48591 14.27292 45.48559 14.2709 45.48334 14.26888 45.48323 14.26893 45.48302 14.26874 45.48301 14.2687 45.48299 14.26862 45.48223 14.26796 45.48227 14.26764 45.48229 14.26744 45.48225 14.26743 45.48225 14.26738 45.48226 14.26724 45.48229 14.26723 45.48232 14.26723 45.48251 14.26578 45.48266 14.26457 45.48334 14.26419 45.48353 14.26441 45.48379 14.2642 45.48386 14.26419 45.48392 14.26417 45.484 14.26408 45.48403 14.26394 45.48406 14.2637 45.48408 14.26347 45.4842 14.26315 45.48424 14.26303 45.48431 14.26302 45.4845 14.26272 45.48468 14.26267 45.48483 14.26277 45.48495 14.26285 45.48504 14.26305 45.48504 14.26313 45.48503 14.26324 45.48628 14.26255 45.487 14.26214 45.48863 14.26041 45.48994 14.25902 45.48991 14.25887 45.48998 14.25864 45.49 14.25857 45.49011 14.25865 45.49021 14.25871 45.49035 14.25857 45.4909 14.25801 45.49082 14.25784 45.49074 14.25767 45.49079 14.25758 45.49095 14.25754 45.49123 14.25729 45.49146 14.25662 45.49154 14.25661 45.49161 14.25674 45.49169 14.25691 45.49177 14.25694 45.49185 14.25697 45.49315 14.2561 45.49485 14.25497 45.495 14.25465 45.49542 14.25415 45.49557 14.25397 45.49564 14.2539 45.49589 14.25361 45.49614 14.25304 45.49662 14.25252 45.49688 14.25186 45.497 14.2513 45.49719 14.25006 45.4973 14.2496 45.49757 14.24968 45.49902 14.24938 45.49928 14.24919 45.49975 14.24882 45.49993 14.24867 45.50002 14.24859 45.50048 14.24819 45.50118 14.24777 45.50119 14.24768 45.50119 14.24757 45.50189 14.24699 45.50206 14.24675 45.50219 14.2467 45.50226 14.24668 45.50233 14.24657 45.50252 14.24625 45.50291 14.24611 45.50316 14.24606 45.50336 14.24611 45.50357 14.24648 45.50359 14.24644 45.5036 14.24641 45.50362 14.24637 45.50342 14.24602 45.50329 14.24597 45.5031 14.24591 45.50336 14.24569 45.50341 14.24554 45.50477 14.24512 45.50529 14.24496 45.50525 14.24479 45.50518 14.24443 45.50518 14.24382 45.50518 14.24345 45.50518 14.24317 45.50518 14.24313 45.50494 14.24139 45.50581 14.23741 45.5056 14.23493 45.50516 14.23262 45.50477 14.23061 45.50139 14.22338 45.50119 14.22333 45.50001 14.22304 45.49655 14.22216 45.49638 14.22204 45.49341 14.22006 45.49272 14.2178 45.49215 14.21592 45.49217 14.21536 45.49221 14.21455 45.49258 14.21429 45.492 14.21392 45.49157 14.21365 45.49143 14.2136 45.49093 14.21341 45.49028 14.21278 45.48991 14.21243 45.48965 14.21248 45.48936 14.21235 45.48887 14.21211 45.4885 14.21241 45.48901 14.21065 45.48813 14.21011 45.4842 14.20766 45.4821 14.20635 45.47978 14.20924 45.47853 14.20662 45.46923 14.20765 45.47013 14.20432 45.47066 14.20236 45.47189 14.19786 45.47205 14.19737 45.47218 14.19701 45.47221 14.19688 45.47224 14.19674 45.47243 14.19622 45.47257 14.19584 45.47261 14.19569 45.47271 14.19538 45.47277 14.1951 45.47282 14.19483 45.47288 14.19469 45.47294 14.19454 45.47301 14.19427 45.47324 14.19377 45.4733 14.1935 45.47351 14.19309 45.47389 14.19235 45.47414 14.19181 45.47425 14.19118 45.47465 14.19003 45.47476 14.18977 45.47476 14.18963 45.47476 14.18959 45.4748 14.18922 45.47483 14.18904 45.47483 14.18858 45.47485 14.18843 45.4749 14.18809 45.47491 14.18804 45.47488 14.18772 45.47489 14.18743 45.47491 14.18698 45.47499 14.18665 45.47504 14.18646 45.47509 14.18636 45.47514 14.18628 45.47541 14.18593 45.47567 14.18559 45.47626 14.18474 45.47665 14.18395 45.4769 14.18359 45.47707 14.18335 45.47733 14.18258 45.4774 14.18235 45.47755 14.18187 45.47778 14.18104 45.47782 14.18082 45.47789 14.18042 45.47798 14.18011 45.47807 14.17982 45.47812 14.1795 45.47824 14.17879 45.47872 14.17728 45.47953 14.17311 45.47972 14.17038 45.47988 14.16822 45.4798 14.16803 45.47978 14.16798 45.47979 14.16742 45.47975 14.16731 45.47965 14.16733 45.47959 14.16737 45.47967 14.16719 45.47967 14.16696 45.47982 14.16667 45.47987 14.16657 45.47993 14.16641 45.47983 14.16627 45.47977 14.16618 45.47977 14.16538 45.47981 14.16503 45.47981 14.165 45.47987 14.16482 45.47992 14.1647 45.47991 14.16443 45.47979 14.16417 45.47978 14.16402 45.47976 14.16386 45.47981 14.16375 45.47984 14.16369 45.48007 14.16307 45.4801 14.16283 45.48013 14.16258 45.48015 14.16253 45.4802 14.1624 45.48021 14.1623 45.48021 14.1622 45.48038 14.16192 45.4804 14.16162 45.48049 14.16142 45.48054 14.16126 45.48057 14.16116 45.48057 14.16096 45.48056 14.16081 45.48059 14.16067 45.48061 14.16057 45.48057 14.16025 45.48048 14.15994 45.48038 14.15972 45.48078 14.15644 45.48107 14.15406 45.48066 14.1519 45.48039 14.15052 45.47817 14.14743 45.47536 14.14353 45.47527 14.13681 45.47538 14.13671 45.47543 14.13666 45.47564 14.13384 45.47742 14.12812 45.47958 14.12211 45.48111 14.11792 45.48227 14.11115 45.48239 14.10907 45.48099 14.10938 45.48009 14.10958 45.47765 14.11013 45.47437 14.11277 45.4708 14.11453 45.469 14.11342 45.46499 14.11093 45.45955 14.1079 45.45077 14.11965 45.44332 14.12076 45.43271 14.13344 45.43167 14.13555 45.42603 14.14618 45.42454 14.14901 45.41932 14.15905 45.41821 14.16155 45.41592 14.16509 45.41502 14.16791 45.41367 14.17497 45.41188 14.18135 45.41119 14.18397 45.41072 14.18648 45.41027 14.18826 45.41027 14.18828 45.41026 14.18831 45.40879 14.1923 45.40706 14.19753 45.40596 14.20103 45.40506 14.20329 45.4043 14.20536 45.4031 14.20587 45.4017 14.2062 45.40128 14.20621 45.39585 14.19548 45.39312 14.18987 45.393 14.18963 45.39208 14.18875 45.39187 14.1902 45.39166 14.1917 45.39154 14.19325 45.39075 14.20201 45.39061 14.20536 45.39063 14.20614 45.39039 14.20639 45.39025 14.20652 45.39013 14.20664 45.38983 14.20694 45.38919 14.2075 45.38869 14.20807 45.38727 14.20908 45.38625 14.20969 45.38525 14.21041 45.38428 14.21118 45.38359 14.21183 45.383 14.21207 45.38268 14.21215 45.38166 14.21421 45.38064 14.21585 45.37992 14.21692 45.37935 14.21784 45.37914 14.21861 45.37817 14.21997 45.37788 14.22067 45.37717 14.22203 45.37693 14.22256 45.37688 14.22366 45.37693 14.22498 45.37693 14.22545 45.37693 14.22571 45.37687 14.22652 45.37696 14.22862 45.37696 14.22939 45.37704 14.22985 45.37707 14.23005 45.37707 14.23012 45.37707 14.23054 45.37678 14.23116 45.37636 14.23286 45.37577 14.23475 45.37507 14.2366 45.37443 14.23801 45.37358 14.24015 45.37317 14.24164 45.37227 14.24531 45.37164 14.24712 45.37128 14.24798 45.37083 14.24879 45.37033 14.25033 45.36938 14.25241 45.36918 14.25329 45.36899 14.25443 45.3677 14.25753 45.36762 14.25788 45.36714 14.2593 45.36669 14.26082 45.36611 14.2626 45.36455 14.26686 45.36432 14.26742 45.36417 14.26766 45.36393 14.26826 45.36311 14.27079 45.36265 14.27194 45.36171 14.27473 45.36137 14.27546 45.36098 14.27644 45.36016 14.27792 45.35994 14.27844 45.35976 14.27869 45.35929 14.27918 45.35886 14.27971 45.3585 14.28048 45.3577 14.28143 45.35707 14.28163 45.35605 14.2818 45.35454 14.28254 45.35412 14.28283 45.35386 14.2829 45.35238 14.28291 45.3519 14.28263 45.35121 14.28234 45.35072 14.2822 45.34984 14.282 45.34887 14.28157 45.34851 14.28207 45.347 14.28462 45.34616 14.28581 45.34539 14.28667 45.34469 14.28773 45.34356 14.28895 45.34256 14.28956 45.34157 14.28986 45.34113 14.29009 45.34091 14.2902 45.34015 14.29076 45.33989 14.29103 45.33958 14.29134 45.33952 14.29154 45.33919 14.29191 45.33888 14.29292 45.33869 14.29414 45.33846 14.29496 45.33829 14.29637 45.33825 14.29666 45.33827 14.29667 45.33925 14.29765 45.34016 14.29816 45.34056 14.29827 45.34189 14.29941 45.34308 14.30027 45.34493 14.30206 45.34621 14.30338 45.34683 14.3038 45.34798 14.30426 45.34801 14.30428 45.34878 14.30472 45.3489 14.30479 45.34962 14.30495 45.34983 14.305 45.35001 14.30491 45.35006 14.30478 45.35021 14.30445 45.35047 14.3041 45.3509 14.30405 45.3511 14.30402 45.35113 14.30402 45.35123 14.30386 45.35131 14.30374 45.35147 14.30304 45.35165 14.30299 45.35181 14.30318 45.35191 14.30388 45.35212 14.30462 45.35229 14.30488 45.35325 14.30537 45.35341 14.30542 45.35367 14.30525 45.35396 14.30507 45.3543 14.30512 45.35444 14.3053 45.35413 14.3059 45.35411 14.30674 45.35415 14.30705 45.35425 14.30723 45.35465 14.30758 45.3551 14.30784 45.35554 14.30803 45.35596 14.30829 45.35641 14.30855 45.35688 14.30899 45.35723 14.30929 45.35759 14.30963 45.35794 14.30949 45.35794 14.30953 45.35792 14.30965 45.35778 14.31093 45.35773 14.31158 45.35666 14.31195 45.35665 14.31213 45.35666 14.31251 45.35673 14.31304 45.35676 14.31322 45.35682 14.31363 45.35675 14.31362 45.3567 14.31361 45.35678 14.3141 45.35694 14.31452 45.3572 14.31481 45.35748 14.31498 45.35771 14.31536 45.3588 14.31714 45.35832 14.31775 45.35779 14.31832 45.35759 14.31837 45.35733 14.31856 45.35727 14.31862 45.35713 14.31877 45.35704 14.31903 45.35699 14.31918 45.35648 14.31999 45.3567 14.32046 45.3569 14.32078 45.35699 14.32084 45.35717 14.32097 45.35719 14.32103 45.35726 14.32128 45.35735 14.32149 45.35746 14.32174 45.35758 14.32219 45.35763 14.32237 45.35794 14.32281 45.35892 14.32336 45.35906 14.32337 45.35918 14.32352 45.35915 14.32384 45.35898 14.32386 45.35867 14.32413 45.35857 14.32438 45.35868 14.32485 45.35881 14.32526 45.35909 14.32549 45.35936 14.32552 45.35963 14.32543 45.35996 14.32542 45.36019 14.32581 45.36031 14.32638 45.36054 14.32676 45.36071 14.32706 45.36071 14.32706 45.36037 14.32816 45.3602 14.32872 45.36024 14.32909 45.36024 14.3291 45.36021 14.32918 45.36013 14.32944 45.35993 14.3295 45.35896 14.32858 45.35861 14.32867 45.35844 14.32925 45.35827 14.3301 45.35814 14.33132 45.35792 14.33224 45.35786 14.33247 45.35714 14.33467 45.35681 14.33546 45.35661 14.33575 45.35694 14.33622 45.35718 14.33658 45.3574 14.33659 45.35801 14.33644 45.35815 14.33643 45.35895 14.33714 45.35996 14.33802 45.36018 14.3376 45.36106 14.33755 45.36163 14.33752 45.36248 14.33755 45.36325 14.33741 45.36383 14.33766 45.36422 14.33791 45.36441 14.33813 45.36476 14.33798 45.36487 14.3375 45.36503 14.33765 45.36528 14.33804 45.36529 14.33807 45.36542 14.33851 45.36544 14.33859 45.36525 14.33935 45.36546 14.34026 45.36566 14.34097 45.36592 14.34219 45.36625 14.34276 45.36648 14.34292 45.36678 14.34395 45.36718 14.34392 45.36724 14.34414 45.36731 14.3442 45.36743 14.3443 45.3677 14.34454 45.36779 14.34434 45.3679 14.3441 45.36786 14.34394 45.36786 14.34392 45.36785 14.34389 45.36775 14.34387 45.36762 14.34383 45.3675 14.34382 45.36746 14.34382 45.36754 14.34299 45.36775 14.34274 45.36776 14.34271 45.36779 14.34217 45.36768 14.34187 45.36792 14.341 45.36798 14.34045 45.36813 14.33923 45.36829 14.33835 45.36842 14.3375 45.36839 14.33729 45.36837 14.33722 45.36836 14.3371 45.36835 14.33705 45.36813 14.33587 45.36819 14.33524 45.36828 14.33475 45.36792 14.33373 45.36799 14.33322 45.3683 14.3329 45.36844 14.33252 45.36853 14.33227 45.36846 14.33185 45.36874 14.33142 45.36887 14.33121 45.36883 14.33096 45.36878 14.33066 45.36853 14.33005 45.36851 14.32947 45.36839 14.32903 45.36847 14.32839 45.36853 14.32785 45.36857 14.32748 45.36892 14.32763 45.36921 14.32764 45.36964 14.32753 45.36994 14.32748 45.37006 14.32654 45.36907 14.32527 45.36906 14.32525 45.36928 14.32508 45.36964 14.32479 45.37013 14.32448 45.37094 14.32472 45.37187 14.32498 45.37199 14.32564 45.37216 14.32573 45.37259 14.32594 45.37328 14.32587 45.37375 14.32598 45.37424 14.32597 45.37457 14.32617 45.3753 14.32652 45.37532 14.32654 45.37566 14.32686 45.37614 14.32729 45.37667 14.32723 45.37699 14.3272 45.37739 14.3279 45.3776 14.32886 45.37841 14.33003 45.37885 14.33073 45.37929 14.33127 45.37979 14.33126 45.38023 14.33149 45.38049 14.33204 45.38088 14.33188 45.38161 14.33352 45.3822 14.33503 45.38293 14.337 45.38325 14.33719 45.38367 14.33745 45.38399 14.33791 45.38444 14.33875 45.38454 14.33895 45.38524 14.3394 45.38608 14.3384 45.38675 14.33761 45.38753 14.33701 45.38762 14.33625 45.38855 14.33612 45.38952 14.3357 45.39005 14.3352 45.39078 14.33479 45.39144 14.33466 45.39187 14.33382 45.39197 14.3336 45.39274 14.33394 45.39336 14.33375 45.39418 14.33326 45.39512 14.3323 45.39581 14.33226 45.39668 14.33134 45.39744 14.32985 45.39846 14.3294 45.39904 14.32896 45.39972 14.32859 45.39974 14.32815 45.39975 14.32784 45.39944 14.32706 45.3993 14.32668 45.39883 14.32539 45.39873 14.32406 45.39866 14.32324 45.3979 14.32185 45.39752 14.32079 45.3983 14.32032 45.39897 14.32057 45.39975 14.32034 45.40027 14.3202 45.40115 14.31855 45.40199 14.31795 45.4026 14.31752 45.40284 14.31734 45.40395 14.31666 45.4045 14.31631 45.40516 14.31597 45.40575 14.31558 45.40584 14.31552 45.40661 14.31539 45.40676 14.31537 45.40745 14.31466 45.40801 14.31423 45.40899 14.31377 45.40953 14.31391 45.41054 14.31411 45.41091 14.31433 45.4112 14.31449 45.41187 14.31492 45.41258 14.31547 45.41285 14.3158 45.41286 14.31581 45.41332 14.31636 45.41275 14.31707 45.41247 14.31741 45.41289 14.31821 45.41358 14.31859 45.41409 14.31921 45.41492 14.31989 45.4162 14.3197 45.41707 14.31957 45.41728 14.3188 45.4183 14.3178 45.41887 14.3173 45.41944 14.31661 45.41996 14.3155 45.42052 14.31486 45.42126 14.31471 45.42225 14.31357 45.42243 14.31271 45.42273 14.31188 45.4232 14.31107 45.42378 14.31056 45.42401 14.30968 45.42438 14.3089 45.42454 14.30857 45.42449 14.30748 45.42461 14.30617 45.42552 14.30379 45.42791 14.30655 45.42933 14.308 45.43066 14.30916 45.43278 14.31085 45.43359 14.31154 45.43438 14.31222 45.43418 14.3132 45.43408 14.31367 45.43383 14.31521 45.43344 14.31765 45.43089 14.32075 45.43077 14.32129 45.43098 14.32137 45.43117 14.32145 45.43375 14.32248 45.43697 14.32314 45.43838 14.32319 45.43971 14.32334 45.44157 14.32352 45.443 14.32362 45.44397 14.32387 45.44467 14.32384 45.44553 14.32394 45.44628 14.32404 45.44699 14.32402 45.44773 14.3246 45.44783 14.32544 45.44851 14.32541 45.44937 14.32539 45.45002 14.32554 45.45078 14.32602 45.45153 14.32651 45.45236 14.32686 45.45339 14.32729 45.45493 14.32767 45.45511 14.32739 45.45583 14.32788 45.45728 14.32909 45.4585 14.33029 45.45866 14.33047 45.45873 14.33063 45.45874 14.33074 45.45874 14.33081 45.45874 14.33083 45.4587 14.33107 45.45866 14.33126 45.45849 14.33168 45.45839 14.33189 45.45834 14.332 45.45852 14.33241 45.45878 14.33289 45.45926 14.33254 45.45938 14.3329 45.45943 14.33307 45.46106 14.33305 45.4617 14.3326 45.46273 14.33199 45.46384 14.33125 45.46478 14.33065 45.46568 14.33001 45.46713 14.32884 45.46793 14.32763 45.46854 14.32673 45.4691 14.32543 45.4696 14.32393 45.47047 14.32262</gml:posList>
                        </gml:LinearRing>
                      </gml:exterior>
                    </gml:Polygon>
                  </gml:surfaceMember>
                </gml:MultiSurface>
              </sams:shape>
            </id2:AQD_ModelArea>
          </ns1:featureOfInterest>
          <ns1:observedProperty xlink:href="http://dd.eionet.europa.eu/vocabulary/aq/pollutant/10"/>
        </ns1:ObservingCapability>
      </ns1:observingCapability>
      <ns1:organisationLevel xlink:href=""/>
      <id2:environmentalObjective>
        <id2:EnvironmentalObjective>
          <id2:objectiveType xlink:href="http://dd.eionet.europa.eu/vocabulary/aq/objectivetype/CL"/>
          <id2:reportingMetric xlink:href="http://dd.eionet.europa.eu/vocabulary/aq/reportingmetric/aMean"/>
          <id2:protectionTarget xlink:href="http://dd.eionet.europa.eu/vocabulary/aq/protectiontarget/V"/>
        </id2:EnvironmentalObjective>
      </id2:environmentalObjective>
      <id2:assessmentType xlink:href="http://dd.eionet.europa.eu/vocabulary/aq/assessmenttype/model"/>
      <id2:zone xlink:href=""/>
    </id2:AQD_Model>
  </gml:featureMember>
</gml:FeatureCollection>
