<?xml version="1.0" encoding="UTF-8"?>
<gml:FeatureCollection xmlns:xsi="http://www.w3.org/2001/XMLSchema-instance" xmlns:aqd="http://dd.eionet.europa.eu/schemaset/id2011850eu-1.0" xmlns:base="http://inspire.ec.europa.eu/schemas/base/3.3" xmlns:base2="http://inspire.ec.europa.eu/schemas/base2/1.0" xmlns:ef="http://inspire.ec.europa.eu/schemas/ef/3.0" xmlns:gml="http://www.opengis.net/gml/3.2" xmlns:ompr="http://inspire.ec.europa.eu/schemas/ompr/2.0" xmlns:sam="http://www.opengis.net/sampling/2.0" xmlns:sams="http://www.opengis.net/samplingSpatial/2.0" xmlns:xlink="http://www.w3.org/1999/xlink" xmlns:gmd="http://www.isotc211.org/2005/gmd" xmlns:gco="http://www.isotc211.org/2005/gco" xmlns:om="http://www.opengis.net/om/2.0" xmlns:swe="http://www.opengis.net/swe/2.0" xmlns:am="http://inspire.ec.europa.eu/schemas/am/3.0" xmlns:ad="urn:x-inspire:specification:gmlas:Addresses:3.0" xmlns:gn="urn:x-inspire:specification:gmlas:GeographicalNames:3.0" xsi:schemaLocation="http://dd.eionet.europa.eu/schemaset/id2011850eu-1.0 http://dd.eionet.europa.eu/schemas/id2011850eu-1.0/AirQualityReporting.xsd" gml:id="GB_Attainment">
  <gml:featureMember>
    <aqd:AQD_ReportingHeader gml:id="AQ_ReportHeader_GB_Attainment">
      <aqd:change>true</aqd:change>
      <aqd:changeDescription>Retrospective delivery for UK 2013 environmental objectives Attainment statement (Df-G), includes bug fix for ozone ratification for Port Talbot Margam (UKA00501) and some syntax changes for declaration of adjustments. No additional exceedances observed relative to http://cdr.eionet.europa.eu/gb/eu/aqd/g/envvcusog/ </aqd:changeDescription>
      <aqd:inspireId>
        <base:Identifier>
          <base:localId>AQ_ReportHeader_6</base:localId>
          <base:namespace>http://environment.data.gov.uk/air-quality/so</base:namespace>
          <base:versionId>18-11-2014-v0</base:versionId>
        </base:Identifier>
      </aqd:inspireId>
      <aqd:reportingAuthority>
        <base2:RelatedParty>
          <base2:individualName>
            <gco:CharacterString>John Newington</gco:CharacterString>
          </base2:individualName>
          <base2:organisationName>
            <gco:CharacterString>The Department for Environment, Food and Rural Affairs, The Scottish Government, The Welsh Government and The Department of Environment - Northern Ireland</gco:CharacterString>
          </base2:organisationName>
          <base2:contact>
            <base2:Contact>
              <base2:address>
                <ad:AddressRepresentation>
                  <ad:adminUnit>
                    <gn:GeographicalName>
                      <gn:language>eng</gn:language>
                      <gn:nativeness xsi:nil="true" nilReason="missing"/>
                      <gn:nameStatus xsi:nil="true" nilReason="missing"/>
                      <gn:sourceOfName xsi:nil="true" nilReason="missing"/>
                      <gn:pronunciation xsi:nil="true" nilReason="missing"/>
                      <gn:spelling>
                        <gn:SpellingOfName>
                          <gn:text>Resource, Atmosphere and Sustainability, Area 2C Nobel House, 17 Smith Square, London, SW1P 2AL</gn:text>
                          <gn:script xsi:nil="true" nilReason="missing"/>
                        </gn:SpellingOfName>
                      </gn:spelling>
                    </gn:GeographicalName>
                  </ad:adminUnit>
                  <ad:locatorDesignator>London</ad:locatorDesignator>
                  <ad:postCode xsi:nil="false">SW1P 2AL</ad:postCode>
                </ad:AddressRepresentation>
              </base2:address>
              <base2:electronicMailAddress>aqevidence@defra.gsi.gov.uk</base2:electronicMailAddress>
              <base2:telephoneVoice/>
              <base2:website>https://www.gov.uk/defra</base2:website>
            </base2:Contact>
          </base2:contact>
        </base2:RelatedParty>
      </aqd:reportingAuthority>
      <aqd:reportingPeriod>
        <gml:TimePeriod gml:id="HeaderTimePeriod_6">
          <gml:beginPosition>2013-01-01T00:00:00Z</gml:beginPosition>
          <gml:endPosition>2013-12-31T23:59:59Z</gml:endPosition>
        </gml:TimePeriod>
      </aqd:reportingPeriod>
      <aqd:content xlink:href="http://environment.data.gov.uk/air-quality/so/GB_Attainment_5466"/>
    </aqd:AQD_ReportingHeader>
  </gml:featureMember>
  <gml:featureMember>
    <aqd:AQD_Attainment gml:id="AQD_GB_Attainment_5466">
      <aqd:inspireId>
        <base:Identifier>
          <base:localId>GB_Attainment_5466</base:localId>
          <base:namespace>http://environment.data.gov.uk/air-quality/so</base:namespace>
          <base:versionId>18-11-2014-v0</base:versionId>
        </base:Identifier>
      </aqd:inspireId>
      <aqd:pollutant xlink:href="http://dd.eionet.europa.eu/vocabulary/aq/pollutant/5018"/>
      <aqd:environmentalObjective>
        <aqd:EnvironmentalObjective>
          <aqd:objectiveType xlink:href="http://dd.eionet.europa.eu/vocabulary/aq/objectivetype/TV"/>
          <aqd:reportingMetric xlink:href="http://dd.eionet.europa.eu/vocabulary/aq/reportingmetric/aMean"/>
          <aqd:protectionTarget xlink:href="http://dd.eionet.europa.eu/vocabulary/aq/protectiontarget/H"/>
        </aqd:EnvironmentalObjective>
      </aqd:environmentalObjective>
      <aqd:exceedanceDescriptionFinal>
        <aqd:ExceedanceDescription>
          <aqd:exceedance>false</aqd:exceedance>
          <aqd:deductionAssessmentMethod>
            <aqd:AdjustmentMethod>
              <aqd:adjustmentType xlink:href="http://dd.eionet.europa.eu/vocabulary/aq/adjustmenttype/noneApplicable"/>
            </aqd:AdjustmentMethod>
          </aqd:deductionAssessmentMethod>
        </aqd:ExceedanceDescription>
      </aqd:exceedanceDescriptionFinal>
      <aqd:zone xlink:href="http://environment.data.gov.uk/air-quality/so/Zone_UK0001"/>
      <aqd:assessment xlink:href="http://environment.data.gov.uk/air-quality/so/GB_AssessmentRegime_1877"/>
    </aqd:AQD_Attainment>
  </gml:featureMember>
  <gml:featureMember>
    <aqd:AQD_Attainment gml:id="AQD_GB_Attainment_5467">
      <aqd:inspireId>
        <base:Identifier>
          <base:localId>GB_Attainment_5467</base:localId>
          <base:namespace>http://environment.data.gov.uk/air-quality/so</base:namespace>
          <base:versionId>18-11-2014-v0</base:versionId>
        </base:Identifier>
      </aqd:inspireId>
      <aqd:pollutant xlink:href="http://dd.eionet.europa.eu/vocabulary/aq/pollutant/5018"/>
      <aqd:environmentalObjective>
        <aqd:EnvironmentalObjective>
          <aqd:objectiveType xlink:href="http://dd.eionet.europa.eu/vocabulary/aq/objectivetype/TV"/>
          <aqd:reportingMetric xlink:href="http://dd.eionet.europa.eu/vocabulary/aq/reportingmetric/aMean"/>
          <aqd:protectionTarget xlink:href="http://dd.eionet.europa.eu/vocabulary/aq/protectiontarget/H"/>
        </aqd:EnvironmentalObjective>
      </aqd:environmentalObjective>
      <aqd:exceedanceDescriptionFinal>
        <aqd:ExceedanceDescription>
          <aqd:exceedance>false</aqd:exceedance>
          <aqd:deductionAssessmentMethod>
            <aqd:AdjustmentMethod>
              <aqd:adjustmentType xlink:href="http://dd.eionet.europa.eu/vocabulary/aq/adjustmenttype/noneApplicable"/>
            </aqd:AdjustmentMethod>
          </aqd:deductionAssessmentMethod>
        </aqd:ExceedanceDescription>
      </aqd:exceedanceDescriptionFinal>
      <aqd:zone xlink:href="http://environment.data.gov.uk/air-quality/so/Zone_UK0002"/>
      <aqd:assessment xlink:href="http://environment.data.gov.uk/air-quality/so/GB_AssessmentRegime_1878"/>
    </aqd:AQD_Attainment>
  </gml:featureMember>
</gml:FeatureCollection>

