<?xml version="1.0" encoding="UTF-8"?>
<gml:FeatureCollection xmlns:xsi="http://www.w3.org/2001/XMLSchema-instance" xmlns:aqd="http://dd.eionet.europa.eu/schemaset/id2011850eu-1.0" xmlns:base="http://inspire.ec.europa.eu/schemas/base/3.3" xmlns:base2="http://inspire.ec.europa.eu/schemas/base2/1.0" xmlns:ef="http://inspire.ec.europa.eu/schemas/ef/3.0" xmlns:gml="http://www.opengis.net/gml/3.2" xmlns:ompr="http://inspire.ec.europa.eu/schemas/ompr/2.0" xmlns:sam="http://www.opengis.net/sampling/2.0" xmlns:sams="http://www.opengis.net/samplingSpatial/2.0" xmlns:xlink="http://www.w3.org/1999/xlink" xmlns:gmd="http://www.isotc211.org/2005/gmd" xmlns:gco="http://www.isotc211.org/2005/gco" xmlns:om="http://www.opengis.net/om/2.0" xmlns:swe="http://www.opengis.net/swe/2.0" xmlns:am="http://inspire.ec.europa.eu/schemas/am/3.0" xmlns:ad="urn:x-inspire:specification:gmlas:Addresses:3.0" xmlns:gn="urn:x-inspire:specification:gmlas:GeographicalNames:3.0" xsi:schemaLocation="http://dd.eionet.europa.eu/schemaset/id2011850eu-1.0 http://dd.eionet.europa.eu/schemas/id2011850eu-1.0/AirQualityReporting.xsd" gml:id="REP-BG_BG-ExEA_20141208_B">
  <gml:featureMember>
    <aqd:AQD_ReportingHeader gml:id="REP_D-BG_BG-ExEA_20141208_B">
      <aqd:change>true</aqd:change>
      <aqd:changeDescription>Dataflow B</aqd:changeDescription>
      <aqd:inspireId>
        <base:Identifier>
          <base:localId>BG_BG-ExEA_20141208</base:localId>
          <base:namespace>BG.BG-ExEA.AQ</base:namespace>
        </base:Identifier>
      </aqd:inspireId>
      <aqd:reportingAuthority>
        <base2:RelatedParty>
          <base2:individualName>
            <gmd:LocalisedCharacterString>SerafimovValery</gmd:LocalisedCharacterString>
          </base2:individualName>
          <base2:organisationName>
            <gmd:LocalisedCharacterString>Executive Environment Agency</gmd:LocalisedCharacterString>
          </base2:organisationName>
          <base2:contact>
            <base2:Contact>
              <base2:address>
                <ad:AddressRepresentation>
                  <ad:adminUnit>
                    <gn:GeographicalName>
                      <gn:language nilReason="missing" xsi:nil="true"/>
                      <gn:nativeness nilReason="missing" xsi:nil="true"/>
                      <gn:nameStatus nilReason="missing" xsi:nil="true"/>
                      <gn:sourceOfName nilReason="missing" xsi:nil="true"/>
                      <gn:pronunciation nilReason="missing" xsi:nil="true"/>
                      <gn:spelling>
                        <gn:SpellingOfName>
                          <gn:text>136 Tzar Boris III Blvd.,1618 Sofia, Bulgaria
</gn:text>
                          <gn:script nilReason="missing" xsi:nil="true"/>
                        </gn:SpellingOfName>
                      </gn:spelling>
                    </gn:GeographicalName>
                  </ad:adminUnit>
                  <ad:locatorDesignator>Sofia</ad:locatorDesignator>
                </ad:AddressRepresentation>
              </base2:address>
              <base2:electronicMailAddress>serafimov@eea.government.bg</base2:electronicMailAddress>
              <base2:telephoneVoice>+359 2 955 98 11</base2:telephoneVoice>
              <base2:website>http://www.eea.government.bg/</base2:website>
            </base2:Contact>
          </base2:contact>
          <base2:role/>
        </base2:RelatedParty>
      </aqd:reportingAuthority>
      <aqd:reportingPeriod>
        <gml:TimePeriod gml:id="REP_P-BG_BG-ExEA_20141208_B">
          <gml:beginPosition>2013-01-01T01:00:01</gml:beginPosition>
          <gml:endPosition>2013-12-31T24:00:00</gml:endPosition>
        </gml:TimePeriod>
      </aqd:reportingPeriod>
      <aqd:content xlink:href="BG.BG-ExEA.AQ/ZON-BG0004"/>
    </aqd:AQD_ReportingHeader>
  </gml:featureMember>
  <gml:featureMember>
    <aqd:AQD_Zone gml:id="ZON-BG0004">
      <am:inspireId>
        <base:Identifier>
          <base:localId>ZON-BG0004</base:localId>
          <base:namespace>BG.BG-ExEA.AQ</base:namespace>
        </base:Identifier>
      </am:inspireId>
      <am:name>
        <gn:GeographicalName>
          <gn:language nilReason="missing" xsi:nil="true"/>
          <gn:nativeness nilReason="missing" xsi:nil="true"/>
          <gn:nameStatus nilReason="missing" xsi:nil="true"/>
          <gn:sourceOfName nilReason="missing" xsi:nil="true"/>
          <gn:pronunciation nilReason="missing" xsi:nil="true"/>
          <gn:spelling>
            <gn:SpellingOfName>
              <gn:text>North</gn:text>
              <gn:script nilReason="missing" xsi:nil="true"/>
            </gn:SpellingOfName>
          </gn:spelling>
        </gn:GeographicalName>
      </am:name>
      <am:geometry xlink:href="http://cdr.eionet.europa.eu/bg/eu/aqd/b/envvigypa/"/>
      <am:zoneType xlink:href="http://dd.eionet.europa.eu/vocabulary/aq/zonetype/agg"/>
      <am:designationPeriod>
        <gml:TimePeriod gml:id="BG0004_DESIGNATION_PERIOD">
          <gml:beginPosition>2007-01-01T00:00:00+02:00</gml:beginPosition>
          <gml:endPosition indeterminatePosition="unknown"/>
        </gml:TimePeriod>
      </am:designationPeriod>
      <am:environmentalDomain xlink:href="http://dd.eionet.europa.eu/vocabulary/common/environmentaldomain/air"/>
      <am:competentAuthority>
        <base2:RelatedParty>
          <base2:individualName>
            <gmd:LocalisedCharacterString>SerafimovValery</gmd:LocalisedCharacterString>
          </base2:individualName>
          <base2:organisationName>
            <gmd:LocalisedCharacterString>Executive Environment Agency</gmd:LocalisedCharacterString>
          </base2:organisationName>
          <base2:contact>
            <base2:Contact>
              <base2:address>
                <ad:AddressRepresentation>
                  <ad:adminUnit>
                    <gn:GeographicalName>
                      <gn:language nilReason="missing" xsi:nil="true"/>
                      <gn:nativeness nilReason="missing" xsi:nil="true"/>
                      <gn:nameStatus nilReason="missing" xsi:nil="true"/>
                      <gn:sourceOfName nilReason="missing" xsi:nil="true"/>
                      <gn:pronunciation nilReason="missing" xsi:nil="true"/>
                      <gn:spelling>
                        <gn:SpellingOfName>
                          <gn:text>136 Tzar Boris III Blvd.,1618 Sofia, Bulgaria
</gn:text>
                          <gn:script nilReason="missing" xsi:nil="true"/>
                        </gn:SpellingOfName>
                      </gn:spelling>
                    </gn:GeographicalName>
                  </ad:adminUnit>
                  <ad:locatorDesignator>Sofia</ad:locatorDesignator>
                </ad:AddressRepresentation>
              </base2:address>
              <base2:electronicMailAddress>serafimov@eea.government.bg</base2:electronicMailAddress>
              <base2:telephoneVoice>+359 2 955 98 11</base2:telephoneVoice>
              <base2:website>http://www.eea.government.bg/</base2:website>
            </base2:Contact>
          </base2:contact>
          <base2:role/>
        </base2:RelatedParty>
      </am:competentAuthority>
      <am:beginLifespanVersion>2014-12-08T09:04:29+02:00</am:beginLifespanVersion>
      <am:legalBasis xlink:href="http://rod.eionet.europa.eu/instruments/650"/>
      <aqd:zoneCode>BG0004</aqd:zoneCode>
      <aqd:aqdZoneType xlink:href="http://dd.eionet.europa.eu/vocabulary/aq/zonetype/agg"/>
      <aqd:changeDocumentation/>
      <aqd:residentPopulation>2258523</aqd:residentPopulation>
      <aqd:residentPopulationYear>
        <gml:TimeInstant gml:id="BG0004_POPULATION">
          <gml:timePosition>2013</gml:timePosition>
        </gml:TimeInstant>
      </aqd:residentPopulationYear>
      <aqd:area uom="km2">48023</aqd:area>
      <aqd:pollutants>
        <aqd:Pollutant>
          <aqd:pollutantCode xlink:href="http://dd.eionet.europa.eu/vocabulary/aq/pollutant/1"/>
          <aqd:protectionTarget xlink:href="http://dd.eionet.europa.eu/vocabulary/aq/protectiontarget/H"/>
        </aqd:Pollutant>
      </aqd:pollutants>
      <aqd:pollutants>
        <aqd:Pollutant>
          <aqd:pollutantCode xlink:href="http://dd.eionet.europa.eu/vocabulary/aq/pollutant/5"/>
          <aqd:protectionTarget xlink:href="http://dd.eionet.europa.eu/vocabulary/aq/protectiontarget/H"/>
        </aqd:Pollutant>
      </aqd:pollutants>
      <aqd:pollutants>
        <aqd:Pollutant>
          <aqd:pollutantCode xlink:href="http://dd.eionet.europa.eu/vocabulary/aq/pollutant/7"/>
          <aqd:protectionTarget xlink:href="http://dd.eionet.europa.eu/vocabulary/aq/protectiontarget/H"/>
        </aqd:Pollutant>
      </aqd:pollutants>
      <aqd:pollutants>
        <aqd:Pollutant>
          <aqd:pollutantCode xlink:href="http://dd.eionet.europa.eu/vocabulary/aq/pollutant/8"/>
          <aqd:protectionTarget xlink:href="http://dd.eionet.europa.eu/vocabulary/aq/protectiontarget/H"/>
        </aqd:Pollutant>
      </aqd:pollutants>
      <aqd:pollutants>
        <aqd:Pollutant>
          <aqd:pollutantCode xlink:href="http://dd.eionet.europa.eu/vocabulary/aq/pollutant/10"/>
          <aqd:protectionTarget xlink:href="http://dd.eionet.europa.eu/vocabulary/aq/protectiontarget/H"/>
        </aqd:Pollutant>
      </aqd:pollutants>
      <aqd:pollutants>
        <aqd:Pollutant>
          <aqd:pollutantCode xlink:href="http://dd.eionet.europa.eu/vocabulary/aq/pollutant/20"/>
          <aqd:protectionTarget xlink:href="http://dd.eionet.europa.eu/vocabulary/aq/protectiontarget/H"/>
        </aqd:Pollutant>
      </aqd:pollutants>
      <aqd:pollutants>
        <aqd:Pollutant>
          <aqd:pollutantCode xlink:href="http://dd.eionet.europa.eu/vocabulary/aq/pollutant/5015"/>
          <aqd:protectionTarget xlink:href="http://dd.eionet.europa.eu/vocabulary/aq/protectiontarget/H"/>
        </aqd:Pollutant>
      </aqd:pollutants>
      <aqd:pollutants>
        <aqd:Pollutant>
          <aqd:pollutantCode xlink:href="http://dd.eionet.europa.eu/vocabulary/aq/pollutant/5029"/>
          <aqd:protectionTarget xlink:href="http://dd.eionet.europa.eu/vocabulary/aq/protectiontarget/H"/>
        </aqd:Pollutant>
      </aqd:pollutants>
      <aqd:pollutants>
        <aqd:Pollutant>
          <aqd:pollutantCode xlink:href="http://dd.eionet.europa.eu/vocabulary/aq/pollutant/6001"/>
          <aqd:protectionTarget xlink:href="http://dd.eionet.europa.eu/vocabulary/aq/protectiontarget/H"/>
        </aqd:Pollutant>
      </aqd:pollutants>
      <aqd:timeExtensionExemption xlink:href="http://dd.eionet.europa.eu/vocabulary/aq/timeextensiontypes/none"/>
    </aqd:AQD_Zone>
  </gml:featureMember>
</gml:FeatureCollection>
